[2026-06-06T20:22:38.032-0400] {taskinstance.py:1956} INFO - Dependencies all met for dep_context=non-requeueable deps ti=<TaskInstance: flight_data_pipeline.dbt_run_all_models manual__2026-06-07T00:21:53.591277+00:00 [queued]>
[2026-06-06T20:22:38.034-0400] {taskinstance.py:1956} INFO - Dependencies all met for dep_context=requeueable deps ti=<TaskInstance: flight_data_pipeline.dbt_run_all_models manual__2026-06-07T00:21:53.591277+00:00 [queued]>
[2026-06-06T20:22:38.034-0400] {taskinstance.py:2170} INFO - Starting attempt 1 of 2
[2026-06-06T20:22:38.039-0400] {taskinstance.py:2191} INFO - Executing <Task(BashOperator): dbt_run_all_models> on 2026-06-07 00:21:53.591277+00:00
[2026-06-06T20:22:38.043-0400] {standard_task_runner.py:60} INFO - Started process 63917 to run task
[2026-06-06T20:22:38.047-0400] {standard_task_runner.py:87} INFO - Running: ['airflow', 'tasks', 'run', 'flight_data_pipeline', 'dbt_run_all_models', 'manual__2026-06-07T00:21:53.591277+00:00', '--job-id', '9', '--raw', '--subdir', 'DAGS_FOLDER/flight_pipeline.py', '--cfg-path', '/var/folders/gg/xgb_ryd93xb1k5gd7g84zns00000gn/T/tmp9n36poh0']
[2026-06-06T20:22:38.048-0400] {standard_task_runner.py:88} INFO - Job 9: Subtask dbt_run_all_models
[2026-06-06T20:22:38.070-0400] {task_command.py:423} INFO - Running <TaskInstance: flight_data_pipeline.dbt_run_all_models manual__2026-06-07T00:21:53.591277+00:00 [running]> on host nitishs-macbook-air-5.local
[2026-06-06T20:22:38.092-0400] {taskinstance.py:2480} INFO - Exporting env vars: AIRFLOW_CTX_DAG_OWNER='nitish' AIRFLOW_CTX_DAG_ID='flight_data_pipeline' AIRFLOW_CTX_TASK_ID='dbt_run_all_models' AIRFLOW_CTX_EXECUTION_DATE='2026-06-07T00:21:53.591277+00:00' AIRFLOW_CTX_TRY_NUMBER='1' AIRFLOW_CTX_DAG_RUN_ID='manual__2026-06-07T00:21:53.591277+00:00'
[2026-06-06T20:22:38.093-0400] {subprocess.py:63} INFO - Tmp dir root location: /var/folders/gg/xgb_ryd93xb1k5gd7g84zns00000gn/T
[2026-06-06T20:22:38.094-0400] {subprocess.py:75} INFO - Running command: ['/bin/bash', '-c', 'cd /Users/nitishbhattad/Desktop/flight-pipeline/dbt_project && dbt run']
[2026-06-06T20:22:38.101-0400] {subprocess.py:86} INFO - Output:
[2026-06-06T20:22:38.865-0400] {subprocess.py:93} INFO - [0m00:22:38  Running with dbt=1.8.0
[2026-06-06T20:22:38.961-0400] {subprocess.py:93} INFO - [0m00:22:38  Registered adapter: postgres=1.8.0
[2026-06-06T20:22:39.157-0400] {subprocess.py:93} INFO - [0m00:22:39  Found 5 models, 4 data tests, 1 seed, 1 source, 428 macros
[2026-06-06T20:22:39.158-0400] {subprocess.py:93} INFO - [0m00:22:39
[2026-06-06T20:22:39.289-0400] {subprocess.py:93} INFO - [0m00:22:39  Concurrency: 4 threads (target='dev')
[2026-06-06T20:22:39.289-0400] {subprocess.py:93} INFO - [0m00:22:39
[2026-06-06T20:22:39.291-0400] {subprocess.py:93} INFO - [0m00:22:39  1 of 5 START sql view model analytics_staging.stg_flights ...................... [RUN]
[2026-06-06T20:22:39.348-0400] {subprocess.py:93} INFO - [0m00:22:39  1 of 5 OK created sql view model analytics_staging.stg_flights ................. [[32mCREATE VIEW[0m in 0.06s]
[2026-06-06T20:22:39.349-0400] {subprocess.py:93} INFO - [0m00:22:39  2 of 5 START sql view model analytics_intermediate.int_flight_delays ........... [RUN]
[2026-06-06T20:22:39.371-0400] {subprocess.py:93} INFO - [0m00:22:39  2 of 5 OK created sql view model analytics_intermediate.int_flight_delays ...... [[32mCREATE VIEW[0m in 0.02s]
[2026-06-06T20:22:39.372-0400] {subprocess.py:93} INFO - [0m00:22:39  3 of 5 START sql table model analytics_marts.mart_airline_performance .......... [RUN]
[2026-06-06T20:22:39.372-0400] {subprocess.py:93} INFO - [0m00:22:39  4 of 5 START sql table model analytics_marts.mart_airport_summary .............. [RUN]
[2026-06-06T20:22:39.372-0400] {subprocess.py:93} INFO - [0m00:22:39  5 of 5 START sql table model analytics_marts.mart_route_performance ............ [RUN]
[2026-06-06T20:22:52.812-0400] {subprocess.py:93} INFO - [0m00:22:52  3 of 5 OK created sql table model analytics_marts.mart_airline_performance ..... [[32mSELECT 180[0m in 13.44s]
[2026-06-06T20:22:54.588-0400] {subprocess.py:93} INFO - [0m00:22:54  4 of 5 OK created sql table model analytics_marts.mart_airport_summary ......... [[32mSELECT 348[0m in 15.21s]
[2026-06-06T20:22:54.846-0400] {subprocess.py:93} INFO - [0m00:22:54  5 of 5 OK created sql table model analytics_marts.mart_route_performance ....... [[32mSELECT 6490[0m in 15.47s]
[2026-06-06T20:22:54.877-0400] {subprocess.py:93} INFO - [0m00:22:54
[2026-06-06T20:22:54.878-0400] {subprocess.py:93} INFO - [0m00:22:54  Finished running 2 view models, 3 table models in 0 hours 0 minutes and 15.72 seconds (15.72s).
[2026-06-06T20:22:54.962-0400] {subprocess.py:93} INFO - [0m00:22:54
[2026-06-06T20:22:54.963-0400] {subprocess.py:93} INFO - [0m00:22:54  [32mCompleted successfully[0m
[2026-06-06T20:22:54.963-0400] {subprocess.py:93} INFO - [0m00:22:54
[2026-06-06T20:22:54.963-0400] {subprocess.py:93} INFO - [0m00:22:54  Done. PASS=5 WARN=0 ERROR=0 SKIP=0 TOTAL=5
[2026-06-06T20:22:55.461-0400] {subprocess.py:97} INFO - Command exited with return code 0
[2026-06-06T20:22:55.483-0400] {taskinstance.py:1138} INFO - Marking task as SUCCESS. dag_id=flight_data_pipeline, task_id=dbt_run_all_models, execution_date=20260607T002153, start_date=20260607T002238, end_date=20260607T002255
[2026-06-06T20:22:55.499-0400] {local_task_job_runner.py:234} INFO - Task exited with return code 0
[2026-06-06T20:22:55.512-0400] {taskinstance.py:3280} INFO - 1 downstream tasks scheduled from follow-on schedule check
