[2026-06-06T20:18:20.132-0400] {processor.py:161} INFO - Started process (PID=63485) to work on /Users/nitishbhattad/Desktop/flight-pipeline/airflow/dags/flight_pipeline.py
[2026-06-06T20:18:20.132-0400] {processor.py:830} INFO - Processing file /Users/nitishbhattad/Desktop/flight-pipeline/airflow/dags/flight_pipeline.py for tasks to queue
[2026-06-06T20:18:20.132-0400] {logging_mixin.py:188} INFO - [2026-06-06T20:18:20.132-0400] {dagbag.py:538} INFO - Filling up the DagBag from /Users/nitishbhattad/Desktop/flight-pipeline/airflow/dags/flight_pipeline.py
[2026-06-06T20:18:20.655-0400] {processor.py:840} INFO - DAG(s) 'flight_data_pipeline' retrieved from /Users/nitishbhattad/Desktop/flight-pipeline/airflow/dags/flight_pipeline.py
[2026-06-06T20:18:20.851-0400] {logging_mixin.py:188} INFO - [2026-06-06T20:18:20.851-0400] {override.py:1769} INFO - Created Permission View: can read on DAG:flight_data_pipeline
[2026-06-06T20:18:20.855-0400] {logging_mixin.py:188} INFO - [2026-06-06T20:18:20.855-0400] {override.py:1769} INFO - Created Permission View: can delete on DAG:flight_data_pipeline
[2026-06-06T20:18:20.857-0400] {logging_mixin.py:188} INFO - [2026-06-06T20:18:20.857-0400] {override.py:1769} INFO - Created Permission View: can edit on DAG:flight_data_pipeline
[2026-06-06T20:18:20.857-0400] {logging_mixin.py:188} INFO - [2026-06-06T20:18:20.857-0400] {dag.py:3036} INFO - Sync 1 DAGs
[2026-06-06T20:18:20.861-0400] {logging_mixin.py:188} INFO - [2026-06-06T20:18:20.861-0400] {dag.py:3058} INFO - Creating ORM DAG for flight_data_pipeline
[2026-06-06T20:18:20.864-0400] {logging_mixin.py:188} INFO - [2026-06-06T20:18:20.864-0400] {dag.py:3823} INFO - Setting next_dagrun for flight_data_pipeline to 2026-05-01 00:00:00+00:00, run_after=2026-06-01 00:00:00+00:00
[2026-06-06T20:18:20.873-0400] {processor.py:183} INFO - Processing /Users/nitishbhattad/Desktop/flight-pipeline/airflow/dags/flight_pipeline.py took 0.743 seconds
[2026-06-06T20:19:53.934-0400] {processor.py:161} INFO - Started process (PID=63653) to work on /Users/nitishbhattad/Desktop/flight-pipeline/airflow/dags/flight_pipeline.py
[2026-06-06T20:19:53.935-0400] {processor.py:830} INFO - Processing file /Users/nitishbhattad/Desktop/flight-pipeline/airflow/dags/flight_pipeline.py for tasks to queue
[2026-06-06T20:19:53.935-0400] {logging_mixin.py:188} INFO - [2026-06-06T20:19:53.935-0400] {dagbag.py:538} INFO - Filling up the DagBag from /Users/nitishbhattad/Desktop/flight-pipeline/airflow/dags/flight_pipeline.py
[2026-06-06T20:19:54.282-0400] {processor.py:840} INFO - DAG(s) 'flight_data_pipeline' retrieved from /Users/nitishbhattad/Desktop/flight-pipeline/airflow/dags/flight_pipeline.py
[2026-06-06T20:19:54.313-0400] {logging_mixin.py:188} INFO - [2026-06-06T20:19:54.312-0400] {dag.py:3036} INFO - Sync 1 DAGs
[2026-06-06T20:19:54.319-0400] {logging_mixin.py:188} INFO - [2026-06-06T20:19:54.318-0400] {dag.py:3823} INFO - Setting next_dagrun for flight_data_pipeline to 2026-05-01 00:00:00+00:00, run_after=2026-06-01 00:00:00+00:00
[2026-06-06T20:19:54.326-0400] {processor.py:183} INFO - Processing /Users/nitishbhattad/Desktop/flight-pipeline/airflow/dags/flight_pipeline.py took 0.393 seconds
[2026-06-06T20:20:56.471-0400] {processor.py:161} INFO - Started process (PID=63749) to work on /Users/nitishbhattad/Desktop/flight-pipeline/airflow/dags/flight_pipeline.py
[2026-06-06T20:20:56.472-0400] {processor.py:830} INFO - Processing file /Users/nitishbhattad/Desktop/flight-pipeline/airflow/dags/flight_pipeline.py for tasks to queue
[2026-06-06T20:20:56.472-0400] {logging_mixin.py:188} INFO - [2026-06-06T20:20:56.472-0400] {dagbag.py:538} INFO - Filling up the DagBag from /Users/nitishbhattad/Desktop/flight-pipeline/airflow/dags/flight_pipeline.py
[2026-06-06T20:20:56.790-0400] {processor.py:840} INFO - DAG(s) 'flight_data_pipeline' retrieved from /Users/nitishbhattad/Desktop/flight-pipeline/airflow/dags/flight_pipeline.py
[2026-06-06T20:20:56.823-0400] {logging_mixin.py:188} INFO - [2026-06-06T20:20:56.823-0400] {dag.py:3036} INFO - Sync 1 DAGs
[2026-06-06T20:20:56.830-0400] {logging_mixin.py:188} INFO - [2026-06-06T20:20:56.830-0400] {dag.py:3823} INFO - Setting next_dagrun for flight_data_pipeline to 2026-05-01 00:00:00+00:00, run_after=2026-06-01 00:00:00+00:00
[2026-06-06T20:20:56.838-0400] {processor.py:183} INFO - Processing /Users/nitishbhattad/Desktop/flight-pipeline/airflow/dags/flight_pipeline.py took 0.367 seconds
[2026-06-06T20:22:08.498-0400] {processor.py:161} INFO - Started process (PID=63856) to work on /Users/nitishbhattad/Desktop/flight-pipeline/airflow/dags/flight_pipeline.py
[2026-06-06T20:22:08.501-0400] {processor.py:830} INFO - Processing file /Users/nitishbhattad/Desktop/flight-pipeline/airflow/dags/flight_pipeline.py for tasks to queue
[2026-06-06T20:22:08.502-0400] {logging_mixin.py:188} INFO - [2026-06-06T20:22:08.502-0400] {dagbag.py:538} INFO - Filling up the DagBag from /Users/nitishbhattad/Desktop/flight-pipeline/airflow/dags/flight_pipeline.py
[2026-06-06T20:22:08.715-0400] {processor.py:840} INFO - DAG(s) 'flight_data_pipeline' retrieved from /Users/nitishbhattad/Desktop/flight-pipeline/airflow/dags/flight_pipeline.py
[2026-06-06T20:22:08.750-0400] {logging_mixin.py:188} INFO - [2026-06-06T20:22:08.750-0400] {dag.py:3036} INFO - Sync 1 DAGs
[2026-06-06T20:22:08.757-0400] {logging_mixin.py:188} INFO - [2026-06-06T20:22:08.757-0400] {dag.py:3823} INFO - Setting next_dagrun for flight_data_pipeline to 2026-06-01 00:00:00+00:00, run_after=2026-07-01 00:00:00+00:00
[2026-06-06T20:22:08.767-0400] {processor.py:183} INFO - Processing /Users/nitishbhattad/Desktop/flight-pipeline/airflow/dags/flight_pipeline.py took 0.270 seconds
[2026-06-06T20:24:21.965-0400] {processor.py:161} INFO - Started process (PID=64092) to work on /Users/nitishbhattad/Desktop/flight-pipeline/airflow/dags/flight_pipeline.py
[2026-06-06T20:24:21.966-0400] {processor.py:830} INFO - Processing file /Users/nitishbhattad/Desktop/flight-pipeline/airflow/dags/flight_pipeline.py for tasks to queue
[2026-06-06T20:24:21.966-0400] {logging_mixin.py:188} INFO - [2026-06-06T20:24:21.966-0400] {dagbag.py:538} INFO - Filling up the DagBag from /Users/nitishbhattad/Desktop/flight-pipeline/airflow/dags/flight_pipeline.py
[2026-06-06T20:24:22.291-0400] {processor.py:840} INFO - DAG(s) 'flight_data_pipeline' retrieved from /Users/nitishbhattad/Desktop/flight-pipeline/airflow/dags/flight_pipeline.py
[2026-06-06T20:24:22.327-0400] {logging_mixin.py:188} INFO - [2026-06-06T20:24:22.327-0400] {dag.py:3036} INFO - Sync 1 DAGs
[2026-06-06T20:24:22.334-0400] {logging_mixin.py:188} INFO - [2026-06-06T20:24:22.334-0400] {dag.py:3823} INFO - Setting next_dagrun for flight_data_pipeline to 2026-06-01 00:00:00+00:00, run_after=2026-07-01 00:00:00+00:00
[2026-06-06T20:24:22.343-0400] {processor.py:183} INFO - Processing /Users/nitishbhattad/Desktop/flight-pipeline/airflow/dags/flight_pipeline.py took 0.378 seconds
[2026-06-06T20:25:26.126-0400] {processor.py:161} INFO - Started process (PID=64198) to work on /Users/nitishbhattad/Desktop/flight-pipeline/airflow/dags/flight_pipeline.py
[2026-06-06T20:25:26.126-0400] {processor.py:830} INFO - Processing file /Users/nitishbhattad/Desktop/flight-pipeline/airflow/dags/flight_pipeline.py for tasks to queue
[2026-06-06T20:25:26.127-0400] {logging_mixin.py:188} INFO - [2026-06-06T20:25:26.127-0400] {dagbag.py:538} INFO - Filling up the DagBag from /Users/nitishbhattad/Desktop/flight-pipeline/airflow/dags/flight_pipeline.py
[2026-06-06T20:25:26.437-0400] {processor.py:840} INFO - DAG(s) 'flight_data_pipeline' retrieved from /Users/nitishbhattad/Desktop/flight-pipeline/airflow/dags/flight_pipeline.py
[2026-06-06T20:25:26.472-0400] {logging_mixin.py:188} INFO - [2026-06-06T20:25:26.472-0400] {dag.py:3036} INFO - Sync 1 DAGs
[2026-06-06T20:25:26.479-0400] {logging_mixin.py:188} INFO - [2026-06-06T20:25:26.479-0400] {dag.py:3823} INFO - Setting next_dagrun for flight_data_pipeline to 2026-06-01 00:00:00+00:00, run_after=2026-07-01 00:00:00+00:00
[2026-06-06T20:25:26.488-0400] {processor.py:183} INFO - Processing /Users/nitishbhattad/Desktop/flight-pipeline/airflow/dags/flight_pipeline.py took 0.363 seconds
[2026-06-06T20:26:36.183-0400] {processor.py:161} INFO - Started process (PID=64314) to work on /Users/nitishbhattad/Desktop/flight-pipeline/airflow/dags/flight_pipeline.py
[2026-06-06T20:26:36.185-0400] {processor.py:830} INFO - Processing file /Users/nitishbhattad/Desktop/flight-pipeline/airflow/dags/flight_pipeline.py for tasks to queue
[2026-06-06T20:26:36.185-0400] {logging_mixin.py:188} INFO - [2026-06-06T20:26:36.185-0400] {dagbag.py:538} INFO - Filling up the DagBag from /Users/nitishbhattad/Desktop/flight-pipeline/airflow/dags/flight_pipeline.py
[2026-06-06T20:26:36.505-0400] {processor.py:840} INFO - DAG(s) 'flight_data_pipeline' retrieved from /Users/nitishbhattad/Desktop/flight-pipeline/airflow/dags/flight_pipeline.py
[2026-06-06T20:26:36.535-0400] {logging_mixin.py:188} INFO - [2026-06-06T20:26:36.535-0400] {dag.py:3036} INFO - Sync 1 DAGs
[2026-06-06T20:26:36.542-0400] {logging_mixin.py:188} INFO - [2026-06-06T20:26:36.542-0400] {dag.py:3823} INFO - Setting next_dagrun for flight_data_pipeline to 2026-06-01 00:00:00+00:00, run_after=2026-07-01 00:00:00+00:00
[2026-06-06T20:26:36.550-0400] {processor.py:183} INFO - Processing /Users/nitishbhattad/Desktop/flight-pipeline/airflow/dags/flight_pipeline.py took 0.368 seconds
[2026-06-06T20:27:40.423-0400] {processor.py:161} INFO - Started process (PID=64420) to work on /Users/nitishbhattad/Desktop/flight-pipeline/airflow/dags/flight_pipeline.py
[2026-06-06T20:27:40.424-0400] {processor.py:830} INFO - Processing file /Users/nitishbhattad/Desktop/flight-pipeline/airflow/dags/flight_pipeline.py for tasks to queue
[2026-06-06T20:27:40.424-0400] {logging_mixin.py:188} INFO - [2026-06-06T20:27:40.424-0400] {dagbag.py:538} INFO - Filling up the DagBag from /Users/nitishbhattad/Desktop/flight-pipeline/airflow/dags/flight_pipeline.py
[2026-06-06T20:27:40.846-0400] {processor.py:840} INFO - DAG(s) 'flight_data_pipeline' retrieved from /Users/nitishbhattad/Desktop/flight-pipeline/airflow/dags/flight_pipeline.py
[2026-06-06T20:27:40.895-0400] {logging_mixin.py:188} INFO - [2026-06-06T20:27:40.895-0400] {dag.py:3036} INFO - Sync 1 DAGs
[2026-06-06T20:27:40.904-0400] {logging_mixin.py:188} INFO - [2026-06-06T20:27:40.904-0400] {dag.py:3823} INFO - Setting next_dagrun for flight_data_pipeline to 2026-06-01 00:00:00+00:00, run_after=2026-07-01 00:00:00+00:00
[2026-06-06T20:27:40.917-0400] {processor.py:183} INFO - Processing /Users/nitishbhattad/Desktop/flight-pipeline/airflow/dags/flight_pipeline.py took 0.495 seconds
[2026-06-06T20:28:43.218-0400] {processor.py:161} INFO - Started process (PID=64515) to work on /Users/nitishbhattad/Desktop/flight-pipeline/airflow/dags/flight_pipeline.py
[2026-06-06T20:28:43.219-0400] {processor.py:830} INFO - Processing file /Users/nitishbhattad/Desktop/flight-pipeline/airflow/dags/flight_pipeline.py for tasks to queue
[2026-06-06T20:28:43.219-0400] {logging_mixin.py:188} INFO - [2026-06-06T20:28:43.219-0400] {dagbag.py:538} INFO - Filling up the DagBag from /Users/nitishbhattad/Desktop/flight-pipeline/airflow/dags/flight_pipeline.py
[2026-06-06T20:28:43.552-0400] {processor.py:840} INFO - DAG(s) 'flight_data_pipeline' retrieved from /Users/nitishbhattad/Desktop/flight-pipeline/airflow/dags/flight_pipeline.py
[2026-06-06T20:28:43.585-0400] {logging_mixin.py:188} INFO - [2026-06-06T20:28:43.585-0400] {dag.py:3036} INFO - Sync 1 DAGs
[2026-06-06T20:28:43.594-0400] {logging_mixin.py:188} INFO - [2026-06-06T20:28:43.594-0400] {dag.py:3823} INFO - Setting next_dagrun for flight_data_pipeline to 2026-06-01 00:00:00+00:00, run_after=2026-07-01 00:00:00+00:00
[2026-06-06T20:28:43.606-0400] {processor.py:183} INFO - Processing /Users/nitishbhattad/Desktop/flight-pipeline/airflow/dags/flight_pipeline.py took 0.388 seconds
[2026-06-06T20:29:40.211-0400] {processor.py:161} INFO - Started process (PID=64600) to work on /Users/nitishbhattad/Desktop/flight-pipeline/airflow/dags/flight_pipeline.py
[2026-06-06T20:29:40.212-0400] {processor.py:830} INFO - Processing file /Users/nitishbhattad/Desktop/flight-pipeline/airflow/dags/flight_pipeline.py for tasks to queue
[2026-06-06T20:29:40.213-0400] {logging_mixin.py:188} INFO - [2026-06-06T20:29:40.213-0400] {dagbag.py:538} INFO - Filling up the DagBag from /Users/nitishbhattad/Desktop/flight-pipeline/airflow/dags/flight_pipeline.py
[2026-06-06T20:29:40.524-0400] {processor.py:840} INFO - DAG(s) 'flight_data_pipeline' retrieved from /Users/nitishbhattad/Desktop/flight-pipeline/airflow/dags/flight_pipeline.py
[2026-06-06T20:29:40.557-0400] {logging_mixin.py:188} INFO - [2026-06-06T20:29:40.557-0400] {dag.py:3036} INFO - Sync 1 DAGs
[2026-06-06T20:29:40.564-0400] {logging_mixin.py:188} INFO - [2026-06-06T20:29:40.564-0400] {dag.py:3823} INFO - Setting next_dagrun for flight_data_pipeline to 2026-06-01 00:00:00+00:00, run_after=2026-07-01 00:00:00+00:00
[2026-06-06T20:29:40.572-0400] {processor.py:183} INFO - Processing /Users/nitishbhattad/Desktop/flight-pipeline/airflow/dags/flight_pipeline.py took 0.362 seconds
[2026-06-06T20:30:51.315-0400] {processor.py:161} INFO - Started process (PID=64714) to work on /Users/nitishbhattad/Desktop/flight-pipeline/airflow/dags/flight_pipeline.py
[2026-06-06T20:30:51.316-0400] {processor.py:830} INFO - Processing file /Users/nitishbhattad/Desktop/flight-pipeline/airflow/dags/flight_pipeline.py for tasks to queue
[2026-06-06T20:30:51.316-0400] {logging_mixin.py:188} INFO - [2026-06-06T20:30:51.316-0400] {dagbag.py:538} INFO - Filling up the DagBag from /Users/nitishbhattad/Desktop/flight-pipeline/airflow/dags/flight_pipeline.py
[2026-06-06T20:30:51.809-0400] {processor.py:840} INFO - DAG(s) 'flight_data_pipeline' retrieved from /Users/nitishbhattad/Desktop/flight-pipeline/airflow/dags/flight_pipeline.py
[2026-06-06T20:30:51.857-0400] {logging_mixin.py:188} INFO - [2026-06-06T20:30:51.857-0400] {dag.py:3036} INFO - Sync 1 DAGs
[2026-06-06T20:30:51.867-0400] {logging_mixin.py:188} INFO - [2026-06-06T20:30:51.867-0400] {dag.py:3823} INFO - Setting next_dagrun for flight_data_pipeline to 2026-06-01 00:00:00+00:00, run_after=2026-07-01 00:00:00+00:00
[2026-06-06T20:30:51.880-0400] {processor.py:183} INFO - Processing /Users/nitishbhattad/Desktop/flight-pipeline/airflow/dags/flight_pipeline.py took 0.566 seconds
[2026-06-06T20:32:09.307-0400] {processor.py:161} INFO - Started process (PID=64824) to work on /Users/nitishbhattad/Desktop/flight-pipeline/airflow/dags/flight_pipeline.py
[2026-06-06T20:32:09.308-0400] {processor.py:830} INFO - Processing file /Users/nitishbhattad/Desktop/flight-pipeline/airflow/dags/flight_pipeline.py for tasks to queue
[2026-06-06T20:32:09.308-0400] {logging_mixin.py:188} INFO - [2026-06-06T20:32:09.308-0400] {dagbag.py:538} INFO - Filling up the DagBag from /Users/nitishbhattad/Desktop/flight-pipeline/airflow/dags/flight_pipeline.py
[2026-06-06T20:32:09.620-0400] {processor.py:840} INFO - DAG(s) 'flight_data_pipeline' retrieved from /Users/nitishbhattad/Desktop/flight-pipeline/airflow/dags/flight_pipeline.py
[2026-06-06T20:32:09.651-0400] {logging_mixin.py:188} INFO - [2026-06-06T20:32:09.651-0400] {dag.py:3036} INFO - Sync 1 DAGs
[2026-06-06T20:32:09.658-0400] {logging_mixin.py:188} INFO - [2026-06-06T20:32:09.658-0400] {dag.py:3823} INFO - Setting next_dagrun for flight_data_pipeline to 2026-06-01 00:00:00+00:00, run_after=2026-07-01 00:00:00+00:00
[2026-06-06T20:32:09.665-0400] {processor.py:183} INFO - Processing /Users/nitishbhattad/Desktop/flight-pipeline/airflow/dags/flight_pipeline.py took 0.359 seconds
[2026-06-06T20:33:13.419-0400] {processor.py:161} INFO - Started process (PID=64912) to work on /Users/nitishbhattad/Desktop/flight-pipeline/airflow/dags/flight_pipeline.py
[2026-06-06T20:33:13.420-0400] {processor.py:830} INFO - Processing file /Users/nitishbhattad/Desktop/flight-pipeline/airflow/dags/flight_pipeline.py for tasks to queue
[2026-06-06T20:33:13.421-0400] {logging_mixin.py:188} INFO - [2026-06-06T20:33:13.421-0400] {dagbag.py:538} INFO - Filling up the DagBag from /Users/nitishbhattad/Desktop/flight-pipeline/airflow/dags/flight_pipeline.py
[2026-06-06T20:33:13.746-0400] {processor.py:840} INFO - DAG(s) 'flight_data_pipeline' retrieved from /Users/nitishbhattad/Desktop/flight-pipeline/airflow/dags/flight_pipeline.py
[2026-06-06T20:33:13.775-0400] {logging_mixin.py:188} INFO - [2026-06-06T20:33:13.775-0400] {dag.py:3036} INFO - Sync 1 DAGs
[2026-06-06T20:33:13.781-0400] {logging_mixin.py:188} INFO - [2026-06-06T20:33:13.781-0400] {dag.py:3823} INFO - Setting next_dagrun for flight_data_pipeline to 2026-06-01 00:00:00+00:00, run_after=2026-07-01 00:00:00+00:00
[2026-06-06T20:33:13.789-0400] {processor.py:183} INFO - Processing /Users/nitishbhattad/Desktop/flight-pipeline/airflow/dags/flight_pipeline.py took 0.370 seconds
[2026-06-06T20:34:14.846-0400] {processor.py:161} INFO - Started process (PID=65005) to work on /Users/nitishbhattad/Desktop/flight-pipeline/airflow/dags/flight_pipeline.py
[2026-06-06T20:34:14.847-0400] {processor.py:830} INFO - Processing file /Users/nitishbhattad/Desktop/flight-pipeline/airflow/dags/flight_pipeline.py for tasks to queue
[2026-06-06T20:34:14.847-0400] {logging_mixin.py:188} INFO - [2026-06-06T20:34:14.847-0400] {dagbag.py:538} INFO - Filling up the DagBag from /Users/nitishbhattad/Desktop/flight-pipeline/airflow/dags/flight_pipeline.py
[2026-06-06T20:34:15.236-0400] {processor.py:840} INFO - DAG(s) 'flight_data_pipeline' retrieved from /Users/nitishbhattad/Desktop/flight-pipeline/airflow/dags/flight_pipeline.py
[2026-06-06T20:34:15.293-0400] {logging_mixin.py:188} INFO - [2026-06-06T20:34:15.293-0400] {dag.py:3036} INFO - Sync 1 DAGs
[2026-06-06T20:34:15.303-0400] {logging_mixin.py:188} INFO - [2026-06-06T20:34:15.302-0400] {dag.py:3823} INFO - Setting next_dagrun for flight_data_pipeline to 2026-06-01 00:00:00+00:00, run_after=2026-07-01 00:00:00+00:00
[2026-06-06T20:34:15.313-0400] {processor.py:183} INFO - Processing /Users/nitishbhattad/Desktop/flight-pipeline/airflow/dags/flight_pipeline.py took 0.468 seconds
[2026-06-06T20:35:12.222-0400] {processor.py:161} INFO - Started process (PID=65097) to work on /Users/nitishbhattad/Desktop/flight-pipeline/airflow/dags/flight_pipeline.py
[2026-06-06T20:35:12.223-0400] {processor.py:830} INFO - Processing file /Users/nitishbhattad/Desktop/flight-pipeline/airflow/dags/flight_pipeline.py for tasks to queue
[2026-06-06T20:35:12.223-0400] {logging_mixin.py:188} INFO - [2026-06-06T20:35:12.223-0400] {dagbag.py:538} INFO - Filling up the DagBag from /Users/nitishbhattad/Desktop/flight-pipeline/airflow/dags/flight_pipeline.py
[2026-06-06T20:35:12.577-0400] {processor.py:840} INFO - DAG(s) 'flight_data_pipeline' retrieved from /Users/nitishbhattad/Desktop/flight-pipeline/airflow/dags/flight_pipeline.py
[2026-06-06T20:35:12.609-0400] {logging_mixin.py:188} INFO - [2026-06-06T20:35:12.609-0400] {dag.py:3036} INFO - Sync 1 DAGs
[2026-06-06T20:35:12.616-0400] {logging_mixin.py:188} INFO - [2026-06-06T20:35:12.615-0400] {dag.py:3823} INFO - Setting next_dagrun for flight_data_pipeline to 2026-06-01 00:00:00+00:00, run_after=2026-07-01 00:00:00+00:00
[2026-06-06T20:35:12.623-0400] {processor.py:183} INFO - Processing /Users/nitishbhattad/Desktop/flight-pipeline/airflow/dags/flight_pipeline.py took 0.401 seconds
[2026-06-06T20:36:13.241-0400] {processor.py:161} INFO - Started process (PID=65185) to work on /Users/nitishbhattad/Desktop/flight-pipeline/airflow/dags/flight_pipeline.py
[2026-06-06T20:36:13.242-0400] {processor.py:830} INFO - Processing file /Users/nitishbhattad/Desktop/flight-pipeline/airflow/dags/flight_pipeline.py for tasks to queue
[2026-06-06T20:36:13.242-0400] {logging_mixin.py:188} INFO - [2026-06-06T20:36:13.242-0400] {dagbag.py:538} INFO - Filling up the DagBag from /Users/nitishbhattad/Desktop/flight-pipeline/airflow/dags/flight_pipeline.py
[2026-06-06T20:36:13.607-0400] {processor.py:840} INFO - DAG(s) 'flight_data_pipeline' retrieved from /Users/nitishbhattad/Desktop/flight-pipeline/airflow/dags/flight_pipeline.py
[2026-06-06T20:36:13.645-0400] {logging_mixin.py:188} INFO - [2026-06-06T20:36:13.645-0400] {dag.py:3036} INFO - Sync 1 DAGs
[2026-06-06T20:36:13.653-0400] {logging_mixin.py:188} INFO - [2026-06-06T20:36:13.653-0400] {dag.py:3823} INFO - Setting next_dagrun for flight_data_pipeline to 2026-06-01 00:00:00+00:00, run_after=2026-07-01 00:00:00+00:00
[2026-06-06T20:36:13.663-0400] {processor.py:183} INFO - Processing /Users/nitishbhattad/Desktop/flight-pipeline/airflow/dags/flight_pipeline.py took 0.422 seconds
[2026-06-06T20:37:20.157-0400] {processor.py:161} INFO - Started process (PID=65295) to work on /Users/nitishbhattad/Desktop/flight-pipeline/airflow/dags/flight_pipeline.py
[2026-06-06T20:37:20.157-0400] {processor.py:830} INFO - Processing file /Users/nitishbhattad/Desktop/flight-pipeline/airflow/dags/flight_pipeline.py for tasks to queue
[2026-06-06T20:37:20.158-0400] {logging_mixin.py:188} INFO - [2026-06-06T20:37:20.158-0400] {dagbag.py:538} INFO - Filling up the DagBag from /Users/nitishbhattad/Desktop/flight-pipeline/airflow/dags/flight_pipeline.py
[2026-06-06T20:37:20.509-0400] {processor.py:840} INFO - DAG(s) 'flight_data_pipeline' retrieved from /Users/nitishbhattad/Desktop/flight-pipeline/airflow/dags/flight_pipeline.py
[2026-06-06T20:37:20.540-0400] {logging_mixin.py:188} INFO - [2026-06-06T20:37:20.540-0400] {dag.py:3036} INFO - Sync 1 DAGs
[2026-06-06T20:37:20.547-0400] {logging_mixin.py:188} INFO - [2026-06-06T20:37:20.547-0400] {dag.py:3823} INFO - Setting next_dagrun for flight_data_pipeline to 2026-06-01 00:00:00+00:00, run_after=2026-07-01 00:00:00+00:00
[2026-06-06T20:37:20.555-0400] {processor.py:183} INFO - Processing /Users/nitishbhattad/Desktop/flight-pipeline/airflow/dags/flight_pipeline.py took 0.400 seconds
[2026-06-06T20:38:24.662-0400] {processor.py:161} INFO - Started process (PID=65386) to work on /Users/nitishbhattad/Desktop/flight-pipeline/airflow/dags/flight_pipeline.py
[2026-06-06T20:38:24.663-0400] {processor.py:830} INFO - Processing file /Users/nitishbhattad/Desktop/flight-pipeline/airflow/dags/flight_pipeline.py for tasks to queue
[2026-06-06T20:38:24.664-0400] {logging_mixin.py:188} INFO - [2026-06-06T20:38:24.663-0400] {dagbag.py:538} INFO - Filling up the DagBag from /Users/nitishbhattad/Desktop/flight-pipeline/airflow/dags/flight_pipeline.py
[2026-06-06T20:38:24.975-0400] {processor.py:840} INFO - DAG(s) 'flight_data_pipeline' retrieved from /Users/nitishbhattad/Desktop/flight-pipeline/airflow/dags/flight_pipeline.py
[2026-06-06T20:38:25.006-0400] {logging_mixin.py:188} INFO - [2026-06-06T20:38:25.006-0400] {dag.py:3036} INFO - Sync 1 DAGs
[2026-06-06T20:38:25.012-0400] {logging_mixin.py:188} INFO - [2026-06-06T20:38:25.012-0400] {dag.py:3823} INFO - Setting next_dagrun for flight_data_pipeline to 2026-06-01 00:00:00+00:00, run_after=2026-07-01 00:00:00+00:00
[2026-06-06T20:38:25.019-0400] {processor.py:183} INFO - Processing /Users/nitishbhattad/Desktop/flight-pipeline/airflow/dags/flight_pipeline.py took 0.358 seconds
[2026-06-06T20:39:25.493-0400] {processor.py:161} INFO - Started process (PID=65477) to work on /Users/nitishbhattad/Desktop/flight-pipeline/airflow/dags/flight_pipeline.py
[2026-06-06T20:39:25.494-0400] {processor.py:830} INFO - Processing file /Users/nitishbhattad/Desktop/flight-pipeline/airflow/dags/flight_pipeline.py for tasks to queue
[2026-06-06T20:39:25.494-0400] {logging_mixin.py:188} INFO - [2026-06-06T20:39:25.494-0400] {dagbag.py:538} INFO - Filling up the DagBag from /Users/nitishbhattad/Desktop/flight-pipeline/airflow/dags/flight_pipeline.py
[2026-06-06T20:39:25.782-0400] {processor.py:840} INFO - DAG(s) 'flight_data_pipeline' retrieved from /Users/nitishbhattad/Desktop/flight-pipeline/airflow/dags/flight_pipeline.py
[2026-06-06T20:39:25.813-0400] {logging_mixin.py:188} INFO - [2026-06-06T20:39:25.813-0400] {dag.py:3036} INFO - Sync 1 DAGs
[2026-06-06T20:39:25.819-0400] {logging_mixin.py:188} INFO - [2026-06-06T20:39:25.819-0400] {dag.py:3823} INFO - Setting next_dagrun for flight_data_pipeline to 2026-06-01 00:00:00+00:00, run_after=2026-07-01 00:00:00+00:00
[2026-06-06T20:39:25.827-0400] {processor.py:183} INFO - Processing /Users/nitishbhattad/Desktop/flight-pipeline/airflow/dags/flight_pipeline.py took 0.334 seconds
[2026-06-06T20:40:30.910-0400] {processor.py:161} INFO - Started process (PID=65633) to work on /Users/nitishbhattad/Desktop/flight-pipeline/airflow/dags/flight_pipeline.py
[2026-06-06T20:40:30.912-0400] {processor.py:830} INFO - Processing file /Users/nitishbhattad/Desktop/flight-pipeline/airflow/dags/flight_pipeline.py for tasks to queue
[2026-06-06T20:40:30.912-0400] {logging_mixin.py:188} INFO - [2026-06-06T20:40:30.912-0400] {dagbag.py:538} INFO - Filling up the DagBag from /Users/nitishbhattad/Desktop/flight-pipeline/airflow/dags/flight_pipeline.py
[2026-06-06T20:40:31.268-0400] {processor.py:840} INFO - DAG(s) 'flight_data_pipeline' retrieved from /Users/nitishbhattad/Desktop/flight-pipeline/airflow/dags/flight_pipeline.py
[2026-06-06T20:40:31.300-0400] {logging_mixin.py:188} INFO - [2026-06-06T20:40:31.300-0400] {dag.py:3036} INFO - Sync 1 DAGs
[2026-06-06T20:40:31.307-0400] {logging_mixin.py:188} INFO - [2026-06-06T20:40:31.307-0400] {dag.py:3823} INFO - Setting next_dagrun for flight_data_pipeline to 2026-06-01 00:00:00+00:00, run_after=2026-07-01 00:00:00+00:00
[2026-06-06T20:40:31.315-0400] {processor.py:183} INFO - Processing /Users/nitishbhattad/Desktop/flight-pipeline/airflow/dags/flight_pipeline.py took 0.406 seconds
[2026-06-06T20:41:37.429-0400] {processor.py:161} INFO - Started process (PID=65740) to work on /Users/nitishbhattad/Desktop/flight-pipeline/airflow/dags/flight_pipeline.py
[2026-06-06T20:41:37.431-0400] {processor.py:830} INFO - Processing file /Users/nitishbhattad/Desktop/flight-pipeline/airflow/dags/flight_pipeline.py for tasks to queue
[2026-06-06T20:41:37.432-0400] {logging_mixin.py:188} INFO - [2026-06-06T20:41:37.431-0400] {dagbag.py:538} INFO - Filling up the DagBag from /Users/nitishbhattad/Desktop/flight-pipeline/airflow/dags/flight_pipeline.py
[2026-06-06T20:41:37.799-0400] {processor.py:840} INFO - DAG(s) 'flight_data_pipeline' retrieved from /Users/nitishbhattad/Desktop/flight-pipeline/airflow/dags/flight_pipeline.py
[2026-06-06T20:41:37.838-0400] {logging_mixin.py:188} INFO - [2026-06-06T20:41:37.838-0400] {dag.py:3036} INFO - Sync 1 DAGs
[2026-06-06T20:41:37.846-0400] {logging_mixin.py:188} INFO - [2026-06-06T20:41:37.846-0400] {dag.py:3823} INFO - Setting next_dagrun for flight_data_pipeline to 2026-06-01 00:00:00+00:00, run_after=2026-07-01 00:00:00+00:00
[2026-06-06T20:41:37.854-0400] {processor.py:183} INFO - Processing /Users/nitishbhattad/Desktop/flight-pipeline/airflow/dags/flight_pipeline.py took 0.427 seconds
[2026-06-06T20:42:35.368-0400] {processor.py:161} INFO - Started process (PID=65828) to work on /Users/nitishbhattad/Desktop/flight-pipeline/airflow/dags/flight_pipeline.py
[2026-06-06T20:42:35.369-0400] {processor.py:830} INFO - Processing file /Users/nitishbhattad/Desktop/flight-pipeline/airflow/dags/flight_pipeline.py for tasks to queue
[2026-06-06T20:42:35.369-0400] {logging_mixin.py:188} INFO - [2026-06-06T20:42:35.369-0400] {dagbag.py:538} INFO - Filling up the DagBag from /Users/nitishbhattad/Desktop/flight-pipeline/airflow/dags/flight_pipeline.py
[2026-06-06T20:42:35.700-0400] {processor.py:840} INFO - DAG(s) 'flight_data_pipeline' retrieved from /Users/nitishbhattad/Desktop/flight-pipeline/airflow/dags/flight_pipeline.py
[2026-06-06T20:42:35.734-0400] {logging_mixin.py:188} INFO - [2026-06-06T20:42:35.734-0400] {dag.py:3036} INFO - Sync 1 DAGs
[2026-06-06T20:42:35.742-0400] {logging_mixin.py:188} INFO - [2026-06-06T20:42:35.742-0400] {dag.py:3823} INFO - Setting next_dagrun for flight_data_pipeline to 2026-06-01 00:00:00+00:00, run_after=2026-07-01 00:00:00+00:00
[2026-06-06T20:42:35.750-0400] {processor.py:183} INFO - Processing /Users/nitishbhattad/Desktop/flight-pipeline/airflow/dags/flight_pipeline.py took 0.383 seconds
[2026-06-06T20:43:35.796-0400] {processor.py:161} INFO - Started process (PID=65916) to work on /Users/nitishbhattad/Desktop/flight-pipeline/airflow/dags/flight_pipeline.py
[2026-06-06T20:43:35.796-0400] {processor.py:830} INFO - Processing file /Users/nitishbhattad/Desktop/flight-pipeline/airflow/dags/flight_pipeline.py for tasks to queue
[2026-06-06T20:43:35.797-0400] {logging_mixin.py:188} INFO - [2026-06-06T20:43:35.797-0400] {dagbag.py:538} INFO - Filling up the DagBag from /Users/nitishbhattad/Desktop/flight-pipeline/airflow/dags/flight_pipeline.py
[2026-06-06T20:43:36.141-0400] {processor.py:840} INFO - DAG(s) 'flight_data_pipeline' retrieved from /Users/nitishbhattad/Desktop/flight-pipeline/airflow/dags/flight_pipeline.py
[2026-06-06T20:43:36.170-0400] {logging_mixin.py:188} INFO - [2026-06-06T20:43:36.170-0400] {dag.py:3036} INFO - Sync 1 DAGs
[2026-06-06T20:43:36.177-0400] {logging_mixin.py:188} INFO - [2026-06-06T20:43:36.177-0400] {dag.py:3823} INFO - Setting next_dagrun for flight_data_pipeline to 2026-06-01 00:00:00+00:00, run_after=2026-07-01 00:00:00+00:00
[2026-06-06T20:43:36.185-0400] {processor.py:183} INFO - Processing /Users/nitishbhattad/Desktop/flight-pipeline/airflow/dags/flight_pipeline.py took 0.390 seconds
[2026-06-06T20:44:40.577-0400] {processor.py:161} INFO - Started process (PID=66013) to work on /Users/nitishbhattad/Desktop/flight-pipeline/airflow/dags/flight_pipeline.py
[2026-06-06T20:44:40.579-0400] {processor.py:830} INFO - Processing file /Users/nitishbhattad/Desktop/flight-pipeline/airflow/dags/flight_pipeline.py for tasks to queue
[2026-06-06T20:44:40.579-0400] {logging_mixin.py:188} INFO - [2026-06-06T20:44:40.579-0400] {dagbag.py:538} INFO - Filling up the DagBag from /Users/nitishbhattad/Desktop/flight-pipeline/airflow/dags/flight_pipeline.py
[2026-06-06T20:44:40.879-0400] {processor.py:840} INFO - DAG(s) 'flight_data_pipeline' retrieved from /Users/nitishbhattad/Desktop/flight-pipeline/airflow/dags/flight_pipeline.py
[2026-06-06T20:44:40.911-0400] {logging_mixin.py:188} INFO - [2026-06-06T20:44:40.911-0400] {dag.py:3036} INFO - Sync 1 DAGs
[2026-06-06T20:44:40.918-0400] {logging_mixin.py:188} INFO - [2026-06-06T20:44:40.918-0400] {dag.py:3823} INFO - Setting next_dagrun for flight_data_pipeline to 2026-06-01 00:00:00+00:00, run_after=2026-07-01 00:00:00+00:00
[2026-06-06T20:44:40.926-0400] {processor.py:183} INFO - Processing /Users/nitishbhattad/Desktop/flight-pipeline/airflow/dags/flight_pipeline.py took 0.349 seconds
[2026-06-06T20:45:41.909-0400] {processor.py:161} INFO - Started process (PID=66101) to work on /Users/nitishbhattad/Desktop/flight-pipeline/airflow/dags/flight_pipeline.py
[2026-06-06T20:45:41.910-0400] {processor.py:830} INFO - Processing file /Users/nitishbhattad/Desktop/flight-pipeline/airflow/dags/flight_pipeline.py for tasks to queue
[2026-06-06T20:45:41.911-0400] {logging_mixin.py:188} INFO - [2026-06-06T20:45:41.911-0400] {dagbag.py:538} INFO - Filling up the DagBag from /Users/nitishbhattad/Desktop/flight-pipeline/airflow/dags/flight_pipeline.py
[2026-06-06T20:45:42.261-0400] {processor.py:840} INFO - DAG(s) 'flight_data_pipeline' retrieved from /Users/nitishbhattad/Desktop/flight-pipeline/airflow/dags/flight_pipeline.py
[2026-06-06T20:45:42.307-0400] {logging_mixin.py:188} INFO - [2026-06-06T20:45:42.307-0400] {dag.py:3036} INFO - Sync 1 DAGs
[2026-06-06T20:45:42.321-0400] {logging_mixin.py:188} INFO - [2026-06-06T20:45:42.321-0400] {dag.py:3823} INFO - Setting next_dagrun for flight_data_pipeline to 2026-06-01 00:00:00+00:00, run_after=2026-07-01 00:00:00+00:00
[2026-06-06T20:45:42.335-0400] {processor.py:183} INFO - Processing /Users/nitishbhattad/Desktop/flight-pipeline/airflow/dags/flight_pipeline.py took 0.428 seconds
[2026-06-06T20:46:45.246-0400] {processor.py:161} INFO - Started process (PID=66194) to work on /Users/nitishbhattad/Desktop/flight-pipeline/airflow/dags/flight_pipeline.py
[2026-06-06T20:46:45.248-0400] {processor.py:830} INFO - Processing file /Users/nitishbhattad/Desktop/flight-pipeline/airflow/dags/flight_pipeline.py for tasks to queue
[2026-06-06T20:46:45.249-0400] {logging_mixin.py:188} INFO - [2026-06-06T20:46:45.249-0400] {dagbag.py:538} INFO - Filling up the DagBag from /Users/nitishbhattad/Desktop/flight-pipeline/airflow/dags/flight_pipeline.py
[2026-06-06T20:46:45.604-0400] {processor.py:840} INFO - DAG(s) 'flight_data_pipeline' retrieved from /Users/nitishbhattad/Desktop/flight-pipeline/airflow/dags/flight_pipeline.py
[2026-06-06T20:46:45.642-0400] {logging_mixin.py:188} INFO - [2026-06-06T20:46:45.642-0400] {dag.py:3036} INFO - Sync 1 DAGs
[2026-06-06T20:46:45.650-0400] {logging_mixin.py:188} INFO - [2026-06-06T20:46:45.650-0400] {dag.py:3823} INFO - Setting next_dagrun for flight_data_pipeline to 2026-06-01 00:00:00+00:00, run_after=2026-07-01 00:00:00+00:00
[2026-06-06T20:46:45.660-0400] {processor.py:183} INFO - Processing /Users/nitishbhattad/Desktop/flight-pipeline/airflow/dags/flight_pipeline.py took 0.414 seconds
[2026-06-06T20:47:46.932-0400] {processor.py:161} INFO - Started process (PID=66307) to work on /Users/nitishbhattad/Desktop/flight-pipeline/airflow/dags/flight_pipeline.py
[2026-06-06T20:47:46.934-0400] {processor.py:830} INFO - Processing file /Users/nitishbhattad/Desktop/flight-pipeline/airflow/dags/flight_pipeline.py for tasks to queue
[2026-06-06T20:47:46.934-0400] {logging_mixin.py:188} INFO - [2026-06-06T20:47:46.934-0400] {dagbag.py:538} INFO - Filling up the DagBag from /Users/nitishbhattad/Desktop/flight-pipeline/airflow/dags/flight_pipeline.py
[2026-06-06T20:47:47.314-0400] {processor.py:840} INFO - DAG(s) 'flight_data_pipeline' retrieved from /Users/nitishbhattad/Desktop/flight-pipeline/airflow/dags/flight_pipeline.py
[2026-06-06T20:47:47.354-0400] {logging_mixin.py:188} INFO - [2026-06-06T20:47:47.354-0400] {dag.py:3036} INFO - Sync 1 DAGs
[2026-06-06T20:47:47.363-0400] {logging_mixin.py:188} INFO - [2026-06-06T20:47:47.363-0400] {dag.py:3823} INFO - Setting next_dagrun for flight_data_pipeline to 2026-06-01 00:00:00+00:00, run_after=2026-07-01 00:00:00+00:00
[2026-06-06T20:47:47.372-0400] {processor.py:183} INFO - Processing /Users/nitishbhattad/Desktop/flight-pipeline/airflow/dags/flight_pipeline.py took 0.440 seconds
[2026-06-06T20:48:45.935-0400] {processor.py:161} INFO - Started process (PID=66404) to work on /Users/nitishbhattad/Desktop/flight-pipeline/airflow/dags/flight_pipeline.py
[2026-06-06T20:48:45.936-0400] {processor.py:830} INFO - Processing file /Users/nitishbhattad/Desktop/flight-pipeline/airflow/dags/flight_pipeline.py for tasks to queue
[2026-06-06T20:48:45.936-0400] {logging_mixin.py:188} INFO - [2026-06-06T20:48:45.936-0400] {dagbag.py:538} INFO - Filling up the DagBag from /Users/nitishbhattad/Desktop/flight-pipeline/airflow/dags/flight_pipeline.py
[2026-06-06T20:48:46.224-0400] {processor.py:840} INFO - DAG(s) 'flight_data_pipeline' retrieved from /Users/nitishbhattad/Desktop/flight-pipeline/airflow/dags/flight_pipeline.py
[2026-06-06T20:48:46.254-0400] {logging_mixin.py:188} INFO - [2026-06-06T20:48:46.254-0400] {dag.py:3036} INFO - Sync 1 DAGs
[2026-06-06T20:48:46.261-0400] {logging_mixin.py:188} INFO - [2026-06-06T20:48:46.261-0400] {dag.py:3823} INFO - Setting next_dagrun for flight_data_pipeline to 2026-06-01 00:00:00+00:00, run_after=2026-07-01 00:00:00+00:00
[2026-06-06T20:48:46.268-0400] {processor.py:183} INFO - Processing /Users/nitishbhattad/Desktop/flight-pipeline/airflow/dags/flight_pipeline.py took 0.335 seconds
[2026-06-06T20:49:45.454-0400] {processor.py:161} INFO - Started process (PID=66509) to work on /Users/nitishbhattad/Desktop/flight-pipeline/airflow/dags/flight_pipeline.py
[2026-06-06T20:49:45.456-0400] {processor.py:830} INFO - Processing file /Users/nitishbhattad/Desktop/flight-pipeline/airflow/dags/flight_pipeline.py for tasks to queue
[2026-06-06T20:49:45.456-0400] {logging_mixin.py:188} INFO - [2026-06-06T20:49:45.456-0400] {dagbag.py:538} INFO - Filling up the DagBag from /Users/nitishbhattad/Desktop/flight-pipeline/airflow/dags/flight_pipeline.py
[2026-06-06T20:49:45.773-0400] {processor.py:840} INFO - DAG(s) 'flight_data_pipeline' retrieved from /Users/nitishbhattad/Desktop/flight-pipeline/airflow/dags/flight_pipeline.py
[2026-06-06T20:49:45.818-0400] {logging_mixin.py:188} INFO - [2026-06-06T20:49:45.817-0400] {dag.py:3036} INFO - Sync 1 DAGs
[2026-06-06T20:49:45.827-0400] {logging_mixin.py:188} INFO - [2026-06-06T20:49:45.827-0400] {dag.py:3823} INFO - Setting next_dagrun for flight_data_pipeline to 2026-06-01 00:00:00+00:00, run_after=2026-07-01 00:00:00+00:00
[2026-06-06T20:49:45.837-0400] {processor.py:183} INFO - Processing /Users/nitishbhattad/Desktop/flight-pipeline/airflow/dags/flight_pipeline.py took 0.383 seconds
[2026-06-06T20:50:47.180-0400] {processor.py:161} INFO - Started process (PID=66603) to work on /Users/nitishbhattad/Desktop/flight-pipeline/airflow/dags/flight_pipeline.py
[2026-06-06T20:50:47.184-0400] {processor.py:830} INFO - Processing file /Users/nitishbhattad/Desktop/flight-pipeline/airflow/dags/flight_pipeline.py for tasks to queue
[2026-06-06T20:50:47.184-0400] {logging_mixin.py:188} INFO - [2026-06-06T20:50:47.184-0400] {dagbag.py:538} INFO - Filling up the DagBag from /Users/nitishbhattad/Desktop/flight-pipeline/airflow/dags/flight_pipeline.py
[2026-06-06T20:50:47.516-0400] {processor.py:840} INFO - DAG(s) 'flight_data_pipeline' retrieved from /Users/nitishbhattad/Desktop/flight-pipeline/airflow/dags/flight_pipeline.py
[2026-06-06T20:50:47.550-0400] {logging_mixin.py:188} INFO - [2026-06-06T20:50:47.550-0400] {dag.py:3036} INFO - Sync 1 DAGs
[2026-06-06T20:50:47.561-0400] {logging_mixin.py:188} INFO - [2026-06-06T20:50:47.561-0400] {dag.py:3823} INFO - Setting next_dagrun for flight_data_pipeline to 2026-06-01 00:00:00+00:00, run_after=2026-07-01 00:00:00+00:00
[2026-06-06T20:50:47.570-0400] {processor.py:183} INFO - Processing /Users/nitishbhattad/Desktop/flight-pipeline/airflow/dags/flight_pipeline.py took 0.391 seconds
