[2026-06-06T20:23:11.396-0400] {taskinstance.py:1956} INFO - Dependencies all met for dep_context=non-requeueable deps ti=<TaskInstance: flight_data_pipeline.dbt_generate_docs scheduled__2026-05-01T00:00:00+00:00 [queued]>
[2026-06-06T20:23:11.398-0400] {taskinstance.py:1956} INFO - Dependencies all met for dep_context=requeueable deps ti=<TaskInstance: flight_data_pipeline.dbt_generate_docs scheduled__2026-05-01T00:00:00+00:00 [queued]>
[2026-06-06T20:23:11.398-0400] {taskinstance.py:2170} INFO - Starting attempt 1 of 2
[2026-06-06T20:23:11.402-0400] {taskinstance.py:2191} INFO - Executing <Task(BashOperator): dbt_generate_docs> on 2026-05-01 00:00:00+00:00
[2026-06-06T20:23:11.405-0400] {standard_task_runner.py:60} INFO - Started process 63965 to run task
[2026-06-06T20:23:11.409-0400] {standard_task_runner.py:87} INFO - Running: ['airflow', 'tasks', 'run', 'flight_data_pipeline', 'dbt_generate_docs', 'scheduled__2026-05-01T00:00:00+00:00', '--job-id', '12', '--raw', '--subdir', 'DAGS_FOLDER/flight_pipeline.py', '--cfg-path', '/var/folders/gg/xgb_ryd93xb1k5gd7g84zns00000gn/T/tmplgodprn4']
[2026-06-06T20:23:11.410-0400] {standard_task_runner.py:88} INFO - Job 12: Subtask dbt_generate_docs
[2026-06-06T20:23:11.429-0400] {task_command.py:423} INFO - Running <TaskInstance: flight_data_pipeline.dbt_generate_docs scheduled__2026-05-01T00:00:00+00:00 [running]> on host nitishs-macbook-air-5.local
[2026-06-06T20:23:11.447-0400] {taskinstance.py:2480} INFO - Exporting env vars: AIRFLOW_CTX_DAG_OWNER='nitish' AIRFLOW_CTX_DAG_ID='flight_data_pipeline' AIRFLOW_CTX_TASK_ID='dbt_generate_docs' AIRFLOW_CTX_EXECUTION_DATE='2026-05-01T00:00:00+00:00' AIRFLOW_CTX_TRY_NUMBER='1' AIRFLOW_CTX_DAG_RUN_ID='scheduled__2026-05-01T00:00:00+00:00'
[2026-06-06T20:23:11.448-0400] {subprocess.py:63} INFO - Tmp dir root location: /var/folders/gg/xgb_ryd93xb1k5gd7g84zns00000gn/T
[2026-06-06T20:23:11.449-0400] {subprocess.py:75} INFO - Running command: ['/bin/bash', '-c', 'cd /Users/nitishbhattad/Desktop/flight-pipeline/dbt_project && dbt docs generate']
[2026-06-06T20:23:11.452-0400] {subprocess.py:86} INFO - Output:
[2026-06-06T20:23:12.249-0400] {subprocess.py:93} INFO - [0m00:23:12  Running with dbt=1.8.0
[2026-06-06T20:23:12.350-0400] {subprocess.py:93} INFO - [0m00:23:12  Registered adapter: postgres=1.8.0
[2026-06-06T20:23:12.504-0400] {subprocess.py:93} INFO - [0m00:23:12  Found 5 models, 4 data tests, 1 seed, 1 source, 428 macros
[2026-06-06T20:23:12.505-0400] {subprocess.py:93} INFO - [0m00:23:12
[2026-06-06T20:23:12.651-0400] {subprocess.py:93} INFO - [0m00:23:12  Concurrency: 4 threads (target='dev')
[2026-06-06T20:23:12.652-0400] {subprocess.py:93} INFO - [0m00:23:12
[2026-06-06T20:23:12.733-0400] {subprocess.py:93} INFO - [0m00:23:12  Building catalog
[2026-06-06T20:23:12.780-0400] {subprocess.py:93} INFO - [0m00:23:12  Catalog written to /Users/nitishbhattad/Desktop/flight-pipeline/dbt_project/target/catalog.json
[2026-06-06T20:23:13.089-0400] {subprocess.py:97} INFO - Command exited with return code 0
[2026-06-06T20:23:13.098-0400] {taskinstance.py:1138} INFO - Marking task as SUCCESS. dag_id=flight_data_pipeline, task_id=dbt_generate_docs, execution_date=20260501T000000, start_date=20260607T002311, end_date=20260607T002313
[2026-06-06T20:23:13.107-0400] {local_task_job_runner.py:234} INFO - Task exited with return code 0
[2026-06-06T20:23:13.112-0400] {taskinstance.py:3280} INFO - 0 downstream tasks scheduled from follow-on schedule check
