[2026-06-06T20:18:22.746-0400] {processor.py:161} INFO - Started process (PID=63505) to work on /Users/nitishbhattad/anaconda3/envs/flight-pipeline/lib/python3.11/site-packages/airflow/example_dags/subdags/subdag.py
[2026-06-06T20:18:22.746-0400] {processor.py:830} INFO - Processing file /Users/nitishbhattad/anaconda3/envs/flight-pipeline/lib/python3.11/site-packages/airflow/example_dags/subdags/subdag.py for tasks to queue
[2026-06-06T20:18:22.747-0400] {logging_mixin.py:188} INFO - [2026-06-06T20:18:22.746-0400] {dagbag.py:538} INFO - Filling up the DagBag from /Users/nitishbhattad/anaconda3/envs/flight-pipeline/lib/python3.11/site-packages/airflow/example_dags/subdags/subdag.py
[2026-06-06T20:18:22.747-0400] {processor.py:842} WARNING - No viable dags retrieved from /Users/nitishbhattad/anaconda3/envs/flight-pipeline/lib/python3.11/site-packages/airflow/example_dags/subdags/subdag.py
[2026-06-06T20:18:22.804-0400] {processor.py:183} INFO - Processing /Users/nitishbhattad/anaconda3/envs/flight-pipeline/lib/python3.11/site-packages/airflow/example_dags/subdags/subdag.py took 0.059 seconds
[2026-06-06T20:19:56.347-0400] {processor.py:161} INFO - Started process (PID=63657) to work on /Users/nitishbhattad/anaconda3/envs/flight-pipeline/lib/python3.11/site-packages/airflow/example_dags/subdags/subdag.py
[2026-06-06T20:19:56.348-0400] {processor.py:830} INFO - Processing file /Users/nitishbhattad/anaconda3/envs/flight-pipeline/lib/python3.11/site-packages/airflow/example_dags/subdags/subdag.py for tasks to queue
[2026-06-06T20:19:56.348-0400] {logging_mixin.py:188} INFO - [2026-06-06T20:19:56.348-0400] {dagbag.py:538} INFO - Filling up the DagBag from /Users/nitishbhattad/anaconda3/envs/flight-pipeline/lib/python3.11/site-packages/airflow/example_dags/subdags/subdag.py
[2026-06-06T20:19:56.349-0400] {processor.py:842} WARNING - No viable dags retrieved from /Users/nitishbhattad/anaconda3/envs/flight-pipeline/lib/python3.11/site-packages/airflow/example_dags/subdags/subdag.py
[2026-06-06T20:19:56.403-0400] {processor.py:183} INFO - Processing /Users/nitishbhattad/anaconda3/envs/flight-pipeline/lib/python3.11/site-packages/airflow/example_dags/subdags/subdag.py took 0.057 seconds
[2026-06-06T20:20:58.448-0400] {processor.py:161} INFO - Started process (PID=63750) to work on /Users/nitishbhattad/anaconda3/envs/flight-pipeline/lib/python3.11/site-packages/airflow/example_dags/subdags/subdag.py
[2026-06-06T20:20:58.449-0400] {processor.py:830} INFO - Processing file /Users/nitishbhattad/anaconda3/envs/flight-pipeline/lib/python3.11/site-packages/airflow/example_dags/subdags/subdag.py for tasks to queue
[2026-06-06T20:20:58.449-0400] {logging_mixin.py:188} INFO - [2026-06-06T20:20:58.449-0400] {dagbag.py:538} INFO - Filling up the DagBag from /Users/nitishbhattad/anaconda3/envs/flight-pipeline/lib/python3.11/site-packages/airflow/example_dags/subdags/subdag.py
[2026-06-06T20:20:58.451-0400] {processor.py:842} WARNING - No viable dags retrieved from /Users/nitishbhattad/anaconda3/envs/flight-pipeline/lib/python3.11/site-packages/airflow/example_dags/subdags/subdag.py
[2026-06-06T20:20:58.514-0400] {processor.py:183} INFO - Processing /Users/nitishbhattad/anaconda3/envs/flight-pipeline/lib/python3.11/site-packages/airflow/example_dags/subdags/subdag.py took 0.067 seconds
[2026-06-06T20:22:16.042-0400] {processor.py:161} INFO - Started process (PID=63876) to work on /Users/nitishbhattad/anaconda3/envs/flight-pipeline/lib/python3.11/site-packages/airflow/example_dags/subdags/subdag.py
[2026-06-06T20:22:16.043-0400] {processor.py:830} INFO - Processing file /Users/nitishbhattad/anaconda3/envs/flight-pipeline/lib/python3.11/site-packages/airflow/example_dags/subdags/subdag.py for tasks to queue
[2026-06-06T20:22:16.043-0400] {logging_mixin.py:188} INFO - [2026-06-06T20:22:16.043-0400] {dagbag.py:538} INFO - Filling up the DagBag from /Users/nitishbhattad/anaconda3/envs/flight-pipeline/lib/python3.11/site-packages/airflow/example_dags/subdags/subdag.py
[2026-06-06T20:22:16.045-0400] {processor.py:842} WARNING - No viable dags retrieved from /Users/nitishbhattad/anaconda3/envs/flight-pipeline/lib/python3.11/site-packages/airflow/example_dags/subdags/subdag.py
[2026-06-06T20:22:16.105-0400] {processor.py:183} INFO - Processing /Users/nitishbhattad/anaconda3/envs/flight-pipeline/lib/python3.11/site-packages/airflow/example_dags/subdags/subdag.py took 0.063 seconds
[2026-06-06T20:24:24.310-0400] {processor.py:161} INFO - Started process (PID=64093) to work on /Users/nitishbhattad/anaconda3/envs/flight-pipeline/lib/python3.11/site-packages/airflow/example_dags/subdags/subdag.py
[2026-06-06T20:24:24.311-0400] {processor.py:830} INFO - Processing file /Users/nitishbhattad/anaconda3/envs/flight-pipeline/lib/python3.11/site-packages/airflow/example_dags/subdags/subdag.py for tasks to queue
[2026-06-06T20:24:24.311-0400] {logging_mixin.py:188} INFO - [2026-06-06T20:24:24.311-0400] {dagbag.py:538} INFO - Filling up the DagBag from /Users/nitishbhattad/anaconda3/envs/flight-pipeline/lib/python3.11/site-packages/airflow/example_dags/subdags/subdag.py
[2026-06-06T20:24:24.312-0400] {processor.py:842} WARNING - No viable dags retrieved from /Users/nitishbhattad/anaconda3/envs/flight-pipeline/lib/python3.11/site-packages/airflow/example_dags/subdags/subdag.py
[2026-06-06T20:24:24.363-0400] {processor.py:183} INFO - Processing /Users/nitishbhattad/anaconda3/envs/flight-pipeline/lib/python3.11/site-packages/airflow/example_dags/subdags/subdag.py took 0.054 seconds
[2026-06-06T20:25:28.375-0400] {processor.py:161} INFO - Started process (PID=64199) to work on /Users/nitishbhattad/anaconda3/envs/flight-pipeline/lib/python3.11/site-packages/airflow/example_dags/subdags/subdag.py
[2026-06-06T20:25:28.375-0400] {processor.py:830} INFO - Processing file /Users/nitishbhattad/anaconda3/envs/flight-pipeline/lib/python3.11/site-packages/airflow/example_dags/subdags/subdag.py for tasks to queue
[2026-06-06T20:25:28.376-0400] {logging_mixin.py:188} INFO - [2026-06-06T20:25:28.375-0400] {dagbag.py:538} INFO - Filling up the DagBag from /Users/nitishbhattad/anaconda3/envs/flight-pipeline/lib/python3.11/site-packages/airflow/example_dags/subdags/subdag.py
[2026-06-06T20:25:28.377-0400] {processor.py:842} WARNING - No viable dags retrieved from /Users/nitishbhattad/anaconda3/envs/flight-pipeline/lib/python3.11/site-packages/airflow/example_dags/subdags/subdag.py
[2026-06-06T20:25:28.440-0400] {processor.py:183} INFO - Processing /Users/nitishbhattad/anaconda3/envs/flight-pipeline/lib/python3.11/site-packages/airflow/example_dags/subdags/subdag.py took 0.066 seconds
[2026-06-06T20:26:38.518-0400] {processor.py:161} INFO - Started process (PID=64319) to work on /Users/nitishbhattad/anaconda3/envs/flight-pipeline/lib/python3.11/site-packages/airflow/example_dags/subdags/subdag.py
[2026-06-06T20:26:38.519-0400] {processor.py:830} INFO - Processing file /Users/nitishbhattad/anaconda3/envs/flight-pipeline/lib/python3.11/site-packages/airflow/example_dags/subdags/subdag.py for tasks to queue
[2026-06-06T20:26:38.519-0400] {logging_mixin.py:188} INFO - [2026-06-06T20:26:38.519-0400] {dagbag.py:538} INFO - Filling up the DagBag from /Users/nitishbhattad/anaconda3/envs/flight-pipeline/lib/python3.11/site-packages/airflow/example_dags/subdags/subdag.py
[2026-06-06T20:26:38.521-0400] {processor.py:842} WARNING - No viable dags retrieved from /Users/nitishbhattad/anaconda3/envs/flight-pipeline/lib/python3.11/site-packages/airflow/example_dags/subdags/subdag.py
[2026-06-06T20:26:38.603-0400] {processor.py:183} INFO - Processing /Users/nitishbhattad/anaconda3/envs/flight-pipeline/lib/python3.11/site-packages/airflow/example_dags/subdags/subdag.py took 0.086 seconds
[2026-06-06T20:27:43.106-0400] {processor.py:161} INFO - Started process (PID=64421) to work on /Users/nitishbhattad/anaconda3/envs/flight-pipeline/lib/python3.11/site-packages/airflow/example_dags/subdags/subdag.py
[2026-06-06T20:27:43.108-0400] {processor.py:830} INFO - Processing file /Users/nitishbhattad/anaconda3/envs/flight-pipeline/lib/python3.11/site-packages/airflow/example_dags/subdags/subdag.py for tasks to queue
[2026-06-06T20:27:43.108-0400] {logging_mixin.py:188} INFO - [2026-06-06T20:27:43.108-0400] {dagbag.py:538} INFO - Filling up the DagBag from /Users/nitishbhattad/anaconda3/envs/flight-pipeline/lib/python3.11/site-packages/airflow/example_dags/subdags/subdag.py
[2026-06-06T20:27:43.123-0400] {processor.py:842} WARNING - No viable dags retrieved from /Users/nitishbhattad/anaconda3/envs/flight-pipeline/lib/python3.11/site-packages/airflow/example_dags/subdags/subdag.py
[2026-06-06T20:27:43.259-0400] {processor.py:183} INFO - Processing /Users/nitishbhattad/anaconda3/envs/flight-pipeline/lib/python3.11/site-packages/airflow/example_dags/subdags/subdag.py took 0.154 seconds
[2026-06-06T20:28:45.300-0400] {processor.py:161} INFO - Started process (PID=64519) to work on /Users/nitishbhattad/anaconda3/envs/flight-pipeline/lib/python3.11/site-packages/airflow/example_dags/subdags/subdag.py
[2026-06-06T20:28:45.301-0400] {processor.py:830} INFO - Processing file /Users/nitishbhattad/anaconda3/envs/flight-pipeline/lib/python3.11/site-packages/airflow/example_dags/subdags/subdag.py for tasks to queue
[2026-06-06T20:28:45.301-0400] {logging_mixin.py:188} INFO - [2026-06-06T20:28:45.301-0400] {dagbag.py:538} INFO - Filling up the DagBag from /Users/nitishbhattad/anaconda3/envs/flight-pipeline/lib/python3.11/site-packages/airflow/example_dags/subdags/subdag.py
[2026-06-06T20:28:45.302-0400] {processor.py:842} WARNING - No viable dags retrieved from /Users/nitishbhattad/anaconda3/envs/flight-pipeline/lib/python3.11/site-packages/airflow/example_dags/subdags/subdag.py
[2026-06-06T20:28:45.361-0400] {processor.py:183} INFO - Processing /Users/nitishbhattad/anaconda3/envs/flight-pipeline/lib/python3.11/site-packages/airflow/example_dags/subdags/subdag.py took 0.062 seconds
[2026-06-06T20:29:41.891-0400] {processor.py:161} INFO - Started process (PID=64601) to work on /Users/nitishbhattad/anaconda3/envs/flight-pipeline/lib/python3.11/site-packages/airflow/example_dags/subdags/subdag.py
[2026-06-06T20:29:41.892-0400] {processor.py:830} INFO - Processing file /Users/nitishbhattad/anaconda3/envs/flight-pipeline/lib/python3.11/site-packages/airflow/example_dags/subdags/subdag.py for tasks to queue
[2026-06-06T20:29:41.892-0400] {logging_mixin.py:188} INFO - [2026-06-06T20:29:41.892-0400] {dagbag.py:538} INFO - Filling up the DagBag from /Users/nitishbhattad/anaconda3/envs/flight-pipeline/lib/python3.11/site-packages/airflow/example_dags/subdags/subdag.py
[2026-06-06T20:29:41.893-0400] {processor.py:842} WARNING - No viable dags retrieved from /Users/nitishbhattad/anaconda3/envs/flight-pipeline/lib/python3.11/site-packages/airflow/example_dags/subdags/subdag.py
[2026-06-06T20:29:41.948-0400] {processor.py:183} INFO - Processing /Users/nitishbhattad/anaconda3/envs/flight-pipeline/lib/python3.11/site-packages/airflow/example_dags/subdags/subdag.py took 0.058 seconds
[2026-06-06T20:30:53.900-0400] {processor.py:161} INFO - Started process (PID=64716) to work on /Users/nitishbhattad/anaconda3/envs/flight-pipeline/lib/python3.11/site-packages/airflow/example_dags/subdags/subdag.py
[2026-06-06T20:30:53.902-0400] {processor.py:830} INFO - Processing file /Users/nitishbhattad/anaconda3/envs/flight-pipeline/lib/python3.11/site-packages/airflow/example_dags/subdags/subdag.py for tasks to queue
[2026-06-06T20:30:53.902-0400] {logging_mixin.py:188} INFO - [2026-06-06T20:30:53.902-0400] {dagbag.py:538} INFO - Filling up the DagBag from /Users/nitishbhattad/anaconda3/envs/flight-pipeline/lib/python3.11/site-packages/airflow/example_dags/subdags/subdag.py
[2026-06-06T20:30:53.903-0400] {processor.py:842} WARNING - No viable dags retrieved from /Users/nitishbhattad/anaconda3/envs/flight-pipeline/lib/python3.11/site-packages/airflow/example_dags/subdags/subdag.py
[2026-06-06T20:30:53.991-0400] {processor.py:183} INFO - Processing /Users/nitishbhattad/anaconda3/envs/flight-pipeline/lib/python3.11/site-packages/airflow/example_dags/subdags/subdag.py took 0.091 seconds
[2026-06-06T20:32:11.486-0400] {processor.py:161} INFO - Started process (PID=64826) to work on /Users/nitishbhattad/anaconda3/envs/flight-pipeline/lib/python3.11/site-packages/airflow/example_dags/subdags/subdag.py
[2026-06-06T20:32:11.487-0400] {processor.py:830} INFO - Processing file /Users/nitishbhattad/anaconda3/envs/flight-pipeline/lib/python3.11/site-packages/airflow/example_dags/subdags/subdag.py for tasks to queue
[2026-06-06T20:32:11.487-0400] {logging_mixin.py:188} INFO - [2026-06-06T20:32:11.487-0400] {dagbag.py:538} INFO - Filling up the DagBag from /Users/nitishbhattad/anaconda3/envs/flight-pipeline/lib/python3.11/site-packages/airflow/example_dags/subdags/subdag.py
[2026-06-06T20:32:11.489-0400] {processor.py:842} WARNING - No viable dags retrieved from /Users/nitishbhattad/anaconda3/envs/flight-pipeline/lib/python3.11/site-packages/airflow/example_dags/subdags/subdag.py
[2026-06-06T20:32:11.544-0400] {processor.py:183} INFO - Processing /Users/nitishbhattad/anaconda3/envs/flight-pipeline/lib/python3.11/site-packages/airflow/example_dags/subdags/subdag.py took 0.058 seconds
[2026-06-06T20:33:15.188-0400] {processor.py:161} INFO - Started process (PID=64916) to work on /Users/nitishbhattad/anaconda3/envs/flight-pipeline/lib/python3.11/site-packages/airflow/example_dags/subdags/subdag.py
[2026-06-06T20:33:15.192-0400] {processor.py:830} INFO - Processing file /Users/nitishbhattad/anaconda3/envs/flight-pipeline/lib/python3.11/site-packages/airflow/example_dags/subdags/subdag.py for tasks to queue
[2026-06-06T20:33:15.192-0400] {logging_mixin.py:188} INFO - [2026-06-06T20:33:15.192-0400] {dagbag.py:538} INFO - Filling up the DagBag from /Users/nitishbhattad/anaconda3/envs/flight-pipeline/lib/python3.11/site-packages/airflow/example_dags/subdags/subdag.py
[2026-06-06T20:33:15.193-0400] {processor.py:842} WARNING - No viable dags retrieved from /Users/nitishbhattad/anaconda3/envs/flight-pipeline/lib/python3.11/site-packages/airflow/example_dags/subdags/subdag.py
[2026-06-06T20:33:15.247-0400] {processor.py:183} INFO - Processing /Users/nitishbhattad/anaconda3/envs/flight-pipeline/lib/python3.11/site-packages/airflow/example_dags/subdags/subdag.py took 0.059 seconds
[2026-06-06T20:34:17.567-0400] {processor.py:161} INFO - Started process (PID=65017) to work on /Users/nitishbhattad/anaconda3/envs/flight-pipeline/lib/python3.11/site-packages/airflow/example_dags/subdags/subdag.py
[2026-06-06T20:34:17.569-0400] {processor.py:830} INFO - Processing file /Users/nitishbhattad/anaconda3/envs/flight-pipeline/lib/python3.11/site-packages/airflow/example_dags/subdags/subdag.py for tasks to queue
[2026-06-06T20:34:17.569-0400] {logging_mixin.py:188} INFO - [2026-06-06T20:34:17.569-0400] {dagbag.py:538} INFO - Filling up the DagBag from /Users/nitishbhattad/anaconda3/envs/flight-pipeline/lib/python3.11/site-packages/airflow/example_dags/subdags/subdag.py
[2026-06-06T20:34:17.571-0400] {processor.py:842} WARNING - No viable dags retrieved from /Users/nitishbhattad/anaconda3/envs/flight-pipeline/lib/python3.11/site-packages/airflow/example_dags/subdags/subdag.py
[2026-06-06T20:34:17.633-0400] {processor.py:183} INFO - Processing /Users/nitishbhattad/anaconda3/envs/flight-pipeline/lib/python3.11/site-packages/airflow/example_dags/subdags/subdag.py took 0.066 seconds
[2026-06-06T20:35:14.558-0400] {processor.py:161} INFO - Started process (PID=65098) to work on /Users/nitishbhattad/anaconda3/envs/flight-pipeline/lib/python3.11/site-packages/airflow/example_dags/subdags/subdag.py
[2026-06-06T20:35:14.559-0400] {processor.py:830} INFO - Processing file /Users/nitishbhattad/anaconda3/envs/flight-pipeline/lib/python3.11/site-packages/airflow/example_dags/subdags/subdag.py for tasks to queue
[2026-06-06T20:35:14.559-0400] {logging_mixin.py:188} INFO - [2026-06-06T20:35:14.559-0400] {dagbag.py:538} INFO - Filling up the DagBag from /Users/nitishbhattad/anaconda3/envs/flight-pipeline/lib/python3.11/site-packages/airflow/example_dags/subdags/subdag.py
[2026-06-06T20:35:14.560-0400] {processor.py:842} WARNING - No viable dags retrieved from /Users/nitishbhattad/anaconda3/envs/flight-pipeline/lib/python3.11/site-packages/airflow/example_dags/subdags/subdag.py
[2026-06-06T20:35:14.616-0400] {processor.py:183} INFO - Processing /Users/nitishbhattad/anaconda3/envs/flight-pipeline/lib/python3.11/site-packages/airflow/example_dags/subdags/subdag.py took 0.059 seconds
[2026-06-06T20:36:15.247-0400] {processor.py:161} INFO - Started process (PID=65189) to work on /Users/nitishbhattad/anaconda3/envs/flight-pipeline/lib/python3.11/site-packages/airflow/example_dags/subdags/subdag.py
[2026-06-06T20:36:15.248-0400] {processor.py:830} INFO - Processing file /Users/nitishbhattad/anaconda3/envs/flight-pipeline/lib/python3.11/site-packages/airflow/example_dags/subdags/subdag.py for tasks to queue
[2026-06-06T20:36:15.248-0400] {logging_mixin.py:188} INFO - [2026-06-06T20:36:15.248-0400] {dagbag.py:538} INFO - Filling up the DagBag from /Users/nitishbhattad/anaconda3/envs/flight-pipeline/lib/python3.11/site-packages/airflow/example_dags/subdags/subdag.py
[2026-06-06T20:36:15.249-0400] {processor.py:842} WARNING - No viable dags retrieved from /Users/nitishbhattad/anaconda3/envs/flight-pipeline/lib/python3.11/site-packages/airflow/example_dags/subdags/subdag.py
[2026-06-06T20:36:15.311-0400] {processor.py:183} INFO - Processing /Users/nitishbhattad/anaconda3/envs/flight-pipeline/lib/python3.11/site-packages/airflow/example_dags/subdags/subdag.py took 0.065 seconds
[2026-06-06T20:37:22.500-0400] {processor.py:161} INFO - Started process (PID=65296) to work on /Users/nitishbhattad/anaconda3/envs/flight-pipeline/lib/python3.11/site-packages/airflow/example_dags/subdags/subdag.py
[2026-06-06T20:37:22.501-0400] {processor.py:830} INFO - Processing file /Users/nitishbhattad/anaconda3/envs/flight-pipeline/lib/python3.11/site-packages/airflow/example_dags/subdags/subdag.py for tasks to queue
[2026-06-06T20:37:22.501-0400] {logging_mixin.py:188} INFO - [2026-06-06T20:37:22.501-0400] {dagbag.py:538} INFO - Filling up the DagBag from /Users/nitishbhattad/anaconda3/envs/flight-pipeline/lib/python3.11/site-packages/airflow/example_dags/subdags/subdag.py
[2026-06-06T20:37:22.502-0400] {processor.py:842} WARNING - No viable dags retrieved from /Users/nitishbhattad/anaconda3/envs/flight-pipeline/lib/python3.11/site-packages/airflow/example_dags/subdags/subdag.py
[2026-06-06T20:37:22.559-0400] {processor.py:183} INFO - Processing /Users/nitishbhattad/anaconda3/envs/flight-pipeline/lib/python3.11/site-packages/airflow/example_dags/subdags/subdag.py took 0.061 seconds
[2026-06-06T20:38:27.323-0400] {processor.py:161} INFO - Started process (PID=65390) to work on /Users/nitishbhattad/anaconda3/envs/flight-pipeline/lib/python3.11/site-packages/airflow/example_dags/subdags/subdag.py
[2026-06-06T20:38:27.324-0400] {processor.py:830} INFO - Processing file /Users/nitishbhattad/anaconda3/envs/flight-pipeline/lib/python3.11/site-packages/airflow/example_dags/subdags/subdag.py for tasks to queue
[2026-06-06T20:38:27.324-0400] {logging_mixin.py:188} INFO - [2026-06-06T20:38:27.324-0400] {dagbag.py:538} INFO - Filling up the DagBag from /Users/nitishbhattad/anaconda3/envs/flight-pipeline/lib/python3.11/site-packages/airflow/example_dags/subdags/subdag.py
[2026-06-06T20:38:27.325-0400] {processor.py:842} WARNING - No viable dags retrieved from /Users/nitishbhattad/anaconda3/envs/flight-pipeline/lib/python3.11/site-packages/airflow/example_dags/subdags/subdag.py
[2026-06-06T20:38:27.384-0400] {processor.py:183} INFO - Processing /Users/nitishbhattad/anaconda3/envs/flight-pipeline/lib/python3.11/site-packages/airflow/example_dags/subdags/subdag.py took 0.062 seconds
[2026-06-06T20:39:27.416-0400] {processor.py:161} INFO - Started process (PID=65478) to work on /Users/nitishbhattad/anaconda3/envs/flight-pipeline/lib/python3.11/site-packages/airflow/example_dags/subdags/subdag.py
[2026-06-06T20:39:27.417-0400] {processor.py:830} INFO - Processing file /Users/nitishbhattad/anaconda3/envs/flight-pipeline/lib/python3.11/site-packages/airflow/example_dags/subdags/subdag.py for tasks to queue
[2026-06-06T20:39:27.417-0400] {logging_mixin.py:188} INFO - [2026-06-06T20:39:27.417-0400] {dagbag.py:538} INFO - Filling up the DagBag from /Users/nitishbhattad/anaconda3/envs/flight-pipeline/lib/python3.11/site-packages/airflow/example_dags/subdags/subdag.py
[2026-06-06T20:39:27.418-0400] {processor.py:842} WARNING - No viable dags retrieved from /Users/nitishbhattad/anaconda3/envs/flight-pipeline/lib/python3.11/site-packages/airflow/example_dags/subdags/subdag.py
[2026-06-06T20:39:27.481-0400] {processor.py:183} INFO - Processing /Users/nitishbhattad/anaconda3/envs/flight-pipeline/lib/python3.11/site-packages/airflow/example_dags/subdags/subdag.py took 0.066 seconds
[2026-06-06T20:40:32.723-0400] {processor.py:161} INFO - Started process (PID=65645) to work on /Users/nitishbhattad/anaconda3/envs/flight-pipeline/lib/python3.11/site-packages/airflow/example_dags/subdags/subdag.py
[2026-06-06T20:40:32.725-0400] {processor.py:830} INFO - Processing file /Users/nitishbhattad/anaconda3/envs/flight-pipeline/lib/python3.11/site-packages/airflow/example_dags/subdags/subdag.py for tasks to queue
[2026-06-06T20:40:32.725-0400] {logging_mixin.py:188} INFO - [2026-06-06T20:40:32.725-0400] {dagbag.py:538} INFO - Filling up the DagBag from /Users/nitishbhattad/anaconda3/envs/flight-pipeline/lib/python3.11/site-packages/airflow/example_dags/subdags/subdag.py
[2026-06-06T20:40:32.727-0400] {processor.py:842} WARNING - No viable dags retrieved from /Users/nitishbhattad/anaconda3/envs/flight-pipeline/lib/python3.11/site-packages/airflow/example_dags/subdags/subdag.py
[2026-06-06T20:40:32.784-0400] {processor.py:183} INFO - Processing /Users/nitishbhattad/anaconda3/envs/flight-pipeline/lib/python3.11/site-packages/airflow/example_dags/subdags/subdag.py took 0.062 seconds
[2026-06-06T20:41:39.784-0400] {processor.py:161} INFO - Started process (PID=65743) to work on /Users/nitishbhattad/anaconda3/envs/flight-pipeline/lib/python3.11/site-packages/airflow/example_dags/subdags/subdag.py
[2026-06-06T20:41:39.786-0400] {processor.py:830} INFO - Processing file /Users/nitishbhattad/anaconda3/envs/flight-pipeline/lib/python3.11/site-packages/airflow/example_dags/subdags/subdag.py for tasks to queue
[2026-06-06T20:41:39.786-0400] {logging_mixin.py:188} INFO - [2026-06-06T20:41:39.786-0400] {dagbag.py:538} INFO - Filling up the DagBag from /Users/nitishbhattad/anaconda3/envs/flight-pipeline/lib/python3.11/site-packages/airflow/example_dags/subdags/subdag.py
[2026-06-06T20:41:39.787-0400] {processor.py:842} WARNING - No viable dags retrieved from /Users/nitishbhattad/anaconda3/envs/flight-pipeline/lib/python3.11/site-packages/airflow/example_dags/subdags/subdag.py
[2026-06-06T20:41:39.843-0400] {processor.py:183} INFO - Processing /Users/nitishbhattad/anaconda3/envs/flight-pipeline/lib/python3.11/site-packages/airflow/example_dags/subdags/subdag.py took 0.060 seconds
[2026-06-06T20:42:37.723-0400] {processor.py:161} INFO - Started process (PID=65829) to work on /Users/nitishbhattad/anaconda3/envs/flight-pipeline/lib/python3.11/site-packages/airflow/example_dags/subdags/subdag.py
[2026-06-06T20:42:37.724-0400] {processor.py:830} INFO - Processing file /Users/nitishbhattad/anaconda3/envs/flight-pipeline/lib/python3.11/site-packages/airflow/example_dags/subdags/subdag.py for tasks to queue
[2026-06-06T20:42:37.724-0400] {logging_mixin.py:188} INFO - [2026-06-06T20:42:37.724-0400] {dagbag.py:538} INFO - Filling up the DagBag from /Users/nitishbhattad/anaconda3/envs/flight-pipeline/lib/python3.11/site-packages/airflow/example_dags/subdags/subdag.py
[2026-06-06T20:42:37.725-0400] {processor.py:842} WARNING - No viable dags retrieved from /Users/nitishbhattad/anaconda3/envs/flight-pipeline/lib/python3.11/site-packages/airflow/example_dags/subdags/subdag.py
[2026-06-06T20:42:37.786-0400] {processor.py:183} INFO - Processing /Users/nitishbhattad/anaconda3/envs/flight-pipeline/lib/python3.11/site-packages/airflow/example_dags/subdags/subdag.py took 0.064 seconds
[2026-06-06T20:43:37.659-0400] {processor.py:161} INFO - Started process (PID=65917) to work on /Users/nitishbhattad/anaconda3/envs/flight-pipeline/lib/python3.11/site-packages/airflow/example_dags/subdags/subdag.py
[2026-06-06T20:43:37.660-0400] {processor.py:830} INFO - Processing file /Users/nitishbhattad/anaconda3/envs/flight-pipeline/lib/python3.11/site-packages/airflow/example_dags/subdags/subdag.py for tasks to queue
[2026-06-06T20:43:37.660-0400] {logging_mixin.py:188} INFO - [2026-06-06T20:43:37.660-0400] {dagbag.py:538} INFO - Filling up the DagBag from /Users/nitishbhattad/anaconda3/envs/flight-pipeline/lib/python3.11/site-packages/airflow/example_dags/subdags/subdag.py
[2026-06-06T20:43:37.661-0400] {processor.py:842} WARNING - No viable dags retrieved from /Users/nitishbhattad/anaconda3/envs/flight-pipeline/lib/python3.11/site-packages/airflow/example_dags/subdags/subdag.py
[2026-06-06T20:43:37.713-0400] {processor.py:183} INFO - Processing /Users/nitishbhattad/anaconda3/envs/flight-pipeline/lib/python3.11/site-packages/airflow/example_dags/subdags/subdag.py took 0.055 seconds
[2026-06-06T20:44:42.747-0400] {processor.py:161} INFO - Started process (PID=66014) to work on /Users/nitishbhattad/anaconda3/envs/flight-pipeline/lib/python3.11/site-packages/airflow/example_dags/subdags/subdag.py
[2026-06-06T20:44:42.748-0400] {processor.py:830} INFO - Processing file /Users/nitishbhattad/anaconda3/envs/flight-pipeline/lib/python3.11/site-packages/airflow/example_dags/subdags/subdag.py for tasks to queue
[2026-06-06T20:44:42.748-0400] {logging_mixin.py:188} INFO - [2026-06-06T20:44:42.748-0400] {dagbag.py:538} INFO - Filling up the DagBag from /Users/nitishbhattad/anaconda3/envs/flight-pipeline/lib/python3.11/site-packages/airflow/example_dags/subdags/subdag.py
[2026-06-06T20:44:42.749-0400] {processor.py:842} WARNING - No viable dags retrieved from /Users/nitishbhattad/anaconda3/envs/flight-pipeline/lib/python3.11/site-packages/airflow/example_dags/subdags/subdag.py
[2026-06-06T20:44:42.804-0400] {processor.py:183} INFO - Processing /Users/nitishbhattad/anaconda3/envs/flight-pipeline/lib/python3.11/site-packages/airflow/example_dags/subdags/subdag.py took 0.058 seconds
[2026-06-06T20:45:44.361-0400] {processor.py:161} INFO - Started process (PID=66102) to work on /Users/nitishbhattad/anaconda3/envs/flight-pipeline/lib/python3.11/site-packages/airflow/example_dags/subdags/subdag.py
[2026-06-06T20:45:44.362-0400] {processor.py:830} INFO - Processing file /Users/nitishbhattad/anaconda3/envs/flight-pipeline/lib/python3.11/site-packages/airflow/example_dags/subdags/subdag.py for tasks to queue
[2026-06-06T20:45:44.362-0400] {logging_mixin.py:188} INFO - [2026-06-06T20:45:44.362-0400] {dagbag.py:538} INFO - Filling up the DagBag from /Users/nitishbhattad/anaconda3/envs/flight-pipeline/lib/python3.11/site-packages/airflow/example_dags/subdags/subdag.py
[2026-06-06T20:45:44.363-0400] {processor.py:842} WARNING - No viable dags retrieved from /Users/nitishbhattad/anaconda3/envs/flight-pipeline/lib/python3.11/site-packages/airflow/example_dags/subdags/subdag.py
[2026-06-06T20:45:44.420-0400] {processor.py:183} INFO - Processing /Users/nitishbhattad/anaconda3/envs/flight-pipeline/lib/python3.11/site-packages/airflow/example_dags/subdags/subdag.py took 0.062 seconds
[2026-06-06T20:46:47.925-0400] {processor.py:161} INFO - Started process (PID=66209) to work on /Users/nitishbhattad/anaconda3/envs/flight-pipeline/lib/python3.11/site-packages/airflow/example_dags/subdags/subdag.py
[2026-06-06T20:46:47.927-0400] {processor.py:830} INFO - Processing file /Users/nitishbhattad/anaconda3/envs/flight-pipeline/lib/python3.11/site-packages/airflow/example_dags/subdags/subdag.py for tasks to queue
[2026-06-06T20:46:47.927-0400] {logging_mixin.py:188} INFO - [2026-06-06T20:46:47.927-0400] {dagbag.py:538} INFO - Filling up the DagBag from /Users/nitishbhattad/anaconda3/envs/flight-pipeline/lib/python3.11/site-packages/airflow/example_dags/subdags/subdag.py
[2026-06-06T20:46:47.929-0400] {processor.py:842} WARNING - No viable dags retrieved from /Users/nitishbhattad/anaconda3/envs/flight-pipeline/lib/python3.11/site-packages/airflow/example_dags/subdags/subdag.py
[2026-06-06T20:46:48.001-0400] {processor.py:183} INFO - Processing /Users/nitishbhattad/anaconda3/envs/flight-pipeline/lib/python3.11/site-packages/airflow/example_dags/subdags/subdag.py took 0.077 seconds
[2026-06-06T20:47:49.305-0400] {processor.py:161} INFO - Started process (PID=66308) to work on /Users/nitishbhattad/anaconda3/envs/flight-pipeline/lib/python3.11/site-packages/airflow/example_dags/subdags/subdag.py
[2026-06-06T20:47:49.307-0400] {processor.py:830} INFO - Processing file /Users/nitishbhattad/anaconda3/envs/flight-pipeline/lib/python3.11/site-packages/airflow/example_dags/subdags/subdag.py for tasks to queue
[2026-06-06T20:47:49.307-0400] {logging_mixin.py:188} INFO - [2026-06-06T20:47:49.307-0400] {dagbag.py:538} INFO - Filling up the DagBag from /Users/nitishbhattad/anaconda3/envs/flight-pipeline/lib/python3.11/site-packages/airflow/example_dags/subdags/subdag.py
[2026-06-06T20:47:49.309-0400] {processor.py:842} WARNING - No viable dags retrieved from /Users/nitishbhattad/anaconda3/envs/flight-pipeline/lib/python3.11/site-packages/airflow/example_dags/subdags/subdag.py
[2026-06-06T20:47:49.366-0400] {processor.py:183} INFO - Processing /Users/nitishbhattad/anaconda3/envs/flight-pipeline/lib/python3.11/site-packages/airflow/example_dags/subdags/subdag.py took 0.061 seconds
[2026-06-06T20:48:48.213-0400] {processor.py:161} INFO - Started process (PID=66413) to work on /Users/nitishbhattad/anaconda3/envs/flight-pipeline/lib/python3.11/site-packages/airflow/example_dags/subdags/subdag.py
[2026-06-06T20:48:48.215-0400] {processor.py:830} INFO - Processing file /Users/nitishbhattad/anaconda3/envs/flight-pipeline/lib/python3.11/site-packages/airflow/example_dags/subdags/subdag.py for tasks to queue
[2026-06-06T20:48:48.216-0400] {logging_mixin.py:188} INFO - [2026-06-06T20:48:48.216-0400] {dagbag.py:538} INFO - Filling up the DagBag from /Users/nitishbhattad/anaconda3/envs/flight-pipeline/lib/python3.11/site-packages/airflow/example_dags/subdags/subdag.py
[2026-06-06T20:48:48.217-0400] {processor.py:842} WARNING - No viable dags retrieved from /Users/nitishbhattad/anaconda3/envs/flight-pipeline/lib/python3.11/site-packages/airflow/example_dags/subdags/subdag.py
[2026-06-06T20:48:48.305-0400] {processor.py:183} INFO - Processing /Users/nitishbhattad/anaconda3/envs/flight-pipeline/lib/python3.11/site-packages/airflow/example_dags/subdags/subdag.py took 0.093 seconds
[2026-06-06T20:49:47.271-0400] {processor.py:161} INFO - Started process (PID=66518) to work on /Users/nitishbhattad/anaconda3/envs/flight-pipeline/lib/python3.11/site-packages/airflow/example_dags/subdags/subdag.py
[2026-06-06T20:49:47.273-0400] {processor.py:830} INFO - Processing file /Users/nitishbhattad/anaconda3/envs/flight-pipeline/lib/python3.11/site-packages/airflow/example_dags/subdags/subdag.py for tasks to queue
[2026-06-06T20:49:47.273-0400] {logging_mixin.py:188} INFO - [2026-06-06T20:49:47.273-0400] {dagbag.py:538} INFO - Filling up the DagBag from /Users/nitishbhattad/anaconda3/envs/flight-pipeline/lib/python3.11/site-packages/airflow/example_dags/subdags/subdag.py
[2026-06-06T20:49:47.275-0400] {processor.py:842} WARNING - No viable dags retrieved from /Users/nitishbhattad/anaconda3/envs/flight-pipeline/lib/python3.11/site-packages/airflow/example_dags/subdags/subdag.py
[2026-06-06T20:49:47.338-0400] {processor.py:183} INFO - Processing /Users/nitishbhattad/anaconda3/envs/flight-pipeline/lib/python3.11/site-packages/airflow/example_dags/subdags/subdag.py took 0.068 seconds
[2026-06-06T20:50:48.736-0400] {processor.py:161} INFO - Started process (PID=66605) to work on /Users/nitishbhattad/anaconda3/envs/flight-pipeline/lib/python3.11/site-packages/airflow/example_dags/subdags/subdag.py
[2026-06-06T20:50:48.737-0400] {processor.py:830} INFO - Processing file /Users/nitishbhattad/anaconda3/envs/flight-pipeline/lib/python3.11/site-packages/airflow/example_dags/subdags/subdag.py for tasks to queue
[2026-06-06T20:50:48.737-0400] {logging_mixin.py:188} INFO - [2026-06-06T20:50:48.737-0400] {dagbag.py:538} INFO - Filling up the DagBag from /Users/nitishbhattad/anaconda3/envs/flight-pipeline/lib/python3.11/site-packages/airflow/example_dags/subdags/subdag.py
[2026-06-06T20:50:48.738-0400] {processor.py:842} WARNING - No viable dags retrieved from /Users/nitishbhattad/anaconda3/envs/flight-pipeline/lib/python3.11/site-packages/airflow/example_dags/subdags/subdag.py
[2026-06-06T20:50:48.806-0400] {processor.py:183} INFO - Processing /Users/nitishbhattad/anaconda3/envs/flight-pipeline/lib/python3.11/site-packages/airflow/example_dags/subdags/subdag.py took 0.071 seconds
