[2026-06-06T20:22:17.280-0400] {taskinstance.py:1956} INFO - Dependencies all met for dep_context=non-requeueable deps ti=<TaskInstance: flight_data_pipeline.dbt_run_all_models scheduled__2026-05-01T00:00:00+00:00 [queued]>
[2026-06-06T20:22:17.282-0400] {taskinstance.py:1956} INFO - Dependencies all met for dep_context=requeueable deps ti=<TaskInstance: flight_data_pipeline.dbt_run_all_models scheduled__2026-05-01T00:00:00+00:00 [queued]>
[2026-06-06T20:22:17.282-0400] {taskinstance.py:2170} INFO - Starting attempt 1 of 2
[2026-06-06T20:22:17.287-0400] {taskinstance.py:2191} INFO - Executing <Task(BashOperator): dbt_run_all_models> on 2026-05-01 00:00:00+00:00
[2026-06-06T20:22:17.290-0400] {standard_task_runner.py:60} INFO - Started process 63888 to run task
[2026-06-06T20:22:17.294-0400] {standard_task_runner.py:87} INFO - Running: ['airflow', 'tasks', 'run', 'flight_data_pipeline', 'dbt_run_all_models', 'scheduled__2026-05-01T00:00:00+00:00', '--job-id', '8', '--raw', '--subdir', 'DAGS_FOLDER/flight_pipeline.py', '--cfg-path', '/var/folders/gg/xgb_ryd93xb1k5gd7g84zns00000gn/T/tmp9mbvqwfa']
[2026-06-06T20:22:17.295-0400] {standard_task_runner.py:88} INFO - Job 8: Subtask dbt_run_all_models
[2026-06-06T20:22:17.314-0400] {task_command.py:423} INFO - Running <TaskInstance: flight_data_pipeline.dbt_run_all_models scheduled__2026-05-01T00:00:00+00:00 [running]> on host nitishs-macbook-air-5.local
[2026-06-06T20:22:17.332-0400] {taskinstance.py:2480} INFO - Exporting env vars: AIRFLOW_CTX_DAG_OWNER='nitish' AIRFLOW_CTX_DAG_ID='flight_data_pipeline' AIRFLOW_CTX_TASK_ID='dbt_run_all_models' AIRFLOW_CTX_EXECUTION_DATE='2026-05-01T00:00:00+00:00' AIRFLOW_CTX_TRY_NUMBER='1' AIRFLOW_CTX_DAG_RUN_ID='scheduled__2026-05-01T00:00:00+00:00'
[2026-06-06T20:22:17.334-0400] {subprocess.py:63} INFO - Tmp dir root location: /var/folders/gg/xgb_ryd93xb1k5gd7g84zns00000gn/T
[2026-06-06T20:22:17.335-0400] {subprocess.py:75} INFO - Running command: ['/bin/bash', '-c', 'cd /Users/nitishbhattad/Desktop/flight-pipeline/dbt_project && dbt run']
[2026-06-06T20:22:17.345-0400] {subprocess.py:86} INFO - Output:
[2026-06-06T20:22:17.993-0400] {subprocess.py:93} INFO - [0m00:22:17  Running with dbt=1.8.0
[2026-06-06T20:22:18.097-0400] {subprocess.py:93} INFO - [0m00:22:18  Registered adapter: postgres=1.8.0
[2026-06-06T20:22:18.311-0400] {subprocess.py:93} INFO - [0m00:22:18  Found 5 models, 4 data tests, 1 seed, 1 source, 428 macros
[2026-06-06T20:22:18.312-0400] {subprocess.py:93} INFO - [0m00:22:18
[2026-06-06T20:22:18.444-0400] {subprocess.py:93} INFO - [0m00:22:18  Concurrency: 4 threads (target='dev')
[2026-06-06T20:22:18.445-0400] {subprocess.py:93} INFO - [0m00:22:18
[2026-06-06T20:22:18.446-0400] {subprocess.py:93} INFO - [0m00:22:18  1 of 5 START sql view model analytics_staging.stg_flights ...................... [RUN]
[2026-06-06T20:22:18.509-0400] {subprocess.py:93} INFO - [0m00:22:18  1 of 5 OK created sql view model analytics_staging.stg_flights ................. [[32mCREATE VIEW[0m in 0.06s]
[2026-06-06T20:22:18.510-0400] {subprocess.py:93} INFO - [0m00:22:18  2 of 5 START sql view model analytics_intermediate.int_flight_delays ........... [RUN]
[2026-06-06T20:22:18.534-0400] {subprocess.py:93} INFO - [0m00:22:18  2 of 5 OK created sql view model analytics_intermediate.int_flight_delays ...... [[32mCREATE VIEW[0m in 0.02s]
[2026-06-06T20:22:18.536-0400] {subprocess.py:93} INFO - [0m00:22:18  3 of 5 START sql table model analytics_marts.mart_airline_performance .......... [RUN]
[2026-06-06T20:22:18.536-0400] {subprocess.py:93} INFO - [0m00:22:18  4 of 5 START sql table model analytics_marts.mart_airport_summary .............. [RUN]
[2026-06-06T20:22:18.536-0400] {subprocess.py:93} INFO - [0m00:22:18  5 of 5 START sql table model analytics_marts.mart_route_performance ............ [RUN]
[2026-06-06T20:22:31.988-0400] {subprocess.py:93} INFO - [0m00:22:31  4 of 5 OK created sql table model analytics_marts.mart_airport_summary ......... [[32mSELECT 348[0m in 13.45s]
[2026-06-06T20:22:34.338-0400] {subprocess.py:93} INFO - [0m00:22:34  3 of 5 OK created sql table model analytics_marts.mart_airline_performance ..... [[32mSELECT 180[0m in 15.79s]
[2026-06-06T20:22:35.642-0400] {subprocess.py:93} INFO - [0m00:22:35  5 of 5 OK created sql table model analytics_marts.mart_route_performance ....... [[32mSELECT 6490[0m in 17.10s]
[2026-06-06T20:22:35.675-0400] {subprocess.py:93} INFO - [0m00:22:35
[2026-06-06T20:22:35.677-0400] {subprocess.py:93} INFO - [0m00:22:35  Finished running 2 view models, 3 table models in 0 hours 0 minutes and 17.36 seconds (17.36s).
[2026-06-06T20:22:35.771-0400] {subprocess.py:93} INFO - [0m00:22:35
[2026-06-06T20:22:35.771-0400] {subprocess.py:93} INFO - [0m00:22:35  [32mCompleted successfully[0m
[2026-06-06T20:22:35.771-0400] {subprocess.py:93} INFO - [0m00:22:35
[2026-06-06T20:22:35.771-0400] {subprocess.py:93} INFO - [0m00:22:35  Done. PASS=5 WARN=0 ERROR=0 SKIP=0 TOTAL=5
[2026-06-06T20:22:36.128-0400] {subprocess.py:97} INFO - Command exited with return code 0
[2026-06-06T20:22:36.190-0400] {taskinstance.py:1138} INFO - Marking task as SUCCESS. dag_id=flight_data_pipeline, task_id=dbt_run_all_models, execution_date=20260501T000000, start_date=20260607T002217, end_date=20260607T002236
[2026-06-06T20:22:36.258-0400] {local_task_job_runner.py:234} INFO - Task exited with return code 0
[2026-06-06T20:22:36.284-0400] {taskinstance.py:3280} INFO - 1 downstream tasks scheduled from follow-on schedule check
