[2026-06-06T20:19:08.119-0400] {processor.py:161} INFO - Started process (PID=63586) to work on /Users/nitishbhattad/anaconda3/envs/flight-pipeline/lib/python3.11/site-packages/airflow/example_dags/example_sensor_decorator.py
[2026-06-06T20:19:08.119-0400] {processor.py:830} INFO - Processing file /Users/nitishbhattad/anaconda3/envs/flight-pipeline/lib/python3.11/site-packages/airflow/example_dags/example_sensor_decorator.py for tasks to queue
[2026-06-06T20:19:08.119-0400] {logging_mixin.py:188} INFO - [2026-06-06T20:19:08.119-0400] {dagbag.py:538} INFO - Filling up the DagBag from /Users/nitishbhattad/anaconda3/envs/flight-pipeline/lib/python3.11/site-packages/airflow/example_dags/example_sensor_decorator.py
[2026-06-06T20:19:08.132-0400] {processor.py:840} INFO - DAG(s) 'example_sensor_decorator' retrieved from /Users/nitishbhattad/anaconda3/envs/flight-pipeline/lib/python3.11/site-packages/airflow/example_dags/example_sensor_decorator.py
[2026-06-06T20:19:08.220-0400] {logging_mixin.py:188} INFO - [2026-06-06T20:19:08.220-0400] {override.py:1769} INFO - Created Permission View: can read on DAG:example_sensor_decorator
[2026-06-06T20:19:08.223-0400] {logging_mixin.py:188} INFO - [2026-06-06T20:19:08.223-0400] {override.py:1769} INFO - Created Permission View: can delete on DAG:example_sensor_decorator
[2026-06-06T20:19:08.225-0400] {logging_mixin.py:188} INFO - [2026-06-06T20:19:08.225-0400] {override.py:1769} INFO - Created Permission View: can edit on DAG:example_sensor_decorator
[2026-06-06T20:19:08.225-0400] {logging_mixin.py:188} INFO - [2026-06-06T20:19:08.225-0400] {dag.py:3036} INFO - Sync 1 DAGs
[2026-06-06T20:19:08.230-0400] {logging_mixin.py:188} INFO - [2026-06-06T20:19:08.230-0400] {dag.py:3058} INFO - Creating ORM DAG for example_sensor_decorator
[2026-06-06T20:19:08.230-0400] {logging_mixin.py:188} INFO - [2026-06-06T20:19:08.230-0400] {dag.py:3823} INFO - Setting next_dagrun for example_sensor_decorator to None, run_after=None
[2026-06-06T20:19:08.237-0400] {processor.py:183} INFO - Processing /Users/nitishbhattad/anaconda3/envs/flight-pipeline/lib/python3.11/site-packages/airflow/example_dags/example_sensor_decorator.py took 0.119 seconds
[2026-06-06T20:20:39.317-0400] {processor.py:161} INFO - Started process (PID=63722) to work on /Users/nitishbhattad/anaconda3/envs/flight-pipeline/lib/python3.11/site-packages/airflow/example_dags/example_sensor_decorator.py
[2026-06-06T20:20:39.318-0400] {processor.py:830} INFO - Processing file /Users/nitishbhattad/anaconda3/envs/flight-pipeline/lib/python3.11/site-packages/airflow/example_dags/example_sensor_decorator.py for tasks to queue
[2026-06-06T20:20:39.318-0400] {logging_mixin.py:188} INFO - [2026-06-06T20:20:39.318-0400] {dagbag.py:538} INFO - Filling up the DagBag from /Users/nitishbhattad/anaconda3/envs/flight-pipeline/lib/python3.11/site-packages/airflow/example_dags/example_sensor_decorator.py
[2026-06-06T20:20:39.331-0400] {processor.py:840} INFO - DAG(s) 'example_sensor_decorator' retrieved from /Users/nitishbhattad/anaconda3/envs/flight-pipeline/lib/python3.11/site-packages/airflow/example_dags/example_sensor_decorator.py
[2026-06-06T20:20:39.392-0400] {logging_mixin.py:188} INFO - [2026-06-06T20:20:39.392-0400] {dag.py:3036} INFO - Sync 1 DAGs
[2026-06-06T20:20:39.395-0400] {logging_mixin.py:188} INFO - [2026-06-06T20:20:39.395-0400] {dag.py:3823} INFO - Setting next_dagrun for example_sensor_decorator to None, run_after=None
[2026-06-06T20:20:39.403-0400] {processor.py:183} INFO - Processing /Users/nitishbhattad/anaconda3/envs/flight-pipeline/lib/python3.11/site-packages/airflow/example_dags/example_sensor_decorator.py took 0.087 seconds
[2026-06-06T20:23:56.237-0400] {processor.py:161} INFO - Started process (PID=64050) to work on /Users/nitishbhattad/anaconda3/envs/flight-pipeline/lib/python3.11/site-packages/airflow/example_dags/example_sensor_decorator.py
[2026-06-06T20:23:56.239-0400] {processor.py:830} INFO - Processing file /Users/nitishbhattad/anaconda3/envs/flight-pipeline/lib/python3.11/site-packages/airflow/example_dags/example_sensor_decorator.py for tasks to queue
[2026-06-06T20:23:56.240-0400] {logging_mixin.py:188} INFO - [2026-06-06T20:23:56.240-0400] {dagbag.py:538} INFO - Filling up the DagBag from /Users/nitishbhattad/anaconda3/envs/flight-pipeline/lib/python3.11/site-packages/airflow/example_dags/example_sensor_decorator.py
[2026-06-06T20:23:56.254-0400] {processor.py:840} INFO - DAG(s) 'example_sensor_decorator' retrieved from /Users/nitishbhattad/anaconda3/envs/flight-pipeline/lib/python3.11/site-packages/airflow/example_dags/example_sensor_decorator.py
[2026-06-06T20:23:56.322-0400] {logging_mixin.py:188} INFO - [2026-06-06T20:23:56.322-0400] {dag.py:3036} INFO - Sync 1 DAGs
[2026-06-06T20:23:56.325-0400] {logging_mixin.py:188} INFO - [2026-06-06T20:23:56.325-0400] {dag.py:3823} INFO - Setting next_dagrun for example_sensor_decorator to None, run_after=None
[2026-06-06T20:23:56.333-0400] {processor.py:183} INFO - Processing /Users/nitishbhattad/anaconda3/envs/flight-pipeline/lib/python3.11/site-packages/airflow/example_dags/example_sensor_decorator.py took 0.098 seconds
[2026-06-06T20:26:10.770-0400] {processor.py:161} INFO - Started process (PID=64273) to work on /Users/nitishbhattad/anaconda3/envs/flight-pipeline/lib/python3.11/site-packages/airflow/example_dags/example_sensor_decorator.py
[2026-06-06T20:26:10.771-0400] {processor.py:830} INFO - Processing file /Users/nitishbhattad/anaconda3/envs/flight-pipeline/lib/python3.11/site-packages/airflow/example_dags/example_sensor_decorator.py for tasks to queue
[2026-06-06T20:26:10.772-0400] {logging_mixin.py:188} INFO - [2026-06-06T20:26:10.772-0400] {dagbag.py:538} INFO - Filling up the DagBag from /Users/nitishbhattad/anaconda3/envs/flight-pipeline/lib/python3.11/site-packages/airflow/example_dags/example_sensor_decorator.py
[2026-06-06T20:26:10.800-0400] {processor.py:840} INFO - DAG(s) 'example_sensor_decorator' retrieved from /Users/nitishbhattad/anaconda3/envs/flight-pipeline/lib/python3.11/site-packages/airflow/example_dags/example_sensor_decorator.py
[2026-06-06T20:26:10.868-0400] {logging_mixin.py:188} INFO - [2026-06-06T20:26:10.868-0400] {dag.py:3036} INFO - Sync 1 DAGs
[2026-06-06T20:26:10.871-0400] {logging_mixin.py:188} INFO - [2026-06-06T20:26:10.871-0400] {dag.py:3823} INFO - Setting next_dagrun for example_sensor_decorator to None, run_after=None
[2026-06-06T20:26:10.880-0400] {processor.py:183} INFO - Processing /Users/nitishbhattad/anaconda3/envs/flight-pipeline/lib/python3.11/site-packages/airflow/example_dags/example_sensor_decorator.py took 0.111 seconds
[2026-06-06T20:28:18.465-0400] {processor.py:161} INFO - Started process (PID=64484) to work on /Users/nitishbhattad/anaconda3/envs/flight-pipeline/lib/python3.11/site-packages/airflow/example_dags/example_sensor_decorator.py
[2026-06-06T20:28:18.466-0400] {processor.py:830} INFO - Processing file /Users/nitishbhattad/anaconda3/envs/flight-pipeline/lib/python3.11/site-packages/airflow/example_dags/example_sensor_decorator.py for tasks to queue
[2026-06-06T20:28:18.466-0400] {logging_mixin.py:188} INFO - [2026-06-06T20:28:18.466-0400] {dagbag.py:538} INFO - Filling up the DagBag from /Users/nitishbhattad/anaconda3/envs/flight-pipeline/lib/python3.11/site-packages/airflow/example_dags/example_sensor_decorator.py
[2026-06-06T20:28:18.481-0400] {processor.py:840} INFO - DAG(s) 'example_sensor_decorator' retrieved from /Users/nitishbhattad/anaconda3/envs/flight-pipeline/lib/python3.11/site-packages/airflow/example_dags/example_sensor_decorator.py
[2026-06-06T20:28:18.555-0400] {logging_mixin.py:188} INFO - [2026-06-06T20:28:18.555-0400] {dag.py:3036} INFO - Sync 1 DAGs
[2026-06-06T20:28:18.559-0400] {logging_mixin.py:188} INFO - [2026-06-06T20:28:18.559-0400] {dag.py:3823} INFO - Setting next_dagrun for example_sensor_decorator to None, run_after=None
[2026-06-06T20:28:18.568-0400] {processor.py:183} INFO - Processing /Users/nitishbhattad/anaconda3/envs/flight-pipeline/lib/python3.11/site-packages/airflow/example_dags/example_sensor_decorator.py took 0.104 seconds
[2026-06-06T20:30:15.811-0400] {processor.py:161} INFO - Started process (PID=64653) to work on /Users/nitishbhattad/anaconda3/envs/flight-pipeline/lib/python3.11/site-packages/airflow/example_dags/example_sensor_decorator.py
[2026-06-06T20:30:15.816-0400] {processor.py:830} INFO - Processing file /Users/nitishbhattad/anaconda3/envs/flight-pipeline/lib/python3.11/site-packages/airflow/example_dags/example_sensor_decorator.py for tasks to queue
[2026-06-06T20:30:15.816-0400] {logging_mixin.py:188} INFO - [2026-06-06T20:30:15.816-0400] {dagbag.py:538} INFO - Filling up the DagBag from /Users/nitishbhattad/anaconda3/envs/flight-pipeline/lib/python3.11/site-packages/airflow/example_dags/example_sensor_decorator.py
[2026-06-06T20:30:15.846-0400] {processor.py:840} INFO - DAG(s) 'example_sensor_decorator' retrieved from /Users/nitishbhattad/anaconda3/envs/flight-pipeline/lib/python3.11/site-packages/airflow/example_dags/example_sensor_decorator.py
[2026-06-06T20:30:15.925-0400] {logging_mixin.py:188} INFO - [2026-06-06T20:30:15.924-0400] {dag.py:3036} INFO - Sync 1 DAGs
[2026-06-06T20:30:15.930-0400] {logging_mixin.py:188} INFO - [2026-06-06T20:30:15.930-0400] {dag.py:3823} INFO - Setting next_dagrun for example_sensor_decorator to None, run_after=None
[2026-06-06T20:30:15.949-0400] {processor.py:183} INFO - Processing /Users/nitishbhattad/anaconda3/envs/flight-pipeline/lib/python3.11/site-packages/airflow/example_dags/example_sensor_decorator.py took 0.138 seconds
[2026-06-06T20:31:44.856-0400] {processor.py:161} INFO - Started process (PID=64785) to work on /Users/nitishbhattad/anaconda3/envs/flight-pipeline/lib/python3.11/site-packages/airflow/example_dags/example_sensor_decorator.py
[2026-06-06T20:31:44.858-0400] {processor.py:830} INFO - Processing file /Users/nitishbhattad/anaconda3/envs/flight-pipeline/lib/python3.11/site-packages/airflow/example_dags/example_sensor_decorator.py for tasks to queue
[2026-06-06T20:31:44.858-0400] {logging_mixin.py:188} INFO - [2026-06-06T20:31:44.858-0400] {dagbag.py:538} INFO - Filling up the DagBag from /Users/nitishbhattad/anaconda3/envs/flight-pipeline/lib/python3.11/site-packages/airflow/example_dags/example_sensor_decorator.py
[2026-06-06T20:31:44.905-0400] {processor.py:840} INFO - DAG(s) 'example_sensor_decorator' retrieved from /Users/nitishbhattad/anaconda3/envs/flight-pipeline/lib/python3.11/site-packages/airflow/example_dags/example_sensor_decorator.py
[2026-06-06T20:31:45.140-0400] {logging_mixin.py:188} INFO - [2026-06-06T20:31:45.139-0400] {dag.py:3036} INFO - Sync 1 DAGs
[2026-06-06T20:31:45.149-0400] {logging_mixin.py:188} INFO - [2026-06-06T20:31:45.148-0400] {dag.py:3823} INFO - Setting next_dagrun for example_sensor_decorator to None, run_after=None
[2026-06-06T20:31:45.169-0400] {processor.py:183} INFO - Processing /Users/nitishbhattad/anaconda3/envs/flight-pipeline/lib/python3.11/site-packages/airflow/example_dags/example_sensor_decorator.py took 0.320 seconds
[2026-06-06T20:33:49.660-0400] {processor.py:161} INFO - Started process (PID=64973) to work on /Users/nitishbhattad/anaconda3/envs/flight-pipeline/lib/python3.11/site-packages/airflow/example_dags/example_sensor_decorator.py
[2026-06-06T20:33:49.661-0400] {processor.py:830} INFO - Processing file /Users/nitishbhattad/anaconda3/envs/flight-pipeline/lib/python3.11/site-packages/airflow/example_dags/example_sensor_decorator.py for tasks to queue
[2026-06-06T20:33:49.661-0400] {logging_mixin.py:188} INFO - [2026-06-06T20:33:49.661-0400] {dagbag.py:538} INFO - Filling up the DagBag from /Users/nitishbhattad/anaconda3/envs/flight-pipeline/lib/python3.11/site-packages/airflow/example_dags/example_sensor_decorator.py
[2026-06-06T20:33:49.674-0400] {processor.py:840} INFO - DAG(s) 'example_sensor_decorator' retrieved from /Users/nitishbhattad/anaconda3/envs/flight-pipeline/lib/python3.11/site-packages/airflow/example_dags/example_sensor_decorator.py
[2026-06-06T20:33:49.735-0400] {logging_mixin.py:188} INFO - [2026-06-06T20:33:49.734-0400] {dag.py:3036} INFO - Sync 1 DAGs
[2026-06-06T20:33:49.737-0400] {logging_mixin.py:188} INFO - [2026-06-06T20:33:49.737-0400] {dag.py:3823} INFO - Setting next_dagrun for example_sensor_decorator to None, run_after=None
[2026-06-06T20:33:49.745-0400] {processor.py:183} INFO - Processing /Users/nitishbhattad/anaconda3/envs/flight-pipeline/lib/python3.11/site-packages/airflow/example_dags/example_sensor_decorator.py took 0.086 seconds
[2026-06-06T20:35:47.434-0400] {processor.py:161} INFO - Started process (PID=65155) to work on /Users/nitishbhattad/anaconda3/envs/flight-pipeline/lib/python3.11/site-packages/airflow/example_dags/example_sensor_decorator.py
[2026-06-06T20:35:47.436-0400] {processor.py:830} INFO - Processing file /Users/nitishbhattad/anaconda3/envs/flight-pipeline/lib/python3.11/site-packages/airflow/example_dags/example_sensor_decorator.py for tasks to queue
[2026-06-06T20:35:47.436-0400] {logging_mixin.py:188} INFO - [2026-06-06T20:35:47.436-0400] {dagbag.py:538} INFO - Filling up the DagBag from /Users/nitishbhattad/anaconda3/envs/flight-pipeline/lib/python3.11/site-packages/airflow/example_dags/example_sensor_decorator.py
[2026-06-06T20:35:47.457-0400] {processor.py:840} INFO - DAG(s) 'example_sensor_decorator' retrieved from /Users/nitishbhattad/anaconda3/envs/flight-pipeline/lib/python3.11/site-packages/airflow/example_dags/example_sensor_decorator.py
[2026-06-06T20:35:47.539-0400] {logging_mixin.py:188} INFO - [2026-06-06T20:35:47.539-0400] {dag.py:3036} INFO - Sync 1 DAGs
[2026-06-06T20:35:47.543-0400] {logging_mixin.py:188} INFO - [2026-06-06T20:35:47.543-0400] {dag.py:3823} INFO - Setting next_dagrun for example_sensor_decorator to None, run_after=None
[2026-06-06T20:35:47.550-0400] {processor.py:183} INFO - Processing /Users/nitishbhattad/anaconda3/envs/flight-pipeline/lib/python3.11/site-packages/airflow/example_dags/example_sensor_decorator.py took 0.117 seconds
[2026-06-06T20:37:59.311-0400] {processor.py:161} INFO - Started process (PID=65349) to work on /Users/nitishbhattad/anaconda3/envs/flight-pipeline/lib/python3.11/site-packages/airflow/example_dags/example_sensor_decorator.py
[2026-06-06T20:37:59.313-0400] {processor.py:830} INFO - Processing file /Users/nitishbhattad/anaconda3/envs/flight-pipeline/lib/python3.11/site-packages/airflow/example_dags/example_sensor_decorator.py for tasks to queue
[2026-06-06T20:37:59.313-0400] {logging_mixin.py:188} INFO - [2026-06-06T20:37:59.313-0400] {dagbag.py:538} INFO - Filling up the DagBag from /Users/nitishbhattad/anaconda3/envs/flight-pipeline/lib/python3.11/site-packages/airflow/example_dags/example_sensor_decorator.py
[2026-06-06T20:37:59.328-0400] {processor.py:840} INFO - DAG(s) 'example_sensor_decorator' retrieved from /Users/nitishbhattad/anaconda3/envs/flight-pipeline/lib/python3.11/site-packages/airflow/example_dags/example_sensor_decorator.py
[2026-06-06T20:37:59.395-0400] {logging_mixin.py:188} INFO - [2026-06-06T20:37:59.395-0400] {dag.py:3036} INFO - Sync 1 DAGs
[2026-06-06T20:37:59.401-0400] {logging_mixin.py:188} INFO - [2026-06-06T20:37:59.401-0400] {dag.py:3823} INFO - Setting next_dagrun for example_sensor_decorator to None, run_after=None
[2026-06-06T20:37:59.412-0400] {processor.py:183} INFO - Processing /Users/nitishbhattad/anaconda3/envs/flight-pipeline/lib/python3.11/site-packages/airflow/example_dags/example_sensor_decorator.py took 0.104 seconds
[2026-06-06T20:40:04.631-0400] {processor.py:161} INFO - Started process (PID=65564) to work on /Users/nitishbhattad/anaconda3/envs/flight-pipeline/lib/python3.11/site-packages/airflow/example_dags/example_sensor_decorator.py
[2026-06-06T20:40:04.632-0400] {processor.py:830} INFO - Processing file /Users/nitishbhattad/anaconda3/envs/flight-pipeline/lib/python3.11/site-packages/airflow/example_dags/example_sensor_decorator.py for tasks to queue
[2026-06-06T20:40:04.632-0400] {logging_mixin.py:188} INFO - [2026-06-06T20:40:04.632-0400] {dagbag.py:538} INFO - Filling up the DagBag from /Users/nitishbhattad/anaconda3/envs/flight-pipeline/lib/python3.11/site-packages/airflow/example_dags/example_sensor_decorator.py
[2026-06-06T20:40:04.646-0400] {processor.py:840} INFO - DAG(s) 'example_sensor_decorator' retrieved from /Users/nitishbhattad/anaconda3/envs/flight-pipeline/lib/python3.11/site-packages/airflow/example_dags/example_sensor_decorator.py
[2026-06-06T20:40:04.728-0400] {logging_mixin.py:188} INFO - [2026-06-06T20:40:04.728-0400] {dag.py:3036} INFO - Sync 1 DAGs
[2026-06-06T20:40:04.732-0400] {logging_mixin.py:188} INFO - [2026-06-06T20:40:04.732-0400] {dag.py:3823} INFO - Setting next_dagrun for example_sensor_decorator to None, run_after=None
[2026-06-06T20:40:04.749-0400] {processor.py:183} INFO - Processing /Users/nitishbhattad/anaconda3/envs/flight-pipeline/lib/python3.11/site-packages/airflow/example_dags/example_sensor_decorator.py took 0.119 seconds
[2026-06-06T20:42:11.697-0400] {processor.py:161} INFO - Started process (PID=65788) to work on /Users/nitishbhattad/anaconda3/envs/flight-pipeline/lib/python3.11/site-packages/airflow/example_dags/example_sensor_decorator.py
[2026-06-06T20:42:11.699-0400] {processor.py:830} INFO - Processing file /Users/nitishbhattad/anaconda3/envs/flight-pipeline/lib/python3.11/site-packages/airflow/example_dags/example_sensor_decorator.py for tasks to queue
[2026-06-06T20:42:11.699-0400] {logging_mixin.py:188} INFO - [2026-06-06T20:42:11.699-0400] {dagbag.py:538} INFO - Filling up the DagBag from /Users/nitishbhattad/anaconda3/envs/flight-pipeline/lib/python3.11/site-packages/airflow/example_dags/example_sensor_decorator.py
[2026-06-06T20:42:11.719-0400] {processor.py:840} INFO - DAG(s) 'example_sensor_decorator' retrieved from /Users/nitishbhattad/anaconda3/envs/flight-pipeline/lib/python3.11/site-packages/airflow/example_dags/example_sensor_decorator.py
[2026-06-06T20:42:11.812-0400] {logging_mixin.py:188} INFO - [2026-06-06T20:42:11.812-0400] {dag.py:3036} INFO - Sync 1 DAGs
[2026-06-06T20:42:11.816-0400] {logging_mixin.py:188} INFO - [2026-06-06T20:42:11.815-0400] {dag.py:3823} INFO - Setting next_dagrun for example_sensor_decorator to None, run_after=None
[2026-06-06T20:42:11.828-0400] {processor.py:183} INFO - Processing /Users/nitishbhattad/anaconda3/envs/flight-pipeline/lib/python3.11/site-packages/airflow/example_dags/example_sensor_decorator.py took 0.133 seconds
[2026-06-06T20:44:15.362-0400] {processor.py:161} INFO - Started process (PID=65969) to work on /Users/nitishbhattad/anaconda3/envs/flight-pipeline/lib/python3.11/site-packages/airflow/example_dags/example_sensor_decorator.py
[2026-06-06T20:44:15.363-0400] {processor.py:830} INFO - Processing file /Users/nitishbhattad/anaconda3/envs/flight-pipeline/lib/python3.11/site-packages/airflow/example_dags/example_sensor_decorator.py for tasks to queue
[2026-06-06T20:44:15.363-0400] {logging_mixin.py:188} INFO - [2026-06-06T20:44:15.363-0400] {dagbag.py:538} INFO - Filling up the DagBag from /Users/nitishbhattad/anaconda3/envs/flight-pipeline/lib/python3.11/site-packages/airflow/example_dags/example_sensor_decorator.py
[2026-06-06T20:44:15.376-0400] {processor.py:840} INFO - DAG(s) 'example_sensor_decorator' retrieved from /Users/nitishbhattad/anaconda3/envs/flight-pipeline/lib/python3.11/site-packages/airflow/example_dags/example_sensor_decorator.py
[2026-06-06T20:44:15.435-0400] {logging_mixin.py:188} INFO - [2026-06-06T20:44:15.435-0400] {dag.py:3036} INFO - Sync 1 DAGs
[2026-06-06T20:44:15.438-0400] {logging_mixin.py:188} INFO - [2026-06-06T20:44:15.437-0400] {dag.py:3823} INFO - Setting next_dagrun for example_sensor_decorator to None, run_after=None
[2026-06-06T20:44:15.445-0400] {processor.py:183} INFO - Processing /Users/nitishbhattad/anaconda3/envs/flight-pipeline/lib/python3.11/site-packages/airflow/example_dags/example_sensor_decorator.py took 0.083 seconds
[2026-06-06T20:46:20.897-0400] {processor.py:161} INFO - Started process (PID=66163) to work on /Users/nitishbhattad/anaconda3/envs/flight-pipeline/lib/python3.11/site-packages/airflow/example_dags/example_sensor_decorator.py
[2026-06-06T20:46:20.898-0400] {processor.py:830} INFO - Processing file /Users/nitishbhattad/anaconda3/envs/flight-pipeline/lib/python3.11/site-packages/airflow/example_dags/example_sensor_decorator.py for tasks to queue
[2026-06-06T20:46:20.898-0400] {logging_mixin.py:188} INFO - [2026-06-06T20:46:20.898-0400] {dagbag.py:538} INFO - Filling up the DagBag from /Users/nitishbhattad/anaconda3/envs/flight-pipeline/lib/python3.11/site-packages/airflow/example_dags/example_sensor_decorator.py
[2026-06-06T20:46:20.914-0400] {processor.py:840} INFO - DAG(s) 'example_sensor_decorator' retrieved from /Users/nitishbhattad/anaconda3/envs/flight-pipeline/lib/python3.11/site-packages/airflow/example_dags/example_sensor_decorator.py
[2026-06-06T20:46:20.994-0400] {logging_mixin.py:188} INFO - [2026-06-06T20:46:20.993-0400] {dag.py:3036} INFO - Sync 1 DAGs
[2026-06-06T20:46:20.998-0400] {logging_mixin.py:188} INFO - [2026-06-06T20:46:20.997-0400] {dag.py:3823} INFO - Setting next_dagrun for example_sensor_decorator to None, run_after=None
[2026-06-06T20:46:21.007-0400] {processor.py:183} INFO - Processing /Users/nitishbhattad/anaconda3/envs/flight-pipeline/lib/python3.11/site-packages/airflow/example_dags/example_sensor_decorator.py took 0.110 seconds
[2026-06-06T20:48:22.950-0400] {processor.py:161} INFO - Started process (PID=66370) to work on /Users/nitishbhattad/anaconda3/envs/flight-pipeline/lib/python3.11/site-packages/airflow/example_dags/example_sensor_decorator.py
[2026-06-06T20:48:22.951-0400] {processor.py:830} INFO - Processing file /Users/nitishbhattad/anaconda3/envs/flight-pipeline/lib/python3.11/site-packages/airflow/example_dags/example_sensor_decorator.py for tasks to queue
[2026-06-06T20:48:22.952-0400] {logging_mixin.py:188} INFO - [2026-06-06T20:48:22.951-0400] {dagbag.py:538} INFO - Filling up the DagBag from /Users/nitishbhattad/anaconda3/envs/flight-pipeline/lib/python3.11/site-packages/airflow/example_dags/example_sensor_decorator.py
[2026-06-06T20:48:22.965-0400] {processor.py:840} INFO - DAG(s) 'example_sensor_decorator' retrieved from /Users/nitishbhattad/anaconda3/envs/flight-pipeline/lib/python3.11/site-packages/airflow/example_dags/example_sensor_decorator.py
[2026-06-06T20:48:23.026-0400] {logging_mixin.py:188} INFO - [2026-06-06T20:48:23.026-0400] {dag.py:3036} INFO - Sync 1 DAGs
[2026-06-06T20:48:23.029-0400] {logging_mixin.py:188} INFO - [2026-06-06T20:48:23.029-0400] {dag.py:3823} INFO - Setting next_dagrun for example_sensor_decorator to None, run_after=None
[2026-06-06T20:48:23.036-0400] {processor.py:183} INFO - Processing /Users/nitishbhattad/anaconda3/envs/flight-pipeline/lib/python3.11/site-packages/airflow/example_dags/example_sensor_decorator.py took 0.087 seconds
[2026-06-06T20:50:21.008-0400] {processor.py:161} INFO - Started process (PID=66563) to work on /Users/nitishbhattad/anaconda3/envs/flight-pipeline/lib/python3.11/site-packages/airflow/example_dags/example_sensor_decorator.py
[2026-06-06T20:50:21.009-0400] {processor.py:830} INFO - Processing file /Users/nitishbhattad/anaconda3/envs/flight-pipeline/lib/python3.11/site-packages/airflow/example_dags/example_sensor_decorator.py for tasks to queue
[2026-06-06T20:50:21.009-0400] {logging_mixin.py:188} INFO - [2026-06-06T20:50:21.009-0400] {dagbag.py:538} INFO - Filling up the DagBag from /Users/nitishbhattad/anaconda3/envs/flight-pipeline/lib/python3.11/site-packages/airflow/example_dags/example_sensor_decorator.py
[2026-06-06T20:50:21.024-0400] {processor.py:840} INFO - DAG(s) 'example_sensor_decorator' retrieved from /Users/nitishbhattad/anaconda3/envs/flight-pipeline/lib/python3.11/site-packages/airflow/example_dags/example_sensor_decorator.py
[2026-06-06T20:50:21.089-0400] {logging_mixin.py:188} INFO - [2026-06-06T20:50:21.089-0400] {dag.py:3036} INFO - Sync 1 DAGs
[2026-06-06T20:50:21.092-0400] {logging_mixin.py:188} INFO - [2026-06-06T20:50:21.092-0400] {dag.py:3823} INFO - Setting next_dagrun for example_sensor_decorator to None, run_after=None
[2026-06-06T20:50:21.101-0400] {processor.py:183} INFO - Processing /Users/nitishbhattad/anaconda3/envs/flight-pipeline/lib/python3.11/site-packages/airflow/example_dags/example_sensor_decorator.py took 0.094 seconds
