[2026-06-06T20:18:41.900-0400] {processor.py:161} INFO - Started process (PID=63539) to work on /Users/nitishbhattad/anaconda3/envs/flight-pipeline/lib/python3.11/site-packages/airflow/example_dags/example_xcom.py
[2026-06-06T20:18:41.901-0400] {processor.py:830} INFO - Processing file /Users/nitishbhattad/anaconda3/envs/flight-pipeline/lib/python3.11/site-packages/airflow/example_dags/example_xcom.py for tasks to queue
[2026-06-06T20:18:41.902-0400] {logging_mixin.py:188} INFO - [2026-06-06T20:18:41.902-0400] {dagbag.py:538} INFO - Filling up the DagBag from /Users/nitishbhattad/anaconda3/envs/flight-pipeline/lib/python3.11/site-packages/airflow/example_dags/example_xcom.py
[2026-06-06T20:18:41.945-0400] {processor.py:840} INFO - DAG(s) 'example_xcom' retrieved from /Users/nitishbhattad/anaconda3/envs/flight-pipeline/lib/python3.11/site-packages/airflow/example_dags/example_xcom.py
[2026-06-06T20:18:42.157-0400] {logging_mixin.py:188} INFO - [2026-06-06T20:18:42.156-0400] {override.py:1769} INFO - Created Permission View: can edit on DAG:example_xcom
[2026-06-06T20:18:42.165-0400] {logging_mixin.py:188} INFO - [2026-06-06T20:18:42.164-0400] {override.py:1769} INFO - Created Permission View: can delete on DAG:example_xcom
[2026-06-06T20:18:42.171-0400] {logging_mixin.py:188} INFO - [2026-06-06T20:18:42.171-0400] {override.py:1769} INFO - Created Permission View: can read on DAG:example_xcom
[2026-06-06T20:18:42.171-0400] {logging_mixin.py:188} INFO - [2026-06-06T20:18:42.171-0400] {dag.py:3036} INFO - Sync 1 DAGs
[2026-06-06T20:18:42.178-0400] {logging_mixin.py:188} INFO - [2026-06-06T20:18:42.178-0400] {dag.py:3058} INFO - Creating ORM DAG for example_xcom
[2026-06-06T20:18:42.181-0400] {logging_mixin.py:188} INFO - [2026-06-06T20:18:42.181-0400] {dag.py:3823} INFO - Setting next_dagrun for example_xcom to 2021-01-01 00:00:00+00:00, run_after=2021-01-01 00:00:00+00:00
[2026-06-06T20:18:42.192-0400] {processor.py:183} INFO - Processing /Users/nitishbhattad/anaconda3/envs/flight-pipeline/lib/python3.11/site-packages/airflow/example_dags/example_xcom.py took 0.293 seconds
[2026-06-06T20:20:13.326-0400] {processor.py:161} INFO - Started process (PID=63679) to work on /Users/nitishbhattad/anaconda3/envs/flight-pipeline/lib/python3.11/site-packages/airflow/example_dags/example_xcom.py
[2026-06-06T20:20:13.327-0400] {processor.py:830} INFO - Processing file /Users/nitishbhattad/anaconda3/envs/flight-pipeline/lib/python3.11/site-packages/airflow/example_dags/example_xcom.py for tasks to queue
[2026-06-06T20:20:13.327-0400] {logging_mixin.py:188} INFO - [2026-06-06T20:20:13.327-0400] {dagbag.py:538} INFO - Filling up the DagBag from /Users/nitishbhattad/anaconda3/envs/flight-pipeline/lib/python3.11/site-packages/airflow/example_dags/example_xcom.py
[2026-06-06T20:20:13.341-0400] {processor.py:840} INFO - DAG(s) 'example_xcom' retrieved from /Users/nitishbhattad/anaconda3/envs/flight-pipeline/lib/python3.11/site-packages/airflow/example_dags/example_xcom.py
[2026-06-06T20:20:13.396-0400] {logging_mixin.py:188} INFO - [2026-06-06T20:20:13.396-0400] {dag.py:3036} INFO - Sync 1 DAGs
[2026-06-06T20:20:13.401-0400] {logging_mixin.py:188} INFO - [2026-06-06T20:20:13.401-0400] {dag.py:3823} INFO - Setting next_dagrun for example_xcom to 2021-01-01 00:00:00+00:00, run_after=2021-01-01 00:00:00+00:00
[2026-06-06T20:20:13.408-0400] {processor.py:183} INFO - Processing /Users/nitishbhattad/anaconda3/envs/flight-pipeline/lib/python3.11/site-packages/airflow/example_dags/example_xcom.py took 0.083 seconds
[2026-06-06T20:21:18.784-0400] {processor.py:161} INFO - Started process (PID=63783) to work on /Users/nitishbhattad/anaconda3/envs/flight-pipeline/lib/python3.11/site-packages/airflow/example_dags/example_xcom.py
[2026-06-06T20:21:18.785-0400] {processor.py:830} INFO - Processing file /Users/nitishbhattad/anaconda3/envs/flight-pipeline/lib/python3.11/site-packages/airflow/example_dags/example_xcom.py for tasks to queue
[2026-06-06T20:21:18.785-0400] {logging_mixin.py:188} INFO - [2026-06-06T20:21:18.785-0400] {dagbag.py:538} INFO - Filling up the DagBag from /Users/nitishbhattad/anaconda3/envs/flight-pipeline/lib/python3.11/site-packages/airflow/example_dags/example_xcom.py
[2026-06-06T20:21:18.803-0400] {processor.py:840} INFO - DAG(s) 'example_xcom' retrieved from /Users/nitishbhattad/anaconda3/envs/flight-pipeline/lib/python3.11/site-packages/airflow/example_dags/example_xcom.py
[2026-06-06T20:21:18.873-0400] {logging_mixin.py:188} INFO - [2026-06-06T20:21:18.873-0400] {dag.py:3036} INFO - Sync 1 DAGs
[2026-06-06T20:21:18.881-0400] {logging_mixin.py:188} INFO - [2026-06-06T20:21:18.881-0400] {dag.py:3823} INFO - Setting next_dagrun for example_xcom to 2021-01-01 00:00:00+00:00, run_after=2021-01-01 00:00:00+00:00
[2026-06-06T20:21:18.891-0400] {processor.py:183} INFO - Processing /Users/nitishbhattad/anaconda3/envs/flight-pipeline/lib/python3.11/site-packages/airflow/example_dags/example_xcom.py took 0.107 seconds
[2026-06-06T20:23:29.665-0400] {processor.py:161} INFO - Started process (PID=64003) to work on /Users/nitishbhattad/anaconda3/envs/flight-pipeline/lib/python3.11/site-packages/airflow/example_dags/example_xcom.py
[2026-06-06T20:23:29.666-0400] {processor.py:830} INFO - Processing file /Users/nitishbhattad/anaconda3/envs/flight-pipeline/lib/python3.11/site-packages/airflow/example_dags/example_xcom.py for tasks to queue
[2026-06-06T20:23:29.666-0400] {logging_mixin.py:188} INFO - [2026-06-06T20:23:29.666-0400] {dagbag.py:538} INFO - Filling up the DagBag from /Users/nitishbhattad/anaconda3/envs/flight-pipeline/lib/python3.11/site-packages/airflow/example_dags/example_xcom.py
[2026-06-06T20:23:29.681-0400] {processor.py:840} INFO - DAG(s) 'example_xcom' retrieved from /Users/nitishbhattad/anaconda3/envs/flight-pipeline/lib/python3.11/site-packages/airflow/example_dags/example_xcom.py
[2026-06-06T20:23:29.747-0400] {logging_mixin.py:188} INFO - [2026-06-06T20:23:29.747-0400] {dag.py:3036} INFO - Sync 1 DAGs
[2026-06-06T20:23:29.753-0400] {logging_mixin.py:188} INFO - [2026-06-06T20:23:29.753-0400] {dag.py:3823} INFO - Setting next_dagrun for example_xcom to 2021-01-01 00:00:00+00:00, run_after=2021-01-01 00:00:00+00:00
[2026-06-06T20:23:29.762-0400] {processor.py:183} INFO - Processing /Users/nitishbhattad/anaconda3/envs/flight-pipeline/lib/python3.11/site-packages/airflow/example_dags/example_xcom.py took 0.098 seconds
[2026-06-06T20:24:42.820-0400] {processor.py:161} INFO - Started process (PID=64127) to work on /Users/nitishbhattad/anaconda3/envs/flight-pipeline/lib/python3.11/site-packages/airflow/example_dags/example_xcom.py
[2026-06-06T20:24:42.821-0400] {processor.py:830} INFO - Processing file /Users/nitishbhattad/anaconda3/envs/flight-pipeline/lib/python3.11/site-packages/airflow/example_dags/example_xcom.py for tasks to queue
[2026-06-06T20:24:42.821-0400] {logging_mixin.py:188} INFO - [2026-06-06T20:24:42.821-0400] {dagbag.py:538} INFO - Filling up the DagBag from /Users/nitishbhattad/anaconda3/envs/flight-pipeline/lib/python3.11/site-packages/airflow/example_dags/example_xcom.py
[2026-06-06T20:24:42.837-0400] {processor.py:840} INFO - DAG(s) 'example_xcom' retrieved from /Users/nitishbhattad/anaconda3/envs/flight-pipeline/lib/python3.11/site-packages/airflow/example_dags/example_xcom.py
[2026-06-06T20:24:42.902-0400] {logging_mixin.py:188} INFO - [2026-06-06T20:24:42.902-0400] {dag.py:3036} INFO - Sync 1 DAGs
[2026-06-06T20:24:42.907-0400] {logging_mixin.py:188} INFO - [2026-06-06T20:24:42.907-0400] {dag.py:3823} INFO - Setting next_dagrun for example_xcom to 2021-01-01 00:00:00+00:00, run_after=2021-01-01 00:00:00+00:00
[2026-06-06T20:24:42.915-0400] {processor.py:183} INFO - Processing /Users/nitishbhattad/anaconda3/envs/flight-pipeline/lib/python3.11/site-packages/airflow/example_dags/example_xcom.py took 0.096 seconds
[2026-06-06T20:25:48.255-0400] {processor.py:161} INFO - Started process (PID=64236) to work on /Users/nitishbhattad/anaconda3/envs/flight-pipeline/lib/python3.11/site-packages/airflow/example_dags/example_xcom.py
[2026-06-06T20:25:48.256-0400] {processor.py:830} INFO - Processing file /Users/nitishbhattad/anaconda3/envs/flight-pipeline/lib/python3.11/site-packages/airflow/example_dags/example_xcom.py for tasks to queue
[2026-06-06T20:25:48.256-0400] {logging_mixin.py:188} INFO - [2026-06-06T20:25:48.256-0400] {dagbag.py:538} INFO - Filling up the DagBag from /Users/nitishbhattad/anaconda3/envs/flight-pipeline/lib/python3.11/site-packages/airflow/example_dags/example_xcom.py
[2026-06-06T20:25:48.285-0400] {processor.py:840} INFO - DAG(s) 'example_xcom' retrieved from /Users/nitishbhattad/anaconda3/envs/flight-pipeline/lib/python3.11/site-packages/airflow/example_dags/example_xcom.py
[2026-06-06T20:25:48.349-0400] {logging_mixin.py:188} INFO - [2026-06-06T20:25:48.349-0400] {dag.py:3036} INFO - Sync 1 DAGs
[2026-06-06T20:25:48.356-0400] {logging_mixin.py:188} INFO - [2026-06-06T20:25:48.356-0400] {dag.py:3823} INFO - Setting next_dagrun for example_xcom to 2021-01-01 00:00:00+00:00, run_after=2021-01-01 00:00:00+00:00
[2026-06-06T20:25:48.366-0400] {processor.py:183} INFO - Processing /Users/nitishbhattad/anaconda3/envs/flight-pipeline/lib/python3.11/site-packages/airflow/example_dags/example_xcom.py took 0.112 seconds
[2026-06-06T20:26:57.972-0400] {processor.py:161} INFO - Started process (PID=64350) to work on /Users/nitishbhattad/anaconda3/envs/flight-pipeline/lib/python3.11/site-packages/airflow/example_dags/example_xcom.py
[2026-06-06T20:26:57.973-0400] {processor.py:830} INFO - Processing file /Users/nitishbhattad/anaconda3/envs/flight-pipeline/lib/python3.11/site-packages/airflow/example_dags/example_xcom.py for tasks to queue
[2026-06-06T20:26:57.973-0400] {logging_mixin.py:188} INFO - [2026-06-06T20:26:57.973-0400] {dagbag.py:538} INFO - Filling up the DagBag from /Users/nitishbhattad/anaconda3/envs/flight-pipeline/lib/python3.11/site-packages/airflow/example_dags/example_xcom.py
[2026-06-06T20:26:57.987-0400] {processor.py:840} INFO - DAG(s) 'example_xcom' retrieved from /Users/nitishbhattad/anaconda3/envs/flight-pipeline/lib/python3.11/site-packages/airflow/example_dags/example_xcom.py
[2026-06-06T20:26:58.042-0400] {logging_mixin.py:188} INFO - [2026-06-06T20:26:58.042-0400] {dag.py:3036} INFO - Sync 1 DAGs
[2026-06-06T20:26:58.047-0400] {logging_mixin.py:188} INFO - [2026-06-06T20:26:58.047-0400] {dag.py:3823} INFO - Setting next_dagrun for example_xcom to 2021-01-01 00:00:00+00:00, run_after=2021-01-01 00:00:00+00:00
[2026-06-06T20:26:58.054-0400] {processor.py:183} INFO - Processing /Users/nitishbhattad/anaconda3/envs/flight-pipeline/lib/python3.11/site-packages/airflow/example_dags/example_xcom.py took 0.083 seconds
[2026-06-06T20:28:04.669-0400] {processor.py:161} INFO - Started process (PID=64462) to work on /Users/nitishbhattad/anaconda3/envs/flight-pipeline/lib/python3.11/site-packages/airflow/example_dags/example_xcom.py
[2026-06-06T20:28:04.673-0400] {processor.py:830} INFO - Processing file /Users/nitishbhattad/anaconda3/envs/flight-pipeline/lib/python3.11/site-packages/airflow/example_dags/example_xcom.py for tasks to queue
[2026-06-06T20:28:04.673-0400] {logging_mixin.py:188} INFO - [2026-06-06T20:28:04.673-0400] {dagbag.py:538} INFO - Filling up the DagBag from /Users/nitishbhattad/anaconda3/envs/flight-pipeline/lib/python3.11/site-packages/airflow/example_dags/example_xcom.py
[2026-06-06T20:28:04.690-0400] {processor.py:840} INFO - DAG(s) 'example_xcom' retrieved from /Users/nitishbhattad/anaconda3/envs/flight-pipeline/lib/python3.11/site-packages/airflow/example_dags/example_xcom.py
[2026-06-06T20:28:04.754-0400] {logging_mixin.py:188} INFO - [2026-06-06T20:28:04.754-0400] {dag.py:3036} INFO - Sync 1 DAGs
[2026-06-06T20:28:04.760-0400] {logging_mixin.py:188} INFO - [2026-06-06T20:28:04.760-0400] {dag.py:3823} INFO - Setting next_dagrun for example_xcom to 2021-01-01 00:00:00+00:00, run_after=2021-01-01 00:00:00+00:00
[2026-06-06T20:28:04.767-0400] {processor.py:183} INFO - Processing /Users/nitishbhattad/anaconda3/envs/flight-pipeline/lib/python3.11/site-packages/airflow/example_dags/example_xcom.py took 0.099 seconds
[2026-06-06T20:29:02.548-0400] {processor.py:161} INFO - Started process (PID=64549) to work on /Users/nitishbhattad/anaconda3/envs/flight-pipeline/lib/python3.11/site-packages/airflow/example_dags/example_xcom.py
[2026-06-06T20:29:02.549-0400] {processor.py:830} INFO - Processing file /Users/nitishbhattad/anaconda3/envs/flight-pipeline/lib/python3.11/site-packages/airflow/example_dags/example_xcom.py for tasks to queue
[2026-06-06T20:29:02.549-0400] {logging_mixin.py:188} INFO - [2026-06-06T20:29:02.549-0400] {dagbag.py:538} INFO - Filling up the DagBag from /Users/nitishbhattad/anaconda3/envs/flight-pipeline/lib/python3.11/site-packages/airflow/example_dags/example_xcom.py
[2026-06-06T20:29:02.563-0400] {processor.py:840} INFO - DAG(s) 'example_xcom' retrieved from /Users/nitishbhattad/anaconda3/envs/flight-pipeline/lib/python3.11/site-packages/airflow/example_dags/example_xcom.py
[2026-06-06T20:29:02.623-0400] {logging_mixin.py:188} INFO - [2026-06-06T20:29:02.623-0400] {dag.py:3036} INFO - Sync 1 DAGs
[2026-06-06T20:29:02.628-0400] {logging_mixin.py:188} INFO - [2026-06-06T20:29:02.628-0400] {dag.py:3823} INFO - Setting next_dagrun for example_xcom to 2021-01-01 00:00:00+00:00, run_after=2021-01-01 00:00:00+00:00
[2026-06-06T20:29:02.636-0400] {processor.py:183} INFO - Processing /Users/nitishbhattad/anaconda3/envs/flight-pipeline/lib/python3.11/site-packages/airflow/example_dags/example_xcom.py took 0.089 seconds
[2026-06-06T20:30:01.163-0400] {processor.py:161} INFO - Started process (PID=64626) to work on /Users/nitishbhattad/anaconda3/envs/flight-pipeline/lib/python3.11/site-packages/airflow/example_dags/example_xcom.py
[2026-06-06T20:30:01.164-0400] {processor.py:830} INFO - Processing file /Users/nitishbhattad/anaconda3/envs/flight-pipeline/lib/python3.11/site-packages/airflow/example_dags/example_xcom.py for tasks to queue
[2026-06-06T20:30:01.164-0400] {logging_mixin.py:188} INFO - [2026-06-06T20:30:01.164-0400] {dagbag.py:538} INFO - Filling up the DagBag from /Users/nitishbhattad/anaconda3/envs/flight-pipeline/lib/python3.11/site-packages/airflow/example_dags/example_xcom.py
[2026-06-06T20:30:01.179-0400] {processor.py:840} INFO - DAG(s) 'example_xcom' retrieved from /Users/nitishbhattad/anaconda3/envs/flight-pipeline/lib/python3.11/site-packages/airflow/example_dags/example_xcom.py
[2026-06-06T20:30:01.236-0400] {logging_mixin.py:188} INFO - [2026-06-06T20:30:01.236-0400] {dag.py:3036} INFO - Sync 1 DAGs
[2026-06-06T20:30:01.241-0400] {logging_mixin.py:188} INFO - [2026-06-06T20:30:01.241-0400] {dag.py:3823} INFO - Setting next_dagrun for example_xcom to 2021-01-01 00:00:00+00:00, run_after=2021-01-01 00:00:00+00:00
[2026-06-06T20:30:01.248-0400] {processor.py:183} INFO - Processing /Users/nitishbhattad/anaconda3/envs/flight-pipeline/lib/python3.11/site-packages/airflow/example_dags/example_xcom.py took 0.086 seconds
[2026-06-06T20:31:14.041-0400] {processor.py:161} INFO - Started process (PID=64741) to work on /Users/nitishbhattad/anaconda3/envs/flight-pipeline/lib/python3.11/site-packages/airflow/example_dags/example_xcom.py
[2026-06-06T20:31:14.042-0400] {processor.py:830} INFO - Processing file /Users/nitishbhattad/anaconda3/envs/flight-pipeline/lib/python3.11/site-packages/airflow/example_dags/example_xcom.py for tasks to queue
[2026-06-06T20:31:14.043-0400] {logging_mixin.py:188} INFO - [2026-06-06T20:31:14.043-0400] {dagbag.py:538} INFO - Filling up the DagBag from /Users/nitishbhattad/anaconda3/envs/flight-pipeline/lib/python3.11/site-packages/airflow/example_dags/example_xcom.py
[2026-06-06T20:31:14.064-0400] {processor.py:840} INFO - DAG(s) 'example_xcom' retrieved from /Users/nitishbhattad/anaconda3/envs/flight-pipeline/lib/python3.11/site-packages/airflow/example_dags/example_xcom.py
[2026-06-06T20:31:14.156-0400] {logging_mixin.py:188} INFO - [2026-06-06T20:31:14.155-0400] {dag.py:3036} INFO - Sync 1 DAGs
[2026-06-06T20:31:14.170-0400] {logging_mixin.py:188} INFO - [2026-06-06T20:31:14.169-0400] {dag.py:3823} INFO - Setting next_dagrun for example_xcom to 2021-01-01 00:00:00+00:00, run_after=2021-01-01 00:00:00+00:00
[2026-06-06T20:31:14.188-0400] {processor.py:183} INFO - Processing /Users/nitishbhattad/anaconda3/envs/flight-pipeline/lib/python3.11/site-packages/airflow/example_dags/example_xcom.py took 0.147 seconds
[2026-06-06T20:32:30.820-0400] {processor.py:161} INFO - Started process (PID=64851) to work on /Users/nitishbhattad/anaconda3/envs/flight-pipeline/lib/python3.11/site-packages/airflow/example_dags/example_xcom.py
[2026-06-06T20:32:30.821-0400] {processor.py:830} INFO - Processing file /Users/nitishbhattad/anaconda3/envs/flight-pipeline/lib/python3.11/site-packages/airflow/example_dags/example_xcom.py for tasks to queue
[2026-06-06T20:32:30.822-0400] {logging_mixin.py:188} INFO - [2026-06-06T20:32:30.822-0400] {dagbag.py:538} INFO - Filling up the DagBag from /Users/nitishbhattad/anaconda3/envs/flight-pipeline/lib/python3.11/site-packages/airflow/example_dags/example_xcom.py
[2026-06-06T20:32:30.844-0400] {processor.py:840} INFO - DAG(s) 'example_xcom' retrieved from /Users/nitishbhattad/anaconda3/envs/flight-pipeline/lib/python3.11/site-packages/airflow/example_dags/example_xcom.py
[2026-06-06T20:32:30.917-0400] {logging_mixin.py:188} INFO - [2026-06-06T20:32:30.917-0400] {dag.py:3036} INFO - Sync 1 DAGs
[2026-06-06T20:32:30.923-0400] {logging_mixin.py:188} INFO - [2026-06-06T20:32:30.923-0400] {dag.py:3823} INFO - Setting next_dagrun for example_xcom to 2021-01-01 00:00:00+00:00, run_after=2021-01-01 00:00:00+00:00
[2026-06-06T20:32:30.931-0400] {processor.py:183} INFO - Processing /Users/nitishbhattad/anaconda3/envs/flight-pipeline/lib/python3.11/site-packages/airflow/example_dags/example_xcom.py took 0.112 seconds
[2026-06-06T20:33:34.132-0400] {processor.py:161} INFO - Started process (PID=64948) to work on /Users/nitishbhattad/anaconda3/envs/flight-pipeline/lib/python3.11/site-packages/airflow/example_dags/example_xcom.py
[2026-06-06T20:33:34.134-0400] {processor.py:830} INFO - Processing file /Users/nitishbhattad/anaconda3/envs/flight-pipeline/lib/python3.11/site-packages/airflow/example_dags/example_xcom.py for tasks to queue
[2026-06-06T20:33:34.134-0400] {logging_mixin.py:188} INFO - [2026-06-06T20:33:34.134-0400] {dagbag.py:538} INFO - Filling up the DagBag from /Users/nitishbhattad/anaconda3/envs/flight-pipeline/lib/python3.11/site-packages/airflow/example_dags/example_xcom.py
[2026-06-06T20:33:34.151-0400] {processor.py:840} INFO - DAG(s) 'example_xcom' retrieved from /Users/nitishbhattad/anaconda3/envs/flight-pipeline/lib/python3.11/site-packages/airflow/example_dags/example_xcom.py
[2026-06-06T20:33:34.250-0400] {logging_mixin.py:188} INFO - [2026-06-06T20:33:34.250-0400] {dag.py:3036} INFO - Sync 1 DAGs
[2026-06-06T20:33:34.260-0400] {logging_mixin.py:188} INFO - [2026-06-06T20:33:34.259-0400] {dag.py:3823} INFO - Setting next_dagrun for example_xcom to 2021-01-01 00:00:00+00:00, run_after=2021-01-01 00:00:00+00:00
[2026-06-06T20:33:34.289-0400] {processor.py:183} INFO - Processing /Users/nitishbhattad/anaconda3/envs/flight-pipeline/lib/python3.11/site-packages/airflow/example_dags/example_xcom.py took 0.157 seconds
[2026-06-06T20:34:35.555-0400] {processor.py:161} INFO - Started process (PID=65041) to work on /Users/nitishbhattad/anaconda3/envs/flight-pipeline/lib/python3.11/site-packages/airflow/example_dags/example_xcom.py
[2026-06-06T20:34:35.557-0400] {processor.py:830} INFO - Processing file /Users/nitishbhattad/anaconda3/envs/flight-pipeline/lib/python3.11/site-packages/airflow/example_dags/example_xcom.py for tasks to queue
[2026-06-06T20:34:35.558-0400] {logging_mixin.py:188} INFO - [2026-06-06T20:34:35.558-0400] {dagbag.py:538} INFO - Filling up the DagBag from /Users/nitishbhattad/anaconda3/envs/flight-pipeline/lib/python3.11/site-packages/airflow/example_dags/example_xcom.py
[2026-06-06T20:34:35.577-0400] {processor.py:840} INFO - DAG(s) 'example_xcom' retrieved from /Users/nitishbhattad/anaconda3/envs/flight-pipeline/lib/python3.11/site-packages/airflow/example_dags/example_xcom.py
[2026-06-06T20:34:35.650-0400] {logging_mixin.py:188} INFO - [2026-06-06T20:34:35.650-0400] {dag.py:3036} INFO - Sync 1 DAGs
[2026-06-06T20:34:35.655-0400] {logging_mixin.py:188} INFO - [2026-06-06T20:34:35.655-0400] {dag.py:3823} INFO - Setting next_dagrun for example_xcom to 2021-01-01 00:00:00+00:00, run_after=2021-01-01 00:00:00+00:00
[2026-06-06T20:34:35.663-0400] {processor.py:183} INFO - Processing /Users/nitishbhattad/anaconda3/envs/flight-pipeline/lib/python3.11/site-packages/airflow/example_dags/example_xcom.py took 0.108 seconds
[2026-06-06T20:35:33.470-0400] {processor.py:161} INFO - Started process (PID=65130) to work on /Users/nitishbhattad/anaconda3/envs/flight-pipeline/lib/python3.11/site-packages/airflow/example_dags/example_xcom.py
[2026-06-06T20:35:33.472-0400] {processor.py:830} INFO - Processing file /Users/nitishbhattad/anaconda3/envs/flight-pipeline/lib/python3.11/site-packages/airflow/example_dags/example_xcom.py for tasks to queue
[2026-06-06T20:35:33.472-0400] {logging_mixin.py:188} INFO - [2026-06-06T20:35:33.472-0400] {dagbag.py:538} INFO - Filling up the DagBag from /Users/nitishbhattad/anaconda3/envs/flight-pipeline/lib/python3.11/site-packages/airflow/example_dags/example_xcom.py
[2026-06-06T20:35:33.491-0400] {processor.py:840} INFO - DAG(s) 'example_xcom' retrieved from /Users/nitishbhattad/anaconda3/envs/flight-pipeline/lib/python3.11/site-packages/airflow/example_dags/example_xcom.py
[2026-06-06T20:35:33.552-0400] {logging_mixin.py:188} INFO - [2026-06-06T20:35:33.552-0400] {dag.py:3036} INFO - Sync 1 DAGs
[2026-06-06T20:35:33.558-0400] {logging_mixin.py:188} INFO - [2026-06-06T20:35:33.557-0400] {dag.py:3823} INFO - Setting next_dagrun for example_xcom to 2021-01-01 00:00:00+00:00, run_after=2021-01-01 00:00:00+00:00
[2026-06-06T20:35:33.568-0400] {processor.py:183} INFO - Processing /Users/nitishbhattad/anaconda3/envs/flight-pipeline/lib/python3.11/site-packages/airflow/example_dags/example_xcom.py took 0.099 seconds
[2026-06-06T20:36:34.952-0400] {processor.py:161} INFO - Started process (PID=65218) to work on /Users/nitishbhattad/anaconda3/envs/flight-pipeline/lib/python3.11/site-packages/airflow/example_dags/example_xcom.py
[2026-06-06T20:36:34.953-0400] {processor.py:830} INFO - Processing file /Users/nitishbhattad/anaconda3/envs/flight-pipeline/lib/python3.11/site-packages/airflow/example_dags/example_xcom.py for tasks to queue
[2026-06-06T20:36:34.954-0400] {logging_mixin.py:188} INFO - [2026-06-06T20:36:34.953-0400] {dagbag.py:538} INFO - Filling up the DagBag from /Users/nitishbhattad/anaconda3/envs/flight-pipeline/lib/python3.11/site-packages/airflow/example_dags/example_xcom.py
[2026-06-06T20:36:34.970-0400] {processor.py:840} INFO - DAG(s) 'example_xcom' retrieved from /Users/nitishbhattad/anaconda3/envs/flight-pipeline/lib/python3.11/site-packages/airflow/example_dags/example_xcom.py
[2026-06-06T20:36:35.032-0400] {logging_mixin.py:188} INFO - [2026-06-06T20:36:35.032-0400] {dag.py:3036} INFO - Sync 1 DAGs
[2026-06-06T20:36:35.038-0400] {logging_mixin.py:188} INFO - [2026-06-06T20:36:35.038-0400] {dag.py:3823} INFO - Setting next_dagrun for example_xcom to 2021-01-01 00:00:00+00:00, run_after=2021-01-01 00:00:00+00:00
[2026-06-06T20:36:35.045-0400] {processor.py:183} INFO - Processing /Users/nitishbhattad/anaconda3/envs/flight-pipeline/lib/python3.11/site-packages/airflow/example_dags/example_xcom.py took 0.093 seconds
[2026-06-06T20:37:40.657-0400] {processor.py:161} INFO - Started process (PID=65324) to work on /Users/nitishbhattad/anaconda3/envs/flight-pipeline/lib/python3.11/site-packages/airflow/example_dags/example_xcom.py
[2026-06-06T20:37:40.660-0400] {processor.py:830} INFO - Processing file /Users/nitishbhattad/anaconda3/envs/flight-pipeline/lib/python3.11/site-packages/airflow/example_dags/example_xcom.py for tasks to queue
[2026-06-06T20:37:40.660-0400] {logging_mixin.py:188} INFO - [2026-06-06T20:37:40.660-0400] {dagbag.py:538} INFO - Filling up the DagBag from /Users/nitishbhattad/anaconda3/envs/flight-pipeline/lib/python3.11/site-packages/airflow/example_dags/example_xcom.py
[2026-06-06T20:37:40.674-0400] {processor.py:840} INFO - DAG(s) 'example_xcom' retrieved from /Users/nitishbhattad/anaconda3/envs/flight-pipeline/lib/python3.11/site-packages/airflow/example_dags/example_xcom.py
[2026-06-06T20:37:40.731-0400] {logging_mixin.py:188} INFO - [2026-06-06T20:37:40.731-0400] {dag.py:3036} INFO - Sync 1 DAGs
[2026-06-06T20:37:40.737-0400] {logging_mixin.py:188} INFO - [2026-06-06T20:37:40.736-0400] {dag.py:3823} INFO - Setting next_dagrun for example_xcom to 2021-01-01 00:00:00+00:00, run_after=2021-01-01 00:00:00+00:00
[2026-06-06T20:37:40.744-0400] {processor.py:183} INFO - Processing /Users/nitishbhattad/anaconda3/envs/flight-pipeline/lib/python3.11/site-packages/airflow/example_dags/example_xcom.py took 0.088 seconds
[2026-06-06T20:38:45.715-0400] {processor.py:161} INFO - Started process (PID=65416) to work on /Users/nitishbhattad/anaconda3/envs/flight-pipeline/lib/python3.11/site-packages/airflow/example_dags/example_xcom.py
[2026-06-06T20:38:45.716-0400] {processor.py:830} INFO - Processing file /Users/nitishbhattad/anaconda3/envs/flight-pipeline/lib/python3.11/site-packages/airflow/example_dags/example_xcom.py for tasks to queue
[2026-06-06T20:38:45.716-0400] {logging_mixin.py:188} INFO - [2026-06-06T20:38:45.716-0400] {dagbag.py:538} INFO - Filling up the DagBag from /Users/nitishbhattad/anaconda3/envs/flight-pipeline/lib/python3.11/site-packages/airflow/example_dags/example_xcom.py
[2026-06-06T20:38:45.730-0400] {processor.py:840} INFO - DAG(s) 'example_xcom' retrieved from /Users/nitishbhattad/anaconda3/envs/flight-pipeline/lib/python3.11/site-packages/airflow/example_dags/example_xcom.py
[2026-06-06T20:38:45.793-0400] {logging_mixin.py:188} INFO - [2026-06-06T20:38:45.793-0400] {dag.py:3036} INFO - Sync 1 DAGs
[2026-06-06T20:38:45.800-0400] {logging_mixin.py:188} INFO - [2026-06-06T20:38:45.800-0400] {dag.py:3823} INFO - Setting next_dagrun for example_xcom to 2021-01-01 00:00:00+00:00, run_after=2021-01-01 00:00:00+00:00
[2026-06-06T20:38:45.808-0400] {processor.py:183} INFO - Processing /Users/nitishbhattad/anaconda3/envs/flight-pipeline/lib/python3.11/site-packages/airflow/example_dags/example_xcom.py took 0.094 seconds
[2026-06-06T20:39:47.280-0400] {processor.py:161} INFO - Started process (PID=65543) to work on /Users/nitishbhattad/anaconda3/envs/flight-pipeline/lib/python3.11/site-packages/airflow/example_dags/example_xcom.py
[2026-06-06T20:39:47.281-0400] {processor.py:830} INFO - Processing file /Users/nitishbhattad/anaconda3/envs/flight-pipeline/lib/python3.11/site-packages/airflow/example_dags/example_xcom.py for tasks to queue
[2026-06-06T20:39:47.282-0400] {logging_mixin.py:188} INFO - [2026-06-06T20:39:47.282-0400] {dagbag.py:538} INFO - Filling up the DagBag from /Users/nitishbhattad/anaconda3/envs/flight-pipeline/lib/python3.11/site-packages/airflow/example_dags/example_xcom.py
[2026-06-06T20:39:47.299-0400] {processor.py:840} INFO - DAG(s) 'example_xcom' retrieved from /Users/nitishbhattad/anaconda3/envs/flight-pipeline/lib/python3.11/site-packages/airflow/example_dags/example_xcom.py
[2026-06-06T20:39:47.368-0400] {logging_mixin.py:188} INFO - [2026-06-06T20:39:47.368-0400] {dag.py:3036} INFO - Sync 1 DAGs
[2026-06-06T20:39:47.375-0400] {logging_mixin.py:188} INFO - [2026-06-06T20:39:47.375-0400] {dag.py:3823} INFO - Setting next_dagrun for example_xcom to 2021-01-01 00:00:00+00:00, run_after=2021-01-01 00:00:00+00:00
[2026-06-06T20:39:47.382-0400] {processor.py:183} INFO - Processing /Users/nitishbhattad/anaconda3/envs/flight-pipeline/lib/python3.11/site-packages/airflow/example_dags/example_xcom.py took 0.103 seconds
[2026-06-06T20:40:51.874-0400] {processor.py:161} INFO - Started process (PID=65677) to work on /Users/nitishbhattad/anaconda3/envs/flight-pipeline/lib/python3.11/site-packages/airflow/example_dags/example_xcom.py
[2026-06-06T20:40:51.875-0400] {processor.py:830} INFO - Processing file /Users/nitishbhattad/anaconda3/envs/flight-pipeline/lib/python3.11/site-packages/airflow/example_dags/example_xcom.py for tasks to queue
[2026-06-06T20:40:51.875-0400] {logging_mixin.py:188} INFO - [2026-06-06T20:40:51.875-0400] {dagbag.py:538} INFO - Filling up the DagBag from /Users/nitishbhattad/anaconda3/envs/flight-pipeline/lib/python3.11/site-packages/airflow/example_dags/example_xcom.py
[2026-06-06T20:40:51.911-0400] {processor.py:840} INFO - DAG(s) 'example_xcom' retrieved from /Users/nitishbhattad/anaconda3/envs/flight-pipeline/lib/python3.11/site-packages/airflow/example_dags/example_xcom.py
[2026-06-06T20:40:52.046-0400] {logging_mixin.py:188} INFO - [2026-06-06T20:40:52.046-0400] {dag.py:3036} INFO - Sync 1 DAGs
[2026-06-06T20:40:52.055-0400] {logging_mixin.py:188} INFO - [2026-06-06T20:40:52.055-0400] {dag.py:3823} INFO - Setting next_dagrun for example_xcom to 2021-01-01 00:00:00+00:00, run_after=2021-01-01 00:00:00+00:00
[2026-06-06T20:40:52.076-0400] {processor.py:183} INFO - Processing /Users/nitishbhattad/anaconda3/envs/flight-pipeline/lib/python3.11/site-packages/airflow/example_dags/example_xcom.py took 0.204 seconds
[2026-06-06T20:41:57.643-0400] {processor.py:161} INFO - Started process (PID=65768) to work on /Users/nitishbhattad/anaconda3/envs/flight-pipeline/lib/python3.11/site-packages/airflow/example_dags/example_xcom.py
[2026-06-06T20:41:57.645-0400] {processor.py:830} INFO - Processing file /Users/nitishbhattad/anaconda3/envs/flight-pipeline/lib/python3.11/site-packages/airflow/example_dags/example_xcom.py for tasks to queue
[2026-06-06T20:41:57.645-0400] {logging_mixin.py:188} INFO - [2026-06-06T20:41:57.645-0400] {dagbag.py:538} INFO - Filling up the DagBag from /Users/nitishbhattad/anaconda3/envs/flight-pipeline/lib/python3.11/site-packages/airflow/example_dags/example_xcom.py
[2026-06-06T20:41:57.659-0400] {processor.py:840} INFO - DAG(s) 'example_xcom' retrieved from /Users/nitishbhattad/anaconda3/envs/flight-pipeline/lib/python3.11/site-packages/airflow/example_dags/example_xcom.py
[2026-06-06T20:41:57.725-0400] {logging_mixin.py:188} INFO - [2026-06-06T20:41:57.725-0400] {dag.py:3036} INFO - Sync 1 DAGs
[2026-06-06T20:41:57.731-0400] {logging_mixin.py:188} INFO - [2026-06-06T20:41:57.730-0400] {dag.py:3823} INFO - Setting next_dagrun for example_xcom to 2021-01-01 00:00:00+00:00, run_after=2021-01-01 00:00:00+00:00
[2026-06-06T20:41:57.739-0400] {processor.py:183} INFO - Processing /Users/nitishbhattad/anaconda3/envs/flight-pipeline/lib/python3.11/site-packages/airflow/example_dags/example_xcom.py took 0.098 seconds
[2026-06-06T20:42:56.805-0400] {processor.py:161} INFO - Started process (PID=65856) to work on /Users/nitishbhattad/anaconda3/envs/flight-pipeline/lib/python3.11/site-packages/airflow/example_dags/example_xcom.py
[2026-06-06T20:42:56.808-0400] {processor.py:830} INFO - Processing file /Users/nitishbhattad/anaconda3/envs/flight-pipeline/lib/python3.11/site-packages/airflow/example_dags/example_xcom.py for tasks to queue
[2026-06-06T20:42:56.808-0400] {logging_mixin.py:188} INFO - [2026-06-06T20:42:56.808-0400] {dagbag.py:538} INFO - Filling up the DagBag from /Users/nitishbhattad/anaconda3/envs/flight-pipeline/lib/python3.11/site-packages/airflow/example_dags/example_xcom.py
[2026-06-06T20:42:56.825-0400] {processor.py:840} INFO - DAG(s) 'example_xcom' retrieved from /Users/nitishbhattad/anaconda3/envs/flight-pipeline/lib/python3.11/site-packages/airflow/example_dags/example_xcom.py
[2026-06-06T20:42:56.888-0400] {logging_mixin.py:188} INFO - [2026-06-06T20:42:56.888-0400] {dag.py:3036} INFO - Sync 1 DAGs
[2026-06-06T20:42:56.893-0400] {logging_mixin.py:188} INFO - [2026-06-06T20:42:56.893-0400] {dag.py:3823} INFO - Setting next_dagrun for example_xcom to 2021-01-01 00:00:00+00:00, run_after=2021-01-01 00:00:00+00:00
[2026-06-06T20:42:56.901-0400] {processor.py:183} INFO - Processing /Users/nitishbhattad/anaconda3/envs/flight-pipeline/lib/python3.11/site-packages/airflow/example_dags/example_xcom.py took 0.096 seconds
[2026-06-06T20:43:57.471-0400] {processor.py:161} INFO - Started process (PID=65944) to work on /Users/nitishbhattad/anaconda3/envs/flight-pipeline/lib/python3.11/site-packages/airflow/example_dags/example_xcom.py
[2026-06-06T20:43:57.474-0400] {processor.py:830} INFO - Processing file /Users/nitishbhattad/anaconda3/envs/flight-pipeline/lib/python3.11/site-packages/airflow/example_dags/example_xcom.py for tasks to queue
[2026-06-06T20:43:57.475-0400] {logging_mixin.py:188} INFO - [2026-06-06T20:43:57.475-0400] {dagbag.py:538} INFO - Filling up the DagBag from /Users/nitishbhattad/anaconda3/envs/flight-pipeline/lib/python3.11/site-packages/airflow/example_dags/example_xcom.py
[2026-06-06T20:43:57.489-0400] {processor.py:840} INFO - DAG(s) 'example_xcom' retrieved from /Users/nitishbhattad/anaconda3/envs/flight-pipeline/lib/python3.11/site-packages/airflow/example_dags/example_xcom.py
[2026-06-06T20:43:57.557-0400] {logging_mixin.py:188} INFO - [2026-06-06T20:43:57.557-0400] {dag.py:3036} INFO - Sync 1 DAGs
[2026-06-06T20:43:57.563-0400] {logging_mixin.py:188} INFO - [2026-06-06T20:43:57.563-0400] {dag.py:3823} INFO - Setting next_dagrun for example_xcom to 2021-01-01 00:00:00+00:00, run_after=2021-01-01 00:00:00+00:00
[2026-06-06T20:43:57.570-0400] {processor.py:183} INFO - Processing /Users/nitishbhattad/anaconda3/envs/flight-pipeline/lib/python3.11/site-packages/airflow/example_dags/example_xcom.py took 0.099 seconds
[2026-06-06T20:45:01.713-0400] {processor.py:161} INFO - Started process (PID=66046) to work on /Users/nitishbhattad/anaconda3/envs/flight-pipeline/lib/python3.11/site-packages/airflow/example_dags/example_xcom.py
[2026-06-06T20:45:01.714-0400] {processor.py:830} INFO - Processing file /Users/nitishbhattad/anaconda3/envs/flight-pipeline/lib/python3.11/site-packages/airflow/example_dags/example_xcom.py for tasks to queue
[2026-06-06T20:45:01.714-0400] {logging_mixin.py:188} INFO - [2026-06-06T20:45:01.714-0400] {dagbag.py:538} INFO - Filling up the DagBag from /Users/nitishbhattad/anaconda3/envs/flight-pipeline/lib/python3.11/site-packages/airflow/example_dags/example_xcom.py
[2026-06-06T20:45:01.736-0400] {processor.py:840} INFO - DAG(s) 'example_xcom' retrieved from /Users/nitishbhattad/anaconda3/envs/flight-pipeline/lib/python3.11/site-packages/airflow/example_dags/example_xcom.py
[2026-06-06T20:45:01.835-0400] {logging_mixin.py:188} INFO - [2026-06-06T20:45:01.835-0400] {dag.py:3036} INFO - Sync 1 DAGs
[2026-06-06T20:45:01.845-0400] {logging_mixin.py:188} INFO - [2026-06-06T20:45:01.845-0400] {dag.py:3823} INFO - Setting next_dagrun for example_xcom to 2021-01-01 00:00:00+00:00, run_after=2021-01-01 00:00:00+00:00
[2026-06-06T20:45:01.857-0400] {processor.py:183} INFO - Processing /Users/nitishbhattad/anaconda3/envs/flight-pipeline/lib/python3.11/site-packages/airflow/example_dags/example_xcom.py took 0.145 seconds
[2026-06-06T20:46:03.379-0400] {processor.py:161} INFO - Started process (PID=66136) to work on /Users/nitishbhattad/anaconda3/envs/flight-pipeline/lib/python3.11/site-packages/airflow/example_dags/example_xcom.py
[2026-06-06T20:46:03.389-0400] {processor.py:830} INFO - Processing file /Users/nitishbhattad/anaconda3/envs/flight-pipeline/lib/python3.11/site-packages/airflow/example_dags/example_xcom.py for tasks to queue
[2026-06-06T20:46:03.390-0400] {logging_mixin.py:188} INFO - [2026-06-06T20:46:03.389-0400] {dagbag.py:538} INFO - Filling up the DagBag from /Users/nitishbhattad/anaconda3/envs/flight-pipeline/lib/python3.11/site-packages/airflow/example_dags/example_xcom.py
[2026-06-06T20:46:03.447-0400] {processor.py:840} INFO - DAG(s) 'example_xcom' retrieved from /Users/nitishbhattad/anaconda3/envs/flight-pipeline/lib/python3.11/site-packages/airflow/example_dags/example_xcom.py
[2026-06-06T20:46:03.548-0400] {logging_mixin.py:188} INFO - [2026-06-06T20:46:03.547-0400] {dag.py:3036} INFO - Sync 1 DAGs
[2026-06-06T20:46:03.556-0400] {logging_mixin.py:188} INFO - [2026-06-06T20:46:03.556-0400] {dag.py:3823} INFO - Setting next_dagrun for example_xcom to 2021-01-01 00:00:00+00:00, run_after=2021-01-01 00:00:00+00:00
[2026-06-06T20:46:03.565-0400] {processor.py:183} INFO - Processing /Users/nitishbhattad/anaconda3/envs/flight-pipeline/lib/python3.11/site-packages/airflow/example_dags/example_xcom.py took 0.188 seconds
[2026-06-06T20:47:08.009-0400] {processor.py:161} INFO - Started process (PID=66247) to work on /Users/nitishbhattad/anaconda3/envs/flight-pipeline/lib/python3.11/site-packages/airflow/example_dags/example_xcom.py
[2026-06-06T20:47:08.010-0400] {processor.py:830} INFO - Processing file /Users/nitishbhattad/anaconda3/envs/flight-pipeline/lib/python3.11/site-packages/airflow/example_dags/example_xcom.py for tasks to queue
[2026-06-06T20:47:08.010-0400] {logging_mixin.py:188} INFO - [2026-06-06T20:47:08.010-0400] {dagbag.py:538} INFO - Filling up the DagBag from /Users/nitishbhattad/anaconda3/envs/flight-pipeline/lib/python3.11/site-packages/airflow/example_dags/example_xcom.py
[2026-06-06T20:47:08.025-0400] {processor.py:840} INFO - DAG(s) 'example_xcom' retrieved from /Users/nitishbhattad/anaconda3/envs/flight-pipeline/lib/python3.11/site-packages/airflow/example_dags/example_xcom.py
[2026-06-06T20:47:08.090-0400] {logging_mixin.py:188} INFO - [2026-06-06T20:47:08.090-0400] {dag.py:3036} INFO - Sync 1 DAGs
[2026-06-06T20:47:08.095-0400] {logging_mixin.py:188} INFO - [2026-06-06T20:47:08.095-0400] {dag.py:3823} INFO - Setting next_dagrun for example_xcom to 2021-01-01 00:00:00+00:00, run_after=2021-01-01 00:00:00+00:00
[2026-06-06T20:47:08.103-0400] {processor.py:183} INFO - Processing /Users/nitishbhattad/anaconda3/envs/flight-pipeline/lib/python3.11/site-packages/airflow/example_dags/example_xcom.py took 0.095 seconds
[2026-06-06T20:48:06.695-0400] {processor.py:161} INFO - Started process (PID=66350) to work on /Users/nitishbhattad/anaconda3/envs/flight-pipeline/lib/python3.11/site-packages/airflow/example_dags/example_xcom.py
[2026-06-06T20:48:06.702-0400] {processor.py:830} INFO - Processing file /Users/nitishbhattad/anaconda3/envs/flight-pipeline/lib/python3.11/site-packages/airflow/example_dags/example_xcom.py for tasks to queue
[2026-06-06T20:48:06.702-0400] {logging_mixin.py:188} INFO - [2026-06-06T20:48:06.702-0400] {dagbag.py:538} INFO - Filling up the DagBag from /Users/nitishbhattad/anaconda3/envs/flight-pipeline/lib/python3.11/site-packages/airflow/example_dags/example_xcom.py
[2026-06-06T20:48:06.718-0400] {processor.py:840} INFO - DAG(s) 'example_xcom' retrieved from /Users/nitishbhattad/anaconda3/envs/flight-pipeline/lib/python3.11/site-packages/airflow/example_dags/example_xcom.py
[2026-06-06T20:48:06.777-0400] {logging_mixin.py:188} INFO - [2026-06-06T20:48:06.777-0400] {dag.py:3036} INFO - Sync 1 DAGs
[2026-06-06T20:48:06.788-0400] {logging_mixin.py:188} INFO - [2026-06-06T20:48:06.788-0400] {dag.py:3823} INFO - Setting next_dagrun for example_xcom to 2021-01-01 00:00:00+00:00, run_after=2021-01-01 00:00:00+00:00
[2026-06-06T20:48:06.799-0400] {processor.py:183} INFO - Processing /Users/nitishbhattad/anaconda3/envs/flight-pipeline/lib/python3.11/site-packages/airflow/example_dags/example_xcom.py took 0.104 seconds
[2026-06-06T20:49:05.288-0400] {processor.py:161} INFO - Started process (PID=66437) to work on /Users/nitishbhattad/anaconda3/envs/flight-pipeline/lib/python3.11/site-packages/airflow/example_dags/example_xcom.py
[2026-06-06T20:49:05.289-0400] {processor.py:830} INFO - Processing file /Users/nitishbhattad/anaconda3/envs/flight-pipeline/lib/python3.11/site-packages/airflow/example_dags/example_xcom.py for tasks to queue
[2026-06-06T20:49:05.289-0400] {logging_mixin.py:188} INFO - [2026-06-06T20:49:05.289-0400] {dagbag.py:538} INFO - Filling up the DagBag from /Users/nitishbhattad/anaconda3/envs/flight-pipeline/lib/python3.11/site-packages/airflow/example_dags/example_xcom.py
[2026-06-06T20:49:05.303-0400] {processor.py:840} INFO - DAG(s) 'example_xcom' retrieved from /Users/nitishbhattad/anaconda3/envs/flight-pipeline/lib/python3.11/site-packages/airflow/example_dags/example_xcom.py
[2026-06-06T20:49:05.365-0400] {logging_mixin.py:188} INFO - [2026-06-06T20:49:05.365-0400] {dag.py:3036} INFO - Sync 1 DAGs
[2026-06-06T20:49:05.371-0400] {logging_mixin.py:188} INFO - [2026-06-06T20:49:05.370-0400] {dag.py:3823} INFO - Setting next_dagrun for example_xcom to 2021-01-01 00:00:00+00:00, run_after=2021-01-01 00:00:00+00:00
[2026-06-06T20:49:05.379-0400] {processor.py:183} INFO - Processing /Users/nitishbhattad/anaconda3/envs/flight-pipeline/lib/python3.11/site-packages/airflow/example_dags/example_xcom.py took 0.093 seconds
[2026-06-06T20:50:05.280-0400] {processor.py:161} INFO - Started process (PID=66542) to work on /Users/nitishbhattad/anaconda3/envs/flight-pipeline/lib/python3.11/site-packages/airflow/example_dags/example_xcom.py
[2026-06-06T20:50:05.282-0400] {processor.py:830} INFO - Processing file /Users/nitishbhattad/anaconda3/envs/flight-pipeline/lib/python3.11/site-packages/airflow/example_dags/example_xcom.py for tasks to queue
[2026-06-06T20:50:05.282-0400] {logging_mixin.py:188} INFO - [2026-06-06T20:50:05.282-0400] {dagbag.py:538} INFO - Filling up the DagBag from /Users/nitishbhattad/anaconda3/envs/flight-pipeline/lib/python3.11/site-packages/airflow/example_dags/example_xcom.py
[2026-06-06T20:50:05.297-0400] {processor.py:840} INFO - DAG(s) 'example_xcom' retrieved from /Users/nitishbhattad/anaconda3/envs/flight-pipeline/lib/python3.11/site-packages/airflow/example_dags/example_xcom.py
[2026-06-06T20:50:05.355-0400] {logging_mixin.py:188} INFO - [2026-06-06T20:50:05.355-0400] {dag.py:3036} INFO - Sync 1 DAGs
[2026-06-06T20:50:05.360-0400] {logging_mixin.py:188} INFO - [2026-06-06T20:50:05.360-0400] {dag.py:3823} INFO - Setting next_dagrun for example_xcom to 2021-01-01 00:00:00+00:00, run_after=2021-01-01 00:00:00+00:00
[2026-06-06T20:50:05.367-0400] {processor.py:183} INFO - Processing /Users/nitishbhattad/anaconda3/envs/flight-pipeline/lib/python3.11/site-packages/airflow/example_dags/example_xcom.py took 0.087 seconds
