[2026-06-06T20:18:46.126-0400] {processor.py:161} INFO - Started process (PID=63546) to work on /Users/nitishbhattad/anaconda3/envs/flight-pipeline/lib/python3.11/site-packages/airflow/example_dags/example_trigger_controller_dag.py
[2026-06-06T20:18:46.126-0400] {processor.py:830} INFO - Processing file /Users/nitishbhattad/anaconda3/envs/flight-pipeline/lib/python3.11/site-packages/airflow/example_dags/example_trigger_controller_dag.py for tasks to queue
[2026-06-06T20:18:46.127-0400] {logging_mixin.py:188} INFO - [2026-06-06T20:18:46.127-0400] {dagbag.py:538} INFO - Filling up the DagBag from /Users/nitishbhattad/anaconda3/envs/flight-pipeline/lib/python3.11/site-packages/airflow/example_dags/example_trigger_controller_dag.py
[2026-06-06T20:18:46.132-0400] {processor.py:840} INFO - DAG(s) 'example_trigger_controller_dag' retrieved from /Users/nitishbhattad/anaconda3/envs/flight-pipeline/lib/python3.11/site-packages/airflow/example_dags/example_trigger_controller_dag.py
[2026-06-06T20:18:46.228-0400] {logging_mixin.py:188} INFO - [2026-06-06T20:18:46.228-0400] {override.py:1769} INFO - Created Permission View: can delete on DAG:example_trigger_controller_dag
[2026-06-06T20:18:46.232-0400] {logging_mixin.py:188} INFO - [2026-06-06T20:18:46.232-0400] {override.py:1769} INFO - Created Permission View: can read on DAG:example_trigger_controller_dag
[2026-06-06T20:18:46.234-0400] {logging_mixin.py:188} INFO - [2026-06-06T20:18:46.234-0400] {override.py:1769} INFO - Created Permission View: can edit on DAG:example_trigger_controller_dag
[2026-06-06T20:18:46.234-0400] {logging_mixin.py:188} INFO - [2026-06-06T20:18:46.234-0400] {dag.py:3036} INFO - Sync 1 DAGs
[2026-06-06T20:18:46.238-0400] {logging_mixin.py:188} INFO - [2026-06-06T20:18:46.238-0400] {dag.py:3058} INFO - Creating ORM DAG for example_trigger_controller_dag
[2026-06-06T20:18:46.240-0400] {logging_mixin.py:188} INFO - [2026-06-06T20:18:46.240-0400] {dag.py:3823} INFO - Setting next_dagrun for example_trigger_controller_dag to 2021-01-01 00:00:00+00:00, run_after=2021-01-01 00:00:00+00:00
[2026-06-06T20:18:46.247-0400] {processor.py:183} INFO - Processing /Users/nitishbhattad/anaconda3/envs/flight-pipeline/lib/python3.11/site-packages/airflow/example_dags/example_trigger_controller_dag.py took 0.121 seconds
[2026-06-06T20:20:17.283-0400] {processor.py:161} INFO - Started process (PID=63692) to work on /Users/nitishbhattad/anaconda3/envs/flight-pipeline/lib/python3.11/site-packages/airflow/example_dags/example_trigger_controller_dag.py
[2026-06-06T20:20:17.284-0400] {processor.py:830} INFO - Processing file /Users/nitishbhattad/anaconda3/envs/flight-pipeline/lib/python3.11/site-packages/airflow/example_dags/example_trigger_controller_dag.py for tasks to queue
[2026-06-06T20:20:17.284-0400] {logging_mixin.py:188} INFO - [2026-06-06T20:20:17.284-0400] {dagbag.py:538} INFO - Filling up the DagBag from /Users/nitishbhattad/anaconda3/envs/flight-pipeline/lib/python3.11/site-packages/airflow/example_dags/example_trigger_controller_dag.py
[2026-06-06T20:20:17.289-0400] {processor.py:840} INFO - DAG(s) 'example_trigger_controller_dag' retrieved from /Users/nitishbhattad/anaconda3/envs/flight-pipeline/lib/python3.11/site-packages/airflow/example_dags/example_trigger_controller_dag.py
[2026-06-06T20:20:17.344-0400] {logging_mixin.py:188} INFO - [2026-06-06T20:20:17.344-0400] {dag.py:3036} INFO - Sync 1 DAGs
[2026-06-06T20:20:17.349-0400] {logging_mixin.py:188} INFO - [2026-06-06T20:20:17.349-0400] {dag.py:3823} INFO - Setting next_dagrun for example_trigger_controller_dag to 2021-01-01 00:00:00+00:00, run_after=2021-01-01 00:00:00+00:00
[2026-06-06T20:20:17.357-0400] {processor.py:183} INFO - Processing /Users/nitishbhattad/anaconda3/envs/flight-pipeline/lib/python3.11/site-packages/airflow/example_dags/example_trigger_controller_dag.py took 0.074 seconds
[2026-06-06T20:21:22.051-0400] {processor.py:161} INFO - Started process (PID=63785) to work on /Users/nitishbhattad/anaconda3/envs/flight-pipeline/lib/python3.11/site-packages/airflow/example_dags/example_trigger_controller_dag.py
[2026-06-06T20:21:22.052-0400] {processor.py:830} INFO - Processing file /Users/nitishbhattad/anaconda3/envs/flight-pipeline/lib/python3.11/site-packages/airflow/example_dags/example_trigger_controller_dag.py for tasks to queue
[2026-06-06T20:21:22.052-0400] {logging_mixin.py:188} INFO - [2026-06-06T20:21:22.052-0400] {dagbag.py:538} INFO - Filling up the DagBag from /Users/nitishbhattad/anaconda3/envs/flight-pipeline/lib/python3.11/site-packages/airflow/example_dags/example_trigger_controller_dag.py
[2026-06-06T20:21:22.058-0400] {processor.py:840} INFO - DAG(s) 'example_trigger_controller_dag' retrieved from /Users/nitishbhattad/anaconda3/envs/flight-pipeline/lib/python3.11/site-packages/airflow/example_dags/example_trigger_controller_dag.py
[2026-06-06T20:21:22.115-0400] {logging_mixin.py:188} INFO - [2026-06-06T20:21:22.115-0400] {dag.py:3036} INFO - Sync 1 DAGs
[2026-06-06T20:21:22.122-0400] {logging_mixin.py:188} INFO - [2026-06-06T20:21:22.122-0400] {dag.py:3823} INFO - Setting next_dagrun for example_trigger_controller_dag to 2021-01-01 00:00:00+00:00, run_after=2021-01-01 00:00:00+00:00
[2026-06-06T20:21:22.130-0400] {processor.py:183} INFO - Processing /Users/nitishbhattad/anaconda3/envs/flight-pipeline/lib/python3.11/site-packages/airflow/example_dags/example_trigger_controller_dag.py took 0.079 seconds
[2026-06-06T20:23:32.180-0400] {processor.py:161} INFO - Started process (PID=64014) to work on /Users/nitishbhattad/anaconda3/envs/flight-pipeline/lib/python3.11/site-packages/airflow/example_dags/example_trigger_controller_dag.py
[2026-06-06T20:23:32.183-0400] {processor.py:830} INFO - Processing file /Users/nitishbhattad/anaconda3/envs/flight-pipeline/lib/python3.11/site-packages/airflow/example_dags/example_trigger_controller_dag.py for tasks to queue
[2026-06-06T20:23:32.183-0400] {logging_mixin.py:188} INFO - [2026-06-06T20:23:32.183-0400] {dagbag.py:538} INFO - Filling up the DagBag from /Users/nitishbhattad/anaconda3/envs/flight-pipeline/lib/python3.11/site-packages/airflow/example_dags/example_trigger_controller_dag.py
[2026-06-06T20:23:32.190-0400] {processor.py:840} INFO - DAG(s) 'example_trigger_controller_dag' retrieved from /Users/nitishbhattad/anaconda3/envs/flight-pipeline/lib/python3.11/site-packages/airflow/example_dags/example_trigger_controller_dag.py
[2026-06-06T20:23:32.246-0400] {logging_mixin.py:188} INFO - [2026-06-06T20:23:32.246-0400] {dag.py:3036} INFO - Sync 1 DAGs
[2026-06-06T20:23:32.251-0400] {logging_mixin.py:188} INFO - [2026-06-06T20:23:32.251-0400] {dag.py:3823} INFO - Setting next_dagrun for example_trigger_controller_dag to 2021-01-01 00:00:00+00:00, run_after=2021-01-01 00:00:00+00:00
[2026-06-06T20:23:32.258-0400] {processor.py:183} INFO - Processing /Users/nitishbhattad/anaconda3/envs/flight-pipeline/lib/python3.11/site-packages/airflow/example_dags/example_trigger_controller_dag.py took 0.080 seconds
[2026-06-06T20:24:47.283-0400] {processor.py:161} INFO - Started process (PID=64141) to work on /Users/nitishbhattad/anaconda3/envs/flight-pipeline/lib/python3.11/site-packages/airflow/example_dags/example_trigger_controller_dag.py
[2026-06-06T20:24:47.284-0400] {processor.py:830} INFO - Processing file /Users/nitishbhattad/anaconda3/envs/flight-pipeline/lib/python3.11/site-packages/airflow/example_dags/example_trigger_controller_dag.py for tasks to queue
[2026-06-06T20:24:47.284-0400] {logging_mixin.py:188} INFO - [2026-06-06T20:24:47.284-0400] {dagbag.py:538} INFO - Filling up the DagBag from /Users/nitishbhattad/anaconda3/envs/flight-pipeline/lib/python3.11/site-packages/airflow/example_dags/example_trigger_controller_dag.py
[2026-06-06T20:24:47.291-0400] {processor.py:840} INFO - DAG(s) 'example_trigger_controller_dag' retrieved from /Users/nitishbhattad/anaconda3/envs/flight-pipeline/lib/python3.11/site-packages/airflow/example_dags/example_trigger_controller_dag.py
[2026-06-06T20:24:47.358-0400] {logging_mixin.py:188} INFO - [2026-06-06T20:24:47.357-0400] {dag.py:3036} INFO - Sync 1 DAGs
[2026-06-06T20:24:47.363-0400] {logging_mixin.py:188} INFO - [2026-06-06T20:24:47.363-0400] {dag.py:3823} INFO - Setting next_dagrun for example_trigger_controller_dag to 2021-01-01 00:00:00+00:00, run_after=2021-01-01 00:00:00+00:00
[2026-06-06T20:24:47.371-0400] {processor.py:183} INFO - Processing /Users/nitishbhattad/anaconda3/envs/flight-pipeline/lib/python3.11/site-packages/airflow/example_dags/example_trigger_controller_dag.py took 0.089 seconds
[2026-06-06T20:25:53.737-0400] {processor.py:161} INFO - Started process (PID=64242) to work on /Users/nitishbhattad/anaconda3/envs/flight-pipeline/lib/python3.11/site-packages/airflow/example_dags/example_trigger_controller_dag.py
[2026-06-06T20:25:53.738-0400] {processor.py:830} INFO - Processing file /Users/nitishbhattad/anaconda3/envs/flight-pipeline/lib/python3.11/site-packages/airflow/example_dags/example_trigger_controller_dag.py for tasks to queue
[2026-06-06T20:25:53.742-0400] {logging_mixin.py:188} INFO - [2026-06-06T20:25:53.742-0400] {dagbag.py:538} INFO - Filling up the DagBag from /Users/nitishbhattad/anaconda3/envs/flight-pipeline/lib/python3.11/site-packages/airflow/example_dags/example_trigger_controller_dag.py
[2026-06-06T20:25:53.759-0400] {processor.py:840} INFO - DAG(s) 'example_trigger_controller_dag' retrieved from /Users/nitishbhattad/anaconda3/envs/flight-pipeline/lib/python3.11/site-packages/airflow/example_dags/example_trigger_controller_dag.py
[2026-06-06T20:25:53.922-0400] {logging_mixin.py:188} INFO - [2026-06-06T20:25:53.921-0400] {dag.py:3036} INFO - Sync 1 DAGs
[2026-06-06T20:25:53.978-0400] {logging_mixin.py:188} INFO - [2026-06-06T20:25:53.977-0400] {dag.py:3823} INFO - Setting next_dagrun for example_trigger_controller_dag to 2021-01-01 00:00:00+00:00, run_after=2021-01-01 00:00:00+00:00
[2026-06-06T20:25:54.016-0400] {processor.py:183} INFO - Processing /Users/nitishbhattad/anaconda3/envs/flight-pipeline/lib/python3.11/site-packages/airflow/example_dags/example_trigger_controller_dag.py took 0.281 seconds
[2026-06-06T20:27:02.275-0400] {processor.py:161} INFO - Started process (PID=64360) to work on /Users/nitishbhattad/anaconda3/envs/flight-pipeline/lib/python3.11/site-packages/airflow/example_dags/example_trigger_controller_dag.py
[2026-06-06T20:27:02.276-0400] {processor.py:830} INFO - Processing file /Users/nitishbhattad/anaconda3/envs/flight-pipeline/lib/python3.11/site-packages/airflow/example_dags/example_trigger_controller_dag.py for tasks to queue
[2026-06-06T20:27:02.276-0400] {logging_mixin.py:188} INFO - [2026-06-06T20:27:02.276-0400] {dagbag.py:538} INFO - Filling up the DagBag from /Users/nitishbhattad/anaconda3/envs/flight-pipeline/lib/python3.11/site-packages/airflow/example_dags/example_trigger_controller_dag.py
[2026-06-06T20:27:02.282-0400] {processor.py:840} INFO - DAG(s) 'example_trigger_controller_dag' retrieved from /Users/nitishbhattad/anaconda3/envs/flight-pipeline/lib/python3.11/site-packages/airflow/example_dags/example_trigger_controller_dag.py
[2026-06-06T20:27:02.347-0400] {logging_mixin.py:188} INFO - [2026-06-06T20:27:02.347-0400] {dag.py:3036} INFO - Sync 1 DAGs
[2026-06-06T20:27:02.354-0400] {logging_mixin.py:188} INFO - [2026-06-06T20:27:02.354-0400] {dag.py:3823} INFO - Setting next_dagrun for example_trigger_controller_dag to 2021-01-01 00:00:00+00:00, run_after=2021-01-01 00:00:00+00:00
[2026-06-06T20:27:02.362-0400] {processor.py:183} INFO - Processing /Users/nitishbhattad/anaconda3/envs/flight-pipeline/lib/python3.11/site-packages/airflow/example_dags/example_trigger_controller_dag.py took 0.088 seconds
[2026-06-06T20:28:08.711-0400] {processor.py:161} INFO - Started process (PID=64467) to work on /Users/nitishbhattad/anaconda3/envs/flight-pipeline/lib/python3.11/site-packages/airflow/example_dags/example_trigger_controller_dag.py
[2026-06-06T20:28:08.712-0400] {processor.py:830} INFO - Processing file /Users/nitishbhattad/anaconda3/envs/flight-pipeline/lib/python3.11/site-packages/airflow/example_dags/example_trigger_controller_dag.py for tasks to queue
[2026-06-06T20:28:08.712-0400] {logging_mixin.py:188} INFO - [2026-06-06T20:28:08.712-0400] {dagbag.py:538} INFO - Filling up the DagBag from /Users/nitishbhattad/anaconda3/envs/flight-pipeline/lib/python3.11/site-packages/airflow/example_dags/example_trigger_controller_dag.py
[2026-06-06T20:28:08.718-0400] {processor.py:840} INFO - DAG(s) 'example_trigger_controller_dag' retrieved from /Users/nitishbhattad/anaconda3/envs/flight-pipeline/lib/python3.11/site-packages/airflow/example_dags/example_trigger_controller_dag.py
[2026-06-06T20:28:08.784-0400] {logging_mixin.py:188} INFO - [2026-06-06T20:28:08.784-0400] {dag.py:3036} INFO - Sync 1 DAGs
[2026-06-06T20:28:08.791-0400] {logging_mixin.py:188} INFO - [2026-06-06T20:28:08.791-0400] {dag.py:3823} INFO - Setting next_dagrun for example_trigger_controller_dag to 2021-01-01 00:00:00+00:00, run_after=2021-01-01 00:00:00+00:00
[2026-06-06T20:28:08.800-0400] {processor.py:183} INFO - Processing /Users/nitishbhattad/anaconda3/envs/flight-pipeline/lib/python3.11/site-packages/airflow/example_dags/example_trigger_controller_dag.py took 0.090 seconds
[2026-06-06T20:29:05.629-0400] {processor.py:161} INFO - Started process (PID=64554) to work on /Users/nitishbhattad/anaconda3/envs/flight-pipeline/lib/python3.11/site-packages/airflow/example_dags/example_trigger_controller_dag.py
[2026-06-06T20:29:05.631-0400] {processor.py:830} INFO - Processing file /Users/nitishbhattad/anaconda3/envs/flight-pipeline/lib/python3.11/site-packages/airflow/example_dags/example_trigger_controller_dag.py for tasks to queue
[2026-06-06T20:29:05.631-0400] {logging_mixin.py:188} INFO - [2026-06-06T20:29:05.631-0400] {dagbag.py:538} INFO - Filling up the DagBag from /Users/nitishbhattad/anaconda3/envs/flight-pipeline/lib/python3.11/site-packages/airflow/example_dags/example_trigger_controller_dag.py
[2026-06-06T20:29:05.636-0400] {processor.py:840} INFO - DAG(s) 'example_trigger_controller_dag' retrieved from /Users/nitishbhattad/anaconda3/envs/flight-pipeline/lib/python3.11/site-packages/airflow/example_dags/example_trigger_controller_dag.py
[2026-06-06T20:29:05.695-0400] {logging_mixin.py:188} INFO - [2026-06-06T20:29:05.695-0400] {dag.py:3036} INFO - Sync 1 DAGs
[2026-06-06T20:29:05.702-0400] {logging_mixin.py:188} INFO - [2026-06-06T20:29:05.702-0400] {dag.py:3823} INFO - Setting next_dagrun for example_trigger_controller_dag to 2021-01-01 00:00:00+00:00, run_after=2021-01-01 00:00:00+00:00
[2026-06-06T20:29:05.710-0400] {processor.py:183} INFO - Processing /Users/nitishbhattad/anaconda3/envs/flight-pipeline/lib/python3.11/site-packages/airflow/example_dags/example_trigger_controller_dag.py took 0.081 seconds
[2026-06-06T20:30:05.110-0400] {processor.py:161} INFO - Started process (PID=64639) to work on /Users/nitishbhattad/anaconda3/envs/flight-pipeline/lib/python3.11/site-packages/airflow/example_dags/example_trigger_controller_dag.py
[2026-06-06T20:30:05.111-0400] {processor.py:830} INFO - Processing file /Users/nitishbhattad/anaconda3/envs/flight-pipeline/lib/python3.11/site-packages/airflow/example_dags/example_trigger_controller_dag.py for tasks to queue
[2026-06-06T20:30:05.112-0400] {logging_mixin.py:188} INFO - [2026-06-06T20:30:05.111-0400] {dagbag.py:538} INFO - Filling up the DagBag from /Users/nitishbhattad/anaconda3/envs/flight-pipeline/lib/python3.11/site-packages/airflow/example_dags/example_trigger_controller_dag.py
[2026-06-06T20:30:05.117-0400] {processor.py:840} INFO - DAG(s) 'example_trigger_controller_dag' retrieved from /Users/nitishbhattad/anaconda3/envs/flight-pipeline/lib/python3.11/site-packages/airflow/example_dags/example_trigger_controller_dag.py
[2026-06-06T20:30:05.175-0400] {logging_mixin.py:188} INFO - [2026-06-06T20:30:05.175-0400] {dag.py:3036} INFO - Sync 1 DAGs
[2026-06-06T20:30:05.181-0400] {logging_mixin.py:188} INFO - [2026-06-06T20:30:05.181-0400] {dag.py:3823} INFO - Setting next_dagrun for example_trigger_controller_dag to 2021-01-01 00:00:00+00:00, run_after=2021-01-01 00:00:00+00:00
[2026-06-06T20:30:05.190-0400] {processor.py:183} INFO - Processing /Users/nitishbhattad/anaconda3/envs/flight-pipeline/lib/python3.11/site-packages/airflow/example_dags/example_trigger_controller_dag.py took 0.080 seconds
[2026-06-06T20:31:18.073-0400] {processor.py:161} INFO - Started process (PID=64756) to work on /Users/nitishbhattad/anaconda3/envs/flight-pipeline/lib/python3.11/site-packages/airflow/example_dags/example_trigger_controller_dag.py
[2026-06-06T20:31:18.074-0400] {processor.py:830} INFO - Processing file /Users/nitishbhattad/anaconda3/envs/flight-pipeline/lib/python3.11/site-packages/airflow/example_dags/example_trigger_controller_dag.py for tasks to queue
[2026-06-06T20:31:18.075-0400] {logging_mixin.py:188} INFO - [2026-06-06T20:31:18.075-0400] {dagbag.py:538} INFO - Filling up the DagBag from /Users/nitishbhattad/anaconda3/envs/flight-pipeline/lib/python3.11/site-packages/airflow/example_dags/example_trigger_controller_dag.py
[2026-06-06T20:31:18.084-0400] {processor.py:840} INFO - DAG(s) 'example_trigger_controller_dag' retrieved from /Users/nitishbhattad/anaconda3/envs/flight-pipeline/lib/python3.11/site-packages/airflow/example_dags/example_trigger_controller_dag.py
[2026-06-06T20:31:18.198-0400] {logging_mixin.py:188} INFO - [2026-06-06T20:31:18.197-0400] {dag.py:3036} INFO - Sync 1 DAGs
[2026-06-06T20:31:18.207-0400] {logging_mixin.py:188} INFO - [2026-06-06T20:31:18.206-0400] {dag.py:3823} INFO - Setting next_dagrun for example_trigger_controller_dag to 2021-01-01 00:00:00+00:00, run_after=2021-01-01 00:00:00+00:00
[2026-06-06T20:31:18.221-0400] {processor.py:183} INFO - Processing /Users/nitishbhattad/anaconda3/envs/flight-pipeline/lib/python3.11/site-packages/airflow/example_dags/example_trigger_controller_dag.py took 0.149 seconds
[2026-06-06T20:32:34.776-0400] {processor.py:161} INFO - Started process (PID=64861) to work on /Users/nitishbhattad/anaconda3/envs/flight-pipeline/lib/python3.11/site-packages/airflow/example_dags/example_trigger_controller_dag.py
[2026-06-06T20:32:34.777-0400] {processor.py:830} INFO - Processing file /Users/nitishbhattad/anaconda3/envs/flight-pipeline/lib/python3.11/site-packages/airflow/example_dags/example_trigger_controller_dag.py for tasks to queue
[2026-06-06T20:32:34.777-0400] {logging_mixin.py:188} INFO - [2026-06-06T20:32:34.777-0400] {dagbag.py:538} INFO - Filling up the DagBag from /Users/nitishbhattad/anaconda3/envs/flight-pipeline/lib/python3.11/site-packages/airflow/example_dags/example_trigger_controller_dag.py
[2026-06-06T20:32:34.782-0400] {processor.py:840} INFO - DAG(s) 'example_trigger_controller_dag' retrieved from /Users/nitishbhattad/anaconda3/envs/flight-pipeline/lib/python3.11/site-packages/airflow/example_dags/example_trigger_controller_dag.py
[2026-06-06T20:32:34.837-0400] {logging_mixin.py:188} INFO - [2026-06-06T20:32:34.837-0400] {dag.py:3036} INFO - Sync 1 DAGs
[2026-06-06T20:32:34.843-0400] {logging_mixin.py:188} INFO - [2026-06-06T20:32:34.843-0400] {dag.py:3823} INFO - Setting next_dagrun for example_trigger_controller_dag to 2021-01-01 00:00:00+00:00, run_after=2021-01-01 00:00:00+00:00
[2026-06-06T20:32:34.850-0400] {processor.py:183} INFO - Processing /Users/nitishbhattad/anaconda3/envs/flight-pipeline/lib/python3.11/site-packages/airflow/example_dags/example_trigger_controller_dag.py took 0.075 seconds
[2026-06-06T20:33:37.791-0400] {processor.py:161} INFO - Started process (PID=64953) to work on /Users/nitishbhattad/anaconda3/envs/flight-pipeline/lib/python3.11/site-packages/airflow/example_dags/example_trigger_controller_dag.py
[2026-06-06T20:33:37.792-0400] {processor.py:830} INFO - Processing file /Users/nitishbhattad/anaconda3/envs/flight-pipeline/lib/python3.11/site-packages/airflow/example_dags/example_trigger_controller_dag.py for tasks to queue
[2026-06-06T20:33:37.792-0400] {logging_mixin.py:188} INFO - [2026-06-06T20:33:37.792-0400] {dagbag.py:538} INFO - Filling up the DagBag from /Users/nitishbhattad/anaconda3/envs/flight-pipeline/lib/python3.11/site-packages/airflow/example_dags/example_trigger_controller_dag.py
[2026-06-06T20:33:37.800-0400] {processor.py:840} INFO - DAG(s) 'example_trigger_controller_dag' retrieved from /Users/nitishbhattad/anaconda3/envs/flight-pipeline/lib/python3.11/site-packages/airflow/example_dags/example_trigger_controller_dag.py
[2026-06-06T20:33:37.859-0400] {logging_mixin.py:188} INFO - [2026-06-06T20:33:37.859-0400] {dag.py:3036} INFO - Sync 1 DAGs
[2026-06-06T20:33:37.865-0400] {logging_mixin.py:188} INFO - [2026-06-06T20:33:37.864-0400] {dag.py:3823} INFO - Setting next_dagrun for example_trigger_controller_dag to 2021-01-01 00:00:00+00:00, run_after=2021-01-01 00:00:00+00:00
[2026-06-06T20:33:37.872-0400] {processor.py:183} INFO - Processing /Users/nitishbhattad/anaconda3/envs/flight-pipeline/lib/python3.11/site-packages/airflow/example_dags/example_trigger_controller_dag.py took 0.083 seconds
[2026-06-06T20:34:38.692-0400] {processor.py:161} INFO - Started process (PID=65045) to work on /Users/nitishbhattad/anaconda3/envs/flight-pipeline/lib/python3.11/site-packages/airflow/example_dags/example_trigger_controller_dag.py
[2026-06-06T20:34:38.693-0400] {processor.py:830} INFO - Processing file /Users/nitishbhattad/anaconda3/envs/flight-pipeline/lib/python3.11/site-packages/airflow/example_dags/example_trigger_controller_dag.py for tasks to queue
[2026-06-06T20:34:38.694-0400] {logging_mixin.py:188} INFO - [2026-06-06T20:34:38.694-0400] {dagbag.py:538} INFO - Filling up the DagBag from /Users/nitishbhattad/anaconda3/envs/flight-pipeline/lib/python3.11/site-packages/airflow/example_dags/example_trigger_controller_dag.py
[2026-06-06T20:34:38.698-0400] {processor.py:840} INFO - DAG(s) 'example_trigger_controller_dag' retrieved from /Users/nitishbhattad/anaconda3/envs/flight-pipeline/lib/python3.11/site-packages/airflow/example_dags/example_trigger_controller_dag.py
[2026-06-06T20:34:38.754-0400] {logging_mixin.py:188} INFO - [2026-06-06T20:34:38.754-0400] {dag.py:3036} INFO - Sync 1 DAGs
[2026-06-06T20:34:38.760-0400] {logging_mixin.py:188} INFO - [2026-06-06T20:34:38.760-0400] {dag.py:3823} INFO - Setting next_dagrun for example_trigger_controller_dag to 2021-01-01 00:00:00+00:00, run_after=2021-01-01 00:00:00+00:00
[2026-06-06T20:34:38.768-0400] {processor.py:183} INFO - Processing /Users/nitishbhattad/anaconda3/envs/flight-pipeline/lib/python3.11/site-packages/airflow/example_dags/example_trigger_controller_dag.py took 0.077 seconds
[2026-06-06T20:35:36.496-0400] {processor.py:161} INFO - Started process (PID=65135) to work on /Users/nitishbhattad/anaconda3/envs/flight-pipeline/lib/python3.11/site-packages/airflow/example_dags/example_trigger_controller_dag.py
[2026-06-06T20:35:36.499-0400] {processor.py:830} INFO - Processing file /Users/nitishbhattad/anaconda3/envs/flight-pipeline/lib/python3.11/site-packages/airflow/example_dags/example_trigger_controller_dag.py for tasks to queue
[2026-06-06T20:35:36.499-0400] {logging_mixin.py:188} INFO - [2026-06-06T20:35:36.499-0400] {dagbag.py:538} INFO - Filling up the DagBag from /Users/nitishbhattad/anaconda3/envs/flight-pipeline/lib/python3.11/site-packages/airflow/example_dags/example_trigger_controller_dag.py
[2026-06-06T20:35:36.505-0400] {processor.py:840} INFO - DAG(s) 'example_trigger_controller_dag' retrieved from /Users/nitishbhattad/anaconda3/envs/flight-pipeline/lib/python3.11/site-packages/airflow/example_dags/example_trigger_controller_dag.py
[2026-06-06T20:35:36.559-0400] {logging_mixin.py:188} INFO - [2026-06-06T20:35:36.559-0400] {dag.py:3036} INFO - Sync 1 DAGs
[2026-06-06T20:35:36.565-0400] {logging_mixin.py:188} INFO - [2026-06-06T20:35:36.565-0400] {dag.py:3823} INFO - Setting next_dagrun for example_trigger_controller_dag to 2021-01-01 00:00:00+00:00, run_after=2021-01-01 00:00:00+00:00
[2026-06-06T20:35:36.573-0400] {processor.py:183} INFO - Processing /Users/nitishbhattad/anaconda3/envs/flight-pipeline/lib/python3.11/site-packages/airflow/example_dags/example_trigger_controller_dag.py took 0.078 seconds
[2026-06-06T20:36:38.606-0400] {processor.py:161} INFO - Started process (PID=65223) to work on /Users/nitishbhattad/anaconda3/envs/flight-pipeline/lib/python3.11/site-packages/airflow/example_dags/example_trigger_controller_dag.py
[2026-06-06T20:36:38.607-0400] {processor.py:830} INFO - Processing file /Users/nitishbhattad/anaconda3/envs/flight-pipeline/lib/python3.11/site-packages/airflow/example_dags/example_trigger_controller_dag.py for tasks to queue
[2026-06-06T20:36:38.608-0400] {logging_mixin.py:188} INFO - [2026-06-06T20:36:38.608-0400] {dagbag.py:538} INFO - Filling up the DagBag from /Users/nitishbhattad/anaconda3/envs/flight-pipeline/lib/python3.11/site-packages/airflow/example_dags/example_trigger_controller_dag.py
[2026-06-06T20:36:38.616-0400] {processor.py:840} INFO - DAG(s) 'example_trigger_controller_dag' retrieved from /Users/nitishbhattad/anaconda3/envs/flight-pipeline/lib/python3.11/site-packages/airflow/example_dags/example_trigger_controller_dag.py
[2026-06-06T20:36:38.671-0400] {logging_mixin.py:188} INFO - [2026-06-06T20:36:38.671-0400] {dag.py:3036} INFO - Sync 1 DAGs
[2026-06-06T20:36:38.677-0400] {logging_mixin.py:188} INFO - [2026-06-06T20:36:38.677-0400] {dag.py:3823} INFO - Setting next_dagrun for example_trigger_controller_dag to 2021-01-01 00:00:00+00:00, run_after=2021-01-01 00:00:00+00:00
[2026-06-06T20:36:38.684-0400] {processor.py:183} INFO - Processing /Users/nitishbhattad/anaconda3/envs/flight-pipeline/lib/python3.11/site-packages/airflow/example_dags/example_trigger_controller_dag.py took 0.080 seconds
[2026-06-06T20:37:44.219-0400] {processor.py:161} INFO - Started process (PID=65326) to work on /Users/nitishbhattad/anaconda3/envs/flight-pipeline/lib/python3.11/site-packages/airflow/example_dags/example_trigger_controller_dag.py
[2026-06-06T20:37:44.220-0400] {processor.py:830} INFO - Processing file /Users/nitishbhattad/anaconda3/envs/flight-pipeline/lib/python3.11/site-packages/airflow/example_dags/example_trigger_controller_dag.py for tasks to queue
[2026-06-06T20:37:44.220-0400] {logging_mixin.py:188} INFO - [2026-06-06T20:37:44.220-0400] {dagbag.py:538} INFO - Filling up the DagBag from /Users/nitishbhattad/anaconda3/envs/flight-pipeline/lib/python3.11/site-packages/airflow/example_dags/example_trigger_controller_dag.py
[2026-06-06T20:37:44.225-0400] {processor.py:840} INFO - DAG(s) 'example_trigger_controller_dag' retrieved from /Users/nitishbhattad/anaconda3/envs/flight-pipeline/lib/python3.11/site-packages/airflow/example_dags/example_trigger_controller_dag.py
[2026-06-06T20:37:44.279-0400] {logging_mixin.py:188} INFO - [2026-06-06T20:37:44.279-0400] {dag.py:3036} INFO - Sync 1 DAGs
[2026-06-06T20:37:44.284-0400] {logging_mixin.py:188} INFO - [2026-06-06T20:37:44.284-0400] {dag.py:3823} INFO - Setting next_dagrun for example_trigger_controller_dag to 2021-01-01 00:00:00+00:00, run_after=2021-01-01 00:00:00+00:00
[2026-06-06T20:37:44.291-0400] {processor.py:183} INFO - Processing /Users/nitishbhattad/anaconda3/envs/flight-pipeline/lib/python3.11/site-packages/airflow/example_dags/example_trigger_controller_dag.py took 0.073 seconds
[2026-06-06T20:38:47.705-0400] {processor.py:161} INFO - Started process (PID=65426) to work on /Users/nitishbhattad/anaconda3/envs/flight-pipeline/lib/python3.11/site-packages/airflow/example_dags/example_trigger_controller_dag.py
[2026-06-06T20:38:47.707-0400] {processor.py:830} INFO - Processing file /Users/nitishbhattad/anaconda3/envs/flight-pipeline/lib/python3.11/site-packages/airflow/example_dags/example_trigger_controller_dag.py for tasks to queue
[2026-06-06T20:38:47.707-0400] {logging_mixin.py:188} INFO - [2026-06-06T20:38:47.707-0400] {dagbag.py:538} INFO - Filling up the DagBag from /Users/nitishbhattad/anaconda3/envs/flight-pipeline/lib/python3.11/site-packages/airflow/example_dags/example_trigger_controller_dag.py
[2026-06-06T20:38:47.713-0400] {processor.py:840} INFO - DAG(s) 'example_trigger_controller_dag' retrieved from /Users/nitishbhattad/anaconda3/envs/flight-pipeline/lib/python3.11/site-packages/airflow/example_dags/example_trigger_controller_dag.py
[2026-06-06T20:38:47.767-0400] {logging_mixin.py:188} INFO - [2026-06-06T20:38:47.767-0400] {dag.py:3036} INFO - Sync 1 DAGs
[2026-06-06T20:38:47.773-0400] {logging_mixin.py:188} INFO - [2026-06-06T20:38:47.773-0400] {dag.py:3823} INFO - Setting next_dagrun for example_trigger_controller_dag to 2021-01-01 00:00:00+00:00, run_after=2021-01-01 00:00:00+00:00
[2026-06-06T20:38:47.781-0400] {processor.py:183} INFO - Processing /Users/nitishbhattad/anaconda3/envs/flight-pipeline/lib/python3.11/site-packages/airflow/example_dags/example_trigger_controller_dag.py took 0.076 seconds
[2026-06-06T20:39:51.301-0400] {processor.py:161} INFO - Started process (PID=65546) to work on /Users/nitishbhattad/anaconda3/envs/flight-pipeline/lib/python3.11/site-packages/airflow/example_dags/example_trigger_controller_dag.py
[2026-06-06T20:39:51.302-0400] {processor.py:830} INFO - Processing file /Users/nitishbhattad/anaconda3/envs/flight-pipeline/lib/python3.11/site-packages/airflow/example_dags/example_trigger_controller_dag.py for tasks to queue
[2026-06-06T20:39:51.302-0400] {logging_mixin.py:188} INFO - [2026-06-06T20:39:51.302-0400] {dagbag.py:538} INFO - Filling up the DagBag from /Users/nitishbhattad/anaconda3/envs/flight-pipeline/lib/python3.11/site-packages/airflow/example_dags/example_trigger_controller_dag.py
[2026-06-06T20:39:51.308-0400] {processor.py:840} INFO - DAG(s) 'example_trigger_controller_dag' retrieved from /Users/nitishbhattad/anaconda3/envs/flight-pipeline/lib/python3.11/site-packages/airflow/example_dags/example_trigger_controller_dag.py
[2026-06-06T20:39:51.388-0400] {logging_mixin.py:188} INFO - [2026-06-06T20:39:51.388-0400] {dag.py:3036} INFO - Sync 1 DAGs
[2026-06-06T20:39:51.395-0400] {logging_mixin.py:188} INFO - [2026-06-06T20:39:51.395-0400] {dag.py:3823} INFO - Setting next_dagrun for example_trigger_controller_dag to 2021-01-01 00:00:00+00:00, run_after=2021-01-01 00:00:00+00:00
[2026-06-06T20:39:51.403-0400] {processor.py:183} INFO - Processing /Users/nitishbhattad/anaconda3/envs/flight-pipeline/lib/python3.11/site-packages/airflow/example_dags/example_trigger_controller_dag.py took 0.103 seconds
[2026-06-06T20:40:55.814-0400] {processor.py:161} INFO - Started process (PID=65682) to work on /Users/nitishbhattad/anaconda3/envs/flight-pipeline/lib/python3.11/site-packages/airflow/example_dags/example_trigger_controller_dag.py
[2026-06-06T20:40:55.816-0400] {processor.py:830} INFO - Processing file /Users/nitishbhattad/anaconda3/envs/flight-pipeline/lib/python3.11/site-packages/airflow/example_dags/example_trigger_controller_dag.py for tasks to queue
[2026-06-06T20:40:55.817-0400] {logging_mixin.py:188} INFO - [2026-06-06T20:40:55.817-0400] {dagbag.py:538} INFO - Filling up the DagBag from /Users/nitishbhattad/anaconda3/envs/flight-pipeline/lib/python3.11/site-packages/airflow/example_dags/example_trigger_controller_dag.py
[2026-06-06T20:40:55.826-0400] {processor.py:840} INFO - DAG(s) 'example_trigger_controller_dag' retrieved from /Users/nitishbhattad/anaconda3/envs/flight-pipeline/lib/python3.11/site-packages/airflow/example_dags/example_trigger_controller_dag.py
[2026-06-06T20:40:55.887-0400] {logging_mixin.py:188} INFO - [2026-06-06T20:40:55.887-0400] {dag.py:3036} INFO - Sync 1 DAGs
[2026-06-06T20:40:55.893-0400] {logging_mixin.py:188} INFO - [2026-06-06T20:40:55.893-0400] {dag.py:3823} INFO - Setting next_dagrun for example_trigger_controller_dag to 2021-01-01 00:00:00+00:00, run_after=2021-01-01 00:00:00+00:00
[2026-06-06T20:40:55.905-0400] {processor.py:183} INFO - Processing /Users/nitishbhattad/anaconda3/envs/flight-pipeline/lib/python3.11/site-packages/airflow/example_dags/example_trigger_controller_dag.py took 0.092 seconds
[2026-06-06T20:42:01.554-0400] {processor.py:161} INFO - Started process (PID=65778) to work on /Users/nitishbhattad/anaconda3/envs/flight-pipeline/lib/python3.11/site-packages/airflow/example_dags/example_trigger_controller_dag.py
[2026-06-06T20:42:01.555-0400] {processor.py:830} INFO - Processing file /Users/nitishbhattad/anaconda3/envs/flight-pipeline/lib/python3.11/site-packages/airflow/example_dags/example_trigger_controller_dag.py for tasks to queue
[2026-06-06T20:42:01.555-0400] {logging_mixin.py:188} INFO - [2026-06-06T20:42:01.555-0400] {dagbag.py:538} INFO - Filling up the DagBag from /Users/nitishbhattad/anaconda3/envs/flight-pipeline/lib/python3.11/site-packages/airflow/example_dags/example_trigger_controller_dag.py
[2026-06-06T20:42:01.560-0400] {processor.py:840} INFO - DAG(s) 'example_trigger_controller_dag' retrieved from /Users/nitishbhattad/anaconda3/envs/flight-pipeline/lib/python3.11/site-packages/airflow/example_dags/example_trigger_controller_dag.py
[2026-06-06T20:42:01.616-0400] {logging_mixin.py:188} INFO - [2026-06-06T20:42:01.616-0400] {dag.py:3036} INFO - Sync 1 DAGs
[2026-06-06T20:42:01.621-0400] {logging_mixin.py:188} INFO - [2026-06-06T20:42:01.621-0400] {dag.py:3823} INFO - Setting next_dagrun for example_trigger_controller_dag to 2021-01-01 00:00:00+00:00, run_after=2021-01-01 00:00:00+00:00
[2026-06-06T20:42:01.629-0400] {processor.py:183} INFO - Processing /Users/nitishbhattad/anaconda3/envs/flight-pipeline/lib/python3.11/site-packages/airflow/example_dags/example_trigger_controller_dag.py took 0.077 seconds
[2026-06-06T20:42:59.585-0400] {processor.py:161} INFO - Started process (PID=65858) to work on /Users/nitishbhattad/anaconda3/envs/flight-pipeline/lib/python3.11/site-packages/airflow/example_dags/example_trigger_controller_dag.py
[2026-06-06T20:42:59.587-0400] {processor.py:830} INFO - Processing file /Users/nitishbhattad/anaconda3/envs/flight-pipeline/lib/python3.11/site-packages/airflow/example_dags/example_trigger_controller_dag.py for tasks to queue
[2026-06-06T20:42:59.587-0400] {logging_mixin.py:188} INFO - [2026-06-06T20:42:59.587-0400] {dagbag.py:538} INFO - Filling up the DagBag from /Users/nitishbhattad/anaconda3/envs/flight-pipeline/lib/python3.11/site-packages/airflow/example_dags/example_trigger_controller_dag.py
[2026-06-06T20:42:59.592-0400] {processor.py:840} INFO - DAG(s) 'example_trigger_controller_dag' retrieved from /Users/nitishbhattad/anaconda3/envs/flight-pipeline/lib/python3.11/site-packages/airflow/example_dags/example_trigger_controller_dag.py
[2026-06-06T20:42:59.660-0400] {logging_mixin.py:188} INFO - [2026-06-06T20:42:59.660-0400] {dag.py:3036} INFO - Sync 1 DAGs
[2026-06-06T20:42:59.666-0400] {logging_mixin.py:188} INFO - [2026-06-06T20:42:59.666-0400] {dag.py:3823} INFO - Setting next_dagrun for example_trigger_controller_dag to 2021-01-01 00:00:00+00:00, run_after=2021-01-01 00:00:00+00:00
[2026-06-06T20:42:59.675-0400] {processor.py:183} INFO - Processing /Users/nitishbhattad/anaconda3/envs/flight-pipeline/lib/python3.11/site-packages/airflow/example_dags/example_trigger_controller_dag.py took 0.090 seconds
[2026-06-06T20:44:01.415-0400] {processor.py:161} INFO - Started process (PID=65947) to work on /Users/nitishbhattad/anaconda3/envs/flight-pipeline/lib/python3.11/site-packages/airflow/example_dags/example_trigger_controller_dag.py
[2026-06-06T20:44:01.416-0400] {processor.py:830} INFO - Processing file /Users/nitishbhattad/anaconda3/envs/flight-pipeline/lib/python3.11/site-packages/airflow/example_dags/example_trigger_controller_dag.py for tasks to queue
[2026-06-06T20:44:01.416-0400] {logging_mixin.py:188} INFO - [2026-06-06T20:44:01.416-0400] {dagbag.py:538} INFO - Filling up the DagBag from /Users/nitishbhattad/anaconda3/envs/flight-pipeline/lib/python3.11/site-packages/airflow/example_dags/example_trigger_controller_dag.py
[2026-06-06T20:44:01.422-0400] {processor.py:840} INFO - DAG(s) 'example_trigger_controller_dag' retrieved from /Users/nitishbhattad/anaconda3/envs/flight-pipeline/lib/python3.11/site-packages/airflow/example_dags/example_trigger_controller_dag.py
[2026-06-06T20:44:01.489-0400] {logging_mixin.py:188} INFO - [2026-06-06T20:44:01.489-0400] {dag.py:3036} INFO - Sync 1 DAGs
[2026-06-06T20:44:01.495-0400] {logging_mixin.py:188} INFO - [2026-06-06T20:44:01.495-0400] {dag.py:3823} INFO - Setting next_dagrun for example_trigger_controller_dag to 2021-01-01 00:00:00+00:00, run_after=2021-01-01 00:00:00+00:00
[2026-06-06T20:44:01.504-0400] {processor.py:183} INFO - Processing /Users/nitishbhattad/anaconda3/envs/flight-pipeline/lib/python3.11/site-packages/airflow/example_dags/example_trigger_controller_dag.py took 0.090 seconds
[2026-06-06T20:45:04.575-0400] {processor.py:161} INFO - Started process (PID=66048) to work on /Users/nitishbhattad/anaconda3/envs/flight-pipeline/lib/python3.11/site-packages/airflow/example_dags/example_trigger_controller_dag.py
[2026-06-06T20:45:04.576-0400] {processor.py:830} INFO - Processing file /Users/nitishbhattad/anaconda3/envs/flight-pipeline/lib/python3.11/site-packages/airflow/example_dags/example_trigger_controller_dag.py for tasks to queue
[2026-06-06T20:45:04.576-0400] {logging_mixin.py:188} INFO - [2026-06-06T20:45:04.576-0400] {dagbag.py:538} INFO - Filling up the DagBag from /Users/nitishbhattad/anaconda3/envs/flight-pipeline/lib/python3.11/site-packages/airflow/example_dags/example_trigger_controller_dag.py
[2026-06-06T20:45:04.582-0400] {processor.py:840} INFO - DAG(s) 'example_trigger_controller_dag' retrieved from /Users/nitishbhattad/anaconda3/envs/flight-pipeline/lib/python3.11/site-packages/airflow/example_dags/example_trigger_controller_dag.py
[2026-06-06T20:45:04.655-0400] {logging_mixin.py:188} INFO - [2026-06-06T20:45:04.655-0400] {dag.py:3036} INFO - Sync 1 DAGs
[2026-06-06T20:45:04.662-0400] {logging_mixin.py:188} INFO - [2026-06-06T20:45:04.662-0400] {dag.py:3823} INFO - Setting next_dagrun for example_trigger_controller_dag to 2021-01-01 00:00:00+00:00, run_after=2021-01-01 00:00:00+00:00
[2026-06-06T20:45:04.671-0400] {processor.py:183} INFO - Processing /Users/nitishbhattad/anaconda3/envs/flight-pipeline/lib/python3.11/site-packages/airflow/example_dags/example_trigger_controller_dag.py took 0.097 seconds
[2026-06-06T20:46:08.059-0400] {processor.py:161} INFO - Started process (PID=66141) to work on /Users/nitishbhattad/anaconda3/envs/flight-pipeline/lib/python3.11/site-packages/airflow/example_dags/example_trigger_controller_dag.py
[2026-06-06T20:46:08.061-0400] {processor.py:830} INFO - Processing file /Users/nitishbhattad/anaconda3/envs/flight-pipeline/lib/python3.11/site-packages/airflow/example_dags/example_trigger_controller_dag.py for tasks to queue
[2026-06-06T20:46:08.061-0400] {logging_mixin.py:188} INFO - [2026-06-06T20:46:08.061-0400] {dagbag.py:538} INFO - Filling up the DagBag from /Users/nitishbhattad/anaconda3/envs/flight-pipeline/lib/python3.11/site-packages/airflow/example_dags/example_trigger_controller_dag.py
[2026-06-06T20:46:08.067-0400] {processor.py:840} INFO - DAG(s) 'example_trigger_controller_dag' retrieved from /Users/nitishbhattad/anaconda3/envs/flight-pipeline/lib/python3.11/site-packages/airflow/example_dags/example_trigger_controller_dag.py
[2026-06-06T20:46:08.144-0400] {logging_mixin.py:188} INFO - [2026-06-06T20:46:08.144-0400] {dag.py:3036} INFO - Sync 1 DAGs
[2026-06-06T20:46:08.152-0400] {logging_mixin.py:188} INFO - [2026-06-06T20:46:08.152-0400] {dag.py:3823} INFO - Setting next_dagrun for example_trigger_controller_dag to 2021-01-01 00:00:00+00:00, run_after=2021-01-01 00:00:00+00:00
[2026-06-06T20:46:08.165-0400] {processor.py:183} INFO - Processing /Users/nitishbhattad/anaconda3/envs/flight-pipeline/lib/python3.11/site-packages/airflow/example_dags/example_trigger_controller_dag.py took 0.106 seconds
[2026-06-06T20:47:11.197-0400] {processor.py:161} INFO - Started process (PID=66249) to work on /Users/nitishbhattad/anaconda3/envs/flight-pipeline/lib/python3.11/site-packages/airflow/example_dags/example_trigger_controller_dag.py
[2026-06-06T20:47:11.199-0400] {processor.py:830} INFO - Processing file /Users/nitishbhattad/anaconda3/envs/flight-pipeline/lib/python3.11/site-packages/airflow/example_dags/example_trigger_controller_dag.py for tasks to queue
[2026-06-06T20:47:11.199-0400] {logging_mixin.py:188} INFO - [2026-06-06T20:47:11.199-0400] {dagbag.py:538} INFO - Filling up the DagBag from /Users/nitishbhattad/anaconda3/envs/flight-pipeline/lib/python3.11/site-packages/airflow/example_dags/example_trigger_controller_dag.py
[2026-06-06T20:47:11.207-0400] {processor.py:840} INFO - DAG(s) 'example_trigger_controller_dag' retrieved from /Users/nitishbhattad/anaconda3/envs/flight-pipeline/lib/python3.11/site-packages/airflow/example_dags/example_trigger_controller_dag.py
[2026-06-06T20:47:11.292-0400] {logging_mixin.py:188} INFO - [2026-06-06T20:47:11.292-0400] {dag.py:3036} INFO - Sync 1 DAGs
[2026-06-06T20:47:11.298-0400] {logging_mixin.py:188} INFO - [2026-06-06T20:47:11.298-0400] {dag.py:3823} INFO - Setting next_dagrun for example_trigger_controller_dag to 2021-01-01 00:00:00+00:00, run_after=2021-01-01 00:00:00+00:00
[2026-06-06T20:47:11.305-0400] {processor.py:183} INFO - Processing /Users/nitishbhattad/anaconda3/envs/flight-pipeline/lib/python3.11/site-packages/airflow/example_dags/example_trigger_controller_dag.py took 0.109 seconds
[2026-06-06T20:48:10.158-0400] {processor.py:161} INFO - Started process (PID=66352) to work on /Users/nitishbhattad/anaconda3/envs/flight-pipeline/lib/python3.11/site-packages/airflow/example_dags/example_trigger_controller_dag.py
[2026-06-06T20:48:10.159-0400] {processor.py:830} INFO - Processing file /Users/nitishbhattad/anaconda3/envs/flight-pipeline/lib/python3.11/site-packages/airflow/example_dags/example_trigger_controller_dag.py for tasks to queue
[2026-06-06T20:48:10.160-0400] {logging_mixin.py:188} INFO - [2026-06-06T20:48:10.160-0400] {dagbag.py:538} INFO - Filling up the DagBag from /Users/nitishbhattad/anaconda3/envs/flight-pipeline/lib/python3.11/site-packages/airflow/example_dags/example_trigger_controller_dag.py
[2026-06-06T20:48:10.165-0400] {processor.py:840} INFO - DAG(s) 'example_trigger_controller_dag' retrieved from /Users/nitishbhattad/anaconda3/envs/flight-pipeline/lib/python3.11/site-packages/airflow/example_dags/example_trigger_controller_dag.py
[2026-06-06T20:48:10.227-0400] {logging_mixin.py:188} INFO - [2026-06-06T20:48:10.227-0400] {dag.py:3036} INFO - Sync 1 DAGs
[2026-06-06T20:48:10.233-0400] {logging_mixin.py:188} INFO - [2026-06-06T20:48:10.233-0400] {dag.py:3823} INFO - Setting next_dagrun for example_trigger_controller_dag to 2021-01-01 00:00:00+00:00, run_after=2021-01-01 00:00:00+00:00
[2026-06-06T20:48:10.240-0400] {processor.py:183} INFO - Processing /Users/nitishbhattad/anaconda3/envs/flight-pipeline/lib/python3.11/site-packages/airflow/example_dags/example_trigger_controller_dag.py took 0.083 seconds
[2026-06-06T20:49:09.479-0400] {processor.py:161} INFO - Started process (PID=66439) to work on /Users/nitishbhattad/anaconda3/envs/flight-pipeline/lib/python3.11/site-packages/airflow/example_dags/example_trigger_controller_dag.py
[2026-06-06T20:49:09.481-0400] {processor.py:830} INFO - Processing file /Users/nitishbhattad/anaconda3/envs/flight-pipeline/lib/python3.11/site-packages/airflow/example_dags/example_trigger_controller_dag.py for tasks to queue
[2026-06-06T20:49:09.483-0400] {logging_mixin.py:188} INFO - [2026-06-06T20:49:09.483-0400] {dagbag.py:538} INFO - Filling up the DagBag from /Users/nitishbhattad/anaconda3/envs/flight-pipeline/lib/python3.11/site-packages/airflow/example_dags/example_trigger_controller_dag.py
[2026-06-06T20:49:09.495-0400] {processor.py:840} INFO - DAG(s) 'example_trigger_controller_dag' retrieved from /Users/nitishbhattad/anaconda3/envs/flight-pipeline/lib/python3.11/site-packages/airflow/example_dags/example_trigger_controller_dag.py
[2026-06-06T20:49:09.598-0400] {logging_mixin.py:188} INFO - [2026-06-06T20:49:09.598-0400] {dag.py:3036} INFO - Sync 1 DAGs
[2026-06-06T20:49:09.607-0400] {logging_mixin.py:188} INFO - [2026-06-06T20:49:09.607-0400] {dag.py:3823} INFO - Setting next_dagrun for example_trigger_controller_dag to 2021-01-01 00:00:00+00:00, run_after=2021-01-01 00:00:00+00:00
[2026-06-06T20:49:09.630-0400] {processor.py:183} INFO - Processing /Users/nitishbhattad/anaconda3/envs/flight-pipeline/lib/python3.11/site-packages/airflow/example_dags/example_trigger_controller_dag.py took 0.152 seconds
[2026-06-06T20:50:09.197-0400] {processor.py:161} INFO - Started process (PID=66544) to work on /Users/nitishbhattad/anaconda3/envs/flight-pipeline/lib/python3.11/site-packages/airflow/example_dags/example_trigger_controller_dag.py
[2026-06-06T20:50:09.200-0400] {processor.py:830} INFO - Processing file /Users/nitishbhattad/anaconda3/envs/flight-pipeline/lib/python3.11/site-packages/airflow/example_dags/example_trigger_controller_dag.py for tasks to queue
[2026-06-06T20:50:09.201-0400] {logging_mixin.py:188} INFO - [2026-06-06T20:50:09.201-0400] {dagbag.py:538} INFO - Filling up the DagBag from /Users/nitishbhattad/anaconda3/envs/flight-pipeline/lib/python3.11/site-packages/airflow/example_dags/example_trigger_controller_dag.py
[2026-06-06T20:50:09.206-0400] {processor.py:840} INFO - DAG(s) 'example_trigger_controller_dag' retrieved from /Users/nitishbhattad/anaconda3/envs/flight-pipeline/lib/python3.11/site-packages/airflow/example_dags/example_trigger_controller_dag.py
[2026-06-06T20:50:09.264-0400] {logging_mixin.py:188} INFO - [2026-06-06T20:50:09.264-0400] {dag.py:3036} INFO - Sync 1 DAGs
[2026-06-06T20:50:09.270-0400] {logging_mixin.py:188} INFO - [2026-06-06T20:50:09.270-0400] {dag.py:3823} INFO - Setting next_dagrun for example_trigger_controller_dag to 2021-01-01 00:00:00+00:00, run_after=2021-01-01 00:00:00+00:00
[2026-06-06T20:50:09.278-0400] {processor.py:183} INFO - Processing /Users/nitishbhattad/anaconda3/envs/flight-pipeline/lib/python3.11/site-packages/airflow/example_dags/example_trigger_controller_dag.py took 0.083 seconds
