[2026-06-06T20:18:56.109-0400] {processor.py:161} INFO - Started process (PID=63568) to work on /Users/nitishbhattad/anaconda3/envs/flight-pipeline/lib/python3.11/site-packages/airflow/example_dags/example_sla_dag.py
[2026-06-06T20:18:56.110-0400] {processor.py:830} INFO - Processing file /Users/nitishbhattad/anaconda3/envs/flight-pipeline/lib/python3.11/site-packages/airflow/example_dags/example_sla_dag.py for tasks to queue
[2026-06-06T20:18:56.110-0400] {logging_mixin.py:188} INFO - [2026-06-06T20:18:56.110-0400] {dagbag.py:538} INFO - Filling up the DagBag from /Users/nitishbhattad/anaconda3/envs/flight-pipeline/lib/python3.11/site-packages/airflow/example_dags/example_sla_dag.py
[2026-06-06T20:18:56.125-0400] {processor.py:840} INFO - DAG(s) 'example_sla_dag' retrieved from /Users/nitishbhattad/anaconda3/envs/flight-pipeline/lib/python3.11/site-packages/airflow/example_dags/example_sla_dag.py
[2026-06-06T20:18:56.219-0400] {logging_mixin.py:188} INFO - [2026-06-06T20:18:56.218-0400] {override.py:1769} INFO - Created Permission View: can delete on DAG:example_sla_dag
[2026-06-06T20:18:56.222-0400] {logging_mixin.py:188} INFO - [2026-06-06T20:18:56.222-0400] {override.py:1769} INFO - Created Permission View: can read on DAG:example_sla_dag
[2026-06-06T20:18:56.225-0400] {logging_mixin.py:188} INFO - [2026-06-06T20:18:56.225-0400] {override.py:1769} INFO - Created Permission View: can edit on DAG:example_sla_dag
[2026-06-06T20:18:56.225-0400] {logging_mixin.py:188} INFO - [2026-06-06T20:18:56.225-0400] {dag.py:3036} INFO - Sync 1 DAGs
[2026-06-06T20:18:56.231-0400] {logging_mixin.py:188} INFO - [2026-06-06T20:18:56.231-0400] {dag.py:3058} INFO - Creating ORM DAG for example_sla_dag
[2026-06-06T20:18:56.236-0400] {logging_mixin.py:188} INFO - [2026-06-06T20:18:56.236-0400] {dag.py:3823} INFO - Setting next_dagrun for example_sla_dag to 2026-06-07 00:16:00+00:00, run_after=2026-06-07 00:18:00+00:00
[2026-06-06T20:18:56.243-0400] {processor.py:183} INFO - Processing /Users/nitishbhattad/anaconda3/envs/flight-pipeline/lib/python3.11/site-packages/airflow/example_dags/example_sla_dag.py took 0.134 seconds
[2026-06-06T20:20:26.523-0400] {processor.py:161} INFO - Started process (PID=63702) to work on /Users/nitishbhattad/anaconda3/envs/flight-pipeline/lib/python3.11/site-packages/airflow/example_dags/example_sla_dag.py
[2026-06-06T20:20:26.523-0400] {processor.py:830} INFO - Processing file /Users/nitishbhattad/anaconda3/envs/flight-pipeline/lib/python3.11/site-packages/airflow/example_dags/example_sla_dag.py for tasks to queue
[2026-06-06T20:20:26.523-0400] {logging_mixin.py:188} INFO - [2026-06-06T20:20:26.523-0400] {dagbag.py:538} INFO - Filling up the DagBag from /Users/nitishbhattad/anaconda3/envs/flight-pipeline/lib/python3.11/site-packages/airflow/example_dags/example_sla_dag.py
[2026-06-06T20:20:26.538-0400] {processor.py:840} INFO - DAG(s) 'example_sla_dag' retrieved from /Users/nitishbhattad/anaconda3/envs/flight-pipeline/lib/python3.11/site-packages/airflow/example_dags/example_sla_dag.py
[2026-06-06T20:20:26.594-0400] {logging_mixin.py:188} INFO - [2026-06-06T20:20:26.594-0400] {dag.py:3036} INFO - Sync 1 DAGs
[2026-06-06T20:20:26.600-0400] {logging_mixin.py:188} INFO - [2026-06-06T20:20:26.600-0400] {dag.py:3823} INFO - Setting next_dagrun for example_sla_dag to 2026-06-07 00:18:00+00:00, run_after=2026-06-07 00:20:00+00:00
[2026-06-06T20:20:26.607-0400] {processor.py:183} INFO - Processing /Users/nitishbhattad/anaconda3/envs/flight-pipeline/lib/python3.11/site-packages/airflow/example_dags/example_sla_dag.py took 0.085 seconds
[2026-06-06T20:23:42.390-0400] {processor.py:161} INFO - Started process (PID=64027) to work on /Users/nitishbhattad/anaconda3/envs/flight-pipeline/lib/python3.11/site-packages/airflow/example_dags/example_sla_dag.py
[2026-06-06T20:23:42.391-0400] {processor.py:830} INFO - Processing file /Users/nitishbhattad/anaconda3/envs/flight-pipeline/lib/python3.11/site-packages/airflow/example_dags/example_sla_dag.py for tasks to queue
[2026-06-06T20:23:42.391-0400] {logging_mixin.py:188} INFO - [2026-06-06T20:23:42.391-0400] {dagbag.py:538} INFO - Filling up the DagBag from /Users/nitishbhattad/anaconda3/envs/flight-pipeline/lib/python3.11/site-packages/airflow/example_dags/example_sla_dag.py
[2026-06-06T20:23:42.416-0400] {processor.py:840} INFO - DAG(s) 'example_sla_dag' retrieved from /Users/nitishbhattad/anaconda3/envs/flight-pipeline/lib/python3.11/site-packages/airflow/example_dags/example_sla_dag.py
[2026-06-06T20:23:42.508-0400] {logging_mixin.py:188} INFO - [2026-06-06T20:23:42.507-0400] {dag.py:3036} INFO - Sync 1 DAGs
[2026-06-06T20:23:42.522-0400] {logging_mixin.py:188} INFO - [2026-06-06T20:23:42.522-0400] {dag.py:3823} INFO - Setting next_dagrun for example_sla_dag to 2026-06-07 00:20:00+00:00, run_after=2026-06-07 00:22:00+00:00
[2026-06-06T20:23:42.538-0400] {processor.py:183} INFO - Processing /Users/nitishbhattad/anaconda3/envs/flight-pipeline/lib/python3.11/site-packages/airflow/example_dags/example_sla_dag.py took 0.149 seconds
[2026-06-06T20:24:56.399-0400] {processor.py:161} INFO - Started process (PID=64154) to work on /Users/nitishbhattad/anaconda3/envs/flight-pipeline/lib/python3.11/site-packages/airflow/example_dags/example_sla_dag.py
[2026-06-06T20:24:56.400-0400] {processor.py:830} INFO - Processing file /Users/nitishbhattad/anaconda3/envs/flight-pipeline/lib/python3.11/site-packages/airflow/example_dags/example_sla_dag.py for tasks to queue
[2026-06-06T20:24:56.400-0400] {logging_mixin.py:188} INFO - [2026-06-06T20:24:56.400-0400] {dagbag.py:538} INFO - Filling up the DagBag from /Users/nitishbhattad/anaconda3/envs/flight-pipeline/lib/python3.11/site-packages/airflow/example_dags/example_sla_dag.py
[2026-06-06T20:24:56.414-0400] {processor.py:840} INFO - DAG(s) 'example_sla_dag' retrieved from /Users/nitishbhattad/anaconda3/envs/flight-pipeline/lib/python3.11/site-packages/airflow/example_dags/example_sla_dag.py
[2026-06-06T20:24:56.469-0400] {logging_mixin.py:188} INFO - [2026-06-06T20:24:56.469-0400] {dag.py:3036} INFO - Sync 1 DAGs
[2026-06-06T20:24:56.477-0400] {logging_mixin.py:188} INFO - [2026-06-06T20:24:56.477-0400] {dag.py:3823} INFO - Setting next_dagrun for example_sla_dag to 2026-06-07 00:22:00+00:00, run_after=2026-06-07 00:24:00+00:00
[2026-06-06T20:24:56.486-0400] {processor.py:183} INFO - Processing /Users/nitishbhattad/anaconda3/envs/flight-pipeline/lib/python3.11/site-packages/airflow/example_dags/example_sla_dag.py took 0.087 seconds
[2026-06-06T20:27:11.970-0400] {processor.py:161} INFO - Started process (PID=64377) to work on /Users/nitishbhattad/anaconda3/envs/flight-pipeline/lib/python3.11/site-packages/airflow/example_dags/example_sla_dag.py
[2026-06-06T20:27:11.971-0400] {processor.py:830} INFO - Processing file /Users/nitishbhattad/anaconda3/envs/flight-pipeline/lib/python3.11/site-packages/airflow/example_dags/example_sla_dag.py for tasks to queue
[2026-06-06T20:27:11.971-0400] {logging_mixin.py:188} INFO - [2026-06-06T20:27:11.971-0400] {dagbag.py:538} INFO - Filling up the DagBag from /Users/nitishbhattad/anaconda3/envs/flight-pipeline/lib/python3.11/site-packages/airflow/example_dags/example_sla_dag.py
[2026-06-06T20:27:11.987-0400] {processor.py:840} INFO - DAG(s) 'example_sla_dag' retrieved from /Users/nitishbhattad/anaconda3/envs/flight-pipeline/lib/python3.11/site-packages/airflow/example_dags/example_sla_dag.py
[2026-06-06T20:27:12.053-0400] {logging_mixin.py:188} INFO - [2026-06-06T20:27:12.053-0400] {dag.py:3036} INFO - Sync 1 DAGs
[2026-06-06T20:27:12.061-0400] {logging_mixin.py:188} INFO - [2026-06-06T20:27:12.061-0400] {dag.py:3823} INFO - Setting next_dagrun for example_sla_dag to 2026-06-07 00:24:00+00:00, run_after=2026-06-07 00:26:00+00:00
[2026-06-06T20:27:12.071-0400] {processor.py:183} INFO - Processing /Users/nitishbhattad/anaconda3/envs/flight-pipeline/lib/python3.11/site-packages/airflow/example_dags/example_sla_dag.py took 0.102 seconds
[2026-06-06T20:29:13.404-0400] {processor.py:161} INFO - Started process (PID=64558) to work on /Users/nitishbhattad/anaconda3/envs/flight-pipeline/lib/python3.11/site-packages/airflow/example_dags/example_sla_dag.py
[2026-06-06T20:29:13.405-0400] {processor.py:830} INFO - Processing file /Users/nitishbhattad/anaconda3/envs/flight-pipeline/lib/python3.11/site-packages/airflow/example_dags/example_sla_dag.py for tasks to queue
[2026-06-06T20:29:13.406-0400] {logging_mixin.py:188} INFO - [2026-06-06T20:29:13.406-0400] {dagbag.py:538} INFO - Filling up the DagBag from /Users/nitishbhattad/anaconda3/envs/flight-pipeline/lib/python3.11/site-packages/airflow/example_dags/example_sla_dag.py
[2026-06-06T20:29:13.420-0400] {processor.py:840} INFO - DAG(s) 'example_sla_dag' retrieved from /Users/nitishbhattad/anaconda3/envs/flight-pipeline/lib/python3.11/site-packages/airflow/example_dags/example_sla_dag.py
[2026-06-06T20:29:13.479-0400] {logging_mixin.py:188} INFO - [2026-06-06T20:29:13.479-0400] {dag.py:3036} INFO - Sync 1 DAGs
[2026-06-06T20:29:13.485-0400] {logging_mixin.py:188} INFO - [2026-06-06T20:29:13.485-0400] {dag.py:3823} INFO - Setting next_dagrun for example_sla_dag to 2026-06-07 00:26:00+00:00, run_after=2026-06-07 00:28:00+00:00
[2026-06-06T20:29:13.494-0400] {processor.py:183} INFO - Processing /Users/nitishbhattad/anaconda3/envs/flight-pipeline/lib/python3.11/site-packages/airflow/example_dags/example_sla_dag.py took 0.090 seconds
[2026-06-06T20:31:29.353-0400] {processor.py:161} INFO - Started process (PID=64765) to work on /Users/nitishbhattad/anaconda3/envs/flight-pipeline/lib/python3.11/site-packages/airflow/example_dags/example_sla_dag.py
[2026-06-06T20:31:29.355-0400] {processor.py:830} INFO - Processing file /Users/nitishbhattad/anaconda3/envs/flight-pipeline/lib/python3.11/site-packages/airflow/example_dags/example_sla_dag.py for tasks to queue
[2026-06-06T20:31:29.355-0400] {logging_mixin.py:188} INFO - [2026-06-06T20:31:29.355-0400] {dagbag.py:538} INFO - Filling up the DagBag from /Users/nitishbhattad/anaconda3/envs/flight-pipeline/lib/python3.11/site-packages/airflow/example_dags/example_sla_dag.py
[2026-06-06T20:31:29.376-0400] {processor.py:840} INFO - DAG(s) 'example_sla_dag' retrieved from /Users/nitishbhattad/anaconda3/envs/flight-pipeline/lib/python3.11/site-packages/airflow/example_dags/example_sla_dag.py
[2026-06-06T20:31:29.455-0400] {logging_mixin.py:188} INFO - [2026-06-06T20:31:29.455-0400] {dag.py:3036} INFO - Sync 1 DAGs
[2026-06-06T20:31:29.470-0400] {logging_mixin.py:188} INFO - [2026-06-06T20:31:29.470-0400] {dag.py:3823} INFO - Setting next_dagrun for example_sla_dag to 2026-06-07 00:28:00+00:00, run_after=2026-06-07 00:30:00+00:00
[2026-06-06T20:31:29.483-0400] {processor.py:183} INFO - Processing /Users/nitishbhattad/anaconda3/envs/flight-pipeline/lib/python3.11/site-packages/airflow/example_dags/example_sla_dag.py took 0.131 seconds
[2026-06-06T20:32:43.823-0400] {processor.py:161} INFO - Started process (PID=64871) to work on /Users/nitishbhattad/anaconda3/envs/flight-pipeline/lib/python3.11/site-packages/airflow/example_dags/example_sla_dag.py
[2026-06-06T20:32:43.824-0400] {processor.py:830} INFO - Processing file /Users/nitishbhattad/anaconda3/envs/flight-pipeline/lib/python3.11/site-packages/airflow/example_dags/example_sla_dag.py for tasks to queue
[2026-06-06T20:32:43.824-0400] {logging_mixin.py:188} INFO - [2026-06-06T20:32:43.824-0400] {dagbag.py:538} INFO - Filling up the DagBag from /Users/nitishbhattad/anaconda3/envs/flight-pipeline/lib/python3.11/site-packages/airflow/example_dags/example_sla_dag.py
[2026-06-06T20:32:43.838-0400] {processor.py:840} INFO - DAG(s) 'example_sla_dag' retrieved from /Users/nitishbhattad/anaconda3/envs/flight-pipeline/lib/python3.11/site-packages/airflow/example_dags/example_sla_dag.py
[2026-06-06T20:32:43.901-0400] {logging_mixin.py:188} INFO - [2026-06-06T20:32:43.900-0400] {dag.py:3036} INFO - Sync 1 DAGs
[2026-06-06T20:32:43.910-0400] {logging_mixin.py:188} INFO - [2026-06-06T20:32:43.909-0400] {dag.py:3823} INFO - Setting next_dagrun for example_sla_dag to 2026-06-07 00:30:00+00:00, run_after=2026-06-07 00:32:00+00:00
[2026-06-06T20:32:43.918-0400] {processor.py:183} INFO - Processing /Users/nitishbhattad/anaconda3/envs/flight-pipeline/lib/python3.11/site-packages/airflow/example_dags/example_sla_dag.py took 0.096 seconds
[2026-06-06T20:34:43.482-0400] {processor.py:161} INFO - Started process (PID=65049) to work on /Users/nitishbhattad/anaconda3/envs/flight-pipeline/lib/python3.11/site-packages/airflow/example_dags/example_sla_dag.py
[2026-06-06T20:34:43.483-0400] {processor.py:830} INFO - Processing file /Users/nitishbhattad/anaconda3/envs/flight-pipeline/lib/python3.11/site-packages/airflow/example_dags/example_sla_dag.py for tasks to queue
[2026-06-06T20:34:43.484-0400] {logging_mixin.py:188} INFO - [2026-06-06T20:34:43.483-0400] {dagbag.py:538} INFO - Filling up the DagBag from /Users/nitishbhattad/anaconda3/envs/flight-pipeline/lib/python3.11/site-packages/airflow/example_dags/example_sla_dag.py
[2026-06-06T20:34:43.497-0400] {processor.py:840} INFO - DAG(s) 'example_sla_dag' retrieved from /Users/nitishbhattad/anaconda3/envs/flight-pipeline/lib/python3.11/site-packages/airflow/example_dags/example_sla_dag.py
[2026-06-06T20:34:43.554-0400] {logging_mixin.py:188} INFO - [2026-06-06T20:34:43.554-0400] {dag.py:3036} INFO - Sync 1 DAGs
[2026-06-06T20:34:43.561-0400] {logging_mixin.py:188} INFO - [2026-06-06T20:34:43.561-0400] {dag.py:3823} INFO - Setting next_dagrun for example_sla_dag to 2026-06-07 00:32:00+00:00, run_after=2026-06-07 00:34:00+00:00
[2026-06-06T20:34:43.568-0400] {processor.py:183} INFO - Processing /Users/nitishbhattad/anaconda3/envs/flight-pipeline/lib/python3.11/site-packages/airflow/example_dags/example_sla_dag.py took 0.087 seconds
[2026-06-06T20:36:48.688-0400] {processor.py:161} INFO - Started process (PID=65245) to work on /Users/nitishbhattad/anaconda3/envs/flight-pipeline/lib/python3.11/site-packages/airflow/example_dags/example_sla_dag.py
[2026-06-06T20:36:48.689-0400] {processor.py:830} INFO - Processing file /Users/nitishbhattad/anaconda3/envs/flight-pipeline/lib/python3.11/site-packages/airflow/example_dags/example_sla_dag.py for tasks to queue
[2026-06-06T20:36:48.690-0400] {logging_mixin.py:188} INFO - [2026-06-06T20:36:48.690-0400] {dagbag.py:538} INFO - Filling up the DagBag from /Users/nitishbhattad/anaconda3/envs/flight-pipeline/lib/python3.11/site-packages/airflow/example_dags/example_sla_dag.py
[2026-06-06T20:36:48.711-0400] {processor.py:840} INFO - DAG(s) 'example_sla_dag' retrieved from /Users/nitishbhattad/anaconda3/envs/flight-pipeline/lib/python3.11/site-packages/airflow/example_dags/example_sla_dag.py
[2026-06-06T20:36:48.774-0400] {logging_mixin.py:188} INFO - [2026-06-06T20:36:48.774-0400] {dag.py:3036} INFO - Sync 1 DAGs
[2026-06-06T20:36:48.782-0400] {logging_mixin.py:188} INFO - [2026-06-06T20:36:48.782-0400] {dag.py:3823} INFO - Setting next_dagrun for example_sla_dag to 2026-06-07 00:34:00+00:00, run_after=2026-06-07 00:36:00+00:00
[2026-06-06T20:36:48.792-0400] {processor.py:183} INFO - Processing /Users/nitishbhattad/anaconda3/envs/flight-pipeline/lib/python3.11/site-packages/airflow/example_dags/example_sla_dag.py took 0.105 seconds
[2026-06-06T20:37:53.301-0400] {processor.py:161} INFO - Started process (PID=65342) to work on /Users/nitishbhattad/anaconda3/envs/flight-pipeline/lib/python3.11/site-packages/airflow/example_dags/example_sla_dag.py
[2026-06-06T20:37:53.302-0400] {processor.py:830} INFO - Processing file /Users/nitishbhattad/anaconda3/envs/flight-pipeline/lib/python3.11/site-packages/airflow/example_dags/example_sla_dag.py for tasks to queue
[2026-06-06T20:37:53.302-0400] {logging_mixin.py:188} INFO - [2026-06-06T20:37:53.302-0400] {dagbag.py:538} INFO - Filling up the DagBag from /Users/nitishbhattad/anaconda3/envs/flight-pipeline/lib/python3.11/site-packages/airflow/example_dags/example_sla_dag.py
[2026-06-06T20:37:53.316-0400] {processor.py:840} INFO - DAG(s) 'example_sla_dag' retrieved from /Users/nitishbhattad/anaconda3/envs/flight-pipeline/lib/python3.11/site-packages/airflow/example_dags/example_sla_dag.py
[2026-06-06T20:37:53.374-0400] {logging_mixin.py:188} INFO - [2026-06-06T20:37:53.374-0400] {dag.py:3036} INFO - Sync 1 DAGs
[2026-06-06T20:37:53.380-0400] {logging_mixin.py:188} INFO - [2026-06-06T20:37:53.380-0400] {dag.py:3823} INFO - Setting next_dagrun for example_sla_dag to 2026-06-07 00:34:00+00:00, run_after=2026-06-07 00:36:00+00:00
[2026-06-06T20:37:53.388-0400] {processor.py:183} INFO - Processing /Users/nitishbhattad/anaconda3/envs/flight-pipeline/lib/python3.11/site-packages/airflow/example_dags/example_sla_dag.py took 0.088 seconds
[2026-06-06T20:38:57.420-0400] {processor.py:161} INFO - Started process (PID=65435) to work on /Users/nitishbhattad/anaconda3/envs/flight-pipeline/lib/python3.11/site-packages/airflow/example_dags/example_sla_dag.py
[2026-06-06T20:38:57.421-0400] {processor.py:830} INFO - Processing file /Users/nitishbhattad/anaconda3/envs/flight-pipeline/lib/python3.11/site-packages/airflow/example_dags/example_sla_dag.py for tasks to queue
[2026-06-06T20:38:57.422-0400] {logging_mixin.py:188} INFO - [2026-06-06T20:38:57.422-0400] {dagbag.py:538} INFO - Filling up the DagBag from /Users/nitishbhattad/anaconda3/envs/flight-pipeline/lib/python3.11/site-packages/airflow/example_dags/example_sla_dag.py
[2026-06-06T20:38:57.437-0400] {processor.py:840} INFO - DAG(s) 'example_sla_dag' retrieved from /Users/nitishbhattad/anaconda3/envs/flight-pipeline/lib/python3.11/site-packages/airflow/example_dags/example_sla_dag.py
[2026-06-06T20:38:57.498-0400] {logging_mixin.py:188} INFO - [2026-06-06T20:38:57.498-0400] {dag.py:3036} INFO - Sync 1 DAGs
[2026-06-06T20:38:57.506-0400] {logging_mixin.py:188} INFO - [2026-06-06T20:38:57.506-0400] {dag.py:3823} INFO - Setting next_dagrun for example_sla_dag to 2026-06-07 00:36:00+00:00, run_after=2026-06-07 00:38:00+00:00
[2026-06-06T20:38:57.514-0400] {processor.py:183} INFO - Processing /Users/nitishbhattad/anaconda3/envs/flight-pipeline/lib/python3.11/site-packages/airflow/example_dags/example_sla_dag.py took 0.095 seconds
[2026-06-06T20:41:05.775-0400] {processor.py:161} INFO - Started process (PID=65698) to work on /Users/nitishbhattad/anaconda3/envs/flight-pipeline/lib/python3.11/site-packages/airflow/example_dags/example_sla_dag.py
[2026-06-06T20:41:05.776-0400] {processor.py:830} INFO - Processing file /Users/nitishbhattad/anaconda3/envs/flight-pipeline/lib/python3.11/site-packages/airflow/example_dags/example_sla_dag.py for tasks to queue
[2026-06-06T20:41:05.776-0400] {logging_mixin.py:188} INFO - [2026-06-06T20:41:05.776-0400] {dagbag.py:538} INFO - Filling up the DagBag from /Users/nitishbhattad/anaconda3/envs/flight-pipeline/lib/python3.11/site-packages/airflow/example_dags/example_sla_dag.py
[2026-06-06T20:41:05.792-0400] {processor.py:840} INFO - DAG(s) 'example_sla_dag' retrieved from /Users/nitishbhattad/anaconda3/envs/flight-pipeline/lib/python3.11/site-packages/airflow/example_dags/example_sla_dag.py
[2026-06-06T20:41:05.856-0400] {logging_mixin.py:188} INFO - [2026-06-06T20:41:05.855-0400] {dag.py:3036} INFO - Sync 1 DAGs
[2026-06-06T20:41:05.862-0400] {logging_mixin.py:188} INFO - [2026-06-06T20:41:05.862-0400] {dag.py:3823} INFO - Setting next_dagrun for example_sla_dag to 2026-06-07 00:38:00+00:00, run_after=2026-06-07 00:40:00+00:00
[2026-06-06T20:41:05.869-0400] {processor.py:183} INFO - Processing /Users/nitishbhattad/anaconda3/envs/flight-pipeline/lib/python3.11/site-packages/airflow/example_dags/example_sla_dag.py took 0.095 seconds
[2026-06-06T20:43:02.707-0400] {processor.py:161} INFO - Started process (PID=65868) to work on /Users/nitishbhattad/anaconda3/envs/flight-pipeline/lib/python3.11/site-packages/airflow/example_dags/example_sla_dag.py
[2026-06-06T20:43:02.708-0400] {processor.py:830} INFO - Processing file /Users/nitishbhattad/anaconda3/envs/flight-pipeline/lib/python3.11/site-packages/airflow/example_dags/example_sla_dag.py for tasks to queue
[2026-06-06T20:43:02.708-0400] {logging_mixin.py:188} INFO - [2026-06-06T20:43:02.708-0400] {dagbag.py:538} INFO - Filling up the DagBag from /Users/nitishbhattad/anaconda3/envs/flight-pipeline/lib/python3.11/site-packages/airflow/example_dags/example_sla_dag.py
[2026-06-06T20:43:02.723-0400] {processor.py:840} INFO - DAG(s) 'example_sla_dag' retrieved from /Users/nitishbhattad/anaconda3/envs/flight-pipeline/lib/python3.11/site-packages/airflow/example_dags/example_sla_dag.py
[2026-06-06T20:43:02.787-0400] {logging_mixin.py:188} INFO - [2026-06-06T20:43:02.787-0400] {dag.py:3036} INFO - Sync 1 DAGs
[2026-06-06T20:43:02.794-0400] {logging_mixin.py:188} INFO - [2026-06-06T20:43:02.794-0400] {dag.py:3823} INFO - Setting next_dagrun for example_sla_dag to 2026-06-07 00:40:00+00:00, run_after=2026-06-07 00:42:00+00:00
[2026-06-06T20:43:02.802-0400] {processor.py:183} INFO - Processing /Users/nitishbhattad/anaconda3/envs/flight-pipeline/lib/python3.11/site-packages/airflow/example_dags/example_sla_dag.py took 0.096 seconds
[2026-06-06T20:44:10.386-0400] {processor.py:161} INFO - Started process (PID=65963) to work on /Users/nitishbhattad/anaconda3/envs/flight-pipeline/lib/python3.11/site-packages/airflow/example_dags/example_sla_dag.py
[2026-06-06T20:44:10.387-0400] {processor.py:830} INFO - Processing file /Users/nitishbhattad/anaconda3/envs/flight-pipeline/lib/python3.11/site-packages/airflow/example_dags/example_sla_dag.py for tasks to queue
[2026-06-06T20:44:10.387-0400] {logging_mixin.py:188} INFO - [2026-06-06T20:44:10.387-0400] {dagbag.py:538} INFO - Filling up the DagBag from /Users/nitishbhattad/anaconda3/envs/flight-pipeline/lib/python3.11/site-packages/airflow/example_dags/example_sla_dag.py
[2026-06-06T20:44:10.401-0400] {processor.py:840} INFO - DAG(s) 'example_sla_dag' retrieved from /Users/nitishbhattad/anaconda3/envs/flight-pipeline/lib/python3.11/site-packages/airflow/example_dags/example_sla_dag.py
[2026-06-06T20:44:10.456-0400] {logging_mixin.py:188} INFO - [2026-06-06T20:44:10.456-0400] {dag.py:3036} INFO - Sync 1 DAGs
[2026-06-06T20:44:10.463-0400] {logging_mixin.py:188} INFO - [2026-06-06T20:44:10.463-0400] {dag.py:3823} INFO - Setting next_dagrun for example_sla_dag to 2026-06-07 00:42:00+00:00, run_after=2026-06-07 00:44:00+00:00
[2026-06-06T20:44:10.470-0400] {processor.py:183} INFO - Processing /Users/nitishbhattad/anaconda3/envs/flight-pipeline/lib/python3.11/site-packages/airflow/example_dags/example_sla_dag.py took 0.085 seconds
[2026-06-06T20:46:16.043-0400] {processor.py:161} INFO - Started process (PID=66150) to work on /Users/nitishbhattad/anaconda3/envs/flight-pipeline/lib/python3.11/site-packages/airflow/example_dags/example_sla_dag.py
[2026-06-06T20:46:16.044-0400] {processor.py:830} INFO - Processing file /Users/nitishbhattad/anaconda3/envs/flight-pipeline/lib/python3.11/site-packages/airflow/example_dags/example_sla_dag.py for tasks to queue
[2026-06-06T20:46:16.044-0400] {logging_mixin.py:188} INFO - [2026-06-06T20:46:16.044-0400] {dagbag.py:538} INFO - Filling up the DagBag from /Users/nitishbhattad/anaconda3/envs/flight-pipeline/lib/python3.11/site-packages/airflow/example_dags/example_sla_dag.py
[2026-06-06T20:46:16.068-0400] {processor.py:840} INFO - DAG(s) 'example_sla_dag' retrieved from /Users/nitishbhattad/anaconda3/envs/flight-pipeline/lib/python3.11/site-packages/airflow/example_dags/example_sla_dag.py
[2026-06-06T20:46:16.130-0400] {logging_mixin.py:188} INFO - [2026-06-06T20:46:16.130-0400] {dag.py:3036} INFO - Sync 1 DAGs
[2026-06-06T20:46:16.138-0400] {logging_mixin.py:188} INFO - [2026-06-06T20:46:16.138-0400] {dag.py:3823} INFO - Setting next_dagrun for example_sla_dag to 2026-06-07 00:44:00+00:00, run_after=2026-06-07 00:46:00+00:00
[2026-06-06T20:46:16.145-0400] {processor.py:183} INFO - Processing /Users/nitishbhattad/anaconda3/envs/flight-pipeline/lib/python3.11/site-packages/airflow/example_dags/example_sla_dag.py took 0.104 seconds
[2026-06-06T20:48:17.702-0400] {processor.py:161} INFO - Started process (PID=66367) to work on /Users/nitishbhattad/anaconda3/envs/flight-pipeline/lib/python3.11/site-packages/airflow/example_dags/example_sla_dag.py
[2026-06-06T20:48:17.703-0400] {processor.py:830} INFO - Processing file /Users/nitishbhattad/anaconda3/envs/flight-pipeline/lib/python3.11/site-packages/airflow/example_dags/example_sla_dag.py for tasks to queue
[2026-06-06T20:48:17.703-0400] {logging_mixin.py:188} INFO - [2026-06-06T20:48:17.703-0400] {dagbag.py:538} INFO - Filling up the DagBag from /Users/nitishbhattad/anaconda3/envs/flight-pipeline/lib/python3.11/site-packages/airflow/example_dags/example_sla_dag.py
[2026-06-06T20:48:17.718-0400] {processor.py:840} INFO - DAG(s) 'example_sla_dag' retrieved from /Users/nitishbhattad/anaconda3/envs/flight-pipeline/lib/python3.11/site-packages/airflow/example_dags/example_sla_dag.py
[2026-06-06T20:48:17.785-0400] {logging_mixin.py:188} INFO - [2026-06-06T20:48:17.785-0400] {dag.py:3036} INFO - Sync 1 DAGs
[2026-06-06T20:48:17.792-0400] {logging_mixin.py:188} INFO - [2026-06-06T20:48:17.792-0400] {dag.py:3823} INFO - Setting next_dagrun for example_sla_dag to 2026-06-07 00:46:00+00:00, run_after=2026-06-07 00:48:00+00:00
[2026-06-06T20:48:17.803-0400] {processor.py:183} INFO - Processing /Users/nitishbhattad/anaconda3/envs/flight-pipeline/lib/python3.11/site-packages/airflow/example_dags/example_sla_dag.py took 0.102 seconds
[2026-06-06T20:50:16.104-0400] {processor.py:161} INFO - Started process (PID=66551) to work on /Users/nitishbhattad/anaconda3/envs/flight-pipeline/lib/python3.11/site-packages/airflow/example_dags/example_sla_dag.py
[2026-06-06T20:50:16.105-0400] {processor.py:830} INFO - Processing file /Users/nitishbhattad/anaconda3/envs/flight-pipeline/lib/python3.11/site-packages/airflow/example_dags/example_sla_dag.py for tasks to queue
[2026-06-06T20:50:16.106-0400] {logging_mixin.py:188} INFO - [2026-06-06T20:50:16.105-0400] {dagbag.py:538} INFO - Filling up the DagBag from /Users/nitishbhattad/anaconda3/envs/flight-pipeline/lib/python3.11/site-packages/airflow/example_dags/example_sla_dag.py
[2026-06-06T20:50:16.120-0400] {processor.py:840} INFO - DAG(s) 'example_sla_dag' retrieved from /Users/nitishbhattad/anaconda3/envs/flight-pipeline/lib/python3.11/site-packages/airflow/example_dags/example_sla_dag.py
[2026-06-06T20:50:16.180-0400] {logging_mixin.py:188} INFO - [2026-06-06T20:50:16.179-0400] {dag.py:3036} INFO - Sync 1 DAGs
[2026-06-06T20:50:16.186-0400] {logging_mixin.py:188} INFO - [2026-06-06T20:50:16.186-0400] {dag.py:3823} INFO - Setting next_dagrun for example_sla_dag to 2026-06-07 00:48:00+00:00, run_after=2026-06-07 00:50:00+00:00
[2026-06-06T20:50:16.194-0400] {processor.py:183} INFO - Processing /Users/nitishbhattad/anaconda3/envs/flight-pipeline/lib/python3.11/site-packages/airflow/example_dags/example_sla_dag.py took 0.090 seconds
