[2026-06-06T20:19:40.287-0400] {processor.py:161} INFO - Started process (PID=63635) to work on /Users/nitishbhattad/anaconda3/envs/flight-pipeline/lib/python3.11/site-packages/airflow/example_dags/example_branch_python_dop_operator_3.py
[2026-06-06T20:19:40.287-0400] {processor.py:830} INFO - Processing file /Users/nitishbhattad/anaconda3/envs/flight-pipeline/lib/python3.11/site-packages/airflow/example_dags/example_branch_python_dop_operator_3.py for tasks to queue
[2026-06-06T20:19:40.287-0400] {logging_mixin.py:188} INFO - [2026-06-06T20:19:40.287-0400] {dagbag.py:538} INFO - Filling up the DagBag from /Users/nitishbhattad/anaconda3/envs/flight-pipeline/lib/python3.11/site-packages/airflow/example_dags/example_branch_python_dop_operator_3.py
[2026-06-06T20:19:40.308-0400] {processor.py:840} INFO - DAG(s) 'example_branch_dop_operator_v3' retrieved from /Users/nitishbhattad/anaconda3/envs/flight-pipeline/lib/python3.11/site-packages/airflow/example_dags/example_branch_python_dop_operator_3.py
[2026-06-06T20:19:40.405-0400] {logging_mixin.py:188} INFO - [2026-06-06T20:19:40.405-0400] {override.py:1769} INFO - Created Permission View: can delete on DAG:example_branch_dop_operator_v3
[2026-06-06T20:19:40.409-0400] {logging_mixin.py:188} INFO - [2026-06-06T20:19:40.409-0400] {override.py:1769} INFO - Created Permission View: can read on DAG:example_branch_dop_operator_v3
[2026-06-06T20:19:40.411-0400] {logging_mixin.py:188} INFO - [2026-06-06T20:19:40.411-0400] {override.py:1769} INFO - Created Permission View: can edit on DAG:example_branch_dop_operator_v3
[2026-06-06T20:19:40.412-0400] {logging_mixin.py:188} INFO - [2026-06-06T20:19:40.411-0400] {dag.py:3036} INFO - Sync 1 DAGs
[2026-06-06T20:19:40.416-0400] {logging_mixin.py:188} INFO - [2026-06-06T20:19:40.416-0400] {dag.py:3058} INFO - Creating ORM DAG for example_branch_dop_operator_v3
[2026-06-06T20:19:40.420-0400] {logging_mixin.py:188} INFO - [2026-06-06T20:19:40.420-0400] {dag.py:3823} INFO - Setting next_dagrun for example_branch_dop_operator_v3 to 2026-06-07 00:18:00+00:00, run_after=2026-06-07 00:19:00+00:00
[2026-06-06T20:19:40.428-0400] {processor.py:183} INFO - Processing /Users/nitishbhattad/anaconda3/envs/flight-pipeline/lib/python3.11/site-packages/airflow/example_dags/example_branch_python_dop_operator_3.py took 0.142 seconds
[2026-06-06T20:21:44.831-0400] {processor.py:161} INFO - Started process (PID=63818) to work on /Users/nitishbhattad/anaconda3/envs/flight-pipeline/lib/python3.11/site-packages/airflow/example_dags/example_branch_python_dop_operator_3.py
[2026-06-06T20:21:44.831-0400] {processor.py:830} INFO - Processing file /Users/nitishbhattad/anaconda3/envs/flight-pipeline/lib/python3.11/site-packages/airflow/example_dags/example_branch_python_dop_operator_3.py for tasks to queue
[2026-06-06T20:21:44.831-0400] {logging_mixin.py:188} INFO - [2026-06-06T20:21:44.831-0400] {dagbag.py:538} INFO - Filling up the DagBag from /Users/nitishbhattad/anaconda3/envs/flight-pipeline/lib/python3.11/site-packages/airflow/example_dags/example_branch_python_dop_operator_3.py
[2026-06-06T20:21:44.845-0400] {processor.py:840} INFO - DAG(s) 'example_branch_dop_operator_v3' retrieved from /Users/nitishbhattad/anaconda3/envs/flight-pipeline/lib/python3.11/site-packages/airflow/example_dags/example_branch_python_dop_operator_3.py
[2026-06-06T20:21:44.902-0400] {logging_mixin.py:188} INFO - [2026-06-06T20:21:44.902-0400] {dag.py:3036} INFO - Sync 1 DAGs
[2026-06-06T20:21:44.909-0400] {logging_mixin.py:188} INFO - [2026-06-06T20:21:44.909-0400] {dag.py:3823} INFO - Setting next_dagrun for example_branch_dop_operator_v3 to 2026-06-07 00:20:00+00:00, run_after=2026-06-07 00:21:00+00:00
[2026-06-06T20:21:44.917-0400] {processor.py:183} INFO - Processing /Users/nitishbhattad/anaconda3/envs/flight-pipeline/lib/python3.11/site-packages/airflow/example_dags/example_branch_python_dop_operator_3.py took 0.087 seconds
[2026-06-06T20:25:12.553-0400] {processor.py:161} INFO - Started process (PID=64175) to work on /Users/nitishbhattad/anaconda3/envs/flight-pipeline/lib/python3.11/site-packages/airflow/example_dags/example_branch_python_dop_operator_3.py
[2026-06-06T20:25:12.553-0400] {processor.py:830} INFO - Processing file /Users/nitishbhattad/anaconda3/envs/flight-pipeline/lib/python3.11/site-packages/airflow/example_dags/example_branch_python_dop_operator_3.py for tasks to queue
[2026-06-06T20:25:12.553-0400] {logging_mixin.py:188} INFO - [2026-06-06T20:25:12.553-0400] {dagbag.py:538} INFO - Filling up the DagBag from /Users/nitishbhattad/anaconda3/envs/flight-pipeline/lib/python3.11/site-packages/airflow/example_dags/example_branch_python_dop_operator_3.py
[2026-06-06T20:25:12.572-0400] {processor.py:840} INFO - DAG(s) 'example_branch_dop_operator_v3' retrieved from /Users/nitishbhattad/anaconda3/envs/flight-pipeline/lib/python3.11/site-packages/airflow/example_dags/example_branch_python_dop_operator_3.py
[2026-06-06T20:25:12.643-0400] {logging_mixin.py:188} INFO - [2026-06-06T20:25:12.643-0400] {dag.py:3036} INFO - Sync 1 DAGs
[2026-06-06T20:25:12.652-0400] {logging_mixin.py:188} INFO - [2026-06-06T20:25:12.652-0400] {dag.py:3823} INFO - Setting next_dagrun for example_branch_dop_operator_v3 to 2026-06-07 00:24:00+00:00, run_after=2026-06-07 00:25:00+00:00
[2026-06-06T20:25:12.661-0400] {processor.py:183} INFO - Processing /Users/nitishbhattad/anaconda3/envs/flight-pipeline/lib/python3.11/site-packages/airflow/example_dags/example_branch_python_dop_operator_3.py took 0.109 seconds
[2026-06-06T20:27:26.034-0400] {processor.py:161} INFO - Started process (PID=64400) to work on /Users/nitishbhattad/anaconda3/envs/flight-pipeline/lib/python3.11/site-packages/airflow/example_dags/example_branch_python_dop_operator_3.py
[2026-06-06T20:27:26.035-0400] {processor.py:830} INFO - Processing file /Users/nitishbhattad/anaconda3/envs/flight-pipeline/lib/python3.11/site-packages/airflow/example_dags/example_branch_python_dop_operator_3.py for tasks to queue
[2026-06-06T20:27:26.036-0400] {logging_mixin.py:188} INFO - [2026-06-06T20:27:26.036-0400] {dagbag.py:538} INFO - Filling up the DagBag from /Users/nitishbhattad/anaconda3/envs/flight-pipeline/lib/python3.11/site-packages/airflow/example_dags/example_branch_python_dop_operator_3.py
[2026-06-06T20:27:26.055-0400] {processor.py:840} INFO - DAG(s) 'example_branch_dop_operator_v3' retrieved from /Users/nitishbhattad/anaconda3/envs/flight-pipeline/lib/python3.11/site-packages/airflow/example_dags/example_branch_python_dop_operator_3.py
[2026-06-06T20:27:26.120-0400] {logging_mixin.py:188} INFO - [2026-06-06T20:27:26.120-0400] {dag.py:3036} INFO - Sync 1 DAGs
[2026-06-06T20:27:26.128-0400] {logging_mixin.py:188} INFO - [2026-06-06T20:27:26.128-0400] {dag.py:3823} INFO - Setting next_dagrun for example_branch_dop_operator_v3 to 2026-06-07 00:26:00+00:00, run_after=2026-06-07 00:27:00+00:00
[2026-06-06T20:27:26.138-0400] {processor.py:183} INFO - Processing /Users/nitishbhattad/anaconda3/envs/flight-pipeline/lib/python3.11/site-packages/airflow/example_dags/example_branch_python_dop_operator_3.py took 0.104 seconds
[2026-06-06T20:29:27.396-0400] {processor.py:161} INFO - Started process (PID=64580) to work on /Users/nitishbhattad/anaconda3/envs/flight-pipeline/lib/python3.11/site-packages/airflow/example_dags/example_branch_python_dop_operator_3.py
[2026-06-06T20:29:27.397-0400] {processor.py:830} INFO - Processing file /Users/nitishbhattad/anaconda3/envs/flight-pipeline/lib/python3.11/site-packages/airflow/example_dags/example_branch_python_dop_operator_3.py for tasks to queue
[2026-06-06T20:29:27.397-0400] {logging_mixin.py:188} INFO - [2026-06-06T20:29:27.397-0400] {dagbag.py:538} INFO - Filling up the DagBag from /Users/nitishbhattad/anaconda3/envs/flight-pipeline/lib/python3.11/site-packages/airflow/example_dags/example_branch_python_dop_operator_3.py
[2026-06-06T20:29:27.411-0400] {processor.py:840} INFO - DAG(s) 'example_branch_dop_operator_v3' retrieved from /Users/nitishbhattad/anaconda3/envs/flight-pipeline/lib/python3.11/site-packages/airflow/example_dags/example_branch_python_dop_operator_3.py
[2026-06-06T20:29:27.468-0400] {logging_mixin.py:188} INFO - [2026-06-06T20:29:27.468-0400] {dag.py:3036} INFO - Sync 1 DAGs
[2026-06-06T20:29:27.475-0400] {logging_mixin.py:188} INFO - [2026-06-06T20:29:27.475-0400] {dag.py:3823} INFO - Setting next_dagrun for example_branch_dop_operator_v3 to 2026-06-07 00:28:00+00:00, run_after=2026-06-07 00:29:00+00:00
[2026-06-06T20:29:27.483-0400] {processor.py:183} INFO - Processing /Users/nitishbhattad/anaconda3/envs/flight-pipeline/lib/python3.11/site-packages/airflow/example_dags/example_branch_python_dop_operator_3.py took 0.087 seconds
[2026-06-06T20:31:57.661-0400] {processor.py:161} INFO - Started process (PID=64806) to work on /Users/nitishbhattad/anaconda3/envs/flight-pipeline/lib/python3.11/site-packages/airflow/example_dags/example_branch_python_dop_operator_3.py
[2026-06-06T20:31:57.662-0400] {processor.py:830} INFO - Processing file /Users/nitishbhattad/anaconda3/envs/flight-pipeline/lib/python3.11/site-packages/airflow/example_dags/example_branch_python_dop_operator_3.py for tasks to queue
[2026-06-06T20:31:57.663-0400] {logging_mixin.py:188} INFO - [2026-06-06T20:31:57.663-0400] {dagbag.py:538} INFO - Filling up the DagBag from /Users/nitishbhattad/anaconda3/envs/flight-pipeline/lib/python3.11/site-packages/airflow/example_dags/example_branch_python_dop_operator_3.py
[2026-06-06T20:31:57.678-0400] {processor.py:840} INFO - DAG(s) 'example_branch_dop_operator_v3' retrieved from /Users/nitishbhattad/anaconda3/envs/flight-pipeline/lib/python3.11/site-packages/airflow/example_dags/example_branch_python_dop_operator_3.py
[2026-06-06T20:31:57.734-0400] {logging_mixin.py:188} INFO - [2026-06-06T20:31:57.734-0400] {dag.py:3036} INFO - Sync 1 DAGs
[2026-06-06T20:31:57.741-0400] {logging_mixin.py:188} INFO - [2026-06-06T20:31:57.741-0400] {dag.py:3823} INFO - Setting next_dagrun for example_branch_dop_operator_v3 to 2026-06-07 00:30:00+00:00, run_after=2026-06-07 00:31:00+00:00
[2026-06-06T20:31:57.749-0400] {processor.py:183} INFO - Processing /Users/nitishbhattad/anaconda3/envs/flight-pipeline/lib/python3.11/site-packages/airflow/example_dags/example_branch_python_dop_operator_3.py took 0.088 seconds
[2026-06-06T20:34:01.432-0400] {processor.py:161} INFO - Started process (PID=64988) to work on /Users/nitishbhattad/anaconda3/envs/flight-pipeline/lib/python3.11/site-packages/airflow/example_dags/example_branch_python_dop_operator_3.py
[2026-06-06T20:34:01.434-0400] {processor.py:830} INFO - Processing file /Users/nitishbhattad/anaconda3/envs/flight-pipeline/lib/python3.11/site-packages/airflow/example_dags/example_branch_python_dop_operator_3.py for tasks to queue
[2026-06-06T20:34:01.434-0400] {logging_mixin.py:188} INFO - [2026-06-06T20:34:01.434-0400] {dagbag.py:538} INFO - Filling up the DagBag from /Users/nitishbhattad/anaconda3/envs/flight-pipeline/lib/python3.11/site-packages/airflow/example_dags/example_branch_python_dop_operator_3.py
[2026-06-06T20:34:01.453-0400] {processor.py:840} INFO - DAG(s) 'example_branch_dop_operator_v3' retrieved from /Users/nitishbhattad/anaconda3/envs/flight-pipeline/lib/python3.11/site-packages/airflow/example_dags/example_branch_python_dop_operator_3.py
[2026-06-06T20:34:01.515-0400] {logging_mixin.py:188} INFO - [2026-06-06T20:34:01.515-0400] {dag.py:3036} INFO - Sync 1 DAGs
[2026-06-06T20:34:01.524-0400] {logging_mixin.py:188} INFO - [2026-06-06T20:34:01.524-0400] {dag.py:3823} INFO - Setting next_dagrun for example_branch_dop_operator_v3 to 2026-06-07 00:33:00+00:00, run_after=2026-06-07 00:34:00+00:00
[2026-06-06T20:34:01.532-0400] {processor.py:183} INFO - Processing /Users/nitishbhattad/anaconda3/envs/flight-pipeline/lib/python3.11/site-packages/airflow/example_dags/example_branch_python_dop_operator_3.py took 0.101 seconds
[2026-06-06T20:35:59.935-0400] {processor.py:161} INFO - Started process (PID=65166) to work on /Users/nitishbhattad/anaconda3/envs/flight-pipeline/lib/python3.11/site-packages/airflow/example_dags/example_branch_python_dop_operator_3.py
[2026-06-06T20:35:59.936-0400] {processor.py:830} INFO - Processing file /Users/nitishbhattad/anaconda3/envs/flight-pipeline/lib/python3.11/site-packages/airflow/example_dags/example_branch_python_dop_operator_3.py for tasks to queue
[2026-06-06T20:35:59.937-0400] {logging_mixin.py:188} INFO - [2026-06-06T20:35:59.936-0400] {dagbag.py:538} INFO - Filling up the DagBag from /Users/nitishbhattad/anaconda3/envs/flight-pipeline/lib/python3.11/site-packages/airflow/example_dags/example_branch_python_dop_operator_3.py
[2026-06-06T20:35:59.957-0400] {processor.py:840} INFO - DAG(s) 'example_branch_dop_operator_v3' retrieved from /Users/nitishbhattad/anaconda3/envs/flight-pipeline/lib/python3.11/site-packages/airflow/example_dags/example_branch_python_dop_operator_3.py
[2026-06-06T20:36:00.016-0400] {logging_mixin.py:188} INFO - [2026-06-06T20:36:00.016-0400] {dag.py:3036} INFO - Sync 1 DAGs
[2026-06-06T20:36:00.022-0400] {logging_mixin.py:188} INFO - [2026-06-06T20:36:00.022-0400] {dag.py:3823} INFO - Setting next_dagrun for example_branch_dop_operator_v3 to 2026-06-07 00:35:00+00:00, run_after=2026-06-07 00:36:00+00:00
[2026-06-06T20:36:00.033-0400] {processor.py:183} INFO - Processing /Users/nitishbhattad/anaconda3/envs/flight-pipeline/lib/python3.11/site-packages/airflow/example_dags/example_branch_python_dop_operator_3.py took 0.098 seconds
[2026-06-06T20:38:10.442-0400] {processor.py:161} INFO - Started process (PID=65366) to work on /Users/nitishbhattad/anaconda3/envs/flight-pipeline/lib/python3.11/site-packages/airflow/example_dags/example_branch_python_dop_operator_3.py
[2026-06-06T20:38:10.444-0400] {processor.py:830} INFO - Processing file /Users/nitishbhattad/anaconda3/envs/flight-pipeline/lib/python3.11/site-packages/airflow/example_dags/example_branch_python_dop_operator_3.py for tasks to queue
[2026-06-06T20:38:10.445-0400] {logging_mixin.py:188} INFO - [2026-06-06T20:38:10.444-0400] {dagbag.py:538} INFO - Filling up the DagBag from /Users/nitishbhattad/anaconda3/envs/flight-pipeline/lib/python3.11/site-packages/airflow/example_dags/example_branch_python_dop_operator_3.py
[2026-06-06T20:38:10.459-0400] {processor.py:840} INFO - DAG(s) 'example_branch_dop_operator_v3' retrieved from /Users/nitishbhattad/anaconda3/envs/flight-pipeline/lib/python3.11/site-packages/airflow/example_dags/example_branch_python_dop_operator_3.py
[2026-06-06T20:38:10.522-0400] {logging_mixin.py:188} INFO - [2026-06-06T20:38:10.521-0400] {dag.py:3036} INFO - Sync 1 DAGs
[2026-06-06T20:38:10.530-0400] {logging_mixin.py:188} INFO - [2026-06-06T20:38:10.530-0400] {dag.py:3823} INFO - Setting next_dagrun for example_branch_dop_operator_v3 to 2026-06-07 00:37:00+00:00, run_after=2026-06-07 00:38:00+00:00
[2026-06-06T20:38:10.539-0400] {processor.py:183} INFO - Processing /Users/nitishbhattad/anaconda3/envs/flight-pipeline/lib/python3.11/site-packages/airflow/example_dags/example_branch_python_dop_operator_3.py took 0.097 seconds
[2026-06-06T20:40:15.626-0400] {processor.py:161} INFO - Started process (PID=65576) to work on /Users/nitishbhattad/anaconda3/envs/flight-pipeline/lib/python3.11/site-packages/airflow/example_dags/example_branch_python_dop_operator_3.py
[2026-06-06T20:40:15.627-0400] {processor.py:830} INFO - Processing file /Users/nitishbhattad/anaconda3/envs/flight-pipeline/lib/python3.11/site-packages/airflow/example_dags/example_branch_python_dop_operator_3.py for tasks to queue
[2026-06-06T20:40:15.627-0400] {logging_mixin.py:188} INFO - [2026-06-06T20:40:15.627-0400] {dagbag.py:538} INFO - Filling up the DagBag from /Users/nitishbhattad/anaconda3/envs/flight-pipeline/lib/python3.11/site-packages/airflow/example_dags/example_branch_python_dop_operator_3.py
[2026-06-06T20:40:15.641-0400] {processor.py:840} INFO - DAG(s) 'example_branch_dop_operator_v3' retrieved from /Users/nitishbhattad/anaconda3/envs/flight-pipeline/lib/python3.11/site-packages/airflow/example_dags/example_branch_python_dop_operator_3.py
[2026-06-06T20:40:15.699-0400] {logging_mixin.py:188} INFO - [2026-06-06T20:40:15.699-0400] {dag.py:3036} INFO - Sync 1 DAGs
[2026-06-06T20:40:15.706-0400] {logging_mixin.py:188} INFO - [2026-06-06T20:40:15.706-0400] {dag.py:3823} INFO - Setting next_dagrun for example_branch_dop_operator_v3 to 2026-06-07 00:39:00+00:00, run_after=2026-06-07 00:40:00+00:00
[2026-06-06T20:40:15.714-0400] {processor.py:183} INFO - Processing /Users/nitishbhattad/anaconda3/envs/flight-pipeline/lib/python3.11/site-packages/airflow/example_dags/example_branch_python_dop_operator_3.py took 0.088 seconds
[2026-06-06T20:42:22.638-0400] {processor.py:161} INFO - Started process (PID=65806) to work on /Users/nitishbhattad/anaconda3/envs/flight-pipeline/lib/python3.11/site-packages/airflow/example_dags/example_branch_python_dop_operator_3.py
[2026-06-06T20:42:22.638-0400] {processor.py:830} INFO - Processing file /Users/nitishbhattad/anaconda3/envs/flight-pipeline/lib/python3.11/site-packages/airflow/example_dags/example_branch_python_dop_operator_3.py for tasks to queue
[2026-06-06T20:42:22.638-0400] {logging_mixin.py:188} INFO - [2026-06-06T20:42:22.638-0400] {dagbag.py:538} INFO - Filling up the DagBag from /Users/nitishbhattad/anaconda3/envs/flight-pipeline/lib/python3.11/site-packages/airflow/example_dags/example_branch_python_dop_operator_3.py
[2026-06-06T20:42:22.654-0400] {processor.py:840} INFO - DAG(s) 'example_branch_dop_operator_v3' retrieved from /Users/nitishbhattad/anaconda3/envs/flight-pipeline/lib/python3.11/site-packages/airflow/example_dags/example_branch_python_dop_operator_3.py
[2026-06-06T20:42:22.713-0400] {logging_mixin.py:188} INFO - [2026-06-06T20:42:22.713-0400] {dag.py:3036} INFO - Sync 1 DAGs
[2026-06-06T20:42:22.720-0400] {logging_mixin.py:188} INFO - [2026-06-06T20:42:22.720-0400] {dag.py:3823} INFO - Setting next_dagrun for example_branch_dop_operator_v3 to 2026-06-07 00:41:00+00:00, run_after=2026-06-07 00:42:00+00:00
[2026-06-06T20:42:22.727-0400] {processor.py:183} INFO - Processing /Users/nitishbhattad/anaconda3/envs/flight-pipeline/lib/python3.11/site-packages/airflow/example_dags/example_branch_python_dop_operator_3.py took 0.090 seconds
[2026-06-06T20:44:27.684-0400] {processor.py:161} INFO - Started process (PID=65987) to work on /Users/nitishbhattad/anaconda3/envs/flight-pipeline/lib/python3.11/site-packages/airflow/example_dags/example_branch_python_dop_operator_3.py
[2026-06-06T20:44:27.685-0400] {processor.py:830} INFO - Processing file /Users/nitishbhattad/anaconda3/envs/flight-pipeline/lib/python3.11/site-packages/airflow/example_dags/example_branch_python_dop_operator_3.py for tasks to queue
[2026-06-06T20:44:27.685-0400] {logging_mixin.py:188} INFO - [2026-06-06T20:44:27.685-0400] {dagbag.py:538} INFO - Filling up the DagBag from /Users/nitishbhattad/anaconda3/envs/flight-pipeline/lib/python3.11/site-packages/airflow/example_dags/example_branch_python_dop_operator_3.py
[2026-06-06T20:44:27.700-0400] {processor.py:840} INFO - DAG(s) 'example_branch_dop_operator_v3' retrieved from /Users/nitishbhattad/anaconda3/envs/flight-pipeline/lib/python3.11/site-packages/airflow/example_dags/example_branch_python_dop_operator_3.py
[2026-06-06T20:44:27.765-0400] {logging_mixin.py:188} INFO - [2026-06-06T20:44:27.765-0400] {dag.py:3036} INFO - Sync 1 DAGs
[2026-06-06T20:44:27.772-0400] {logging_mixin.py:188} INFO - [2026-06-06T20:44:27.772-0400] {dag.py:3823} INFO - Setting next_dagrun for example_branch_dop_operator_v3 to 2026-06-07 00:43:00+00:00, run_after=2026-06-07 00:44:00+00:00
[2026-06-06T20:44:27.782-0400] {processor.py:183} INFO - Processing /Users/nitishbhattad/anaconda3/envs/flight-pipeline/lib/python3.11/site-packages/airflow/example_dags/example_branch_python_dop_operator_3.py took 0.099 seconds
[2026-06-06T20:46:31.740-0400] {processor.py:161} INFO - Started process (PID=66180) to work on /Users/nitishbhattad/anaconda3/envs/flight-pipeline/lib/python3.11/site-packages/airflow/example_dags/example_branch_python_dop_operator_3.py
[2026-06-06T20:46:31.741-0400] {processor.py:830} INFO - Processing file /Users/nitishbhattad/anaconda3/envs/flight-pipeline/lib/python3.11/site-packages/airflow/example_dags/example_branch_python_dop_operator_3.py for tasks to queue
[2026-06-06T20:46:31.741-0400] {logging_mixin.py:188} INFO - [2026-06-06T20:46:31.741-0400] {dagbag.py:538} INFO - Filling up the DagBag from /Users/nitishbhattad/anaconda3/envs/flight-pipeline/lib/python3.11/site-packages/airflow/example_dags/example_branch_python_dop_operator_3.py
[2026-06-06T20:46:31.754-0400] {processor.py:840} INFO - DAG(s) 'example_branch_dop_operator_v3' retrieved from /Users/nitishbhattad/anaconda3/envs/flight-pipeline/lib/python3.11/site-packages/airflow/example_dags/example_branch_python_dop_operator_3.py
[2026-06-06T20:46:31.812-0400] {logging_mixin.py:188} INFO - [2026-06-06T20:46:31.812-0400] {dag.py:3036} INFO - Sync 1 DAGs
[2026-06-06T20:46:31.819-0400] {logging_mixin.py:188} INFO - [2026-06-06T20:46:31.819-0400] {dag.py:3823} INFO - Setting next_dagrun for example_branch_dop_operator_v3 to 2026-06-07 00:45:00+00:00, run_after=2026-06-07 00:46:00+00:00
[2026-06-06T20:46:31.826-0400] {processor.py:183} INFO - Processing /Users/nitishbhattad/anaconda3/envs/flight-pipeline/lib/python3.11/site-packages/airflow/example_dags/example_branch_python_dop_operator_3.py took 0.087 seconds
[2026-06-06T20:48:33.023-0400] {processor.py:161} INFO - Started process (PID=66387) to work on /Users/nitishbhattad/anaconda3/envs/flight-pipeline/lib/python3.11/site-packages/airflow/example_dags/example_branch_python_dop_operator_3.py
[2026-06-06T20:48:33.024-0400] {processor.py:830} INFO - Processing file /Users/nitishbhattad/anaconda3/envs/flight-pipeline/lib/python3.11/site-packages/airflow/example_dags/example_branch_python_dop_operator_3.py for tasks to queue
[2026-06-06T20:48:33.024-0400] {logging_mixin.py:188} INFO - [2026-06-06T20:48:33.024-0400] {dagbag.py:538} INFO - Filling up the DagBag from /Users/nitishbhattad/anaconda3/envs/flight-pipeline/lib/python3.11/site-packages/airflow/example_dags/example_branch_python_dop_operator_3.py
[2026-06-06T20:48:33.043-0400] {processor.py:840} INFO - DAG(s) 'example_branch_dop_operator_v3' retrieved from /Users/nitishbhattad/anaconda3/envs/flight-pipeline/lib/python3.11/site-packages/airflow/example_dags/example_branch_python_dop_operator_3.py
[2026-06-06T20:48:33.115-0400] {logging_mixin.py:188} INFO - [2026-06-06T20:48:33.114-0400] {dag.py:3036} INFO - Sync 1 DAGs
[2026-06-06T20:48:33.122-0400] {logging_mixin.py:188} INFO - [2026-06-06T20:48:33.122-0400] {dag.py:3823} INFO - Setting next_dagrun for example_branch_dop_operator_v3 to 2026-06-07 00:47:00+00:00, run_after=2026-06-07 00:48:00+00:00
[2026-06-06T20:48:33.131-0400] {processor.py:183} INFO - Processing /Users/nitishbhattad/anaconda3/envs/flight-pipeline/lib/python3.11/site-packages/airflow/example_dags/example_branch_python_dop_operator_3.py took 0.109 seconds
[2026-06-06T20:50:33.449-0400] {processor.py:161} INFO - Started process (PID=66580) to work on /Users/nitishbhattad/anaconda3/envs/flight-pipeline/lib/python3.11/site-packages/airflow/example_dags/example_branch_python_dop_operator_3.py
[2026-06-06T20:50:33.450-0400] {processor.py:830} INFO - Processing file /Users/nitishbhattad/anaconda3/envs/flight-pipeline/lib/python3.11/site-packages/airflow/example_dags/example_branch_python_dop_operator_3.py for tasks to queue
[2026-06-06T20:50:33.450-0400] {logging_mixin.py:188} INFO - [2026-06-06T20:50:33.450-0400] {dagbag.py:538} INFO - Filling up the DagBag from /Users/nitishbhattad/anaconda3/envs/flight-pipeline/lib/python3.11/site-packages/airflow/example_dags/example_branch_python_dop_operator_3.py
[2026-06-06T20:50:33.465-0400] {processor.py:840} INFO - DAG(s) 'example_branch_dop_operator_v3' retrieved from /Users/nitishbhattad/anaconda3/envs/flight-pipeline/lib/python3.11/site-packages/airflow/example_dags/example_branch_python_dop_operator_3.py
[2026-06-06T20:50:33.525-0400] {logging_mixin.py:188} INFO - [2026-06-06T20:50:33.525-0400] {dag.py:3036} INFO - Sync 1 DAGs
[2026-06-06T20:50:33.532-0400] {logging_mixin.py:188} INFO - [2026-06-06T20:50:33.532-0400] {dag.py:3823} INFO - Setting next_dagrun for example_branch_dop_operator_v3 to 2026-06-07 00:49:00+00:00, run_after=2026-06-07 00:50:00+00:00
[2026-06-06T20:50:33.540-0400] {processor.py:183} INFO - Processing /Users/nitishbhattad/anaconda3/envs/flight-pipeline/lib/python3.11/site-packages/airflow/example_dags/example_branch_python_dop_operator_3.py took 0.092 seconds
