[2026-06-06T20:19:06.234-0400] {processor.py:161} INFO - Started process (PID=63585) to work on /Users/nitishbhattad/anaconda3/envs/flight-pipeline/lib/python3.11/site-packages/airflow/example_dags/example_sensors.py
[2026-06-06T20:19:06.234-0400] {processor.py:830} INFO - Processing file /Users/nitishbhattad/anaconda3/envs/flight-pipeline/lib/python3.11/site-packages/airflow/example_dags/example_sensors.py for tasks to queue
[2026-06-06T20:19:06.235-0400] {logging_mixin.py:188} INFO - [2026-06-06T20:19:06.235-0400] {dagbag.py:538} INFO - Filling up the DagBag from /Users/nitishbhattad/anaconda3/envs/flight-pipeline/lib/python3.11/site-packages/airflow/example_dags/example_sensors.py
[2026-06-06T20:19:06.240-0400] {processor.py:840} INFO - DAG(s) 'example_sensors' retrieved from /Users/nitishbhattad/anaconda3/envs/flight-pipeline/lib/python3.11/site-packages/airflow/example_dags/example_sensors.py
[2026-06-06T20:19:06.330-0400] {logging_mixin.py:188} INFO - [2026-06-06T20:19:06.330-0400] {override.py:1769} INFO - Created Permission View: can delete on DAG:example_sensors
[2026-06-06T20:19:06.333-0400] {logging_mixin.py:188} INFO - [2026-06-06T20:19:06.333-0400] {override.py:1769} INFO - Created Permission View: can edit on DAG:example_sensors
[2026-06-06T20:19:06.335-0400] {logging_mixin.py:188} INFO - [2026-06-06T20:19:06.335-0400] {override.py:1769} INFO - Created Permission View: can read on DAG:example_sensors
[2026-06-06T20:19:06.335-0400] {logging_mixin.py:188} INFO - [2026-06-06T20:19:06.335-0400] {dag.py:3036} INFO - Sync 1 DAGs
[2026-06-06T20:19:06.338-0400] {logging_mixin.py:188} INFO - [2026-06-06T20:19:06.338-0400] {dag.py:3058} INFO - Creating ORM DAG for example_sensors
[2026-06-06T20:19:06.338-0400] {logging_mixin.py:188} INFO - [2026-06-06T20:19:06.338-0400] {dag.py:3823} INFO - Setting next_dagrun for example_sensors to None, run_after=None
[2026-06-06T20:19:06.344-0400] {processor.py:183} INFO - Processing /Users/nitishbhattad/anaconda3/envs/flight-pipeline/lib/python3.11/site-packages/airflow/example_dags/example_sensors.py took 0.111 seconds
[2026-06-06T20:20:37.370-0400] {processor.py:161} INFO - Started process (PID=63721) to work on /Users/nitishbhattad/anaconda3/envs/flight-pipeline/lib/python3.11/site-packages/airflow/example_dags/example_sensors.py
[2026-06-06T20:20:37.371-0400] {processor.py:830} INFO - Processing file /Users/nitishbhattad/anaconda3/envs/flight-pipeline/lib/python3.11/site-packages/airflow/example_dags/example_sensors.py for tasks to queue
[2026-06-06T20:20:37.371-0400] {logging_mixin.py:188} INFO - [2026-06-06T20:20:37.371-0400] {dagbag.py:538} INFO - Filling up the DagBag from /Users/nitishbhattad/anaconda3/envs/flight-pipeline/lib/python3.11/site-packages/airflow/example_dags/example_sensors.py
[2026-06-06T20:20:37.381-0400] {processor.py:840} INFO - DAG(s) 'example_sensors' retrieved from /Users/nitishbhattad/anaconda3/envs/flight-pipeline/lib/python3.11/site-packages/airflow/example_dags/example_sensors.py
[2026-06-06T20:20:37.453-0400] {logging_mixin.py:188} INFO - [2026-06-06T20:20:37.453-0400] {dag.py:3036} INFO - Sync 1 DAGs
[2026-06-06T20:20:37.456-0400] {logging_mixin.py:188} INFO - [2026-06-06T20:20:37.456-0400] {dag.py:3823} INFO - Setting next_dagrun for example_sensors to None, run_after=None
[2026-06-06T20:20:37.464-0400] {processor.py:183} INFO - Processing /Users/nitishbhattad/anaconda3/envs/flight-pipeline/lib/python3.11/site-packages/airflow/example_dags/example_sensors.py took 0.094 seconds
[2026-06-06T20:23:53.791-0400] {processor.py:161} INFO - Started process (PID=64046) to work on /Users/nitishbhattad/anaconda3/envs/flight-pipeline/lib/python3.11/site-packages/airflow/example_dags/example_sensors.py
[2026-06-06T20:23:53.792-0400] {processor.py:830} INFO - Processing file /Users/nitishbhattad/anaconda3/envs/flight-pipeline/lib/python3.11/site-packages/airflow/example_dags/example_sensors.py for tasks to queue
[2026-06-06T20:23:53.792-0400] {logging_mixin.py:188} INFO - [2026-06-06T20:23:53.792-0400] {dagbag.py:538} INFO - Filling up the DagBag from /Users/nitishbhattad/anaconda3/envs/flight-pipeline/lib/python3.11/site-packages/airflow/example_dags/example_sensors.py
[2026-06-06T20:23:53.799-0400] {processor.py:840} INFO - DAG(s) 'example_sensors' retrieved from /Users/nitishbhattad/anaconda3/envs/flight-pipeline/lib/python3.11/site-packages/airflow/example_dags/example_sensors.py
[2026-06-06T20:23:53.870-0400] {logging_mixin.py:188} INFO - [2026-06-06T20:23:53.870-0400] {dag.py:3036} INFO - Sync 1 DAGs
[2026-06-06T20:23:53.874-0400] {logging_mixin.py:188} INFO - [2026-06-06T20:23:53.874-0400] {dag.py:3823} INFO - Setting next_dagrun for example_sensors to None, run_after=None
[2026-06-06T20:23:53.882-0400] {processor.py:183} INFO - Processing /Users/nitishbhattad/anaconda3/envs/flight-pipeline/lib/python3.11/site-packages/airflow/example_dags/example_sensors.py took 0.092 seconds
[2026-06-06T20:26:07.979-0400] {processor.py:161} INFO - Started process (PID=64270) to work on /Users/nitishbhattad/anaconda3/envs/flight-pipeline/lib/python3.11/site-packages/airflow/example_dags/example_sensors.py
[2026-06-06T20:26:07.981-0400] {processor.py:830} INFO - Processing file /Users/nitishbhattad/anaconda3/envs/flight-pipeline/lib/python3.11/site-packages/airflow/example_dags/example_sensors.py for tasks to queue
[2026-06-06T20:26:07.982-0400] {logging_mixin.py:188} INFO - [2026-06-06T20:26:07.982-0400] {dagbag.py:538} INFO - Filling up the DagBag from /Users/nitishbhattad/anaconda3/envs/flight-pipeline/lib/python3.11/site-packages/airflow/example_dags/example_sensors.py
[2026-06-06T20:26:07.995-0400] {processor.py:840} INFO - DAG(s) 'example_sensors' retrieved from /Users/nitishbhattad/anaconda3/envs/flight-pipeline/lib/python3.11/site-packages/airflow/example_dags/example_sensors.py
[2026-06-06T20:26:08.285-0400] {logging_mixin.py:188} INFO - [2026-06-06T20:26:08.285-0400] {dag.py:3036} INFO - Sync 1 DAGs
[2026-06-06T20:26:08.294-0400] {logging_mixin.py:188} INFO - [2026-06-06T20:26:08.294-0400] {dag.py:3823} INFO - Setting next_dagrun for example_sensors to None, run_after=None
[2026-06-06T20:26:08.308-0400] {processor.py:183} INFO - Processing /Users/nitishbhattad/anaconda3/envs/flight-pipeline/lib/python3.11/site-packages/airflow/example_dags/example_sensors.py took 0.329 seconds
[2026-06-06T20:28:16.427-0400] {processor.py:161} INFO - Started process (PID=64477) to work on /Users/nitishbhattad/anaconda3/envs/flight-pipeline/lib/python3.11/site-packages/airflow/example_dags/example_sensors.py
[2026-06-06T20:28:16.429-0400] {processor.py:830} INFO - Processing file /Users/nitishbhattad/anaconda3/envs/flight-pipeline/lib/python3.11/site-packages/airflow/example_dags/example_sensors.py for tasks to queue
[2026-06-06T20:28:16.429-0400] {logging_mixin.py:188} INFO - [2026-06-06T20:28:16.429-0400] {dagbag.py:538} INFO - Filling up the DagBag from /Users/nitishbhattad/anaconda3/envs/flight-pipeline/lib/python3.11/site-packages/airflow/example_dags/example_sensors.py
[2026-06-06T20:28:16.438-0400] {processor.py:840} INFO - DAG(s) 'example_sensors' retrieved from /Users/nitishbhattad/anaconda3/envs/flight-pipeline/lib/python3.11/site-packages/airflow/example_dags/example_sensors.py
[2026-06-06T20:28:16.532-0400] {logging_mixin.py:188} INFO - [2026-06-06T20:28:16.532-0400] {dag.py:3036} INFO - Sync 1 DAGs
[2026-06-06T20:28:16.539-0400] {logging_mixin.py:188} INFO - [2026-06-06T20:28:16.538-0400] {dag.py:3823} INFO - Setting next_dagrun for example_sensors to None, run_after=None
[2026-06-06T20:28:16.550-0400] {processor.py:183} INFO - Processing /Users/nitishbhattad/anaconda3/envs/flight-pipeline/lib/python3.11/site-packages/airflow/example_dags/example_sensors.py took 0.125 seconds
[2026-06-06T20:30:13.513-0400] {processor.py:161} INFO - Started process (PID=64649) to work on /Users/nitishbhattad/anaconda3/envs/flight-pipeline/lib/python3.11/site-packages/airflow/example_dags/example_sensors.py
[2026-06-06T20:30:13.515-0400] {processor.py:830} INFO - Processing file /Users/nitishbhattad/anaconda3/envs/flight-pipeline/lib/python3.11/site-packages/airflow/example_dags/example_sensors.py for tasks to queue
[2026-06-06T20:30:13.515-0400] {logging_mixin.py:188} INFO - [2026-06-06T20:30:13.515-0400] {dagbag.py:538} INFO - Filling up the DagBag from /Users/nitishbhattad/anaconda3/envs/flight-pipeline/lib/python3.11/site-packages/airflow/example_dags/example_sensors.py
[2026-06-06T20:30:13.527-0400] {processor.py:840} INFO - DAG(s) 'example_sensors' retrieved from /Users/nitishbhattad/anaconda3/envs/flight-pipeline/lib/python3.11/site-packages/airflow/example_dags/example_sensors.py
[2026-06-06T20:30:13.639-0400] {logging_mixin.py:188} INFO - [2026-06-06T20:30:13.639-0400] {dag.py:3036} INFO - Sync 1 DAGs
[2026-06-06T20:30:13.649-0400] {logging_mixin.py:188} INFO - [2026-06-06T20:30:13.649-0400] {dag.py:3823} INFO - Setting next_dagrun for example_sensors to None, run_after=None
[2026-06-06T20:30:13.661-0400] {processor.py:183} INFO - Processing /Users/nitishbhattad/anaconda3/envs/flight-pipeline/lib/python3.11/site-packages/airflow/example_dags/example_sensors.py took 0.148 seconds
[2026-06-06T20:31:42.323-0400] {processor.py:161} INFO - Started process (PID=64784) to work on /Users/nitishbhattad/anaconda3/envs/flight-pipeline/lib/python3.11/site-packages/airflow/example_dags/example_sensors.py
[2026-06-06T20:31:42.326-0400] {processor.py:830} INFO - Processing file /Users/nitishbhattad/anaconda3/envs/flight-pipeline/lib/python3.11/site-packages/airflow/example_dags/example_sensors.py for tasks to queue
[2026-06-06T20:31:42.327-0400] {logging_mixin.py:188} INFO - [2026-06-06T20:31:42.326-0400] {dagbag.py:538} INFO - Filling up the DagBag from /Users/nitishbhattad/anaconda3/envs/flight-pipeline/lib/python3.11/site-packages/airflow/example_dags/example_sensors.py
[2026-06-06T20:31:42.337-0400] {processor.py:840} INFO - DAG(s) 'example_sensors' retrieved from /Users/nitishbhattad/anaconda3/envs/flight-pipeline/lib/python3.11/site-packages/airflow/example_dags/example_sensors.py
[2026-06-06T20:31:42.558-0400] {logging_mixin.py:188} INFO - [2026-06-06T20:31:42.558-0400] {dag.py:3036} INFO - Sync 1 DAGs
[2026-06-06T20:31:42.573-0400] {logging_mixin.py:188} INFO - [2026-06-06T20:31:42.573-0400] {dag.py:3823} INFO - Setting next_dagrun for example_sensors to None, run_after=None
[2026-06-06T20:31:42.600-0400] {processor.py:183} INFO - Processing /Users/nitishbhattad/anaconda3/envs/flight-pipeline/lib/python3.11/site-packages/airflow/example_dags/example_sensors.py took 0.278 seconds
[2026-06-06T20:33:48.495-0400] {processor.py:161} INFO - Started process (PID=64972) to work on /Users/nitishbhattad/anaconda3/envs/flight-pipeline/lib/python3.11/site-packages/airflow/example_dags/example_sensors.py
[2026-06-06T20:33:48.496-0400] {processor.py:830} INFO - Processing file /Users/nitishbhattad/anaconda3/envs/flight-pipeline/lib/python3.11/site-packages/airflow/example_dags/example_sensors.py for tasks to queue
[2026-06-06T20:33:48.496-0400] {logging_mixin.py:188} INFO - [2026-06-06T20:33:48.496-0400] {dagbag.py:538} INFO - Filling up the DagBag from /Users/nitishbhattad/anaconda3/envs/flight-pipeline/lib/python3.11/site-packages/airflow/example_dags/example_sensors.py
[2026-06-06T20:33:48.503-0400] {processor.py:840} INFO - DAG(s) 'example_sensors' retrieved from /Users/nitishbhattad/anaconda3/envs/flight-pipeline/lib/python3.11/site-packages/airflow/example_dags/example_sensors.py
[2026-06-06T20:33:48.575-0400] {logging_mixin.py:188} INFO - [2026-06-06T20:33:48.575-0400] {dag.py:3036} INFO - Sync 1 DAGs
[2026-06-06T20:33:48.579-0400] {logging_mixin.py:188} INFO - [2026-06-06T20:33:48.579-0400] {dag.py:3823} INFO - Setting next_dagrun for example_sensors to None, run_after=None
[2026-06-06T20:33:48.588-0400] {processor.py:183} INFO - Processing /Users/nitishbhattad/anaconda3/envs/flight-pipeline/lib/python3.11/site-packages/airflow/example_dags/example_sensors.py took 0.094 seconds
[2026-06-06T20:35:45.303-0400] {processor.py:161} INFO - Started process (PID=65145) to work on /Users/nitishbhattad/anaconda3/envs/flight-pipeline/lib/python3.11/site-packages/airflow/example_dags/example_sensors.py
[2026-06-06T20:35:45.304-0400] {processor.py:830} INFO - Processing file /Users/nitishbhattad/anaconda3/envs/flight-pipeline/lib/python3.11/site-packages/airflow/example_dags/example_sensors.py for tasks to queue
[2026-06-06T20:35:45.304-0400] {logging_mixin.py:188} INFO - [2026-06-06T20:35:45.304-0400] {dagbag.py:538} INFO - Filling up the DagBag from /Users/nitishbhattad/anaconda3/envs/flight-pipeline/lib/python3.11/site-packages/airflow/example_dags/example_sensors.py
[2026-06-06T20:35:45.313-0400] {processor.py:840} INFO - DAG(s) 'example_sensors' retrieved from /Users/nitishbhattad/anaconda3/envs/flight-pipeline/lib/python3.11/site-packages/airflow/example_dags/example_sensors.py
[2026-06-06T20:35:45.390-0400] {logging_mixin.py:188} INFO - [2026-06-06T20:35:45.390-0400] {dag.py:3036} INFO - Sync 1 DAGs
[2026-06-06T20:35:45.395-0400] {logging_mixin.py:188} INFO - [2026-06-06T20:35:45.394-0400] {dag.py:3823} INFO - Setting next_dagrun for example_sensors to None, run_after=None
[2026-06-06T20:35:45.403-0400] {processor.py:183} INFO - Processing /Users/nitishbhattad/anaconda3/envs/flight-pipeline/lib/python3.11/site-packages/airflow/example_dags/example_sensors.py took 0.101 seconds
[2026-06-06T20:37:57.291-0400] {processor.py:161} INFO - Started process (PID=65348) to work on /Users/nitishbhattad/anaconda3/envs/flight-pipeline/lib/python3.11/site-packages/airflow/example_dags/example_sensors.py
[2026-06-06T20:37:57.292-0400] {processor.py:830} INFO - Processing file /Users/nitishbhattad/anaconda3/envs/flight-pipeline/lib/python3.11/site-packages/airflow/example_dags/example_sensors.py for tasks to queue
[2026-06-06T20:37:57.292-0400] {logging_mixin.py:188} INFO - [2026-06-06T20:37:57.292-0400] {dagbag.py:538} INFO - Filling up the DagBag from /Users/nitishbhattad/anaconda3/envs/flight-pipeline/lib/python3.11/site-packages/airflow/example_dags/example_sensors.py
[2026-06-06T20:37:57.300-0400] {processor.py:840} INFO - DAG(s) 'example_sensors' retrieved from /Users/nitishbhattad/anaconda3/envs/flight-pipeline/lib/python3.11/site-packages/airflow/example_dags/example_sensors.py
[2026-06-06T20:37:57.366-0400] {logging_mixin.py:188} INFO - [2026-06-06T20:37:57.365-0400] {dag.py:3036} INFO - Sync 1 DAGs
[2026-06-06T20:37:57.369-0400] {logging_mixin.py:188} INFO - [2026-06-06T20:37:57.369-0400] {dag.py:3823} INFO - Setting next_dagrun for example_sensors to None, run_after=None
[2026-06-06T20:37:57.376-0400] {processor.py:183} INFO - Processing /Users/nitishbhattad/anaconda3/envs/flight-pipeline/lib/python3.11/site-packages/airflow/example_dags/example_sensors.py took 0.086 seconds
[2026-06-06T20:40:01.860-0400] {processor.py:161} INFO - Started process (PID=65563) to work on /Users/nitishbhattad/anaconda3/envs/flight-pipeline/lib/python3.11/site-packages/airflow/example_dags/example_sensors.py
[2026-06-06T20:40:01.867-0400] {processor.py:830} INFO - Processing file /Users/nitishbhattad/anaconda3/envs/flight-pipeline/lib/python3.11/site-packages/airflow/example_dags/example_sensors.py for tasks to queue
[2026-06-06T20:40:01.870-0400] {logging_mixin.py:188} INFO - [2026-06-06T20:40:01.869-0400] {dagbag.py:538} INFO - Filling up the DagBag from /Users/nitishbhattad/anaconda3/envs/flight-pipeline/lib/python3.11/site-packages/airflow/example_dags/example_sensors.py
[2026-06-06T20:40:01.895-0400] {processor.py:840} INFO - DAG(s) 'example_sensors' retrieved from /Users/nitishbhattad/anaconda3/envs/flight-pipeline/lib/python3.11/site-packages/airflow/example_dags/example_sensors.py
[2026-06-06T20:40:02.452-0400] {logging_mixin.py:188} INFO - [2026-06-06T20:40:02.451-0400] {dag.py:3036} INFO - Sync 1 DAGs
[2026-06-06T20:40:02.464-0400] {logging_mixin.py:188} INFO - [2026-06-06T20:40:02.464-0400] {dag.py:3823} INFO - Setting next_dagrun for example_sensors to None, run_after=None
[2026-06-06T20:40:02.487-0400] {processor.py:183} INFO - Processing /Users/nitishbhattad/anaconda3/envs/flight-pipeline/lib/python3.11/site-packages/airflow/example_dags/example_sensors.py took 0.633 seconds
[2026-06-06T20:42:09.542-0400] {processor.py:161} INFO - Started process (PID=65787) to work on /Users/nitishbhattad/anaconda3/envs/flight-pipeline/lib/python3.11/site-packages/airflow/example_dags/example_sensors.py
[2026-06-06T20:42:09.543-0400] {processor.py:830} INFO - Processing file /Users/nitishbhattad/anaconda3/envs/flight-pipeline/lib/python3.11/site-packages/airflow/example_dags/example_sensors.py for tasks to queue
[2026-06-06T20:42:09.543-0400] {logging_mixin.py:188} INFO - [2026-06-06T20:42:09.543-0400] {dagbag.py:538} INFO - Filling up the DagBag from /Users/nitishbhattad/anaconda3/envs/flight-pipeline/lib/python3.11/site-packages/airflow/example_dags/example_sensors.py
[2026-06-06T20:42:09.552-0400] {processor.py:840} INFO - DAG(s) 'example_sensors' retrieved from /Users/nitishbhattad/anaconda3/envs/flight-pipeline/lib/python3.11/site-packages/airflow/example_dags/example_sensors.py
[2026-06-06T20:42:09.619-0400] {logging_mixin.py:188} INFO - [2026-06-06T20:42:09.619-0400] {dag.py:3036} INFO - Sync 1 DAGs
[2026-06-06T20:42:09.623-0400] {logging_mixin.py:188} INFO - [2026-06-06T20:42:09.623-0400] {dag.py:3823} INFO - Setting next_dagrun for example_sensors to None, run_after=None
[2026-06-06T20:42:09.634-0400] {processor.py:183} INFO - Processing /Users/nitishbhattad/anaconda3/envs/flight-pipeline/lib/python3.11/site-packages/airflow/example_dags/example_sensors.py took 0.093 seconds
[2026-06-06T20:44:13.422-0400] {processor.py:161} INFO - Started process (PID=65965) to work on /Users/nitishbhattad/anaconda3/envs/flight-pipeline/lib/python3.11/site-packages/airflow/example_dags/example_sensors.py
[2026-06-06T20:44:13.423-0400] {processor.py:830} INFO - Processing file /Users/nitishbhattad/anaconda3/envs/flight-pipeline/lib/python3.11/site-packages/airflow/example_dags/example_sensors.py for tasks to queue
[2026-06-06T20:44:13.423-0400] {logging_mixin.py:188} INFO - [2026-06-06T20:44:13.423-0400] {dagbag.py:538} INFO - Filling up the DagBag from /Users/nitishbhattad/anaconda3/envs/flight-pipeline/lib/python3.11/site-packages/airflow/example_dags/example_sensors.py
[2026-06-06T20:44:13.430-0400] {processor.py:840} INFO - DAG(s) 'example_sensors' retrieved from /Users/nitishbhattad/anaconda3/envs/flight-pipeline/lib/python3.11/site-packages/airflow/example_dags/example_sensors.py
[2026-06-06T20:44:13.493-0400] {logging_mixin.py:188} INFO - [2026-06-06T20:44:13.493-0400] {dag.py:3036} INFO - Sync 1 DAGs
[2026-06-06T20:44:13.497-0400] {logging_mixin.py:188} INFO - [2026-06-06T20:44:13.497-0400] {dag.py:3823} INFO - Setting next_dagrun for example_sensors to None, run_after=None
[2026-06-06T20:44:13.504-0400] {processor.py:183} INFO - Processing /Users/nitishbhattad/anaconda3/envs/flight-pipeline/lib/python3.11/site-packages/airflow/example_dags/example_sensors.py took 0.083 seconds
[2026-06-06T20:46:19.012-0400] {processor.py:161} INFO - Started process (PID=66162) to work on /Users/nitishbhattad/anaconda3/envs/flight-pipeline/lib/python3.11/site-packages/airflow/example_dags/example_sensors.py
[2026-06-06T20:46:19.013-0400] {processor.py:830} INFO - Processing file /Users/nitishbhattad/anaconda3/envs/flight-pipeline/lib/python3.11/site-packages/airflow/example_dags/example_sensors.py for tasks to queue
[2026-06-06T20:46:19.013-0400] {logging_mixin.py:188} INFO - [2026-06-06T20:46:19.013-0400] {dagbag.py:538} INFO - Filling up the DagBag from /Users/nitishbhattad/anaconda3/envs/flight-pipeline/lib/python3.11/site-packages/airflow/example_dags/example_sensors.py
[2026-06-06T20:46:19.021-0400] {processor.py:840} INFO - DAG(s) 'example_sensors' retrieved from /Users/nitishbhattad/anaconda3/envs/flight-pipeline/lib/python3.11/site-packages/airflow/example_dags/example_sensors.py
[2026-06-06T20:46:19.089-0400] {logging_mixin.py:188} INFO - [2026-06-06T20:46:19.089-0400] {dag.py:3036} INFO - Sync 1 DAGs
[2026-06-06T20:46:19.093-0400] {logging_mixin.py:188} INFO - [2026-06-06T20:46:19.093-0400] {dag.py:3823} INFO - Setting next_dagrun for example_sensors to None, run_after=None
[2026-06-06T20:46:19.101-0400] {processor.py:183} INFO - Processing /Users/nitishbhattad/anaconda3/envs/flight-pipeline/lib/python3.11/site-packages/airflow/example_dags/example_sensors.py took 0.090 seconds
[2026-06-06T20:48:21.506-0400] {processor.py:161} INFO - Started process (PID=66369) to work on /Users/nitishbhattad/anaconda3/envs/flight-pipeline/lib/python3.11/site-packages/airflow/example_dags/example_sensors.py
[2026-06-06T20:48:21.507-0400] {processor.py:830} INFO - Processing file /Users/nitishbhattad/anaconda3/envs/flight-pipeline/lib/python3.11/site-packages/airflow/example_dags/example_sensors.py for tasks to queue
[2026-06-06T20:48:21.507-0400] {logging_mixin.py:188} INFO - [2026-06-06T20:48:21.507-0400] {dagbag.py:538} INFO - Filling up the DagBag from /Users/nitishbhattad/anaconda3/envs/flight-pipeline/lib/python3.11/site-packages/airflow/example_dags/example_sensors.py
[2026-06-06T20:48:21.514-0400] {processor.py:840} INFO - DAG(s) 'example_sensors' retrieved from /Users/nitishbhattad/anaconda3/envs/flight-pipeline/lib/python3.11/site-packages/airflow/example_dags/example_sensors.py
[2026-06-06T20:48:21.578-0400] {logging_mixin.py:188} INFO - [2026-06-06T20:48:21.578-0400] {dag.py:3036} INFO - Sync 1 DAGs
[2026-06-06T20:48:21.581-0400] {logging_mixin.py:188} INFO - [2026-06-06T20:48:21.581-0400] {dag.py:3823} INFO - Setting next_dagrun for example_sensors to None, run_after=None
[2026-06-06T20:48:21.591-0400] {processor.py:183} INFO - Processing /Users/nitishbhattad/anaconda3/envs/flight-pipeline/lib/python3.11/site-packages/airflow/example_dags/example_sensors.py took 0.085 seconds
[2026-06-06T20:50:19.826-0400] {processor.py:161} INFO - Started process (PID=66562) to work on /Users/nitishbhattad/anaconda3/envs/flight-pipeline/lib/python3.11/site-packages/airflow/example_dags/example_sensors.py
[2026-06-06T20:50:19.829-0400] {processor.py:830} INFO - Processing file /Users/nitishbhattad/anaconda3/envs/flight-pipeline/lib/python3.11/site-packages/airflow/example_dags/example_sensors.py for tasks to queue
[2026-06-06T20:50:19.829-0400] {logging_mixin.py:188} INFO - [2026-06-06T20:50:19.829-0400] {dagbag.py:538} INFO - Filling up the DagBag from /Users/nitishbhattad/anaconda3/envs/flight-pipeline/lib/python3.11/site-packages/airflow/example_dags/example_sensors.py
[2026-06-06T20:50:19.837-0400] {processor.py:840} INFO - DAG(s) 'example_sensors' retrieved from /Users/nitishbhattad/anaconda3/envs/flight-pipeline/lib/python3.11/site-packages/airflow/example_dags/example_sensors.py
[2026-06-06T20:50:19.899-0400] {logging_mixin.py:188} INFO - [2026-06-06T20:50:19.898-0400] {dag.py:3036} INFO - Sync 1 DAGs
[2026-06-06T20:50:19.902-0400] {logging_mixin.py:188} INFO - [2026-06-06T20:50:19.902-0400] {dag.py:3823} INFO - Setting next_dagrun for example_sensors to None, run_after=None
[2026-06-06T20:50:19.911-0400] {processor.py:183} INFO - Processing /Users/nitishbhattad/anaconda3/envs/flight-pipeline/lib/python3.11/site-packages/airflow/example_dags/example_sensors.py took 0.086 seconds
