[2026-06-06T20:19:25.254-0400] {processor.py:161} INFO - Started process (PID=63613) to work on /Users/nitishbhattad/anaconda3/envs/flight-pipeline/lib/python3.11/site-packages/airflow/example_dags/example_kubernetes_executor.py
[2026-06-06T20:19:25.257-0400] {processor.py:830} INFO - Processing file /Users/nitishbhattad/anaconda3/envs/flight-pipeline/lib/python3.11/site-packages/airflow/example_dags/example_kubernetes_executor.py for tasks to queue
[2026-06-06T20:19:25.257-0400] {logging_mixin.py:188} INFO - [2026-06-06T20:19:25.257-0400] {dagbag.py:538} INFO - Filling up the DagBag from /Users/nitishbhattad/anaconda3/envs/flight-pipeline/lib/python3.11/site-packages/airflow/example_dags/example_kubernetes_executor.py
[2026-06-06T20:19:25.272-0400] {logging_mixin.py:188} INFO - [2026-06-06T20:19:25.271-0400] {example_kubernetes_executor.py:38} WARNING - The example_kubernetes_executor example DAG requires the kubernetes provider. Please install it with: pip install apache-airflow[cncf.kubernetes]
[2026-06-06T20:19:25.272-0400] {processor.py:842} WARNING - No viable dags retrieved from /Users/nitishbhattad/anaconda3/envs/flight-pipeline/lib/python3.11/site-packages/airflow/example_dags/example_kubernetes_executor.py
[2026-06-06T20:19:25.341-0400] {processor.py:183} INFO - Processing /Users/nitishbhattad/anaconda3/envs/flight-pipeline/lib/python3.11/site-packages/airflow/example_dags/example_kubernetes_executor.py took 0.088 seconds
[2026-06-06T20:21:32.724-0400] {processor.py:161} INFO - Started process (PID=63802) to work on /Users/nitishbhattad/anaconda3/envs/flight-pipeline/lib/python3.11/site-packages/airflow/example_dags/example_kubernetes_executor.py
[2026-06-06T20:21:32.727-0400] {processor.py:830} INFO - Processing file /Users/nitishbhattad/anaconda3/envs/flight-pipeline/lib/python3.11/site-packages/airflow/example_dags/example_kubernetes_executor.py for tasks to queue
[2026-06-06T20:21:32.728-0400] {logging_mixin.py:188} INFO - [2026-06-06T20:21:32.728-0400] {dagbag.py:538} INFO - Filling up the DagBag from /Users/nitishbhattad/anaconda3/envs/flight-pipeline/lib/python3.11/site-packages/airflow/example_dags/example_kubernetes_executor.py
[2026-06-06T20:21:32.740-0400] {logging_mixin.py:188} INFO - [2026-06-06T20:21:32.740-0400] {example_kubernetes_executor.py:38} WARNING - The example_kubernetes_executor example DAG requires the kubernetes provider. Please install it with: pip install apache-airflow[cncf.kubernetes]
[2026-06-06T20:21:32.740-0400] {processor.py:842} WARNING - No viable dags retrieved from /Users/nitishbhattad/anaconda3/envs/flight-pipeline/lib/python3.11/site-packages/airflow/example_dags/example_kubernetes_executor.py
[2026-06-06T20:21:32.790-0400] {processor.py:183} INFO - Processing /Users/nitishbhattad/anaconda3/envs/flight-pipeline/lib/python3.11/site-packages/airflow/example_dags/example_kubernetes_executor.py took 0.067 seconds
[2026-06-06T20:24:15.100-0400] {processor.py:161} INFO - Started process (PID=64080) to work on /Users/nitishbhattad/anaconda3/envs/flight-pipeline/lib/python3.11/site-packages/airflow/example_dags/example_kubernetes_executor.py
[2026-06-06T20:24:15.100-0400] {processor.py:830} INFO - Processing file /Users/nitishbhattad/anaconda3/envs/flight-pipeline/lib/python3.11/site-packages/airflow/example_dags/example_kubernetes_executor.py for tasks to queue
[2026-06-06T20:24:15.101-0400] {logging_mixin.py:188} INFO - [2026-06-06T20:24:15.101-0400] {dagbag.py:538} INFO - Filling up the DagBag from /Users/nitishbhattad/anaconda3/envs/flight-pipeline/lib/python3.11/site-packages/airflow/example_dags/example_kubernetes_executor.py
[2026-06-06T20:24:15.130-0400] {logging_mixin.py:188} INFO - [2026-06-06T20:24:15.130-0400] {example_kubernetes_executor.py:38} WARNING - The example_kubernetes_executor example DAG requires the kubernetes provider. Please install it with: pip install apache-airflow[cncf.kubernetes]
[2026-06-06T20:24:15.130-0400] {processor.py:842} WARNING - No viable dags retrieved from /Users/nitishbhattad/anaconda3/envs/flight-pipeline/lib/python3.11/site-packages/airflow/example_dags/example_kubernetes_executor.py
[2026-06-06T20:24:15.185-0400] {processor.py:183} INFO - Processing /Users/nitishbhattad/anaconda3/envs/flight-pipeline/lib/python3.11/site-packages/airflow/example_dags/example_kubernetes_executor.py took 0.087 seconds
[2026-06-06T20:26:28.716-0400] {processor.py:161} INFO - Started process (PID=64298) to work on /Users/nitishbhattad/anaconda3/envs/flight-pipeline/lib/python3.11/site-packages/airflow/example_dags/example_kubernetes_executor.py
[2026-06-06T20:26:28.720-0400] {processor.py:830} INFO - Processing file /Users/nitishbhattad/anaconda3/envs/flight-pipeline/lib/python3.11/site-packages/airflow/example_dags/example_kubernetes_executor.py for tasks to queue
[2026-06-06T20:26:28.720-0400] {logging_mixin.py:188} INFO - [2026-06-06T20:26:28.720-0400] {dagbag.py:538} INFO - Filling up the DagBag from /Users/nitishbhattad/anaconda3/envs/flight-pipeline/lib/python3.11/site-packages/airflow/example_dags/example_kubernetes_executor.py
[2026-06-06T20:26:28.736-0400] {logging_mixin.py:188} INFO - [2026-06-06T20:26:28.736-0400] {example_kubernetes_executor.py:38} WARNING - The example_kubernetes_executor example DAG requires the kubernetes provider. Please install it with: pip install apache-airflow[cncf.kubernetes]
[2026-06-06T20:26:28.736-0400] {processor.py:842} WARNING - No viable dags retrieved from /Users/nitishbhattad/anaconda3/envs/flight-pipeline/lib/python3.11/site-packages/airflow/example_dags/example_kubernetes_executor.py
[2026-06-06T20:26:28.793-0400] {processor.py:183} INFO - Processing /Users/nitishbhattad/anaconda3/envs/flight-pipeline/lib/python3.11/site-packages/airflow/example_dags/example_kubernetes_executor.py took 0.080 seconds
[2026-06-06T20:28:35.490-0400] {processor.py:161} INFO - Started process (PID=64508) to work on /Users/nitishbhattad/anaconda3/envs/flight-pipeline/lib/python3.11/site-packages/airflow/example_dags/example_kubernetes_executor.py
[2026-06-06T20:28:35.491-0400] {processor.py:830} INFO - Processing file /Users/nitishbhattad/anaconda3/envs/flight-pipeline/lib/python3.11/site-packages/airflow/example_dags/example_kubernetes_executor.py for tasks to queue
[2026-06-06T20:28:35.491-0400] {logging_mixin.py:188} INFO - [2026-06-06T20:28:35.491-0400] {dagbag.py:538} INFO - Filling up the DagBag from /Users/nitishbhattad/anaconda3/envs/flight-pipeline/lib/python3.11/site-packages/airflow/example_dags/example_kubernetes_executor.py
[2026-06-06T20:28:35.505-0400] {logging_mixin.py:188} INFO - [2026-06-06T20:28:35.505-0400] {example_kubernetes_executor.py:38} WARNING - The example_kubernetes_executor example DAG requires the kubernetes provider. Please install it with: pip install apache-airflow[cncf.kubernetes]
[2026-06-06T20:28:35.505-0400] {processor.py:842} WARNING - No viable dags retrieved from /Users/nitishbhattad/anaconda3/envs/flight-pipeline/lib/python3.11/site-packages/airflow/example_dags/example_kubernetes_executor.py
[2026-06-06T20:28:35.557-0400] {processor.py:183} INFO - Processing /Users/nitishbhattad/anaconda3/envs/flight-pipeline/lib/python3.11/site-packages/airflow/example_dags/example_kubernetes_executor.py took 0.067 seconds
[2026-06-06T20:30:39.133-0400] {processor.py:161} INFO - Started process (PID=64693) to work on /Users/nitishbhattad/anaconda3/envs/flight-pipeline/lib/python3.11/site-packages/airflow/example_dags/example_kubernetes_executor.py
[2026-06-06T20:30:39.138-0400] {processor.py:830} INFO - Processing file /Users/nitishbhattad/anaconda3/envs/flight-pipeline/lib/python3.11/site-packages/airflow/example_dags/example_kubernetes_executor.py for tasks to queue
[2026-06-06T20:30:39.139-0400] {logging_mixin.py:188} INFO - [2026-06-06T20:30:39.139-0400] {dagbag.py:538} INFO - Filling up the DagBag from /Users/nitishbhattad/anaconda3/envs/flight-pipeline/lib/python3.11/site-packages/airflow/example_dags/example_kubernetes_executor.py
[2026-06-06T20:30:39.176-0400] {logging_mixin.py:188} INFO - [2026-06-06T20:30:39.175-0400] {example_kubernetes_executor.py:38} WARNING - The example_kubernetes_executor example DAG requires the kubernetes provider. Please install it with: pip install apache-airflow[cncf.kubernetes]
[2026-06-06T20:30:39.176-0400] {processor.py:842} WARNING - No viable dags retrieved from /Users/nitishbhattad/anaconda3/envs/flight-pipeline/lib/python3.11/site-packages/airflow/example_dags/example_kubernetes_executor.py
[2026-06-06T20:30:39.275-0400] {processor.py:183} INFO - Processing /Users/nitishbhattad/anaconda3/envs/flight-pipeline/lib/python3.11/site-packages/airflow/example_dags/example_kubernetes_executor.py took 0.143 seconds
[2026-06-06T20:33:05.631-0400] {processor.py:161} INFO - Started process (PID=64908) to work on /Users/nitishbhattad/anaconda3/envs/flight-pipeline/lib/python3.11/site-packages/airflow/example_dags/example_kubernetes_executor.py
[2026-06-06T20:33:05.632-0400] {processor.py:830} INFO - Processing file /Users/nitishbhattad/anaconda3/envs/flight-pipeline/lib/python3.11/site-packages/airflow/example_dags/example_kubernetes_executor.py for tasks to queue
[2026-06-06T20:33:05.632-0400] {logging_mixin.py:188} INFO - [2026-06-06T20:33:05.632-0400] {dagbag.py:538} INFO - Filling up the DagBag from /Users/nitishbhattad/anaconda3/envs/flight-pipeline/lib/python3.11/site-packages/airflow/example_dags/example_kubernetes_executor.py
[2026-06-06T20:33:05.645-0400] {logging_mixin.py:188} INFO - [2026-06-06T20:33:05.645-0400] {example_kubernetes_executor.py:38} WARNING - The example_kubernetes_executor example DAG requires the kubernetes provider. Please install it with: pip install apache-airflow[cncf.kubernetes]
[2026-06-06T20:33:05.646-0400] {processor.py:842} WARNING - No viable dags retrieved from /Users/nitishbhattad/anaconda3/envs/flight-pipeline/lib/python3.11/site-packages/airflow/example_dags/example_kubernetes_executor.py
[2026-06-06T20:33:05.710-0400] {processor.py:183} INFO - Processing /Users/nitishbhattad/anaconda3/envs/flight-pipeline/lib/python3.11/site-packages/airflow/example_dags/example_kubernetes_executor.py took 0.080 seconds
[2026-06-06T20:35:04.486-0400] {processor.py:161} INFO - Started process (PID=65090) to work on /Users/nitishbhattad/anaconda3/envs/flight-pipeline/lib/python3.11/site-packages/airflow/example_dags/example_kubernetes_executor.py
[2026-06-06T20:35:04.494-0400] {processor.py:830} INFO - Processing file /Users/nitishbhattad/anaconda3/envs/flight-pipeline/lib/python3.11/site-packages/airflow/example_dags/example_kubernetes_executor.py for tasks to queue
[2026-06-06T20:35:04.494-0400] {logging_mixin.py:188} INFO - [2026-06-06T20:35:04.494-0400] {dagbag.py:538} INFO - Filling up the DagBag from /Users/nitishbhattad/anaconda3/envs/flight-pipeline/lib/python3.11/site-packages/airflow/example_dags/example_kubernetes_executor.py
[2026-06-06T20:35:04.511-0400] {logging_mixin.py:188} INFO - [2026-06-06T20:35:04.511-0400] {example_kubernetes_executor.py:38} WARNING - The example_kubernetes_executor example DAG requires the kubernetes provider. Please install it with: pip install apache-airflow[cncf.kubernetes]
[2026-06-06T20:35:04.511-0400] {processor.py:842} WARNING - No viable dags retrieved from /Users/nitishbhattad/anaconda3/envs/flight-pipeline/lib/python3.11/site-packages/airflow/example_dags/example_kubernetes_executor.py
[2026-06-06T20:35:04.563-0400] {processor.py:183} INFO - Processing /Users/nitishbhattad/anaconda3/envs/flight-pipeline/lib/python3.11/site-packages/airflow/example_dags/example_kubernetes_executor.py took 0.077 seconds
[2026-06-06T20:37:12.365-0400] {processor.py:161} INFO - Started process (PID=65279) to work on /Users/nitishbhattad/anaconda3/envs/flight-pipeline/lib/python3.11/site-packages/airflow/example_dags/example_kubernetes_executor.py
[2026-06-06T20:37:12.366-0400] {processor.py:830} INFO - Processing file /Users/nitishbhattad/anaconda3/envs/flight-pipeline/lib/python3.11/site-packages/airflow/example_dags/example_kubernetes_executor.py for tasks to queue
[2026-06-06T20:37:12.366-0400] {logging_mixin.py:188} INFO - [2026-06-06T20:37:12.366-0400] {dagbag.py:538} INFO - Filling up the DagBag from /Users/nitishbhattad/anaconda3/envs/flight-pipeline/lib/python3.11/site-packages/airflow/example_dags/example_kubernetes_executor.py
[2026-06-06T20:37:12.384-0400] {logging_mixin.py:188} INFO - [2026-06-06T20:37:12.383-0400] {example_kubernetes_executor.py:38} WARNING - The example_kubernetes_executor example DAG requires the kubernetes provider. Please install it with: pip install apache-airflow[cncf.kubernetes]
[2026-06-06T20:37:12.384-0400] {processor.py:842} WARNING - No viable dags retrieved from /Users/nitishbhattad/anaconda3/envs/flight-pipeline/lib/python3.11/site-packages/airflow/example_dags/example_kubernetes_executor.py
[2026-06-06T20:37:12.451-0400] {processor.py:183} INFO - Processing /Users/nitishbhattad/anaconda3/envs/flight-pipeline/lib/python3.11/site-packages/airflow/example_dags/example_kubernetes_executor.py took 0.087 seconds
[2026-06-06T20:39:18.227-0400] {processor.py:161} INFO - Started process (PID=65469) to work on /Users/nitishbhattad/anaconda3/envs/flight-pipeline/lib/python3.11/site-packages/airflow/example_dags/example_kubernetes_executor.py
[2026-06-06T20:39:18.229-0400] {processor.py:830} INFO - Processing file /Users/nitishbhattad/anaconda3/envs/flight-pipeline/lib/python3.11/site-packages/airflow/example_dags/example_kubernetes_executor.py for tasks to queue
[2026-06-06T20:39:18.229-0400] {logging_mixin.py:188} INFO - [2026-06-06T20:39:18.229-0400] {dagbag.py:538} INFO - Filling up the DagBag from /Users/nitishbhattad/anaconda3/envs/flight-pipeline/lib/python3.11/site-packages/airflow/example_dags/example_kubernetes_executor.py
[2026-06-06T20:39:18.245-0400] {logging_mixin.py:188} INFO - [2026-06-06T20:39:18.245-0400] {example_kubernetes_executor.py:38} WARNING - The example_kubernetes_executor example DAG requires the kubernetes provider. Please install it with: pip install apache-airflow[cncf.kubernetes]
[2026-06-06T20:39:18.245-0400] {processor.py:842} WARNING - No viable dags retrieved from /Users/nitishbhattad/anaconda3/envs/flight-pipeline/lib/python3.11/site-packages/airflow/example_dags/example_kubernetes_executor.py
[2026-06-06T20:39:18.302-0400] {processor.py:183} INFO - Processing /Users/nitishbhattad/anaconda3/envs/flight-pipeline/lib/python3.11/site-packages/airflow/example_dags/example_kubernetes_executor.py took 0.076 seconds
[2026-06-06T20:41:28.868-0400] {processor.py:161} INFO - Started process (PID=65725) to work on /Users/nitishbhattad/anaconda3/envs/flight-pipeline/lib/python3.11/site-packages/airflow/example_dags/example_kubernetes_executor.py
[2026-06-06T20:41:28.869-0400] {processor.py:830} INFO - Processing file /Users/nitishbhattad/anaconda3/envs/flight-pipeline/lib/python3.11/site-packages/airflow/example_dags/example_kubernetes_executor.py for tasks to queue
[2026-06-06T20:41:28.869-0400] {logging_mixin.py:188} INFO - [2026-06-06T20:41:28.869-0400] {dagbag.py:538} INFO - Filling up the DagBag from /Users/nitishbhattad/anaconda3/envs/flight-pipeline/lib/python3.11/site-packages/airflow/example_dags/example_kubernetes_executor.py
[2026-06-06T20:41:28.883-0400] {logging_mixin.py:188} INFO - [2026-06-06T20:41:28.883-0400] {example_kubernetes_executor.py:38} WARNING - The example_kubernetes_executor example DAG requires the kubernetes provider. Please install it with: pip install apache-airflow[cncf.kubernetes]
[2026-06-06T20:41:28.883-0400] {processor.py:842} WARNING - No viable dags retrieved from /Users/nitishbhattad/anaconda3/envs/flight-pipeline/lib/python3.11/site-packages/airflow/example_dags/example_kubernetes_executor.py
[2026-06-06T20:41:28.934-0400] {processor.py:183} INFO - Processing /Users/nitishbhattad/anaconda3/envs/flight-pipeline/lib/python3.11/site-packages/airflow/example_dags/example_kubernetes_executor.py took 0.067 seconds
[2026-06-06T20:43:27.914-0400] {processor.py:161} INFO - Started process (PID=65900) to work on /Users/nitishbhattad/anaconda3/envs/flight-pipeline/lib/python3.11/site-packages/airflow/example_dags/example_kubernetes_executor.py
[2026-06-06T20:43:27.915-0400] {processor.py:830} INFO - Processing file /Users/nitishbhattad/anaconda3/envs/flight-pipeline/lib/python3.11/site-packages/airflow/example_dags/example_kubernetes_executor.py for tasks to queue
[2026-06-06T20:43:27.915-0400] {logging_mixin.py:188} INFO - [2026-06-06T20:43:27.915-0400] {dagbag.py:538} INFO - Filling up the DagBag from /Users/nitishbhattad/anaconda3/envs/flight-pipeline/lib/python3.11/site-packages/airflow/example_dags/example_kubernetes_executor.py
[2026-06-06T20:43:27.928-0400] {logging_mixin.py:188} INFO - [2026-06-06T20:43:27.928-0400] {example_kubernetes_executor.py:38} WARNING - The example_kubernetes_executor example DAG requires the kubernetes provider. Please install it with: pip install apache-airflow[cncf.kubernetes]
[2026-06-06T20:43:27.928-0400] {processor.py:842} WARNING - No viable dags retrieved from /Users/nitishbhattad/anaconda3/envs/flight-pipeline/lib/python3.11/site-packages/airflow/example_dags/example_kubernetes_executor.py
[2026-06-06T20:43:27.978-0400] {processor.py:183} INFO - Processing /Users/nitishbhattad/anaconda3/envs/flight-pipeline/lib/python3.11/site-packages/airflow/example_dags/example_kubernetes_executor.py took 0.065 seconds
[2026-06-06T20:45:33.547-0400] {processor.py:161} INFO - Started process (PID=66092) to work on /Users/nitishbhattad/anaconda3/envs/flight-pipeline/lib/python3.11/site-packages/airflow/example_dags/example_kubernetes_executor.py
[2026-06-06T20:45:33.548-0400] {processor.py:830} INFO - Processing file /Users/nitishbhattad/anaconda3/envs/flight-pipeline/lib/python3.11/site-packages/airflow/example_dags/example_kubernetes_executor.py for tasks to queue
[2026-06-06T20:45:33.548-0400] {logging_mixin.py:188} INFO - [2026-06-06T20:45:33.548-0400] {dagbag.py:538} INFO - Filling up the DagBag from /Users/nitishbhattad/anaconda3/envs/flight-pipeline/lib/python3.11/site-packages/airflow/example_dags/example_kubernetes_executor.py
[2026-06-06T20:45:33.562-0400] {logging_mixin.py:188} INFO - [2026-06-06T20:45:33.562-0400] {example_kubernetes_executor.py:38} WARNING - The example_kubernetes_executor example DAG requires the kubernetes provider. Please install it with: pip install apache-airflow[cncf.kubernetes]
[2026-06-06T20:45:33.562-0400] {processor.py:842} WARNING - No viable dags retrieved from /Users/nitishbhattad/anaconda3/envs/flight-pipeline/lib/python3.11/site-packages/airflow/example_dags/example_kubernetes_executor.py
[2026-06-06T20:45:33.615-0400] {processor.py:183} INFO - Processing /Users/nitishbhattad/anaconda3/envs/flight-pipeline/lib/python3.11/site-packages/airflow/example_dags/example_kubernetes_executor.py took 0.068 seconds
[2026-06-06T20:47:39.179-0400] {processor.py:161} INFO - Started process (PID=66290) to work on /Users/nitishbhattad/anaconda3/envs/flight-pipeline/lib/python3.11/site-packages/airflow/example_dags/example_kubernetes_executor.py
[2026-06-06T20:47:39.180-0400] {processor.py:830} INFO - Processing file /Users/nitishbhattad/anaconda3/envs/flight-pipeline/lib/python3.11/site-packages/airflow/example_dags/example_kubernetes_executor.py for tasks to queue
[2026-06-06T20:47:39.180-0400] {logging_mixin.py:188} INFO - [2026-06-06T20:47:39.180-0400] {dagbag.py:538} INFO - Filling up the DagBag from /Users/nitishbhattad/anaconda3/envs/flight-pipeline/lib/python3.11/site-packages/airflow/example_dags/example_kubernetes_executor.py
[2026-06-06T20:47:39.193-0400] {logging_mixin.py:188} INFO - [2026-06-06T20:47:39.193-0400] {example_kubernetes_executor.py:38} WARNING - The example_kubernetes_executor example DAG requires the kubernetes provider. Please install it with: pip install apache-airflow[cncf.kubernetes]
[2026-06-06T20:47:39.193-0400] {processor.py:842} WARNING - No viable dags retrieved from /Users/nitishbhattad/anaconda3/envs/flight-pipeline/lib/python3.11/site-packages/airflow/example_dags/example_kubernetes_executor.py
[2026-06-06T20:47:39.244-0400] {processor.py:183} INFO - Processing /Users/nitishbhattad/anaconda3/envs/flight-pipeline/lib/python3.11/site-packages/airflow/example_dags/example_kubernetes_executor.py took 0.066 seconds
[2026-06-06T20:49:37.725-0400] {processor.py:161} INFO - Started process (PID=66499) to work on /Users/nitishbhattad/anaconda3/envs/flight-pipeline/lib/python3.11/site-packages/airflow/example_dags/example_kubernetes_executor.py
[2026-06-06T20:49:37.728-0400] {processor.py:830} INFO - Processing file /Users/nitishbhattad/anaconda3/envs/flight-pipeline/lib/python3.11/site-packages/airflow/example_dags/example_kubernetes_executor.py for tasks to queue
[2026-06-06T20:49:37.728-0400] {logging_mixin.py:188} INFO - [2026-06-06T20:49:37.728-0400] {dagbag.py:538} INFO - Filling up the DagBag from /Users/nitishbhattad/anaconda3/envs/flight-pipeline/lib/python3.11/site-packages/airflow/example_dags/example_kubernetes_executor.py
[2026-06-06T20:49:37.742-0400] {logging_mixin.py:188} INFO - [2026-06-06T20:49:37.742-0400] {example_kubernetes_executor.py:38} WARNING - The example_kubernetes_executor example DAG requires the kubernetes provider. Please install it with: pip install apache-airflow[cncf.kubernetes]
[2026-06-06T20:49:37.742-0400] {processor.py:842} WARNING - No viable dags retrieved from /Users/nitishbhattad/anaconda3/envs/flight-pipeline/lib/python3.11/site-packages/airflow/example_dags/example_kubernetes_executor.py
[2026-06-06T20:49:37.794-0400] {processor.py:183} INFO - Processing /Users/nitishbhattad/anaconda3/envs/flight-pipeline/lib/python3.11/site-packages/airflow/example_dags/example_kubernetes_executor.py took 0.069 seconds
