[2026-06-06T20:19:10.049-0400] {processor.py:161} INFO - Started process (PID=63587) to work on /Users/nitishbhattad/anaconda3/envs/flight-pipeline/lib/python3.11/site-packages/airflow/example_dags/example_python_operator.py
[2026-06-06T20:19:10.050-0400] {processor.py:830} INFO - Processing file /Users/nitishbhattad/anaconda3/envs/flight-pipeline/lib/python3.11/site-packages/airflow/example_dags/example_python_operator.py for tasks to queue
[2026-06-06T20:19:10.050-0400] {logging_mixin.py:188} INFO - [2026-06-06T20:19:10.050-0400] {dagbag.py:538} INFO - Filling up the DagBag from /Users/nitishbhattad/anaconda3/envs/flight-pipeline/lib/python3.11/site-packages/airflow/example_dags/example_python_operator.py
[2026-06-06T20:19:10.060-0400] {logging_mixin.py:188} INFO - [2026-06-06T20:19:10.059-0400] {example_python_operator.py:88} WARNING - The virtalenv_python example task requires virtualenv, please install it.
[2026-06-06T20:19:10.061-0400] {processor.py:840} INFO - DAG(s) 'example_python_operator' retrieved from /Users/nitishbhattad/anaconda3/envs/flight-pipeline/lib/python3.11/site-packages/airflow/example_dags/example_python_operator.py
[2026-06-06T20:19:10.154-0400] {logging_mixin.py:188} INFO - [2026-06-06T20:19:10.154-0400] {override.py:1769} INFO - Created Permission View: can edit on DAG:example_python_operator
[2026-06-06T20:19:10.157-0400] {logging_mixin.py:188} INFO - [2026-06-06T20:19:10.157-0400] {override.py:1769} INFO - Created Permission View: can delete on DAG:example_python_operator
[2026-06-06T20:19:10.160-0400] {logging_mixin.py:188} INFO - [2026-06-06T20:19:10.160-0400] {override.py:1769} INFO - Created Permission View: can read on DAG:example_python_operator
[2026-06-06T20:19:10.160-0400] {logging_mixin.py:188} INFO - [2026-06-06T20:19:10.160-0400] {dag.py:3036} INFO - Sync 1 DAGs
[2026-06-06T20:19:10.165-0400] {logging_mixin.py:188} INFO - [2026-06-06T20:19:10.164-0400] {dag.py:3058} INFO - Creating ORM DAG for example_python_operator
[2026-06-06T20:19:10.165-0400] {logging_mixin.py:188} INFO - [2026-06-06T20:19:10.165-0400] {dag.py:3823} INFO - Setting next_dagrun for example_python_operator to None, run_after=None
[2026-06-06T20:19:10.176-0400] {processor.py:183} INFO - Processing /Users/nitishbhattad/anaconda3/envs/flight-pipeline/lib/python3.11/site-packages/airflow/example_dags/example_python_operator.py took 0.127 seconds
[2026-06-06T20:20:40.440-0400] {processor.py:161} INFO - Started process (PID=63723) to work on /Users/nitishbhattad/anaconda3/envs/flight-pipeline/lib/python3.11/site-packages/airflow/example_dags/example_python_operator.py
[2026-06-06T20:20:40.441-0400] {processor.py:830} INFO - Processing file /Users/nitishbhattad/anaconda3/envs/flight-pipeline/lib/python3.11/site-packages/airflow/example_dags/example_python_operator.py for tasks to queue
[2026-06-06T20:20:40.441-0400] {logging_mixin.py:188} INFO - [2026-06-06T20:20:40.441-0400] {dagbag.py:538} INFO - Filling up the DagBag from /Users/nitishbhattad/anaconda3/envs/flight-pipeline/lib/python3.11/site-packages/airflow/example_dags/example_python_operator.py
[2026-06-06T20:20:40.451-0400] {logging_mixin.py:188} INFO - [2026-06-06T20:20:40.451-0400] {example_python_operator.py:88} WARNING - The virtalenv_python example task requires virtualenv, please install it.
[2026-06-06T20:20:40.452-0400] {processor.py:840} INFO - DAG(s) 'example_python_operator' retrieved from /Users/nitishbhattad/anaconda3/envs/flight-pipeline/lib/python3.11/site-packages/airflow/example_dags/example_python_operator.py
[2026-06-06T20:20:40.514-0400] {logging_mixin.py:188} INFO - [2026-06-06T20:20:40.514-0400] {dag.py:3036} INFO - Sync 1 DAGs
[2026-06-06T20:20:40.517-0400] {logging_mixin.py:188} INFO - [2026-06-06T20:20:40.517-0400] {dag.py:3823} INFO - Setting next_dagrun for example_python_operator to None, run_after=None
[2026-06-06T20:20:40.527-0400] {processor.py:183} INFO - Processing /Users/nitishbhattad/anaconda3/envs/flight-pipeline/lib/python3.11/site-packages/airflow/example_dags/example_python_operator.py took 0.088 seconds
[2026-06-06T20:23:58.175-0400] {processor.py:161} INFO - Started process (PID=64051) to work on /Users/nitishbhattad/anaconda3/envs/flight-pipeline/lib/python3.11/site-packages/airflow/example_dags/example_python_operator.py
[2026-06-06T20:23:58.176-0400] {processor.py:830} INFO - Processing file /Users/nitishbhattad/anaconda3/envs/flight-pipeline/lib/python3.11/site-packages/airflow/example_dags/example_python_operator.py for tasks to queue
[2026-06-06T20:23:58.177-0400] {logging_mixin.py:188} INFO - [2026-06-06T20:23:58.177-0400] {dagbag.py:538} INFO - Filling up the DagBag from /Users/nitishbhattad/anaconda3/envs/flight-pipeline/lib/python3.11/site-packages/airflow/example_dags/example_python_operator.py
[2026-06-06T20:23:58.186-0400] {logging_mixin.py:188} INFO - [2026-06-06T20:23:58.186-0400] {example_python_operator.py:88} WARNING - The virtalenv_python example task requires virtualenv, please install it.
[2026-06-06T20:23:58.187-0400] {processor.py:840} INFO - DAG(s) 'example_python_operator' retrieved from /Users/nitishbhattad/anaconda3/envs/flight-pipeline/lib/python3.11/site-packages/airflow/example_dags/example_python_operator.py
[2026-06-06T20:23:58.244-0400] {logging_mixin.py:188} INFO - [2026-06-06T20:23:58.244-0400] {dag.py:3036} INFO - Sync 1 DAGs
[2026-06-06T20:23:58.247-0400] {logging_mixin.py:188} INFO - [2026-06-06T20:23:58.247-0400] {dag.py:3823} INFO - Setting next_dagrun for example_python_operator to None, run_after=None
[2026-06-06T20:23:58.255-0400] {processor.py:183} INFO - Processing /Users/nitishbhattad/anaconda3/envs/flight-pipeline/lib/python3.11/site-packages/airflow/example_dags/example_python_operator.py took 0.080 seconds
[2026-06-06T20:26:11.853-0400] {processor.py:161} INFO - Started process (PID=64274) to work on /Users/nitishbhattad/anaconda3/envs/flight-pipeline/lib/python3.11/site-packages/airflow/example_dags/example_python_operator.py
[2026-06-06T20:26:11.854-0400] {processor.py:830} INFO - Processing file /Users/nitishbhattad/anaconda3/envs/flight-pipeline/lib/python3.11/site-packages/airflow/example_dags/example_python_operator.py for tasks to queue
[2026-06-06T20:26:11.854-0400] {logging_mixin.py:188} INFO - [2026-06-06T20:26:11.854-0400] {dagbag.py:538} INFO - Filling up the DagBag from /Users/nitishbhattad/anaconda3/envs/flight-pipeline/lib/python3.11/site-packages/airflow/example_dags/example_python_operator.py
[2026-06-06T20:26:11.864-0400] {logging_mixin.py:188} INFO - [2026-06-06T20:26:11.864-0400] {example_python_operator.py:88} WARNING - The virtalenv_python example task requires virtualenv, please install it.
[2026-06-06T20:26:11.866-0400] {processor.py:840} INFO - DAG(s) 'example_python_operator' retrieved from /Users/nitishbhattad/anaconda3/envs/flight-pipeline/lib/python3.11/site-packages/airflow/example_dags/example_python_operator.py
[2026-06-06T20:26:11.924-0400] {logging_mixin.py:188} INFO - [2026-06-06T20:26:11.923-0400] {dag.py:3036} INFO - Sync 1 DAGs
[2026-06-06T20:26:11.927-0400] {logging_mixin.py:188} INFO - [2026-06-06T20:26:11.927-0400] {dag.py:3823} INFO - Setting next_dagrun for example_python_operator to None, run_after=None
[2026-06-06T20:26:11.935-0400] {processor.py:183} INFO - Processing /Users/nitishbhattad/anaconda3/envs/flight-pipeline/lib/python3.11/site-packages/airflow/example_dags/example_python_operator.py took 0.082 seconds
[2026-06-06T20:28:19.840-0400] {processor.py:161} INFO - Started process (PID=64485) to work on /Users/nitishbhattad/anaconda3/envs/flight-pipeline/lib/python3.11/site-packages/airflow/example_dags/example_python_operator.py
[2026-06-06T20:28:19.840-0400] {processor.py:830} INFO - Processing file /Users/nitishbhattad/anaconda3/envs/flight-pipeline/lib/python3.11/site-packages/airflow/example_dags/example_python_operator.py for tasks to queue
[2026-06-06T20:28:19.841-0400] {logging_mixin.py:188} INFO - [2026-06-06T20:28:19.841-0400] {dagbag.py:538} INFO - Filling up the DagBag from /Users/nitishbhattad/anaconda3/envs/flight-pipeline/lib/python3.11/site-packages/airflow/example_dags/example_python_operator.py
[2026-06-06T20:28:19.853-0400] {logging_mixin.py:188} INFO - [2026-06-06T20:28:19.853-0400] {example_python_operator.py:88} WARNING - The virtalenv_python example task requires virtualenv, please install it.
[2026-06-06T20:28:19.855-0400] {processor.py:840} INFO - DAG(s) 'example_python_operator' retrieved from /Users/nitishbhattad/anaconda3/envs/flight-pipeline/lib/python3.11/site-packages/airflow/example_dags/example_python_operator.py
[2026-06-06T20:28:19.923-0400] {logging_mixin.py:188} INFO - [2026-06-06T20:28:19.922-0400] {dag.py:3036} INFO - Sync 1 DAGs
[2026-06-06T20:28:19.927-0400] {logging_mixin.py:188} INFO - [2026-06-06T20:28:19.926-0400] {dag.py:3823} INFO - Setting next_dagrun for example_python_operator to None, run_after=None
[2026-06-06T20:28:19.935-0400] {processor.py:183} INFO - Processing /Users/nitishbhattad/anaconda3/envs/flight-pipeline/lib/python3.11/site-packages/airflow/example_dags/example_python_operator.py took 0.097 seconds
[2026-06-06T20:30:17.436-0400] {processor.py:161} INFO - Started process (PID=64662) to work on /Users/nitishbhattad/anaconda3/envs/flight-pipeline/lib/python3.11/site-packages/airflow/example_dags/example_python_operator.py
[2026-06-06T20:30:17.438-0400] {processor.py:830} INFO - Processing file /Users/nitishbhattad/anaconda3/envs/flight-pipeline/lib/python3.11/site-packages/airflow/example_dags/example_python_operator.py for tasks to queue
[2026-06-06T20:30:17.438-0400] {logging_mixin.py:188} INFO - [2026-06-06T20:30:17.438-0400] {dagbag.py:538} INFO - Filling up the DagBag from /Users/nitishbhattad/anaconda3/envs/flight-pipeline/lib/python3.11/site-packages/airflow/example_dags/example_python_operator.py
[2026-06-06T20:30:17.452-0400] {logging_mixin.py:188} INFO - [2026-06-06T20:30:17.452-0400] {example_python_operator.py:88} WARNING - The virtalenv_python example task requires virtualenv, please install it.
[2026-06-06T20:30:17.454-0400] {processor.py:840} INFO - DAG(s) 'example_python_operator' retrieved from /Users/nitishbhattad/anaconda3/envs/flight-pipeline/lib/python3.11/site-packages/airflow/example_dags/example_python_operator.py
[2026-06-06T20:30:17.521-0400] {logging_mixin.py:188} INFO - [2026-06-06T20:30:17.521-0400] {dag.py:3036} INFO - Sync 1 DAGs
[2026-06-06T20:30:17.524-0400] {logging_mixin.py:188} INFO - [2026-06-06T20:30:17.524-0400] {dag.py:3823} INFO - Setting next_dagrun for example_python_operator to None, run_after=None
[2026-06-06T20:30:17.533-0400] {processor.py:183} INFO - Processing /Users/nitishbhattad/anaconda3/envs/flight-pipeline/lib/python3.11/site-packages/airflow/example_dags/example_python_operator.py took 0.097 seconds
[2026-06-06T20:31:47.517-0400] {processor.py:161} INFO - Started process (PID=64797) to work on /Users/nitishbhattad/anaconda3/envs/flight-pipeline/lib/python3.11/site-packages/airflow/example_dags/example_python_operator.py
[2026-06-06T20:31:47.518-0400] {processor.py:830} INFO - Processing file /Users/nitishbhattad/anaconda3/envs/flight-pipeline/lib/python3.11/site-packages/airflow/example_dags/example_python_operator.py for tasks to queue
[2026-06-06T20:31:47.518-0400] {logging_mixin.py:188} INFO - [2026-06-06T20:31:47.518-0400] {dagbag.py:538} INFO - Filling up the DagBag from /Users/nitishbhattad/anaconda3/envs/flight-pipeline/lib/python3.11/site-packages/airflow/example_dags/example_python_operator.py
[2026-06-06T20:31:47.535-0400] {logging_mixin.py:188} INFO - [2026-06-06T20:31:47.535-0400] {example_python_operator.py:88} WARNING - The virtalenv_python example task requires virtualenv, please install it.
[2026-06-06T20:31:47.538-0400] {processor.py:840} INFO - DAG(s) 'example_python_operator' retrieved from /Users/nitishbhattad/anaconda3/envs/flight-pipeline/lib/python3.11/site-packages/airflow/example_dags/example_python_operator.py
[2026-06-06T20:31:47.623-0400] {logging_mixin.py:188} INFO - [2026-06-06T20:31:47.623-0400] {dag.py:3036} INFO - Sync 1 DAGs
[2026-06-06T20:31:47.629-0400] {logging_mixin.py:188} INFO - [2026-06-06T20:31:47.629-0400] {dag.py:3823} INFO - Setting next_dagrun for example_python_operator to None, run_after=None
[2026-06-06T20:31:47.641-0400] {processor.py:183} INFO - Processing /Users/nitishbhattad/anaconda3/envs/flight-pipeline/lib/python3.11/site-packages/airflow/example_dags/example_python_operator.py took 0.125 seconds
[2026-06-06T20:33:51.542-0400] {processor.py:161} INFO - Started process (PID=64974) to work on /Users/nitishbhattad/anaconda3/envs/flight-pipeline/lib/python3.11/site-packages/airflow/example_dags/example_python_operator.py
[2026-06-06T20:33:51.544-0400] {processor.py:830} INFO - Processing file /Users/nitishbhattad/anaconda3/envs/flight-pipeline/lib/python3.11/site-packages/airflow/example_dags/example_python_operator.py for tasks to queue
[2026-06-06T20:33:51.544-0400] {logging_mixin.py:188} INFO - [2026-06-06T20:33:51.544-0400] {dagbag.py:538} INFO - Filling up the DagBag from /Users/nitishbhattad/anaconda3/envs/flight-pipeline/lib/python3.11/site-packages/airflow/example_dags/example_python_operator.py
[2026-06-06T20:33:51.555-0400] {logging_mixin.py:188} INFO - [2026-06-06T20:33:51.555-0400] {example_python_operator.py:88} WARNING - The virtalenv_python example task requires virtualenv, please install it.
[2026-06-06T20:33:51.556-0400] {processor.py:840} INFO - DAG(s) 'example_python_operator' retrieved from /Users/nitishbhattad/anaconda3/envs/flight-pipeline/lib/python3.11/site-packages/airflow/example_dags/example_python_operator.py
[2026-06-06T20:33:51.628-0400] {logging_mixin.py:188} INFO - [2026-06-06T20:33:51.627-0400] {dag.py:3036} INFO - Sync 1 DAGs
[2026-06-06T20:33:51.631-0400] {logging_mixin.py:188} INFO - [2026-06-06T20:33:51.631-0400] {dag.py:3823} INFO - Setting next_dagrun for example_python_operator to None, run_after=None
[2026-06-06T20:33:51.640-0400] {processor.py:183} INFO - Processing /Users/nitishbhattad/anaconda3/envs/flight-pipeline/lib/python3.11/site-packages/airflow/example_dags/example_python_operator.py took 0.098 seconds
[2026-06-06T20:35:49.526-0400] {processor.py:161} INFO - Started process (PID=65157) to work on /Users/nitishbhattad/anaconda3/envs/flight-pipeline/lib/python3.11/site-packages/airflow/example_dags/example_python_operator.py
[2026-06-06T20:35:49.527-0400] {processor.py:830} INFO - Processing file /Users/nitishbhattad/anaconda3/envs/flight-pipeline/lib/python3.11/site-packages/airflow/example_dags/example_python_operator.py for tasks to queue
[2026-06-06T20:35:49.527-0400] {logging_mixin.py:188} INFO - [2026-06-06T20:35:49.527-0400] {dagbag.py:538} INFO - Filling up the DagBag from /Users/nitishbhattad/anaconda3/envs/flight-pipeline/lib/python3.11/site-packages/airflow/example_dags/example_python_operator.py
[2026-06-06T20:35:49.536-0400] {logging_mixin.py:188} INFO - [2026-06-06T20:35:49.536-0400] {example_python_operator.py:88} WARNING - The virtalenv_python example task requires virtualenv, please install it.
[2026-06-06T20:35:49.538-0400] {processor.py:840} INFO - DAG(s) 'example_python_operator' retrieved from /Users/nitishbhattad/anaconda3/envs/flight-pipeline/lib/python3.11/site-packages/airflow/example_dags/example_python_operator.py
[2026-06-06T20:35:49.596-0400] {logging_mixin.py:188} INFO - [2026-06-06T20:35:49.596-0400] {dag.py:3036} INFO - Sync 1 DAGs
[2026-06-06T20:35:49.600-0400] {logging_mixin.py:188} INFO - [2026-06-06T20:35:49.599-0400] {dag.py:3823} INFO - Setting next_dagrun for example_python_operator to None, run_after=None
[2026-06-06T20:35:49.608-0400] {processor.py:183} INFO - Processing /Users/nitishbhattad/anaconda3/envs/flight-pipeline/lib/python3.11/site-packages/airflow/example_dags/example_python_operator.py took 0.084 seconds
[2026-06-06T20:38:01.161-0400] {processor.py:161} INFO - Started process (PID=65350) to work on /Users/nitishbhattad/anaconda3/envs/flight-pipeline/lib/python3.11/site-packages/airflow/example_dags/example_python_operator.py
[2026-06-06T20:38:01.162-0400] {processor.py:830} INFO - Processing file /Users/nitishbhattad/anaconda3/envs/flight-pipeline/lib/python3.11/site-packages/airflow/example_dags/example_python_operator.py for tasks to queue
[2026-06-06T20:38:01.162-0400] {logging_mixin.py:188} INFO - [2026-06-06T20:38:01.162-0400] {dagbag.py:538} INFO - Filling up the DagBag from /Users/nitishbhattad/anaconda3/envs/flight-pipeline/lib/python3.11/site-packages/airflow/example_dags/example_python_operator.py
[2026-06-06T20:38:01.172-0400] {logging_mixin.py:188} INFO - [2026-06-06T20:38:01.172-0400] {example_python_operator.py:88} WARNING - The virtalenv_python example task requires virtualenv, please install it.
[2026-06-06T20:38:01.174-0400] {processor.py:840} INFO - DAG(s) 'example_python_operator' retrieved from /Users/nitishbhattad/anaconda3/envs/flight-pipeline/lib/python3.11/site-packages/airflow/example_dags/example_python_operator.py
[2026-06-06T20:38:01.237-0400] {logging_mixin.py:188} INFO - [2026-06-06T20:38:01.237-0400] {dag.py:3036} INFO - Sync 1 DAGs
[2026-06-06T20:38:01.240-0400] {logging_mixin.py:188} INFO - [2026-06-06T20:38:01.240-0400] {dag.py:3823} INFO - Setting next_dagrun for example_python_operator to None, run_after=None
[2026-06-06T20:38:01.248-0400] {processor.py:183} INFO - Processing /Users/nitishbhattad/anaconda3/envs/flight-pipeline/lib/python3.11/site-packages/airflow/example_dags/example_python_operator.py took 0.089 seconds
[2026-06-06T20:40:06.762-0400] {processor.py:161} INFO - Started process (PID=65568) to work on /Users/nitishbhattad/anaconda3/envs/flight-pipeline/lib/python3.11/site-packages/airflow/example_dags/example_python_operator.py
[2026-06-06T20:40:06.765-0400] {processor.py:830} INFO - Processing file /Users/nitishbhattad/anaconda3/envs/flight-pipeline/lib/python3.11/site-packages/airflow/example_dags/example_python_operator.py for tasks to queue
[2026-06-06T20:40:06.766-0400] {logging_mixin.py:188} INFO - [2026-06-06T20:40:06.765-0400] {dagbag.py:538} INFO - Filling up the DagBag from /Users/nitishbhattad/anaconda3/envs/flight-pipeline/lib/python3.11/site-packages/airflow/example_dags/example_python_operator.py
[2026-06-06T20:40:06.782-0400] {logging_mixin.py:188} INFO - [2026-06-06T20:40:06.782-0400] {example_python_operator.py:88} WARNING - The virtalenv_python example task requires virtualenv, please install it.
[2026-06-06T20:40:06.783-0400] {processor.py:840} INFO - DAG(s) 'example_python_operator' retrieved from /Users/nitishbhattad/anaconda3/envs/flight-pipeline/lib/python3.11/site-packages/airflow/example_dags/example_python_operator.py
[2026-06-06T20:40:06.851-0400] {logging_mixin.py:188} INFO - [2026-06-06T20:40:06.851-0400] {dag.py:3036} INFO - Sync 1 DAGs
[2026-06-06T20:40:06.855-0400] {logging_mixin.py:188} INFO - [2026-06-06T20:40:06.855-0400] {dag.py:3823} INFO - Setting next_dagrun for example_python_operator to None, run_after=None
[2026-06-06T20:40:06.870-0400] {processor.py:183} INFO - Processing /Users/nitishbhattad/anaconda3/envs/flight-pipeline/lib/python3.11/site-packages/airflow/example_dags/example_python_operator.py took 0.109 seconds
[2026-06-06T20:42:13.859-0400] {processor.py:161} INFO - Started process (PID=65789) to work on /Users/nitishbhattad/anaconda3/envs/flight-pipeline/lib/python3.11/site-packages/airflow/example_dags/example_python_operator.py
[2026-06-06T20:42:13.860-0400] {processor.py:830} INFO - Processing file /Users/nitishbhattad/anaconda3/envs/flight-pipeline/lib/python3.11/site-packages/airflow/example_dags/example_python_operator.py for tasks to queue
[2026-06-06T20:42:13.860-0400] {logging_mixin.py:188} INFO - [2026-06-06T20:42:13.860-0400] {dagbag.py:538} INFO - Filling up the DagBag from /Users/nitishbhattad/anaconda3/envs/flight-pipeline/lib/python3.11/site-packages/airflow/example_dags/example_python_operator.py
[2026-06-06T20:42:13.870-0400] {logging_mixin.py:188} INFO - [2026-06-06T20:42:13.870-0400] {example_python_operator.py:88} WARNING - The virtalenv_python example task requires virtualenv, please install it.
[2026-06-06T20:42:13.872-0400] {processor.py:840} INFO - DAG(s) 'example_python_operator' retrieved from /Users/nitishbhattad/anaconda3/envs/flight-pipeline/lib/python3.11/site-packages/airflow/example_dags/example_python_operator.py
[2026-06-06T20:42:13.946-0400] {logging_mixin.py:188} INFO - [2026-06-06T20:42:13.945-0400] {dag.py:3036} INFO - Sync 1 DAGs
[2026-06-06T20:42:13.949-0400] {logging_mixin.py:188} INFO - [2026-06-06T20:42:13.949-0400] {dag.py:3823} INFO - Setting next_dagrun for example_python_operator to None, run_after=None
[2026-06-06T20:42:13.958-0400] {processor.py:183} INFO - Processing /Users/nitishbhattad/anaconda3/envs/flight-pipeline/lib/python3.11/site-packages/airflow/example_dags/example_python_operator.py took 0.100 seconds
[2026-06-06T20:44:17.372-0400] {processor.py:161} INFO - Started process (PID=65978) to work on /Users/nitishbhattad/anaconda3/envs/flight-pipeline/lib/python3.11/site-packages/airflow/example_dags/example_python_operator.py
[2026-06-06T20:44:17.373-0400] {processor.py:830} INFO - Processing file /Users/nitishbhattad/anaconda3/envs/flight-pipeline/lib/python3.11/site-packages/airflow/example_dags/example_python_operator.py for tasks to queue
[2026-06-06T20:44:17.373-0400] {logging_mixin.py:188} INFO - [2026-06-06T20:44:17.373-0400] {dagbag.py:538} INFO - Filling up the DagBag from /Users/nitishbhattad/anaconda3/envs/flight-pipeline/lib/python3.11/site-packages/airflow/example_dags/example_python_operator.py
[2026-06-06T20:44:17.383-0400] {logging_mixin.py:188} INFO - [2026-06-06T20:44:17.382-0400] {example_python_operator.py:88} WARNING - The virtalenv_python example task requires virtualenv, please install it.
[2026-06-06T20:44:17.384-0400] {processor.py:840} INFO - DAG(s) 'example_python_operator' retrieved from /Users/nitishbhattad/anaconda3/envs/flight-pipeline/lib/python3.11/site-packages/airflow/example_dags/example_python_operator.py
[2026-06-06T20:44:17.446-0400] {logging_mixin.py:188} INFO - [2026-06-06T20:44:17.445-0400] {dag.py:3036} INFO - Sync 1 DAGs
[2026-06-06T20:44:17.449-0400] {logging_mixin.py:188} INFO - [2026-06-06T20:44:17.448-0400] {dag.py:3823} INFO - Setting next_dagrun for example_python_operator to None, run_after=None
[2026-06-06T20:44:17.456-0400] {processor.py:183} INFO - Processing /Users/nitishbhattad/anaconda3/envs/flight-pipeline/lib/python3.11/site-packages/airflow/example_dags/example_python_operator.py took 0.085 seconds
[2026-06-06T20:46:22.995-0400] {processor.py:161} INFO - Started process (PID=66164) to work on /Users/nitishbhattad/anaconda3/envs/flight-pipeline/lib/python3.11/site-packages/airflow/example_dags/example_python_operator.py
[2026-06-06T20:46:22.997-0400] {processor.py:830} INFO - Processing file /Users/nitishbhattad/anaconda3/envs/flight-pipeline/lib/python3.11/site-packages/airflow/example_dags/example_python_operator.py for tasks to queue
[2026-06-06T20:46:22.997-0400] {logging_mixin.py:188} INFO - [2026-06-06T20:46:22.997-0400] {dagbag.py:538} INFO - Filling up the DagBag from /Users/nitishbhattad/anaconda3/envs/flight-pipeline/lib/python3.11/site-packages/airflow/example_dags/example_python_operator.py
[2026-06-06T20:46:23.008-0400] {logging_mixin.py:188} INFO - [2026-06-06T20:46:23.008-0400] {example_python_operator.py:88} WARNING - The virtalenv_python example task requires virtualenv, please install it.
[2026-06-06T20:46:23.010-0400] {processor.py:840} INFO - DAG(s) 'example_python_operator' retrieved from /Users/nitishbhattad/anaconda3/envs/flight-pipeline/lib/python3.11/site-packages/airflow/example_dags/example_python_operator.py
[2026-06-06T20:46:23.070-0400] {logging_mixin.py:188} INFO - [2026-06-06T20:46:23.070-0400] {dag.py:3036} INFO - Sync 1 DAGs
[2026-06-06T20:46:23.073-0400] {logging_mixin.py:188} INFO - [2026-06-06T20:46:23.073-0400] {dag.py:3823} INFO - Setting next_dagrun for example_python_operator to None, run_after=None
[2026-06-06T20:46:23.081-0400] {processor.py:183} INFO - Processing /Users/nitishbhattad/anaconda3/envs/flight-pipeline/lib/python3.11/site-packages/airflow/example_dags/example_python_operator.py took 0.087 seconds
[2026-06-06T20:48:25.159-0400] {processor.py:161} INFO - Started process (PID=66371) to work on /Users/nitishbhattad/anaconda3/envs/flight-pipeline/lib/python3.11/site-packages/airflow/example_dags/example_python_operator.py
[2026-06-06T20:48:25.159-0400] {processor.py:830} INFO - Processing file /Users/nitishbhattad/anaconda3/envs/flight-pipeline/lib/python3.11/site-packages/airflow/example_dags/example_python_operator.py for tasks to queue
[2026-06-06T20:48:25.160-0400] {logging_mixin.py:188} INFO - [2026-06-06T20:48:25.160-0400] {dagbag.py:538} INFO - Filling up the DagBag from /Users/nitishbhattad/anaconda3/envs/flight-pipeline/lib/python3.11/site-packages/airflow/example_dags/example_python_operator.py
[2026-06-06T20:48:25.171-0400] {logging_mixin.py:188} INFO - [2026-06-06T20:48:25.171-0400] {example_python_operator.py:88} WARNING - The virtalenv_python example task requires virtualenv, please install it.
[2026-06-06T20:48:25.172-0400] {processor.py:840} INFO - DAG(s) 'example_python_operator' retrieved from /Users/nitishbhattad/anaconda3/envs/flight-pipeline/lib/python3.11/site-packages/airflow/example_dags/example_python_operator.py
[2026-06-06T20:48:25.230-0400] {logging_mixin.py:188} INFO - [2026-06-06T20:48:25.230-0400] {dag.py:3036} INFO - Sync 1 DAGs
[2026-06-06T20:48:25.233-0400] {logging_mixin.py:188} INFO - [2026-06-06T20:48:25.233-0400] {dag.py:3823} INFO - Setting next_dagrun for example_python_operator to None, run_after=None
[2026-06-06T20:48:25.241-0400] {processor.py:183} INFO - Processing /Users/nitishbhattad/anaconda3/envs/flight-pipeline/lib/python3.11/site-packages/airflow/example_dags/example_python_operator.py took 0.083 seconds
[2026-06-06T20:50:22.916-0400] {processor.py:161} INFO - Started process (PID=66564) to work on /Users/nitishbhattad/anaconda3/envs/flight-pipeline/lib/python3.11/site-packages/airflow/example_dags/example_python_operator.py
[2026-06-06T20:50:22.917-0400] {processor.py:830} INFO - Processing file /Users/nitishbhattad/anaconda3/envs/flight-pipeline/lib/python3.11/site-packages/airflow/example_dags/example_python_operator.py for tasks to queue
[2026-06-06T20:50:22.917-0400] {logging_mixin.py:188} INFO - [2026-06-06T20:50:22.917-0400] {dagbag.py:538} INFO - Filling up the DagBag from /Users/nitishbhattad/anaconda3/envs/flight-pipeline/lib/python3.11/site-packages/airflow/example_dags/example_python_operator.py
[2026-06-06T20:50:22.927-0400] {logging_mixin.py:188} INFO - [2026-06-06T20:50:22.927-0400] {example_python_operator.py:88} WARNING - The virtalenv_python example task requires virtualenv, please install it.
[2026-06-06T20:50:22.929-0400] {processor.py:840} INFO - DAG(s) 'example_python_operator' retrieved from /Users/nitishbhattad/anaconda3/envs/flight-pipeline/lib/python3.11/site-packages/airflow/example_dags/example_python_operator.py
[2026-06-06T20:50:23.010-0400] {logging_mixin.py:188} INFO - [2026-06-06T20:50:23.010-0400] {dag.py:3036} INFO - Sync 1 DAGs
[2026-06-06T20:50:23.013-0400] {logging_mixin.py:188} INFO - [2026-06-06T20:50:23.013-0400] {dag.py:3823} INFO - Setting next_dagrun for example_python_operator to None, run_after=None
[2026-06-06T20:50:23.022-0400] {processor.py:183} INFO - Processing /Users/nitishbhattad/anaconda3/envs/flight-pipeline/lib/python3.11/site-packages/airflow/example_dags/example_python_operator.py took 0.107 seconds
