[2026-06-06T20:19:46.011-0400] {processor.py:161} INFO - Started process (PID=63641) to work on /Users/nitishbhattad/anaconda3/envs/flight-pipeline/lib/python3.11/site-packages/airflow/example_dags/example_branch_labels.py
[2026-06-06T20:19:46.012-0400] {processor.py:830} INFO - Processing file /Users/nitishbhattad/anaconda3/envs/flight-pipeline/lib/python3.11/site-packages/airflow/example_dags/example_branch_labels.py for tasks to queue
[2026-06-06T20:19:46.012-0400] {logging_mixin.py:188} INFO - [2026-06-06T20:19:46.012-0400] {dagbag.py:538} INFO - Filling up the DagBag from /Users/nitishbhattad/anaconda3/envs/flight-pipeline/lib/python3.11/site-packages/airflow/example_dags/example_branch_labels.py
[2026-06-06T20:19:46.016-0400] {processor.py:840} INFO - DAG(s) 'example_branch_labels' retrieved from /Users/nitishbhattad/anaconda3/envs/flight-pipeline/lib/python3.11/site-packages/airflow/example_dags/example_branch_labels.py
[2026-06-06T20:19:46.109-0400] {logging_mixin.py:188} INFO - [2026-06-06T20:19:46.109-0400] {override.py:1769} INFO - Created Permission View: can delete on DAG:example_branch_labels
[2026-06-06T20:19:46.112-0400] {logging_mixin.py:188} INFO - [2026-06-06T20:19:46.112-0400] {override.py:1769} INFO - Created Permission View: can read on DAG:example_branch_labels
[2026-06-06T20:19:46.113-0400] {logging_mixin.py:188} INFO - [2026-06-06T20:19:46.113-0400] {override.py:1769} INFO - Created Permission View: can edit on DAG:example_branch_labels
[2026-06-06T20:19:46.114-0400] {logging_mixin.py:188} INFO - [2026-06-06T20:19:46.114-0400] {dag.py:3036} INFO - Sync 1 DAGs
[2026-06-06T20:19:46.117-0400] {logging_mixin.py:188} INFO - [2026-06-06T20:19:46.117-0400] {dag.py:3058} INFO - Creating ORM DAG for example_branch_labels
[2026-06-06T20:19:46.119-0400] {logging_mixin.py:188} INFO - [2026-06-06T20:19:46.119-0400] {dag.py:3823} INFO - Setting next_dagrun for example_branch_labels to 2026-06-06 00:00:00+00:00, run_after=2026-06-07 00:00:00+00:00
[2026-06-06T20:19:46.125-0400] {processor.py:183} INFO - Processing /Users/nitishbhattad/anaconda3/envs/flight-pipeline/lib/python3.11/site-packages/airflow/example_dags/example_branch_labels.py took 0.115 seconds
[2026-06-06T20:21:50.380-0400] {processor.py:161} INFO - Started process (PID=63829) to work on /Users/nitishbhattad/anaconda3/envs/flight-pipeline/lib/python3.11/site-packages/airflow/example_dags/example_branch_labels.py
[2026-06-06T20:21:50.381-0400] {processor.py:830} INFO - Processing file /Users/nitishbhattad/anaconda3/envs/flight-pipeline/lib/python3.11/site-packages/airflow/example_dags/example_branch_labels.py for tasks to queue
[2026-06-06T20:21:50.381-0400] {logging_mixin.py:188} INFO - [2026-06-06T20:21:50.381-0400] {dagbag.py:538} INFO - Filling up the DagBag from /Users/nitishbhattad/anaconda3/envs/flight-pipeline/lib/python3.11/site-packages/airflow/example_dags/example_branch_labels.py
[2026-06-06T20:21:50.384-0400] {processor.py:840} INFO - DAG(s) 'example_branch_labels' retrieved from /Users/nitishbhattad/anaconda3/envs/flight-pipeline/lib/python3.11/site-packages/airflow/example_dags/example_branch_labels.py
[2026-06-06T20:21:50.441-0400] {logging_mixin.py:188} INFO - [2026-06-06T20:21:50.441-0400] {dag.py:3036} INFO - Sync 1 DAGs
[2026-06-06T20:21:50.447-0400] {logging_mixin.py:188} INFO - [2026-06-06T20:21:50.447-0400] {dag.py:3823} INFO - Setting next_dagrun for example_branch_labels to 2026-06-06 00:00:00+00:00, run_after=2026-06-07 00:00:00+00:00
[2026-06-06T20:21:50.454-0400] {processor.py:183} INFO - Processing /Users/nitishbhattad/anaconda3/envs/flight-pipeline/lib/python3.11/site-packages/airflow/example_dags/example_branch_labels.py took 0.074 seconds
[2026-06-06T20:25:19.026-0400] {processor.py:161} INFO - Started process (PID=64189) to work on /Users/nitishbhattad/anaconda3/envs/flight-pipeline/lib/python3.11/site-packages/airflow/example_dags/example_branch_labels.py
[2026-06-06T20:25:19.027-0400] {processor.py:830} INFO - Processing file /Users/nitishbhattad/anaconda3/envs/flight-pipeline/lib/python3.11/site-packages/airflow/example_dags/example_branch_labels.py for tasks to queue
[2026-06-06T20:25:19.027-0400] {logging_mixin.py:188} INFO - [2026-06-06T20:25:19.027-0400] {dagbag.py:538} INFO - Filling up the DagBag from /Users/nitishbhattad/anaconda3/envs/flight-pipeline/lib/python3.11/site-packages/airflow/example_dags/example_branch_labels.py
[2026-06-06T20:25:19.031-0400] {processor.py:840} INFO - DAG(s) 'example_branch_labels' retrieved from /Users/nitishbhattad/anaconda3/envs/flight-pipeline/lib/python3.11/site-packages/airflow/example_dags/example_branch_labels.py
[2026-06-06T20:25:19.097-0400] {logging_mixin.py:188} INFO - [2026-06-06T20:25:19.097-0400] {dag.py:3036} INFO - Sync 1 DAGs
[2026-06-06T20:25:19.104-0400] {logging_mixin.py:188} INFO - [2026-06-06T20:25:19.104-0400] {dag.py:3823} INFO - Setting next_dagrun for example_branch_labels to 2026-06-06 00:00:00+00:00, run_after=2026-06-07 00:00:00+00:00
[2026-06-06T20:25:19.113-0400] {processor.py:183} INFO - Processing /Users/nitishbhattad/anaconda3/envs/flight-pipeline/lib/python3.11/site-packages/airflow/example_dags/example_branch_labels.py took 0.088 seconds
[2026-06-06T20:27:32.046-0400] {processor.py:161} INFO - Started process (PID=64411) to work on /Users/nitishbhattad/anaconda3/envs/flight-pipeline/lib/python3.11/site-packages/airflow/example_dags/example_branch_labels.py
[2026-06-06T20:27:32.046-0400] {processor.py:830} INFO - Processing file /Users/nitishbhattad/anaconda3/envs/flight-pipeline/lib/python3.11/site-packages/airflow/example_dags/example_branch_labels.py for tasks to queue
[2026-06-06T20:27:32.047-0400] {logging_mixin.py:188} INFO - [2026-06-06T20:27:32.046-0400] {dagbag.py:538} INFO - Filling up the DagBag from /Users/nitishbhattad/anaconda3/envs/flight-pipeline/lib/python3.11/site-packages/airflow/example_dags/example_branch_labels.py
[2026-06-06T20:27:32.051-0400] {processor.py:840} INFO - DAG(s) 'example_branch_labels' retrieved from /Users/nitishbhattad/anaconda3/envs/flight-pipeline/lib/python3.11/site-packages/airflow/example_dags/example_branch_labels.py
[2026-06-06T20:27:32.538-0400] {logging_mixin.py:188} INFO - [2026-06-06T20:27:32.538-0400] {dag.py:3036} INFO - Sync 1 DAGs
[2026-06-06T20:27:32.549-0400] {logging_mixin.py:188} INFO - [2026-06-06T20:27:32.549-0400] {dag.py:3823} INFO - Setting next_dagrun for example_branch_labels to 2026-06-06 00:00:00+00:00, run_after=2026-06-07 00:00:00+00:00
[2026-06-06T20:27:32.568-0400] {processor.py:183} INFO - Processing /Users/nitishbhattad/anaconda3/envs/flight-pipeline/lib/python3.11/site-packages/airflow/example_dags/example_branch_labels.py took 0.523 seconds
[2026-06-06T20:29:32.179-0400] {processor.py:161} INFO - Started process (PID=64591) to work on /Users/nitishbhattad/anaconda3/envs/flight-pipeline/lib/python3.11/site-packages/airflow/example_dags/example_branch_labels.py
[2026-06-06T20:29:32.180-0400] {processor.py:830} INFO - Processing file /Users/nitishbhattad/anaconda3/envs/flight-pipeline/lib/python3.11/site-packages/airflow/example_dags/example_branch_labels.py for tasks to queue
[2026-06-06T20:29:32.180-0400] {logging_mixin.py:188} INFO - [2026-06-06T20:29:32.180-0400] {dagbag.py:538} INFO - Filling up the DagBag from /Users/nitishbhattad/anaconda3/envs/flight-pipeline/lib/python3.11/site-packages/airflow/example_dags/example_branch_labels.py
[2026-06-06T20:29:32.183-0400] {processor.py:840} INFO - DAG(s) 'example_branch_labels' retrieved from /Users/nitishbhattad/anaconda3/envs/flight-pipeline/lib/python3.11/site-packages/airflow/example_dags/example_branch_labels.py
[2026-06-06T20:29:32.240-0400] {logging_mixin.py:188} INFO - [2026-06-06T20:29:32.240-0400] {dag.py:3036} INFO - Sync 1 DAGs
[2026-06-06T20:29:32.246-0400] {logging_mixin.py:188} INFO - [2026-06-06T20:29:32.246-0400] {dag.py:3823} INFO - Setting next_dagrun for example_branch_labels to 2026-06-06 00:00:00+00:00, run_after=2026-06-07 00:00:00+00:00
[2026-06-06T20:29:32.254-0400] {processor.py:183} INFO - Processing /Users/nitishbhattad/anaconda3/envs/flight-pipeline/lib/python3.11/site-packages/airflow/example_dags/example_branch_labels.py took 0.075 seconds
[2026-06-06T20:32:01.602-0400] {processor.py:161} INFO - Started process (PID=64817) to work on /Users/nitishbhattad/anaconda3/envs/flight-pipeline/lib/python3.11/site-packages/airflow/example_dags/example_branch_labels.py
[2026-06-06T20:32:01.603-0400] {processor.py:830} INFO - Processing file /Users/nitishbhattad/anaconda3/envs/flight-pipeline/lib/python3.11/site-packages/airflow/example_dags/example_branch_labels.py for tasks to queue
[2026-06-06T20:32:01.603-0400] {logging_mixin.py:188} INFO - [2026-06-06T20:32:01.603-0400] {dagbag.py:538} INFO - Filling up the DagBag from /Users/nitishbhattad/anaconda3/envs/flight-pipeline/lib/python3.11/site-packages/airflow/example_dags/example_branch_labels.py
[2026-06-06T20:32:01.606-0400] {processor.py:840} INFO - DAG(s) 'example_branch_labels' retrieved from /Users/nitishbhattad/anaconda3/envs/flight-pipeline/lib/python3.11/site-packages/airflow/example_dags/example_branch_labels.py
[2026-06-06T20:32:01.663-0400] {logging_mixin.py:188} INFO - [2026-06-06T20:32:01.663-0400] {dag.py:3036} INFO - Sync 1 DAGs
[2026-06-06T20:32:01.669-0400] {logging_mixin.py:188} INFO - [2026-06-06T20:32:01.669-0400] {dag.py:3823} INFO - Setting next_dagrun for example_branch_labels to 2026-06-06 00:00:00+00:00, run_after=2026-06-07 00:00:00+00:00
[2026-06-06T20:32:01.676-0400] {processor.py:183} INFO - Processing /Users/nitishbhattad/anaconda3/envs/flight-pipeline/lib/python3.11/site-packages/airflow/example_dags/example_branch_labels.py took 0.075 seconds
[2026-06-06T20:34:07.596-0400] {processor.py:161} INFO - Started process (PID=65001) to work on /Users/nitishbhattad/anaconda3/envs/flight-pipeline/lib/python3.11/site-packages/airflow/example_dags/example_branch_labels.py
[2026-06-06T20:34:07.597-0400] {processor.py:830} INFO - Processing file /Users/nitishbhattad/anaconda3/envs/flight-pipeline/lib/python3.11/site-packages/airflow/example_dags/example_branch_labels.py for tasks to queue
[2026-06-06T20:34:07.598-0400] {logging_mixin.py:188} INFO - [2026-06-06T20:34:07.597-0400] {dagbag.py:538} INFO - Filling up the DagBag from /Users/nitishbhattad/anaconda3/envs/flight-pipeline/lib/python3.11/site-packages/airflow/example_dags/example_branch_labels.py
[2026-06-06T20:34:07.602-0400] {processor.py:840} INFO - DAG(s) 'example_branch_labels' retrieved from /Users/nitishbhattad/anaconda3/envs/flight-pipeline/lib/python3.11/site-packages/airflow/example_dags/example_branch_labels.py
[2026-06-06T20:34:07.681-0400] {logging_mixin.py:188} INFO - [2026-06-06T20:34:07.681-0400] {dag.py:3036} INFO - Sync 1 DAGs
[2026-06-06T20:34:07.687-0400] {logging_mixin.py:188} INFO - [2026-06-06T20:34:07.687-0400] {dag.py:3823} INFO - Setting next_dagrun for example_branch_labels to 2026-06-06 00:00:00+00:00, run_after=2026-06-07 00:00:00+00:00
[2026-06-06T20:34:07.695-0400] {processor.py:183} INFO - Processing /Users/nitishbhattad/anaconda3/envs/flight-pipeline/lib/python3.11/site-packages/airflow/example_dags/example_branch_labels.py took 0.101 seconds
[2026-06-06T20:36:05.699-0400] {processor.py:161} INFO - Started process (PID=65180) to work on /Users/nitishbhattad/anaconda3/envs/flight-pipeline/lib/python3.11/site-packages/airflow/example_dags/example_branch_labels.py
[2026-06-06T20:36:05.700-0400] {processor.py:830} INFO - Processing file /Users/nitishbhattad/anaconda3/envs/flight-pipeline/lib/python3.11/site-packages/airflow/example_dags/example_branch_labels.py for tasks to queue
[2026-06-06T20:36:05.701-0400] {logging_mixin.py:188} INFO - [2026-06-06T20:36:05.701-0400] {dagbag.py:538} INFO - Filling up the DagBag from /Users/nitishbhattad/anaconda3/envs/flight-pipeline/lib/python3.11/site-packages/airflow/example_dags/example_branch_labels.py
[2026-06-06T20:36:05.705-0400] {processor.py:840} INFO - DAG(s) 'example_branch_labels' retrieved from /Users/nitishbhattad/anaconda3/envs/flight-pipeline/lib/python3.11/site-packages/airflow/example_dags/example_branch_labels.py
[2026-06-06T20:36:05.766-0400] {logging_mixin.py:188} INFO - [2026-06-06T20:36:05.765-0400] {dag.py:3036} INFO - Sync 1 DAGs
[2026-06-06T20:36:05.772-0400] {logging_mixin.py:188} INFO - [2026-06-06T20:36:05.772-0400] {dag.py:3823} INFO - Setting next_dagrun for example_branch_labels to 2026-06-06 00:00:00+00:00, run_after=2026-06-07 00:00:00+00:00
[2026-06-06T20:36:05.779-0400] {processor.py:183} INFO - Processing /Users/nitishbhattad/anaconda3/envs/flight-pipeline/lib/python3.11/site-packages/airflow/example_dags/example_branch_labels.py took 0.080 seconds
[2026-06-06T20:38:16.421-0400] {processor.py:161} INFO - Started process (PID=65375) to work on /Users/nitishbhattad/anaconda3/envs/flight-pipeline/lib/python3.11/site-packages/airflow/example_dags/example_branch_labels.py
[2026-06-06T20:38:16.422-0400] {processor.py:830} INFO - Processing file /Users/nitishbhattad/anaconda3/envs/flight-pipeline/lib/python3.11/site-packages/airflow/example_dags/example_branch_labels.py for tasks to queue
[2026-06-06T20:38:16.423-0400] {logging_mixin.py:188} INFO - [2026-06-06T20:38:16.422-0400] {dagbag.py:538} INFO - Filling up the DagBag from /Users/nitishbhattad/anaconda3/envs/flight-pipeline/lib/python3.11/site-packages/airflow/example_dags/example_branch_labels.py
[2026-06-06T20:38:16.428-0400] {processor.py:840} INFO - DAG(s) 'example_branch_labels' retrieved from /Users/nitishbhattad/anaconda3/envs/flight-pipeline/lib/python3.11/site-packages/airflow/example_dags/example_branch_labels.py
[2026-06-06T20:38:16.495-0400] {logging_mixin.py:188} INFO - [2026-06-06T20:38:16.495-0400] {dag.py:3036} INFO - Sync 1 DAGs
[2026-06-06T20:38:16.502-0400] {logging_mixin.py:188} INFO - [2026-06-06T20:38:16.502-0400] {dag.py:3823} INFO - Setting next_dagrun for example_branch_labels to 2026-06-06 00:00:00+00:00, run_after=2026-06-07 00:00:00+00:00
[2026-06-06T20:38:16.510-0400] {processor.py:183} INFO - Processing /Users/nitishbhattad/anaconda3/envs/flight-pipeline/lib/python3.11/site-packages/airflow/example_dags/example_branch_labels.py took 0.090 seconds
[2026-06-06T20:40:20.811-0400] {processor.py:161} INFO - Started process (PID=65588) to work on /Users/nitishbhattad/anaconda3/envs/flight-pipeline/lib/python3.11/site-packages/airflow/example_dags/example_branch_labels.py
[2026-06-06T20:40:20.813-0400] {processor.py:830} INFO - Processing file /Users/nitishbhattad/anaconda3/envs/flight-pipeline/lib/python3.11/site-packages/airflow/example_dags/example_branch_labels.py for tasks to queue
[2026-06-06T20:40:20.814-0400] {logging_mixin.py:188} INFO - [2026-06-06T20:40:20.814-0400] {dagbag.py:538} INFO - Filling up the DagBag from /Users/nitishbhattad/anaconda3/envs/flight-pipeline/lib/python3.11/site-packages/airflow/example_dags/example_branch_labels.py
[2026-06-06T20:40:20.818-0400] {processor.py:840} INFO - DAG(s) 'example_branch_labels' retrieved from /Users/nitishbhattad/anaconda3/envs/flight-pipeline/lib/python3.11/site-packages/airflow/example_dags/example_branch_labels.py
[2026-06-06T20:40:20.895-0400] {logging_mixin.py:188} INFO - [2026-06-06T20:40:20.895-0400] {dag.py:3036} INFO - Sync 1 DAGs
[2026-06-06T20:40:20.903-0400] {logging_mixin.py:188} INFO - [2026-06-06T20:40:20.902-0400] {dag.py:3823} INFO - Setting next_dagrun for example_branch_labels to 2026-06-06 00:00:00+00:00, run_after=2026-06-07 00:00:00+00:00
[2026-06-06T20:40:20.910-0400] {processor.py:183} INFO - Processing /Users/nitishbhattad/anaconda3/envs/flight-pipeline/lib/python3.11/site-packages/airflow/example_dags/example_branch_labels.py took 0.100 seconds
[2026-06-06T20:42:27.615-0400] {processor.py:161} INFO - Started process (PID=65812) to work on /Users/nitishbhattad/anaconda3/envs/flight-pipeline/lib/python3.11/site-packages/airflow/example_dags/example_branch_labels.py
[2026-06-06T20:42:27.616-0400] {processor.py:830} INFO - Processing file /Users/nitishbhattad/anaconda3/envs/flight-pipeline/lib/python3.11/site-packages/airflow/example_dags/example_branch_labels.py for tasks to queue
[2026-06-06T20:42:27.616-0400] {logging_mixin.py:188} INFO - [2026-06-06T20:42:27.616-0400] {dagbag.py:538} INFO - Filling up the DagBag from /Users/nitishbhattad/anaconda3/envs/flight-pipeline/lib/python3.11/site-packages/airflow/example_dags/example_branch_labels.py
[2026-06-06T20:42:27.619-0400] {processor.py:840} INFO - DAG(s) 'example_branch_labels' retrieved from /Users/nitishbhattad/anaconda3/envs/flight-pipeline/lib/python3.11/site-packages/airflow/example_dags/example_branch_labels.py
[2026-06-06T20:42:27.686-0400] {logging_mixin.py:188} INFO - [2026-06-06T20:42:27.685-0400] {dag.py:3036} INFO - Sync 1 DAGs
[2026-06-06T20:42:27.696-0400] {logging_mixin.py:188} INFO - [2026-06-06T20:42:27.695-0400] {dag.py:3823} INFO - Setting next_dagrun for example_branch_labels to 2026-06-06 00:00:00+00:00, run_after=2026-06-07 00:00:00+00:00
[2026-06-06T20:42:27.708-0400] {processor.py:183} INFO - Processing /Users/nitishbhattad/anaconda3/envs/flight-pipeline/lib/python3.11/site-packages/airflow/example_dags/example_branch_labels.py took 0.094 seconds
[2026-06-06T20:44:33.317-0400] {processor.py:161} INFO - Started process (PID=66003) to work on /Users/nitishbhattad/anaconda3/envs/flight-pipeline/lib/python3.11/site-packages/airflow/example_dags/example_branch_labels.py
[2026-06-06T20:44:33.318-0400] {processor.py:830} INFO - Processing file /Users/nitishbhattad/anaconda3/envs/flight-pipeline/lib/python3.11/site-packages/airflow/example_dags/example_branch_labels.py for tasks to queue
[2026-06-06T20:44:33.318-0400] {logging_mixin.py:188} INFO - [2026-06-06T20:44:33.318-0400] {dagbag.py:538} INFO - Filling up the DagBag from /Users/nitishbhattad/anaconda3/envs/flight-pipeline/lib/python3.11/site-packages/airflow/example_dags/example_branch_labels.py
[2026-06-06T20:44:33.322-0400] {processor.py:840} INFO - DAG(s) 'example_branch_labels' retrieved from /Users/nitishbhattad/anaconda3/envs/flight-pipeline/lib/python3.11/site-packages/airflow/example_dags/example_branch_labels.py
[2026-06-06T20:44:33.426-0400] {logging_mixin.py:188} INFO - [2026-06-06T20:44:33.426-0400] {dag.py:3036} INFO - Sync 1 DAGs
[2026-06-06T20:44:33.434-0400] {logging_mixin.py:188} INFO - [2026-06-06T20:44:33.434-0400] {dag.py:3823} INFO - Setting next_dagrun for example_branch_labels to 2026-06-06 00:00:00+00:00, run_after=2026-06-07 00:00:00+00:00
[2026-06-06T20:44:33.444-0400] {processor.py:183} INFO - Processing /Users/nitishbhattad/anaconda3/envs/flight-pipeline/lib/python3.11/site-packages/airflow/example_dags/example_branch_labels.py took 0.129 seconds
[2026-06-06T20:46:37.541-0400] {processor.py:161} INFO - Started process (PID=66186) to work on /Users/nitishbhattad/anaconda3/envs/flight-pipeline/lib/python3.11/site-packages/airflow/example_dags/example_branch_labels.py
[2026-06-06T20:46:37.543-0400] {processor.py:830} INFO - Processing file /Users/nitishbhattad/anaconda3/envs/flight-pipeline/lib/python3.11/site-packages/airflow/example_dags/example_branch_labels.py for tasks to queue
[2026-06-06T20:46:37.543-0400] {logging_mixin.py:188} INFO - [2026-06-06T20:46:37.543-0400] {dagbag.py:538} INFO - Filling up the DagBag from /Users/nitishbhattad/anaconda3/envs/flight-pipeline/lib/python3.11/site-packages/airflow/example_dags/example_branch_labels.py
[2026-06-06T20:46:37.547-0400] {processor.py:840} INFO - DAG(s) 'example_branch_labels' retrieved from /Users/nitishbhattad/anaconda3/envs/flight-pipeline/lib/python3.11/site-packages/airflow/example_dags/example_branch_labels.py
[2026-06-06T20:46:37.606-0400] {logging_mixin.py:188} INFO - [2026-06-06T20:46:37.605-0400] {dag.py:3036} INFO - Sync 1 DAGs
[2026-06-06T20:46:37.612-0400] {logging_mixin.py:188} INFO - [2026-06-06T20:46:37.612-0400] {dag.py:3823} INFO - Setting next_dagrun for example_branch_labels to 2026-06-06 00:00:00+00:00, run_after=2026-06-07 00:00:00+00:00
[2026-06-06T20:46:37.619-0400] {processor.py:183} INFO - Processing /Users/nitishbhattad/anaconda3/envs/flight-pipeline/lib/python3.11/site-packages/airflow/example_dags/example_branch_labels.py took 0.079 seconds
[2026-06-06T20:48:38.786-0400] {processor.py:161} INFO - Started process (PID=66393) to work on /Users/nitishbhattad/anaconda3/envs/flight-pipeline/lib/python3.11/site-packages/airflow/example_dags/example_branch_labels.py
[2026-06-06T20:48:38.786-0400] {processor.py:830} INFO - Processing file /Users/nitishbhattad/anaconda3/envs/flight-pipeline/lib/python3.11/site-packages/airflow/example_dags/example_branch_labels.py for tasks to queue
[2026-06-06T20:48:38.786-0400] {logging_mixin.py:188} INFO - [2026-06-06T20:48:38.786-0400] {dagbag.py:538} INFO - Filling up the DagBag from /Users/nitishbhattad/anaconda3/envs/flight-pipeline/lib/python3.11/site-packages/airflow/example_dags/example_branch_labels.py
[2026-06-06T20:48:38.790-0400] {processor.py:840} INFO - DAG(s) 'example_branch_labels' retrieved from /Users/nitishbhattad/anaconda3/envs/flight-pipeline/lib/python3.11/site-packages/airflow/example_dags/example_branch_labels.py
[2026-06-06T20:48:38.854-0400] {logging_mixin.py:188} INFO - [2026-06-06T20:48:38.854-0400] {dag.py:3036} INFO - Sync 1 DAGs
[2026-06-06T20:48:38.861-0400] {logging_mixin.py:188} INFO - [2026-06-06T20:48:38.861-0400] {dag.py:3823} INFO - Setting next_dagrun for example_branch_labels to 2026-06-06 00:00:00+00:00, run_after=2026-06-07 00:00:00+00:00
[2026-06-06T20:48:38.869-0400] {processor.py:183} INFO - Processing /Users/nitishbhattad/anaconda3/envs/flight-pipeline/lib/python3.11/site-packages/airflow/example_dags/example_branch_labels.py took 0.084 seconds
[2026-06-06T20:50:39.491-0400] {processor.py:161} INFO - Started process (PID=66586) to work on /Users/nitishbhattad/anaconda3/envs/flight-pipeline/lib/python3.11/site-packages/airflow/example_dags/example_branch_labels.py
[2026-06-06T20:50:39.492-0400] {processor.py:830} INFO - Processing file /Users/nitishbhattad/anaconda3/envs/flight-pipeline/lib/python3.11/site-packages/airflow/example_dags/example_branch_labels.py for tasks to queue
[2026-06-06T20:50:39.492-0400] {logging_mixin.py:188} INFO - [2026-06-06T20:50:39.492-0400] {dagbag.py:538} INFO - Filling up the DagBag from /Users/nitishbhattad/anaconda3/envs/flight-pipeline/lib/python3.11/site-packages/airflow/example_dags/example_branch_labels.py
[2026-06-06T20:50:39.496-0400] {processor.py:840} INFO - DAG(s) 'example_branch_labels' retrieved from /Users/nitishbhattad/anaconda3/envs/flight-pipeline/lib/python3.11/site-packages/airflow/example_dags/example_branch_labels.py
[2026-06-06T20:50:39.558-0400] {logging_mixin.py:188} INFO - [2026-06-06T20:50:39.558-0400] {dag.py:3036} INFO - Sync 1 DAGs
[2026-06-06T20:50:39.564-0400] {logging_mixin.py:188} INFO - [2026-06-06T20:50:39.564-0400] {dag.py:3823} INFO - Setting next_dagrun for example_branch_labels to 2026-06-06 00:00:00+00:00, run_after=2026-06-07 00:00:00+00:00
[2026-06-06T20:50:39.572-0400] {processor.py:183} INFO - Processing /Users/nitishbhattad/anaconda3/envs/flight-pipeline/lib/python3.11/site-packages/airflow/example_dags/example_branch_labels.py took 0.082 seconds
