[2026-06-06T20:19:51.861-0400] {processor.py:161} INFO - Started process (PID=63652) to work on /Users/nitishbhattad/anaconda3/envs/flight-pipeline/lib/python3.11/site-packages/airflow/example_dags/example_bash_operator.py
[2026-06-06T20:19:51.861-0400] {processor.py:830} INFO - Processing file /Users/nitishbhattad/anaconda3/envs/flight-pipeline/lib/python3.11/site-packages/airflow/example_dags/example_bash_operator.py for tasks to queue
[2026-06-06T20:19:51.862-0400] {logging_mixin.py:188} INFO - [2026-06-06T20:19:51.862-0400] {dagbag.py:538} INFO - Filling up the DagBag from /Users/nitishbhattad/anaconda3/envs/flight-pipeline/lib/python3.11/site-packages/airflow/example_dags/example_bash_operator.py
[2026-06-06T20:19:51.871-0400] {processor.py:840} INFO - DAG(s) 'example_bash_operator' retrieved from /Users/nitishbhattad/anaconda3/envs/flight-pipeline/lib/python3.11/site-packages/airflow/example_dags/example_bash_operator.py
[2026-06-06T20:19:51.988-0400] {logging_mixin.py:188} INFO - [2026-06-06T20:19:51.987-0400] {override.py:1769} INFO - Created Permission View: can delete on DAG:example_bash_operator
[2026-06-06T20:19:51.992-0400] {logging_mixin.py:188} INFO - [2026-06-06T20:19:51.991-0400] {override.py:1769} INFO - Created Permission View: can read on DAG:example_bash_operator
[2026-06-06T20:19:51.994-0400] {logging_mixin.py:188} INFO - [2026-06-06T20:19:51.994-0400] {override.py:1769} INFO - Created Permission View: can edit on DAG:example_bash_operator
[2026-06-06T20:19:51.994-0400] {logging_mixin.py:188} INFO - [2026-06-06T20:19:51.994-0400] {dag.py:3036} INFO - Sync 1 DAGs
[2026-06-06T20:19:51.997-0400] {logging_mixin.py:188} INFO - [2026-06-06T20:19:51.997-0400] {dag.py:3058} INFO - Creating ORM DAG for example_bash_operator
[2026-06-06T20:19:52.001-0400] {logging_mixin.py:188} INFO - [2026-06-06T20:19:52.001-0400] {dag.py:3823} INFO - Setting next_dagrun for example_bash_operator to 2026-06-06 00:00:00+00:00, run_after=2026-06-07 00:00:00+00:00
[2026-06-06T20:19:52.014-0400] {processor.py:183} INFO - Processing /Users/nitishbhattad/anaconda3/envs/flight-pipeline/lib/python3.11/site-packages/airflow/example_dags/example_bash_operator.py took 0.153 seconds
[2026-06-06T20:21:58.547-0400] {processor.py:161} INFO - Started process (PID=63839) to work on /Users/nitishbhattad/anaconda3/envs/flight-pipeline/lib/python3.11/site-packages/airflow/example_dags/example_bash_operator.py
[2026-06-06T20:21:58.549-0400] {processor.py:830} INFO - Processing file /Users/nitishbhattad/anaconda3/envs/flight-pipeline/lib/python3.11/site-packages/airflow/example_dags/example_bash_operator.py for tasks to queue
[2026-06-06T20:21:58.549-0400] {logging_mixin.py:188} INFO - [2026-06-06T20:21:58.549-0400] {dagbag.py:538} INFO - Filling up the DagBag from /Users/nitishbhattad/anaconda3/envs/flight-pipeline/lib/python3.11/site-packages/airflow/example_dags/example_bash_operator.py
[2026-06-06T20:21:58.553-0400] {processor.py:840} INFO - DAG(s) 'example_bash_operator' retrieved from /Users/nitishbhattad/anaconda3/envs/flight-pipeline/lib/python3.11/site-packages/airflow/example_dags/example_bash_operator.py
[2026-06-06T20:21:58.656-0400] {logging_mixin.py:188} INFO - [2026-06-06T20:21:58.655-0400] {dag.py:3036} INFO - Sync 1 DAGs
[2026-06-06T20:21:58.666-0400] {logging_mixin.py:188} INFO - [2026-06-06T20:21:58.665-0400] {dag.py:3823} INFO - Setting next_dagrun for example_bash_operator to 2026-06-06 00:00:00+00:00, run_after=2026-06-07 00:00:00+00:00
[2026-06-06T20:21:58.673-0400] {processor.py:183} INFO - Processing /Users/nitishbhattad/anaconda3/envs/flight-pipeline/lib/python3.11/site-packages/airflow/example_dags/example_bash_operator.py took 0.126 seconds
[2026-06-06T20:25:24.228-0400] {processor.py:161} INFO - Started process (PID=64193) to work on /Users/nitishbhattad/anaconda3/envs/flight-pipeline/lib/python3.11/site-packages/airflow/example_dags/example_bash_operator.py
[2026-06-06T20:25:24.228-0400] {processor.py:830} INFO - Processing file /Users/nitishbhattad/anaconda3/envs/flight-pipeline/lib/python3.11/site-packages/airflow/example_dags/example_bash_operator.py for tasks to queue
[2026-06-06T20:25:24.229-0400] {logging_mixin.py:188} INFO - [2026-06-06T20:25:24.229-0400] {dagbag.py:538} INFO - Filling up the DagBag from /Users/nitishbhattad/anaconda3/envs/flight-pipeline/lib/python3.11/site-packages/airflow/example_dags/example_bash_operator.py
[2026-06-06T20:25:24.234-0400] {processor.py:840} INFO - DAG(s) 'example_bash_operator' retrieved from /Users/nitishbhattad/anaconda3/envs/flight-pipeline/lib/python3.11/site-packages/airflow/example_dags/example_bash_operator.py
[2026-06-06T20:25:24.298-0400] {logging_mixin.py:188} INFO - [2026-06-06T20:25:24.298-0400] {dag.py:3036} INFO - Sync 1 DAGs
[2026-06-06T20:25:24.304-0400] {logging_mixin.py:188} INFO - [2026-06-06T20:25:24.304-0400] {dag.py:3823} INFO - Setting next_dagrun for example_bash_operator to 2026-06-06 00:00:00+00:00, run_after=2026-06-07 00:00:00+00:00
[2026-06-06T20:25:24.312-0400] {processor.py:183} INFO - Processing /Users/nitishbhattad/anaconda3/envs/flight-pipeline/lib/python3.11/site-packages/airflow/example_dags/example_bash_operator.py took 0.085 seconds
[2026-06-06T20:27:38.587-0400] {processor.py:161} INFO - Started process (PID=64419) to work on /Users/nitishbhattad/anaconda3/envs/flight-pipeline/lib/python3.11/site-packages/airflow/example_dags/example_bash_operator.py
[2026-06-06T20:27:38.588-0400] {processor.py:830} INFO - Processing file /Users/nitishbhattad/anaconda3/envs/flight-pipeline/lib/python3.11/site-packages/airflow/example_dags/example_bash_operator.py for tasks to queue
[2026-06-06T20:27:38.588-0400] {logging_mixin.py:188} INFO - [2026-06-06T20:27:38.588-0400] {dagbag.py:538} INFO - Filling up the DagBag from /Users/nitishbhattad/anaconda3/envs/flight-pipeline/lib/python3.11/site-packages/airflow/example_dags/example_bash_operator.py
[2026-06-06T20:27:38.593-0400] {processor.py:840} INFO - DAG(s) 'example_bash_operator' retrieved from /Users/nitishbhattad/anaconda3/envs/flight-pipeline/lib/python3.11/site-packages/airflow/example_dags/example_bash_operator.py
[2026-06-06T20:27:38.653-0400] {logging_mixin.py:188} INFO - [2026-06-06T20:27:38.653-0400] {dag.py:3036} INFO - Sync 1 DAGs
[2026-06-06T20:27:38.659-0400] {logging_mixin.py:188} INFO - [2026-06-06T20:27:38.659-0400] {dag.py:3823} INFO - Setting next_dagrun for example_bash_operator to 2026-06-06 00:00:00+00:00, run_after=2026-06-07 00:00:00+00:00
[2026-06-06T20:27:38.668-0400] {processor.py:183} INFO - Processing /Users/nitishbhattad/anaconda3/envs/flight-pipeline/lib/python3.11/site-packages/airflow/example_dags/example_bash_operator.py took 0.081 seconds
[2026-06-06T20:29:37.918-0400] {processor.py:161} INFO - Started process (PID=64597) to work on /Users/nitishbhattad/anaconda3/envs/flight-pipeline/lib/python3.11/site-packages/airflow/example_dags/example_bash_operator.py
[2026-06-06T20:29:37.920-0400] {processor.py:830} INFO - Processing file /Users/nitishbhattad/anaconda3/envs/flight-pipeline/lib/python3.11/site-packages/airflow/example_dags/example_bash_operator.py for tasks to queue
[2026-06-06T20:29:37.920-0400] {logging_mixin.py:188} INFO - [2026-06-06T20:29:37.920-0400] {dagbag.py:538} INFO - Filling up the DagBag from /Users/nitishbhattad/anaconda3/envs/flight-pipeline/lib/python3.11/site-packages/airflow/example_dags/example_bash_operator.py
[2026-06-06T20:29:37.925-0400] {processor.py:840} INFO - DAG(s) 'example_bash_operator' retrieved from /Users/nitishbhattad/anaconda3/envs/flight-pipeline/lib/python3.11/site-packages/airflow/example_dags/example_bash_operator.py
[2026-06-06T20:29:38.011-0400] {logging_mixin.py:188} INFO - [2026-06-06T20:29:38.011-0400] {dag.py:3036} INFO - Sync 1 DAGs
[2026-06-06T20:29:38.021-0400] {logging_mixin.py:188} INFO - [2026-06-06T20:29:38.021-0400] {dag.py:3823} INFO - Setting next_dagrun for example_bash_operator to 2026-06-06 00:00:00+00:00, run_after=2026-06-07 00:00:00+00:00
[2026-06-06T20:29:38.034-0400] {processor.py:183} INFO - Processing /Users/nitishbhattad/anaconda3/envs/flight-pipeline/lib/python3.11/site-packages/airflow/example_dags/example_bash_operator.py took 0.117 seconds
[2026-06-06T20:32:07.395-0400] {processor.py:161} INFO - Started process (PID=64823) to work on /Users/nitishbhattad/anaconda3/envs/flight-pipeline/lib/python3.11/site-packages/airflow/example_dags/example_bash_operator.py
[2026-06-06T20:32:07.395-0400] {processor.py:830} INFO - Processing file /Users/nitishbhattad/anaconda3/envs/flight-pipeline/lib/python3.11/site-packages/airflow/example_dags/example_bash_operator.py for tasks to queue
[2026-06-06T20:32:07.396-0400] {logging_mixin.py:188} INFO - [2026-06-06T20:32:07.396-0400] {dagbag.py:538} INFO - Filling up the DagBag from /Users/nitishbhattad/anaconda3/envs/flight-pipeline/lib/python3.11/site-packages/airflow/example_dags/example_bash_operator.py
[2026-06-06T20:32:07.402-0400] {processor.py:840} INFO - DAG(s) 'example_bash_operator' retrieved from /Users/nitishbhattad/anaconda3/envs/flight-pipeline/lib/python3.11/site-packages/airflow/example_dags/example_bash_operator.py
[2026-06-06T20:32:07.464-0400] {logging_mixin.py:188} INFO - [2026-06-06T20:32:07.464-0400] {dag.py:3036} INFO - Sync 1 DAGs
[2026-06-06T20:32:07.470-0400] {logging_mixin.py:188} INFO - [2026-06-06T20:32:07.470-0400] {dag.py:3823} INFO - Setting next_dagrun for example_bash_operator to 2026-06-06 00:00:00+00:00, run_after=2026-06-07 00:00:00+00:00
[2026-06-06T20:32:07.478-0400] {processor.py:183} INFO - Processing /Users/nitishbhattad/anaconda3/envs/flight-pipeline/lib/python3.11/site-packages/airflow/example_dags/example_bash_operator.py took 0.084 seconds
[2026-06-06T20:34:12.718-0400] {processor.py:161} INFO - Started process (PID=65004) to work on /Users/nitishbhattad/anaconda3/envs/flight-pipeline/lib/python3.11/site-packages/airflow/example_dags/example_bash_operator.py
[2026-06-06T20:34:12.719-0400] {processor.py:830} INFO - Processing file /Users/nitishbhattad/anaconda3/envs/flight-pipeline/lib/python3.11/site-packages/airflow/example_dags/example_bash_operator.py for tasks to queue
[2026-06-06T20:34:12.719-0400] {logging_mixin.py:188} INFO - [2026-06-06T20:34:12.719-0400] {dagbag.py:538} INFO - Filling up the DagBag from /Users/nitishbhattad/anaconda3/envs/flight-pipeline/lib/python3.11/site-packages/airflow/example_dags/example_bash_operator.py
[2026-06-06T20:34:12.724-0400] {processor.py:840} INFO - DAG(s) 'example_bash_operator' retrieved from /Users/nitishbhattad/anaconda3/envs/flight-pipeline/lib/python3.11/site-packages/airflow/example_dags/example_bash_operator.py
[2026-06-06T20:34:12.791-0400] {logging_mixin.py:188} INFO - [2026-06-06T20:34:12.791-0400] {dag.py:3036} INFO - Sync 1 DAGs
[2026-06-06T20:34:12.798-0400] {logging_mixin.py:188} INFO - [2026-06-06T20:34:12.798-0400] {dag.py:3823} INFO - Setting next_dagrun for example_bash_operator to 2026-06-06 00:00:00+00:00, run_after=2026-06-07 00:00:00+00:00
[2026-06-06T20:34:12.805-0400] {processor.py:183} INFO - Processing /Users/nitishbhattad/anaconda3/envs/flight-pipeline/lib/python3.11/site-packages/airflow/example_dags/example_bash_operator.py took 0.088 seconds
[2026-06-06T20:36:11.189-0400] {processor.py:161} INFO - Started process (PID=65184) to work on /Users/nitishbhattad/anaconda3/envs/flight-pipeline/lib/python3.11/site-packages/airflow/example_dags/example_bash_operator.py
[2026-06-06T20:36:11.190-0400] {processor.py:830} INFO - Processing file /Users/nitishbhattad/anaconda3/envs/flight-pipeline/lib/python3.11/site-packages/airflow/example_dags/example_bash_operator.py for tasks to queue
[2026-06-06T20:36:11.191-0400] {logging_mixin.py:188} INFO - [2026-06-06T20:36:11.191-0400] {dagbag.py:538} INFO - Filling up the DagBag from /Users/nitishbhattad/anaconda3/envs/flight-pipeline/lib/python3.11/site-packages/airflow/example_dags/example_bash_operator.py
[2026-06-06T20:36:11.199-0400] {processor.py:840} INFO - DAG(s) 'example_bash_operator' retrieved from /Users/nitishbhattad/anaconda3/envs/flight-pipeline/lib/python3.11/site-packages/airflow/example_dags/example_bash_operator.py
[2026-06-06T20:36:11.263-0400] {logging_mixin.py:188} INFO - [2026-06-06T20:36:11.263-0400] {dag.py:3036} INFO - Sync 1 DAGs
[2026-06-06T20:36:11.271-0400] {logging_mixin.py:188} INFO - [2026-06-06T20:36:11.270-0400] {dag.py:3823} INFO - Setting next_dagrun for example_bash_operator to 2026-06-06 00:00:00+00:00, run_after=2026-06-07 00:00:00+00:00
[2026-06-06T20:36:11.279-0400] {processor.py:183} INFO - Processing /Users/nitishbhattad/anaconda3/envs/flight-pipeline/lib/python3.11/site-packages/airflow/example_dags/example_bash_operator.py took 0.092 seconds
[2026-06-06T20:38:22.908-0400] {processor.py:161} INFO - Started process (PID=65385) to work on /Users/nitishbhattad/anaconda3/envs/flight-pipeline/lib/python3.11/site-packages/airflow/example_dags/example_bash_operator.py
[2026-06-06T20:38:22.909-0400] {processor.py:830} INFO - Processing file /Users/nitishbhattad/anaconda3/envs/flight-pipeline/lib/python3.11/site-packages/airflow/example_dags/example_bash_operator.py for tasks to queue
[2026-06-06T20:38:22.909-0400] {logging_mixin.py:188} INFO - [2026-06-06T20:38:22.909-0400] {dagbag.py:538} INFO - Filling up the DagBag from /Users/nitishbhattad/anaconda3/envs/flight-pipeline/lib/python3.11/site-packages/airflow/example_dags/example_bash_operator.py
[2026-06-06T20:38:22.915-0400] {processor.py:840} INFO - DAG(s) 'example_bash_operator' retrieved from /Users/nitishbhattad/anaconda3/envs/flight-pipeline/lib/python3.11/site-packages/airflow/example_dags/example_bash_operator.py
[2026-06-06T20:38:22.977-0400] {logging_mixin.py:188} INFO - [2026-06-06T20:38:22.977-0400] {dag.py:3036} INFO - Sync 1 DAGs
[2026-06-06T20:38:22.984-0400] {logging_mixin.py:188} INFO - [2026-06-06T20:38:22.983-0400] {dag.py:3823} INFO - Setting next_dagrun for example_bash_operator to 2026-06-06 00:00:00+00:00, run_after=2026-06-07 00:00:00+00:00
[2026-06-06T20:38:22.991-0400] {processor.py:183} INFO - Processing /Users/nitishbhattad/anaconda3/envs/flight-pipeline/lib/python3.11/site-packages/airflow/example_dags/example_bash_operator.py took 0.085 seconds
[2026-06-06T20:40:28.677-0400] {processor.py:161} INFO - Started process (PID=65628) to work on /Users/nitishbhattad/anaconda3/envs/flight-pipeline/lib/python3.11/site-packages/airflow/example_dags/example_bash_operator.py
[2026-06-06T20:40:28.680-0400] {processor.py:830} INFO - Processing file /Users/nitishbhattad/anaconda3/envs/flight-pipeline/lib/python3.11/site-packages/airflow/example_dags/example_bash_operator.py for tasks to queue
[2026-06-06T20:40:28.680-0400] {logging_mixin.py:188} INFO - [2026-06-06T20:40:28.680-0400] {dagbag.py:538} INFO - Filling up the DagBag from /Users/nitishbhattad/anaconda3/envs/flight-pipeline/lib/python3.11/site-packages/airflow/example_dags/example_bash_operator.py
[2026-06-06T20:40:28.688-0400] {processor.py:840} INFO - DAG(s) 'example_bash_operator' retrieved from /Users/nitishbhattad/anaconda3/envs/flight-pipeline/lib/python3.11/site-packages/airflow/example_dags/example_bash_operator.py
[2026-06-06T20:40:28.756-0400] {logging_mixin.py:188} INFO - [2026-06-06T20:40:28.756-0400] {dag.py:3036} INFO - Sync 1 DAGs
[2026-06-06T20:40:28.763-0400] {logging_mixin.py:188} INFO - [2026-06-06T20:40:28.763-0400] {dag.py:3823} INFO - Setting next_dagrun for example_bash_operator to 2026-06-06 00:00:00+00:00, run_after=2026-06-07 00:00:00+00:00
[2026-06-06T20:40:28.772-0400] {processor.py:183} INFO - Processing /Users/nitishbhattad/anaconda3/envs/flight-pipeline/lib/python3.11/site-packages/airflow/example_dags/example_bash_operator.py took 0.096 seconds
[2026-06-06T20:42:33.454-0400] {processor.py:161} INFO - Started process (PID=65824) to work on /Users/nitishbhattad/anaconda3/envs/flight-pipeline/lib/python3.11/site-packages/airflow/example_dags/example_bash_operator.py
[2026-06-06T20:42:33.455-0400] {processor.py:830} INFO - Processing file /Users/nitishbhattad/anaconda3/envs/flight-pipeline/lib/python3.11/site-packages/airflow/example_dags/example_bash_operator.py for tasks to queue
[2026-06-06T20:42:33.455-0400] {logging_mixin.py:188} INFO - [2026-06-06T20:42:33.455-0400] {dagbag.py:538} INFO - Filling up the DagBag from /Users/nitishbhattad/anaconda3/envs/flight-pipeline/lib/python3.11/site-packages/airflow/example_dags/example_bash_operator.py
[2026-06-06T20:42:33.461-0400] {processor.py:840} INFO - DAG(s) 'example_bash_operator' retrieved from /Users/nitishbhattad/anaconda3/envs/flight-pipeline/lib/python3.11/site-packages/airflow/example_dags/example_bash_operator.py
[2026-06-06T20:42:33.523-0400] {logging_mixin.py:188} INFO - [2026-06-06T20:42:33.523-0400] {dag.py:3036} INFO - Sync 1 DAGs
[2026-06-06T20:42:33.529-0400] {logging_mixin.py:188} INFO - [2026-06-06T20:42:33.529-0400] {dag.py:3823} INFO - Setting next_dagrun for example_bash_operator to 2026-06-06 00:00:00+00:00, run_after=2026-06-07 00:00:00+00:00
[2026-06-06T20:42:33.538-0400] {processor.py:183} INFO - Processing /Users/nitishbhattad/anaconda3/envs/flight-pipeline/lib/python3.11/site-packages/airflow/example_dags/example_bash_operator.py took 0.085 seconds
[2026-06-06T20:44:39.628-0400] {processor.py:161} INFO - Started process (PID=66012) to work on /Users/nitishbhattad/anaconda3/envs/flight-pipeline/lib/python3.11/site-packages/airflow/example_dags/example_bash_operator.py
[2026-06-06T20:44:39.629-0400] {processor.py:830} INFO - Processing file /Users/nitishbhattad/anaconda3/envs/flight-pipeline/lib/python3.11/site-packages/airflow/example_dags/example_bash_operator.py for tasks to queue
[2026-06-06T20:44:39.629-0400] {logging_mixin.py:188} INFO - [2026-06-06T20:44:39.629-0400] {dagbag.py:538} INFO - Filling up the DagBag from /Users/nitishbhattad/anaconda3/envs/flight-pipeline/lib/python3.11/site-packages/airflow/example_dags/example_bash_operator.py
[2026-06-06T20:44:39.635-0400] {processor.py:840} INFO - DAG(s) 'example_bash_operator' retrieved from /Users/nitishbhattad/anaconda3/envs/flight-pipeline/lib/python3.11/site-packages/airflow/example_dags/example_bash_operator.py
[2026-06-06T20:44:39.698-0400] {logging_mixin.py:188} INFO - [2026-06-06T20:44:39.698-0400] {dag.py:3036} INFO - Sync 1 DAGs
[2026-06-06T20:44:39.705-0400] {logging_mixin.py:188} INFO - [2026-06-06T20:44:39.705-0400] {dag.py:3823} INFO - Setting next_dagrun for example_bash_operator to 2026-06-06 00:00:00+00:00, run_after=2026-06-07 00:00:00+00:00
[2026-06-06T20:44:39.713-0400] {processor.py:183} INFO - Processing /Users/nitishbhattad/anaconda3/envs/flight-pipeline/lib/python3.11/site-packages/airflow/example_dags/example_bash_operator.py took 0.087 seconds
[2026-06-06T20:46:42.777-0400] {processor.py:161} INFO - Started process (PID=66193) to work on /Users/nitishbhattad/anaconda3/envs/flight-pipeline/lib/python3.11/site-packages/airflow/example_dags/example_bash_operator.py
[2026-06-06T20:46:42.778-0400] {processor.py:830} INFO - Processing file /Users/nitishbhattad/anaconda3/envs/flight-pipeline/lib/python3.11/site-packages/airflow/example_dags/example_bash_operator.py for tasks to queue
[2026-06-06T20:46:42.779-0400] {logging_mixin.py:188} INFO - [2026-06-06T20:46:42.779-0400] {dagbag.py:538} INFO - Filling up the DagBag from /Users/nitishbhattad/anaconda3/envs/flight-pipeline/lib/python3.11/site-packages/airflow/example_dags/example_bash_operator.py
[2026-06-06T20:46:42.784-0400] {processor.py:840} INFO - DAG(s) 'example_bash_operator' retrieved from /Users/nitishbhattad/anaconda3/envs/flight-pipeline/lib/python3.11/site-packages/airflow/example_dags/example_bash_operator.py
[2026-06-06T20:46:42.850-0400] {logging_mixin.py:188} INFO - [2026-06-06T20:46:42.850-0400] {dag.py:3036} INFO - Sync 1 DAGs
[2026-06-06T20:46:42.857-0400] {logging_mixin.py:188} INFO - [2026-06-06T20:46:42.857-0400] {dag.py:3823} INFO - Setting next_dagrun for example_bash_operator to 2026-06-06 00:00:00+00:00, run_after=2026-06-07 00:00:00+00:00
[2026-06-06T20:46:42.867-0400] {processor.py:183} INFO - Processing /Users/nitishbhattad/anaconda3/envs/flight-pipeline/lib/python3.11/site-packages/airflow/example_dags/example_bash_operator.py took 0.090 seconds
[2026-06-06T20:48:44.963-0400] {processor.py:161} INFO - Started process (PID=66400) to work on /Users/nitishbhattad/anaconda3/envs/flight-pipeline/lib/python3.11/site-packages/airflow/example_dags/example_bash_operator.py
[2026-06-06T20:48:44.964-0400] {processor.py:830} INFO - Processing file /Users/nitishbhattad/anaconda3/envs/flight-pipeline/lib/python3.11/site-packages/airflow/example_dags/example_bash_operator.py for tasks to queue
[2026-06-06T20:48:44.965-0400] {logging_mixin.py:188} INFO - [2026-06-06T20:48:44.964-0400] {dagbag.py:538} INFO - Filling up the DagBag from /Users/nitishbhattad/anaconda3/envs/flight-pipeline/lib/python3.11/site-packages/airflow/example_dags/example_bash_operator.py
[2026-06-06T20:48:44.971-0400] {processor.py:840} INFO - DAG(s) 'example_bash_operator' retrieved from /Users/nitishbhattad/anaconda3/envs/flight-pipeline/lib/python3.11/site-packages/airflow/example_dags/example_bash_operator.py
[2026-06-06T20:48:45.052-0400] {logging_mixin.py:188} INFO - [2026-06-06T20:48:45.052-0400] {dag.py:3036} INFO - Sync 1 DAGs
[2026-06-06T20:48:45.068-0400] {logging_mixin.py:188} INFO - [2026-06-06T20:48:45.068-0400] {dag.py:3823} INFO - Setting next_dagrun for example_bash_operator to 2026-06-06 00:00:00+00:00, run_after=2026-06-07 00:00:00+00:00
[2026-06-06T20:48:45.086-0400] {processor.py:183} INFO - Processing /Users/nitishbhattad/anaconda3/envs/flight-pipeline/lib/python3.11/site-packages/airflow/example_dags/example_bash_operator.py took 0.125 seconds
[2026-06-06T20:50:45.232-0400] {processor.py:161} INFO - Started process (PID=66591) to work on /Users/nitishbhattad/anaconda3/envs/flight-pipeline/lib/python3.11/site-packages/airflow/example_dags/example_bash_operator.py
[2026-06-06T20:50:45.233-0400] {processor.py:830} INFO - Processing file /Users/nitishbhattad/anaconda3/envs/flight-pipeline/lib/python3.11/site-packages/airflow/example_dags/example_bash_operator.py for tasks to queue
[2026-06-06T20:50:45.233-0400] {logging_mixin.py:188} INFO - [2026-06-06T20:50:45.233-0400] {dagbag.py:538} INFO - Filling up the DagBag from /Users/nitishbhattad/anaconda3/envs/flight-pipeline/lib/python3.11/site-packages/airflow/example_dags/example_bash_operator.py
[2026-06-06T20:50:45.238-0400] {processor.py:840} INFO - DAG(s) 'example_bash_operator' retrieved from /Users/nitishbhattad/anaconda3/envs/flight-pipeline/lib/python3.11/site-packages/airflow/example_dags/example_bash_operator.py
[2026-06-06T20:50:45.302-0400] {logging_mixin.py:188} INFO - [2026-06-06T20:50:45.302-0400] {dag.py:3036} INFO - Sync 1 DAGs
[2026-06-06T20:50:45.308-0400] {logging_mixin.py:188} INFO - [2026-06-06T20:50:45.308-0400] {dag.py:3823} INFO - Setting next_dagrun for example_bash_operator to 2026-06-06 00:00:00+00:00, run_after=2026-06-07 00:00:00+00:00
[2026-06-06T20:50:45.319-0400] {processor.py:183} INFO - Processing /Users/nitishbhattad/anaconda3/envs/flight-pipeline/lib/python3.11/site-packages/airflow/example_dags/example_bash_operator.py took 0.088 seconds
