[2026-06-06T20:19:34.517-0400] {processor.py:161} INFO - Started process (PID=63627) to work on /Users/nitishbhattad/anaconda3/envs/flight-pipeline/lib/python3.11/site-packages/airflow/example_dags/example_datasets.py
[2026-06-06T20:19:34.517-0400] {processor.py:830} INFO - Processing file /Users/nitishbhattad/anaconda3/envs/flight-pipeline/lib/python3.11/site-packages/airflow/example_dags/example_datasets.py for tasks to queue
[2026-06-06T20:19:34.518-0400] {logging_mixin.py:188} INFO - [2026-06-06T20:19:34.518-0400] {dagbag.py:538} INFO - Filling up the DagBag from /Users/nitishbhattad/anaconda3/envs/flight-pipeline/lib/python3.11/site-packages/airflow/example_dags/example_datasets.py
[2026-06-06T20:19:34.523-0400] {processor.py:840} INFO - DAG(s) 'dataset_consumes_unknown_never_scheduled', 'dataset_produces_1', 'dataset_consumes_1', 'dataset_consumes_1_never_scheduled', 'dataset_produces_2', 'dataset_consumes_1_and_2' retrieved from /Users/nitishbhattad/anaconda3/envs/flight-pipeline/lib/python3.11/site-packages/airflow/example_dags/example_datasets.py
[2026-06-06T20:19:34.625-0400] {logging_mixin.py:188} INFO - [2026-06-06T20:19:34.625-0400] {override.py:1769} INFO - Created Permission View: can read on DAG:dataset_consumes_unknown_never_scheduled
[2026-06-06T20:19:34.629-0400] {logging_mixin.py:188} INFO - [2026-06-06T20:19:34.629-0400] {override.py:1769} INFO - Created Permission View: can delete on DAG:dataset_consumes_unknown_never_scheduled
[2026-06-06T20:19:34.632-0400] {logging_mixin.py:188} INFO - [2026-06-06T20:19:34.631-0400] {override.py:1769} INFO - Created Permission View: can edit on DAG:dataset_consumes_unknown_never_scheduled
[2026-06-06T20:19:34.636-0400] {logging_mixin.py:188} INFO - [2026-06-06T20:19:34.635-0400] {override.py:1769} INFO - Created Permission View: can read on DAG:dataset_produces_1
[2026-06-06T20:19:34.637-0400] {logging_mixin.py:188} INFO - [2026-06-06T20:19:34.637-0400] {override.py:1769} INFO - Created Permission View: can delete on DAG:dataset_produces_1
[2026-06-06T20:19:34.639-0400] {logging_mixin.py:188} INFO - [2026-06-06T20:19:34.639-0400] {override.py:1769} INFO - Created Permission View: can edit on DAG:dataset_produces_1
[2026-06-06T20:19:34.643-0400] {logging_mixin.py:188} INFO - [2026-06-06T20:19:34.643-0400] {override.py:1769} INFO - Created Permission View: can read on DAG:dataset_consumes_1
[2026-06-06T20:19:34.644-0400] {logging_mixin.py:188} INFO - [2026-06-06T20:19:34.644-0400] {override.py:1769} INFO - Created Permission View: can delete on DAG:dataset_consumes_1
[2026-06-06T20:19:34.646-0400] {logging_mixin.py:188} INFO - [2026-06-06T20:19:34.646-0400] {override.py:1769} INFO - Created Permission View: can edit on DAG:dataset_consumes_1
[2026-06-06T20:19:34.649-0400] {logging_mixin.py:188} INFO - [2026-06-06T20:19:34.649-0400] {override.py:1769} INFO - Created Permission View: can read on DAG:dataset_consumes_1_never_scheduled
[2026-06-06T20:19:34.651-0400] {logging_mixin.py:188} INFO - [2026-06-06T20:19:34.651-0400] {override.py:1769} INFO - Created Permission View: can delete on DAG:dataset_consumes_1_never_scheduled
[2026-06-06T20:19:34.653-0400] {logging_mixin.py:188} INFO - [2026-06-06T20:19:34.652-0400] {override.py:1769} INFO - Created Permission View: can edit on DAG:dataset_consumes_1_never_scheduled
[2026-06-06T20:19:34.656-0400] {logging_mixin.py:188} INFO - [2026-06-06T20:19:34.656-0400] {override.py:1769} INFO - Created Permission View: can read on DAG:dataset_produces_2
[2026-06-06T20:19:34.657-0400] {logging_mixin.py:188} INFO - [2026-06-06T20:19:34.657-0400] {override.py:1769} INFO - Created Permission View: can delete on DAG:dataset_produces_2
[2026-06-06T20:19:34.659-0400] {logging_mixin.py:188} INFO - [2026-06-06T20:19:34.659-0400] {override.py:1769} INFO - Created Permission View: can edit on DAG:dataset_produces_2
[2026-06-06T20:19:34.662-0400] {logging_mixin.py:188} INFO - [2026-06-06T20:19:34.662-0400] {override.py:1769} INFO - Created Permission View: can read on DAG:dataset_consumes_1_and_2
[2026-06-06T20:19:34.664-0400] {logging_mixin.py:188} INFO - [2026-06-06T20:19:34.664-0400] {override.py:1769} INFO - Created Permission View: can delete on DAG:dataset_consumes_1_and_2
[2026-06-06T20:19:34.666-0400] {logging_mixin.py:188} INFO - [2026-06-06T20:19:34.665-0400] {override.py:1769} INFO - Created Permission View: can edit on DAG:dataset_consumes_1_and_2
[2026-06-06T20:19:34.666-0400] {logging_mixin.py:188} INFO - [2026-06-06T20:19:34.666-0400] {dag.py:3036} INFO - Sync 6 DAGs
[2026-06-06T20:19:34.669-0400] {logging_mixin.py:188} INFO - [2026-06-06T20:19:34.669-0400] {dag.py:3058} INFO - Creating ORM DAG for dataset_consumes_1
[2026-06-06T20:19:34.669-0400] {logging_mixin.py:188} INFO - [2026-06-06T20:19:34.669-0400] {dag.py:3058} INFO - Creating ORM DAG for dataset_produces_2
[2026-06-06T20:19:34.669-0400] {logging_mixin.py:188} INFO - [2026-06-06T20:19:34.669-0400] {dag.py:3058} INFO - Creating ORM DAG for dataset_consumes_unknown_never_scheduled
[2026-06-06T20:19:34.669-0400] {logging_mixin.py:188} INFO - [2026-06-06T20:19:34.669-0400] {dag.py:3058} INFO - Creating ORM DAG for dataset_produces_1
[2026-06-06T20:19:34.669-0400] {logging_mixin.py:188} INFO - [2026-06-06T20:19:34.669-0400] {dag.py:3058} INFO - Creating ORM DAG for dataset_consumes_1_never_scheduled
[2026-06-06T20:19:34.670-0400] {logging_mixin.py:188} INFO - [2026-06-06T20:19:34.670-0400] {dag.py:3058} INFO - Creating ORM DAG for dataset_consumes_1_and_2
[2026-06-06T20:19:34.672-0400] {logging_mixin.py:188} INFO - [2026-06-06T20:19:34.672-0400] {dag.py:3823} INFO - Setting next_dagrun for dataset_consumes_1 to None, run_after=None
[2026-06-06T20:19:34.672-0400] {logging_mixin.py:188} INFO - [2026-06-06T20:19:34.672-0400] {dag.py:3823} INFO - Setting next_dagrun for dataset_consumes_1_and_2 to None, run_after=None
[2026-06-06T20:19:34.673-0400] {logging_mixin.py:188} INFO - [2026-06-06T20:19:34.673-0400] {dag.py:3823} INFO - Setting next_dagrun for dataset_consumes_1_never_scheduled to None, run_after=None
[2026-06-06T20:19:34.673-0400] {logging_mixin.py:188} INFO - [2026-06-06T20:19:34.673-0400] {dag.py:3823} INFO - Setting next_dagrun for dataset_consumes_unknown_never_scheduled to None, run_after=None
[2026-06-06T20:19:34.673-0400] {logging_mixin.py:188} INFO - [2026-06-06T20:19:34.673-0400] {dag.py:3823} INFO - Setting next_dagrun for dataset_produces_1 to 2026-06-06 00:00:00+00:00, run_after=2026-06-07 00:00:00+00:00
[2026-06-06T20:19:34.673-0400] {logging_mixin.py:188} INFO - [2026-06-06T20:19:34.673-0400] {dag.py:3823} INFO - Setting next_dagrun for dataset_produces_2 to None, run_after=None
[2026-06-06T20:19:34.698-0400] {processor.py:183} INFO - Processing /Users/nitishbhattad/anaconda3/envs/flight-pipeline/lib/python3.11/site-packages/airflow/example_dags/example_datasets.py took 0.182 seconds
[2026-06-06T20:21:39.336-0400] {processor.py:161} INFO - Started process (PID=63812) to work on /Users/nitishbhattad/anaconda3/envs/flight-pipeline/lib/python3.11/site-packages/airflow/example_dags/example_datasets.py
[2026-06-06T20:21:39.337-0400] {processor.py:830} INFO - Processing file /Users/nitishbhattad/anaconda3/envs/flight-pipeline/lib/python3.11/site-packages/airflow/example_dags/example_datasets.py for tasks to queue
[2026-06-06T20:21:39.337-0400] {logging_mixin.py:188} INFO - [2026-06-06T20:21:39.337-0400] {dagbag.py:538} INFO - Filling up the DagBag from /Users/nitishbhattad/anaconda3/envs/flight-pipeline/lib/python3.11/site-packages/airflow/example_dags/example_datasets.py
[2026-06-06T20:21:39.342-0400] {processor.py:840} INFO - DAG(s) 'dataset_produces_1', 'dataset_consumes_unknown_never_scheduled', 'dataset_consumes_1', 'dataset_consumes_1_never_scheduled', 'dataset_consumes_1_and_2', 'dataset_produces_2' retrieved from /Users/nitishbhattad/anaconda3/envs/flight-pipeline/lib/python3.11/site-packages/airflow/example_dags/example_datasets.py
[2026-06-06T20:21:39.404-0400] {logging_mixin.py:188} INFO - [2026-06-06T20:21:39.404-0400] {dag.py:3036} INFO - Sync 6 DAGs
[2026-06-06T20:21:39.410-0400] {logging_mixin.py:188} INFO - [2026-06-06T20:21:39.410-0400] {dag.py:3823} INFO - Setting next_dagrun for dataset_consumes_1 to None, run_after=None
[2026-06-06T20:21:39.411-0400] {logging_mixin.py:188} INFO - [2026-06-06T20:21:39.411-0400] {dag.py:3823} INFO - Setting next_dagrun for dataset_consumes_1_and_2 to None, run_after=None
[2026-06-06T20:21:39.411-0400] {logging_mixin.py:188} INFO - [2026-06-06T20:21:39.411-0400] {dag.py:3823} INFO - Setting next_dagrun for dataset_consumes_1_never_scheduled to None, run_after=None
[2026-06-06T20:21:39.412-0400] {logging_mixin.py:188} INFO - [2026-06-06T20:21:39.412-0400] {dag.py:3823} INFO - Setting next_dagrun for dataset_consumes_unknown_never_scheduled to None, run_after=None
[2026-06-06T20:21:39.412-0400] {logging_mixin.py:188} INFO - [2026-06-06T20:21:39.412-0400] {dag.py:3823} INFO - Setting next_dagrun for dataset_produces_1 to 2026-06-06 00:00:00+00:00, run_after=2026-06-07 00:00:00+00:00
[2026-06-06T20:21:39.413-0400] {logging_mixin.py:188} INFO - [2026-06-06T20:21:39.413-0400] {dag.py:3823} INFO - Setting next_dagrun for dataset_produces_2 to None, run_after=None
[2026-06-06T20:21:39.422-0400] {processor.py:183} INFO - Processing /Users/nitishbhattad/anaconda3/envs/flight-pipeline/lib/python3.11/site-packages/airflow/example_dags/example_datasets.py took 0.086 seconds
[2026-06-06T20:25:06.377-0400] {processor.py:161} INFO - Started process (PID=64172) to work on /Users/nitishbhattad/anaconda3/envs/flight-pipeline/lib/python3.11/site-packages/airflow/example_dags/example_datasets.py
[2026-06-06T20:25:06.378-0400] {processor.py:830} INFO - Processing file /Users/nitishbhattad/anaconda3/envs/flight-pipeline/lib/python3.11/site-packages/airflow/example_dags/example_datasets.py for tasks to queue
[2026-06-06T20:25:06.378-0400] {logging_mixin.py:188} INFO - [2026-06-06T20:25:06.378-0400] {dagbag.py:538} INFO - Filling up the DagBag from /Users/nitishbhattad/anaconda3/envs/flight-pipeline/lib/python3.11/site-packages/airflow/example_dags/example_datasets.py
[2026-06-06T20:25:06.385-0400] {processor.py:840} INFO - DAG(s) 'dataset_consumes_unknown_never_scheduled', 'dataset_consumes_1_and_2', 'dataset_produces_2', 'dataset_consumes_1', 'dataset_produces_1', 'dataset_consumes_1_never_scheduled' retrieved from /Users/nitishbhattad/anaconda3/envs/flight-pipeline/lib/python3.11/site-packages/airflow/example_dags/example_datasets.py
[2026-06-06T20:25:06.456-0400] {logging_mixin.py:188} INFO - [2026-06-06T20:25:06.456-0400] {dag.py:3036} INFO - Sync 6 DAGs
[2026-06-06T20:25:06.463-0400] {logging_mixin.py:188} INFO - [2026-06-06T20:25:06.462-0400] {dag.py:3823} INFO - Setting next_dagrun for dataset_consumes_1 to None, run_after=None
[2026-06-06T20:25:06.464-0400] {logging_mixin.py:188} INFO - [2026-06-06T20:25:06.464-0400] {dag.py:3823} INFO - Setting next_dagrun for dataset_consumes_1_and_2 to None, run_after=None
[2026-06-06T20:25:06.464-0400] {logging_mixin.py:188} INFO - [2026-06-06T20:25:06.464-0400] {dag.py:3823} INFO - Setting next_dagrun for dataset_consumes_1_never_scheduled to None, run_after=None
[2026-06-06T20:25:06.464-0400] {logging_mixin.py:188} INFO - [2026-06-06T20:25:06.464-0400] {dag.py:3823} INFO - Setting next_dagrun for dataset_consumes_unknown_never_scheduled to None, run_after=None
[2026-06-06T20:25:06.465-0400] {logging_mixin.py:188} INFO - [2026-06-06T20:25:06.465-0400] {dag.py:3823} INFO - Setting next_dagrun for dataset_produces_1 to 2026-06-06 00:00:00+00:00, run_after=2026-06-07 00:00:00+00:00
[2026-06-06T20:25:06.465-0400] {logging_mixin.py:188} INFO - [2026-06-06T20:25:06.465-0400] {dag.py:3823} INFO - Setting next_dagrun for dataset_produces_2 to None, run_after=None
[2026-06-06T20:25:06.476-0400] {processor.py:183} INFO - Processing /Users/nitishbhattad/anaconda3/envs/flight-pipeline/lib/python3.11/site-packages/airflow/example_dags/example_datasets.py took 0.100 seconds
[2026-06-06T20:27:20.861-0400] {processor.py:161} INFO - Started process (PID=64394) to work on /Users/nitishbhattad/anaconda3/envs/flight-pipeline/lib/python3.11/site-packages/airflow/example_dags/example_datasets.py
[2026-06-06T20:27:20.863-0400] {processor.py:830} INFO - Processing file /Users/nitishbhattad/anaconda3/envs/flight-pipeline/lib/python3.11/site-packages/airflow/example_dags/example_datasets.py for tasks to queue
[2026-06-06T20:27:20.863-0400] {logging_mixin.py:188} INFO - [2026-06-06T20:27:20.863-0400] {dagbag.py:538} INFO - Filling up the DagBag from /Users/nitishbhattad/anaconda3/envs/flight-pipeline/lib/python3.11/site-packages/airflow/example_dags/example_datasets.py
[2026-06-06T20:27:20.868-0400] {processor.py:840} INFO - DAG(s) 'dataset_consumes_unknown_never_scheduled', 'dataset_consumes_1_never_scheduled', 'dataset_produces_2', 'dataset_consumes_1_and_2', 'dataset_consumes_1', 'dataset_produces_1' retrieved from /Users/nitishbhattad/anaconda3/envs/flight-pipeline/lib/python3.11/site-packages/airflow/example_dags/example_datasets.py
[2026-06-06T20:27:20.940-0400] {logging_mixin.py:188} INFO - [2026-06-06T20:27:20.940-0400] {dag.py:3036} INFO - Sync 6 DAGs
[2026-06-06T20:27:20.947-0400] {logging_mixin.py:188} INFO - [2026-06-06T20:27:20.947-0400] {dag.py:3823} INFO - Setting next_dagrun for dataset_consumes_1 to None, run_after=None
[2026-06-06T20:27:20.949-0400] {logging_mixin.py:188} INFO - [2026-06-06T20:27:20.949-0400] {dag.py:3823} INFO - Setting next_dagrun for dataset_consumes_1_and_2 to None, run_after=None
[2026-06-06T20:27:20.949-0400] {logging_mixin.py:188} INFO - [2026-06-06T20:27:20.949-0400] {dag.py:3823} INFO - Setting next_dagrun for dataset_consumes_1_never_scheduled to None, run_after=None
[2026-06-06T20:27:20.949-0400] {logging_mixin.py:188} INFO - [2026-06-06T20:27:20.949-0400] {dag.py:3823} INFO - Setting next_dagrun for dataset_consumes_unknown_never_scheduled to None, run_after=None
[2026-06-06T20:27:20.951-0400] {logging_mixin.py:188} INFO - [2026-06-06T20:27:20.951-0400] {dag.py:3823} INFO - Setting next_dagrun for dataset_produces_1 to 2026-06-06 00:00:00+00:00, run_after=2026-06-07 00:00:00+00:00
[2026-06-06T20:27:20.951-0400] {logging_mixin.py:188} INFO - [2026-06-06T20:27:20.951-0400] {dag.py:3823} INFO - Setting next_dagrun for dataset_produces_2 to None, run_after=None
[2026-06-06T20:27:20.962-0400] {processor.py:183} INFO - Processing /Users/nitishbhattad/anaconda3/envs/flight-pipeline/lib/python3.11/site-packages/airflow/example_dags/example_datasets.py took 0.101 seconds
[2026-06-06T20:29:22.309-0400] {processor.py:161} INFO - Started process (PID=64574) to work on /Users/nitishbhattad/anaconda3/envs/flight-pipeline/lib/python3.11/site-packages/airflow/example_dags/example_datasets.py
[2026-06-06T20:29:22.311-0400] {processor.py:830} INFO - Processing file /Users/nitishbhattad/anaconda3/envs/flight-pipeline/lib/python3.11/site-packages/airflow/example_dags/example_datasets.py for tasks to queue
[2026-06-06T20:29:22.311-0400] {logging_mixin.py:188} INFO - [2026-06-06T20:29:22.311-0400] {dagbag.py:538} INFO - Filling up the DagBag from /Users/nitishbhattad/anaconda3/envs/flight-pipeline/lib/python3.11/site-packages/airflow/example_dags/example_datasets.py
[2026-06-06T20:29:22.316-0400] {processor.py:840} INFO - DAG(s) 'dataset_produces_1', 'dataset_consumes_1_never_scheduled', 'dataset_consumes_unknown_never_scheduled', 'dataset_consumes_1', 'dataset_consumes_1_and_2', 'dataset_produces_2' retrieved from /Users/nitishbhattad/anaconda3/envs/flight-pipeline/lib/python3.11/site-packages/airflow/example_dags/example_datasets.py
[2026-06-06T20:29:22.375-0400] {logging_mixin.py:188} INFO - [2026-06-06T20:29:22.375-0400] {dag.py:3036} INFO - Sync 6 DAGs
[2026-06-06T20:29:22.381-0400] {logging_mixin.py:188} INFO - [2026-06-06T20:29:22.381-0400] {dag.py:3823} INFO - Setting next_dagrun for dataset_consumes_1 to None, run_after=None
[2026-06-06T20:29:22.382-0400] {logging_mixin.py:188} INFO - [2026-06-06T20:29:22.382-0400] {dag.py:3823} INFO - Setting next_dagrun for dataset_consumes_1_and_2 to None, run_after=None
[2026-06-06T20:29:22.382-0400] {logging_mixin.py:188} INFO - [2026-06-06T20:29:22.382-0400] {dag.py:3823} INFO - Setting next_dagrun for dataset_consumes_1_never_scheduled to None, run_after=None
[2026-06-06T20:29:22.382-0400] {logging_mixin.py:188} INFO - [2026-06-06T20:29:22.382-0400] {dag.py:3823} INFO - Setting next_dagrun for dataset_consumes_unknown_never_scheduled to None, run_after=None
[2026-06-06T20:29:22.383-0400] {logging_mixin.py:188} INFO - [2026-06-06T20:29:22.383-0400] {dag.py:3823} INFO - Setting next_dagrun for dataset_produces_1 to 2026-06-06 00:00:00+00:00, run_after=2026-06-07 00:00:00+00:00
[2026-06-06T20:29:22.383-0400] {logging_mixin.py:188} INFO - [2026-06-06T20:29:22.383-0400] {dag.py:3823} INFO - Setting next_dagrun for dataset_produces_2 to None, run_after=None
[2026-06-06T20:29:22.393-0400] {processor.py:183} INFO - Processing /Users/nitishbhattad/anaconda3/envs/flight-pipeline/lib/python3.11/site-packages/airflow/example_dags/example_datasets.py took 0.084 seconds
[2026-06-06T20:31:51.739-0400] {processor.py:161} INFO - Started process (PID=64799) to work on /Users/nitishbhattad/anaconda3/envs/flight-pipeline/lib/python3.11/site-packages/airflow/example_dags/example_datasets.py
[2026-06-06T20:31:51.740-0400] {processor.py:830} INFO - Processing file /Users/nitishbhattad/anaconda3/envs/flight-pipeline/lib/python3.11/site-packages/airflow/example_dags/example_datasets.py for tasks to queue
[2026-06-06T20:31:51.741-0400] {logging_mixin.py:188} INFO - [2026-06-06T20:31:51.740-0400] {dagbag.py:538} INFO - Filling up the DagBag from /Users/nitishbhattad/anaconda3/envs/flight-pipeline/lib/python3.11/site-packages/airflow/example_dags/example_datasets.py
[2026-06-06T20:31:51.745-0400] {processor.py:840} INFO - DAG(s) 'dataset_produces_1', 'dataset_consumes_1', 'dataset_consumes_1_and_2', 'dataset_produces_2', 'dataset_consumes_unknown_never_scheduled', 'dataset_consumes_1_never_scheduled' retrieved from /Users/nitishbhattad/anaconda3/envs/flight-pipeline/lib/python3.11/site-packages/airflow/example_dags/example_datasets.py
[2026-06-06T20:31:51.808-0400] {logging_mixin.py:188} INFO - [2026-06-06T20:31:51.808-0400] {dag.py:3036} INFO - Sync 6 DAGs
[2026-06-06T20:31:51.814-0400] {logging_mixin.py:188} INFO - [2026-06-06T20:31:51.814-0400] {dag.py:3823} INFO - Setting next_dagrun for dataset_consumes_1 to None, run_after=None
[2026-06-06T20:31:51.816-0400] {logging_mixin.py:188} INFO - [2026-06-06T20:31:51.816-0400] {dag.py:3823} INFO - Setting next_dagrun for dataset_consumes_1_and_2 to None, run_after=None
[2026-06-06T20:31:51.816-0400] {logging_mixin.py:188} INFO - [2026-06-06T20:31:51.816-0400] {dag.py:3823} INFO - Setting next_dagrun for dataset_consumes_1_never_scheduled to None, run_after=None
[2026-06-06T20:31:51.816-0400] {logging_mixin.py:188} INFO - [2026-06-06T20:31:51.816-0400] {dag.py:3823} INFO - Setting next_dagrun for dataset_consumes_unknown_never_scheduled to None, run_after=None
[2026-06-06T20:31:51.817-0400] {logging_mixin.py:188} INFO - [2026-06-06T20:31:51.817-0400] {dag.py:3823} INFO - Setting next_dagrun for dataset_produces_1 to 2026-06-06 00:00:00+00:00, run_after=2026-06-07 00:00:00+00:00
[2026-06-06T20:31:51.817-0400] {logging_mixin.py:188} INFO - [2026-06-06T20:31:51.817-0400] {dag.py:3823} INFO - Setting next_dagrun for dataset_produces_2 to None, run_after=None
[2026-06-06T20:31:51.828-0400] {processor.py:183} INFO - Processing /Users/nitishbhattad/anaconda3/envs/flight-pipeline/lib/python3.11/site-packages/airflow/example_dags/example_datasets.py took 0.090 seconds
[2026-06-06T20:33:55.542-0400] {processor.py:161} INFO - Started process (PID=64980) to work on /Users/nitishbhattad/anaconda3/envs/flight-pipeline/lib/python3.11/site-packages/airflow/example_dags/example_datasets.py
[2026-06-06T20:33:55.543-0400] {processor.py:830} INFO - Processing file /Users/nitishbhattad/anaconda3/envs/flight-pipeline/lib/python3.11/site-packages/airflow/example_dags/example_datasets.py for tasks to queue
[2026-06-06T20:33:55.543-0400] {logging_mixin.py:188} INFO - [2026-06-06T20:33:55.543-0400] {dagbag.py:538} INFO - Filling up the DagBag from /Users/nitishbhattad/anaconda3/envs/flight-pipeline/lib/python3.11/site-packages/airflow/example_dags/example_datasets.py
[2026-06-06T20:33:55.548-0400] {processor.py:840} INFO - DAG(s) 'dataset_consumes_unknown_never_scheduled', 'dataset_consumes_1', 'dataset_consumes_1_and_2', 'dataset_produces_1', 'dataset_consumes_1_never_scheduled', 'dataset_produces_2' retrieved from /Users/nitishbhattad/anaconda3/envs/flight-pipeline/lib/python3.11/site-packages/airflow/example_dags/example_datasets.py
[2026-06-06T20:33:55.617-0400] {logging_mixin.py:188} INFO - [2026-06-06T20:33:55.617-0400] {dag.py:3036} INFO - Sync 6 DAGs
[2026-06-06T20:33:55.623-0400] {logging_mixin.py:188} INFO - [2026-06-06T20:33:55.623-0400] {dag.py:3823} INFO - Setting next_dagrun for dataset_consumes_1 to None, run_after=None
[2026-06-06T20:33:55.624-0400] {logging_mixin.py:188} INFO - [2026-06-06T20:33:55.624-0400] {dag.py:3823} INFO - Setting next_dagrun for dataset_consumes_1_and_2 to None, run_after=None
[2026-06-06T20:33:55.624-0400] {logging_mixin.py:188} INFO - [2026-06-06T20:33:55.624-0400] {dag.py:3823} INFO - Setting next_dagrun for dataset_consumes_1_never_scheduled to None, run_after=None
[2026-06-06T20:33:55.624-0400] {logging_mixin.py:188} INFO - [2026-06-06T20:33:55.624-0400] {dag.py:3823} INFO - Setting next_dagrun for dataset_consumes_unknown_never_scheduled to None, run_after=None
[2026-06-06T20:33:55.625-0400] {logging_mixin.py:188} INFO - [2026-06-06T20:33:55.625-0400] {dag.py:3823} INFO - Setting next_dagrun for dataset_produces_1 to 2026-06-06 00:00:00+00:00, run_after=2026-06-07 00:00:00+00:00
[2026-06-06T20:33:55.625-0400] {logging_mixin.py:188} INFO - [2026-06-06T20:33:55.625-0400] {dag.py:3823} INFO - Setting next_dagrun for dataset_produces_2 to None, run_after=None
[2026-06-06T20:33:55.634-0400] {processor.py:183} INFO - Processing /Users/nitishbhattad/anaconda3/envs/flight-pipeline/lib/python3.11/site-packages/airflow/example_dags/example_datasets.py took 0.094 seconds
[2026-06-06T20:35:53.550-0400] {processor.py:161} INFO - Started process (PID=65160) to work on /Users/nitishbhattad/anaconda3/envs/flight-pipeline/lib/python3.11/site-packages/airflow/example_dags/example_datasets.py
[2026-06-06T20:35:53.551-0400] {processor.py:830} INFO - Processing file /Users/nitishbhattad/anaconda3/envs/flight-pipeline/lib/python3.11/site-packages/airflow/example_dags/example_datasets.py for tasks to queue
[2026-06-06T20:35:53.551-0400] {logging_mixin.py:188} INFO - [2026-06-06T20:35:53.551-0400] {dagbag.py:538} INFO - Filling up the DagBag from /Users/nitishbhattad/anaconda3/envs/flight-pipeline/lib/python3.11/site-packages/airflow/example_dags/example_datasets.py
[2026-06-06T20:35:53.557-0400] {processor.py:840} INFO - DAG(s) 'dataset_consumes_1', 'dataset_consumes_unknown_never_scheduled', 'dataset_produces_1', 'dataset_consumes_1_never_scheduled', 'dataset_consumes_1_and_2', 'dataset_produces_2' retrieved from /Users/nitishbhattad/anaconda3/envs/flight-pipeline/lib/python3.11/site-packages/airflow/example_dags/example_datasets.py
[2026-06-06T20:35:53.646-0400] {logging_mixin.py:188} INFO - [2026-06-06T20:35:53.646-0400] {dag.py:3036} INFO - Sync 6 DAGs
[2026-06-06T20:35:53.653-0400] {logging_mixin.py:188} INFO - [2026-06-06T20:35:53.653-0400] {dag.py:3823} INFO - Setting next_dagrun for dataset_consumes_1 to None, run_after=None
[2026-06-06T20:35:53.654-0400] {logging_mixin.py:188} INFO - [2026-06-06T20:35:53.654-0400] {dag.py:3823} INFO - Setting next_dagrun for dataset_consumes_1_and_2 to None, run_after=None
[2026-06-06T20:35:53.655-0400] {logging_mixin.py:188} INFO - [2026-06-06T20:35:53.655-0400] {dag.py:3823} INFO - Setting next_dagrun for dataset_consumes_1_never_scheduled to None, run_after=None
[2026-06-06T20:35:53.655-0400] {logging_mixin.py:188} INFO - [2026-06-06T20:35:53.655-0400] {dag.py:3823} INFO - Setting next_dagrun for dataset_consumes_unknown_never_scheduled to None, run_after=None
[2026-06-06T20:35:53.656-0400] {logging_mixin.py:188} INFO - [2026-06-06T20:35:53.656-0400] {dag.py:3823} INFO - Setting next_dagrun for dataset_produces_1 to 2026-06-06 00:00:00+00:00, run_after=2026-06-07 00:00:00+00:00
[2026-06-06T20:35:53.656-0400] {logging_mixin.py:188} INFO - [2026-06-06T20:35:53.656-0400] {dag.py:3823} INFO - Setting next_dagrun for dataset_produces_2 to None, run_after=None
[2026-06-06T20:35:53.668-0400] {processor.py:183} INFO - Processing /Users/nitishbhattad/anaconda3/envs/flight-pipeline/lib/python3.11/site-packages/airflow/example_dags/example_datasets.py took 0.119 seconds
[2026-06-06T20:38:04.121-0400] {processor.py:161} INFO - Started process (PID=65360) to work on /Users/nitishbhattad/anaconda3/envs/flight-pipeline/lib/python3.11/site-packages/airflow/example_dags/example_datasets.py
[2026-06-06T20:38:04.122-0400] {processor.py:830} INFO - Processing file /Users/nitishbhattad/anaconda3/envs/flight-pipeline/lib/python3.11/site-packages/airflow/example_dags/example_datasets.py for tasks to queue
[2026-06-06T20:38:04.122-0400] {logging_mixin.py:188} INFO - [2026-06-06T20:38:04.122-0400] {dagbag.py:538} INFO - Filling up the DagBag from /Users/nitishbhattad/anaconda3/envs/flight-pipeline/lib/python3.11/site-packages/airflow/example_dags/example_datasets.py
[2026-06-06T20:38:04.128-0400] {processor.py:840} INFO - DAG(s) 'dataset_produces_1', 'dataset_consumes_1_never_scheduled', 'dataset_consumes_1_and_2', 'dataset_produces_2', 'dataset_consumes_1', 'dataset_consumes_unknown_never_scheduled' retrieved from /Users/nitishbhattad/anaconda3/envs/flight-pipeline/lib/python3.11/site-packages/airflow/example_dags/example_datasets.py
[2026-06-06T20:38:04.190-0400] {logging_mixin.py:188} INFO - [2026-06-06T20:38:04.190-0400] {dag.py:3036} INFO - Sync 6 DAGs
[2026-06-06T20:38:04.196-0400] {logging_mixin.py:188} INFO - [2026-06-06T20:38:04.196-0400] {dag.py:3823} INFO - Setting next_dagrun for dataset_consumes_1 to None, run_after=None
[2026-06-06T20:38:04.197-0400] {logging_mixin.py:188} INFO - [2026-06-06T20:38:04.197-0400] {dag.py:3823} INFO - Setting next_dagrun for dataset_consumes_1_and_2 to None, run_after=None
[2026-06-06T20:38:04.198-0400] {logging_mixin.py:188} INFO - [2026-06-06T20:38:04.198-0400] {dag.py:3823} INFO - Setting next_dagrun for dataset_consumes_1_never_scheduled to None, run_after=None
[2026-06-06T20:38:04.198-0400] {logging_mixin.py:188} INFO - [2026-06-06T20:38:04.198-0400] {dag.py:3823} INFO - Setting next_dagrun for dataset_consumes_unknown_never_scheduled to None, run_after=None
[2026-06-06T20:38:04.199-0400] {logging_mixin.py:188} INFO - [2026-06-06T20:38:04.199-0400] {dag.py:3823} INFO - Setting next_dagrun for dataset_produces_1 to 2026-06-06 00:00:00+00:00, run_after=2026-06-07 00:00:00+00:00
[2026-06-06T20:38:04.199-0400] {logging_mixin.py:188} INFO - [2026-06-06T20:38:04.199-0400] {dag.py:3823} INFO - Setting next_dagrun for dataset_produces_2 to None, run_after=None
[2026-06-06T20:38:04.208-0400] {processor.py:183} INFO - Processing /Users/nitishbhattad/anaconda3/envs/flight-pipeline/lib/python3.11/site-packages/airflow/example_dags/example_datasets.py took 0.088 seconds
[2026-06-06T20:40:10.374-0400] {processor.py:161} INFO - Started process (PID=65570) to work on /Users/nitishbhattad/anaconda3/envs/flight-pipeline/lib/python3.11/site-packages/airflow/example_dags/example_datasets.py
[2026-06-06T20:40:10.375-0400] {processor.py:830} INFO - Processing file /Users/nitishbhattad/anaconda3/envs/flight-pipeline/lib/python3.11/site-packages/airflow/example_dags/example_datasets.py for tasks to queue
[2026-06-06T20:40:10.376-0400] {logging_mixin.py:188} INFO - [2026-06-06T20:40:10.376-0400] {dagbag.py:538} INFO - Filling up the DagBag from /Users/nitishbhattad/anaconda3/envs/flight-pipeline/lib/python3.11/site-packages/airflow/example_dags/example_datasets.py
[2026-06-06T20:40:10.380-0400] {processor.py:840} INFO - DAG(s) 'dataset_produces_1', 'dataset_consumes_1_and_2', 'dataset_consumes_unknown_never_scheduled', 'dataset_consumes_1_never_scheduled', 'dataset_consumes_1', 'dataset_produces_2' retrieved from /Users/nitishbhattad/anaconda3/envs/flight-pipeline/lib/python3.11/site-packages/airflow/example_dags/example_datasets.py
[2026-06-06T20:40:10.453-0400] {logging_mixin.py:188} INFO - [2026-06-06T20:40:10.453-0400] {dag.py:3036} INFO - Sync 6 DAGs
[2026-06-06T20:40:10.463-0400] {logging_mixin.py:188} INFO - [2026-06-06T20:40:10.463-0400] {dag.py:3823} INFO - Setting next_dagrun for dataset_consumes_1 to None, run_after=None
[2026-06-06T20:40:10.465-0400] {logging_mixin.py:188} INFO - [2026-06-06T20:40:10.464-0400] {dag.py:3823} INFO - Setting next_dagrun for dataset_consumes_1_and_2 to None, run_after=None
[2026-06-06T20:40:10.465-0400] {logging_mixin.py:188} INFO - [2026-06-06T20:40:10.465-0400] {dag.py:3823} INFO - Setting next_dagrun for dataset_consumes_1_never_scheduled to None, run_after=None
[2026-06-06T20:40:10.466-0400] {logging_mixin.py:188} INFO - [2026-06-06T20:40:10.466-0400] {dag.py:3823} INFO - Setting next_dagrun for dataset_consumes_unknown_never_scheduled to None, run_after=None
[2026-06-06T20:40:10.467-0400] {logging_mixin.py:188} INFO - [2026-06-06T20:40:10.467-0400] {dag.py:3823} INFO - Setting next_dagrun for dataset_produces_1 to 2026-06-06 00:00:00+00:00, run_after=2026-06-07 00:00:00+00:00
[2026-06-06T20:40:10.467-0400] {logging_mixin.py:188} INFO - [2026-06-06T20:40:10.467-0400] {dag.py:3823} INFO - Setting next_dagrun for dataset_produces_2 to None, run_after=None
[2026-06-06T20:40:10.478-0400] {processor.py:183} INFO - Processing /Users/nitishbhattad/anaconda3/envs/flight-pipeline/lib/python3.11/site-packages/airflow/example_dags/example_datasets.py took 0.105 seconds
[2026-06-06T20:42:17.712-0400] {processor.py:161} INFO - Started process (PID=65803) to work on /Users/nitishbhattad/anaconda3/envs/flight-pipeline/lib/python3.11/site-packages/airflow/example_dags/example_datasets.py
[2026-06-06T20:42:17.714-0400] {processor.py:830} INFO - Processing file /Users/nitishbhattad/anaconda3/envs/flight-pipeline/lib/python3.11/site-packages/airflow/example_dags/example_datasets.py for tasks to queue
[2026-06-06T20:42:17.714-0400] {logging_mixin.py:188} INFO - [2026-06-06T20:42:17.714-0400] {dagbag.py:538} INFO - Filling up the DagBag from /Users/nitishbhattad/anaconda3/envs/flight-pipeline/lib/python3.11/site-packages/airflow/example_dags/example_datasets.py
[2026-06-06T20:42:17.718-0400] {processor.py:840} INFO - DAG(s) 'dataset_consumes_1_and_2', 'dataset_consumes_1_never_scheduled', 'dataset_consumes_unknown_never_scheduled', 'dataset_produces_1', 'dataset_consumes_1', 'dataset_produces_2' retrieved from /Users/nitishbhattad/anaconda3/envs/flight-pipeline/lib/python3.11/site-packages/airflow/example_dags/example_datasets.py
[2026-06-06T20:42:17.779-0400] {logging_mixin.py:188} INFO - [2026-06-06T20:42:17.779-0400] {dag.py:3036} INFO - Sync 6 DAGs
[2026-06-06T20:42:17.785-0400] {logging_mixin.py:188} INFO - [2026-06-06T20:42:17.785-0400] {dag.py:3823} INFO - Setting next_dagrun for dataset_consumes_1 to None, run_after=None
[2026-06-06T20:42:17.786-0400] {logging_mixin.py:188} INFO - [2026-06-06T20:42:17.786-0400] {dag.py:3823} INFO - Setting next_dagrun for dataset_consumes_1_and_2 to None, run_after=None
[2026-06-06T20:42:17.786-0400] {logging_mixin.py:188} INFO - [2026-06-06T20:42:17.786-0400] {dag.py:3823} INFO - Setting next_dagrun for dataset_consumes_1_never_scheduled to None, run_after=None
[2026-06-06T20:42:17.786-0400] {logging_mixin.py:188} INFO - [2026-06-06T20:42:17.786-0400] {dag.py:3823} INFO - Setting next_dagrun for dataset_consumes_unknown_never_scheduled to None, run_after=None
[2026-06-06T20:42:17.787-0400] {logging_mixin.py:188} INFO - [2026-06-06T20:42:17.787-0400] {dag.py:3823} INFO - Setting next_dagrun for dataset_produces_1 to 2026-06-06 00:00:00+00:00, run_after=2026-06-07 00:00:00+00:00
[2026-06-06T20:42:17.787-0400] {logging_mixin.py:188} INFO - [2026-06-06T20:42:17.787-0400] {dag.py:3823} INFO - Setting next_dagrun for dataset_produces_2 to None, run_after=None
[2026-06-06T20:42:17.797-0400] {processor.py:183} INFO - Processing /Users/nitishbhattad/anaconda3/envs/flight-pipeline/lib/python3.11/site-packages/airflow/example_dags/example_datasets.py took 0.086 seconds
[2026-06-06T20:44:21.518-0400] {processor.py:161} INFO - Started process (PID=65980) to work on /Users/nitishbhattad/anaconda3/envs/flight-pipeline/lib/python3.11/site-packages/airflow/example_dags/example_datasets.py
[2026-06-06T20:44:21.519-0400] {processor.py:830} INFO - Processing file /Users/nitishbhattad/anaconda3/envs/flight-pipeline/lib/python3.11/site-packages/airflow/example_dags/example_datasets.py for tasks to queue
[2026-06-06T20:44:21.520-0400] {logging_mixin.py:188} INFO - [2026-06-06T20:44:21.520-0400] {dagbag.py:538} INFO - Filling up the DagBag from /Users/nitishbhattad/anaconda3/envs/flight-pipeline/lib/python3.11/site-packages/airflow/example_dags/example_datasets.py
[2026-06-06T20:44:21.526-0400] {processor.py:840} INFO - DAG(s) 'dataset_consumes_1_never_scheduled', 'dataset_consumes_unknown_never_scheduled', 'dataset_consumes_1', 'dataset_produces_1', 'dataset_consumes_1_and_2', 'dataset_produces_2' retrieved from /Users/nitishbhattad/anaconda3/envs/flight-pipeline/lib/python3.11/site-packages/airflow/example_dags/example_datasets.py
[2026-06-06T20:44:21.589-0400] {logging_mixin.py:188} INFO - [2026-06-06T20:44:21.589-0400] {dag.py:3036} INFO - Sync 6 DAGs
[2026-06-06T20:44:21.596-0400] {logging_mixin.py:188} INFO - [2026-06-06T20:44:21.596-0400] {dag.py:3823} INFO - Setting next_dagrun for dataset_consumes_1 to None, run_after=None
[2026-06-06T20:44:21.597-0400] {logging_mixin.py:188} INFO - [2026-06-06T20:44:21.597-0400] {dag.py:3823} INFO - Setting next_dagrun for dataset_consumes_1_and_2 to None, run_after=None
[2026-06-06T20:44:21.597-0400] {logging_mixin.py:188} INFO - [2026-06-06T20:44:21.597-0400] {dag.py:3823} INFO - Setting next_dagrun for dataset_consumes_1_never_scheduled to None, run_after=None
[2026-06-06T20:44:21.597-0400] {logging_mixin.py:188} INFO - [2026-06-06T20:44:21.597-0400] {dag.py:3823} INFO - Setting next_dagrun for dataset_consumes_unknown_never_scheduled to None, run_after=None
[2026-06-06T20:44:21.598-0400] {logging_mixin.py:188} INFO - [2026-06-06T20:44:21.598-0400] {dag.py:3823} INFO - Setting next_dagrun for dataset_produces_1 to 2026-06-06 00:00:00+00:00, run_after=2026-06-07 00:00:00+00:00
[2026-06-06T20:44:21.598-0400] {logging_mixin.py:188} INFO - [2026-06-06T20:44:21.598-0400] {dag.py:3823} INFO - Setting next_dagrun for dataset_produces_2 to None, run_after=None
[2026-06-06T20:44:21.609-0400] {processor.py:183} INFO - Processing /Users/nitishbhattad/anaconda3/envs/flight-pipeline/lib/python3.11/site-packages/airflow/example_dags/example_datasets.py took 0.091 seconds
[2026-06-06T20:46:25.994-0400] {processor.py:161} INFO - Started process (PID=66169) to work on /Users/nitishbhattad/anaconda3/envs/flight-pipeline/lib/python3.11/site-packages/airflow/example_dags/example_datasets.py
[2026-06-06T20:46:25.995-0400] {processor.py:830} INFO - Processing file /Users/nitishbhattad/anaconda3/envs/flight-pipeline/lib/python3.11/site-packages/airflow/example_dags/example_datasets.py for tasks to queue
[2026-06-06T20:46:25.995-0400] {logging_mixin.py:188} INFO - [2026-06-06T20:46:25.995-0400] {dagbag.py:538} INFO - Filling up the DagBag from /Users/nitishbhattad/anaconda3/envs/flight-pipeline/lib/python3.11/site-packages/airflow/example_dags/example_datasets.py
[2026-06-06T20:46:25.999-0400] {processor.py:840} INFO - DAG(s) 'dataset_consumes_1_never_scheduled', 'dataset_consumes_unknown_never_scheduled', 'dataset_consumes_1', 'dataset_produces_1', 'dataset_produces_2', 'dataset_consumes_1_and_2' retrieved from /Users/nitishbhattad/anaconda3/envs/flight-pipeline/lib/python3.11/site-packages/airflow/example_dags/example_datasets.py
[2026-06-06T20:46:26.073-0400] {logging_mixin.py:188} INFO - [2026-06-06T20:46:26.073-0400] {dag.py:3036} INFO - Sync 6 DAGs
[2026-06-06T20:46:26.083-0400] {logging_mixin.py:188} INFO - [2026-06-06T20:46:26.083-0400] {dag.py:3823} INFO - Setting next_dagrun for dataset_consumes_1 to None, run_after=None
[2026-06-06T20:46:26.084-0400] {logging_mixin.py:188} INFO - [2026-06-06T20:46:26.084-0400] {dag.py:3823} INFO - Setting next_dagrun for dataset_consumes_1_and_2 to None, run_after=None
[2026-06-06T20:46:26.084-0400] {logging_mixin.py:188} INFO - [2026-06-06T20:46:26.084-0400] {dag.py:3823} INFO - Setting next_dagrun for dataset_consumes_1_never_scheduled to None, run_after=None
[2026-06-06T20:46:26.085-0400] {logging_mixin.py:188} INFO - [2026-06-06T20:46:26.085-0400] {dag.py:3823} INFO - Setting next_dagrun for dataset_consumes_unknown_never_scheduled to None, run_after=None
[2026-06-06T20:46:26.086-0400] {logging_mixin.py:188} INFO - [2026-06-06T20:46:26.086-0400] {dag.py:3823} INFO - Setting next_dagrun for dataset_produces_1 to 2026-06-06 00:00:00+00:00, run_after=2026-06-07 00:00:00+00:00
[2026-06-06T20:46:26.086-0400] {logging_mixin.py:188} INFO - [2026-06-06T20:46:26.086-0400] {dag.py:3823} INFO - Setting next_dagrun for dataset_produces_2 to None, run_after=None
[2026-06-06T20:46:26.134-0400] {processor.py:183} INFO - Processing /Users/nitishbhattad/anaconda3/envs/flight-pipeline/lib/python3.11/site-packages/airflow/example_dags/example_datasets.py took 0.141 seconds
[2026-06-06T20:48:28.632-0400] {processor.py:161} INFO - Started process (PID=66376) to work on /Users/nitishbhattad/anaconda3/envs/flight-pipeline/lib/python3.11/site-packages/airflow/example_dags/example_datasets.py
[2026-06-06T20:48:28.635-0400] {processor.py:830} INFO - Processing file /Users/nitishbhattad/anaconda3/envs/flight-pipeline/lib/python3.11/site-packages/airflow/example_dags/example_datasets.py for tasks to queue
[2026-06-06T20:48:28.635-0400] {logging_mixin.py:188} INFO - [2026-06-06T20:48:28.635-0400] {dagbag.py:538} INFO - Filling up the DagBag from /Users/nitishbhattad/anaconda3/envs/flight-pipeline/lib/python3.11/site-packages/airflow/example_dags/example_datasets.py
[2026-06-06T20:48:28.640-0400] {processor.py:840} INFO - DAG(s) 'dataset_consumes_1_never_scheduled', 'dataset_consumes_unknown_never_scheduled', 'dataset_consumes_1_and_2', 'dataset_consumes_1', 'dataset_produces_1', 'dataset_produces_2' retrieved from /Users/nitishbhattad/anaconda3/envs/flight-pipeline/lib/python3.11/site-packages/airflow/example_dags/example_datasets.py
[2026-06-06T20:48:28.706-0400] {logging_mixin.py:188} INFO - [2026-06-06T20:48:28.706-0400] {dag.py:3036} INFO - Sync 6 DAGs
[2026-06-06T20:48:28.712-0400] {logging_mixin.py:188} INFO - [2026-06-06T20:48:28.712-0400] {dag.py:3823} INFO - Setting next_dagrun for dataset_consumes_1 to None, run_after=None
[2026-06-06T20:48:28.713-0400] {logging_mixin.py:188} INFO - [2026-06-06T20:48:28.713-0400] {dag.py:3823} INFO - Setting next_dagrun for dataset_consumes_1_and_2 to None, run_after=None
[2026-06-06T20:48:28.714-0400] {logging_mixin.py:188} INFO - [2026-06-06T20:48:28.714-0400] {dag.py:3823} INFO - Setting next_dagrun for dataset_consumes_1_never_scheduled to None, run_after=None
[2026-06-06T20:48:28.714-0400] {logging_mixin.py:188} INFO - [2026-06-06T20:48:28.714-0400] {dag.py:3823} INFO - Setting next_dagrun for dataset_consumes_unknown_never_scheduled to None, run_after=None
[2026-06-06T20:48:28.715-0400] {logging_mixin.py:188} INFO - [2026-06-06T20:48:28.715-0400] {dag.py:3823} INFO - Setting next_dagrun for dataset_produces_1 to 2026-06-06 00:00:00+00:00, run_after=2026-06-07 00:00:00+00:00
[2026-06-06T20:48:28.715-0400] {logging_mixin.py:188} INFO - [2026-06-06T20:48:28.715-0400] {dag.py:3823} INFO - Setting next_dagrun for dataset_produces_2 to None, run_after=None
[2026-06-06T20:48:28.726-0400] {processor.py:183} INFO - Processing /Users/nitishbhattad/anaconda3/envs/flight-pipeline/lib/python3.11/site-packages/airflow/example_dags/example_datasets.py took 0.095 seconds
[2026-06-06T20:50:27.444-0400] {processor.py:161} INFO - Started process (PID=66569) to work on /Users/nitishbhattad/anaconda3/envs/flight-pipeline/lib/python3.11/site-packages/airflow/example_dags/example_datasets.py
[2026-06-06T20:50:27.445-0400] {processor.py:830} INFO - Processing file /Users/nitishbhattad/anaconda3/envs/flight-pipeline/lib/python3.11/site-packages/airflow/example_dags/example_datasets.py for tasks to queue
[2026-06-06T20:50:27.448-0400] {logging_mixin.py:188} INFO - [2026-06-06T20:50:27.447-0400] {dagbag.py:538} INFO - Filling up the DagBag from /Users/nitishbhattad/anaconda3/envs/flight-pipeline/lib/python3.11/site-packages/airflow/example_dags/example_datasets.py
[2026-06-06T20:50:27.460-0400] {processor.py:840} INFO - DAG(s) 'dataset_consumes_1_never_scheduled', 'dataset_produces_1', 'dataset_consumes_1', 'dataset_consumes_1_and_2', 'dataset_produces_2', 'dataset_consumes_unknown_never_scheduled' retrieved from /Users/nitishbhattad/anaconda3/envs/flight-pipeline/lib/python3.11/site-packages/airflow/example_dags/example_datasets.py
[2026-06-06T20:50:27.576-0400] {logging_mixin.py:188} INFO - [2026-06-06T20:50:27.576-0400] {dag.py:3036} INFO - Sync 6 DAGs
[2026-06-06T20:50:27.583-0400] {logging_mixin.py:188} INFO - [2026-06-06T20:50:27.583-0400] {dag.py:3823} INFO - Setting next_dagrun for dataset_consumes_1 to None, run_after=None
[2026-06-06T20:50:27.584-0400] {logging_mixin.py:188} INFO - [2026-06-06T20:50:27.584-0400] {dag.py:3823} INFO - Setting next_dagrun for dataset_consumes_1_and_2 to None, run_after=None
[2026-06-06T20:50:27.585-0400] {logging_mixin.py:188} INFO - [2026-06-06T20:50:27.585-0400] {dag.py:3823} INFO - Setting next_dagrun for dataset_consumes_1_never_scheduled to None, run_after=None
[2026-06-06T20:50:27.585-0400] {logging_mixin.py:188} INFO - [2026-06-06T20:50:27.585-0400] {dag.py:3823} INFO - Setting next_dagrun for dataset_consumes_unknown_never_scheduled to None, run_after=None
[2026-06-06T20:50:27.586-0400] {logging_mixin.py:188} INFO - [2026-06-06T20:50:27.586-0400] {dag.py:3823} INFO - Setting next_dagrun for dataset_produces_1 to 2026-06-06 00:00:00+00:00, run_after=2026-06-07 00:00:00+00:00
[2026-06-06T20:50:27.586-0400] {logging_mixin.py:188} INFO - [2026-06-06T20:50:27.586-0400] {dag.py:3823} INFO - Setting next_dagrun for dataset_produces_2 to None, run_after=None
[2026-06-06T20:50:27.597-0400] {processor.py:183} INFO - Processing /Users/nitishbhattad/anaconda3/envs/flight-pipeline/lib/python3.11/site-packages/airflow/example_dags/example_datasets.py took 0.154 seconds
