[2026-06-06T20:19:11.063-0400] {processor.py:161} INFO - Started process (PID=63588) to work on /Users/nitishbhattad/anaconda3/envs/flight-pipeline/lib/python3.11/site-packages/airflow/example_dags/example_python_decorator.py
[2026-06-06T20:19:11.064-0400] {processor.py:830} INFO - Processing file /Users/nitishbhattad/anaconda3/envs/flight-pipeline/lib/python3.11/site-packages/airflow/example_dags/example_python_decorator.py for tasks to queue
[2026-06-06T20:19:11.064-0400] {logging_mixin.py:188} INFO - [2026-06-06T20:19:11.064-0400] {dagbag.py:538} INFO - Filling up the DagBag from /Users/nitishbhattad/anaconda3/envs/flight-pipeline/lib/python3.11/site-packages/airflow/example_dags/example_python_decorator.py
[2026-06-06T20:19:11.095-0400] {logging_mixin.py:188} INFO - [2026-06-06T20:19:11.095-0400] {example_python_decorator.py:79} WARNING - The virtalenv_python example task requires virtualenv, please install it.
[2026-06-06T20:19:11.108-0400] {processor.py:840} INFO - DAG(s) 'example_python_decorator' retrieved from /Users/nitishbhattad/anaconda3/envs/flight-pipeline/lib/python3.11/site-packages/airflow/example_dags/example_python_decorator.py
[2026-06-06T20:19:11.327-0400] {logging_mixin.py:188} INFO - [2026-06-06T20:19:11.325-0400] {override.py:1769} INFO - Created Permission View: can edit on DAG:example_python_decorator
[2026-06-06T20:19:11.341-0400] {logging_mixin.py:188} INFO - [2026-06-06T20:19:11.341-0400] {override.py:1769} INFO - Created Permission View: can delete on DAG:example_python_decorator
[2026-06-06T20:19:11.351-0400] {logging_mixin.py:188} INFO - [2026-06-06T20:19:11.350-0400] {override.py:1769} INFO - Created Permission View: can read on DAG:example_python_decorator
[2026-06-06T20:19:11.351-0400] {logging_mixin.py:188} INFO - [2026-06-06T20:19:11.351-0400] {dag.py:3036} INFO - Sync 1 DAGs
[2026-06-06T20:19:11.358-0400] {logging_mixin.py:188} INFO - [2026-06-06T20:19:11.358-0400] {dag.py:3058} INFO - Creating ORM DAG for example_python_decorator
[2026-06-06T20:19:11.358-0400] {logging_mixin.py:188} INFO - [2026-06-06T20:19:11.358-0400] {dag.py:3823} INFO - Setting next_dagrun for example_python_decorator to None, run_after=None
[2026-06-06T20:19:11.388-0400] {processor.py:183} INFO - Processing /Users/nitishbhattad/anaconda3/envs/flight-pipeline/lib/python3.11/site-packages/airflow/example_dags/example_python_decorator.py took 0.325 seconds
[2026-06-06T20:20:42.398-0400] {processor.py:161} INFO - Started process (PID=63724) to work on /Users/nitishbhattad/anaconda3/envs/flight-pipeline/lib/python3.11/site-packages/airflow/example_dags/example_python_decorator.py
[2026-06-06T20:20:42.399-0400] {processor.py:830} INFO - Processing file /Users/nitishbhattad/anaconda3/envs/flight-pipeline/lib/python3.11/site-packages/airflow/example_dags/example_python_decorator.py for tasks to queue
[2026-06-06T20:20:42.399-0400] {logging_mixin.py:188} INFO - [2026-06-06T20:20:42.399-0400] {dagbag.py:538} INFO - Filling up the DagBag from /Users/nitishbhattad/anaconda3/envs/flight-pipeline/lib/python3.11/site-packages/airflow/example_dags/example_python_decorator.py
[2026-06-06T20:20:42.413-0400] {logging_mixin.py:188} INFO - [2026-06-06T20:20:42.412-0400] {example_python_decorator.py:79} WARNING - The virtalenv_python example task requires virtualenv, please install it.
[2026-06-06T20:20:42.413-0400] {processor.py:840} INFO - DAG(s) 'example_python_decorator' retrieved from /Users/nitishbhattad/anaconda3/envs/flight-pipeline/lib/python3.11/site-packages/airflow/example_dags/example_python_decorator.py
[2026-06-06T20:20:42.471-0400] {logging_mixin.py:188} INFO - [2026-06-06T20:20:42.471-0400] {dag.py:3036} INFO - Sync 1 DAGs
[2026-06-06T20:20:42.474-0400] {logging_mixin.py:188} INFO - [2026-06-06T20:20:42.474-0400] {dag.py:3823} INFO - Setting next_dagrun for example_python_decorator to None, run_after=None
[2026-06-06T20:20:42.481-0400] {processor.py:183} INFO - Processing /Users/nitishbhattad/anaconda3/envs/flight-pipeline/lib/python3.11/site-packages/airflow/example_dags/example_python_decorator.py took 0.084 seconds
[2026-06-06T20:24:00.168-0400] {processor.py:161} INFO - Started process (PID=64052) to work on /Users/nitishbhattad/anaconda3/envs/flight-pipeline/lib/python3.11/site-packages/airflow/example_dags/example_python_decorator.py
[2026-06-06T20:24:00.169-0400] {processor.py:830} INFO - Processing file /Users/nitishbhattad/anaconda3/envs/flight-pipeline/lib/python3.11/site-packages/airflow/example_dags/example_python_decorator.py for tasks to queue
[2026-06-06T20:24:00.170-0400] {logging_mixin.py:188} INFO - [2026-06-06T20:24:00.169-0400] {dagbag.py:538} INFO - Filling up the DagBag from /Users/nitishbhattad/anaconda3/envs/flight-pipeline/lib/python3.11/site-packages/airflow/example_dags/example_python_decorator.py
[2026-06-06T20:24:00.188-0400] {logging_mixin.py:188} INFO - [2026-06-06T20:24:00.188-0400] {example_python_decorator.py:79} WARNING - The virtalenv_python example task requires virtualenv, please install it.
[2026-06-06T20:24:00.190-0400] {processor.py:840} INFO - DAG(s) 'example_python_decorator' retrieved from /Users/nitishbhattad/anaconda3/envs/flight-pipeline/lib/python3.11/site-packages/airflow/example_dags/example_python_decorator.py
[2026-06-06T20:24:00.260-0400] {logging_mixin.py:188} INFO - [2026-06-06T20:24:00.260-0400] {dag.py:3036} INFO - Sync 1 DAGs
[2026-06-06T20:24:00.263-0400] {logging_mixin.py:188} INFO - [2026-06-06T20:24:00.263-0400] {dag.py:3823} INFO - Setting next_dagrun for example_python_decorator to None, run_after=None
[2026-06-06T20:24:00.276-0400] {processor.py:183} INFO - Processing /Users/nitishbhattad/anaconda3/envs/flight-pipeline/lib/python3.11/site-packages/airflow/example_dags/example_python_decorator.py took 0.108 seconds
[2026-06-06T20:26:13.003-0400] {processor.py:161} INFO - Started process (PID=64276) to work on /Users/nitishbhattad/anaconda3/envs/flight-pipeline/lib/python3.11/site-packages/airflow/example_dags/example_python_decorator.py
[2026-06-06T20:26:13.004-0400] {processor.py:830} INFO - Processing file /Users/nitishbhattad/anaconda3/envs/flight-pipeline/lib/python3.11/site-packages/airflow/example_dags/example_python_decorator.py for tasks to queue
[2026-06-06T20:26:13.004-0400] {logging_mixin.py:188} INFO - [2026-06-06T20:26:13.004-0400] {dagbag.py:538} INFO - Filling up the DagBag from /Users/nitishbhattad/anaconda3/envs/flight-pipeline/lib/python3.11/site-packages/airflow/example_dags/example_python_decorator.py
[2026-06-06T20:26:13.019-0400] {logging_mixin.py:188} INFO - [2026-06-06T20:26:13.019-0400] {example_python_decorator.py:79} WARNING - The virtalenv_python example task requires virtualenv, please install it.
[2026-06-06T20:26:13.020-0400] {processor.py:840} INFO - DAG(s) 'example_python_decorator' retrieved from /Users/nitishbhattad/anaconda3/envs/flight-pipeline/lib/python3.11/site-packages/airflow/example_dags/example_python_decorator.py
[2026-06-06T20:26:13.086-0400] {logging_mixin.py:188} INFO - [2026-06-06T20:26:13.086-0400] {dag.py:3036} INFO - Sync 1 DAGs
[2026-06-06T20:26:13.090-0400] {logging_mixin.py:188} INFO - [2026-06-06T20:26:13.090-0400] {dag.py:3823} INFO - Setting next_dagrun for example_python_decorator to None, run_after=None
[2026-06-06T20:26:13.098-0400] {processor.py:183} INFO - Processing /Users/nitishbhattad/anaconda3/envs/flight-pipeline/lib/python3.11/site-packages/airflow/example_dags/example_python_decorator.py took 0.097 seconds
[2026-06-06T20:28:21.811-0400] {processor.py:161} INFO - Started process (PID=64486) to work on /Users/nitishbhattad/anaconda3/envs/flight-pipeline/lib/python3.11/site-packages/airflow/example_dags/example_python_decorator.py
[2026-06-06T20:28:21.813-0400] {processor.py:830} INFO - Processing file /Users/nitishbhattad/anaconda3/envs/flight-pipeline/lib/python3.11/site-packages/airflow/example_dags/example_python_decorator.py for tasks to queue
[2026-06-06T20:28:21.813-0400] {logging_mixin.py:188} INFO - [2026-06-06T20:28:21.813-0400] {dagbag.py:538} INFO - Filling up the DagBag from /Users/nitishbhattad/anaconda3/envs/flight-pipeline/lib/python3.11/site-packages/airflow/example_dags/example_python_decorator.py
[2026-06-06T20:28:21.827-0400] {logging_mixin.py:188} INFO - [2026-06-06T20:28:21.827-0400] {example_python_decorator.py:79} WARNING - The virtalenv_python example task requires virtualenv, please install it.
[2026-06-06T20:28:21.828-0400] {processor.py:840} INFO - DAG(s) 'example_python_decorator' retrieved from /Users/nitishbhattad/anaconda3/envs/flight-pipeline/lib/python3.11/site-packages/airflow/example_dags/example_python_decorator.py
[2026-06-06T20:28:21.891-0400] {logging_mixin.py:188} INFO - [2026-06-06T20:28:21.891-0400] {dag.py:3036} INFO - Sync 1 DAGs
[2026-06-06T20:28:21.894-0400] {logging_mixin.py:188} INFO - [2026-06-06T20:28:21.894-0400] {dag.py:3823} INFO - Setting next_dagrun for example_python_decorator to None, run_after=None
[2026-06-06T20:28:21.902-0400] {processor.py:183} INFO - Processing /Users/nitishbhattad/anaconda3/envs/flight-pipeline/lib/python3.11/site-packages/airflow/example_dags/example_python_decorator.py took 0.091 seconds
[2026-06-06T20:30:19.586-0400] {processor.py:161} INFO - Started process (PID=64663) to work on /Users/nitishbhattad/anaconda3/envs/flight-pipeline/lib/python3.11/site-packages/airflow/example_dags/example_python_decorator.py
[2026-06-06T20:30:19.587-0400] {processor.py:830} INFO - Processing file /Users/nitishbhattad/anaconda3/envs/flight-pipeline/lib/python3.11/site-packages/airflow/example_dags/example_python_decorator.py for tasks to queue
[2026-06-06T20:30:19.587-0400] {logging_mixin.py:188} INFO - [2026-06-06T20:30:19.587-0400] {dagbag.py:538} INFO - Filling up the DagBag from /Users/nitishbhattad/anaconda3/envs/flight-pipeline/lib/python3.11/site-packages/airflow/example_dags/example_python_decorator.py
[2026-06-06T20:30:19.604-0400] {logging_mixin.py:188} INFO - [2026-06-06T20:30:19.604-0400] {example_python_decorator.py:79} WARNING - The virtalenv_python example task requires virtualenv, please install it.
[2026-06-06T20:30:19.605-0400] {processor.py:840} INFO - DAG(s) 'example_python_decorator' retrieved from /Users/nitishbhattad/anaconda3/envs/flight-pipeline/lib/python3.11/site-packages/airflow/example_dags/example_python_decorator.py
[2026-06-06T20:30:19.750-0400] {logging_mixin.py:188} INFO - [2026-06-06T20:30:19.749-0400] {dag.py:3036} INFO - Sync 1 DAGs
[2026-06-06T20:30:19.754-0400] {logging_mixin.py:188} INFO - [2026-06-06T20:30:19.754-0400] {dag.py:3823} INFO - Setting next_dagrun for example_python_decorator to None, run_after=None
[2026-06-06T20:30:19.774-0400] {processor.py:183} INFO - Processing /Users/nitishbhattad/anaconda3/envs/flight-pipeline/lib/python3.11/site-packages/airflow/example_dags/example_python_decorator.py took 0.189 seconds
[2026-06-06T20:31:49.463-0400] {processor.py:161} INFO - Started process (PID=64798) to work on /Users/nitishbhattad/anaconda3/envs/flight-pipeline/lib/python3.11/site-packages/airflow/example_dags/example_python_decorator.py
[2026-06-06T20:31:49.464-0400] {processor.py:830} INFO - Processing file /Users/nitishbhattad/anaconda3/envs/flight-pipeline/lib/python3.11/site-packages/airflow/example_dags/example_python_decorator.py for tasks to queue
[2026-06-06T20:31:49.465-0400] {logging_mixin.py:188} INFO - [2026-06-06T20:31:49.465-0400] {dagbag.py:538} INFO - Filling up the DagBag from /Users/nitishbhattad/anaconda3/envs/flight-pipeline/lib/python3.11/site-packages/airflow/example_dags/example_python_decorator.py
[2026-06-06T20:31:49.497-0400] {logging_mixin.py:188} INFO - [2026-06-06T20:31:49.497-0400] {example_python_decorator.py:79} WARNING - The virtalenv_python example task requires virtualenv, please install it.
[2026-06-06T20:31:49.500-0400] {processor.py:840} INFO - DAG(s) 'example_python_decorator' retrieved from /Users/nitishbhattad/anaconda3/envs/flight-pipeline/lib/python3.11/site-packages/airflow/example_dags/example_python_decorator.py
[2026-06-06T20:31:49.657-0400] {logging_mixin.py:188} INFO - [2026-06-06T20:31:49.656-0400] {dag.py:3036} INFO - Sync 1 DAGs
[2026-06-06T20:31:49.662-0400] {logging_mixin.py:188} INFO - [2026-06-06T20:31:49.662-0400] {dag.py:3823} INFO - Setting next_dagrun for example_python_decorator to None, run_after=None
[2026-06-06T20:31:49.683-0400] {processor.py:183} INFO - Processing /Users/nitishbhattad/anaconda3/envs/flight-pipeline/lib/python3.11/site-packages/airflow/example_dags/example_python_decorator.py took 0.221 seconds
[2026-06-06T20:33:53.528-0400] {processor.py:161} INFO - Started process (PID=64976) to work on /Users/nitishbhattad/anaconda3/envs/flight-pipeline/lib/python3.11/site-packages/airflow/example_dags/example_python_decorator.py
[2026-06-06T20:33:53.529-0400] {processor.py:830} INFO - Processing file /Users/nitishbhattad/anaconda3/envs/flight-pipeline/lib/python3.11/site-packages/airflow/example_dags/example_python_decorator.py for tasks to queue
[2026-06-06T20:33:53.530-0400] {logging_mixin.py:188} INFO - [2026-06-06T20:33:53.529-0400] {dagbag.py:538} INFO - Filling up the DagBag from /Users/nitishbhattad/anaconda3/envs/flight-pipeline/lib/python3.11/site-packages/airflow/example_dags/example_python_decorator.py
[2026-06-06T20:33:53.543-0400] {logging_mixin.py:188} INFO - [2026-06-06T20:33:53.543-0400] {example_python_decorator.py:79} WARNING - The virtalenv_python example task requires virtualenv, please install it.
[2026-06-06T20:33:53.544-0400] {processor.py:840} INFO - DAG(s) 'example_python_decorator' retrieved from /Users/nitishbhattad/anaconda3/envs/flight-pipeline/lib/python3.11/site-packages/airflow/example_dags/example_python_decorator.py
[2026-06-06T20:33:53.612-0400] {logging_mixin.py:188} INFO - [2026-06-06T20:33:53.612-0400] {dag.py:3036} INFO - Sync 1 DAGs
[2026-06-06T20:33:53.615-0400] {logging_mixin.py:188} INFO - [2026-06-06T20:33:53.615-0400] {dag.py:3823} INFO - Setting next_dagrun for example_python_decorator to None, run_after=None
[2026-06-06T20:33:53.622-0400] {processor.py:183} INFO - Processing /Users/nitishbhattad/anaconda3/envs/flight-pipeline/lib/python3.11/site-packages/airflow/example_dags/example_python_decorator.py took 0.095 seconds
[2026-06-06T20:35:51.179-0400] {processor.py:161} INFO - Started process (PID=65159) to work on /Users/nitishbhattad/anaconda3/envs/flight-pipeline/lib/python3.11/site-packages/airflow/example_dags/example_python_decorator.py
[2026-06-06T20:35:51.180-0400] {processor.py:830} INFO - Processing file /Users/nitishbhattad/anaconda3/envs/flight-pipeline/lib/python3.11/site-packages/airflow/example_dags/example_python_decorator.py for tasks to queue
[2026-06-06T20:35:51.180-0400] {logging_mixin.py:188} INFO - [2026-06-06T20:35:51.180-0400] {dagbag.py:538} INFO - Filling up the DagBag from /Users/nitishbhattad/anaconda3/envs/flight-pipeline/lib/python3.11/site-packages/airflow/example_dags/example_python_decorator.py
[2026-06-06T20:35:51.193-0400] {logging_mixin.py:188} INFO - [2026-06-06T20:35:51.193-0400] {example_python_decorator.py:79} WARNING - The virtalenv_python example task requires virtualenv, please install it.
[2026-06-06T20:35:51.194-0400] {processor.py:840} INFO - DAG(s) 'example_python_decorator' retrieved from /Users/nitishbhattad/anaconda3/envs/flight-pipeline/lib/python3.11/site-packages/airflow/example_dags/example_python_decorator.py
[2026-06-06T20:35:51.251-0400] {logging_mixin.py:188} INFO - [2026-06-06T20:35:51.251-0400] {dag.py:3036} INFO - Sync 1 DAGs
[2026-06-06T20:35:51.254-0400] {logging_mixin.py:188} INFO - [2026-06-06T20:35:51.254-0400] {dag.py:3823} INFO - Setting next_dagrun for example_python_decorator to None, run_after=None
[2026-06-06T20:35:51.261-0400] {processor.py:183} INFO - Processing /Users/nitishbhattad/anaconda3/envs/flight-pipeline/lib/python3.11/site-packages/airflow/example_dags/example_python_decorator.py took 0.083 seconds
[2026-06-06T20:38:03.140-0400] {processor.py:161} INFO - Started process (PID=65359) to work on /Users/nitishbhattad/anaconda3/envs/flight-pipeline/lib/python3.11/site-packages/airflow/example_dags/example_python_decorator.py
[2026-06-06T20:38:03.140-0400] {processor.py:830} INFO - Processing file /Users/nitishbhattad/anaconda3/envs/flight-pipeline/lib/python3.11/site-packages/airflow/example_dags/example_python_decorator.py for tasks to queue
[2026-06-06T20:38:03.141-0400] {logging_mixin.py:188} INFO - [2026-06-06T20:38:03.141-0400] {dagbag.py:538} INFO - Filling up the DagBag from /Users/nitishbhattad/anaconda3/envs/flight-pipeline/lib/python3.11/site-packages/airflow/example_dags/example_python_decorator.py
[2026-06-06T20:38:03.158-0400] {logging_mixin.py:188} INFO - [2026-06-06T20:38:03.158-0400] {example_python_decorator.py:79} WARNING - The virtalenv_python example task requires virtualenv, please install it.
[2026-06-06T20:38:03.159-0400] {processor.py:840} INFO - DAG(s) 'example_python_decorator' retrieved from /Users/nitishbhattad/anaconda3/envs/flight-pipeline/lib/python3.11/site-packages/airflow/example_dags/example_python_decorator.py
[2026-06-06T20:38:03.222-0400] {logging_mixin.py:188} INFO - [2026-06-06T20:38:03.221-0400] {dag.py:3036} INFO - Sync 1 DAGs
[2026-06-06T20:38:03.225-0400] {logging_mixin.py:188} INFO - [2026-06-06T20:38:03.225-0400] {dag.py:3823} INFO - Setting next_dagrun for example_python_decorator to None, run_after=None
[2026-06-06T20:38:03.233-0400] {processor.py:183} INFO - Processing /Users/nitishbhattad/anaconda3/envs/flight-pipeline/lib/python3.11/site-packages/airflow/example_dags/example_python_decorator.py took 0.093 seconds
[2026-06-06T20:40:08.450-0400] {processor.py:161} INFO - Started process (PID=65569) to work on /Users/nitishbhattad/anaconda3/envs/flight-pipeline/lib/python3.11/site-packages/airflow/example_dags/example_python_decorator.py
[2026-06-06T20:40:08.451-0400] {processor.py:830} INFO - Processing file /Users/nitishbhattad/anaconda3/envs/flight-pipeline/lib/python3.11/site-packages/airflow/example_dags/example_python_decorator.py for tasks to queue
[2026-06-06T20:40:08.451-0400] {logging_mixin.py:188} INFO - [2026-06-06T20:40:08.451-0400] {dagbag.py:538} INFO - Filling up the DagBag from /Users/nitishbhattad/anaconda3/envs/flight-pipeline/lib/python3.11/site-packages/airflow/example_dags/example_python_decorator.py
[2026-06-06T20:40:08.467-0400] {logging_mixin.py:188} INFO - [2026-06-06T20:40:08.466-0400] {example_python_decorator.py:79} WARNING - The virtalenv_python example task requires virtualenv, please install it.
[2026-06-06T20:40:08.467-0400] {processor.py:840} INFO - DAG(s) 'example_python_decorator' retrieved from /Users/nitishbhattad/anaconda3/envs/flight-pipeline/lib/python3.11/site-packages/airflow/example_dags/example_python_decorator.py
[2026-06-06T20:40:08.536-0400] {logging_mixin.py:188} INFO - [2026-06-06T20:40:08.536-0400] {dag.py:3036} INFO - Sync 1 DAGs
[2026-06-06T20:40:08.540-0400] {logging_mixin.py:188} INFO - [2026-06-06T20:40:08.540-0400] {dag.py:3823} INFO - Setting next_dagrun for example_python_decorator to None, run_after=None
[2026-06-06T20:40:08.547-0400] {processor.py:183} INFO - Processing /Users/nitishbhattad/anaconda3/envs/flight-pipeline/lib/python3.11/site-packages/airflow/example_dags/example_python_decorator.py took 0.098 seconds
[2026-06-06T20:42:15.767-0400] {processor.py:161} INFO - Started process (PID=65793) to work on /Users/nitishbhattad/anaconda3/envs/flight-pipeline/lib/python3.11/site-packages/airflow/example_dags/example_python_decorator.py
[2026-06-06T20:42:15.770-0400] {processor.py:830} INFO - Processing file /Users/nitishbhattad/anaconda3/envs/flight-pipeline/lib/python3.11/site-packages/airflow/example_dags/example_python_decorator.py for tasks to queue
[2026-06-06T20:42:15.770-0400] {logging_mixin.py:188} INFO - [2026-06-06T20:42:15.770-0400] {dagbag.py:538} INFO - Filling up the DagBag from /Users/nitishbhattad/anaconda3/envs/flight-pipeline/lib/python3.11/site-packages/airflow/example_dags/example_python_decorator.py
[2026-06-06T20:42:15.792-0400] {logging_mixin.py:188} INFO - [2026-06-06T20:42:15.792-0400] {example_python_decorator.py:79} WARNING - The virtalenv_python example task requires virtualenv, please install it.
[2026-06-06T20:42:15.793-0400] {processor.py:840} INFO - DAG(s) 'example_python_decorator' retrieved from /Users/nitishbhattad/anaconda3/envs/flight-pipeline/lib/python3.11/site-packages/airflow/example_dags/example_python_decorator.py
[2026-06-06T20:42:15.874-0400] {logging_mixin.py:188} INFO - [2026-06-06T20:42:15.874-0400] {dag.py:3036} INFO - Sync 1 DAGs
[2026-06-06T20:42:15.878-0400] {logging_mixin.py:188} INFO - [2026-06-06T20:42:15.878-0400] {dag.py:3823} INFO - Setting next_dagrun for example_python_decorator to None, run_after=None
[2026-06-06T20:42:15.888-0400] {processor.py:183} INFO - Processing /Users/nitishbhattad/anaconda3/envs/flight-pipeline/lib/python3.11/site-packages/airflow/example_dags/example_python_decorator.py took 0.121 seconds
[2026-06-06T20:44:19.351-0400] {processor.py:161} INFO - Started process (PID=65979) to work on /Users/nitishbhattad/anaconda3/envs/flight-pipeline/lib/python3.11/site-packages/airflow/example_dags/example_python_decorator.py
[2026-06-06T20:44:19.352-0400] {processor.py:830} INFO - Processing file /Users/nitishbhattad/anaconda3/envs/flight-pipeline/lib/python3.11/site-packages/airflow/example_dags/example_python_decorator.py for tasks to queue
[2026-06-06T20:44:19.352-0400] {logging_mixin.py:188} INFO - [2026-06-06T20:44:19.352-0400] {dagbag.py:538} INFO - Filling up the DagBag from /Users/nitishbhattad/anaconda3/envs/flight-pipeline/lib/python3.11/site-packages/airflow/example_dags/example_python_decorator.py
[2026-06-06T20:44:19.376-0400] {logging_mixin.py:188} INFO - [2026-06-06T20:44:19.376-0400] {example_python_decorator.py:79} WARNING - The virtalenv_python example task requires virtualenv, please install it.
[2026-06-06T20:44:19.378-0400] {processor.py:840} INFO - DAG(s) 'example_python_decorator' retrieved from /Users/nitishbhattad/anaconda3/envs/flight-pipeline/lib/python3.11/site-packages/airflow/example_dags/example_python_decorator.py
[2026-06-06T20:44:19.459-0400] {logging_mixin.py:188} INFO - [2026-06-06T20:44:19.459-0400] {dag.py:3036} INFO - Sync 1 DAGs
[2026-06-06T20:44:19.464-0400] {logging_mixin.py:188} INFO - [2026-06-06T20:44:19.464-0400] {dag.py:3823} INFO - Setting next_dagrun for example_python_decorator to None, run_after=None
[2026-06-06T20:44:19.476-0400] {processor.py:183} INFO - Processing /Users/nitishbhattad/anaconda3/envs/flight-pipeline/lib/python3.11/site-packages/airflow/example_dags/example_python_decorator.py took 0.127 seconds
[2026-06-06T20:46:23.998-0400] {processor.py:161} INFO - Started process (PID=66165) to work on /Users/nitishbhattad/anaconda3/envs/flight-pipeline/lib/python3.11/site-packages/airflow/example_dags/example_python_decorator.py
[2026-06-06T20:46:23.999-0400] {processor.py:830} INFO - Processing file /Users/nitishbhattad/anaconda3/envs/flight-pipeline/lib/python3.11/site-packages/airflow/example_dags/example_python_decorator.py for tasks to queue
[2026-06-06T20:46:23.999-0400] {logging_mixin.py:188} INFO - [2026-06-06T20:46:23.999-0400] {dagbag.py:538} INFO - Filling up the DagBag from /Users/nitishbhattad/anaconda3/envs/flight-pipeline/lib/python3.11/site-packages/airflow/example_dags/example_python_decorator.py
[2026-06-06T20:46:24.013-0400] {logging_mixin.py:188} INFO - [2026-06-06T20:46:24.013-0400] {example_python_decorator.py:79} WARNING - The virtalenv_python example task requires virtualenv, please install it.
[2026-06-06T20:46:24.014-0400] {processor.py:840} INFO - DAG(s) 'example_python_decorator' retrieved from /Users/nitishbhattad/anaconda3/envs/flight-pipeline/lib/python3.11/site-packages/airflow/example_dags/example_python_decorator.py
[2026-06-06T20:46:24.070-0400] {logging_mixin.py:188} INFO - [2026-06-06T20:46:24.070-0400] {dag.py:3036} INFO - Sync 1 DAGs
[2026-06-06T20:46:24.073-0400] {logging_mixin.py:188} INFO - [2026-06-06T20:46:24.073-0400] {dag.py:3823} INFO - Setting next_dagrun for example_python_decorator to None, run_after=None
[2026-06-06T20:46:24.081-0400] {processor.py:183} INFO - Processing /Users/nitishbhattad/anaconda3/envs/flight-pipeline/lib/python3.11/site-packages/airflow/example_dags/example_python_decorator.py took 0.084 seconds
[2026-06-06T20:48:27.102-0400] {processor.py:161} INFO - Started process (PID=66375) to work on /Users/nitishbhattad/anaconda3/envs/flight-pipeline/lib/python3.11/site-packages/airflow/example_dags/example_python_decorator.py
[2026-06-06T20:48:27.103-0400] {processor.py:830} INFO - Processing file /Users/nitishbhattad/anaconda3/envs/flight-pipeline/lib/python3.11/site-packages/airflow/example_dags/example_python_decorator.py for tasks to queue
[2026-06-06T20:48:27.104-0400] {logging_mixin.py:188} INFO - [2026-06-06T20:48:27.103-0400] {dagbag.py:538} INFO - Filling up the DagBag from /Users/nitishbhattad/anaconda3/envs/flight-pipeline/lib/python3.11/site-packages/airflow/example_dags/example_python_decorator.py
[2026-06-06T20:48:27.117-0400] {logging_mixin.py:188} INFO - [2026-06-06T20:48:27.117-0400] {example_python_decorator.py:79} WARNING - The virtalenv_python example task requires virtualenv, please install it.
[2026-06-06T20:48:27.118-0400] {processor.py:840} INFO - DAG(s) 'example_python_decorator' retrieved from /Users/nitishbhattad/anaconda3/envs/flight-pipeline/lib/python3.11/site-packages/airflow/example_dags/example_python_decorator.py
[2026-06-06T20:48:27.183-0400] {logging_mixin.py:188} INFO - [2026-06-06T20:48:27.183-0400] {dag.py:3036} INFO - Sync 1 DAGs
[2026-06-06T20:48:27.187-0400] {logging_mixin.py:188} INFO - [2026-06-06T20:48:27.187-0400] {dag.py:3823} INFO - Setting next_dagrun for example_python_decorator to None, run_after=None
[2026-06-06T20:48:27.196-0400] {processor.py:183} INFO - Processing /Users/nitishbhattad/anaconda3/envs/flight-pipeline/lib/python3.11/site-packages/airflow/example_dags/example_python_decorator.py took 0.095 seconds
[2026-06-06T20:50:25.136-0400] {processor.py:161} INFO - Started process (PID=66565) to work on /Users/nitishbhattad/anaconda3/envs/flight-pipeline/lib/python3.11/site-packages/airflow/example_dags/example_python_decorator.py
[2026-06-06T20:50:25.138-0400] {processor.py:830} INFO - Processing file /Users/nitishbhattad/anaconda3/envs/flight-pipeline/lib/python3.11/site-packages/airflow/example_dags/example_python_decorator.py for tasks to queue
[2026-06-06T20:50:25.139-0400] {logging_mixin.py:188} INFO - [2026-06-06T20:50:25.139-0400] {dagbag.py:538} INFO - Filling up the DagBag from /Users/nitishbhattad/anaconda3/envs/flight-pipeline/lib/python3.11/site-packages/airflow/example_dags/example_python_decorator.py
[2026-06-06T20:50:25.158-0400] {logging_mixin.py:188} INFO - [2026-06-06T20:50:25.158-0400] {example_python_decorator.py:79} WARNING - The virtalenv_python example task requires virtualenv, please install it.
[2026-06-06T20:50:25.159-0400] {processor.py:840} INFO - DAG(s) 'example_python_decorator' retrieved from /Users/nitishbhattad/anaconda3/envs/flight-pipeline/lib/python3.11/site-packages/airflow/example_dags/example_python_decorator.py
[2026-06-06T20:50:25.234-0400] {logging_mixin.py:188} INFO - [2026-06-06T20:50:25.234-0400] {dag.py:3036} INFO - Sync 1 DAGs
[2026-06-06T20:50:25.237-0400] {logging_mixin.py:188} INFO - [2026-06-06T20:50:25.237-0400] {dag.py:3823} INFO - Setting next_dagrun for example_python_decorator to None, run_after=None
[2026-06-06T20:50:25.245-0400] {processor.py:183} INFO - Processing /Users/nitishbhattad/anaconda3/envs/flight-pipeline/lib/python3.11/site-packages/airflow/example_dags/example_python_decorator.py took 0.109 seconds
