[2026-06-06T20:19:36.334-0400] {processor.py:161} INFO - Started process (PID=63631) to work on /Users/nitishbhattad/anaconda3/envs/flight-pipeline/lib/python3.11/site-packages/airflow/example_dags/example_dag_decorator.py
[2026-06-06T20:19:36.337-0400] {processor.py:830} INFO - Processing file /Users/nitishbhattad/anaconda3/envs/flight-pipeline/lib/python3.11/site-packages/airflow/example_dags/example_dag_decorator.py for tasks to queue
[2026-06-06T20:19:36.338-0400] {logging_mixin.py:188} INFO - [2026-06-06T20:19:36.338-0400] {dagbag.py:538} INFO - Filling up the DagBag from /Users/nitishbhattad/anaconda3/envs/flight-pipeline/lib/python3.11/site-packages/airflow/example_dags/example_dag_decorator.py
[2026-06-06T20:19:36.532-0400] {processor.py:840} INFO - DAG(s) 'example_dag_decorator' retrieved from /Users/nitishbhattad/anaconda3/envs/flight-pipeline/lib/python3.11/site-packages/airflow/example_dags/example_dag_decorator.py
[2026-06-06T20:19:36.607-0400] {logging_mixin.py:188} INFO - [2026-06-06T20:19:36.607-0400] {override.py:1769} INFO - Created Permission View: can read on DAG:example_dag_decorator
[2026-06-06T20:19:36.610-0400] {logging_mixin.py:188} INFO - [2026-06-06T20:19:36.610-0400] {override.py:1769} INFO - Created Permission View: can edit on DAG:example_dag_decorator
[2026-06-06T20:19:36.613-0400] {logging_mixin.py:188} INFO - [2026-06-06T20:19:36.613-0400] {override.py:1769} INFO - Created Permission View: can delete on DAG:example_dag_decorator
[2026-06-06T20:19:36.613-0400] {logging_mixin.py:188} INFO - [2026-06-06T20:19:36.613-0400] {dag.py:3036} INFO - Sync 1 DAGs
[2026-06-06T20:19:36.618-0400] {logging_mixin.py:188} INFO - [2026-06-06T20:19:36.617-0400] {dag.py:3058} INFO - Creating ORM DAG for example_dag_decorator
[2026-06-06T20:19:36.618-0400] {logging_mixin.py:188} INFO - [2026-06-06T20:19:36.618-0400] {dag.py:3823} INFO - Setting next_dagrun for example_dag_decorator to None, run_after=None
[2026-06-06T20:19:36.625-0400] {processor.py:183} INFO - Processing /Users/nitishbhattad/anaconda3/envs/flight-pipeline/lib/python3.11/site-packages/airflow/example_dags/example_dag_decorator.py took 0.293 seconds
[2026-06-06T20:21:41.273-0400] {processor.py:161} INFO - Started process (PID=63813) to work on /Users/nitishbhattad/anaconda3/envs/flight-pipeline/lib/python3.11/site-packages/airflow/example_dags/example_dag_decorator.py
[2026-06-06T20:21:41.276-0400] {processor.py:830} INFO - Processing file /Users/nitishbhattad/anaconda3/envs/flight-pipeline/lib/python3.11/site-packages/airflow/example_dags/example_dag_decorator.py for tasks to queue
[2026-06-06T20:21:41.276-0400] {logging_mixin.py:188} INFO - [2026-06-06T20:21:41.276-0400] {dagbag.py:538} INFO - Filling up the DagBag from /Users/nitishbhattad/anaconda3/envs/flight-pipeline/lib/python3.11/site-packages/airflow/example_dags/example_dag_decorator.py
[2026-06-06T20:21:41.473-0400] {processor.py:840} INFO - DAG(s) 'example_dag_decorator' retrieved from /Users/nitishbhattad/anaconda3/envs/flight-pipeline/lib/python3.11/site-packages/airflow/example_dags/example_dag_decorator.py
[2026-06-06T20:21:41.560-0400] {logging_mixin.py:188} INFO - [2026-06-06T20:21:41.560-0400] {dag.py:3036} INFO - Sync 1 DAGs
[2026-06-06T20:21:41.564-0400] {logging_mixin.py:188} INFO - [2026-06-06T20:21:41.564-0400] {dag.py:3823} INFO - Setting next_dagrun for example_dag_decorator to None, run_after=None
[2026-06-06T20:21:41.572-0400] {processor.py:183} INFO - Processing /Users/nitishbhattad/anaconda3/envs/flight-pipeline/lib/python3.11/site-packages/airflow/example_dags/example_dag_decorator.py took 0.300 seconds
[2026-06-06T20:25:08.489-0400] {processor.py:161} INFO - Started process (PID=64173) to work on /Users/nitishbhattad/anaconda3/envs/flight-pipeline/lib/python3.11/site-packages/airflow/example_dags/example_dag_decorator.py
[2026-06-06T20:25:08.490-0400] {processor.py:830} INFO - Processing file /Users/nitishbhattad/anaconda3/envs/flight-pipeline/lib/python3.11/site-packages/airflow/example_dags/example_dag_decorator.py for tasks to queue
[2026-06-06T20:25:08.490-0400] {logging_mixin.py:188} INFO - [2026-06-06T20:25:08.490-0400] {dagbag.py:538} INFO - Filling up the DagBag from /Users/nitishbhattad/anaconda3/envs/flight-pipeline/lib/python3.11/site-packages/airflow/example_dags/example_dag_decorator.py
[2026-06-06T20:25:08.636-0400] {processor.py:840} INFO - DAG(s) 'example_dag_decorator' retrieved from /Users/nitishbhattad/anaconda3/envs/flight-pipeline/lib/python3.11/site-packages/airflow/example_dags/example_dag_decorator.py
[2026-06-06T20:25:08.716-0400] {logging_mixin.py:188} INFO - [2026-06-06T20:25:08.716-0400] {dag.py:3036} INFO - Sync 1 DAGs
[2026-06-06T20:25:08.720-0400] {logging_mixin.py:188} INFO - [2026-06-06T20:25:08.720-0400] {dag.py:3823} INFO - Setting next_dagrun for example_dag_decorator to None, run_after=None
[2026-06-06T20:25:08.729-0400] {processor.py:183} INFO - Processing /Users/nitishbhattad/anaconda3/envs/flight-pipeline/lib/python3.11/site-packages/airflow/example_dags/example_dag_decorator.py took 0.241 seconds
[2026-06-06T20:27:21.949-0400] {processor.py:161} INFO - Started process (PID=64395) to work on /Users/nitishbhattad/anaconda3/envs/flight-pipeline/lib/python3.11/site-packages/airflow/example_dags/example_dag_decorator.py
[2026-06-06T20:27:21.950-0400] {processor.py:830} INFO - Processing file /Users/nitishbhattad/anaconda3/envs/flight-pipeline/lib/python3.11/site-packages/airflow/example_dags/example_dag_decorator.py for tasks to queue
[2026-06-06T20:27:21.951-0400] {logging_mixin.py:188} INFO - [2026-06-06T20:27:21.951-0400] {dagbag.py:538} INFO - Filling up the DagBag from /Users/nitishbhattad/anaconda3/envs/flight-pipeline/lib/python3.11/site-packages/airflow/example_dags/example_dag_decorator.py
[2026-06-06T20:27:22.078-0400] {processor.py:840} INFO - DAG(s) 'example_dag_decorator' retrieved from /Users/nitishbhattad/anaconda3/envs/flight-pipeline/lib/python3.11/site-packages/airflow/example_dags/example_dag_decorator.py
[2026-06-06T20:27:22.152-0400] {logging_mixin.py:188} INFO - [2026-06-06T20:27:22.152-0400] {dag.py:3036} INFO - Sync 1 DAGs
[2026-06-06T20:27:22.155-0400] {logging_mixin.py:188} INFO - [2026-06-06T20:27:22.155-0400] {dag.py:3823} INFO - Setting next_dagrun for example_dag_decorator to None, run_after=None
[2026-06-06T20:27:22.163-0400] {processor.py:183} INFO - Processing /Users/nitishbhattad/anaconda3/envs/flight-pipeline/lib/python3.11/site-packages/airflow/example_dags/example_dag_decorator.py took 0.216 seconds
[2026-06-06T20:29:24.301-0400] {processor.py:161} INFO - Started process (PID=64575) to work on /Users/nitishbhattad/anaconda3/envs/flight-pipeline/lib/python3.11/site-packages/airflow/example_dags/example_dag_decorator.py
[2026-06-06T20:29:24.303-0400] {processor.py:830} INFO - Processing file /Users/nitishbhattad/anaconda3/envs/flight-pipeline/lib/python3.11/site-packages/airflow/example_dags/example_dag_decorator.py for tasks to queue
[2026-06-06T20:29:24.303-0400] {logging_mixin.py:188} INFO - [2026-06-06T20:29:24.303-0400] {dagbag.py:538} INFO - Filling up the DagBag from /Users/nitishbhattad/anaconda3/envs/flight-pipeline/lib/python3.11/site-packages/airflow/example_dags/example_dag_decorator.py
[2026-06-06T20:29:24.422-0400] {processor.py:840} INFO - DAG(s) 'example_dag_decorator' retrieved from /Users/nitishbhattad/anaconda3/envs/flight-pipeline/lib/python3.11/site-packages/airflow/example_dags/example_dag_decorator.py
[2026-06-06T20:29:24.499-0400] {logging_mixin.py:188} INFO - [2026-06-06T20:29:24.498-0400] {dag.py:3036} INFO - Sync 1 DAGs
[2026-06-06T20:29:24.502-0400] {logging_mixin.py:188} INFO - [2026-06-06T20:29:24.502-0400] {dag.py:3823} INFO - Setting next_dagrun for example_dag_decorator to None, run_after=None
[2026-06-06T20:29:24.512-0400] {processor.py:183} INFO - Processing /Users/nitishbhattad/anaconda3/envs/flight-pipeline/lib/python3.11/site-packages/airflow/example_dags/example_dag_decorator.py took 0.213 seconds
[2026-06-06T20:31:53.633-0400] {processor.py:161} INFO - Started process (PID=64800) to work on /Users/nitishbhattad/anaconda3/envs/flight-pipeline/lib/python3.11/site-packages/airflow/example_dags/example_dag_decorator.py
[2026-06-06T20:31:53.634-0400] {processor.py:830} INFO - Processing file /Users/nitishbhattad/anaconda3/envs/flight-pipeline/lib/python3.11/site-packages/airflow/example_dags/example_dag_decorator.py for tasks to queue
[2026-06-06T20:31:53.634-0400] {logging_mixin.py:188} INFO - [2026-06-06T20:31:53.634-0400] {dagbag.py:538} INFO - Filling up the DagBag from /Users/nitishbhattad/anaconda3/envs/flight-pipeline/lib/python3.11/site-packages/airflow/example_dags/example_dag_decorator.py
[2026-06-06T20:31:53.756-0400] {processor.py:840} INFO - DAG(s) 'example_dag_decorator' retrieved from /Users/nitishbhattad/anaconda3/envs/flight-pipeline/lib/python3.11/site-packages/airflow/example_dags/example_dag_decorator.py
[2026-06-06T20:31:53.829-0400] {logging_mixin.py:188} INFO - [2026-06-06T20:31:53.829-0400] {dag.py:3036} INFO - Sync 1 DAGs
[2026-06-06T20:31:53.832-0400] {logging_mixin.py:188} INFO - [2026-06-06T20:31:53.832-0400] {dag.py:3823} INFO - Setting next_dagrun for example_dag_decorator to None, run_after=None
[2026-06-06T20:31:53.840-0400] {processor.py:183} INFO - Processing /Users/nitishbhattad/anaconda3/envs/flight-pipeline/lib/python3.11/site-packages/airflow/example_dags/example_dag_decorator.py took 0.208 seconds
[2026-06-06T20:33:57.553-0400] {processor.py:161} INFO - Started process (PID=64984) to work on /Users/nitishbhattad/anaconda3/envs/flight-pipeline/lib/python3.11/site-packages/airflow/example_dags/example_dag_decorator.py
[2026-06-06T20:33:57.556-0400] {processor.py:830} INFO - Processing file /Users/nitishbhattad/anaconda3/envs/flight-pipeline/lib/python3.11/site-packages/airflow/example_dags/example_dag_decorator.py for tasks to queue
[2026-06-06T20:33:57.556-0400] {logging_mixin.py:188} INFO - [2026-06-06T20:33:57.556-0400] {dagbag.py:538} INFO - Filling up the DagBag from /Users/nitishbhattad/anaconda3/envs/flight-pipeline/lib/python3.11/site-packages/airflow/example_dags/example_dag_decorator.py
[2026-06-06T20:33:57.681-0400] {processor.py:840} INFO - DAG(s) 'example_dag_decorator' retrieved from /Users/nitishbhattad/anaconda3/envs/flight-pipeline/lib/python3.11/site-packages/airflow/example_dags/example_dag_decorator.py
[2026-06-06T20:33:57.756-0400] {logging_mixin.py:188} INFO - [2026-06-06T20:33:57.756-0400] {dag.py:3036} INFO - Sync 1 DAGs
[2026-06-06T20:33:57.760-0400] {logging_mixin.py:188} INFO - [2026-06-06T20:33:57.760-0400] {dag.py:3823} INFO - Setting next_dagrun for example_dag_decorator to None, run_after=None
[2026-06-06T20:33:57.767-0400] {processor.py:183} INFO - Processing /Users/nitishbhattad/anaconda3/envs/flight-pipeline/lib/python3.11/site-packages/airflow/example_dags/example_dag_decorator.py took 0.216 seconds
[2026-06-06T20:35:55.576-0400] {processor.py:161} INFO - Started process (PID=65164) to work on /Users/nitishbhattad/anaconda3/envs/flight-pipeline/lib/python3.11/site-packages/airflow/example_dags/example_dag_decorator.py
[2026-06-06T20:35:55.578-0400] {processor.py:830} INFO - Processing file /Users/nitishbhattad/anaconda3/envs/flight-pipeline/lib/python3.11/site-packages/airflow/example_dags/example_dag_decorator.py for tasks to queue
[2026-06-06T20:35:55.579-0400] {logging_mixin.py:188} INFO - [2026-06-06T20:35:55.579-0400] {dagbag.py:538} INFO - Filling up the DagBag from /Users/nitishbhattad/anaconda3/envs/flight-pipeline/lib/python3.11/site-packages/airflow/example_dags/example_dag_decorator.py
[2026-06-06T20:35:55.794-0400] {processor.py:840} INFO - DAG(s) 'example_dag_decorator' retrieved from /Users/nitishbhattad/anaconda3/envs/flight-pipeline/lib/python3.11/site-packages/airflow/example_dags/example_dag_decorator.py
[2026-06-06T20:35:55.900-0400] {logging_mixin.py:188} INFO - [2026-06-06T20:35:55.900-0400] {dag.py:3036} INFO - Sync 1 DAGs
[2026-06-06T20:35:55.910-0400] {logging_mixin.py:188} INFO - [2026-06-06T20:35:55.910-0400] {dag.py:3823} INFO - Setting next_dagrun for example_dag_decorator to None, run_after=None
[2026-06-06T20:35:55.922-0400] {processor.py:183} INFO - Processing /Users/nitishbhattad/anaconda3/envs/flight-pipeline/lib/python3.11/site-packages/airflow/example_dags/example_dag_decorator.py took 0.346 seconds
[2026-06-06T20:38:06.233-0400] {processor.py:161} INFO - Started process (PID=65364) to work on /Users/nitishbhattad/anaconda3/envs/flight-pipeline/lib/python3.11/site-packages/airflow/example_dags/example_dag_decorator.py
[2026-06-06T20:38:06.234-0400] {processor.py:830} INFO - Processing file /Users/nitishbhattad/anaconda3/envs/flight-pipeline/lib/python3.11/site-packages/airflow/example_dags/example_dag_decorator.py for tasks to queue
[2026-06-06T20:38:06.234-0400] {logging_mixin.py:188} INFO - [2026-06-06T20:38:06.234-0400] {dagbag.py:538} INFO - Filling up the DagBag from /Users/nitishbhattad/anaconda3/envs/flight-pipeline/lib/python3.11/site-packages/airflow/example_dags/example_dag_decorator.py
[2026-06-06T20:38:06.374-0400] {processor.py:840} INFO - DAG(s) 'example_dag_decorator' retrieved from /Users/nitishbhattad/anaconda3/envs/flight-pipeline/lib/python3.11/site-packages/airflow/example_dags/example_dag_decorator.py
[2026-06-06T20:38:06.493-0400] {logging_mixin.py:188} INFO - [2026-06-06T20:38:06.492-0400] {dag.py:3036} INFO - Sync 1 DAGs
[2026-06-06T20:38:06.497-0400] {logging_mixin.py:188} INFO - [2026-06-06T20:38:06.497-0400] {dag.py:3823} INFO - Setting next_dagrun for example_dag_decorator to None, run_after=None
[2026-06-06T20:38:06.507-0400] {processor.py:183} INFO - Processing /Users/nitishbhattad/anaconda3/envs/flight-pipeline/lib/python3.11/site-packages/airflow/example_dags/example_dag_decorator.py took 0.275 seconds
[2026-06-06T20:40:12.375-0400] {processor.py:161} INFO - Started process (PID=65571) to work on /Users/nitishbhattad/anaconda3/envs/flight-pipeline/lib/python3.11/site-packages/airflow/example_dags/example_dag_decorator.py
[2026-06-06T20:40:12.376-0400] {processor.py:830} INFO - Processing file /Users/nitishbhattad/anaconda3/envs/flight-pipeline/lib/python3.11/site-packages/airflow/example_dags/example_dag_decorator.py for tasks to queue
[2026-06-06T20:40:12.377-0400] {logging_mixin.py:188} INFO - [2026-06-06T20:40:12.376-0400] {dagbag.py:538} INFO - Filling up the DagBag from /Users/nitishbhattad/anaconda3/envs/flight-pipeline/lib/python3.11/site-packages/airflow/example_dags/example_dag_decorator.py
[2026-06-06T20:40:12.519-0400] {processor.py:840} INFO - DAG(s) 'example_dag_decorator' retrieved from /Users/nitishbhattad/anaconda3/envs/flight-pipeline/lib/python3.11/site-packages/airflow/example_dags/example_dag_decorator.py
[2026-06-06T20:40:12.591-0400] {logging_mixin.py:188} INFO - [2026-06-06T20:40:12.591-0400] {dag.py:3036} INFO - Sync 1 DAGs
[2026-06-06T20:40:12.594-0400] {logging_mixin.py:188} INFO - [2026-06-06T20:40:12.594-0400] {dag.py:3823} INFO - Setting next_dagrun for example_dag_decorator to None, run_after=None
[2026-06-06T20:40:12.602-0400] {processor.py:183} INFO - Processing /Users/nitishbhattad/anaconda3/envs/flight-pipeline/lib/python3.11/site-packages/airflow/example_dags/example_dag_decorator.py took 0.228 seconds
[2026-06-06T20:42:19.647-0400] {processor.py:161} INFO - Started process (PID=65804) to work on /Users/nitishbhattad/anaconda3/envs/flight-pipeline/lib/python3.11/site-packages/airflow/example_dags/example_dag_decorator.py
[2026-06-06T20:42:19.648-0400] {processor.py:830} INFO - Processing file /Users/nitishbhattad/anaconda3/envs/flight-pipeline/lib/python3.11/site-packages/airflow/example_dags/example_dag_decorator.py for tasks to queue
[2026-06-06T20:42:19.648-0400] {logging_mixin.py:188} INFO - [2026-06-06T20:42:19.648-0400] {dagbag.py:538} INFO - Filling up the DagBag from /Users/nitishbhattad/anaconda3/envs/flight-pipeline/lib/python3.11/site-packages/airflow/example_dags/example_dag_decorator.py
[2026-06-06T20:42:19.803-0400] {processor.py:840} INFO - DAG(s) 'example_dag_decorator' retrieved from /Users/nitishbhattad/anaconda3/envs/flight-pipeline/lib/python3.11/site-packages/airflow/example_dags/example_dag_decorator.py
[2026-06-06T20:42:19.887-0400] {logging_mixin.py:188} INFO - [2026-06-06T20:42:19.887-0400] {dag.py:3036} INFO - Sync 1 DAGs
[2026-06-06T20:42:19.891-0400] {logging_mixin.py:188} INFO - [2026-06-06T20:42:19.891-0400] {dag.py:3823} INFO - Setting next_dagrun for example_dag_decorator to None, run_after=None
[2026-06-06T20:42:19.903-0400] {processor.py:183} INFO - Processing /Users/nitishbhattad/anaconda3/envs/flight-pipeline/lib/python3.11/site-packages/airflow/example_dags/example_dag_decorator.py took 0.257 seconds
[2026-06-06T20:44:23.397-0400] {processor.py:161} INFO - Started process (PID=65981) to work on /Users/nitishbhattad/anaconda3/envs/flight-pipeline/lib/python3.11/site-packages/airflow/example_dags/example_dag_decorator.py
[2026-06-06T20:44:23.397-0400] {processor.py:830} INFO - Processing file /Users/nitishbhattad/anaconda3/envs/flight-pipeline/lib/python3.11/site-packages/airflow/example_dags/example_dag_decorator.py for tasks to queue
[2026-06-06T20:44:23.398-0400] {logging_mixin.py:188} INFO - [2026-06-06T20:44:23.397-0400] {dagbag.py:538} INFO - Filling up the DagBag from /Users/nitishbhattad/anaconda3/envs/flight-pipeline/lib/python3.11/site-packages/airflow/example_dags/example_dag_decorator.py
[2026-06-06T20:44:23.525-0400] {processor.py:840} INFO - DAG(s) 'example_dag_decorator' retrieved from /Users/nitishbhattad/anaconda3/envs/flight-pipeline/lib/python3.11/site-packages/airflow/example_dags/example_dag_decorator.py
[2026-06-06T20:44:23.595-0400] {logging_mixin.py:188} INFO - [2026-06-06T20:44:23.595-0400] {dag.py:3036} INFO - Sync 1 DAGs
[2026-06-06T20:44:23.599-0400] {logging_mixin.py:188} INFO - [2026-06-06T20:44:23.599-0400] {dag.py:3823} INFO - Setting next_dagrun for example_dag_decorator to None, run_after=None
[2026-06-06T20:44:23.606-0400] {processor.py:183} INFO - Processing /Users/nitishbhattad/anaconda3/envs/flight-pipeline/lib/python3.11/site-packages/airflow/example_dags/example_dag_decorator.py took 0.210 seconds
[2026-06-06T20:46:28.457-0400] {processor.py:161} INFO - Started process (PID=66170) to work on /Users/nitishbhattad/anaconda3/envs/flight-pipeline/lib/python3.11/site-packages/airflow/example_dags/example_dag_decorator.py
[2026-06-06T20:46:28.457-0400] {processor.py:830} INFO - Processing file /Users/nitishbhattad/anaconda3/envs/flight-pipeline/lib/python3.11/site-packages/airflow/example_dags/example_dag_decorator.py for tasks to queue
[2026-06-06T20:46:28.458-0400] {logging_mixin.py:188} INFO - [2026-06-06T20:46:28.458-0400] {dagbag.py:538} INFO - Filling up the DagBag from /Users/nitishbhattad/anaconda3/envs/flight-pipeline/lib/python3.11/site-packages/airflow/example_dags/example_dag_decorator.py
[2026-06-06T20:46:28.595-0400] {processor.py:840} INFO - DAG(s) 'example_dag_decorator' retrieved from /Users/nitishbhattad/anaconda3/envs/flight-pipeline/lib/python3.11/site-packages/airflow/example_dags/example_dag_decorator.py
[2026-06-06T20:46:28.666-0400] {logging_mixin.py:188} INFO - [2026-06-06T20:46:28.666-0400] {dag.py:3036} INFO - Sync 1 DAGs
[2026-06-06T20:46:28.670-0400] {logging_mixin.py:188} INFO - [2026-06-06T20:46:28.670-0400] {dag.py:3823} INFO - Setting next_dagrun for example_dag_decorator to None, run_after=None
[2026-06-06T20:46:28.677-0400] {processor.py:183} INFO - Processing /Users/nitishbhattad/anaconda3/envs/flight-pipeline/lib/python3.11/site-packages/airflow/example_dags/example_dag_decorator.py took 0.221 seconds
[2026-06-06T20:48:29.915-0400] {processor.py:161} INFO - Started process (PID=66377) to work on /Users/nitishbhattad/anaconda3/envs/flight-pipeline/lib/python3.11/site-packages/airflow/example_dags/example_dag_decorator.py
[2026-06-06T20:48:29.916-0400] {processor.py:830} INFO - Processing file /Users/nitishbhattad/anaconda3/envs/flight-pipeline/lib/python3.11/site-packages/airflow/example_dags/example_dag_decorator.py for tasks to queue
[2026-06-06T20:48:29.916-0400] {logging_mixin.py:188} INFO - [2026-06-06T20:48:29.916-0400] {dagbag.py:538} INFO - Filling up the DagBag from /Users/nitishbhattad/anaconda3/envs/flight-pipeline/lib/python3.11/site-packages/airflow/example_dags/example_dag_decorator.py
[2026-06-06T20:48:30.046-0400] {processor.py:840} INFO - DAG(s) 'example_dag_decorator' retrieved from /Users/nitishbhattad/anaconda3/envs/flight-pipeline/lib/python3.11/site-packages/airflow/example_dags/example_dag_decorator.py
[2026-06-06T20:48:30.125-0400] {logging_mixin.py:188} INFO - [2026-06-06T20:48:30.125-0400] {dag.py:3036} INFO - Sync 1 DAGs
[2026-06-06T20:48:30.129-0400] {logging_mixin.py:188} INFO - [2026-06-06T20:48:30.129-0400] {dag.py:3823} INFO - Setting next_dagrun for example_dag_decorator to None, run_after=None
[2026-06-06T20:48:30.137-0400] {processor.py:183} INFO - Processing /Users/nitishbhattad/anaconda3/envs/flight-pipeline/lib/python3.11/site-packages/airflow/example_dags/example_dag_decorator.py took 0.223 seconds
[2026-06-06T20:50:29.465-0400] {processor.py:161} INFO - Started process (PID=66570) to work on /Users/nitishbhattad/anaconda3/envs/flight-pipeline/lib/python3.11/site-packages/airflow/example_dags/example_dag_decorator.py
[2026-06-06T20:50:29.466-0400] {processor.py:830} INFO - Processing file /Users/nitishbhattad/anaconda3/envs/flight-pipeline/lib/python3.11/site-packages/airflow/example_dags/example_dag_decorator.py for tasks to queue
[2026-06-06T20:50:29.467-0400] {logging_mixin.py:188} INFO - [2026-06-06T20:50:29.467-0400] {dagbag.py:538} INFO - Filling up the DagBag from /Users/nitishbhattad/anaconda3/envs/flight-pipeline/lib/python3.11/site-packages/airflow/example_dags/example_dag_decorator.py
[2026-06-06T20:50:29.620-0400] {processor.py:840} INFO - DAG(s) 'example_dag_decorator' retrieved from /Users/nitishbhattad/anaconda3/envs/flight-pipeline/lib/python3.11/site-packages/airflow/example_dags/example_dag_decorator.py
[2026-06-06T20:50:29.741-0400] {logging_mixin.py:188} INFO - [2026-06-06T20:50:29.741-0400] {dag.py:3036} INFO - Sync 1 DAGs
[2026-06-06T20:50:29.746-0400] {logging_mixin.py:188} INFO - [2026-06-06T20:50:29.746-0400] {dag.py:3823} INFO - Setting next_dagrun for example_dag_decorator to None, run_after=None
[2026-06-06T20:50:29.764-0400] {processor.py:183} INFO - Processing /Users/nitishbhattad/anaconda3/envs/flight-pipeline/lib/python3.11/site-packages/airflow/example_dags/example_dag_decorator.py took 0.300 seconds
