[2026-06-06T20:18:52.289-0400] {processor.py:161} INFO - Started process (PID=63563) to work on /Users/nitishbhattad/anaconda3/envs/flight-pipeline/lib/python3.11/site-packages/airflow/example_dags/example_task_group.py
[2026-06-06T20:18:52.290-0400] {processor.py:830} INFO - Processing file /Users/nitishbhattad/anaconda3/envs/flight-pipeline/lib/python3.11/site-packages/airflow/example_dags/example_task_group.py for tasks to queue
[2026-06-06T20:18:52.290-0400] {logging_mixin.py:188} INFO - [2026-06-06T20:18:52.290-0400] {dagbag.py:538} INFO - Filling up the DagBag from /Users/nitishbhattad/anaconda3/envs/flight-pipeline/lib/python3.11/site-packages/airflow/example_dags/example_task_group.py
[2026-06-06T20:18:52.293-0400] {processor.py:840} INFO - DAG(s) 'example_task_group' retrieved from /Users/nitishbhattad/anaconda3/envs/flight-pipeline/lib/python3.11/site-packages/airflow/example_dags/example_task_group.py
[2026-06-06T20:18:52.385-0400] {logging_mixin.py:188} INFO - [2026-06-06T20:18:52.384-0400] {override.py:1769} INFO - Created Permission View: can delete on DAG:example_task_group
[2026-06-06T20:18:52.387-0400] {logging_mixin.py:188} INFO - [2026-06-06T20:18:52.387-0400] {override.py:1769} INFO - Created Permission View: can edit on DAG:example_task_group
[2026-06-06T20:18:52.389-0400] {logging_mixin.py:188} INFO - [2026-06-06T20:18:52.389-0400] {override.py:1769} INFO - Created Permission View: can read on DAG:example_task_group
[2026-06-06T20:18:52.389-0400] {logging_mixin.py:188} INFO - [2026-06-06T20:18:52.389-0400] {dag.py:3036} INFO - Sync 1 DAGs
[2026-06-06T20:18:52.392-0400] {logging_mixin.py:188} INFO - [2026-06-06T20:18:52.392-0400] {dag.py:3058} INFO - Creating ORM DAG for example_task_group
[2026-06-06T20:18:52.395-0400] {logging_mixin.py:188} INFO - [2026-06-06T20:18:52.395-0400] {dag.py:3823} INFO - Setting next_dagrun for example_task_group to 2026-06-06 00:00:00+00:00, run_after=2026-06-07 00:00:00+00:00
[2026-06-06T20:18:52.402-0400] {processor.py:183} INFO - Processing /Users/nitishbhattad/anaconda3/envs/flight-pipeline/lib/python3.11/site-packages/airflow/example_dags/example_task_group.py took 0.114 seconds
[2026-06-06T20:20:23.156-0400] {processor.py:161} INFO - Started process (PID=63697) to work on /Users/nitishbhattad/anaconda3/envs/flight-pipeline/lib/python3.11/site-packages/airflow/example_dags/example_task_group.py
[2026-06-06T20:20:23.157-0400] {processor.py:830} INFO - Processing file /Users/nitishbhattad/anaconda3/envs/flight-pipeline/lib/python3.11/site-packages/airflow/example_dags/example_task_group.py for tasks to queue
[2026-06-06T20:20:23.158-0400] {logging_mixin.py:188} INFO - [2026-06-06T20:20:23.157-0400] {dagbag.py:538} INFO - Filling up the DagBag from /Users/nitishbhattad/anaconda3/envs/flight-pipeline/lib/python3.11/site-packages/airflow/example_dags/example_task_group.py
[2026-06-06T20:20:23.162-0400] {processor.py:840} INFO - DAG(s) 'example_task_group' retrieved from /Users/nitishbhattad/anaconda3/envs/flight-pipeline/lib/python3.11/site-packages/airflow/example_dags/example_task_group.py
[2026-06-06T20:20:23.229-0400] {logging_mixin.py:188} INFO - [2026-06-06T20:20:23.229-0400] {dag.py:3036} INFO - Sync 1 DAGs
[2026-06-06T20:20:23.239-0400] {logging_mixin.py:188} INFO - [2026-06-06T20:20:23.239-0400] {dag.py:3823} INFO - Setting next_dagrun for example_task_group to 2026-06-06 00:00:00+00:00, run_after=2026-06-07 00:00:00+00:00
[2026-06-06T20:20:23.250-0400] {processor.py:183} INFO - Processing /Users/nitishbhattad/anaconda3/envs/flight-pipeline/lib/python3.11/site-packages/airflow/example_dags/example_task_group.py took 0.094 seconds
[2026-06-06T20:21:27.819-0400] {processor.py:161} INFO - Started process (PID=63791) to work on /Users/nitishbhattad/anaconda3/envs/flight-pipeline/lib/python3.11/site-packages/airflow/example_dags/example_task_group.py
[2026-06-06T20:21:27.820-0400] {processor.py:830} INFO - Processing file /Users/nitishbhattad/anaconda3/envs/flight-pipeline/lib/python3.11/site-packages/airflow/example_dags/example_task_group.py for tasks to queue
[2026-06-06T20:21:27.820-0400] {logging_mixin.py:188} INFO - [2026-06-06T20:21:27.820-0400] {dagbag.py:538} INFO - Filling up the DagBag from /Users/nitishbhattad/anaconda3/envs/flight-pipeline/lib/python3.11/site-packages/airflow/example_dags/example_task_group.py
[2026-06-06T20:21:27.824-0400] {processor.py:840} INFO - DAG(s) 'example_task_group' retrieved from /Users/nitishbhattad/anaconda3/envs/flight-pipeline/lib/python3.11/site-packages/airflow/example_dags/example_task_group.py
[2026-06-06T20:21:27.882-0400] {logging_mixin.py:188} INFO - [2026-06-06T20:21:27.882-0400] {dag.py:3036} INFO - Sync 1 DAGs
[2026-06-06T20:21:27.888-0400] {logging_mixin.py:188} INFO - [2026-06-06T20:21:27.888-0400] {dag.py:3823} INFO - Setting next_dagrun for example_task_group to 2026-06-06 00:00:00+00:00, run_after=2026-06-07 00:00:00+00:00
[2026-06-06T20:21:27.896-0400] {processor.py:183} INFO - Processing /Users/nitishbhattad/anaconda3/envs/flight-pipeline/lib/python3.11/site-packages/airflow/example_dags/example_task_group.py took 0.077 seconds
[2026-06-06T20:23:37.841-0400] {processor.py:161} INFO - Started process (PID=64024) to work on /Users/nitishbhattad/anaconda3/envs/flight-pipeline/lib/python3.11/site-packages/airflow/example_dags/example_task_group.py
[2026-06-06T20:23:37.842-0400] {processor.py:830} INFO - Processing file /Users/nitishbhattad/anaconda3/envs/flight-pipeline/lib/python3.11/site-packages/airflow/example_dags/example_task_group.py for tasks to queue
[2026-06-06T20:23:37.842-0400] {logging_mixin.py:188} INFO - [2026-06-06T20:23:37.842-0400] {dagbag.py:538} INFO - Filling up the DagBag from /Users/nitishbhattad/anaconda3/envs/flight-pipeline/lib/python3.11/site-packages/airflow/example_dags/example_task_group.py
[2026-06-06T20:23:37.847-0400] {processor.py:840} INFO - DAG(s) 'example_task_group' retrieved from /Users/nitishbhattad/anaconda3/envs/flight-pipeline/lib/python3.11/site-packages/airflow/example_dags/example_task_group.py
[2026-06-06T20:23:37.917-0400] {logging_mixin.py:188} INFO - [2026-06-06T20:23:37.917-0400] {dag.py:3036} INFO - Sync 1 DAGs
[2026-06-06T20:23:37.925-0400] {logging_mixin.py:188} INFO - [2026-06-06T20:23:37.925-0400] {dag.py:3823} INFO - Setting next_dagrun for example_task_group to 2026-06-06 00:00:00+00:00, run_after=2026-06-07 00:00:00+00:00
[2026-06-06T20:23:37.934-0400] {processor.py:183} INFO - Processing /Users/nitishbhattad/anaconda3/envs/flight-pipeline/lib/python3.11/site-packages/airflow/example_dags/example_task_group.py took 0.094 seconds
[2026-06-06T20:24:52.582-0400] {processor.py:161} INFO - Started process (PID=64148) to work on /Users/nitishbhattad/anaconda3/envs/flight-pipeline/lib/python3.11/site-packages/airflow/example_dags/example_task_group.py
[2026-06-06T20:24:52.582-0400] {processor.py:830} INFO - Processing file /Users/nitishbhattad/anaconda3/envs/flight-pipeline/lib/python3.11/site-packages/airflow/example_dags/example_task_group.py for tasks to queue
[2026-06-06T20:24:52.582-0400] {logging_mixin.py:188} INFO - [2026-06-06T20:24:52.582-0400] {dagbag.py:538} INFO - Filling up the DagBag from /Users/nitishbhattad/anaconda3/envs/flight-pipeline/lib/python3.11/site-packages/airflow/example_dags/example_task_group.py
[2026-06-06T20:24:52.586-0400] {processor.py:840} INFO - DAG(s) 'example_task_group' retrieved from /Users/nitishbhattad/anaconda3/envs/flight-pipeline/lib/python3.11/site-packages/airflow/example_dags/example_task_group.py
[2026-06-06T20:24:52.644-0400] {logging_mixin.py:188} INFO - [2026-06-06T20:24:52.644-0400] {dag.py:3036} INFO - Sync 1 DAGs
[2026-06-06T20:24:52.650-0400] {logging_mixin.py:188} INFO - [2026-06-06T20:24:52.650-0400] {dag.py:3823} INFO - Setting next_dagrun for example_task_group to 2026-06-06 00:00:00+00:00, run_after=2026-06-07 00:00:00+00:00
[2026-06-06T20:24:52.657-0400] {processor.py:183} INFO - Processing /Users/nitishbhattad/anaconda3/envs/flight-pipeline/lib/python3.11/site-packages/airflow/example_dags/example_task_group.py took 0.075 seconds
[2026-06-06T20:26:01.971-0400] {processor.py:161} INFO - Started process (PID=64260) to work on /Users/nitishbhattad/anaconda3/envs/flight-pipeline/lib/python3.11/site-packages/airflow/example_dags/example_task_group.py
[2026-06-06T20:26:01.972-0400] {processor.py:830} INFO - Processing file /Users/nitishbhattad/anaconda3/envs/flight-pipeline/lib/python3.11/site-packages/airflow/example_dags/example_task_group.py for tasks to queue
[2026-06-06T20:26:01.972-0400] {logging_mixin.py:188} INFO - [2026-06-06T20:26:01.972-0400] {dagbag.py:538} INFO - Filling up the DagBag from /Users/nitishbhattad/anaconda3/envs/flight-pipeline/lib/python3.11/site-packages/airflow/example_dags/example_task_group.py
[2026-06-06T20:26:01.977-0400] {processor.py:840} INFO - DAG(s) 'example_task_group' retrieved from /Users/nitishbhattad/anaconda3/envs/flight-pipeline/lib/python3.11/site-packages/airflow/example_dags/example_task_group.py
[2026-06-06T20:26:02.050-0400] {logging_mixin.py:188} INFO - [2026-06-06T20:26:02.050-0400] {dag.py:3036} INFO - Sync 1 DAGs
[2026-06-06T20:26:02.056-0400] {logging_mixin.py:188} INFO - [2026-06-06T20:26:02.056-0400] {dag.py:3823} INFO - Setting next_dagrun for example_task_group to 2026-06-06 00:00:00+00:00, run_after=2026-06-07 00:00:00+00:00
[2026-06-06T20:26:02.067-0400] {processor.py:183} INFO - Processing /Users/nitishbhattad/anaconda3/envs/flight-pipeline/lib/python3.11/site-packages/airflow/example_dags/example_task_group.py took 0.098 seconds
[2026-06-06T20:27:08.162-0400] {processor.py:161} INFO - Started process (PID=64375) to work on /Users/nitishbhattad/anaconda3/envs/flight-pipeline/lib/python3.11/site-packages/airflow/example_dags/example_task_group.py
[2026-06-06T20:27:08.163-0400] {processor.py:830} INFO - Processing file /Users/nitishbhattad/anaconda3/envs/flight-pipeline/lib/python3.11/site-packages/airflow/example_dags/example_task_group.py for tasks to queue
[2026-06-06T20:27:08.164-0400] {logging_mixin.py:188} INFO - [2026-06-06T20:27:08.164-0400] {dagbag.py:538} INFO - Filling up the DagBag from /Users/nitishbhattad/anaconda3/envs/flight-pipeline/lib/python3.11/site-packages/airflow/example_dags/example_task_group.py
[2026-06-06T20:27:08.169-0400] {processor.py:840} INFO - DAG(s) 'example_task_group' retrieved from /Users/nitishbhattad/anaconda3/envs/flight-pipeline/lib/python3.11/site-packages/airflow/example_dags/example_task_group.py
[2026-06-06T20:27:08.244-0400] {logging_mixin.py:188} INFO - [2026-06-06T20:27:08.244-0400] {dag.py:3036} INFO - Sync 1 DAGs
[2026-06-06T20:27:08.254-0400] {logging_mixin.py:188} INFO - [2026-06-06T20:27:08.254-0400] {dag.py:3823} INFO - Setting next_dagrun for example_task_group to 2026-06-06 00:00:00+00:00, run_after=2026-06-07 00:00:00+00:00
[2026-06-06T20:27:08.264-0400] {processor.py:183} INFO - Processing /Users/nitishbhattad/anaconda3/envs/flight-pipeline/lib/python3.11/site-packages/airflow/example_dags/example_task_group.py took 0.103 seconds
[2026-06-06T20:28:13.355-0400] {processor.py:161} INFO - Started process (PID=64470) to work on /Users/nitishbhattad/anaconda3/envs/flight-pipeline/lib/python3.11/site-packages/airflow/example_dags/example_task_group.py
[2026-06-06T20:28:13.357-0400] {processor.py:830} INFO - Processing file /Users/nitishbhattad/anaconda3/envs/flight-pipeline/lib/python3.11/site-packages/airflow/example_dags/example_task_group.py for tasks to queue
[2026-06-06T20:28:13.357-0400] {logging_mixin.py:188} INFO - [2026-06-06T20:28:13.357-0400] {dagbag.py:538} INFO - Filling up the DagBag from /Users/nitishbhattad/anaconda3/envs/flight-pipeline/lib/python3.11/site-packages/airflow/example_dags/example_task_group.py
[2026-06-06T20:28:13.361-0400] {processor.py:840} INFO - DAG(s) 'example_task_group' retrieved from /Users/nitishbhattad/anaconda3/envs/flight-pipeline/lib/python3.11/site-packages/airflow/example_dags/example_task_group.py
[2026-06-06T20:28:13.458-0400] {logging_mixin.py:188} INFO - [2026-06-06T20:28:13.458-0400] {dag.py:3036} INFO - Sync 1 DAGs
[2026-06-06T20:28:13.464-0400] {logging_mixin.py:188} INFO - [2026-06-06T20:28:13.464-0400] {dag.py:3823} INFO - Setting next_dagrun for example_task_group to 2026-06-06 00:00:00+00:00, run_after=2026-06-07 00:00:00+00:00
[2026-06-06T20:28:13.471-0400] {processor.py:183} INFO - Processing /Users/nitishbhattad/anaconda3/envs/flight-pipeline/lib/python3.11/site-packages/airflow/example_dags/example_task_group.py took 0.117 seconds
[2026-06-06T20:30:09.035-0400] {processor.py:161} INFO - Started process (PID=64642) to work on /Users/nitishbhattad/anaconda3/envs/flight-pipeline/lib/python3.11/site-packages/airflow/example_dags/example_task_group.py
[2026-06-06T20:30:09.036-0400] {processor.py:830} INFO - Processing file /Users/nitishbhattad/anaconda3/envs/flight-pipeline/lib/python3.11/site-packages/airflow/example_dags/example_task_group.py for tasks to queue
[2026-06-06T20:30:09.036-0400] {logging_mixin.py:188} INFO - [2026-06-06T20:30:09.036-0400] {dagbag.py:538} INFO - Filling up the DagBag from /Users/nitishbhattad/anaconda3/envs/flight-pipeline/lib/python3.11/site-packages/airflow/example_dags/example_task_group.py
[2026-06-06T20:30:09.042-0400] {processor.py:840} INFO - DAG(s) 'example_task_group' retrieved from /Users/nitishbhattad/anaconda3/envs/flight-pipeline/lib/python3.11/site-packages/airflow/example_dags/example_task_group.py
[2026-06-06T20:30:09.160-0400] {logging_mixin.py:188} INFO - [2026-06-06T20:30:09.160-0400] {dag.py:3036} INFO - Sync 1 DAGs
[2026-06-06T20:30:09.171-0400] {logging_mixin.py:188} INFO - [2026-06-06T20:30:09.171-0400] {dag.py:3823} INFO - Setting next_dagrun for example_task_group to 2026-06-06 00:00:00+00:00, run_after=2026-06-07 00:00:00+00:00
[2026-06-06T20:30:09.202-0400] {processor.py:183} INFO - Processing /Users/nitishbhattad/anaconda3/envs/flight-pipeline/lib/python3.11/site-packages/airflow/example_dags/example_task_group.py took 0.169 seconds
[2026-06-06T20:31:25.688-0400] {processor.py:161} INFO - Started process (PID=64763) to work on /Users/nitishbhattad/anaconda3/envs/flight-pipeline/lib/python3.11/site-packages/airflow/example_dags/example_task_group.py
[2026-06-06T20:31:25.689-0400] {processor.py:830} INFO - Processing file /Users/nitishbhattad/anaconda3/envs/flight-pipeline/lib/python3.11/site-packages/airflow/example_dags/example_task_group.py for tasks to queue
[2026-06-06T20:31:25.690-0400] {logging_mixin.py:188} INFO - [2026-06-06T20:31:25.690-0400] {dagbag.py:538} INFO - Filling up the DagBag from /Users/nitishbhattad/anaconda3/envs/flight-pipeline/lib/python3.11/site-packages/airflow/example_dags/example_task_group.py
[2026-06-06T20:31:25.696-0400] {processor.py:840} INFO - DAG(s) 'example_task_group' retrieved from /Users/nitishbhattad/anaconda3/envs/flight-pipeline/lib/python3.11/site-packages/airflow/example_dags/example_task_group.py
[2026-06-06T20:31:25.802-0400] {logging_mixin.py:188} INFO - [2026-06-06T20:31:25.801-0400] {dag.py:3036} INFO - Sync 1 DAGs
[2026-06-06T20:31:25.810-0400] {logging_mixin.py:188} INFO - [2026-06-06T20:31:25.810-0400] {dag.py:3823} INFO - Setting next_dagrun for example_task_group to 2026-06-06 00:00:00+00:00, run_after=2026-06-07 00:00:00+00:00
[2026-06-06T20:31:25.823-0400] {processor.py:183} INFO - Processing /Users/nitishbhattad/anaconda3/envs/flight-pipeline/lib/python3.11/site-packages/airflow/example_dags/example_task_group.py took 0.136 seconds
[2026-06-06T20:32:40.695-0400] {processor.py:161} INFO - Started process (PID=64869) to work on /Users/nitishbhattad/anaconda3/envs/flight-pipeline/lib/python3.11/site-packages/airflow/example_dags/example_task_group.py
[2026-06-06T20:32:40.696-0400] {processor.py:830} INFO - Processing file /Users/nitishbhattad/anaconda3/envs/flight-pipeline/lib/python3.11/site-packages/airflow/example_dags/example_task_group.py for tasks to queue
[2026-06-06T20:32:40.696-0400] {logging_mixin.py:188} INFO - [2026-06-06T20:32:40.696-0400] {dagbag.py:538} INFO - Filling up the DagBag from /Users/nitishbhattad/anaconda3/envs/flight-pipeline/lib/python3.11/site-packages/airflow/example_dags/example_task_group.py
[2026-06-06T20:32:40.700-0400] {processor.py:840} INFO - DAG(s) 'example_task_group' retrieved from /Users/nitishbhattad/anaconda3/envs/flight-pipeline/lib/python3.11/site-packages/airflow/example_dags/example_task_group.py
[2026-06-06T20:32:40.766-0400] {logging_mixin.py:188} INFO - [2026-06-06T20:32:40.766-0400] {dag.py:3036} INFO - Sync 1 DAGs
[2026-06-06T20:32:40.774-0400] {logging_mixin.py:188} INFO - [2026-06-06T20:32:40.774-0400] {dag.py:3823} INFO - Setting next_dagrun for example_task_group to 2026-06-06 00:00:00+00:00, run_after=2026-06-07 00:00:00+00:00
[2026-06-06T20:32:40.782-0400] {processor.py:183} INFO - Processing /Users/nitishbhattad/anaconda3/envs/flight-pipeline/lib/python3.11/site-packages/airflow/example_dags/example_task_group.py took 0.087 seconds
[2026-06-06T20:33:43.736-0400] {processor.py:161} INFO - Started process (PID=64958) to work on /Users/nitishbhattad/anaconda3/envs/flight-pipeline/lib/python3.11/site-packages/airflow/example_dags/example_task_group.py
[2026-06-06T20:33:43.737-0400] {processor.py:830} INFO - Processing file /Users/nitishbhattad/anaconda3/envs/flight-pipeline/lib/python3.11/site-packages/airflow/example_dags/example_task_group.py for tasks to queue
[2026-06-06T20:33:43.737-0400] {logging_mixin.py:188} INFO - [2026-06-06T20:33:43.737-0400] {dagbag.py:538} INFO - Filling up the DagBag from /Users/nitishbhattad/anaconda3/envs/flight-pipeline/lib/python3.11/site-packages/airflow/example_dags/example_task_group.py
[2026-06-06T20:33:43.742-0400] {processor.py:840} INFO - DAG(s) 'example_task_group' retrieved from /Users/nitishbhattad/anaconda3/envs/flight-pipeline/lib/python3.11/site-packages/airflow/example_dags/example_task_group.py
[2026-06-06T20:33:43.815-0400] {logging_mixin.py:188} INFO - [2026-06-06T20:33:43.815-0400] {dag.py:3036} INFO - Sync 1 DAGs
[2026-06-06T20:33:43.828-0400] {logging_mixin.py:188} INFO - [2026-06-06T20:33:43.827-0400] {dag.py:3823} INFO - Setting next_dagrun for example_task_group to 2026-06-06 00:00:00+00:00, run_after=2026-06-07 00:00:00+00:00
[2026-06-06T20:33:43.840-0400] {processor.py:183} INFO - Processing /Users/nitishbhattad/anaconda3/envs/flight-pipeline/lib/python3.11/site-packages/airflow/example_dags/example_task_group.py took 0.105 seconds
[2026-06-06T20:35:39.378-0400] {processor.py:161} INFO - Started process (PID=65139) to work on /Users/nitishbhattad/anaconda3/envs/flight-pipeline/lib/python3.11/site-packages/airflow/example_dags/example_task_group.py
[2026-06-06T20:35:39.379-0400] {processor.py:830} INFO - Processing file /Users/nitishbhattad/anaconda3/envs/flight-pipeline/lib/python3.11/site-packages/airflow/example_dags/example_task_group.py for tasks to queue
[2026-06-06T20:35:39.379-0400] {logging_mixin.py:188} INFO - [2026-06-06T20:35:39.379-0400] {dagbag.py:538} INFO - Filling up the DagBag from /Users/nitishbhattad/anaconda3/envs/flight-pipeline/lib/python3.11/site-packages/airflow/example_dags/example_task_group.py
[2026-06-06T20:35:39.383-0400] {processor.py:840} INFO - DAG(s) 'example_task_group' retrieved from /Users/nitishbhattad/anaconda3/envs/flight-pipeline/lib/python3.11/site-packages/airflow/example_dags/example_task_group.py
[2026-06-06T20:35:39.444-0400] {logging_mixin.py:188} INFO - [2026-06-06T20:35:39.444-0400] {dag.py:3036} INFO - Sync 1 DAGs
[2026-06-06T20:35:39.450-0400] {logging_mixin.py:188} INFO - [2026-06-06T20:35:39.450-0400] {dag.py:3823} INFO - Setting next_dagrun for example_task_group to 2026-06-06 00:00:00+00:00, run_after=2026-06-07 00:00:00+00:00
[2026-06-06T20:35:39.457-0400] {processor.py:183} INFO - Processing /Users/nitishbhattad/anaconda3/envs/flight-pipeline/lib/python3.11/site-packages/airflow/example_dags/example_task_group.py took 0.080 seconds
[2026-06-06T20:36:44.466-0400] {processor.py:161} INFO - Started process (PID=65232) to work on /Users/nitishbhattad/anaconda3/envs/flight-pipeline/lib/python3.11/site-packages/airflow/example_dags/example_task_group.py
[2026-06-06T20:36:44.467-0400] {processor.py:830} INFO - Processing file /Users/nitishbhattad/anaconda3/envs/flight-pipeline/lib/python3.11/site-packages/airflow/example_dags/example_task_group.py for tasks to queue
[2026-06-06T20:36:44.467-0400] {logging_mixin.py:188} INFO - [2026-06-06T20:36:44.467-0400] {dagbag.py:538} INFO - Filling up the DagBag from /Users/nitishbhattad/anaconda3/envs/flight-pipeline/lib/python3.11/site-packages/airflow/example_dags/example_task_group.py
[2026-06-06T20:36:44.471-0400] {processor.py:840} INFO - DAG(s) 'example_task_group' retrieved from /Users/nitishbhattad/anaconda3/envs/flight-pipeline/lib/python3.11/site-packages/airflow/example_dags/example_task_group.py
[2026-06-06T20:36:44.533-0400] {logging_mixin.py:188} INFO - [2026-06-06T20:36:44.532-0400] {dag.py:3036} INFO - Sync 1 DAGs
[2026-06-06T20:36:44.540-0400] {logging_mixin.py:188} INFO - [2026-06-06T20:36:44.540-0400] {dag.py:3823} INFO - Setting next_dagrun for example_task_group to 2026-06-06 00:00:00+00:00, run_after=2026-06-07 00:00:00+00:00
[2026-06-06T20:36:44.548-0400] {processor.py:183} INFO - Processing /Users/nitishbhattad/anaconda3/envs/flight-pipeline/lib/python3.11/site-packages/airflow/example_dags/example_task_group.py took 0.083 seconds
[2026-06-06T20:37:50.000-0400] {processor.py:161} INFO - Started process (PID=65340) to work on /Users/nitishbhattad/anaconda3/envs/flight-pipeline/lib/python3.11/site-packages/airflow/example_dags/example_task_group.py
[2026-06-06T20:37:50.001-0400] {processor.py:830} INFO - Processing file /Users/nitishbhattad/anaconda3/envs/flight-pipeline/lib/python3.11/site-packages/airflow/example_dags/example_task_group.py for tasks to queue
[2026-06-06T20:37:50.001-0400] {logging_mixin.py:188} INFO - [2026-06-06T20:37:50.001-0400] {dagbag.py:538} INFO - Filling up the DagBag from /Users/nitishbhattad/anaconda3/envs/flight-pipeline/lib/python3.11/site-packages/airflow/example_dags/example_task_group.py
[2026-06-06T20:37:50.005-0400] {processor.py:840} INFO - DAG(s) 'example_task_group' retrieved from /Users/nitishbhattad/anaconda3/envs/flight-pipeline/lib/python3.11/site-packages/airflow/example_dags/example_task_group.py
[2026-06-06T20:37:50.063-0400] {logging_mixin.py:188} INFO - [2026-06-06T20:37:50.063-0400] {dag.py:3036} INFO - Sync 1 DAGs
[2026-06-06T20:37:50.068-0400] {logging_mixin.py:188} INFO - [2026-06-06T20:37:50.068-0400] {dag.py:3823} INFO - Setting next_dagrun for example_task_group to 2026-06-06 00:00:00+00:00, run_after=2026-06-07 00:00:00+00:00
[2026-06-06T20:37:50.075-0400] {processor.py:183} INFO - Processing /Users/nitishbhattad/anaconda3/envs/flight-pipeline/lib/python3.11/site-packages/airflow/example_dags/example_task_group.py took 0.076 seconds
[2026-06-06T20:38:53.648-0400] {processor.py:161} INFO - Started process (PID=65430) to work on /Users/nitishbhattad/anaconda3/envs/flight-pipeline/lib/python3.11/site-packages/airflow/example_dags/example_task_group.py
[2026-06-06T20:38:53.649-0400] {processor.py:830} INFO - Processing file /Users/nitishbhattad/anaconda3/envs/flight-pipeline/lib/python3.11/site-packages/airflow/example_dags/example_task_group.py for tasks to queue
[2026-06-06T20:38:53.650-0400] {logging_mixin.py:188} INFO - [2026-06-06T20:38:53.650-0400] {dagbag.py:538} INFO - Filling up the DagBag from /Users/nitishbhattad/anaconda3/envs/flight-pipeline/lib/python3.11/site-packages/airflow/example_dags/example_task_group.py
[2026-06-06T20:38:53.654-0400] {processor.py:840} INFO - DAG(s) 'example_task_group' retrieved from /Users/nitishbhattad/anaconda3/envs/flight-pipeline/lib/python3.11/site-packages/airflow/example_dags/example_task_group.py
[2026-06-06T20:38:53.712-0400] {logging_mixin.py:188} INFO - [2026-06-06T20:38:53.712-0400] {dag.py:3036} INFO - Sync 1 DAGs
[2026-06-06T20:38:53.719-0400] {logging_mixin.py:188} INFO - [2026-06-06T20:38:53.719-0400] {dag.py:3823} INFO - Setting next_dagrun for example_task_group to 2026-06-06 00:00:00+00:00, run_after=2026-06-07 00:00:00+00:00
[2026-06-06T20:38:53.726-0400] {processor.py:183} INFO - Processing /Users/nitishbhattad/anaconda3/envs/flight-pipeline/lib/python3.11/site-packages/airflow/example_dags/example_task_group.py took 0.079 seconds
[2026-06-06T20:39:57.328-0400] {processor.py:161} INFO - Started process (PID=65553) to work on /Users/nitishbhattad/anaconda3/envs/flight-pipeline/lib/python3.11/site-packages/airflow/example_dags/example_task_group.py
[2026-06-06T20:39:57.329-0400] {processor.py:830} INFO - Processing file /Users/nitishbhattad/anaconda3/envs/flight-pipeline/lib/python3.11/site-packages/airflow/example_dags/example_task_group.py for tasks to queue
[2026-06-06T20:39:57.330-0400] {logging_mixin.py:188} INFO - [2026-06-06T20:39:57.330-0400] {dagbag.py:538} INFO - Filling up the DagBag from /Users/nitishbhattad/anaconda3/envs/flight-pipeline/lib/python3.11/site-packages/airflow/example_dags/example_task_group.py
[2026-06-06T20:39:57.334-0400] {processor.py:840} INFO - DAG(s) 'example_task_group' retrieved from /Users/nitishbhattad/anaconda3/envs/flight-pipeline/lib/python3.11/site-packages/airflow/example_dags/example_task_group.py
[2026-06-06T20:39:57.408-0400] {logging_mixin.py:188} INFO - [2026-06-06T20:39:57.408-0400] {dag.py:3036} INFO - Sync 1 DAGs
[2026-06-06T20:39:57.416-0400] {logging_mixin.py:188} INFO - [2026-06-06T20:39:57.416-0400] {dag.py:3823} INFO - Setting next_dagrun for example_task_group to 2026-06-06 00:00:00+00:00, run_after=2026-06-07 00:00:00+00:00
[2026-06-06T20:39:57.424-0400] {processor.py:183} INFO - Processing /Users/nitishbhattad/anaconda3/envs/flight-pipeline/lib/python3.11/site-packages/airflow/example_dags/example_task_group.py took 0.097 seconds
[2026-06-06T20:41:01.816-0400] {processor.py:161} INFO - Started process (PID=65693) to work on /Users/nitishbhattad/anaconda3/envs/flight-pipeline/lib/python3.11/site-packages/airflow/example_dags/example_task_group.py
[2026-06-06T20:41:01.817-0400] {processor.py:830} INFO - Processing file /Users/nitishbhattad/anaconda3/envs/flight-pipeline/lib/python3.11/site-packages/airflow/example_dags/example_task_group.py for tasks to queue
[2026-06-06T20:41:01.817-0400] {logging_mixin.py:188} INFO - [2026-06-06T20:41:01.817-0400] {dagbag.py:538} INFO - Filling up the DagBag from /Users/nitishbhattad/anaconda3/envs/flight-pipeline/lib/python3.11/site-packages/airflow/example_dags/example_task_group.py
[2026-06-06T20:41:01.820-0400] {processor.py:840} INFO - DAG(s) 'example_task_group' retrieved from /Users/nitishbhattad/anaconda3/envs/flight-pipeline/lib/python3.11/site-packages/airflow/example_dags/example_task_group.py
[2026-06-06T20:41:01.885-0400] {logging_mixin.py:188} INFO - [2026-06-06T20:41:01.885-0400] {dag.py:3036} INFO - Sync 1 DAGs
[2026-06-06T20:41:01.891-0400] {logging_mixin.py:188} INFO - [2026-06-06T20:41:01.891-0400] {dag.py:3823} INFO - Setting next_dagrun for example_task_group to 2026-06-06 00:00:00+00:00, run_after=2026-06-07 00:00:00+00:00
[2026-06-06T20:41:01.901-0400] {processor.py:183} INFO - Processing /Users/nitishbhattad/anaconda3/envs/flight-pipeline/lib/python3.11/site-packages/airflow/example_dags/example_task_group.py took 0.087 seconds
[2026-06-06T20:42:06.661-0400] {processor.py:161} INFO - Started process (PID=65785) to work on /Users/nitishbhattad/anaconda3/envs/flight-pipeline/lib/python3.11/site-packages/airflow/example_dags/example_task_group.py
[2026-06-06T20:42:06.663-0400] {processor.py:830} INFO - Processing file /Users/nitishbhattad/anaconda3/envs/flight-pipeline/lib/python3.11/site-packages/airflow/example_dags/example_task_group.py for tasks to queue
[2026-06-06T20:42:06.663-0400] {logging_mixin.py:188} INFO - [2026-06-06T20:42:06.663-0400] {dagbag.py:538} INFO - Filling up the DagBag from /Users/nitishbhattad/anaconda3/envs/flight-pipeline/lib/python3.11/site-packages/airflow/example_dags/example_task_group.py
[2026-06-06T20:42:06.667-0400] {processor.py:840} INFO - DAG(s) 'example_task_group' retrieved from /Users/nitishbhattad/anaconda3/envs/flight-pipeline/lib/python3.11/site-packages/airflow/example_dags/example_task_group.py
[2026-06-06T20:42:06.765-0400] {logging_mixin.py:188} INFO - [2026-06-06T20:42:06.765-0400] {dag.py:3036} INFO - Sync 1 DAGs
[2026-06-06T20:42:06.775-0400] {logging_mixin.py:188} INFO - [2026-06-06T20:42:06.774-0400] {dag.py:3823} INFO - Setting next_dagrun for example_task_group to 2026-06-06 00:00:00+00:00, run_after=2026-06-07 00:00:00+00:00
[2026-06-06T20:42:06.783-0400] {processor.py:183} INFO - Processing /Users/nitishbhattad/anaconda3/envs/flight-pipeline/lib/python3.11/site-packages/airflow/example_dags/example_task_group.py took 0.122 seconds
[2026-06-06T20:44:07.429-0400] {processor.py:161} INFO - Started process (PID=65961) to work on /Users/nitishbhattad/anaconda3/envs/flight-pipeline/lib/python3.11/site-packages/airflow/example_dags/example_task_group.py
[2026-06-06T20:44:07.431-0400] {processor.py:830} INFO - Processing file /Users/nitishbhattad/anaconda3/envs/flight-pipeline/lib/python3.11/site-packages/airflow/example_dags/example_task_group.py for tasks to queue
[2026-06-06T20:44:07.431-0400] {logging_mixin.py:188} INFO - [2026-06-06T20:44:07.431-0400] {dagbag.py:538} INFO - Filling up the DagBag from /Users/nitishbhattad/anaconda3/envs/flight-pipeline/lib/python3.11/site-packages/airflow/example_dags/example_task_group.py
[2026-06-06T20:44:07.434-0400] {processor.py:840} INFO - DAG(s) 'example_task_group' retrieved from /Users/nitishbhattad/anaconda3/envs/flight-pipeline/lib/python3.11/site-packages/airflow/example_dags/example_task_group.py
[2026-06-06T20:44:07.492-0400] {logging_mixin.py:188} INFO - [2026-06-06T20:44:07.492-0400] {dag.py:3036} INFO - Sync 1 DAGs
[2026-06-06T20:44:07.498-0400] {logging_mixin.py:188} INFO - [2026-06-06T20:44:07.498-0400] {dag.py:3823} INFO - Setting next_dagrun for example_task_group to 2026-06-06 00:00:00+00:00, run_after=2026-06-07 00:00:00+00:00
[2026-06-06T20:44:07.505-0400] {processor.py:183} INFO - Processing /Users/nitishbhattad/anaconda3/envs/flight-pipeline/lib/python3.11/site-packages/airflow/example_dags/example_task_group.py took 0.078 seconds
[2026-06-06T20:45:09.911-0400] {processor.py:161} INFO - Started process (PID=66055) to work on /Users/nitishbhattad/anaconda3/envs/flight-pipeline/lib/python3.11/site-packages/airflow/example_dags/example_task_group.py
[2026-06-06T20:45:09.912-0400] {processor.py:830} INFO - Processing file /Users/nitishbhattad/anaconda3/envs/flight-pipeline/lib/python3.11/site-packages/airflow/example_dags/example_task_group.py for tasks to queue
[2026-06-06T20:45:09.912-0400] {logging_mixin.py:188} INFO - [2026-06-06T20:45:09.912-0400] {dagbag.py:538} INFO - Filling up the DagBag from /Users/nitishbhattad/anaconda3/envs/flight-pipeline/lib/python3.11/site-packages/airflow/example_dags/example_task_group.py
[2026-06-06T20:45:09.916-0400] {processor.py:840} INFO - DAG(s) 'example_task_group' retrieved from /Users/nitishbhattad/anaconda3/envs/flight-pipeline/lib/python3.11/site-packages/airflow/example_dags/example_task_group.py
[2026-06-06T20:45:09.978-0400] {logging_mixin.py:188} INFO - [2026-06-06T20:45:09.978-0400] {dag.py:3036} INFO - Sync 1 DAGs
[2026-06-06T20:45:09.986-0400] {logging_mixin.py:188} INFO - [2026-06-06T20:45:09.986-0400] {dag.py:3823} INFO - Setting next_dagrun for example_task_group to 2026-06-06 00:00:00+00:00, run_after=2026-06-07 00:00:00+00:00
[2026-06-06T20:45:09.995-0400] {processor.py:183} INFO - Processing /Users/nitishbhattad/anaconda3/envs/flight-pipeline/lib/python3.11/site-packages/airflow/example_dags/example_task_group.py took 0.085 seconds
[2026-06-06T20:46:14.099-0400] {processor.py:161} INFO - Started process (PID=66146) to work on /Users/nitishbhattad/anaconda3/envs/flight-pipeline/lib/python3.11/site-packages/airflow/example_dags/example_task_group.py
[2026-06-06T20:46:14.101-0400] {processor.py:830} INFO - Processing file /Users/nitishbhattad/anaconda3/envs/flight-pipeline/lib/python3.11/site-packages/airflow/example_dags/example_task_group.py for tasks to queue
[2026-06-06T20:46:14.101-0400] {logging_mixin.py:188} INFO - [2026-06-06T20:46:14.101-0400] {dagbag.py:538} INFO - Filling up the DagBag from /Users/nitishbhattad/anaconda3/envs/flight-pipeline/lib/python3.11/site-packages/airflow/example_dags/example_task_group.py
[2026-06-06T20:46:14.104-0400] {processor.py:840} INFO - DAG(s) 'example_task_group' retrieved from /Users/nitishbhattad/anaconda3/envs/flight-pipeline/lib/python3.11/site-packages/airflow/example_dags/example_task_group.py
[2026-06-06T20:46:14.166-0400] {logging_mixin.py:188} INFO - [2026-06-06T20:46:14.166-0400] {dag.py:3036} INFO - Sync 1 DAGs
[2026-06-06T20:46:14.172-0400] {logging_mixin.py:188} INFO - [2026-06-06T20:46:14.171-0400] {dag.py:3823} INFO - Setting next_dagrun for example_task_group to 2026-06-06 00:00:00+00:00, run_after=2026-06-07 00:00:00+00:00
[2026-06-06T20:46:14.181-0400] {processor.py:183} INFO - Processing /Users/nitishbhattad/anaconda3/envs/flight-pipeline/lib/python3.11/site-packages/airflow/example_dags/example_task_group.py took 0.083 seconds
[2026-06-06T20:48:15.970-0400] {processor.py:161} INFO - Started process (PID=66358) to work on /Users/nitishbhattad/anaconda3/envs/flight-pipeline/lib/python3.11/site-packages/airflow/example_dags/example_task_group.py
[2026-06-06T20:48:15.971-0400] {processor.py:830} INFO - Processing file /Users/nitishbhattad/anaconda3/envs/flight-pipeline/lib/python3.11/site-packages/airflow/example_dags/example_task_group.py for tasks to queue
[2026-06-06T20:48:15.972-0400] {logging_mixin.py:188} INFO - [2026-06-06T20:48:15.971-0400] {dagbag.py:538} INFO - Filling up the DagBag from /Users/nitishbhattad/anaconda3/envs/flight-pipeline/lib/python3.11/site-packages/airflow/example_dags/example_task_group.py
[2026-06-06T20:48:15.976-0400] {processor.py:840} INFO - DAG(s) 'example_task_group' retrieved from /Users/nitishbhattad/anaconda3/envs/flight-pipeline/lib/python3.11/site-packages/airflow/example_dags/example_task_group.py
[2026-06-06T20:48:16.051-0400] {logging_mixin.py:188} INFO - [2026-06-06T20:48:16.050-0400] {dag.py:3036} INFO - Sync 1 DAGs
[2026-06-06T20:48:16.058-0400] {logging_mixin.py:188} INFO - [2026-06-06T20:48:16.058-0400] {dag.py:3823} INFO - Setting next_dagrun for example_task_group to 2026-06-06 00:00:00+00:00, run_after=2026-06-07 00:00:00+00:00
[2026-06-06T20:48:16.068-0400] {processor.py:183} INFO - Processing /Users/nitishbhattad/anaconda3/envs/flight-pipeline/lib/python3.11/site-packages/airflow/example_dags/example_task_group.py took 0.098 seconds
[2026-06-06T20:50:15.080-0400] {processor.py:161} INFO - Started process (PID=66547) to work on /Users/nitishbhattad/anaconda3/envs/flight-pipeline/lib/python3.11/site-packages/airflow/example_dags/example_task_group.py
[2026-06-06T20:50:15.082-0400] {processor.py:830} INFO - Processing file /Users/nitishbhattad/anaconda3/envs/flight-pipeline/lib/python3.11/site-packages/airflow/example_dags/example_task_group.py for tasks to queue
[2026-06-06T20:50:15.082-0400] {logging_mixin.py:188} INFO - [2026-06-06T20:50:15.082-0400] {dagbag.py:538} INFO - Filling up the DagBag from /Users/nitishbhattad/anaconda3/envs/flight-pipeline/lib/python3.11/site-packages/airflow/example_dags/example_task_group.py
[2026-06-06T20:50:15.085-0400] {processor.py:840} INFO - DAG(s) 'example_task_group' retrieved from /Users/nitishbhattad/anaconda3/envs/flight-pipeline/lib/python3.11/site-packages/airflow/example_dags/example_task_group.py
[2026-06-06T20:50:15.143-0400] {logging_mixin.py:188} INFO - [2026-06-06T20:50:15.143-0400] {dag.py:3036} INFO - Sync 1 DAGs
[2026-06-06T20:50:15.149-0400] {logging_mixin.py:188} INFO - [2026-06-06T20:50:15.149-0400] {dag.py:3823} INFO - Setting next_dagrun for example_task_group to 2026-06-06 00:00:00+00:00, run_after=2026-06-07 00:00:00+00:00
[2026-06-06T20:50:15.159-0400] {processor.py:183} INFO - Processing /Users/nitishbhattad/anaconda3/envs/flight-pipeline/lib/python3.11/site-packages/airflow/example_dags/example_task_group.py took 0.079 seconds
