[2026-06-06T20:19:27.428-0400] {processor.py:161} INFO - Started process (PID=63614) to work on /Users/nitishbhattad/anaconda3/envs/flight-pipeline/lib/python3.11/site-packages/airflow/example_dags/example_external_task_marker_dag.py
[2026-06-06T20:19:27.428-0400] {processor.py:830} INFO - Processing file /Users/nitishbhattad/anaconda3/envs/flight-pipeline/lib/python3.11/site-packages/airflow/example_dags/example_external_task_marker_dag.py for tasks to queue
[2026-06-06T20:19:27.429-0400] {logging_mixin.py:188} INFO - [2026-06-06T20:19:27.429-0400] {dagbag.py:538} INFO - Filling up the DagBag from /Users/nitishbhattad/anaconda3/envs/flight-pipeline/lib/python3.11/site-packages/airflow/example_dags/example_external_task_marker_dag.py
[2026-06-06T20:19:27.437-0400] {processor.py:840} INFO - DAG(s) 'example_external_task_marker_parent', 'example_external_task_marker_child' retrieved from /Users/nitishbhattad/anaconda3/envs/flight-pipeline/lib/python3.11/site-packages/airflow/example_dags/example_external_task_marker_dag.py
[2026-06-06T20:19:27.581-0400] {logging_mixin.py:188} INFO - [2026-06-06T20:19:27.581-0400] {override.py:1769} INFO - Created Permission View: can edit on DAG:example_external_task_marker_parent
[2026-06-06T20:19:27.585-0400] {logging_mixin.py:188} INFO - [2026-06-06T20:19:27.585-0400] {override.py:1769} INFO - Created Permission View: can delete on DAG:example_external_task_marker_parent
[2026-06-06T20:19:27.587-0400] {logging_mixin.py:188} INFO - [2026-06-06T20:19:27.587-0400] {override.py:1769} INFO - Created Permission View: can read on DAG:example_external_task_marker_parent
[2026-06-06T20:19:27.597-0400] {logging_mixin.py:188} INFO - [2026-06-06T20:19:27.597-0400] {override.py:1769} INFO - Created Permission View: can edit on DAG:example_external_task_marker_child
[2026-06-06T20:19:27.599-0400] {logging_mixin.py:188} INFO - [2026-06-06T20:19:27.599-0400] {override.py:1769} INFO - Created Permission View: can delete on DAG:example_external_task_marker_child
[2026-06-06T20:19:27.601-0400] {logging_mixin.py:188} INFO - [2026-06-06T20:19:27.601-0400] {override.py:1769} INFO - Created Permission View: can read on DAG:example_external_task_marker_child
[2026-06-06T20:19:27.601-0400] {logging_mixin.py:188} INFO - [2026-06-06T20:19:27.601-0400] {dag.py:3036} INFO - Sync 2 DAGs
[2026-06-06T20:19:27.604-0400] {logging_mixin.py:188} INFO - [2026-06-06T20:19:27.604-0400] {dag.py:3058} INFO - Creating ORM DAG for example_external_task_marker_parent
[2026-06-06T20:19:27.604-0400] {logging_mixin.py:188} INFO - [2026-06-06T20:19:27.604-0400] {dag.py:3058} INFO - Creating ORM DAG for example_external_task_marker_child
[2026-06-06T20:19:27.605-0400] {logging_mixin.py:188} INFO - [2026-06-06T20:19:27.604-0400] {dag.py:3823} INFO - Setting next_dagrun for example_external_task_marker_child to None, run_after=None
[2026-06-06T20:19:27.605-0400] {logging_mixin.py:188} INFO - [2026-06-06T20:19:27.605-0400] {dag.py:3823} INFO - Setting next_dagrun for example_external_task_marker_parent to None, run_after=None
[2026-06-06T20:19:27.612-0400] {processor.py:183} INFO - Processing /Users/nitishbhattad/anaconda3/envs/flight-pipeline/lib/python3.11/site-packages/airflow/example_dags/example_external_task_marker_dag.py took 0.185 seconds
[2026-06-06T20:21:33.634-0400] {processor.py:161} INFO - Started process (PID=63803) to work on /Users/nitishbhattad/anaconda3/envs/flight-pipeline/lib/python3.11/site-packages/airflow/example_dags/example_external_task_marker_dag.py
[2026-06-06T20:21:33.634-0400] {processor.py:830} INFO - Processing file /Users/nitishbhattad/anaconda3/envs/flight-pipeline/lib/python3.11/site-packages/airflow/example_dags/example_external_task_marker_dag.py for tasks to queue
[2026-06-06T20:21:33.635-0400] {logging_mixin.py:188} INFO - [2026-06-06T20:21:33.635-0400] {dagbag.py:538} INFO - Filling up the DagBag from /Users/nitishbhattad/anaconda3/envs/flight-pipeline/lib/python3.11/site-packages/airflow/example_dags/example_external_task_marker_dag.py
[2026-06-06T20:21:33.640-0400] {processor.py:840} INFO - DAG(s) 'example_external_task_marker_child', 'example_external_task_marker_parent' retrieved from /Users/nitishbhattad/anaconda3/envs/flight-pipeline/lib/python3.11/site-packages/airflow/example_dags/example_external_task_marker_dag.py
[2026-06-06T20:21:33.700-0400] {logging_mixin.py:188} INFO - [2026-06-06T20:21:33.700-0400] {dag.py:3036} INFO - Sync 2 DAGs
[2026-06-06T20:21:33.704-0400] {logging_mixin.py:188} INFO - [2026-06-06T20:21:33.704-0400] {dag.py:3823} INFO - Setting next_dagrun for example_external_task_marker_child to None, run_after=None
[2026-06-06T20:21:33.705-0400] {logging_mixin.py:188} INFO - [2026-06-06T20:21:33.705-0400] {dag.py:3823} INFO - Setting next_dagrun for example_external_task_marker_parent to None, run_after=None
[2026-06-06T20:21:33.712-0400] {processor.py:183} INFO - Processing /Users/nitishbhattad/anaconda3/envs/flight-pipeline/lib/python3.11/site-packages/airflow/example_dags/example_external_task_marker_dag.py took 0.079 seconds
[2026-06-06T20:24:17.022-0400] {processor.py:161} INFO - Started process (PID=64089) to work on /Users/nitishbhattad/anaconda3/envs/flight-pipeline/lib/python3.11/site-packages/airflow/example_dags/example_external_task_marker_dag.py
[2026-06-06T20:24:17.023-0400] {processor.py:830} INFO - Processing file /Users/nitishbhattad/anaconda3/envs/flight-pipeline/lib/python3.11/site-packages/airflow/example_dags/example_external_task_marker_dag.py for tasks to queue
[2026-06-06T20:24:17.023-0400] {logging_mixin.py:188} INFO - [2026-06-06T20:24:17.023-0400] {dagbag.py:538} INFO - Filling up the DagBag from /Users/nitishbhattad/anaconda3/envs/flight-pipeline/lib/python3.11/site-packages/airflow/example_dags/example_external_task_marker_dag.py
[2026-06-06T20:24:17.028-0400] {processor.py:840} INFO - DAG(s) 'example_external_task_marker_child', 'example_external_task_marker_parent' retrieved from /Users/nitishbhattad/anaconda3/envs/flight-pipeline/lib/python3.11/site-packages/airflow/example_dags/example_external_task_marker_dag.py
[2026-06-06T20:24:17.092-0400] {logging_mixin.py:188} INFO - [2026-06-06T20:24:17.092-0400] {dag.py:3036} INFO - Sync 2 DAGs
[2026-06-06T20:24:17.096-0400] {logging_mixin.py:188} INFO - [2026-06-06T20:24:17.096-0400] {dag.py:3823} INFO - Setting next_dagrun for example_external_task_marker_child to None, run_after=None
[2026-06-06T20:24:17.097-0400] {logging_mixin.py:188} INFO - [2026-06-06T20:24:17.097-0400] {dag.py:3823} INFO - Setting next_dagrun for example_external_task_marker_parent to None, run_after=None
[2026-06-06T20:24:17.105-0400] {processor.py:183} INFO - Processing /Users/nitishbhattad/anaconda3/envs/flight-pipeline/lib/python3.11/site-packages/airflow/example_dags/example_external_task_marker_dag.py took 0.084 seconds
[2026-06-06T20:26:30.591-0400] {processor.py:161} INFO - Started process (PID=64299) to work on /Users/nitishbhattad/anaconda3/envs/flight-pipeline/lib/python3.11/site-packages/airflow/example_dags/example_external_task_marker_dag.py
[2026-06-06T20:26:30.591-0400] {processor.py:830} INFO - Processing file /Users/nitishbhattad/anaconda3/envs/flight-pipeline/lib/python3.11/site-packages/airflow/example_dags/example_external_task_marker_dag.py for tasks to queue
[2026-06-06T20:26:30.592-0400] {logging_mixin.py:188} INFO - [2026-06-06T20:26:30.592-0400] {dagbag.py:538} INFO - Filling up the DagBag from /Users/nitishbhattad/anaconda3/envs/flight-pipeline/lib/python3.11/site-packages/airflow/example_dags/example_external_task_marker_dag.py
[2026-06-06T20:26:30.599-0400] {processor.py:840} INFO - DAG(s) 'example_external_task_marker_child', 'example_external_task_marker_parent' retrieved from /Users/nitishbhattad/anaconda3/envs/flight-pipeline/lib/python3.11/site-packages/airflow/example_dags/example_external_task_marker_dag.py
[2026-06-06T20:26:30.662-0400] {logging_mixin.py:188} INFO - [2026-06-06T20:26:30.661-0400] {dag.py:3036} INFO - Sync 2 DAGs
[2026-06-06T20:26:30.665-0400] {logging_mixin.py:188} INFO - [2026-06-06T20:26:30.665-0400] {dag.py:3823} INFO - Setting next_dagrun for example_external_task_marker_child to None, run_after=None
[2026-06-06T20:26:30.667-0400] {logging_mixin.py:188} INFO - [2026-06-06T20:26:30.666-0400] {dag.py:3823} INFO - Setting next_dagrun for example_external_task_marker_parent to None, run_after=None
[2026-06-06T20:26:30.674-0400] {processor.py:183} INFO - Processing /Users/nitishbhattad/anaconda3/envs/flight-pipeline/lib/python3.11/site-packages/airflow/example_dags/example_external_task_marker_dag.py took 0.084 seconds
[2026-06-06T20:28:37.377-0400] {processor.py:161} INFO - Started process (PID=64510) to work on /Users/nitishbhattad/anaconda3/envs/flight-pipeline/lib/python3.11/site-packages/airflow/example_dags/example_external_task_marker_dag.py
[2026-06-06T20:28:37.377-0400] {processor.py:830} INFO - Processing file /Users/nitishbhattad/anaconda3/envs/flight-pipeline/lib/python3.11/site-packages/airflow/example_dags/example_external_task_marker_dag.py for tasks to queue
[2026-06-06T20:28:37.378-0400] {logging_mixin.py:188} INFO - [2026-06-06T20:28:37.377-0400] {dagbag.py:538} INFO - Filling up the DagBag from /Users/nitishbhattad/anaconda3/envs/flight-pipeline/lib/python3.11/site-packages/airflow/example_dags/example_external_task_marker_dag.py
[2026-06-06T20:28:37.384-0400] {processor.py:840} INFO - DAG(s) 'example_external_task_marker_child', 'example_external_task_marker_parent' retrieved from /Users/nitishbhattad/anaconda3/envs/flight-pipeline/lib/python3.11/site-packages/airflow/example_dags/example_external_task_marker_dag.py
[2026-06-06T20:28:37.445-0400] {logging_mixin.py:188} INFO - [2026-06-06T20:28:37.445-0400] {dag.py:3036} INFO - Sync 2 DAGs
[2026-06-06T20:28:37.449-0400] {logging_mixin.py:188} INFO - [2026-06-06T20:28:37.449-0400] {dag.py:3823} INFO - Setting next_dagrun for example_external_task_marker_child to None, run_after=None
[2026-06-06T20:28:37.450-0400] {logging_mixin.py:188} INFO - [2026-06-06T20:28:37.450-0400] {dag.py:3823} INFO - Setting next_dagrun for example_external_task_marker_parent to None, run_after=None
[2026-06-06T20:28:37.457-0400] {processor.py:183} INFO - Processing /Users/nitishbhattad/anaconda3/envs/flight-pipeline/lib/python3.11/site-packages/airflow/example_dags/example_external_task_marker_dag.py took 0.081 seconds
[2026-06-06T20:30:42.063-0400] {processor.py:161} INFO - Started process (PID=64696) to work on /Users/nitishbhattad/anaconda3/envs/flight-pipeline/lib/python3.11/site-packages/airflow/example_dags/example_external_task_marker_dag.py
[2026-06-06T20:30:42.066-0400] {processor.py:830} INFO - Processing file /Users/nitishbhattad/anaconda3/envs/flight-pipeline/lib/python3.11/site-packages/airflow/example_dags/example_external_task_marker_dag.py for tasks to queue
[2026-06-06T20:30:42.067-0400] {logging_mixin.py:188} INFO - [2026-06-06T20:30:42.067-0400] {dagbag.py:538} INFO - Filling up the DagBag from /Users/nitishbhattad/anaconda3/envs/flight-pipeline/lib/python3.11/site-packages/airflow/example_dags/example_external_task_marker_dag.py
[2026-06-06T20:30:42.086-0400] {processor.py:840} INFO - DAG(s) 'example_external_task_marker_parent', 'example_external_task_marker_child' retrieved from /Users/nitishbhattad/anaconda3/envs/flight-pipeline/lib/python3.11/site-packages/airflow/example_dags/example_external_task_marker_dag.py
[2026-06-06T20:30:42.292-0400] {logging_mixin.py:188} INFO - [2026-06-06T20:30:42.291-0400] {dag.py:3036} INFO - Sync 2 DAGs
[2026-06-06T20:30:42.307-0400] {logging_mixin.py:188} INFO - [2026-06-06T20:30:42.307-0400] {dag.py:3823} INFO - Setting next_dagrun for example_external_task_marker_child to None, run_after=None
[2026-06-06T20:30:42.311-0400] {logging_mixin.py:188} INFO - [2026-06-06T20:30:42.311-0400] {dag.py:3823} INFO - Setting next_dagrun for example_external_task_marker_parent to None, run_after=None
[2026-06-06T20:30:42.340-0400] {processor.py:183} INFO - Processing /Users/nitishbhattad/anaconda3/envs/flight-pipeline/lib/python3.11/site-packages/airflow/example_dags/example_external_task_marker_dag.py took 0.280 seconds
[2026-06-06T20:33:07.482-0400] {processor.py:161} INFO - Started process (PID=64909) to work on /Users/nitishbhattad/anaconda3/envs/flight-pipeline/lib/python3.11/site-packages/airflow/example_dags/example_external_task_marker_dag.py
[2026-06-06T20:33:07.483-0400] {processor.py:830} INFO - Processing file /Users/nitishbhattad/anaconda3/envs/flight-pipeline/lib/python3.11/site-packages/airflow/example_dags/example_external_task_marker_dag.py for tasks to queue
[2026-06-06T20:33:07.483-0400] {logging_mixin.py:188} INFO - [2026-06-06T20:33:07.483-0400] {dagbag.py:538} INFO - Filling up the DagBag from /Users/nitishbhattad/anaconda3/envs/flight-pipeline/lib/python3.11/site-packages/airflow/example_dags/example_external_task_marker_dag.py
[2026-06-06T20:33:07.489-0400] {processor.py:840} INFO - DAG(s) 'example_external_task_marker_parent', 'example_external_task_marker_child' retrieved from /Users/nitishbhattad/anaconda3/envs/flight-pipeline/lib/python3.11/site-packages/airflow/example_dags/example_external_task_marker_dag.py
[2026-06-06T20:33:07.547-0400] {logging_mixin.py:188} INFO - [2026-06-06T20:33:07.546-0400] {dag.py:3036} INFO - Sync 2 DAGs
[2026-06-06T20:33:07.550-0400] {logging_mixin.py:188} INFO - [2026-06-06T20:33:07.550-0400] {dag.py:3823} INFO - Setting next_dagrun for example_external_task_marker_child to None, run_after=None
[2026-06-06T20:33:07.551-0400] {logging_mixin.py:188} INFO - [2026-06-06T20:33:07.551-0400] {dag.py:3823} INFO - Setting next_dagrun for example_external_task_marker_parent to None, run_after=None
[2026-06-06T20:33:07.558-0400] {processor.py:183} INFO - Processing /Users/nitishbhattad/anaconda3/envs/flight-pipeline/lib/python3.11/site-packages/airflow/example_dags/example_external_task_marker_dag.py took 0.077 seconds
[2026-06-06T20:35:06.410-0400] {processor.py:161} INFO - Started process (PID=65094) to work on /Users/nitishbhattad/anaconda3/envs/flight-pipeline/lib/python3.11/site-packages/airflow/example_dags/example_external_task_marker_dag.py
[2026-06-06T20:35:06.411-0400] {processor.py:830} INFO - Processing file /Users/nitishbhattad/anaconda3/envs/flight-pipeline/lib/python3.11/site-packages/airflow/example_dags/example_external_task_marker_dag.py for tasks to queue
[2026-06-06T20:35:06.411-0400] {logging_mixin.py:188} INFO - [2026-06-06T20:35:06.411-0400] {dagbag.py:538} INFO - Filling up the DagBag from /Users/nitishbhattad/anaconda3/envs/flight-pipeline/lib/python3.11/site-packages/airflow/example_dags/example_external_task_marker_dag.py
[2026-06-06T20:35:06.417-0400] {processor.py:840} INFO - DAG(s) 'example_external_task_marker_child', 'example_external_task_marker_parent' retrieved from /Users/nitishbhattad/anaconda3/envs/flight-pipeline/lib/python3.11/site-packages/airflow/example_dags/example_external_task_marker_dag.py
[2026-06-06T20:35:06.475-0400] {logging_mixin.py:188} INFO - [2026-06-06T20:35:06.475-0400] {dag.py:3036} INFO - Sync 2 DAGs
[2026-06-06T20:35:06.479-0400] {logging_mixin.py:188} INFO - [2026-06-06T20:35:06.479-0400] {dag.py:3823} INFO - Setting next_dagrun for example_external_task_marker_child to None, run_after=None
[2026-06-06T20:35:06.480-0400] {logging_mixin.py:188} INFO - [2026-06-06T20:35:06.480-0400] {dag.py:3823} INFO - Setting next_dagrun for example_external_task_marker_parent to None, run_after=None
[2026-06-06T20:35:06.486-0400] {processor.py:183} INFO - Processing /Users/nitishbhattad/anaconda3/envs/flight-pipeline/lib/python3.11/site-packages/airflow/example_dags/example_external_task_marker_dag.py took 0.077 seconds
[2026-06-06T20:37:14.240-0400] {processor.py:161} INFO - Started process (PID=65280) to work on /Users/nitishbhattad/anaconda3/envs/flight-pipeline/lib/python3.11/site-packages/airflow/example_dags/example_external_task_marker_dag.py
[2026-06-06T20:37:14.241-0400] {processor.py:830} INFO - Processing file /Users/nitishbhattad/anaconda3/envs/flight-pipeline/lib/python3.11/site-packages/airflow/example_dags/example_external_task_marker_dag.py for tasks to queue
[2026-06-06T20:37:14.241-0400] {logging_mixin.py:188} INFO - [2026-06-06T20:37:14.241-0400] {dagbag.py:538} INFO - Filling up the DagBag from /Users/nitishbhattad/anaconda3/envs/flight-pipeline/lib/python3.11/site-packages/airflow/example_dags/example_external_task_marker_dag.py
[2026-06-06T20:37:14.248-0400] {processor.py:840} INFO - DAG(s) 'example_external_task_marker_child', 'example_external_task_marker_parent' retrieved from /Users/nitishbhattad/anaconda3/envs/flight-pipeline/lib/python3.11/site-packages/airflow/example_dags/example_external_task_marker_dag.py
[2026-06-06T20:37:14.354-0400] {logging_mixin.py:188} INFO - [2026-06-06T20:37:14.354-0400] {dag.py:3036} INFO - Sync 2 DAGs
[2026-06-06T20:37:14.358-0400] {logging_mixin.py:188} INFO - [2026-06-06T20:37:14.358-0400] {dag.py:3823} INFO - Setting next_dagrun for example_external_task_marker_child to None, run_after=None
[2026-06-06T20:37:14.359-0400] {logging_mixin.py:188} INFO - [2026-06-06T20:37:14.359-0400] {dag.py:3823} INFO - Setting next_dagrun for example_external_task_marker_parent to None, run_after=None
[2026-06-06T20:37:14.367-0400] {processor.py:183} INFO - Processing /Users/nitishbhattad/anaconda3/envs/flight-pipeline/lib/python3.11/site-packages/airflow/example_dags/example_external_task_marker_dag.py took 0.127 seconds
[2026-06-06T20:39:19.446-0400] {processor.py:161} INFO - Started process (PID=65470) to work on /Users/nitishbhattad/anaconda3/envs/flight-pipeline/lib/python3.11/site-packages/airflow/example_dags/example_external_task_marker_dag.py
[2026-06-06T20:39:19.447-0400] {processor.py:830} INFO - Processing file /Users/nitishbhattad/anaconda3/envs/flight-pipeline/lib/python3.11/site-packages/airflow/example_dags/example_external_task_marker_dag.py for tasks to queue
[2026-06-06T20:39:19.447-0400] {logging_mixin.py:188} INFO - [2026-06-06T20:39:19.447-0400] {dagbag.py:538} INFO - Filling up the DagBag from /Users/nitishbhattad/anaconda3/envs/flight-pipeline/lib/python3.11/site-packages/airflow/example_dags/example_external_task_marker_dag.py
[2026-06-06T20:39:19.453-0400] {processor.py:840} INFO - DAG(s) 'example_external_task_marker_child', 'example_external_task_marker_parent' retrieved from /Users/nitishbhattad/anaconda3/envs/flight-pipeline/lib/python3.11/site-packages/airflow/example_dags/example_external_task_marker_dag.py
[2026-06-06T20:39:19.517-0400] {logging_mixin.py:188} INFO - [2026-06-06T20:39:19.517-0400] {dag.py:3036} INFO - Sync 2 DAGs
[2026-06-06T20:39:19.521-0400] {logging_mixin.py:188} INFO - [2026-06-06T20:39:19.520-0400] {dag.py:3823} INFO - Setting next_dagrun for example_external_task_marker_child to None, run_after=None
[2026-06-06T20:39:19.522-0400] {logging_mixin.py:188} INFO - [2026-06-06T20:39:19.522-0400] {dag.py:3823} INFO - Setting next_dagrun for example_external_task_marker_parent to None, run_after=None
[2026-06-06T20:39:19.528-0400] {processor.py:183} INFO - Processing /Users/nitishbhattad/anaconda3/envs/flight-pipeline/lib/python3.11/site-packages/airflow/example_dags/example_external_task_marker_dag.py took 0.083 seconds
[2026-06-06T20:41:30.751-0400] {processor.py:161} INFO - Started process (PID=65726) to work on /Users/nitishbhattad/anaconda3/envs/flight-pipeline/lib/python3.11/site-packages/airflow/example_dags/example_external_task_marker_dag.py
[2026-06-06T20:41:30.752-0400] {processor.py:830} INFO - Processing file /Users/nitishbhattad/anaconda3/envs/flight-pipeline/lib/python3.11/site-packages/airflow/example_dags/example_external_task_marker_dag.py for tasks to queue
[2026-06-06T20:41:30.752-0400] {logging_mixin.py:188} INFO - [2026-06-06T20:41:30.752-0400] {dagbag.py:538} INFO - Filling up the DagBag from /Users/nitishbhattad/anaconda3/envs/flight-pipeline/lib/python3.11/site-packages/airflow/example_dags/example_external_task_marker_dag.py
[2026-06-06T20:41:30.759-0400] {processor.py:840} INFO - DAG(s) 'example_external_task_marker_child', 'example_external_task_marker_parent' retrieved from /Users/nitishbhattad/anaconda3/envs/flight-pipeline/lib/python3.11/site-packages/airflow/example_dags/example_external_task_marker_dag.py
[2026-06-06T20:41:30.821-0400] {logging_mixin.py:188} INFO - [2026-06-06T20:41:30.821-0400] {dag.py:3036} INFO - Sync 2 DAGs
[2026-06-06T20:41:30.824-0400] {logging_mixin.py:188} INFO - [2026-06-06T20:41:30.824-0400] {dag.py:3823} INFO - Setting next_dagrun for example_external_task_marker_child to None, run_after=None
[2026-06-06T20:41:30.825-0400] {logging_mixin.py:188} INFO - [2026-06-06T20:41:30.825-0400] {dag.py:3823} INFO - Setting next_dagrun for example_external_task_marker_parent to None, run_after=None
[2026-06-06T20:41:30.832-0400] {processor.py:183} INFO - Processing /Users/nitishbhattad/anaconda3/envs/flight-pipeline/lib/python3.11/site-packages/airflow/example_dags/example_external_task_marker_dag.py took 0.081 seconds
[2026-06-06T20:43:29.781-0400] {processor.py:161} INFO - Started process (PID=65901) to work on /Users/nitishbhattad/anaconda3/envs/flight-pipeline/lib/python3.11/site-packages/airflow/example_dags/example_external_task_marker_dag.py
[2026-06-06T20:43:29.782-0400] {processor.py:830} INFO - Processing file /Users/nitishbhattad/anaconda3/envs/flight-pipeline/lib/python3.11/site-packages/airflow/example_dags/example_external_task_marker_dag.py for tasks to queue
[2026-06-06T20:43:29.782-0400] {logging_mixin.py:188} INFO - [2026-06-06T20:43:29.782-0400] {dagbag.py:538} INFO - Filling up the DagBag from /Users/nitishbhattad/anaconda3/envs/flight-pipeline/lib/python3.11/site-packages/airflow/example_dags/example_external_task_marker_dag.py
[2026-06-06T20:43:29.792-0400] {processor.py:840} INFO - DAG(s) 'example_external_task_marker_parent', 'example_external_task_marker_child' retrieved from /Users/nitishbhattad/anaconda3/envs/flight-pipeline/lib/python3.11/site-packages/airflow/example_dags/example_external_task_marker_dag.py
[2026-06-06T20:43:29.855-0400] {logging_mixin.py:188} INFO - [2026-06-06T20:43:29.854-0400] {dag.py:3036} INFO - Sync 2 DAGs
[2026-06-06T20:43:29.858-0400] {logging_mixin.py:188} INFO - [2026-06-06T20:43:29.858-0400] {dag.py:3823} INFO - Setting next_dagrun for example_external_task_marker_child to None, run_after=None
[2026-06-06T20:43:29.860-0400] {logging_mixin.py:188} INFO - [2026-06-06T20:43:29.860-0400] {dag.py:3823} INFO - Setting next_dagrun for example_external_task_marker_parent to None, run_after=None
[2026-06-06T20:43:29.867-0400] {processor.py:183} INFO - Processing /Users/nitishbhattad/anaconda3/envs/flight-pipeline/lib/python3.11/site-packages/airflow/example_dags/example_external_task_marker_dag.py took 0.087 seconds
[2026-06-06T20:45:35.822-0400] {processor.py:161} INFO - Started process (PID=66096) to work on /Users/nitishbhattad/anaconda3/envs/flight-pipeline/lib/python3.11/site-packages/airflow/example_dags/example_external_task_marker_dag.py
[2026-06-06T20:45:35.823-0400] {processor.py:830} INFO - Processing file /Users/nitishbhattad/anaconda3/envs/flight-pipeline/lib/python3.11/site-packages/airflow/example_dags/example_external_task_marker_dag.py for tasks to queue
[2026-06-06T20:45:35.823-0400] {logging_mixin.py:188} INFO - [2026-06-06T20:45:35.823-0400] {dagbag.py:538} INFO - Filling up the DagBag from /Users/nitishbhattad/anaconda3/envs/flight-pipeline/lib/python3.11/site-packages/airflow/example_dags/example_external_task_marker_dag.py
[2026-06-06T20:45:35.831-0400] {processor.py:840} INFO - DAG(s) 'example_external_task_marker_parent', 'example_external_task_marker_child' retrieved from /Users/nitishbhattad/anaconda3/envs/flight-pipeline/lib/python3.11/site-packages/airflow/example_dags/example_external_task_marker_dag.py
[2026-06-06T20:45:35.909-0400] {logging_mixin.py:188} INFO - [2026-06-06T20:45:35.909-0400] {dag.py:3036} INFO - Sync 2 DAGs
[2026-06-06T20:45:35.915-0400] {logging_mixin.py:188} INFO - [2026-06-06T20:45:35.914-0400] {dag.py:3823} INFO - Setting next_dagrun for example_external_task_marker_child to None, run_after=None
[2026-06-06T20:45:35.916-0400] {logging_mixin.py:188} INFO - [2026-06-06T20:45:35.916-0400] {dag.py:3823} INFO - Setting next_dagrun for example_external_task_marker_parent to None, run_after=None
[2026-06-06T20:45:35.925-0400] {processor.py:183} INFO - Processing /Users/nitishbhattad/anaconda3/envs/flight-pipeline/lib/python3.11/site-packages/airflow/example_dags/example_external_task_marker_dag.py took 0.105 seconds
[2026-06-06T20:47:41.023-0400] {processor.py:161} INFO - Started process (PID=66293) to work on /Users/nitishbhattad/anaconda3/envs/flight-pipeline/lib/python3.11/site-packages/airflow/example_dags/example_external_task_marker_dag.py
[2026-06-06T20:47:41.024-0400] {processor.py:830} INFO - Processing file /Users/nitishbhattad/anaconda3/envs/flight-pipeline/lib/python3.11/site-packages/airflow/example_dags/example_external_task_marker_dag.py for tasks to queue
[2026-06-06T20:47:41.025-0400] {logging_mixin.py:188} INFO - [2026-06-06T20:47:41.024-0400] {dagbag.py:538} INFO - Filling up the DagBag from /Users/nitishbhattad/anaconda3/envs/flight-pipeline/lib/python3.11/site-packages/airflow/example_dags/example_external_task_marker_dag.py
[2026-06-06T20:47:41.030-0400] {processor.py:840} INFO - DAG(s) 'example_external_task_marker_parent', 'example_external_task_marker_child' retrieved from /Users/nitishbhattad/anaconda3/envs/flight-pipeline/lib/python3.11/site-packages/airflow/example_dags/example_external_task_marker_dag.py
[2026-06-06T20:47:41.094-0400] {logging_mixin.py:188} INFO - [2026-06-06T20:47:41.094-0400] {dag.py:3036} INFO - Sync 2 DAGs
[2026-06-06T20:47:41.098-0400] {logging_mixin.py:188} INFO - [2026-06-06T20:47:41.098-0400] {dag.py:3823} INFO - Setting next_dagrun for example_external_task_marker_child to None, run_after=None
[2026-06-06T20:47:41.099-0400] {logging_mixin.py:188} INFO - [2026-06-06T20:47:41.099-0400] {dag.py:3823} INFO - Setting next_dagrun for example_external_task_marker_parent to None, run_after=None
[2026-06-06T20:47:41.106-0400] {processor.py:183} INFO - Processing /Users/nitishbhattad/anaconda3/envs/flight-pipeline/lib/python3.11/site-packages/airflow/example_dags/example_external_task_marker_dag.py took 0.084 seconds
[2026-06-06T20:49:39.627-0400] {processor.py:161} INFO - Started process (PID=66500) to work on /Users/nitishbhattad/anaconda3/envs/flight-pipeline/lib/python3.11/site-packages/airflow/example_dags/example_external_task_marker_dag.py
[2026-06-06T20:49:39.629-0400] {processor.py:830} INFO - Processing file /Users/nitishbhattad/anaconda3/envs/flight-pipeline/lib/python3.11/site-packages/airflow/example_dags/example_external_task_marker_dag.py for tasks to queue
[2026-06-06T20:49:39.629-0400] {logging_mixin.py:188} INFO - [2026-06-06T20:49:39.629-0400] {dagbag.py:538} INFO - Filling up the DagBag from /Users/nitishbhattad/anaconda3/envs/flight-pipeline/lib/python3.11/site-packages/airflow/example_dags/example_external_task_marker_dag.py
[2026-06-06T20:49:39.635-0400] {processor.py:840} INFO - DAG(s) 'example_external_task_marker_child', 'example_external_task_marker_parent' retrieved from /Users/nitishbhattad/anaconda3/envs/flight-pipeline/lib/python3.11/site-packages/airflow/example_dags/example_external_task_marker_dag.py
[2026-06-06T20:49:39.693-0400] {logging_mixin.py:188} INFO - [2026-06-06T20:49:39.693-0400] {dag.py:3036} INFO - Sync 2 DAGs
[2026-06-06T20:49:39.697-0400] {logging_mixin.py:188} INFO - [2026-06-06T20:49:39.697-0400] {dag.py:3823} INFO - Setting next_dagrun for example_external_task_marker_child to None, run_after=None
[2026-06-06T20:49:39.698-0400] {logging_mixin.py:188} INFO - [2026-06-06T20:49:39.698-0400] {dag.py:3823} INFO - Setting next_dagrun for example_external_task_marker_parent to None, run_after=None
[2026-06-06T20:49:39.704-0400] {processor.py:183} INFO - Processing /Users/nitishbhattad/anaconda3/envs/flight-pipeline/lib/python3.11/site-packages/airflow/example_dags/example_external_task_marker_dag.py took 0.078 seconds
