[2026-06-06T20:19:05.081-0400] {processor.py:161} INFO - Started process (PID=63584) to work on /Users/nitishbhattad/anaconda3/envs/flight-pipeline/lib/python3.11/site-packages/airflow/example_dags/example_setup_teardown.py
[2026-06-06T20:19:05.082-0400] {processor.py:830} INFO - Processing file /Users/nitishbhattad/anaconda3/envs/flight-pipeline/lib/python3.11/site-packages/airflow/example_dags/example_setup_teardown.py for tasks to queue
[2026-06-06T20:19:05.082-0400] {logging_mixin.py:188} INFO - [2026-06-06T20:19:05.082-0400] {dagbag.py:538} INFO - Filling up the DagBag from /Users/nitishbhattad/anaconda3/envs/flight-pipeline/lib/python3.11/site-packages/airflow/example_dags/example_setup_teardown.py
[2026-06-06T20:19:05.087-0400] {processor.py:840} INFO - DAG(s) 'example_setup_teardown' retrieved from /Users/nitishbhattad/anaconda3/envs/flight-pipeline/lib/python3.11/site-packages/airflow/example_dags/example_setup_teardown.py
[2026-06-06T20:19:05.189-0400] {logging_mixin.py:188} INFO - [2026-06-06T20:19:05.189-0400] {override.py:1769} INFO - Created Permission View: can edit on DAG:example_setup_teardown
[2026-06-06T20:19:05.193-0400] {logging_mixin.py:188} INFO - [2026-06-06T20:19:05.193-0400] {override.py:1769} INFO - Created Permission View: can delete on DAG:example_setup_teardown
[2026-06-06T20:19:05.196-0400] {logging_mixin.py:188} INFO - [2026-06-06T20:19:05.195-0400] {override.py:1769} INFO - Created Permission View: can read on DAG:example_setup_teardown
[2026-06-06T20:19:05.196-0400] {logging_mixin.py:188} INFO - [2026-06-06T20:19:05.196-0400] {dag.py:3036} INFO - Sync 1 DAGs
[2026-06-06T20:19:05.199-0400] {logging_mixin.py:188} INFO - [2026-06-06T20:19:05.199-0400] {dag.py:3058} INFO - Creating ORM DAG for example_setup_teardown
[2026-06-06T20:19:05.203-0400] {logging_mixin.py:188} INFO - [2026-06-06T20:19:05.202-0400] {dag.py:3823} INFO - Setting next_dagrun for example_setup_teardown to 2026-06-06 00:00:00+00:00, run_after=2026-06-07 00:00:00+00:00
[2026-06-06T20:19:05.210-0400] {processor.py:183} INFO - Processing /Users/nitishbhattad/anaconda3/envs/flight-pipeline/lib/python3.11/site-packages/airflow/example_dags/example_setup_teardown.py took 0.129 seconds
[2026-06-06T20:20:36.427-0400] {processor.py:161} INFO - Started process (PID=63718) to work on /Users/nitishbhattad/anaconda3/envs/flight-pipeline/lib/python3.11/site-packages/airflow/example_dags/example_setup_teardown.py
[2026-06-06T20:20:36.427-0400] {processor.py:830} INFO - Processing file /Users/nitishbhattad/anaconda3/envs/flight-pipeline/lib/python3.11/site-packages/airflow/example_dags/example_setup_teardown.py for tasks to queue
[2026-06-06T20:20:36.427-0400] {logging_mixin.py:188} INFO - [2026-06-06T20:20:36.427-0400] {dagbag.py:538} INFO - Filling up the DagBag from /Users/nitishbhattad/anaconda3/envs/flight-pipeline/lib/python3.11/site-packages/airflow/example_dags/example_setup_teardown.py
[2026-06-06T20:20:36.431-0400] {processor.py:840} INFO - DAG(s) 'example_setup_teardown' retrieved from /Users/nitishbhattad/anaconda3/envs/flight-pipeline/lib/python3.11/site-packages/airflow/example_dags/example_setup_teardown.py
[2026-06-06T20:20:36.497-0400] {logging_mixin.py:188} INFO - [2026-06-06T20:20:36.497-0400] {dag.py:3036} INFO - Sync 1 DAGs
[2026-06-06T20:20:36.503-0400] {logging_mixin.py:188} INFO - [2026-06-06T20:20:36.503-0400] {dag.py:3823} INFO - Setting next_dagrun for example_setup_teardown to 2026-06-06 00:00:00+00:00, run_after=2026-06-07 00:00:00+00:00
[2026-06-06T20:20:36.511-0400] {processor.py:183} INFO - Processing /Users/nitishbhattad/anaconda3/envs/flight-pipeline/lib/python3.11/site-packages/airflow/example_dags/example_setup_teardown.py took 0.085 seconds
[2026-06-06T20:23:52.388-0400] {processor.py:161} INFO - Started process (PID=64045) to work on /Users/nitishbhattad/anaconda3/envs/flight-pipeline/lib/python3.11/site-packages/airflow/example_dags/example_setup_teardown.py
[2026-06-06T20:23:52.388-0400] {processor.py:830} INFO - Processing file /Users/nitishbhattad/anaconda3/envs/flight-pipeline/lib/python3.11/site-packages/airflow/example_dags/example_setup_teardown.py for tasks to queue
[2026-06-06T20:23:52.389-0400] {logging_mixin.py:188} INFO - [2026-06-06T20:23:52.389-0400] {dagbag.py:538} INFO - Filling up the DagBag from /Users/nitishbhattad/anaconda3/envs/flight-pipeline/lib/python3.11/site-packages/airflow/example_dags/example_setup_teardown.py
[2026-06-06T20:23:52.392-0400] {processor.py:840} INFO - DAG(s) 'example_setup_teardown' retrieved from /Users/nitishbhattad/anaconda3/envs/flight-pipeline/lib/python3.11/site-packages/airflow/example_dags/example_setup_teardown.py
[2026-06-06T20:23:52.456-0400] {logging_mixin.py:188} INFO - [2026-06-06T20:23:52.456-0400] {dag.py:3036} INFO - Sync 1 DAGs
[2026-06-06T20:23:52.462-0400] {logging_mixin.py:188} INFO - [2026-06-06T20:23:52.462-0400] {dag.py:3823} INFO - Setting next_dagrun for example_setup_teardown to 2026-06-06 00:00:00+00:00, run_after=2026-06-07 00:00:00+00:00
[2026-06-06T20:23:52.469-0400] {processor.py:183} INFO - Processing /Users/nitishbhattad/anaconda3/envs/flight-pipeline/lib/python3.11/site-packages/airflow/example_dags/example_setup_teardown.py took 0.083 seconds
[2026-06-06T20:26:05.936-0400] {processor.py:161} INFO - Started process (PID=64265) to work on /Users/nitishbhattad/anaconda3/envs/flight-pipeline/lib/python3.11/site-packages/airflow/example_dags/example_setup_teardown.py
[2026-06-06T20:26:05.937-0400] {processor.py:830} INFO - Processing file /Users/nitishbhattad/anaconda3/envs/flight-pipeline/lib/python3.11/site-packages/airflow/example_dags/example_setup_teardown.py for tasks to queue
[2026-06-06T20:26:05.938-0400] {logging_mixin.py:188} INFO - [2026-06-06T20:26:05.938-0400] {dagbag.py:538} INFO - Filling up the DagBag from /Users/nitishbhattad/anaconda3/envs/flight-pipeline/lib/python3.11/site-packages/airflow/example_dags/example_setup_teardown.py
[2026-06-06T20:26:05.941-0400] {processor.py:840} INFO - DAG(s) 'example_setup_teardown' retrieved from /Users/nitishbhattad/anaconda3/envs/flight-pipeline/lib/python3.11/site-packages/airflow/example_dags/example_setup_teardown.py
[2026-06-06T20:26:06.008-0400] {logging_mixin.py:188} INFO - [2026-06-06T20:26:06.008-0400] {dag.py:3036} INFO - Sync 1 DAGs
[2026-06-06T20:26:06.015-0400] {logging_mixin.py:188} INFO - [2026-06-06T20:26:06.015-0400] {dag.py:3823} INFO - Setting next_dagrun for example_setup_teardown to 2026-06-06 00:00:00+00:00, run_after=2026-06-07 00:00:00+00:00
[2026-06-06T20:26:06.023-0400] {processor.py:183} INFO - Processing /Users/nitishbhattad/anaconda3/envs/flight-pipeline/lib/python3.11/site-packages/airflow/example_dags/example_setup_teardown.py took 0.088 seconds
[2026-06-06T20:28:15.328-0400] {processor.py:161} INFO - Started process (PID=64474) to work on /Users/nitishbhattad/anaconda3/envs/flight-pipeline/lib/python3.11/site-packages/airflow/example_dags/example_setup_teardown.py
[2026-06-06T20:28:15.329-0400] {processor.py:830} INFO - Processing file /Users/nitishbhattad/anaconda3/envs/flight-pipeline/lib/python3.11/site-packages/airflow/example_dags/example_setup_teardown.py for tasks to queue
[2026-06-06T20:28:15.329-0400] {logging_mixin.py:188} INFO - [2026-06-06T20:28:15.329-0400] {dagbag.py:538} INFO - Filling up the DagBag from /Users/nitishbhattad/anaconda3/envs/flight-pipeline/lib/python3.11/site-packages/airflow/example_dags/example_setup_teardown.py
[2026-06-06T20:28:15.333-0400] {processor.py:840} INFO - DAG(s) 'example_setup_teardown' retrieved from /Users/nitishbhattad/anaconda3/envs/flight-pipeline/lib/python3.11/site-packages/airflow/example_dags/example_setup_teardown.py
[2026-06-06T20:28:15.391-0400] {logging_mixin.py:188} INFO - [2026-06-06T20:28:15.391-0400] {dag.py:3036} INFO - Sync 1 DAGs
[2026-06-06T20:28:15.397-0400] {logging_mixin.py:188} INFO - [2026-06-06T20:28:15.397-0400] {dag.py:3823} INFO - Setting next_dagrun for example_setup_teardown to 2026-06-06 00:00:00+00:00, run_after=2026-06-07 00:00:00+00:00
[2026-06-06T20:28:15.405-0400] {processor.py:183} INFO - Processing /Users/nitishbhattad/anaconda3/envs/flight-pipeline/lib/python3.11/site-packages/airflow/example_dags/example_setup_teardown.py took 0.078 seconds
[2026-06-06T20:30:11.253-0400] {processor.py:161} INFO - Started process (PID=64648) to work on /Users/nitishbhattad/anaconda3/envs/flight-pipeline/lib/python3.11/site-packages/airflow/example_dags/example_setup_teardown.py
[2026-06-06T20:30:11.256-0400] {processor.py:830} INFO - Processing file /Users/nitishbhattad/anaconda3/envs/flight-pipeline/lib/python3.11/site-packages/airflow/example_dags/example_setup_teardown.py for tasks to queue
[2026-06-06T20:30:11.256-0400] {logging_mixin.py:188} INFO - [2026-06-06T20:30:11.256-0400] {dagbag.py:538} INFO - Filling up the DagBag from /Users/nitishbhattad/anaconda3/envs/flight-pipeline/lib/python3.11/site-packages/airflow/example_dags/example_setup_teardown.py
[2026-06-06T20:30:11.261-0400] {processor.py:840} INFO - DAG(s) 'example_setup_teardown' retrieved from /Users/nitishbhattad/anaconda3/envs/flight-pipeline/lib/python3.11/site-packages/airflow/example_dags/example_setup_teardown.py
[2026-06-06T20:30:11.344-0400] {logging_mixin.py:188} INFO - [2026-06-06T20:30:11.344-0400] {dag.py:3036} INFO - Sync 1 DAGs
[2026-06-06T20:30:11.353-0400] {logging_mixin.py:188} INFO - [2026-06-06T20:30:11.353-0400] {dag.py:3823} INFO - Setting next_dagrun for example_setup_teardown to 2026-06-06 00:00:00+00:00, run_after=2026-06-07 00:00:00+00:00
[2026-06-06T20:30:11.364-0400] {processor.py:183} INFO - Processing /Users/nitishbhattad/anaconda3/envs/flight-pipeline/lib/python3.11/site-packages/airflow/example_dags/example_setup_teardown.py took 0.112 seconds
[2026-06-06T20:31:40.468-0400] {processor.py:161} INFO - Started process (PID=64783) to work on /Users/nitishbhattad/anaconda3/envs/flight-pipeline/lib/python3.11/site-packages/airflow/example_dags/example_setup_teardown.py
[2026-06-06T20:31:40.469-0400] {processor.py:830} INFO - Processing file /Users/nitishbhattad/anaconda3/envs/flight-pipeline/lib/python3.11/site-packages/airflow/example_dags/example_setup_teardown.py for tasks to queue
[2026-06-06T20:31:40.470-0400] {logging_mixin.py:188} INFO - [2026-06-06T20:31:40.470-0400] {dagbag.py:538} INFO - Filling up the DagBag from /Users/nitishbhattad/anaconda3/envs/flight-pipeline/lib/python3.11/site-packages/airflow/example_dags/example_setup_teardown.py
[2026-06-06T20:31:40.474-0400] {processor.py:840} INFO - DAG(s) 'example_setup_teardown' retrieved from /Users/nitishbhattad/anaconda3/envs/flight-pipeline/lib/python3.11/site-packages/airflow/example_dags/example_setup_teardown.py
[2026-06-06T20:31:40.557-0400] {logging_mixin.py:188} INFO - [2026-06-06T20:31:40.557-0400] {dag.py:3036} INFO - Sync 1 DAGs
[2026-06-06T20:31:40.565-0400] {logging_mixin.py:188} INFO - [2026-06-06T20:31:40.565-0400] {dag.py:3823} INFO - Setting next_dagrun for example_setup_teardown to 2026-06-06 00:00:00+00:00, run_after=2026-06-07 00:00:00+00:00
[2026-06-06T20:31:40.576-0400] {processor.py:183} INFO - Processing /Users/nitishbhattad/anaconda3/envs/flight-pipeline/lib/python3.11/site-packages/airflow/example_dags/example_setup_teardown.py took 0.111 seconds
[2026-06-06T20:33:46.600-0400] {processor.py:161} INFO - Started process (PID=64971) to work on /Users/nitishbhattad/anaconda3/envs/flight-pipeline/lib/python3.11/site-packages/airflow/example_dags/example_setup_teardown.py
[2026-06-06T20:33:46.601-0400] {processor.py:830} INFO - Processing file /Users/nitishbhattad/anaconda3/envs/flight-pipeline/lib/python3.11/site-packages/airflow/example_dags/example_setup_teardown.py for tasks to queue
[2026-06-06T20:33:46.601-0400] {logging_mixin.py:188} INFO - [2026-06-06T20:33:46.601-0400] {dagbag.py:538} INFO - Filling up the DagBag from /Users/nitishbhattad/anaconda3/envs/flight-pipeline/lib/python3.11/site-packages/airflow/example_dags/example_setup_teardown.py
[2026-06-06T20:33:46.604-0400] {processor.py:840} INFO - DAG(s) 'example_setup_teardown' retrieved from /Users/nitishbhattad/anaconda3/envs/flight-pipeline/lib/python3.11/site-packages/airflow/example_dags/example_setup_teardown.py
[2026-06-06T20:33:46.661-0400] {logging_mixin.py:188} INFO - [2026-06-06T20:33:46.661-0400] {dag.py:3036} INFO - Sync 1 DAGs
[2026-06-06T20:33:46.667-0400] {logging_mixin.py:188} INFO - [2026-06-06T20:33:46.667-0400] {dag.py:3823} INFO - Setting next_dagrun for example_setup_teardown to 2026-06-06 00:00:00+00:00, run_after=2026-06-07 00:00:00+00:00
[2026-06-06T20:33:46.674-0400] {processor.py:183} INFO - Processing /Users/nitishbhattad/anaconda3/envs/flight-pipeline/lib/python3.11/site-packages/airflow/example_dags/example_setup_teardown.py took 0.074 seconds
[2026-06-06T20:35:43.340-0400] {processor.py:161} INFO - Started process (PID=65141) to work on /Users/nitishbhattad/anaconda3/envs/flight-pipeline/lib/python3.11/site-packages/airflow/example_dags/example_setup_teardown.py
[2026-06-06T20:35:43.342-0400] {processor.py:830} INFO - Processing file /Users/nitishbhattad/anaconda3/envs/flight-pipeline/lib/python3.11/site-packages/airflow/example_dags/example_setup_teardown.py for tasks to queue
[2026-06-06T20:35:43.342-0400] {logging_mixin.py:188} INFO - [2026-06-06T20:35:43.342-0400] {dagbag.py:538} INFO - Filling up the DagBag from /Users/nitishbhattad/anaconda3/envs/flight-pipeline/lib/python3.11/site-packages/airflow/example_dags/example_setup_teardown.py
[2026-06-06T20:35:43.346-0400] {processor.py:840} INFO - DAG(s) 'example_setup_teardown' retrieved from /Users/nitishbhattad/anaconda3/envs/flight-pipeline/lib/python3.11/site-packages/airflow/example_dags/example_setup_teardown.py
[2026-06-06T20:35:43.431-0400] {logging_mixin.py:188} INFO - [2026-06-06T20:35:43.431-0400] {dag.py:3036} INFO - Sync 1 DAGs
[2026-06-06T20:35:43.438-0400] {logging_mixin.py:188} INFO - [2026-06-06T20:35:43.437-0400] {dag.py:3823} INFO - Setting next_dagrun for example_setup_teardown to 2026-06-06 00:00:00+00:00, run_after=2026-06-07 00:00:00+00:00
[2026-06-06T20:35:43.447-0400] {processor.py:183} INFO - Processing /Users/nitishbhattad/anaconda3/envs/flight-pipeline/lib/python3.11/site-packages/airflow/example_dags/example_setup_teardown.py took 0.108 seconds
[2026-06-06T20:37:55.252-0400] {processor.py:161} INFO - Started process (PID=65346) to work on /Users/nitishbhattad/anaconda3/envs/flight-pipeline/lib/python3.11/site-packages/airflow/example_dags/example_setup_teardown.py
[2026-06-06T20:37:55.254-0400] {processor.py:830} INFO - Processing file /Users/nitishbhattad/anaconda3/envs/flight-pipeline/lib/python3.11/site-packages/airflow/example_dags/example_setup_teardown.py for tasks to queue
[2026-06-06T20:37:55.254-0400] {logging_mixin.py:188} INFO - [2026-06-06T20:37:55.254-0400] {dagbag.py:538} INFO - Filling up the DagBag from /Users/nitishbhattad/anaconda3/envs/flight-pipeline/lib/python3.11/site-packages/airflow/example_dags/example_setup_teardown.py
[2026-06-06T20:37:55.258-0400] {processor.py:840} INFO - DAG(s) 'example_setup_teardown' retrieved from /Users/nitishbhattad/anaconda3/envs/flight-pipeline/lib/python3.11/site-packages/airflow/example_dags/example_setup_teardown.py
[2026-06-06T20:37:55.329-0400] {logging_mixin.py:188} INFO - [2026-06-06T20:37:55.329-0400] {dag.py:3036} INFO - Sync 1 DAGs
[2026-06-06T20:37:55.335-0400] {logging_mixin.py:188} INFO - [2026-06-06T20:37:55.335-0400] {dag.py:3823} INFO - Setting next_dagrun for example_setup_teardown to 2026-06-06 00:00:00+00:00, run_after=2026-06-07 00:00:00+00:00
[2026-06-06T20:37:55.343-0400] {processor.py:183} INFO - Processing /Users/nitishbhattad/anaconda3/envs/flight-pipeline/lib/python3.11/site-packages/airflow/example_dags/example_setup_teardown.py took 0.091 seconds
[2026-06-06T20:39:59.452-0400] {processor.py:161} INFO - Started process (PID=65554) to work on /Users/nitishbhattad/anaconda3/envs/flight-pipeline/lib/python3.11/site-packages/airflow/example_dags/example_setup_teardown.py
[2026-06-06T20:39:59.454-0400] {processor.py:830} INFO - Processing file /Users/nitishbhattad/anaconda3/envs/flight-pipeline/lib/python3.11/site-packages/airflow/example_dags/example_setup_teardown.py for tasks to queue
[2026-06-06T20:39:59.454-0400] {logging_mixin.py:188} INFO - [2026-06-06T20:39:59.454-0400] {dagbag.py:538} INFO - Filling up the DagBag from /Users/nitishbhattad/anaconda3/envs/flight-pipeline/lib/python3.11/site-packages/airflow/example_dags/example_setup_teardown.py
[2026-06-06T20:39:59.458-0400] {processor.py:840} INFO - DAG(s) 'example_setup_teardown' retrieved from /Users/nitishbhattad/anaconda3/envs/flight-pipeline/lib/python3.11/site-packages/airflow/example_dags/example_setup_teardown.py
[2026-06-06T20:39:59.535-0400] {logging_mixin.py:188} INFO - [2026-06-06T20:39:59.534-0400] {dag.py:3036} INFO - Sync 1 DAGs
[2026-06-06T20:39:59.541-0400] {logging_mixin.py:188} INFO - [2026-06-06T20:39:59.541-0400] {dag.py:3823} INFO - Setting next_dagrun for example_setup_teardown to 2026-06-06 00:00:00+00:00, run_after=2026-06-07 00:00:00+00:00
[2026-06-06T20:39:59.550-0400] {processor.py:183} INFO - Processing /Users/nitishbhattad/anaconda3/envs/flight-pipeline/lib/python3.11/site-packages/airflow/example_dags/example_setup_teardown.py took 0.098 seconds
[2026-06-06T20:41:13.925-0400] {processor.py:161} INFO - Started process (PID=65703) to work on /Users/nitishbhattad/anaconda3/envs/flight-pipeline/lib/python3.11/site-packages/airflow/example_dags/example_setup_teardown.py
[2026-06-06T20:41:13.926-0400] {processor.py:830} INFO - Processing file /Users/nitishbhattad/anaconda3/envs/flight-pipeline/lib/python3.11/site-packages/airflow/example_dags/example_setup_teardown.py for tasks to queue
[2026-06-06T20:41:13.927-0400] {logging_mixin.py:188} INFO - [2026-06-06T20:41:13.926-0400] {dagbag.py:538} INFO - Filling up the DagBag from /Users/nitishbhattad/anaconda3/envs/flight-pipeline/lib/python3.11/site-packages/airflow/example_dags/example_setup_teardown.py
[2026-06-06T20:41:13.933-0400] {processor.py:840} INFO - DAG(s) 'example_setup_teardown' retrieved from /Users/nitishbhattad/anaconda3/envs/flight-pipeline/lib/python3.11/site-packages/airflow/example_dags/example_setup_teardown.py
[2026-06-06T20:41:14.004-0400] {logging_mixin.py:188} INFO - [2026-06-06T20:41:14.004-0400] {dag.py:3036} INFO - Sync 1 DAGs
[2026-06-06T20:41:14.012-0400] {logging_mixin.py:188} INFO - [2026-06-06T20:41:14.012-0400] {dag.py:3823} INFO - Setting next_dagrun for example_setup_teardown to 2026-06-06 00:00:00+00:00, run_after=2026-06-07 00:00:00+00:00
[2026-06-06T20:41:14.020-0400] {processor.py:183} INFO - Processing /Users/nitishbhattad/anaconda3/envs/flight-pipeline/lib/python3.11/site-packages/airflow/example_dags/example_setup_teardown.py took 0.095 seconds
[2026-06-06T20:43:12.757-0400] {processor.py:161} INFO - Started process (PID=65876) to work on /Users/nitishbhattad/anaconda3/envs/flight-pipeline/lib/python3.11/site-packages/airflow/example_dags/example_setup_teardown.py
[2026-06-06T20:43:12.758-0400] {processor.py:830} INFO - Processing file /Users/nitishbhattad/anaconda3/envs/flight-pipeline/lib/python3.11/site-packages/airflow/example_dags/example_setup_teardown.py for tasks to queue
[2026-06-06T20:43:12.759-0400] {logging_mixin.py:188} INFO - [2026-06-06T20:43:12.759-0400] {dagbag.py:538} INFO - Filling up the DagBag from /Users/nitishbhattad/anaconda3/envs/flight-pipeline/lib/python3.11/site-packages/airflow/example_dags/example_setup_teardown.py
[2026-06-06T20:43:12.765-0400] {processor.py:840} INFO - DAG(s) 'example_setup_teardown' retrieved from /Users/nitishbhattad/anaconda3/envs/flight-pipeline/lib/python3.11/site-packages/airflow/example_dags/example_setup_teardown.py
[2026-06-06T20:43:12.861-0400] {logging_mixin.py:188} INFO - [2026-06-06T20:43:12.861-0400] {dag.py:3036} INFO - Sync 1 DAGs
[2026-06-06T20:43:12.868-0400] {logging_mixin.py:188} INFO - [2026-06-06T20:43:12.868-0400] {dag.py:3823} INFO - Setting next_dagrun for example_setup_teardown to 2026-06-06 00:00:00+00:00, run_after=2026-06-07 00:00:00+00:00
[2026-06-06T20:43:12.877-0400] {processor.py:183} INFO - Processing /Users/nitishbhattad/anaconda3/envs/flight-pipeline/lib/python3.11/site-packages/airflow/example_dags/example_setup_teardown.py took 0.121 seconds
[2026-06-06T20:45:19.727-0400] {processor.py:161} INFO - Started process (PID=66071) to work on /Users/nitishbhattad/anaconda3/envs/flight-pipeline/lib/python3.11/site-packages/airflow/example_dags/example_setup_teardown.py
[2026-06-06T20:45:19.727-0400] {processor.py:830} INFO - Processing file /Users/nitishbhattad/anaconda3/envs/flight-pipeline/lib/python3.11/site-packages/airflow/example_dags/example_setup_teardown.py for tasks to queue
[2026-06-06T20:45:19.727-0400] {logging_mixin.py:188} INFO - [2026-06-06T20:45:19.727-0400] {dagbag.py:538} INFO - Filling up the DagBag from /Users/nitishbhattad/anaconda3/envs/flight-pipeline/lib/python3.11/site-packages/airflow/example_dags/example_setup_teardown.py
[2026-06-06T20:45:19.730-0400] {processor.py:840} INFO - DAG(s) 'example_setup_teardown' retrieved from /Users/nitishbhattad/anaconda3/envs/flight-pipeline/lib/python3.11/site-packages/airflow/example_dags/example_setup_teardown.py
[2026-06-06T20:45:19.789-0400] {logging_mixin.py:188} INFO - [2026-06-06T20:45:19.789-0400] {dag.py:3036} INFO - Sync 1 DAGs
[2026-06-06T20:45:19.795-0400] {logging_mixin.py:188} INFO - [2026-06-06T20:45:19.795-0400] {dag.py:3823} INFO - Setting next_dagrun for example_setup_teardown to 2026-06-06 00:00:00+00:00, run_after=2026-06-07 00:00:00+00:00
[2026-06-06T20:45:19.803-0400] {processor.py:183} INFO - Processing /Users/nitishbhattad/anaconda3/envs/flight-pipeline/lib/python3.11/site-packages/airflow/example_dags/example_setup_teardown.py took 0.077 seconds
[2026-06-06T20:47:25.381-0400] {processor.py:161} INFO - Started process (PID=66271) to work on /Users/nitishbhattad/anaconda3/envs/flight-pipeline/lib/python3.11/site-packages/airflow/example_dags/example_setup_teardown.py
[2026-06-06T20:47:25.383-0400] {processor.py:830} INFO - Processing file /Users/nitishbhattad/anaconda3/envs/flight-pipeline/lib/python3.11/site-packages/airflow/example_dags/example_setup_teardown.py for tasks to queue
[2026-06-06T20:47:25.383-0400] {logging_mixin.py:188} INFO - [2026-06-06T20:47:25.383-0400] {dagbag.py:538} INFO - Filling up the DagBag from /Users/nitishbhattad/anaconda3/envs/flight-pipeline/lib/python3.11/site-packages/airflow/example_dags/example_setup_teardown.py
[2026-06-06T20:47:25.387-0400] {processor.py:840} INFO - DAG(s) 'example_setup_teardown' retrieved from /Users/nitishbhattad/anaconda3/envs/flight-pipeline/lib/python3.11/site-packages/airflow/example_dags/example_setup_teardown.py
[2026-06-06T20:47:25.447-0400] {logging_mixin.py:188} INFO - [2026-06-06T20:47:25.447-0400] {dag.py:3036} INFO - Sync 1 DAGs
[2026-06-06T20:47:25.453-0400] {logging_mixin.py:188} INFO - [2026-06-06T20:47:25.453-0400] {dag.py:3823} INFO - Setting next_dagrun for example_setup_teardown to 2026-06-06 00:00:00+00:00, run_after=2026-06-07 00:00:00+00:00
[2026-06-06T20:47:25.460-0400] {processor.py:183} INFO - Processing /Users/nitishbhattad/anaconda3/envs/flight-pipeline/lib/python3.11/site-packages/airflow/example_dags/example_setup_teardown.py took 0.080 seconds
[2026-06-06T20:49:23.224-0400] {processor.py:161} INFO - Started process (PID=66472) to work on /Users/nitishbhattad/anaconda3/envs/flight-pipeline/lib/python3.11/site-packages/airflow/example_dags/example_setup_teardown.py
[2026-06-06T20:49:23.225-0400] {processor.py:830} INFO - Processing file /Users/nitishbhattad/anaconda3/envs/flight-pipeline/lib/python3.11/site-packages/airflow/example_dags/example_setup_teardown.py for tasks to queue
[2026-06-06T20:49:23.226-0400] {logging_mixin.py:188} INFO - [2026-06-06T20:49:23.225-0400] {dagbag.py:538} INFO - Filling up the DagBag from /Users/nitishbhattad/anaconda3/envs/flight-pipeline/lib/python3.11/site-packages/airflow/example_dags/example_setup_teardown.py
[2026-06-06T20:49:23.231-0400] {processor.py:840} INFO - DAG(s) 'example_setup_teardown' retrieved from /Users/nitishbhattad/anaconda3/envs/flight-pipeline/lib/python3.11/site-packages/airflow/example_dags/example_setup_teardown.py
[2026-06-06T20:49:23.367-0400] {logging_mixin.py:188} INFO - [2026-06-06T20:49:23.367-0400] {dag.py:3036} INFO - Sync 1 DAGs
[2026-06-06T20:49:23.380-0400] {logging_mixin.py:188} INFO - [2026-06-06T20:49:23.380-0400] {dag.py:3823} INFO - Setting next_dagrun for example_setup_teardown to 2026-06-06 00:00:00+00:00, run_after=2026-06-07 00:00:00+00:00
[2026-06-06T20:49:23.394-0400] {processor.py:183} INFO - Processing /Users/nitishbhattad/anaconda3/envs/flight-pipeline/lib/python3.11/site-packages/airflow/example_dags/example_setup_teardown.py took 0.171 seconds
