[2026-06-06T20:18:44.155-0400] {processor.py:161} INFO - Started process (PID=63542) to work on /Users/nitishbhattad/anaconda3/envs/flight-pipeline/lib/python3.11/site-packages/airflow/example_dags/example_trigger_target_dag.py
[2026-06-06T20:18:44.155-0400] {processor.py:830} INFO - Processing file /Users/nitishbhattad/anaconda3/envs/flight-pipeline/lib/python3.11/site-packages/airflow/example_dags/example_trigger_target_dag.py for tasks to queue
[2026-06-06T20:18:44.156-0400] {logging_mixin.py:188} INFO - [2026-06-06T20:18:44.156-0400] {dagbag.py:538} INFO - Filling up the DagBag from /Users/nitishbhattad/anaconda3/envs/flight-pipeline/lib/python3.11/site-packages/airflow/example_dags/example_trigger_target_dag.py
[2026-06-06T20:18:44.171-0400] {processor.py:840} INFO - DAG(s) 'example_trigger_target_dag' retrieved from /Users/nitishbhattad/anaconda3/envs/flight-pipeline/lib/python3.11/site-packages/airflow/example_dags/example_trigger_target_dag.py
[2026-06-06T20:18:44.262-0400] {logging_mixin.py:188} INFO - [2026-06-06T20:18:44.262-0400] {override.py:1769} INFO - Created Permission View: can read on DAG:example_trigger_target_dag
[2026-06-06T20:18:44.266-0400] {logging_mixin.py:188} INFO - [2026-06-06T20:18:44.265-0400] {override.py:1769} INFO - Created Permission View: can edit on DAG:example_trigger_target_dag
[2026-06-06T20:18:44.268-0400] {logging_mixin.py:188} INFO - [2026-06-06T20:18:44.267-0400] {override.py:1769} INFO - Created Permission View: can delete on DAG:example_trigger_target_dag
[2026-06-06T20:18:44.268-0400] {logging_mixin.py:188} INFO - [2026-06-06T20:18:44.268-0400] {dag.py:3036} INFO - Sync 1 DAGs
[2026-06-06T20:18:44.272-0400] {logging_mixin.py:188} INFO - [2026-06-06T20:18:44.272-0400] {dag.py:3058} INFO - Creating ORM DAG for example_trigger_target_dag
[2026-06-06T20:18:44.272-0400] {logging_mixin.py:188} INFO - [2026-06-06T20:18:44.272-0400] {dag.py:3823} INFO - Setting next_dagrun for example_trigger_target_dag to None, run_after=None
[2026-06-06T20:18:44.279-0400] {processor.py:183} INFO - Processing /Users/nitishbhattad/anaconda3/envs/flight-pipeline/lib/python3.11/site-packages/airflow/example_dags/example_trigger_target_dag.py took 0.124 seconds
[2026-06-06T20:20:15.494-0400] {processor.py:161} INFO - Started process (PID=63683) to work on /Users/nitishbhattad/anaconda3/envs/flight-pipeline/lib/python3.11/site-packages/airflow/example_dags/example_trigger_target_dag.py
[2026-06-06T20:20:15.495-0400] {processor.py:830} INFO - Processing file /Users/nitishbhattad/anaconda3/envs/flight-pipeline/lib/python3.11/site-packages/airflow/example_dags/example_trigger_target_dag.py for tasks to queue
[2026-06-06T20:20:15.496-0400] {logging_mixin.py:188} INFO - [2026-06-06T20:20:15.496-0400] {dagbag.py:538} INFO - Filling up the DagBag from /Users/nitishbhattad/anaconda3/envs/flight-pipeline/lib/python3.11/site-packages/airflow/example_dags/example_trigger_target_dag.py
[2026-06-06T20:20:15.520-0400] {processor.py:840} INFO - DAG(s) 'example_trigger_target_dag' retrieved from /Users/nitishbhattad/anaconda3/envs/flight-pipeline/lib/python3.11/site-packages/airflow/example_dags/example_trigger_target_dag.py
[2026-06-06T20:20:15.611-0400] {logging_mixin.py:188} INFO - [2026-06-06T20:20:15.610-0400] {dag.py:3036} INFO - Sync 1 DAGs
[2026-06-06T20:20:15.614-0400] {logging_mixin.py:188} INFO - [2026-06-06T20:20:15.614-0400] {dag.py:3823} INFO - Setting next_dagrun for example_trigger_target_dag to None, run_after=None
[2026-06-06T20:20:15.625-0400] {processor.py:183} INFO - Processing /Users/nitishbhattad/anaconda3/envs/flight-pipeline/lib/python3.11/site-packages/airflow/example_dags/example_trigger_target_dag.py took 0.133 seconds
[2026-06-06T20:21:20.107-0400] {processor.py:161} INFO - Started process (PID=63784) to work on /Users/nitishbhattad/anaconda3/envs/flight-pipeline/lib/python3.11/site-packages/airflow/example_dags/example_trigger_target_dag.py
[2026-06-06T20:21:20.108-0400] {processor.py:830} INFO - Processing file /Users/nitishbhattad/anaconda3/envs/flight-pipeline/lib/python3.11/site-packages/airflow/example_dags/example_trigger_target_dag.py for tasks to queue
[2026-06-06T20:21:20.108-0400] {logging_mixin.py:188} INFO - [2026-06-06T20:21:20.108-0400] {dagbag.py:538} INFO - Filling up the DagBag from /Users/nitishbhattad/anaconda3/envs/flight-pipeline/lib/python3.11/site-packages/airflow/example_dags/example_trigger_target_dag.py
[2026-06-06T20:21:20.121-0400] {processor.py:840} INFO - DAG(s) 'example_trigger_target_dag' retrieved from /Users/nitishbhattad/anaconda3/envs/flight-pipeline/lib/python3.11/site-packages/airflow/example_dags/example_trigger_target_dag.py
[2026-06-06T20:21:20.185-0400] {logging_mixin.py:188} INFO - [2026-06-06T20:21:20.185-0400] {dag.py:3036} INFO - Sync 1 DAGs
[2026-06-06T20:21:20.188-0400] {logging_mixin.py:188} INFO - [2026-06-06T20:21:20.188-0400] {dag.py:3823} INFO - Setting next_dagrun for example_trigger_target_dag to None, run_after=None
[2026-06-06T20:21:20.196-0400] {processor.py:183} INFO - Processing /Users/nitishbhattad/anaconda3/envs/flight-pipeline/lib/python3.11/site-packages/airflow/example_dags/example_trigger_target_dag.py took 0.090 seconds
[2026-06-06T20:23:31.097-0400] {processor.py:161} INFO - Started process (PID=64004) to work on /Users/nitishbhattad/anaconda3/envs/flight-pipeline/lib/python3.11/site-packages/airflow/example_dags/example_trigger_target_dag.py
[2026-06-06T20:23:31.098-0400] {processor.py:830} INFO - Processing file /Users/nitishbhattad/anaconda3/envs/flight-pipeline/lib/python3.11/site-packages/airflow/example_dags/example_trigger_target_dag.py for tasks to queue
[2026-06-06T20:23:31.099-0400] {logging_mixin.py:188} INFO - [2026-06-06T20:23:31.099-0400] {dagbag.py:538} INFO - Filling up the DagBag from /Users/nitishbhattad/anaconda3/envs/flight-pipeline/lib/python3.11/site-packages/airflow/example_dags/example_trigger_target_dag.py
[2026-06-06T20:23:31.112-0400] {processor.py:840} INFO - DAG(s) 'example_trigger_target_dag' retrieved from /Users/nitishbhattad/anaconda3/envs/flight-pipeline/lib/python3.11/site-packages/airflow/example_dags/example_trigger_target_dag.py
[2026-06-06T20:23:31.174-0400] {logging_mixin.py:188} INFO - [2026-06-06T20:23:31.173-0400] {dag.py:3036} INFO - Sync 1 DAGs
[2026-06-06T20:23:31.178-0400] {logging_mixin.py:188} INFO - [2026-06-06T20:23:31.177-0400] {dag.py:3823} INFO - Setting next_dagrun for example_trigger_target_dag to None, run_after=None
[2026-06-06T20:23:31.186-0400] {processor.py:183} INFO - Processing /Users/nitishbhattad/anaconda3/envs/flight-pipeline/lib/python3.11/site-packages/airflow/example_dags/example_trigger_target_dag.py took 0.089 seconds
[2026-06-06T20:24:44.988-0400] {processor.py:161} INFO - Started process (PID=64132) to work on /Users/nitishbhattad/anaconda3/envs/flight-pipeline/lib/python3.11/site-packages/airflow/example_dags/example_trigger_target_dag.py
[2026-06-06T20:24:44.989-0400] {processor.py:830} INFO - Processing file /Users/nitishbhattad/anaconda3/envs/flight-pipeline/lib/python3.11/site-packages/airflow/example_dags/example_trigger_target_dag.py for tasks to queue
[2026-06-06T20:24:44.989-0400] {logging_mixin.py:188} INFO - [2026-06-06T20:24:44.989-0400] {dagbag.py:538} INFO - Filling up the DagBag from /Users/nitishbhattad/anaconda3/envs/flight-pipeline/lib/python3.11/site-packages/airflow/example_dags/example_trigger_target_dag.py
[2026-06-06T20:24:45.006-0400] {processor.py:840} INFO - DAG(s) 'example_trigger_target_dag' retrieved from /Users/nitishbhattad/anaconda3/envs/flight-pipeline/lib/python3.11/site-packages/airflow/example_dags/example_trigger_target_dag.py
[2026-06-06T20:24:45.067-0400] {logging_mixin.py:188} INFO - [2026-06-06T20:24:45.067-0400] {dag.py:3036} INFO - Sync 1 DAGs
[2026-06-06T20:24:45.070-0400] {logging_mixin.py:188} INFO - [2026-06-06T20:24:45.070-0400] {dag.py:3823} INFO - Setting next_dagrun for example_trigger_target_dag to None, run_after=None
[2026-06-06T20:24:45.079-0400] {processor.py:183} INFO - Processing /Users/nitishbhattad/anaconda3/envs/flight-pipeline/lib/python3.11/site-packages/airflow/example_dags/example_trigger_target_dag.py took 0.091 seconds
[2026-06-06T20:25:50.778-0400] {processor.py:161} INFO - Started process (PID=64238) to work on /Users/nitishbhattad/anaconda3/envs/flight-pipeline/lib/python3.11/site-packages/airflow/example_dags/example_trigger_target_dag.py
[2026-06-06T20:25:50.782-0400] {processor.py:830} INFO - Processing file /Users/nitishbhattad/anaconda3/envs/flight-pipeline/lib/python3.11/site-packages/airflow/example_dags/example_trigger_target_dag.py for tasks to queue
[2026-06-06T20:25:50.784-0400] {logging_mixin.py:188} INFO - [2026-06-06T20:25:50.784-0400] {dagbag.py:538} INFO - Filling up the DagBag from /Users/nitishbhattad/anaconda3/envs/flight-pipeline/lib/python3.11/site-packages/airflow/example_dags/example_trigger_target_dag.py
[2026-06-06T20:25:50.922-0400] {processor.py:840} INFO - DAG(s) 'example_trigger_target_dag' retrieved from /Users/nitishbhattad/anaconda3/envs/flight-pipeline/lib/python3.11/site-packages/airflow/example_dags/example_trigger_target_dag.py
[2026-06-06T20:25:51.205-0400] {logging_mixin.py:188} INFO - [2026-06-06T20:25:51.205-0400] {dag.py:3036} INFO - Sync 1 DAGs
[2026-06-06T20:25:51.212-0400] {logging_mixin.py:188} INFO - [2026-06-06T20:25:51.212-0400] {dag.py:3823} INFO - Setting next_dagrun for example_trigger_target_dag to None, run_after=None
[2026-06-06T20:25:51.237-0400] {processor.py:183} INFO - Processing /Users/nitishbhattad/anaconda3/envs/flight-pipeline/lib/python3.11/site-packages/airflow/example_dags/example_trigger_target_dag.py took 0.459 seconds
[2026-06-06T20:26:59.899-0400] {processor.py:161} INFO - Started process (PID=64351) to work on /Users/nitishbhattad/anaconda3/envs/flight-pipeline/lib/python3.11/site-packages/airflow/example_dags/example_trigger_target_dag.py
[2026-06-06T20:26:59.900-0400] {processor.py:830} INFO - Processing file /Users/nitishbhattad/anaconda3/envs/flight-pipeline/lib/python3.11/site-packages/airflow/example_dags/example_trigger_target_dag.py for tasks to queue
[2026-06-06T20:26:59.901-0400] {logging_mixin.py:188} INFO - [2026-06-06T20:26:59.901-0400] {dagbag.py:538} INFO - Filling up the DagBag from /Users/nitishbhattad/anaconda3/envs/flight-pipeline/lib/python3.11/site-packages/airflow/example_dags/example_trigger_target_dag.py
[2026-06-06T20:26:59.915-0400] {processor.py:840} INFO - DAG(s) 'example_trigger_target_dag' retrieved from /Users/nitishbhattad/anaconda3/envs/flight-pipeline/lib/python3.11/site-packages/airflow/example_dags/example_trigger_target_dag.py
[2026-06-06T20:26:59.976-0400] {logging_mixin.py:188} INFO - [2026-06-06T20:26:59.976-0400] {dag.py:3036} INFO - Sync 1 DAGs
[2026-06-06T20:26:59.979-0400] {logging_mixin.py:188} INFO - [2026-06-06T20:26:59.979-0400] {dag.py:3823} INFO - Setting next_dagrun for example_trigger_target_dag to None, run_after=None
[2026-06-06T20:26:59.988-0400] {processor.py:183} INFO - Processing /Users/nitishbhattad/anaconda3/envs/flight-pipeline/lib/python3.11/site-packages/airflow/example_dags/example_trigger_target_dag.py took 0.090 seconds
[2026-06-06T20:28:06.608-0400] {processor.py:161} INFO - Started process (PID=64466) to work on /Users/nitishbhattad/anaconda3/envs/flight-pipeline/lib/python3.11/site-packages/airflow/example_dags/example_trigger_target_dag.py
[2026-06-06T20:28:06.609-0400] {processor.py:830} INFO - Processing file /Users/nitishbhattad/anaconda3/envs/flight-pipeline/lib/python3.11/site-packages/airflow/example_dags/example_trigger_target_dag.py for tasks to queue
[2026-06-06T20:28:06.610-0400] {logging_mixin.py:188} INFO - [2026-06-06T20:28:06.610-0400] {dagbag.py:538} INFO - Filling up the DagBag from /Users/nitishbhattad/anaconda3/envs/flight-pipeline/lib/python3.11/site-packages/airflow/example_dags/example_trigger_target_dag.py
[2026-06-06T20:28:06.623-0400] {processor.py:840} INFO - DAG(s) 'example_trigger_target_dag' retrieved from /Users/nitishbhattad/anaconda3/envs/flight-pipeline/lib/python3.11/site-packages/airflow/example_dags/example_trigger_target_dag.py
[2026-06-06T20:28:06.719-0400] {logging_mixin.py:188} INFO - [2026-06-06T20:28:06.719-0400] {dag.py:3036} INFO - Sync 1 DAGs
[2026-06-06T20:28:06.728-0400] {logging_mixin.py:188} INFO - [2026-06-06T20:28:06.728-0400] {dag.py:3823} INFO - Setting next_dagrun for example_trigger_target_dag to None, run_after=None
[2026-06-06T20:28:06.750-0400] {processor.py:183} INFO - Processing /Users/nitishbhattad/anaconda3/envs/flight-pipeline/lib/python3.11/site-packages/airflow/example_dags/example_trigger_target_dag.py took 0.142 seconds
[2026-06-06T20:29:04.569-0400] {processor.py:161} INFO - Started process (PID=64550) to work on /Users/nitishbhattad/anaconda3/envs/flight-pipeline/lib/python3.11/site-packages/airflow/example_dags/example_trigger_target_dag.py
[2026-06-06T20:29:04.571-0400] {processor.py:830} INFO - Processing file /Users/nitishbhattad/anaconda3/envs/flight-pipeline/lib/python3.11/site-packages/airflow/example_dags/example_trigger_target_dag.py for tasks to queue
[2026-06-06T20:29:04.571-0400] {logging_mixin.py:188} INFO - [2026-06-06T20:29:04.571-0400] {dagbag.py:538} INFO - Filling up the DagBag from /Users/nitishbhattad/anaconda3/envs/flight-pipeline/lib/python3.11/site-packages/airflow/example_dags/example_trigger_target_dag.py
[2026-06-06T20:29:04.586-0400] {processor.py:840} INFO - DAG(s) 'example_trigger_target_dag' retrieved from /Users/nitishbhattad/anaconda3/envs/flight-pipeline/lib/python3.11/site-packages/airflow/example_dags/example_trigger_target_dag.py
[2026-06-06T20:29:04.644-0400] {logging_mixin.py:188} INFO - [2026-06-06T20:29:04.644-0400] {dag.py:3036} INFO - Sync 1 DAGs
[2026-06-06T20:29:04.647-0400] {logging_mixin.py:188} INFO - [2026-06-06T20:29:04.647-0400] {dag.py:3823} INFO - Setting next_dagrun for example_trigger_target_dag to None, run_after=None
[2026-06-06T20:29:04.655-0400] {processor.py:183} INFO - Processing /Users/nitishbhattad/anaconda3/envs/flight-pipeline/lib/python3.11/site-packages/airflow/example_dags/example_trigger_target_dag.py took 0.086 seconds
[2026-06-06T20:30:03.323-0400] {processor.py:161} INFO - Started process (PID=64635) to work on /Users/nitishbhattad/anaconda3/envs/flight-pipeline/lib/python3.11/site-packages/airflow/example_dags/example_trigger_target_dag.py
[2026-06-06T20:30:03.325-0400] {processor.py:830} INFO - Processing file /Users/nitishbhattad/anaconda3/envs/flight-pipeline/lib/python3.11/site-packages/airflow/example_dags/example_trigger_target_dag.py for tasks to queue
[2026-06-06T20:30:03.325-0400] {logging_mixin.py:188} INFO - [2026-06-06T20:30:03.325-0400] {dagbag.py:538} INFO - Filling up the DagBag from /Users/nitishbhattad/anaconda3/envs/flight-pipeline/lib/python3.11/site-packages/airflow/example_dags/example_trigger_target_dag.py
[2026-06-06T20:30:03.338-0400] {processor.py:840} INFO - DAG(s) 'example_trigger_target_dag' retrieved from /Users/nitishbhattad/anaconda3/envs/flight-pipeline/lib/python3.11/site-packages/airflow/example_dags/example_trigger_target_dag.py
[2026-06-06T20:30:03.397-0400] {logging_mixin.py:188} INFO - [2026-06-06T20:30:03.397-0400] {dag.py:3036} INFO - Sync 1 DAGs
[2026-06-06T20:30:03.400-0400] {logging_mixin.py:188} INFO - [2026-06-06T20:30:03.400-0400] {dag.py:3823} INFO - Setting next_dagrun for example_trigger_target_dag to None, run_after=None
[2026-06-06T20:30:03.408-0400] {processor.py:183} INFO - Processing /Users/nitishbhattad/anaconda3/envs/flight-pipeline/lib/python3.11/site-packages/airflow/example_dags/example_trigger_target_dag.py took 0.086 seconds
[2026-06-06T20:31:15.536-0400] {processor.py:161} INFO - Started process (PID=64746) to work on /Users/nitishbhattad/anaconda3/envs/flight-pipeline/lib/python3.11/site-packages/airflow/example_dags/example_trigger_target_dag.py
[2026-06-06T20:31:15.538-0400] {processor.py:830} INFO - Processing file /Users/nitishbhattad/anaconda3/envs/flight-pipeline/lib/python3.11/site-packages/airflow/example_dags/example_trigger_target_dag.py for tasks to queue
[2026-06-06T20:31:15.538-0400] {logging_mixin.py:188} INFO - [2026-06-06T20:31:15.538-0400] {dagbag.py:538} INFO - Filling up the DagBag from /Users/nitishbhattad/anaconda3/envs/flight-pipeline/lib/python3.11/site-packages/airflow/example_dags/example_trigger_target_dag.py
[2026-06-06T20:31:15.554-0400] {processor.py:840} INFO - DAG(s) 'example_trigger_target_dag' retrieved from /Users/nitishbhattad/anaconda3/envs/flight-pipeline/lib/python3.11/site-packages/airflow/example_dags/example_trigger_target_dag.py
[2026-06-06T20:31:15.636-0400] {logging_mixin.py:188} INFO - [2026-06-06T20:31:15.636-0400] {dag.py:3036} INFO - Sync 1 DAGs
[2026-06-06T20:31:15.640-0400] {logging_mixin.py:188} INFO - [2026-06-06T20:31:15.640-0400] {dag.py:3823} INFO - Setting next_dagrun for example_trigger_target_dag to None, run_after=None
[2026-06-06T20:31:15.653-0400] {processor.py:183} INFO - Processing /Users/nitishbhattad/anaconda3/envs/flight-pipeline/lib/python3.11/site-packages/airflow/example_dags/example_trigger_target_dag.py took 0.118 seconds
[2026-06-06T20:32:32.799-0400] {processor.py:161} INFO - Started process (PID=64860) to work on /Users/nitishbhattad/anaconda3/envs/flight-pipeline/lib/python3.11/site-packages/airflow/example_dags/example_trigger_target_dag.py
[2026-06-06T20:32:32.800-0400] {processor.py:830} INFO - Processing file /Users/nitishbhattad/anaconda3/envs/flight-pipeline/lib/python3.11/site-packages/airflow/example_dags/example_trigger_target_dag.py for tasks to queue
[2026-06-06T20:32:32.800-0400] {logging_mixin.py:188} INFO - [2026-06-06T20:32:32.800-0400] {dagbag.py:538} INFO - Filling up the DagBag from /Users/nitishbhattad/anaconda3/envs/flight-pipeline/lib/python3.11/site-packages/airflow/example_dags/example_trigger_target_dag.py
[2026-06-06T20:32:32.813-0400] {processor.py:840} INFO - DAG(s) 'example_trigger_target_dag' retrieved from /Users/nitishbhattad/anaconda3/envs/flight-pipeline/lib/python3.11/site-packages/airflow/example_dags/example_trigger_target_dag.py
[2026-06-06T20:32:32.868-0400] {logging_mixin.py:188} INFO - [2026-06-06T20:32:32.867-0400] {dag.py:3036} INFO - Sync 1 DAGs
[2026-06-06T20:32:32.871-0400] {logging_mixin.py:188} INFO - [2026-06-06T20:32:32.871-0400] {dag.py:3823} INFO - Setting next_dagrun for example_trigger_target_dag to None, run_after=None
[2026-06-06T20:32:32.878-0400] {processor.py:183} INFO - Processing /Users/nitishbhattad/anaconda3/envs/flight-pipeline/lib/python3.11/site-packages/airflow/example_dags/example_trigger_target_dag.py took 0.080 seconds
[2026-06-06T20:33:35.638-0400] {processor.py:161} INFO - Started process (PID=64952) to work on /Users/nitishbhattad/anaconda3/envs/flight-pipeline/lib/python3.11/site-packages/airflow/example_dags/example_trigger_target_dag.py
[2026-06-06T20:33:35.639-0400] {processor.py:830} INFO - Processing file /Users/nitishbhattad/anaconda3/envs/flight-pipeline/lib/python3.11/site-packages/airflow/example_dags/example_trigger_target_dag.py for tasks to queue
[2026-06-06T20:33:35.640-0400] {logging_mixin.py:188} INFO - [2026-06-06T20:33:35.640-0400] {dagbag.py:538} INFO - Filling up the DagBag from /Users/nitishbhattad/anaconda3/envs/flight-pipeline/lib/python3.11/site-packages/airflow/example_dags/example_trigger_target_dag.py
[2026-06-06T20:33:35.658-0400] {processor.py:840} INFO - DAG(s) 'example_trigger_target_dag' retrieved from /Users/nitishbhattad/anaconda3/envs/flight-pipeline/lib/python3.11/site-packages/airflow/example_dags/example_trigger_target_dag.py
[2026-06-06T20:33:35.783-0400] {logging_mixin.py:188} INFO - [2026-06-06T20:33:35.783-0400] {dag.py:3036} INFO - Sync 1 DAGs
[2026-06-06T20:33:35.787-0400] {logging_mixin.py:188} INFO - [2026-06-06T20:33:35.787-0400] {dag.py:3823} INFO - Setting next_dagrun for example_trigger_target_dag to None, run_after=None
[2026-06-06T20:33:35.797-0400] {processor.py:183} INFO - Processing /Users/nitishbhattad/anaconda3/envs/flight-pipeline/lib/python3.11/site-packages/airflow/example_dags/example_trigger_target_dag.py took 0.160 seconds
[2026-06-06T20:34:36.707-0400] {processor.py:161} INFO - Started process (PID=65042) to work on /Users/nitishbhattad/anaconda3/envs/flight-pipeline/lib/python3.11/site-packages/airflow/example_dags/example_trigger_target_dag.py
[2026-06-06T20:34:36.708-0400] {processor.py:830} INFO - Processing file /Users/nitishbhattad/anaconda3/envs/flight-pipeline/lib/python3.11/site-packages/airflow/example_dags/example_trigger_target_dag.py for tasks to queue
[2026-06-06T20:34:36.709-0400] {logging_mixin.py:188} INFO - [2026-06-06T20:34:36.708-0400] {dagbag.py:538} INFO - Filling up the DagBag from /Users/nitishbhattad/anaconda3/envs/flight-pipeline/lib/python3.11/site-packages/airflow/example_dags/example_trigger_target_dag.py
[2026-06-06T20:34:36.730-0400] {processor.py:840} INFO - DAG(s) 'example_trigger_target_dag' retrieved from /Users/nitishbhattad/anaconda3/envs/flight-pipeline/lib/python3.11/site-packages/airflow/example_dags/example_trigger_target_dag.py
[2026-06-06T20:34:36.802-0400] {logging_mixin.py:188} INFO - [2026-06-06T20:34:36.802-0400] {dag.py:3036} INFO - Sync 1 DAGs
[2026-06-06T20:34:36.805-0400] {logging_mixin.py:188} INFO - [2026-06-06T20:34:36.805-0400] {dag.py:3823} INFO - Setting next_dagrun for example_trigger_target_dag to None, run_after=None
[2026-06-06T20:34:36.813-0400] {processor.py:183} INFO - Processing /Users/nitishbhattad/anaconda3/envs/flight-pipeline/lib/python3.11/site-packages/airflow/example_dags/example_trigger_target_dag.py took 0.108 seconds
[2026-06-06T20:35:34.559-0400] {processor.py:161} INFO - Started process (PID=65131) to work on /Users/nitishbhattad/anaconda3/envs/flight-pipeline/lib/python3.11/site-packages/airflow/example_dags/example_trigger_target_dag.py
[2026-06-06T20:35:34.560-0400] {processor.py:830} INFO - Processing file /Users/nitishbhattad/anaconda3/envs/flight-pipeline/lib/python3.11/site-packages/airflow/example_dags/example_trigger_target_dag.py for tasks to queue
[2026-06-06T20:35:34.561-0400] {logging_mixin.py:188} INFO - [2026-06-06T20:35:34.560-0400] {dagbag.py:538} INFO - Filling up the DagBag from /Users/nitishbhattad/anaconda3/envs/flight-pipeline/lib/python3.11/site-packages/airflow/example_dags/example_trigger_target_dag.py
[2026-06-06T20:35:34.575-0400] {processor.py:840} INFO - DAG(s) 'example_trigger_target_dag' retrieved from /Users/nitishbhattad/anaconda3/envs/flight-pipeline/lib/python3.11/site-packages/airflow/example_dags/example_trigger_target_dag.py
[2026-06-06T20:35:34.631-0400] {logging_mixin.py:188} INFO - [2026-06-06T20:35:34.631-0400] {dag.py:3036} INFO - Sync 1 DAGs
[2026-06-06T20:35:34.635-0400] {logging_mixin.py:188} INFO - [2026-06-06T20:35:34.634-0400] {dag.py:3823} INFO - Setting next_dagrun for example_trigger_target_dag to None, run_after=None
[2026-06-06T20:35:34.642-0400] {processor.py:183} INFO - Processing /Users/nitishbhattad/anaconda3/envs/flight-pipeline/lib/python3.11/site-packages/airflow/example_dags/example_trigger_target_dag.py took 0.083 seconds
[2026-06-06T20:36:36.937-0400] {processor.py:161} INFO - Started process (PID=65222) to work on /Users/nitishbhattad/anaconda3/envs/flight-pipeline/lib/python3.11/site-packages/airflow/example_dags/example_trigger_target_dag.py
[2026-06-06T20:36:36.944-0400] {processor.py:830} INFO - Processing file /Users/nitishbhattad/anaconda3/envs/flight-pipeline/lib/python3.11/site-packages/airflow/example_dags/example_trigger_target_dag.py for tasks to queue
[2026-06-06T20:36:36.944-0400] {logging_mixin.py:188} INFO - [2026-06-06T20:36:36.944-0400] {dagbag.py:538} INFO - Filling up the DagBag from /Users/nitishbhattad/anaconda3/envs/flight-pipeline/lib/python3.11/site-packages/airflow/example_dags/example_trigger_target_dag.py
[2026-06-06T20:36:36.962-0400] {processor.py:840} INFO - DAG(s) 'example_trigger_target_dag' retrieved from /Users/nitishbhattad/anaconda3/envs/flight-pipeline/lib/python3.11/site-packages/airflow/example_dags/example_trigger_target_dag.py
[2026-06-06T20:36:37.086-0400] {logging_mixin.py:188} INFO - [2026-06-06T20:36:37.086-0400] {dag.py:3036} INFO - Sync 1 DAGs
[2026-06-06T20:36:37.092-0400] {logging_mixin.py:188} INFO - [2026-06-06T20:36:37.092-0400] {dag.py:3823} INFO - Setting next_dagrun for example_trigger_target_dag to None, run_after=None
[2026-06-06T20:36:37.104-0400] {processor.py:183} INFO - Processing /Users/nitishbhattad/anaconda3/envs/flight-pipeline/lib/python3.11/site-packages/airflow/example_dags/example_trigger_target_dag.py took 0.168 seconds
[2026-06-06T20:37:42.340-0400] {processor.py:161} INFO - Started process (PID=65325) to work on /Users/nitishbhattad/anaconda3/envs/flight-pipeline/lib/python3.11/site-packages/airflow/example_dags/example_trigger_target_dag.py
[2026-06-06T20:37:42.341-0400] {processor.py:830} INFO - Processing file /Users/nitishbhattad/anaconda3/envs/flight-pipeline/lib/python3.11/site-packages/airflow/example_dags/example_trigger_target_dag.py for tasks to queue
[2026-06-06T20:37:42.342-0400] {logging_mixin.py:188} INFO - [2026-06-06T20:37:42.342-0400] {dagbag.py:538} INFO - Filling up the DagBag from /Users/nitishbhattad/anaconda3/envs/flight-pipeline/lib/python3.11/site-packages/airflow/example_dags/example_trigger_target_dag.py
[2026-06-06T20:37:42.359-0400] {processor.py:840} INFO - DAG(s) 'example_trigger_target_dag' retrieved from /Users/nitishbhattad/anaconda3/envs/flight-pipeline/lib/python3.11/site-packages/airflow/example_dags/example_trigger_target_dag.py
[2026-06-06T20:37:42.417-0400] {logging_mixin.py:188} INFO - [2026-06-06T20:37:42.417-0400] {dag.py:3036} INFO - Sync 1 DAGs
[2026-06-06T20:37:42.420-0400] {logging_mixin.py:188} INFO - [2026-06-06T20:37:42.420-0400] {dag.py:3823} INFO - Setting next_dagrun for example_trigger_target_dag to None, run_after=None
[2026-06-06T20:37:42.428-0400] {processor.py:183} INFO - Processing /Users/nitishbhattad/anaconda3/envs/flight-pipeline/lib/python3.11/site-packages/airflow/example_dags/example_trigger_target_dag.py took 0.089 seconds
[2026-06-06T20:38:46.716-0400] {processor.py:161} INFO - Started process (PID=65425) to work on /Users/nitishbhattad/anaconda3/envs/flight-pipeline/lib/python3.11/site-packages/airflow/example_dags/example_trigger_target_dag.py
[2026-06-06T20:38:46.717-0400] {processor.py:830} INFO - Processing file /Users/nitishbhattad/anaconda3/envs/flight-pipeline/lib/python3.11/site-packages/airflow/example_dags/example_trigger_target_dag.py for tasks to queue
[2026-06-06T20:38:46.718-0400] {logging_mixin.py:188} INFO - [2026-06-06T20:38:46.717-0400] {dagbag.py:538} INFO - Filling up the DagBag from /Users/nitishbhattad/anaconda3/envs/flight-pipeline/lib/python3.11/site-packages/airflow/example_dags/example_trigger_target_dag.py
[2026-06-06T20:38:46.733-0400] {processor.py:840} INFO - DAG(s) 'example_trigger_target_dag' retrieved from /Users/nitishbhattad/anaconda3/envs/flight-pipeline/lib/python3.11/site-packages/airflow/example_dags/example_trigger_target_dag.py
[2026-06-06T20:38:46.793-0400] {logging_mixin.py:188} INFO - [2026-06-06T20:38:46.793-0400] {dag.py:3036} INFO - Sync 1 DAGs
[2026-06-06T20:38:46.796-0400] {logging_mixin.py:188} INFO - [2026-06-06T20:38:46.796-0400] {dag.py:3823} INFO - Setting next_dagrun for example_trigger_target_dag to None, run_after=None
[2026-06-06T20:38:46.803-0400] {processor.py:183} INFO - Processing /Users/nitishbhattad/anaconda3/envs/flight-pipeline/lib/python3.11/site-packages/airflow/example_dags/example_trigger_target_dag.py took 0.088 seconds
[2026-06-06T20:39:49.341-0400] {processor.py:161} INFO - Started process (PID=65545) to work on /Users/nitishbhattad/anaconda3/envs/flight-pipeline/lib/python3.11/site-packages/airflow/example_dags/example_trigger_target_dag.py
[2026-06-06T20:39:49.343-0400] {processor.py:830} INFO - Processing file /Users/nitishbhattad/anaconda3/envs/flight-pipeline/lib/python3.11/site-packages/airflow/example_dags/example_trigger_target_dag.py for tasks to queue
[2026-06-06T20:39:49.343-0400] {logging_mixin.py:188} INFO - [2026-06-06T20:39:49.343-0400] {dagbag.py:538} INFO - Filling up the DagBag from /Users/nitishbhattad/anaconda3/envs/flight-pipeline/lib/python3.11/site-packages/airflow/example_dags/example_trigger_target_dag.py
[2026-06-06T20:39:49.357-0400] {processor.py:840} INFO - DAG(s) 'example_trigger_target_dag' retrieved from /Users/nitishbhattad/anaconda3/envs/flight-pipeline/lib/python3.11/site-packages/airflow/example_dags/example_trigger_target_dag.py
[2026-06-06T20:39:49.498-0400] {logging_mixin.py:188} INFO - [2026-06-06T20:39:49.498-0400] {dag.py:3036} INFO - Sync 1 DAGs
[2026-06-06T20:39:49.505-0400] {logging_mixin.py:188} INFO - [2026-06-06T20:39:49.505-0400] {dag.py:3823} INFO - Setting next_dagrun for example_trigger_target_dag to None, run_after=None
[2026-06-06T20:39:49.532-0400] {processor.py:183} INFO - Processing /Users/nitishbhattad/anaconda3/envs/flight-pipeline/lib/python3.11/site-packages/airflow/example_dags/example_trigger_target_dag.py took 0.191 seconds
[2026-06-06T20:40:54.059-0400] {processor.py:161} INFO - Started process (PID=65678) to work on /Users/nitishbhattad/anaconda3/envs/flight-pipeline/lib/python3.11/site-packages/airflow/example_dags/example_trigger_target_dag.py
[2026-06-06T20:40:54.061-0400] {processor.py:830} INFO - Processing file /Users/nitishbhattad/anaconda3/envs/flight-pipeline/lib/python3.11/site-packages/airflow/example_dags/example_trigger_target_dag.py for tasks to queue
[2026-06-06T20:40:54.062-0400] {logging_mixin.py:188} INFO - [2026-06-06T20:40:54.062-0400] {dagbag.py:538} INFO - Filling up the DagBag from /Users/nitishbhattad/anaconda3/envs/flight-pipeline/lib/python3.11/site-packages/airflow/example_dags/example_trigger_target_dag.py
[2026-06-06T20:40:54.076-0400] {processor.py:840} INFO - DAG(s) 'example_trigger_target_dag' retrieved from /Users/nitishbhattad/anaconda3/envs/flight-pipeline/lib/python3.11/site-packages/airflow/example_dags/example_trigger_target_dag.py
[2026-06-06T20:40:54.136-0400] {logging_mixin.py:188} INFO - [2026-06-06T20:40:54.136-0400] {dag.py:3036} INFO - Sync 1 DAGs
[2026-06-06T20:40:54.139-0400] {logging_mixin.py:188} INFO - [2026-06-06T20:40:54.139-0400] {dag.py:3823} INFO - Setting next_dagrun for example_trigger_target_dag to None, run_after=None
[2026-06-06T20:40:54.146-0400] {processor.py:183} INFO - Processing /Users/nitishbhattad/anaconda3/envs/flight-pipeline/lib/python3.11/site-packages/airflow/example_dags/example_trigger_target_dag.py took 0.088 seconds
[2026-06-06T20:41:59.633-0400] {processor.py:161} INFO - Started process (PID=65769) to work on /Users/nitishbhattad/anaconda3/envs/flight-pipeline/lib/python3.11/site-packages/airflow/example_dags/example_trigger_target_dag.py
[2026-06-06T20:41:59.634-0400] {processor.py:830} INFO - Processing file /Users/nitishbhattad/anaconda3/envs/flight-pipeline/lib/python3.11/site-packages/airflow/example_dags/example_trigger_target_dag.py for tasks to queue
[2026-06-06T20:41:59.634-0400] {logging_mixin.py:188} INFO - [2026-06-06T20:41:59.634-0400] {dagbag.py:538} INFO - Filling up the DagBag from /Users/nitishbhattad/anaconda3/envs/flight-pipeline/lib/python3.11/site-packages/airflow/example_dags/example_trigger_target_dag.py
[2026-06-06T20:41:59.648-0400] {processor.py:840} INFO - DAG(s) 'example_trigger_target_dag' retrieved from /Users/nitishbhattad/anaconda3/envs/flight-pipeline/lib/python3.11/site-packages/airflow/example_dags/example_trigger_target_dag.py
[2026-06-06T20:41:59.709-0400] {logging_mixin.py:188} INFO - [2026-06-06T20:41:59.709-0400] {dag.py:3036} INFO - Sync 1 DAGs
[2026-06-06T20:41:59.712-0400] {logging_mixin.py:188} INFO - [2026-06-06T20:41:59.712-0400] {dag.py:3823} INFO - Setting next_dagrun for example_trigger_target_dag to None, run_after=None
[2026-06-06T20:41:59.721-0400] {processor.py:183} INFO - Processing /Users/nitishbhattad/anaconda3/envs/flight-pipeline/lib/python3.11/site-packages/airflow/example_dags/example_trigger_target_dag.py took 0.089 seconds
[2026-06-06T20:42:58.679-0400] {processor.py:161} INFO - Started process (PID=65857) to work on /Users/nitishbhattad/anaconda3/envs/flight-pipeline/lib/python3.11/site-packages/airflow/example_dags/example_trigger_target_dag.py
[2026-06-06T20:42:58.680-0400] {processor.py:830} INFO - Processing file /Users/nitishbhattad/anaconda3/envs/flight-pipeline/lib/python3.11/site-packages/airflow/example_dags/example_trigger_target_dag.py for tasks to queue
[2026-06-06T20:42:58.680-0400] {logging_mixin.py:188} INFO - [2026-06-06T20:42:58.680-0400] {dagbag.py:538} INFO - Filling up the DagBag from /Users/nitishbhattad/anaconda3/envs/flight-pipeline/lib/python3.11/site-packages/airflow/example_dags/example_trigger_target_dag.py
[2026-06-06T20:42:58.694-0400] {processor.py:840} INFO - DAG(s) 'example_trigger_target_dag' retrieved from /Users/nitishbhattad/anaconda3/envs/flight-pipeline/lib/python3.11/site-packages/airflow/example_dags/example_trigger_target_dag.py
[2026-06-06T20:42:58.762-0400] {logging_mixin.py:188} INFO - [2026-06-06T20:42:58.762-0400] {dag.py:3036} INFO - Sync 1 DAGs
[2026-06-06T20:42:58.765-0400] {logging_mixin.py:188} INFO - [2026-06-06T20:42:58.765-0400] {dag.py:3823} INFO - Setting next_dagrun for example_trigger_target_dag to None, run_after=None
[2026-06-06T20:42:58.774-0400] {processor.py:183} INFO - Processing /Users/nitishbhattad/anaconda3/envs/flight-pipeline/lib/python3.11/site-packages/airflow/example_dags/example_trigger_target_dag.py took 0.095 seconds
[2026-06-06T20:43:59.913-0400] {processor.py:161} INFO - Started process (PID=65945) to work on /Users/nitishbhattad/anaconda3/envs/flight-pipeline/lib/python3.11/site-packages/airflow/example_dags/example_trigger_target_dag.py
[2026-06-06T20:43:59.916-0400] {processor.py:830} INFO - Processing file /Users/nitishbhattad/anaconda3/envs/flight-pipeline/lib/python3.11/site-packages/airflow/example_dags/example_trigger_target_dag.py for tasks to queue
[2026-06-06T20:43:59.916-0400] {logging_mixin.py:188} INFO - [2026-06-06T20:43:59.916-0400] {dagbag.py:538} INFO - Filling up the DagBag from /Users/nitishbhattad/anaconda3/envs/flight-pipeline/lib/python3.11/site-packages/airflow/example_dags/example_trigger_target_dag.py
[2026-06-06T20:43:59.944-0400] {processor.py:840} INFO - DAG(s) 'example_trigger_target_dag' retrieved from /Users/nitishbhattad/anaconda3/envs/flight-pipeline/lib/python3.11/site-packages/airflow/example_dags/example_trigger_target_dag.py
[2026-06-06T20:44:00.078-0400] {logging_mixin.py:188} INFO - [2026-06-06T20:44:00.078-0400] {dag.py:3036} INFO - Sync 1 DAGs
[2026-06-06T20:44:00.081-0400] {logging_mixin.py:188} INFO - [2026-06-06T20:44:00.081-0400] {dag.py:3823} INFO - Setting next_dagrun for example_trigger_target_dag to None, run_after=None
[2026-06-06T20:44:00.089-0400] {processor.py:183} INFO - Processing /Users/nitishbhattad/anaconda3/envs/flight-pipeline/lib/python3.11/site-packages/airflow/example_dags/example_trigger_target_dag.py took 0.182 seconds
[2026-06-06T20:45:02.876-0400] {processor.py:161} INFO - Started process (PID=66047) to work on /Users/nitishbhattad/anaconda3/envs/flight-pipeline/lib/python3.11/site-packages/airflow/example_dags/example_trigger_target_dag.py
[2026-06-06T20:45:02.877-0400] {processor.py:830} INFO - Processing file /Users/nitishbhattad/anaconda3/envs/flight-pipeline/lib/python3.11/site-packages/airflow/example_dags/example_trigger_target_dag.py for tasks to queue
[2026-06-06T20:45:02.877-0400] {logging_mixin.py:188} INFO - [2026-06-06T20:45:02.877-0400] {dagbag.py:538} INFO - Filling up the DagBag from /Users/nitishbhattad/anaconda3/envs/flight-pipeline/lib/python3.11/site-packages/airflow/example_dags/example_trigger_target_dag.py
[2026-06-06T20:45:02.894-0400] {processor.py:840} INFO - DAG(s) 'example_trigger_target_dag' retrieved from /Users/nitishbhattad/anaconda3/envs/flight-pipeline/lib/python3.11/site-packages/airflow/example_dags/example_trigger_target_dag.py
[2026-06-06T20:45:02.954-0400] {logging_mixin.py:188} INFO - [2026-06-06T20:45:02.954-0400] {dag.py:3036} INFO - Sync 1 DAGs
[2026-06-06T20:45:02.957-0400] {logging_mixin.py:188} INFO - [2026-06-06T20:45:02.957-0400] {dag.py:3823} INFO - Setting next_dagrun for example_trigger_target_dag to None, run_after=None
[2026-06-06T20:45:02.965-0400] {processor.py:183} INFO - Processing /Users/nitishbhattad/anaconda3/envs/flight-pipeline/lib/python3.11/site-packages/airflow/example_dags/example_trigger_target_dag.py took 0.090 seconds
[2026-06-06T20:46:05.938-0400] {processor.py:161} INFO - Started process (PID=66140) to work on /Users/nitishbhattad/anaconda3/envs/flight-pipeline/lib/python3.11/site-packages/airflow/example_dags/example_trigger_target_dag.py
[2026-06-06T20:46:05.939-0400] {processor.py:830} INFO - Processing file /Users/nitishbhattad/anaconda3/envs/flight-pipeline/lib/python3.11/site-packages/airflow/example_dags/example_trigger_target_dag.py for tasks to queue
[2026-06-06T20:46:05.940-0400] {logging_mixin.py:188} INFO - [2026-06-06T20:46:05.940-0400] {dagbag.py:538} INFO - Filling up the DagBag from /Users/nitishbhattad/anaconda3/envs/flight-pipeline/lib/python3.11/site-packages/airflow/example_dags/example_trigger_target_dag.py
[2026-06-06T20:46:05.957-0400] {processor.py:840} INFO - DAG(s) 'example_trigger_target_dag' retrieved from /Users/nitishbhattad/anaconda3/envs/flight-pipeline/lib/python3.11/site-packages/airflow/example_dags/example_trigger_target_dag.py
[2026-06-06T20:46:06.096-0400] {logging_mixin.py:188} INFO - [2026-06-06T20:46:06.096-0400] {dag.py:3036} INFO - Sync 1 DAGs
[2026-06-06T20:46:06.104-0400] {logging_mixin.py:188} INFO - [2026-06-06T20:46:06.104-0400] {dag.py:3823} INFO - Setting next_dagrun for example_trigger_target_dag to None, run_after=None
[2026-06-06T20:46:06.122-0400] {processor.py:183} INFO - Processing /Users/nitishbhattad/anaconda3/envs/flight-pipeline/lib/python3.11/site-packages/airflow/example_dags/example_trigger_target_dag.py took 0.189 seconds
[2026-06-06T20:47:09.145-0400] {processor.py:161} INFO - Started process (PID=66248) to work on /Users/nitishbhattad/anaconda3/envs/flight-pipeline/lib/python3.11/site-packages/airflow/example_dags/example_trigger_target_dag.py
[2026-06-06T20:47:09.146-0400] {processor.py:830} INFO - Processing file /Users/nitishbhattad/anaconda3/envs/flight-pipeline/lib/python3.11/site-packages/airflow/example_dags/example_trigger_target_dag.py for tasks to queue
[2026-06-06T20:47:09.146-0400] {logging_mixin.py:188} INFO - [2026-06-06T20:47:09.146-0400] {dagbag.py:538} INFO - Filling up the DagBag from /Users/nitishbhattad/anaconda3/envs/flight-pipeline/lib/python3.11/site-packages/airflow/example_dags/example_trigger_target_dag.py
[2026-06-06T20:47:09.160-0400] {processor.py:840} INFO - DAG(s) 'example_trigger_target_dag' retrieved from /Users/nitishbhattad/anaconda3/envs/flight-pipeline/lib/python3.11/site-packages/airflow/example_dags/example_trigger_target_dag.py
[2026-06-06T20:47:09.223-0400] {logging_mixin.py:188} INFO - [2026-06-06T20:47:09.223-0400] {dag.py:3036} INFO - Sync 1 DAGs
[2026-06-06T20:47:09.226-0400] {logging_mixin.py:188} INFO - [2026-06-06T20:47:09.226-0400] {dag.py:3823} INFO - Setting next_dagrun for example_trigger_target_dag to None, run_after=None
[2026-06-06T20:47:09.234-0400] {processor.py:183} INFO - Processing /Users/nitishbhattad/anaconda3/envs/flight-pipeline/lib/python3.11/site-packages/airflow/example_dags/example_trigger_target_dag.py took 0.092 seconds
[2026-06-06T20:48:08.747-0400] {processor.py:161} INFO - Started process (PID=66351) to work on /Users/nitishbhattad/anaconda3/envs/flight-pipeline/lib/python3.11/site-packages/airflow/example_dags/example_trigger_target_dag.py
[2026-06-06T20:48:08.748-0400] {processor.py:830} INFO - Processing file /Users/nitishbhattad/anaconda3/envs/flight-pipeline/lib/python3.11/site-packages/airflow/example_dags/example_trigger_target_dag.py for tasks to queue
[2026-06-06T20:48:08.749-0400] {logging_mixin.py:188} INFO - [2026-06-06T20:48:08.749-0400] {dagbag.py:538} INFO - Filling up the DagBag from /Users/nitishbhattad/anaconda3/envs/flight-pipeline/lib/python3.11/site-packages/airflow/example_dags/example_trigger_target_dag.py
[2026-06-06T20:48:08.763-0400] {processor.py:840} INFO - DAG(s) 'example_trigger_target_dag' retrieved from /Users/nitishbhattad/anaconda3/envs/flight-pipeline/lib/python3.11/site-packages/airflow/example_dags/example_trigger_target_dag.py
[2026-06-06T20:48:08.825-0400] {logging_mixin.py:188} INFO - [2026-06-06T20:48:08.824-0400] {dag.py:3036} INFO - Sync 1 DAGs
[2026-06-06T20:48:08.829-0400] {logging_mixin.py:188} INFO - [2026-06-06T20:48:08.828-0400] {dag.py:3823} INFO - Setting next_dagrun for example_trigger_target_dag to None, run_after=None
[2026-06-06T20:48:08.837-0400] {processor.py:183} INFO - Processing /Users/nitishbhattad/anaconda3/envs/flight-pipeline/lib/python3.11/site-packages/airflow/example_dags/example_trigger_target_dag.py took 0.092 seconds
[2026-06-06T20:49:07.289-0400] {processor.py:161} INFO - Started process (PID=66438) to work on /Users/nitishbhattad/anaconda3/envs/flight-pipeline/lib/python3.11/site-packages/airflow/example_dags/example_trigger_target_dag.py
[2026-06-06T20:49:07.291-0400] {processor.py:830} INFO - Processing file /Users/nitishbhattad/anaconda3/envs/flight-pipeline/lib/python3.11/site-packages/airflow/example_dags/example_trigger_target_dag.py for tasks to queue
[2026-06-06T20:49:07.291-0400] {logging_mixin.py:188} INFO - [2026-06-06T20:49:07.291-0400] {dagbag.py:538} INFO - Filling up the DagBag from /Users/nitishbhattad/anaconda3/envs/flight-pipeline/lib/python3.11/site-packages/airflow/example_dags/example_trigger_target_dag.py
[2026-06-06T20:49:07.324-0400] {processor.py:840} INFO - DAG(s) 'example_trigger_target_dag' retrieved from /Users/nitishbhattad/anaconda3/envs/flight-pipeline/lib/python3.11/site-packages/airflow/example_dags/example_trigger_target_dag.py
[2026-06-06T20:49:07.389-0400] {logging_mixin.py:188} INFO - [2026-06-06T20:49:07.389-0400] {dag.py:3036} INFO - Sync 1 DAGs
[2026-06-06T20:49:07.393-0400] {logging_mixin.py:188} INFO - [2026-06-06T20:49:07.393-0400] {dag.py:3823} INFO - Setting next_dagrun for example_trigger_target_dag to None, run_after=None
[2026-06-06T20:49:07.400-0400] {processor.py:183} INFO - Processing /Users/nitishbhattad/anaconda3/envs/flight-pipeline/lib/python3.11/site-packages/airflow/example_dags/example_trigger_target_dag.py took 0.112 seconds
[2026-06-06T20:50:07.241-0400] {processor.py:161} INFO - Started process (PID=66543) to work on /Users/nitishbhattad/anaconda3/envs/flight-pipeline/lib/python3.11/site-packages/airflow/example_dags/example_trigger_target_dag.py
[2026-06-06T20:50:07.243-0400] {processor.py:830} INFO - Processing file /Users/nitishbhattad/anaconda3/envs/flight-pipeline/lib/python3.11/site-packages/airflow/example_dags/example_trigger_target_dag.py for tasks to queue
[2026-06-06T20:50:07.244-0400] {logging_mixin.py:188} INFO - [2026-06-06T20:50:07.244-0400] {dagbag.py:538} INFO - Filling up the DagBag from /Users/nitishbhattad/anaconda3/envs/flight-pipeline/lib/python3.11/site-packages/airflow/example_dags/example_trigger_target_dag.py
[2026-06-06T20:50:07.265-0400] {processor.py:840} INFO - DAG(s) 'example_trigger_target_dag' retrieved from /Users/nitishbhattad/anaconda3/envs/flight-pipeline/lib/python3.11/site-packages/airflow/example_dags/example_trigger_target_dag.py
[2026-06-06T20:50:07.348-0400] {logging_mixin.py:188} INFO - [2026-06-06T20:50:07.348-0400] {dag.py:3036} INFO - Sync 1 DAGs
[2026-06-06T20:50:07.351-0400] {logging_mixin.py:188} INFO - [2026-06-06T20:50:07.351-0400] {dag.py:3823} INFO - Setting next_dagrun for example_trigger_target_dag to None, run_after=None
[2026-06-06T20:50:07.359-0400] {processor.py:183} INFO - Processing /Users/nitishbhattad/anaconda3/envs/flight-pipeline/lib/python3.11/site-packages/airflow/example_dags/example_trigger_target_dag.py took 0.119 seconds
