[2026-06-06T20:19:22.149-0400] {processor.py:161} INFO - Started process (PID=63606) to work on /Users/nitishbhattad/anaconda3/envs/flight-pipeline/lib/python3.11/site-packages/airflow/example_dags/example_latest_only_with_trigger.py
[2026-06-06T20:19:22.149-0400] {processor.py:830} INFO - Processing file /Users/nitishbhattad/anaconda3/envs/flight-pipeline/lib/python3.11/site-packages/airflow/example_dags/example_latest_only_with_trigger.py for tasks to queue
[2026-06-06T20:19:22.149-0400] {logging_mixin.py:188} INFO - [2026-06-06T20:19:22.149-0400] {dagbag.py:538} INFO - Filling up the DagBag from /Users/nitishbhattad/anaconda3/envs/flight-pipeline/lib/python3.11/site-packages/airflow/example_dags/example_latest_only_with_trigger.py
[2026-06-06T20:19:22.152-0400] {processor.py:840} INFO - DAG(s) 'latest_only_with_trigger' retrieved from /Users/nitishbhattad/anaconda3/envs/flight-pipeline/lib/python3.11/site-packages/airflow/example_dags/example_latest_only_with_trigger.py
[2026-06-06T20:19:22.238-0400] {logging_mixin.py:188} INFO - [2026-06-06T20:19:22.238-0400] {override.py:1769} INFO - Created Permission View: can edit on DAG:latest_only_with_trigger
[2026-06-06T20:19:22.241-0400] {logging_mixin.py:188} INFO - [2026-06-06T20:19:22.241-0400] {override.py:1769} INFO - Created Permission View: can delete on DAG:latest_only_with_trigger
[2026-06-06T20:19:22.243-0400] {logging_mixin.py:188} INFO - [2026-06-06T20:19:22.243-0400] {override.py:1769} INFO - Created Permission View: can read on DAG:latest_only_with_trigger
[2026-06-06T20:19:22.243-0400] {logging_mixin.py:188} INFO - [2026-06-06T20:19:22.243-0400] {dag.py:3036} INFO - Sync 1 DAGs
[2026-06-06T20:19:22.246-0400] {logging_mixin.py:188} INFO - [2026-06-06T20:19:22.246-0400] {dag.py:3058} INFO - Creating ORM DAG for latest_only_with_trigger
[2026-06-06T20:19:22.249-0400] {logging_mixin.py:188} INFO - [2026-06-06T20:19:22.249-0400] {dag.py:3823} INFO - Setting next_dagrun for latest_only_with_trigger to 2026-06-06 20:00:00+00:00, run_after=2026-06-07 00:00:00+00:00
[2026-06-06T20:19:22.254-0400] {processor.py:183} INFO - Processing /Users/nitishbhattad/anaconda3/envs/flight-pipeline/lib/python3.11/site-packages/airflow/example_dags/example_latest_only_with_trigger.py took 0.106 seconds
[2026-06-06T20:20:54.432-0400] {processor.py:161} INFO - Started process (PID=63745) to work on /Users/nitishbhattad/anaconda3/envs/flight-pipeline/lib/python3.11/site-packages/airflow/example_dags/example_latest_only_with_trigger.py
[2026-06-06T20:20:54.433-0400] {processor.py:830} INFO - Processing file /Users/nitishbhattad/anaconda3/envs/flight-pipeline/lib/python3.11/site-packages/airflow/example_dags/example_latest_only_with_trigger.py for tasks to queue
[2026-06-06T20:20:54.433-0400] {logging_mixin.py:188} INFO - [2026-06-06T20:20:54.433-0400] {dagbag.py:538} INFO - Filling up the DagBag from /Users/nitishbhattad/anaconda3/envs/flight-pipeline/lib/python3.11/site-packages/airflow/example_dags/example_latest_only_with_trigger.py
[2026-06-06T20:20:54.437-0400] {processor.py:840} INFO - DAG(s) 'latest_only_with_trigger' retrieved from /Users/nitishbhattad/anaconda3/envs/flight-pipeline/lib/python3.11/site-packages/airflow/example_dags/example_latest_only_with_trigger.py
[2026-06-06T20:20:54.513-0400] {logging_mixin.py:188} INFO - [2026-06-06T20:20:54.513-0400] {dag.py:3036} INFO - Sync 1 DAGs
[2026-06-06T20:20:54.520-0400] {logging_mixin.py:188} INFO - [2026-06-06T20:20:54.519-0400] {dag.py:3823} INFO - Setting next_dagrun for latest_only_with_trigger to 2026-06-06 20:00:00+00:00, run_after=2026-06-07 00:00:00+00:00
[2026-06-06T20:20:54.527-0400] {processor.py:183} INFO - Processing /Users/nitishbhattad/anaconda3/envs/flight-pipeline/lib/python3.11/site-packages/airflow/example_dags/example_latest_only_with_trigger.py took 0.096 seconds
[2026-06-06T20:24:11.990-0400] {processor.py:161} INFO - Started process (PID=64073) to work on /Users/nitishbhattad/anaconda3/envs/flight-pipeline/lib/python3.11/site-packages/airflow/example_dags/example_latest_only_with_trigger.py
[2026-06-06T20:24:11.991-0400] {processor.py:830} INFO - Processing file /Users/nitishbhattad/anaconda3/envs/flight-pipeline/lib/python3.11/site-packages/airflow/example_dags/example_latest_only_with_trigger.py for tasks to queue
[2026-06-06T20:24:11.991-0400] {logging_mixin.py:188} INFO - [2026-06-06T20:24:11.991-0400] {dagbag.py:538} INFO - Filling up the DagBag from /Users/nitishbhattad/anaconda3/envs/flight-pipeline/lib/python3.11/site-packages/airflow/example_dags/example_latest_only_with_trigger.py
[2026-06-06T20:24:11.996-0400] {processor.py:840} INFO - DAG(s) 'latest_only_with_trigger' retrieved from /Users/nitishbhattad/anaconda3/envs/flight-pipeline/lib/python3.11/site-packages/airflow/example_dags/example_latest_only_with_trigger.py
[2026-06-06T20:24:12.086-0400] {logging_mixin.py:188} INFO - [2026-06-06T20:24:12.086-0400] {dag.py:3036} INFO - Sync 1 DAGs
[2026-06-06T20:24:12.095-0400] {logging_mixin.py:188} INFO - [2026-06-06T20:24:12.094-0400] {dag.py:3823} INFO - Setting next_dagrun for latest_only_with_trigger to 2026-06-06 20:00:00+00:00, run_after=2026-06-07 00:00:00+00:00
[2026-06-06T20:24:12.104-0400] {processor.py:183} INFO - Processing /Users/nitishbhattad/anaconda3/envs/flight-pipeline/lib/python3.11/site-packages/airflow/example_dags/example_latest_only_with_trigger.py took 0.114 seconds
[2026-06-06T20:26:25.234-0400] {processor.py:161} INFO - Started process (PID=64296) to work on /Users/nitishbhattad/anaconda3/envs/flight-pipeline/lib/python3.11/site-packages/airflow/example_dags/example_latest_only_with_trigger.py
[2026-06-06T20:26:25.235-0400] {processor.py:830} INFO - Processing file /Users/nitishbhattad/anaconda3/envs/flight-pipeline/lib/python3.11/site-packages/airflow/example_dags/example_latest_only_with_trigger.py for tasks to queue
[2026-06-06T20:26:25.235-0400] {logging_mixin.py:188} INFO - [2026-06-06T20:26:25.235-0400] {dagbag.py:538} INFO - Filling up the DagBag from /Users/nitishbhattad/anaconda3/envs/flight-pipeline/lib/python3.11/site-packages/airflow/example_dags/example_latest_only_with_trigger.py
[2026-06-06T20:26:25.239-0400] {processor.py:840} INFO - DAG(s) 'latest_only_with_trigger' retrieved from /Users/nitishbhattad/anaconda3/envs/flight-pipeline/lib/python3.11/site-packages/airflow/example_dags/example_latest_only_with_trigger.py
[2026-06-06T20:26:25.306-0400] {logging_mixin.py:188} INFO - [2026-06-06T20:26:25.306-0400] {dag.py:3036} INFO - Sync 1 DAGs
[2026-06-06T20:26:25.313-0400] {logging_mixin.py:188} INFO - [2026-06-06T20:26:25.313-0400] {dag.py:3823} INFO - Setting next_dagrun for latest_only_with_trigger to 2026-06-06 20:00:00+00:00, run_after=2026-06-07 00:00:00+00:00
[2026-06-06T20:26:25.322-0400] {processor.py:183} INFO - Processing /Users/nitishbhattad/anaconda3/envs/flight-pipeline/lib/python3.11/site-packages/airflow/example_dags/example_latest_only_with_trigger.py took 0.090 seconds
[2026-06-06T20:28:32.668-0400] {processor.py:161} INFO - Started process (PID=64503) to work on /Users/nitishbhattad/anaconda3/envs/flight-pipeline/lib/python3.11/site-packages/airflow/example_dags/example_latest_only_with_trigger.py
[2026-06-06T20:28:32.669-0400] {processor.py:830} INFO - Processing file /Users/nitishbhattad/anaconda3/envs/flight-pipeline/lib/python3.11/site-packages/airflow/example_dags/example_latest_only_with_trigger.py for tasks to queue
[2026-06-06T20:28:32.669-0400] {logging_mixin.py:188} INFO - [2026-06-06T20:28:32.669-0400] {dagbag.py:538} INFO - Filling up the DagBag from /Users/nitishbhattad/anaconda3/envs/flight-pipeline/lib/python3.11/site-packages/airflow/example_dags/example_latest_only_with_trigger.py
[2026-06-06T20:28:32.672-0400] {processor.py:840} INFO - DAG(s) 'latest_only_with_trigger' retrieved from /Users/nitishbhattad/anaconda3/envs/flight-pipeline/lib/python3.11/site-packages/airflow/example_dags/example_latest_only_with_trigger.py
[2026-06-06T20:28:32.733-0400] {logging_mixin.py:188} INFO - [2026-06-06T20:28:32.732-0400] {dag.py:3036} INFO - Sync 1 DAGs
[2026-06-06T20:28:32.739-0400] {logging_mixin.py:188} INFO - [2026-06-06T20:28:32.739-0400] {dag.py:3823} INFO - Setting next_dagrun for latest_only_with_trigger to 2026-06-06 20:00:00+00:00, run_after=2026-06-07 00:00:00+00:00
[2026-06-06T20:28:32.748-0400] {processor.py:183} INFO - Processing /Users/nitishbhattad/anaconda3/envs/flight-pipeline/lib/python3.11/site-packages/airflow/example_dags/example_latest_only_with_trigger.py took 0.081 seconds
[2026-06-06T20:30:32.438-0400] {processor.py:161} INFO - Started process (PID=64686) to work on /Users/nitishbhattad/anaconda3/envs/flight-pipeline/lib/python3.11/site-packages/airflow/example_dags/example_latest_only_with_trigger.py
[2026-06-06T20:30:32.441-0400] {processor.py:830} INFO - Processing file /Users/nitishbhattad/anaconda3/envs/flight-pipeline/lib/python3.11/site-packages/airflow/example_dags/example_latest_only_with_trigger.py for tasks to queue
[2026-06-06T20:30:32.444-0400] {logging_mixin.py:188} INFO - [2026-06-06T20:30:32.443-0400] {dagbag.py:538} INFO - Filling up the DagBag from /Users/nitishbhattad/anaconda3/envs/flight-pipeline/lib/python3.11/site-packages/airflow/example_dags/example_latest_only_with_trigger.py
[2026-06-06T20:30:32.483-0400] {processor.py:840} INFO - DAG(s) 'latest_only_with_trigger' retrieved from /Users/nitishbhattad/anaconda3/envs/flight-pipeline/lib/python3.11/site-packages/airflow/example_dags/example_latest_only_with_trigger.py
[2026-06-06T20:30:32.658-0400] {logging_mixin.py:188} INFO - [2026-06-06T20:30:32.658-0400] {dag.py:3036} INFO - Sync 1 DAGs
[2026-06-06T20:30:32.671-0400] {logging_mixin.py:188} INFO - [2026-06-06T20:30:32.671-0400] {dag.py:3823} INFO - Setting next_dagrun for latest_only_with_trigger to 2026-06-06 20:00:00+00:00, run_after=2026-06-07 00:00:00+00:00
[2026-06-06T20:30:32.686-0400] {processor.py:183} INFO - Processing /Users/nitishbhattad/anaconda3/envs/flight-pipeline/lib/python3.11/site-packages/airflow/example_dags/example_latest_only_with_trigger.py took 0.256 seconds
[2026-06-06T20:33:02.530-0400] {processor.py:161} INFO - Started process (PID=64903) to work on /Users/nitishbhattad/anaconda3/envs/flight-pipeline/lib/python3.11/site-packages/airflow/example_dags/example_latest_only_with_trigger.py
[2026-06-06T20:33:02.531-0400] {processor.py:830} INFO - Processing file /Users/nitishbhattad/anaconda3/envs/flight-pipeline/lib/python3.11/site-packages/airflow/example_dags/example_latest_only_with_trigger.py for tasks to queue
[2026-06-06T20:33:02.532-0400] {logging_mixin.py:188} INFO - [2026-06-06T20:33:02.531-0400] {dagbag.py:538} INFO - Filling up the DagBag from /Users/nitishbhattad/anaconda3/envs/flight-pipeline/lib/python3.11/site-packages/airflow/example_dags/example_latest_only_with_trigger.py
[2026-06-06T20:33:02.535-0400] {processor.py:840} INFO - DAG(s) 'latest_only_with_trigger' retrieved from /Users/nitishbhattad/anaconda3/envs/flight-pipeline/lib/python3.11/site-packages/airflow/example_dags/example_latest_only_with_trigger.py
[2026-06-06T20:33:02.593-0400] {logging_mixin.py:188} INFO - [2026-06-06T20:33:02.593-0400] {dag.py:3036} INFO - Sync 1 DAGs
[2026-06-06T20:33:02.599-0400] {logging_mixin.py:188} INFO - [2026-06-06T20:33:02.599-0400] {dag.py:3823} INFO - Setting next_dagrun for latest_only_with_trigger to 2026-06-06 20:00:00+00:00, run_after=2026-06-07 00:00:00+00:00
[2026-06-06T20:33:02.606-0400] {processor.py:183} INFO - Processing /Users/nitishbhattad/anaconda3/envs/flight-pipeline/lib/python3.11/site-packages/airflow/example_dags/example_latest_only_with_trigger.py took 0.077 seconds
[2026-06-06T20:35:01.442-0400] {processor.py:161} INFO - Started process (PID=65080) to work on /Users/nitishbhattad/anaconda3/envs/flight-pipeline/lib/python3.11/site-packages/airflow/example_dags/example_latest_only_with_trigger.py
[2026-06-06T20:35:01.443-0400] {processor.py:830} INFO - Processing file /Users/nitishbhattad/anaconda3/envs/flight-pipeline/lib/python3.11/site-packages/airflow/example_dags/example_latest_only_with_trigger.py for tasks to queue
[2026-06-06T20:35:01.444-0400] {logging_mixin.py:188} INFO - [2026-06-06T20:35:01.443-0400] {dagbag.py:538} INFO - Filling up the DagBag from /Users/nitishbhattad/anaconda3/envs/flight-pipeline/lib/python3.11/site-packages/airflow/example_dags/example_latest_only_with_trigger.py
[2026-06-06T20:35:01.448-0400] {processor.py:840} INFO - DAG(s) 'latest_only_with_trigger' retrieved from /Users/nitishbhattad/anaconda3/envs/flight-pipeline/lib/python3.11/site-packages/airflow/example_dags/example_latest_only_with_trigger.py
[2026-06-06T20:35:01.510-0400] {logging_mixin.py:188} INFO - [2026-06-06T20:35:01.510-0400] {dag.py:3036} INFO - Sync 1 DAGs
[2026-06-06T20:35:01.516-0400] {logging_mixin.py:188} INFO - [2026-06-06T20:35:01.516-0400] {dag.py:3823} INFO - Setting next_dagrun for latest_only_with_trigger to 2026-06-06 20:00:00+00:00, run_after=2026-06-07 00:00:00+00:00
[2026-06-06T20:35:01.523-0400] {processor.py:183} INFO - Processing /Users/nitishbhattad/anaconda3/envs/flight-pipeline/lib/python3.11/site-packages/airflow/example_dags/example_latest_only_with_trigger.py took 0.082 seconds
[2026-06-06T20:37:08.346-0400] {processor.py:161} INFO - Started process (PID=65277) to work on /Users/nitishbhattad/anaconda3/envs/flight-pipeline/lib/python3.11/site-packages/airflow/example_dags/example_latest_only_with_trigger.py
[2026-06-06T20:37:08.348-0400] {processor.py:830} INFO - Processing file /Users/nitishbhattad/anaconda3/envs/flight-pipeline/lib/python3.11/site-packages/airflow/example_dags/example_latest_only_with_trigger.py for tasks to queue
[2026-06-06T20:37:08.348-0400] {logging_mixin.py:188} INFO - [2026-06-06T20:37:08.348-0400] {dagbag.py:538} INFO - Filling up the DagBag from /Users/nitishbhattad/anaconda3/envs/flight-pipeline/lib/python3.11/site-packages/airflow/example_dags/example_latest_only_with_trigger.py
[2026-06-06T20:37:08.352-0400] {processor.py:840} INFO - DAG(s) 'latest_only_with_trigger' retrieved from /Users/nitishbhattad/anaconda3/envs/flight-pipeline/lib/python3.11/site-packages/airflow/example_dags/example_latest_only_with_trigger.py
[2026-06-06T20:37:08.424-0400] {logging_mixin.py:188} INFO - [2026-06-06T20:37:08.424-0400] {dag.py:3036} INFO - Sync 1 DAGs
[2026-06-06T20:37:08.430-0400] {logging_mixin.py:188} INFO - [2026-06-06T20:37:08.430-0400] {dag.py:3823} INFO - Setting next_dagrun for latest_only_with_trigger to 2026-06-06 20:00:00+00:00, run_after=2026-06-07 00:00:00+00:00
[2026-06-06T20:37:08.438-0400] {processor.py:183} INFO - Processing /Users/nitishbhattad/anaconda3/envs/flight-pipeline/lib/python3.11/site-packages/airflow/example_dags/example_latest_only_with_trigger.py took 0.093 seconds
[2026-06-06T20:39:14.449-0400] {processor.py:161} INFO - Started process (PID=65456) to work on /Users/nitishbhattad/anaconda3/envs/flight-pipeline/lib/python3.11/site-packages/airflow/example_dags/example_latest_only_with_trigger.py
[2026-06-06T20:39:14.451-0400] {processor.py:830} INFO - Processing file /Users/nitishbhattad/anaconda3/envs/flight-pipeline/lib/python3.11/site-packages/airflow/example_dags/example_latest_only_with_trigger.py for tasks to queue
[2026-06-06T20:39:14.451-0400] {logging_mixin.py:188} INFO - [2026-06-06T20:39:14.451-0400] {dagbag.py:538} INFO - Filling up the DagBag from /Users/nitishbhattad/anaconda3/envs/flight-pipeline/lib/python3.11/site-packages/airflow/example_dags/example_latest_only_with_trigger.py
[2026-06-06T20:39:14.455-0400] {processor.py:840} INFO - DAG(s) 'latest_only_with_trigger' retrieved from /Users/nitishbhattad/anaconda3/envs/flight-pipeline/lib/python3.11/site-packages/airflow/example_dags/example_latest_only_with_trigger.py
[2026-06-06T20:39:14.517-0400] {logging_mixin.py:188} INFO - [2026-06-06T20:39:14.517-0400] {dag.py:3036} INFO - Sync 1 DAGs
[2026-06-06T20:39:14.523-0400] {logging_mixin.py:188} INFO - [2026-06-06T20:39:14.523-0400] {dag.py:3823} INFO - Setting next_dagrun for latest_only_with_trigger to 2026-06-06 20:00:00+00:00, run_after=2026-06-07 00:00:00+00:00
[2026-06-06T20:39:14.531-0400] {processor.py:183} INFO - Processing /Users/nitishbhattad/anaconda3/envs/flight-pipeline/lib/python3.11/site-packages/airflow/example_dags/example_latest_only_with_trigger.py took 0.083 seconds
[2026-06-06T20:41:25.684-0400] {processor.py:161} INFO - Started process (PID=65723) to work on /Users/nitishbhattad/anaconda3/envs/flight-pipeline/lib/python3.11/site-packages/airflow/example_dags/example_latest_only_with_trigger.py
[2026-06-06T20:41:25.686-0400] {processor.py:830} INFO - Processing file /Users/nitishbhattad/anaconda3/envs/flight-pipeline/lib/python3.11/site-packages/airflow/example_dags/example_latest_only_with_trigger.py for tasks to queue
[2026-06-06T20:41:25.686-0400] {logging_mixin.py:188} INFO - [2026-06-06T20:41:25.686-0400] {dagbag.py:538} INFO - Filling up the DagBag from /Users/nitishbhattad/anaconda3/envs/flight-pipeline/lib/python3.11/site-packages/airflow/example_dags/example_latest_only_with_trigger.py
[2026-06-06T20:41:25.689-0400] {processor.py:840} INFO - DAG(s) 'latest_only_with_trigger' retrieved from /Users/nitishbhattad/anaconda3/envs/flight-pipeline/lib/python3.11/site-packages/airflow/example_dags/example_latest_only_with_trigger.py
[2026-06-06T20:41:25.747-0400] {logging_mixin.py:188} INFO - [2026-06-06T20:41:25.747-0400] {dag.py:3036} INFO - Sync 1 DAGs
[2026-06-06T20:41:25.753-0400] {logging_mixin.py:188} INFO - [2026-06-06T20:41:25.753-0400] {dag.py:3823} INFO - Setting next_dagrun for latest_only_with_trigger to 2026-06-06 20:00:00+00:00, run_after=2026-06-07 00:00:00+00:00
[2026-06-06T20:41:25.760-0400] {processor.py:183} INFO - Processing /Users/nitishbhattad/anaconda3/envs/flight-pipeline/lib/python3.11/site-packages/airflow/example_dags/example_latest_only_with_trigger.py took 0.077 seconds
[2026-06-06T20:43:24.132-0400] {processor.py:161} INFO - Started process (PID=65895) to work on /Users/nitishbhattad/anaconda3/envs/flight-pipeline/lib/python3.11/site-packages/airflow/example_dags/example_latest_only_with_trigger.py
[2026-06-06T20:43:24.133-0400] {processor.py:830} INFO - Processing file /Users/nitishbhattad/anaconda3/envs/flight-pipeline/lib/python3.11/site-packages/airflow/example_dags/example_latest_only_with_trigger.py for tasks to queue
[2026-06-06T20:43:24.134-0400] {logging_mixin.py:188} INFO - [2026-06-06T20:43:24.133-0400] {dagbag.py:538} INFO - Filling up the DagBag from /Users/nitishbhattad/anaconda3/envs/flight-pipeline/lib/python3.11/site-packages/airflow/example_dags/example_latest_only_with_trigger.py
[2026-06-06T20:43:24.138-0400] {processor.py:840} INFO - DAG(s) 'latest_only_with_trigger' retrieved from /Users/nitishbhattad/anaconda3/envs/flight-pipeline/lib/python3.11/site-packages/airflow/example_dags/example_latest_only_with_trigger.py
[2026-06-06T20:43:24.201-0400] {logging_mixin.py:188} INFO - [2026-06-06T20:43:24.201-0400] {dag.py:3036} INFO - Sync 1 DAGs
[2026-06-06T20:43:24.208-0400] {logging_mixin.py:188} INFO - [2026-06-06T20:43:24.208-0400] {dag.py:3823} INFO - Setting next_dagrun for latest_only_with_trigger to 2026-06-06 20:00:00+00:00, run_after=2026-06-07 00:00:00+00:00
[2026-06-06T20:43:24.216-0400] {processor.py:183} INFO - Processing /Users/nitishbhattad/anaconda3/envs/flight-pipeline/lib/python3.11/site-packages/airflow/example_dags/example_latest_only_with_trigger.py took 0.085 seconds
[2026-06-06T20:45:29.372-0400] {processor.py:161} INFO - Started process (PID=66082) to work on /Users/nitishbhattad/anaconda3/envs/flight-pipeline/lib/python3.11/site-packages/airflow/example_dags/example_latest_only_with_trigger.py
[2026-06-06T20:45:29.373-0400] {processor.py:830} INFO - Processing file /Users/nitishbhattad/anaconda3/envs/flight-pipeline/lib/python3.11/site-packages/airflow/example_dags/example_latest_only_with_trigger.py for tasks to queue
[2026-06-06T20:45:29.373-0400] {logging_mixin.py:188} INFO - [2026-06-06T20:45:29.373-0400] {dagbag.py:538} INFO - Filling up the DagBag from /Users/nitishbhattad/anaconda3/envs/flight-pipeline/lib/python3.11/site-packages/airflow/example_dags/example_latest_only_with_trigger.py
[2026-06-06T20:45:29.376-0400] {processor.py:840} INFO - DAG(s) 'latest_only_with_trigger' retrieved from /Users/nitishbhattad/anaconda3/envs/flight-pipeline/lib/python3.11/site-packages/airflow/example_dags/example_latest_only_with_trigger.py
[2026-06-06T20:45:29.433-0400] {logging_mixin.py:188} INFO - [2026-06-06T20:45:29.433-0400] {dag.py:3036} INFO - Sync 1 DAGs
[2026-06-06T20:45:29.439-0400] {logging_mixin.py:188} INFO - [2026-06-06T20:45:29.439-0400] {dag.py:3823} INFO - Setting next_dagrun for latest_only_with_trigger to 2026-06-06 20:00:00+00:00, run_after=2026-06-07 00:00:00+00:00
[2026-06-06T20:45:29.447-0400] {processor.py:183} INFO - Processing /Users/nitishbhattad/anaconda3/envs/flight-pipeline/lib/python3.11/site-packages/airflow/example_dags/example_latest_only_with_trigger.py took 0.076 seconds
[2026-06-06T20:47:36.333-0400] {processor.py:161} INFO - Started process (PID=66288) to work on /Users/nitishbhattad/anaconda3/envs/flight-pipeline/lib/python3.11/site-packages/airflow/example_dags/example_latest_only_with_trigger.py
[2026-06-06T20:47:36.333-0400] {processor.py:830} INFO - Processing file /Users/nitishbhattad/anaconda3/envs/flight-pipeline/lib/python3.11/site-packages/airflow/example_dags/example_latest_only_with_trigger.py for tasks to queue
[2026-06-06T20:47:36.334-0400] {logging_mixin.py:188} INFO - [2026-06-06T20:47:36.334-0400] {dagbag.py:538} INFO - Filling up the DagBag from /Users/nitishbhattad/anaconda3/envs/flight-pipeline/lib/python3.11/site-packages/airflow/example_dags/example_latest_only_with_trigger.py
[2026-06-06T20:47:36.337-0400] {processor.py:840} INFO - DAG(s) 'latest_only_with_trigger' retrieved from /Users/nitishbhattad/anaconda3/envs/flight-pipeline/lib/python3.11/site-packages/airflow/example_dags/example_latest_only_with_trigger.py
[2026-06-06T20:47:36.394-0400] {logging_mixin.py:188} INFO - [2026-06-06T20:47:36.394-0400] {dag.py:3036} INFO - Sync 1 DAGs
[2026-06-06T20:47:36.400-0400] {logging_mixin.py:188} INFO - [2026-06-06T20:47:36.400-0400] {dag.py:3823} INFO - Setting next_dagrun for latest_only_with_trigger to 2026-06-06 20:00:00+00:00, run_after=2026-06-07 00:00:00+00:00
[2026-06-06T20:47:36.408-0400] {processor.py:183} INFO - Processing /Users/nitishbhattad/anaconda3/envs/flight-pipeline/lib/python3.11/site-packages/airflow/example_dags/example_latest_only_with_trigger.py took 0.076 seconds
[2026-06-06T20:49:34.383-0400] {processor.py:161} INFO - Started process (PID=66493) to work on /Users/nitishbhattad/anaconda3/envs/flight-pipeline/lib/python3.11/site-packages/airflow/example_dags/example_latest_only_with_trigger.py
[2026-06-06T20:49:34.384-0400] {processor.py:830} INFO - Processing file /Users/nitishbhattad/anaconda3/envs/flight-pipeline/lib/python3.11/site-packages/airflow/example_dags/example_latest_only_with_trigger.py for tasks to queue
[2026-06-06T20:49:34.384-0400] {logging_mixin.py:188} INFO - [2026-06-06T20:49:34.384-0400] {dagbag.py:538} INFO - Filling up the DagBag from /Users/nitishbhattad/anaconda3/envs/flight-pipeline/lib/python3.11/site-packages/airflow/example_dags/example_latest_only_with_trigger.py
[2026-06-06T20:49:34.388-0400] {processor.py:840} INFO - DAG(s) 'latest_only_with_trigger' retrieved from /Users/nitishbhattad/anaconda3/envs/flight-pipeline/lib/python3.11/site-packages/airflow/example_dags/example_latest_only_with_trigger.py
[2026-06-06T20:49:34.446-0400] {logging_mixin.py:188} INFO - [2026-06-06T20:49:34.446-0400] {dag.py:3036} INFO - Sync 1 DAGs
[2026-06-06T20:49:34.452-0400] {logging_mixin.py:188} INFO - [2026-06-06T20:49:34.452-0400] {dag.py:3823} INFO - Setting next_dagrun for latest_only_with_trigger to 2026-06-06 20:00:00+00:00, run_after=2026-06-07 00:00:00+00:00
[2026-06-06T20:49:34.459-0400] {processor.py:183} INFO - Processing /Users/nitishbhattad/anaconda3/envs/flight-pipeline/lib/python3.11/site-packages/airflow/example_dags/example_latest_only_with_trigger.py took 0.077 seconds
