[2026-06-06T20:19:00.005-0400] {processor.py:161} INFO - Started process (PID=63570) to work on /Users/nitishbhattad/anaconda3/envs/flight-pipeline/lib/python3.11/site-packages/airflow/example_dags/example_short_circuit_operator.py
[2026-06-06T20:19:00.006-0400] {processor.py:830} INFO - Processing file /Users/nitishbhattad/anaconda3/envs/flight-pipeline/lib/python3.11/site-packages/airflow/example_dags/example_short_circuit_operator.py for tasks to queue
[2026-06-06T20:19:00.007-0400] {logging_mixin.py:188} INFO - [2026-06-06T20:19:00.007-0400] {dagbag.py:538} INFO - Filling up the DagBag from /Users/nitishbhattad/anaconda3/envs/flight-pipeline/lib/python3.11/site-packages/airflow/example_dags/example_short_circuit_operator.py
[2026-06-06T20:19:00.020-0400] {processor.py:840} INFO - DAG(s) 'example_short_circuit_operator' retrieved from /Users/nitishbhattad/anaconda3/envs/flight-pipeline/lib/python3.11/site-packages/airflow/example_dags/example_short_circuit_operator.py
[2026-06-06T20:19:00.112-0400] {logging_mixin.py:188} INFO - [2026-06-06T20:19:00.112-0400] {override.py:1769} INFO - Created Permission View: can delete on DAG:example_short_circuit_operator
[2026-06-06T20:19:00.115-0400] {logging_mixin.py:188} INFO - [2026-06-06T20:19:00.115-0400] {override.py:1769} INFO - Created Permission View: can read on DAG:example_short_circuit_operator
[2026-06-06T20:19:00.117-0400] {logging_mixin.py:188} INFO - [2026-06-06T20:19:00.117-0400] {override.py:1769} INFO - Created Permission View: can edit on DAG:example_short_circuit_operator
[2026-06-06T20:19:00.117-0400] {logging_mixin.py:188} INFO - [2026-06-06T20:19:00.117-0400] {dag.py:3036} INFO - Sync 1 DAGs
[2026-06-06T20:19:00.121-0400] {logging_mixin.py:188} INFO - [2026-06-06T20:19:00.121-0400] {dag.py:3058} INFO - Creating ORM DAG for example_short_circuit_operator
[2026-06-06T20:19:00.123-0400] {logging_mixin.py:188} INFO - [2026-06-06T20:19:00.123-0400] {dag.py:3823} INFO - Setting next_dagrun for example_short_circuit_operator to 2026-06-06 00:00:00+00:00, run_after=2026-06-07 00:00:00+00:00
[2026-06-06T20:19:00.129-0400] {processor.py:183} INFO - Processing /Users/nitishbhattad/anaconda3/envs/flight-pipeline/lib/python3.11/site-packages/airflow/example_dags/example_short_circuit_operator.py took 0.126 seconds
[2026-06-06T20:20:30.659-0400] {processor.py:161} INFO - Started process (PID=63704) to work on /Users/nitishbhattad/anaconda3/envs/flight-pipeline/lib/python3.11/site-packages/airflow/example_dags/example_short_circuit_operator.py
[2026-06-06T20:20:30.659-0400] {processor.py:830} INFO - Processing file /Users/nitishbhattad/anaconda3/envs/flight-pipeline/lib/python3.11/site-packages/airflow/example_dags/example_short_circuit_operator.py for tasks to queue
[2026-06-06T20:20:30.660-0400] {logging_mixin.py:188} INFO - [2026-06-06T20:20:30.660-0400] {dagbag.py:538} INFO - Filling up the DagBag from /Users/nitishbhattad/anaconda3/envs/flight-pipeline/lib/python3.11/site-packages/airflow/example_dags/example_short_circuit_operator.py
[2026-06-06T20:20:30.672-0400] {processor.py:840} INFO - DAG(s) 'example_short_circuit_operator' retrieved from /Users/nitishbhattad/anaconda3/envs/flight-pipeline/lib/python3.11/site-packages/airflow/example_dags/example_short_circuit_operator.py
[2026-06-06T20:20:30.733-0400] {logging_mixin.py:188} INFO - [2026-06-06T20:20:30.733-0400] {dag.py:3036} INFO - Sync 1 DAGs
[2026-06-06T20:20:30.738-0400] {logging_mixin.py:188} INFO - [2026-06-06T20:20:30.738-0400] {dag.py:3823} INFO - Setting next_dagrun for example_short_circuit_operator to 2026-06-06 00:00:00+00:00, run_after=2026-06-07 00:00:00+00:00
[2026-06-06T20:20:30.746-0400] {processor.py:183} INFO - Processing /Users/nitishbhattad/anaconda3/envs/flight-pipeline/lib/python3.11/site-packages/airflow/example_dags/example_short_circuit_operator.py took 0.087 seconds
[2026-06-06T20:23:46.336-0400] {processor.py:161} INFO - Started process (PID=64032) to work on /Users/nitishbhattad/anaconda3/envs/flight-pipeline/lib/python3.11/site-packages/airflow/example_dags/example_short_circuit_operator.py
[2026-06-06T20:23:46.337-0400] {processor.py:830} INFO - Processing file /Users/nitishbhattad/anaconda3/envs/flight-pipeline/lib/python3.11/site-packages/airflow/example_dags/example_short_circuit_operator.py for tasks to queue
[2026-06-06T20:23:46.337-0400] {logging_mixin.py:188} INFO - [2026-06-06T20:23:46.337-0400] {dagbag.py:538} INFO - Filling up the DagBag from /Users/nitishbhattad/anaconda3/envs/flight-pipeline/lib/python3.11/site-packages/airflow/example_dags/example_short_circuit_operator.py
[2026-06-06T20:23:46.386-0400] {processor.py:840} INFO - DAG(s) 'example_short_circuit_operator' retrieved from /Users/nitishbhattad/anaconda3/envs/flight-pipeline/lib/python3.11/site-packages/airflow/example_dags/example_short_circuit_operator.py
[2026-06-06T20:23:46.455-0400] {logging_mixin.py:188} INFO - [2026-06-06T20:23:46.455-0400] {dag.py:3036} INFO - Sync 1 DAGs
[2026-06-06T20:23:46.462-0400] {logging_mixin.py:188} INFO - [2026-06-06T20:23:46.462-0400] {dag.py:3823} INFO - Setting next_dagrun for example_short_circuit_operator to 2026-06-06 00:00:00+00:00, run_after=2026-06-07 00:00:00+00:00
[2026-06-06T20:23:46.472-0400] {processor.py:183} INFO - Processing /Users/nitishbhattad/anaconda3/envs/flight-pipeline/lib/python3.11/site-packages/airflow/example_dags/example_short_circuit_operator.py took 0.137 seconds
[2026-06-06T20:25:00.057-0400] {processor.py:161} INFO - Started process (PID=64158) to work on /Users/nitishbhattad/anaconda3/envs/flight-pipeline/lib/python3.11/site-packages/airflow/example_dags/example_short_circuit_operator.py
[2026-06-06T20:25:00.058-0400] {processor.py:830} INFO - Processing file /Users/nitishbhattad/anaconda3/envs/flight-pipeline/lib/python3.11/site-packages/airflow/example_dags/example_short_circuit_operator.py for tasks to queue
[2026-06-06T20:25:00.058-0400] {logging_mixin.py:188} INFO - [2026-06-06T20:25:00.058-0400] {dagbag.py:538} INFO - Filling up the DagBag from /Users/nitishbhattad/anaconda3/envs/flight-pipeline/lib/python3.11/site-packages/airflow/example_dags/example_short_circuit_operator.py
[2026-06-06T20:25:00.071-0400] {processor.py:840} INFO - DAG(s) 'example_short_circuit_operator' retrieved from /Users/nitishbhattad/anaconda3/envs/flight-pipeline/lib/python3.11/site-packages/airflow/example_dags/example_short_circuit_operator.py
[2026-06-06T20:25:00.141-0400] {logging_mixin.py:188} INFO - [2026-06-06T20:25:00.141-0400] {dag.py:3036} INFO - Sync 1 DAGs
[2026-06-06T20:25:00.147-0400] {logging_mixin.py:188} INFO - [2026-06-06T20:25:00.147-0400] {dag.py:3823} INFO - Setting next_dagrun for example_short_circuit_operator to 2026-06-06 00:00:00+00:00, run_after=2026-06-07 00:00:00+00:00
[2026-06-06T20:25:00.155-0400] {processor.py:183} INFO - Processing /Users/nitishbhattad/anaconda3/envs/flight-pipeline/lib/python3.11/site-packages/airflow/example_dags/example_short_circuit_operator.py took 0.098 seconds
[2026-06-06T20:27:15.968-0400] {processor.py:161} INFO - Started process (PID=64382) to work on /Users/nitishbhattad/anaconda3/envs/flight-pipeline/lib/python3.11/site-packages/airflow/example_dags/example_short_circuit_operator.py
[2026-06-06T20:27:15.969-0400] {processor.py:830} INFO - Processing file /Users/nitishbhattad/anaconda3/envs/flight-pipeline/lib/python3.11/site-packages/airflow/example_dags/example_short_circuit_operator.py for tasks to queue
[2026-06-06T20:27:15.969-0400] {logging_mixin.py:188} INFO - [2026-06-06T20:27:15.969-0400] {dagbag.py:538} INFO - Filling up the DagBag from /Users/nitishbhattad/anaconda3/envs/flight-pipeline/lib/python3.11/site-packages/airflow/example_dags/example_short_circuit_operator.py
[2026-06-06T20:27:15.981-0400] {processor.py:840} INFO - DAG(s) 'example_short_circuit_operator' retrieved from /Users/nitishbhattad/anaconda3/envs/flight-pipeline/lib/python3.11/site-packages/airflow/example_dags/example_short_circuit_operator.py
[2026-06-06T20:27:16.071-0400] {logging_mixin.py:188} INFO - [2026-06-06T20:27:16.071-0400] {dag.py:3036} INFO - Sync 1 DAGs
[2026-06-06T20:27:16.086-0400] {logging_mixin.py:188} INFO - [2026-06-06T20:27:16.086-0400] {dag.py:3823} INFO - Setting next_dagrun for example_short_circuit_operator to 2026-06-06 00:00:00+00:00, run_after=2026-06-07 00:00:00+00:00
[2026-06-06T20:27:16.108-0400] {processor.py:183} INFO - Processing /Users/nitishbhattad/anaconda3/envs/flight-pipeline/lib/python3.11/site-packages/airflow/example_dags/example_short_circuit_operator.py took 0.141 seconds
[2026-06-06T20:29:16.547-0400] {processor.py:161} INFO - Started process (PID=64571) to work on /Users/nitishbhattad/anaconda3/envs/flight-pipeline/lib/python3.11/site-packages/airflow/example_dags/example_short_circuit_operator.py
[2026-06-06T20:29:16.548-0400] {processor.py:830} INFO - Processing file /Users/nitishbhattad/anaconda3/envs/flight-pipeline/lib/python3.11/site-packages/airflow/example_dags/example_short_circuit_operator.py for tasks to queue
[2026-06-06T20:29:16.549-0400] {logging_mixin.py:188} INFO - [2026-06-06T20:29:16.548-0400] {dagbag.py:538} INFO - Filling up the DagBag from /Users/nitishbhattad/anaconda3/envs/flight-pipeline/lib/python3.11/site-packages/airflow/example_dags/example_short_circuit_operator.py
[2026-06-06T20:29:16.560-0400] {processor.py:840} INFO - DAG(s) 'example_short_circuit_operator' retrieved from /Users/nitishbhattad/anaconda3/envs/flight-pipeline/lib/python3.11/site-packages/airflow/example_dags/example_short_circuit_operator.py
[2026-06-06T20:29:16.622-0400] {logging_mixin.py:188} INFO - [2026-06-06T20:29:16.622-0400] {dag.py:3036} INFO - Sync 1 DAGs
[2026-06-06T20:29:16.628-0400] {logging_mixin.py:188} INFO - [2026-06-06T20:29:16.628-0400] {dag.py:3823} INFO - Setting next_dagrun for example_short_circuit_operator to 2026-06-06 00:00:00+00:00, run_after=2026-06-07 00:00:00+00:00
[2026-06-06T20:29:16.636-0400] {processor.py:183} INFO - Processing /Users/nitishbhattad/anaconda3/envs/flight-pipeline/lib/python3.11/site-packages/airflow/example_dags/example_short_circuit_operator.py took 0.089 seconds
[2026-06-06T20:31:34.056-0400] {processor.py:161} INFO - Started process (PID=64775) to work on /Users/nitishbhattad/anaconda3/envs/flight-pipeline/lib/python3.11/site-packages/airflow/example_dags/example_short_circuit_operator.py
[2026-06-06T20:31:34.057-0400] {processor.py:830} INFO - Processing file /Users/nitishbhattad/anaconda3/envs/flight-pipeline/lib/python3.11/site-packages/airflow/example_dags/example_short_circuit_operator.py for tasks to queue
[2026-06-06T20:31:34.057-0400] {logging_mixin.py:188} INFO - [2026-06-06T20:31:34.057-0400] {dagbag.py:538} INFO - Filling up the DagBag from /Users/nitishbhattad/anaconda3/envs/flight-pipeline/lib/python3.11/site-packages/airflow/example_dags/example_short_circuit_operator.py
[2026-06-06T20:31:34.081-0400] {processor.py:840} INFO - DAG(s) 'example_short_circuit_operator' retrieved from /Users/nitishbhattad/anaconda3/envs/flight-pipeline/lib/python3.11/site-packages/airflow/example_dags/example_short_circuit_operator.py
[2026-06-06T20:31:34.279-0400] {logging_mixin.py:188} INFO - [2026-06-06T20:31:34.278-0400] {dag.py:3036} INFO - Sync 1 DAGs
[2026-06-06T20:31:34.298-0400] {logging_mixin.py:188} INFO - [2026-06-06T20:31:34.298-0400] {dag.py:3823} INFO - Setting next_dagrun for example_short_circuit_operator to 2026-06-06 00:00:00+00:00, run_after=2026-06-07 00:00:00+00:00
[2026-06-06T20:31:34.310-0400] {processor.py:183} INFO - Processing /Users/nitishbhattad/anaconda3/envs/flight-pipeline/lib/python3.11/site-packages/airflow/example_dags/example_short_circuit_operator.py took 0.258 seconds
[2026-06-06T20:32:46.863-0400] {processor.py:161} INFO - Started process (PID=64884) to work on /Users/nitishbhattad/anaconda3/envs/flight-pipeline/lib/python3.11/site-packages/airflow/example_dags/example_short_circuit_operator.py
[2026-06-06T20:32:46.864-0400] {processor.py:830} INFO - Processing file /Users/nitishbhattad/anaconda3/envs/flight-pipeline/lib/python3.11/site-packages/airflow/example_dags/example_short_circuit_operator.py for tasks to queue
[2026-06-06T20:32:46.864-0400] {logging_mixin.py:188} INFO - [2026-06-06T20:32:46.864-0400] {dagbag.py:538} INFO - Filling up the DagBag from /Users/nitishbhattad/anaconda3/envs/flight-pipeline/lib/python3.11/site-packages/airflow/example_dags/example_short_circuit_operator.py
[2026-06-06T20:32:46.876-0400] {processor.py:840} INFO - DAG(s) 'example_short_circuit_operator' retrieved from /Users/nitishbhattad/anaconda3/envs/flight-pipeline/lib/python3.11/site-packages/airflow/example_dags/example_short_circuit_operator.py
[2026-06-06T20:32:46.935-0400] {logging_mixin.py:188} INFO - [2026-06-06T20:32:46.934-0400] {dag.py:3036} INFO - Sync 1 DAGs
[2026-06-06T20:32:46.940-0400] {logging_mixin.py:188} INFO - [2026-06-06T20:32:46.940-0400] {dag.py:3823} INFO - Setting next_dagrun for example_short_circuit_operator to 2026-06-06 00:00:00+00:00, run_after=2026-06-07 00:00:00+00:00
[2026-06-06T20:32:46.947-0400] {processor.py:183} INFO - Processing /Users/nitishbhattad/anaconda3/envs/flight-pipeline/lib/python3.11/site-packages/airflow/example_dags/example_short_circuit_operator.py took 0.085 seconds
[2026-06-06T20:34:47.480-0400] {processor.py:161} INFO - Started process (PID=65063) to work on /Users/nitishbhattad/anaconda3/envs/flight-pipeline/lib/python3.11/site-packages/airflow/example_dags/example_short_circuit_operator.py
[2026-06-06T20:34:47.481-0400] {processor.py:830} INFO - Processing file /Users/nitishbhattad/anaconda3/envs/flight-pipeline/lib/python3.11/site-packages/airflow/example_dags/example_short_circuit_operator.py for tasks to queue
[2026-06-06T20:34:47.481-0400] {logging_mixin.py:188} INFO - [2026-06-06T20:34:47.481-0400] {dagbag.py:538} INFO - Filling up the DagBag from /Users/nitishbhattad/anaconda3/envs/flight-pipeline/lib/python3.11/site-packages/airflow/example_dags/example_short_circuit_operator.py
[2026-06-06T20:34:47.493-0400] {processor.py:840} INFO - DAG(s) 'example_short_circuit_operator' retrieved from /Users/nitishbhattad/anaconda3/envs/flight-pipeline/lib/python3.11/site-packages/airflow/example_dags/example_short_circuit_operator.py
[2026-06-06T20:34:47.564-0400] {logging_mixin.py:188} INFO - [2026-06-06T20:34:47.563-0400] {dag.py:3036} INFO - Sync 1 DAGs
[2026-06-06T20:34:47.573-0400] {logging_mixin.py:188} INFO - [2026-06-06T20:34:47.573-0400] {dag.py:3823} INFO - Setting next_dagrun for example_short_circuit_operator to 2026-06-06 00:00:00+00:00, run_after=2026-06-07 00:00:00+00:00
[2026-06-06T20:34:47.582-0400] {processor.py:183} INFO - Processing /Users/nitishbhattad/anaconda3/envs/flight-pipeline/lib/python3.11/site-packages/airflow/example_dags/example_short_circuit_operator.py took 0.104 seconds
[2026-06-06T20:36:52.683-0400] {processor.py:161} INFO - Started process (PID=65247) to work on /Users/nitishbhattad/anaconda3/envs/flight-pipeline/lib/python3.11/site-packages/airflow/example_dags/example_short_circuit_operator.py
[2026-06-06T20:36:52.685-0400] {processor.py:830} INFO - Processing file /Users/nitishbhattad/anaconda3/envs/flight-pipeline/lib/python3.11/site-packages/airflow/example_dags/example_short_circuit_operator.py for tasks to queue
[2026-06-06T20:36:52.687-0400] {logging_mixin.py:188} INFO - [2026-06-06T20:36:52.685-0400] {dagbag.py:538} INFO - Filling up the DagBag from /Users/nitishbhattad/anaconda3/envs/flight-pipeline/lib/python3.11/site-packages/airflow/example_dags/example_short_circuit_operator.py
[2026-06-06T20:36:52.709-0400] {processor.py:840} INFO - DAG(s) 'example_short_circuit_operator' retrieved from /Users/nitishbhattad/anaconda3/envs/flight-pipeline/lib/python3.11/site-packages/airflow/example_dags/example_short_circuit_operator.py
[2026-06-06T20:36:52.834-0400] {logging_mixin.py:188} INFO - [2026-06-06T20:36:52.833-0400] {dag.py:3036} INFO - Sync 1 DAGs
[2026-06-06T20:36:52.841-0400] {logging_mixin.py:188} INFO - [2026-06-06T20:36:52.841-0400] {dag.py:3823} INFO - Setting next_dagrun for example_short_circuit_operator to 2026-06-06 00:00:00+00:00, run_after=2026-06-07 00:00:00+00:00
[2026-06-06T20:36:52.862-0400] {processor.py:183} INFO - Processing /Users/nitishbhattad/anaconda3/envs/flight-pipeline/lib/python3.11/site-packages/airflow/example_dags/example_short_circuit_operator.py took 0.180 seconds
[2026-06-06T20:39:00.880-0400] {processor.py:161} INFO - Started process (PID=65437) to work on /Users/nitishbhattad/anaconda3/envs/flight-pipeline/lib/python3.11/site-packages/airflow/example_dags/example_short_circuit_operator.py
[2026-06-06T20:39:00.881-0400] {processor.py:830} INFO - Processing file /Users/nitishbhattad/anaconda3/envs/flight-pipeline/lib/python3.11/site-packages/airflow/example_dags/example_short_circuit_operator.py for tasks to queue
[2026-06-06T20:39:00.882-0400] {logging_mixin.py:188} INFO - [2026-06-06T20:39:00.882-0400] {dagbag.py:538} INFO - Filling up the DagBag from /Users/nitishbhattad/anaconda3/envs/flight-pipeline/lib/python3.11/site-packages/airflow/example_dags/example_short_circuit_operator.py
[2026-06-06T20:39:00.893-0400] {processor.py:840} INFO - DAG(s) 'example_short_circuit_operator' retrieved from /Users/nitishbhattad/anaconda3/envs/flight-pipeline/lib/python3.11/site-packages/airflow/example_dags/example_short_circuit_operator.py
[2026-06-06T20:39:00.954-0400] {logging_mixin.py:188} INFO - [2026-06-06T20:39:00.954-0400] {dag.py:3036} INFO - Sync 1 DAGs
[2026-06-06T20:39:00.960-0400] {logging_mixin.py:188} INFO - [2026-06-06T20:39:00.960-0400] {dag.py:3823} INFO - Setting next_dagrun for example_short_circuit_operator to 2026-06-06 00:00:00+00:00, run_after=2026-06-07 00:00:00+00:00
[2026-06-06T20:39:00.968-0400] {processor.py:183} INFO - Processing /Users/nitishbhattad/anaconda3/envs/flight-pipeline/lib/python3.11/site-packages/airflow/example_dags/example_short_circuit_operator.py took 0.088 seconds
[2026-06-06T20:41:07.941-0400] {processor.py:161} INFO - Started process (PID=65700) to work on /Users/nitishbhattad/anaconda3/envs/flight-pipeline/lib/python3.11/site-packages/airflow/example_dags/example_short_circuit_operator.py
[2026-06-06T20:41:07.941-0400] {processor.py:830} INFO - Processing file /Users/nitishbhattad/anaconda3/envs/flight-pipeline/lib/python3.11/site-packages/airflow/example_dags/example_short_circuit_operator.py for tasks to queue
[2026-06-06T20:41:07.942-0400] {logging_mixin.py:188} INFO - [2026-06-06T20:41:07.941-0400] {dagbag.py:538} INFO - Filling up the DagBag from /Users/nitishbhattad/anaconda3/envs/flight-pipeline/lib/python3.11/site-packages/airflow/example_dags/example_short_circuit_operator.py
[2026-06-06T20:41:07.951-0400] {processor.py:840} INFO - DAG(s) 'example_short_circuit_operator' retrieved from /Users/nitishbhattad/anaconda3/envs/flight-pipeline/lib/python3.11/site-packages/airflow/example_dags/example_short_circuit_operator.py
[2026-06-06T20:41:08.010-0400] {logging_mixin.py:188} INFO - [2026-06-06T20:41:08.009-0400] {dag.py:3036} INFO - Sync 1 DAGs
[2026-06-06T20:41:08.015-0400] {logging_mixin.py:188} INFO - [2026-06-06T20:41:08.015-0400] {dag.py:3823} INFO - Setting next_dagrun for example_short_circuit_operator to 2026-06-06 00:00:00+00:00, run_after=2026-06-07 00:00:00+00:00
[2026-06-06T20:41:08.022-0400] {processor.py:183} INFO - Processing /Users/nitishbhattad/anaconda3/envs/flight-pipeline/lib/python3.11/site-packages/airflow/example_dags/example_short_circuit_operator.py took 0.082 seconds
[2026-06-06T20:43:06.700-0400] {processor.py:161} INFO - Started process (PID=65873) to work on /Users/nitishbhattad/anaconda3/envs/flight-pipeline/lib/python3.11/site-packages/airflow/example_dags/example_short_circuit_operator.py
[2026-06-06T20:43:06.701-0400] {processor.py:830} INFO - Processing file /Users/nitishbhattad/anaconda3/envs/flight-pipeline/lib/python3.11/site-packages/airflow/example_dags/example_short_circuit_operator.py for tasks to queue
[2026-06-06T20:43:06.701-0400] {logging_mixin.py:188} INFO - [2026-06-06T20:43:06.701-0400] {dagbag.py:538} INFO - Filling up the DagBag from /Users/nitishbhattad/anaconda3/envs/flight-pipeline/lib/python3.11/site-packages/airflow/example_dags/example_short_circuit_operator.py
[2026-06-06T20:43:06.712-0400] {processor.py:840} INFO - DAG(s) 'example_short_circuit_operator' retrieved from /Users/nitishbhattad/anaconda3/envs/flight-pipeline/lib/python3.11/site-packages/airflow/example_dags/example_short_circuit_operator.py
[2026-06-06T20:43:06.773-0400] {logging_mixin.py:188} INFO - [2026-06-06T20:43:06.773-0400] {dag.py:3036} INFO - Sync 1 DAGs
[2026-06-06T20:43:06.778-0400] {logging_mixin.py:188} INFO - [2026-06-06T20:43:06.778-0400] {dag.py:3823} INFO - Setting next_dagrun for example_short_circuit_operator to 2026-06-06 00:00:00+00:00, run_after=2026-06-07 00:00:00+00:00
[2026-06-06T20:43:06.786-0400] {processor.py:183} INFO - Processing /Users/nitishbhattad/anaconda3/envs/flight-pipeline/lib/python3.11/site-packages/airflow/example_dags/example_short_circuit_operator.py took 0.086 seconds
[2026-06-06T20:45:13.676-0400] {processor.py:161} INFO - Started process (PID=66057) to work on /Users/nitishbhattad/anaconda3/envs/flight-pipeline/lib/python3.11/site-packages/airflow/example_dags/example_short_circuit_operator.py
[2026-06-06T20:45:13.677-0400] {processor.py:830} INFO - Processing file /Users/nitishbhattad/anaconda3/envs/flight-pipeline/lib/python3.11/site-packages/airflow/example_dags/example_short_circuit_operator.py for tasks to queue
[2026-06-06T20:45:13.678-0400] {logging_mixin.py:188} INFO - [2026-06-06T20:45:13.677-0400] {dagbag.py:538} INFO - Filling up the DagBag from /Users/nitishbhattad/anaconda3/envs/flight-pipeline/lib/python3.11/site-packages/airflow/example_dags/example_short_circuit_operator.py
[2026-06-06T20:45:13.689-0400] {processor.py:840} INFO - DAG(s) 'example_short_circuit_operator' retrieved from /Users/nitishbhattad/anaconda3/envs/flight-pipeline/lib/python3.11/site-packages/airflow/example_dags/example_short_circuit_operator.py
[2026-06-06T20:45:13.745-0400] {logging_mixin.py:188} INFO - [2026-06-06T20:45:13.745-0400] {dag.py:3036} INFO - Sync 1 DAGs
[2026-06-06T20:45:13.751-0400] {logging_mixin.py:188} INFO - [2026-06-06T20:45:13.751-0400] {dag.py:3823} INFO - Setting next_dagrun for example_short_circuit_operator to 2026-06-06 00:00:00+00:00, run_after=2026-06-07 00:00:00+00:00
[2026-06-06T20:45:13.758-0400] {processor.py:183} INFO - Processing /Users/nitishbhattad/anaconda3/envs/flight-pipeline/lib/python3.11/site-packages/airflow/example_dags/example_short_circuit_operator.py took 0.082 seconds
[2026-06-06T20:47:19.143-0400] {processor.py:161} INFO - Started process (PID=66265) to work on /Users/nitishbhattad/anaconda3/envs/flight-pipeline/lib/python3.11/site-packages/airflow/example_dags/example_short_circuit_operator.py
[2026-06-06T20:47:19.144-0400] {processor.py:830} INFO - Processing file /Users/nitishbhattad/anaconda3/envs/flight-pipeline/lib/python3.11/site-packages/airflow/example_dags/example_short_circuit_operator.py for tasks to queue
[2026-06-06T20:47:19.144-0400] {logging_mixin.py:188} INFO - [2026-06-06T20:47:19.144-0400] {dagbag.py:538} INFO - Filling up the DagBag from /Users/nitishbhattad/anaconda3/envs/flight-pipeline/lib/python3.11/site-packages/airflow/example_dags/example_short_circuit_operator.py
[2026-06-06T20:47:19.159-0400] {processor.py:840} INFO - DAG(s) 'example_short_circuit_operator' retrieved from /Users/nitishbhattad/anaconda3/envs/flight-pipeline/lib/python3.11/site-packages/airflow/example_dags/example_short_circuit_operator.py
[2026-06-06T20:47:19.231-0400] {logging_mixin.py:188} INFO - [2026-06-06T20:47:19.231-0400] {dag.py:3036} INFO - Sync 1 DAGs
[2026-06-06T20:47:19.236-0400] {logging_mixin.py:188} INFO - [2026-06-06T20:47:19.236-0400] {dag.py:3823} INFO - Setting next_dagrun for example_short_circuit_operator to 2026-06-06 00:00:00+00:00, run_after=2026-06-07 00:00:00+00:00
[2026-06-06T20:47:19.246-0400] {processor.py:183} INFO - Processing /Users/nitishbhattad/anaconda3/envs/flight-pipeline/lib/python3.11/site-packages/airflow/example_dags/example_short_circuit_operator.py took 0.105 seconds
[2026-06-06T20:49:17.031-0400] {processor.py:161} INFO - Started process (PID=66457) to work on /Users/nitishbhattad/anaconda3/envs/flight-pipeline/lib/python3.11/site-packages/airflow/example_dags/example_short_circuit_operator.py
[2026-06-06T20:49:17.032-0400] {processor.py:830} INFO - Processing file /Users/nitishbhattad/anaconda3/envs/flight-pipeline/lib/python3.11/site-packages/airflow/example_dags/example_short_circuit_operator.py for tasks to queue
[2026-06-06T20:49:17.032-0400] {logging_mixin.py:188} INFO - [2026-06-06T20:49:17.032-0400] {dagbag.py:538} INFO - Filling up the DagBag from /Users/nitishbhattad/anaconda3/envs/flight-pipeline/lib/python3.11/site-packages/airflow/example_dags/example_short_circuit_operator.py
[2026-06-06T20:49:17.043-0400] {processor.py:840} INFO - DAG(s) 'example_short_circuit_operator' retrieved from /Users/nitishbhattad/anaconda3/envs/flight-pipeline/lib/python3.11/site-packages/airflow/example_dags/example_short_circuit_operator.py
[2026-06-06T20:49:17.112-0400] {logging_mixin.py:188} INFO - [2026-06-06T20:49:17.112-0400] {dag.py:3036} INFO - Sync 1 DAGs
[2026-06-06T20:49:17.118-0400] {logging_mixin.py:188} INFO - [2026-06-06T20:49:17.118-0400] {dag.py:3823} INFO - Setting next_dagrun for example_short_circuit_operator to 2026-06-06 00:00:00+00:00, run_after=2026-06-07 00:00:00+00:00
[2026-06-06T20:49:17.126-0400] {processor.py:183} INFO - Processing /Users/nitishbhattad/anaconda3/envs/flight-pipeline/lib/python3.11/site-packages/airflow/example_dags/example_short_circuit_operator.py took 0.096 seconds
