[2026-06-06T20:19:19.196-0400] {processor.py:161} INFO - Started process (PID=63604) to work on /Users/nitishbhattad/anaconda3/envs/flight-pipeline/lib/python3.11/site-packages/airflow/example_dags/example_nested_branch_dag.py
[2026-06-06T20:19:19.196-0400] {processor.py:830} INFO - Processing file /Users/nitishbhattad/anaconda3/envs/flight-pipeline/lib/python3.11/site-packages/airflow/example_dags/example_nested_branch_dag.py for tasks to queue
[2026-06-06T20:19:19.197-0400] {logging_mixin.py:188} INFO - [2026-06-06T20:19:19.197-0400] {dagbag.py:538} INFO - Filling up the DagBag from /Users/nitishbhattad/anaconda3/envs/flight-pipeline/lib/python3.11/site-packages/airflow/example_dags/example_nested_branch_dag.py
[2026-06-06T20:19:19.215-0400] {processor.py:840} INFO - DAG(s) 'example_nested_branch_dag' retrieved from /Users/nitishbhattad/anaconda3/envs/flight-pipeline/lib/python3.11/site-packages/airflow/example_dags/example_nested_branch_dag.py
[2026-06-06T20:19:19.304-0400] {logging_mixin.py:188} INFO - [2026-06-06T20:19:19.303-0400] {override.py:1769} INFO - Created Permission View: can delete on DAG:example_nested_branch_dag
[2026-06-06T20:19:19.307-0400] {logging_mixin.py:188} INFO - [2026-06-06T20:19:19.307-0400] {override.py:1769} INFO - Created Permission View: can read on DAG:example_nested_branch_dag
[2026-06-06T20:19:19.308-0400] {logging_mixin.py:188} INFO - [2026-06-06T20:19:19.308-0400] {override.py:1769} INFO - Created Permission View: can edit on DAG:example_nested_branch_dag
[2026-06-06T20:19:19.309-0400] {logging_mixin.py:188} INFO - [2026-06-06T20:19:19.309-0400] {dag.py:3036} INFO - Sync 1 DAGs
[2026-06-06T20:19:19.312-0400] {logging_mixin.py:188} INFO - [2026-06-06T20:19:19.312-0400] {dag.py:3058} INFO - Creating ORM DAG for example_nested_branch_dag
[2026-06-06T20:19:19.315-0400] {logging_mixin.py:188} INFO - [2026-06-06T20:19:19.315-0400] {dag.py:3823} INFO - Setting next_dagrun for example_nested_branch_dag to 2026-06-06 00:00:00+00:00, run_after=2026-06-07 00:00:00+00:00
[2026-06-06T20:19:19.321-0400] {processor.py:183} INFO - Processing /Users/nitishbhattad/anaconda3/envs/flight-pipeline/lib/python3.11/site-packages/airflow/example_dags/example_nested_branch_dag.py took 0.126 seconds
[2026-06-06T20:20:50.542-0400] {processor.py:161} INFO - Started process (PID=63741) to work on /Users/nitishbhattad/anaconda3/envs/flight-pipeline/lib/python3.11/site-packages/airflow/example_dags/example_nested_branch_dag.py
[2026-06-06T20:20:50.543-0400] {processor.py:830} INFO - Processing file /Users/nitishbhattad/anaconda3/envs/flight-pipeline/lib/python3.11/site-packages/airflow/example_dags/example_nested_branch_dag.py for tasks to queue
[2026-06-06T20:20:50.543-0400] {logging_mixin.py:188} INFO - [2026-06-06T20:20:50.543-0400] {dagbag.py:538} INFO - Filling up the DagBag from /Users/nitishbhattad/anaconda3/envs/flight-pipeline/lib/python3.11/site-packages/airflow/example_dags/example_nested_branch_dag.py
[2026-06-06T20:20:50.559-0400] {processor.py:840} INFO - DAG(s) 'example_nested_branch_dag' retrieved from /Users/nitishbhattad/anaconda3/envs/flight-pipeline/lib/python3.11/site-packages/airflow/example_dags/example_nested_branch_dag.py
[2026-06-06T20:20:50.623-0400] {logging_mixin.py:188} INFO - [2026-06-06T20:20:50.623-0400] {dag.py:3036} INFO - Sync 1 DAGs
[2026-06-06T20:20:50.629-0400] {logging_mixin.py:188} INFO - [2026-06-06T20:20:50.629-0400] {dag.py:3823} INFO - Setting next_dagrun for example_nested_branch_dag to 2026-06-06 00:00:00+00:00, run_after=2026-06-07 00:00:00+00:00
[2026-06-06T20:20:50.636-0400] {processor.py:183} INFO - Processing /Users/nitishbhattad/anaconda3/envs/flight-pipeline/lib/python3.11/site-packages/airflow/example_dags/example_nested_branch_dag.py took 0.094 seconds
[2026-06-06T20:24:08.079-0400] {processor.py:161} INFO - Started process (PID=64067) to work on /Users/nitishbhattad/anaconda3/envs/flight-pipeline/lib/python3.11/site-packages/airflow/example_dags/example_nested_branch_dag.py
[2026-06-06T20:24:08.080-0400] {processor.py:830} INFO - Processing file /Users/nitishbhattad/anaconda3/envs/flight-pipeline/lib/python3.11/site-packages/airflow/example_dags/example_nested_branch_dag.py for tasks to queue
[2026-06-06T20:24:08.080-0400] {logging_mixin.py:188} INFO - [2026-06-06T20:24:08.080-0400] {dagbag.py:538} INFO - Filling up the DagBag from /Users/nitishbhattad/anaconda3/envs/flight-pipeline/lib/python3.11/site-packages/airflow/example_dags/example_nested_branch_dag.py
[2026-06-06T20:24:08.100-0400] {processor.py:840} INFO - DAG(s) 'example_nested_branch_dag' retrieved from /Users/nitishbhattad/anaconda3/envs/flight-pipeline/lib/python3.11/site-packages/airflow/example_dags/example_nested_branch_dag.py
[2026-06-06T20:24:08.167-0400] {logging_mixin.py:188} INFO - [2026-06-06T20:24:08.167-0400] {dag.py:3036} INFO - Sync 1 DAGs
[2026-06-06T20:24:08.173-0400] {logging_mixin.py:188} INFO - [2026-06-06T20:24:08.173-0400] {dag.py:3823} INFO - Setting next_dagrun for example_nested_branch_dag to 2026-06-06 00:00:00+00:00, run_after=2026-06-07 00:00:00+00:00
[2026-06-06T20:24:08.181-0400] {processor.py:183} INFO - Processing /Users/nitishbhattad/anaconda3/envs/flight-pipeline/lib/python3.11/site-packages/airflow/example_dags/example_nested_branch_dag.py took 0.102 seconds
[2026-06-06T20:26:21.009-0400] {processor.py:161} INFO - Started process (PID=64291) to work on /Users/nitishbhattad/anaconda3/envs/flight-pipeline/lib/python3.11/site-packages/airflow/example_dags/example_nested_branch_dag.py
[2026-06-06T20:26:21.010-0400] {processor.py:830} INFO - Processing file /Users/nitishbhattad/anaconda3/envs/flight-pipeline/lib/python3.11/site-packages/airflow/example_dags/example_nested_branch_dag.py for tasks to queue
[2026-06-06T20:26:21.010-0400] {logging_mixin.py:188} INFO - [2026-06-06T20:26:21.010-0400] {dagbag.py:538} INFO - Filling up the DagBag from /Users/nitishbhattad/anaconda3/envs/flight-pipeline/lib/python3.11/site-packages/airflow/example_dags/example_nested_branch_dag.py
[2026-06-06T20:26:21.030-0400] {processor.py:840} INFO - DAG(s) 'example_nested_branch_dag' retrieved from /Users/nitishbhattad/anaconda3/envs/flight-pipeline/lib/python3.11/site-packages/airflow/example_dags/example_nested_branch_dag.py
[2026-06-06T20:26:21.101-0400] {logging_mixin.py:188} INFO - [2026-06-06T20:26:21.101-0400] {dag.py:3036} INFO - Sync 1 DAGs
[2026-06-06T20:26:21.109-0400] {logging_mixin.py:188} INFO - [2026-06-06T20:26:21.108-0400] {dag.py:3823} INFO - Setting next_dagrun for example_nested_branch_dag to 2026-06-06 00:00:00+00:00, run_after=2026-06-07 00:00:00+00:00
[2026-06-06T20:26:21.119-0400] {processor.py:183} INFO - Processing /Users/nitishbhattad/anaconda3/envs/flight-pipeline/lib/python3.11/site-packages/airflow/example_dags/example_nested_branch_dag.py took 0.110 seconds
[2026-06-06T20:28:29.585-0400] {processor.py:161} INFO - Started process (PID=64493) to work on /Users/nitishbhattad/anaconda3/envs/flight-pipeline/lib/python3.11/site-packages/airflow/example_dags/example_nested_branch_dag.py
[2026-06-06T20:28:29.586-0400] {processor.py:830} INFO - Processing file /Users/nitishbhattad/anaconda3/envs/flight-pipeline/lib/python3.11/site-packages/airflow/example_dags/example_nested_branch_dag.py for tasks to queue
[2026-06-06T20:28:29.586-0400] {logging_mixin.py:188} INFO - [2026-06-06T20:28:29.586-0400] {dagbag.py:538} INFO - Filling up the DagBag from /Users/nitishbhattad/anaconda3/envs/flight-pipeline/lib/python3.11/site-packages/airflow/example_dags/example_nested_branch_dag.py
[2026-06-06T20:28:29.601-0400] {processor.py:840} INFO - DAG(s) 'example_nested_branch_dag' retrieved from /Users/nitishbhattad/anaconda3/envs/flight-pipeline/lib/python3.11/site-packages/airflow/example_dags/example_nested_branch_dag.py
[2026-06-06T20:28:29.660-0400] {logging_mixin.py:188} INFO - [2026-06-06T20:28:29.660-0400] {dag.py:3036} INFO - Sync 1 DAGs
[2026-06-06T20:28:29.666-0400] {logging_mixin.py:188} INFO - [2026-06-06T20:28:29.666-0400] {dag.py:3823} INFO - Setting next_dagrun for example_nested_branch_dag to 2026-06-06 00:00:00+00:00, run_after=2026-06-07 00:00:00+00:00
[2026-06-06T20:28:29.674-0400] {processor.py:183} INFO - Processing /Users/nitishbhattad/anaconda3/envs/flight-pipeline/lib/python3.11/site-packages/airflow/example_dags/example_nested_branch_dag.py took 0.089 seconds
[2026-06-06T20:30:28.270-0400] {processor.py:161} INFO - Started process (PID=64672) to work on /Users/nitishbhattad/anaconda3/envs/flight-pipeline/lib/python3.11/site-packages/airflow/example_dags/example_nested_branch_dag.py
[2026-06-06T20:30:28.273-0400] {processor.py:830} INFO - Processing file /Users/nitishbhattad/anaconda3/envs/flight-pipeline/lib/python3.11/site-packages/airflow/example_dags/example_nested_branch_dag.py for tasks to queue
[2026-06-06T20:30:28.273-0400] {logging_mixin.py:188} INFO - [2026-06-06T20:30:28.273-0400] {dagbag.py:538} INFO - Filling up the DagBag from /Users/nitishbhattad/anaconda3/envs/flight-pipeline/lib/python3.11/site-packages/airflow/example_dags/example_nested_branch_dag.py
[2026-06-06T20:30:28.293-0400] {processor.py:840} INFO - DAG(s) 'example_nested_branch_dag' retrieved from /Users/nitishbhattad/anaconda3/envs/flight-pipeline/lib/python3.11/site-packages/airflow/example_dags/example_nested_branch_dag.py
[2026-06-06T20:30:28.363-0400] {logging_mixin.py:188} INFO - [2026-06-06T20:30:28.363-0400] {dag.py:3036} INFO - Sync 1 DAGs
[2026-06-06T20:30:28.370-0400] {logging_mixin.py:188} INFO - [2026-06-06T20:30:28.370-0400] {dag.py:3823} INFO - Setting next_dagrun for example_nested_branch_dag to 2026-06-06 00:00:00+00:00, run_after=2026-06-07 00:00:00+00:00
[2026-06-06T20:30:28.379-0400] {processor.py:183} INFO - Processing /Users/nitishbhattad/anaconda3/envs/flight-pipeline/lib/python3.11/site-packages/airflow/example_dags/example_nested_branch_dag.py took 0.109 seconds
[2026-06-06T20:32:58.656-0400] {processor.py:161} INFO - Started process (PID=64893) to work on /Users/nitishbhattad/anaconda3/envs/flight-pipeline/lib/python3.11/site-packages/airflow/example_dags/example_nested_branch_dag.py
[2026-06-06T20:32:58.657-0400] {processor.py:830} INFO - Processing file /Users/nitishbhattad/anaconda3/envs/flight-pipeline/lib/python3.11/site-packages/airflow/example_dags/example_nested_branch_dag.py for tasks to queue
[2026-06-06T20:32:58.657-0400] {logging_mixin.py:188} INFO - [2026-06-06T20:32:58.657-0400] {dagbag.py:538} INFO - Filling up the DagBag from /Users/nitishbhattad/anaconda3/envs/flight-pipeline/lib/python3.11/site-packages/airflow/example_dags/example_nested_branch_dag.py
[2026-06-06T20:32:58.672-0400] {processor.py:840} INFO - DAG(s) 'example_nested_branch_dag' retrieved from /Users/nitishbhattad/anaconda3/envs/flight-pipeline/lib/python3.11/site-packages/airflow/example_dags/example_nested_branch_dag.py
[2026-06-06T20:32:58.744-0400] {logging_mixin.py:188} INFO - [2026-06-06T20:32:58.744-0400] {dag.py:3036} INFO - Sync 1 DAGs
[2026-06-06T20:32:58.749-0400] {logging_mixin.py:188} INFO - [2026-06-06T20:32:58.749-0400] {dag.py:3823} INFO - Setting next_dagrun for example_nested_branch_dag to 2026-06-06 00:00:00+00:00, run_after=2026-06-07 00:00:00+00:00
[2026-06-06T20:32:58.757-0400] {processor.py:183} INFO - Processing /Users/nitishbhattad/anaconda3/envs/flight-pipeline/lib/python3.11/site-packages/airflow/example_dags/example_nested_branch_dag.py took 0.101 seconds
[2026-06-06T20:34:58.545-0400] {processor.py:161} INFO - Started process (PID=65078) to work on /Users/nitishbhattad/anaconda3/envs/flight-pipeline/lib/python3.11/site-packages/airflow/example_dags/example_nested_branch_dag.py
[2026-06-06T20:34:58.547-0400] {processor.py:830} INFO - Processing file /Users/nitishbhattad/anaconda3/envs/flight-pipeline/lib/python3.11/site-packages/airflow/example_dags/example_nested_branch_dag.py for tasks to queue
[2026-06-06T20:34:58.547-0400] {logging_mixin.py:188} INFO - [2026-06-06T20:34:58.547-0400] {dagbag.py:538} INFO - Filling up the DagBag from /Users/nitishbhattad/anaconda3/envs/flight-pipeline/lib/python3.11/site-packages/airflow/example_dags/example_nested_branch_dag.py
[2026-06-06T20:34:58.562-0400] {processor.py:840} INFO - DAG(s) 'example_nested_branch_dag' retrieved from /Users/nitishbhattad/anaconda3/envs/flight-pipeline/lib/python3.11/site-packages/airflow/example_dags/example_nested_branch_dag.py
[2026-06-06T20:34:58.622-0400] {logging_mixin.py:188} INFO - [2026-06-06T20:34:58.622-0400] {dag.py:3036} INFO - Sync 1 DAGs
[2026-06-06T20:34:58.628-0400] {logging_mixin.py:188} INFO - [2026-06-06T20:34:58.628-0400] {dag.py:3823} INFO - Setting next_dagrun for example_nested_branch_dag to 2026-06-06 00:00:00+00:00, run_after=2026-06-07 00:00:00+00:00
[2026-06-06T20:34:58.635-0400] {processor.py:183} INFO - Processing /Users/nitishbhattad/anaconda3/envs/flight-pipeline/lib/python3.11/site-packages/airflow/example_dags/example_nested_branch_dag.py took 0.091 seconds
[2026-06-06T20:37:04.521-0400] {processor.py:161} INFO - Started process (PID=65272) to work on /Users/nitishbhattad/anaconda3/envs/flight-pipeline/lib/python3.11/site-packages/airflow/example_dags/example_nested_branch_dag.py
[2026-06-06T20:37:04.522-0400] {processor.py:830} INFO - Processing file /Users/nitishbhattad/anaconda3/envs/flight-pipeline/lib/python3.11/site-packages/airflow/example_dags/example_nested_branch_dag.py for tasks to queue
[2026-06-06T20:37:04.522-0400] {logging_mixin.py:188} INFO - [2026-06-06T20:37:04.522-0400] {dagbag.py:538} INFO - Filling up the DagBag from /Users/nitishbhattad/anaconda3/envs/flight-pipeline/lib/python3.11/site-packages/airflow/example_dags/example_nested_branch_dag.py
[2026-06-06T20:37:04.538-0400] {processor.py:840} INFO - DAG(s) 'example_nested_branch_dag' retrieved from /Users/nitishbhattad/anaconda3/envs/flight-pipeline/lib/python3.11/site-packages/airflow/example_dags/example_nested_branch_dag.py
[2026-06-06T20:37:04.595-0400] {logging_mixin.py:188} INFO - [2026-06-06T20:37:04.595-0400] {dag.py:3036} INFO - Sync 1 DAGs
[2026-06-06T20:37:04.602-0400] {logging_mixin.py:188} INFO - [2026-06-06T20:37:04.601-0400] {dag.py:3823} INFO - Setting next_dagrun for example_nested_branch_dag to 2026-06-06 00:00:00+00:00, run_after=2026-06-07 00:00:00+00:00
[2026-06-06T20:37:04.611-0400] {processor.py:183} INFO - Processing /Users/nitishbhattad/anaconda3/envs/flight-pipeline/lib/python3.11/site-packages/airflow/example_dags/example_nested_branch_dag.py took 0.090 seconds
[2026-06-06T20:39:10.408-0400] {processor.py:161} INFO - Started process (PID=65454) to work on /Users/nitishbhattad/anaconda3/envs/flight-pipeline/lib/python3.11/site-packages/airflow/example_dags/example_nested_branch_dag.py
[2026-06-06T20:39:10.410-0400] {processor.py:830} INFO - Processing file /Users/nitishbhattad/anaconda3/envs/flight-pipeline/lib/python3.11/site-packages/airflow/example_dags/example_nested_branch_dag.py for tasks to queue
[2026-06-06T20:39:10.410-0400] {logging_mixin.py:188} INFO - [2026-06-06T20:39:10.410-0400] {dagbag.py:538} INFO - Filling up the DagBag from /Users/nitishbhattad/anaconda3/envs/flight-pipeline/lib/python3.11/site-packages/airflow/example_dags/example_nested_branch_dag.py
[2026-06-06T20:39:10.432-0400] {processor.py:840} INFO - DAG(s) 'example_nested_branch_dag' retrieved from /Users/nitishbhattad/anaconda3/envs/flight-pipeline/lib/python3.11/site-packages/airflow/example_dags/example_nested_branch_dag.py
[2026-06-06T20:39:10.508-0400] {logging_mixin.py:188} INFO - [2026-06-06T20:39:10.508-0400] {dag.py:3036} INFO - Sync 1 DAGs
[2026-06-06T20:39:10.515-0400] {logging_mixin.py:188} INFO - [2026-06-06T20:39:10.515-0400] {dag.py:3823} INFO - Setting next_dagrun for example_nested_branch_dag to 2026-06-06 00:00:00+00:00, run_after=2026-06-07 00:00:00+00:00
[2026-06-06T20:39:10.525-0400] {processor.py:183} INFO - Processing /Users/nitishbhattad/anaconda3/envs/flight-pipeline/lib/python3.11/site-packages/airflow/example_dags/example_nested_branch_dag.py took 0.118 seconds
[2026-06-06T20:41:22.089-0400] {processor.py:161} INFO - Started process (PID=65718) to work on /Users/nitishbhattad/anaconda3/envs/flight-pipeline/lib/python3.11/site-packages/airflow/example_dags/example_nested_branch_dag.py
[2026-06-06T20:41:22.090-0400] {processor.py:830} INFO - Processing file /Users/nitishbhattad/anaconda3/envs/flight-pipeline/lib/python3.11/site-packages/airflow/example_dags/example_nested_branch_dag.py for tasks to queue
[2026-06-06T20:41:22.090-0400] {logging_mixin.py:188} INFO - [2026-06-06T20:41:22.090-0400] {dagbag.py:538} INFO - Filling up the DagBag from /Users/nitishbhattad/anaconda3/envs/flight-pipeline/lib/python3.11/site-packages/airflow/example_dags/example_nested_branch_dag.py
[2026-06-06T20:41:22.106-0400] {processor.py:840} INFO - DAG(s) 'example_nested_branch_dag' retrieved from /Users/nitishbhattad/anaconda3/envs/flight-pipeline/lib/python3.11/site-packages/airflow/example_dags/example_nested_branch_dag.py
[2026-06-06T20:41:22.175-0400] {logging_mixin.py:188} INFO - [2026-06-06T20:41:22.175-0400] {dag.py:3036} INFO - Sync 1 DAGs
[2026-06-06T20:41:22.181-0400] {logging_mixin.py:188} INFO - [2026-06-06T20:41:22.181-0400] {dag.py:3823} INFO - Setting next_dagrun for example_nested_branch_dag to 2026-06-06 00:00:00+00:00, run_after=2026-06-07 00:00:00+00:00
[2026-06-06T20:41:22.191-0400] {processor.py:183} INFO - Processing /Users/nitishbhattad/anaconda3/envs/flight-pipeline/lib/python3.11/site-packages/airflow/example_dags/example_nested_branch_dag.py took 0.103 seconds
[2026-06-06T20:43:20.071-0400] {processor.py:161} INFO - Started process (PID=65892) to work on /Users/nitishbhattad/anaconda3/envs/flight-pipeline/lib/python3.11/site-packages/airflow/example_dags/example_nested_branch_dag.py
[2026-06-06T20:43:20.072-0400] {processor.py:830} INFO - Processing file /Users/nitishbhattad/anaconda3/envs/flight-pipeline/lib/python3.11/site-packages/airflow/example_dags/example_nested_branch_dag.py for tasks to queue
[2026-06-06T20:43:20.073-0400] {logging_mixin.py:188} INFO - [2026-06-06T20:43:20.073-0400] {dagbag.py:538} INFO - Filling up the DagBag from /Users/nitishbhattad/anaconda3/envs/flight-pipeline/lib/python3.11/site-packages/airflow/example_dags/example_nested_branch_dag.py
[2026-06-06T20:43:20.090-0400] {processor.py:840} INFO - DAG(s) 'example_nested_branch_dag' retrieved from /Users/nitishbhattad/anaconda3/envs/flight-pipeline/lib/python3.11/site-packages/airflow/example_dags/example_nested_branch_dag.py
[2026-06-06T20:43:20.158-0400] {logging_mixin.py:188} INFO - [2026-06-06T20:43:20.157-0400] {dag.py:3036} INFO - Sync 1 DAGs
[2026-06-06T20:43:20.166-0400] {logging_mixin.py:188} INFO - [2026-06-06T20:43:20.165-0400] {dag.py:3823} INFO - Setting next_dagrun for example_nested_branch_dag to 2026-06-06 00:00:00+00:00, run_after=2026-06-07 00:00:00+00:00
[2026-06-06T20:43:20.174-0400] {processor.py:183} INFO - Processing /Users/nitishbhattad/anaconda3/envs/flight-pipeline/lib/python3.11/site-packages/airflow/example_dags/example_nested_branch_dag.py took 0.104 seconds
[2026-06-06T20:45:26.462-0400] {processor.py:161} INFO - Started process (PID=66078) to work on /Users/nitishbhattad/anaconda3/envs/flight-pipeline/lib/python3.11/site-packages/airflow/example_dags/example_nested_branch_dag.py
[2026-06-06T20:45:26.462-0400] {processor.py:830} INFO - Processing file /Users/nitishbhattad/anaconda3/envs/flight-pipeline/lib/python3.11/site-packages/airflow/example_dags/example_nested_branch_dag.py for tasks to queue
[2026-06-06T20:45:26.463-0400] {logging_mixin.py:188} INFO - [2026-06-06T20:45:26.462-0400] {dagbag.py:538} INFO - Filling up the DagBag from /Users/nitishbhattad/anaconda3/envs/flight-pipeline/lib/python3.11/site-packages/airflow/example_dags/example_nested_branch_dag.py
[2026-06-06T20:45:26.479-0400] {processor.py:840} INFO - DAG(s) 'example_nested_branch_dag' retrieved from /Users/nitishbhattad/anaconda3/envs/flight-pipeline/lib/python3.11/site-packages/airflow/example_dags/example_nested_branch_dag.py
[2026-06-06T20:45:26.536-0400] {logging_mixin.py:188} INFO - [2026-06-06T20:45:26.536-0400] {dag.py:3036} INFO - Sync 1 DAGs
[2026-06-06T20:45:26.542-0400] {logging_mixin.py:188} INFO - [2026-06-06T20:45:26.541-0400] {dag.py:3823} INFO - Setting next_dagrun for example_nested_branch_dag to 2026-06-06 00:00:00+00:00, run_after=2026-06-07 00:00:00+00:00
[2026-06-06T20:45:26.548-0400] {processor.py:183} INFO - Processing /Users/nitishbhattad/anaconda3/envs/flight-pipeline/lib/python3.11/site-packages/airflow/example_dags/example_nested_branch_dag.py took 0.087 seconds
[2026-06-06T20:47:33.254-0400] {processor.py:161} INFO - Started process (PID=66283) to work on /Users/nitishbhattad/anaconda3/envs/flight-pipeline/lib/python3.11/site-packages/airflow/example_dags/example_nested_branch_dag.py
[2026-06-06T20:47:33.255-0400] {processor.py:830} INFO - Processing file /Users/nitishbhattad/anaconda3/envs/flight-pipeline/lib/python3.11/site-packages/airflow/example_dags/example_nested_branch_dag.py for tasks to queue
[2026-06-06T20:47:33.256-0400] {logging_mixin.py:188} INFO - [2026-06-06T20:47:33.256-0400] {dagbag.py:538} INFO - Filling up the DagBag from /Users/nitishbhattad/anaconda3/envs/flight-pipeline/lib/python3.11/site-packages/airflow/example_dags/example_nested_branch_dag.py
[2026-06-06T20:47:33.270-0400] {processor.py:840} INFO - DAG(s) 'example_nested_branch_dag' retrieved from /Users/nitishbhattad/anaconda3/envs/flight-pipeline/lib/python3.11/site-packages/airflow/example_dags/example_nested_branch_dag.py
[2026-06-06T20:47:33.342-0400] {logging_mixin.py:188} INFO - [2026-06-06T20:47:33.342-0400] {dag.py:3036} INFO - Sync 1 DAGs
[2026-06-06T20:47:33.349-0400] {logging_mixin.py:188} INFO - [2026-06-06T20:47:33.348-0400] {dag.py:3823} INFO - Setting next_dagrun for example_nested_branch_dag to 2026-06-06 00:00:00+00:00, run_after=2026-06-07 00:00:00+00:00
[2026-06-06T20:47:33.357-0400] {processor.py:183} INFO - Processing /Users/nitishbhattad/anaconda3/envs/flight-pipeline/lib/python3.11/site-packages/airflow/example_dags/example_nested_branch_dag.py took 0.104 seconds
[2026-06-06T20:49:31.348-0400] {processor.py:161} INFO - Started process (PID=66483) to work on /Users/nitishbhattad/anaconda3/envs/flight-pipeline/lib/python3.11/site-packages/airflow/example_dags/example_nested_branch_dag.py
[2026-06-06T20:49:31.349-0400] {processor.py:830} INFO - Processing file /Users/nitishbhattad/anaconda3/envs/flight-pipeline/lib/python3.11/site-packages/airflow/example_dags/example_nested_branch_dag.py for tasks to queue
[2026-06-06T20:49:31.350-0400] {logging_mixin.py:188} INFO - [2026-06-06T20:49:31.349-0400] {dagbag.py:538} INFO - Filling up the DagBag from /Users/nitishbhattad/anaconda3/envs/flight-pipeline/lib/python3.11/site-packages/airflow/example_dags/example_nested_branch_dag.py
[2026-06-06T20:49:31.365-0400] {processor.py:840} INFO - DAG(s) 'example_nested_branch_dag' retrieved from /Users/nitishbhattad/anaconda3/envs/flight-pipeline/lib/python3.11/site-packages/airflow/example_dags/example_nested_branch_dag.py
[2026-06-06T20:49:31.422-0400] {logging_mixin.py:188} INFO - [2026-06-06T20:49:31.422-0400] {dag.py:3036} INFO - Sync 1 DAGs
[2026-06-06T20:49:31.427-0400] {logging_mixin.py:188} INFO - [2026-06-06T20:49:31.427-0400] {dag.py:3823} INFO - Setting next_dagrun for example_nested_branch_dag to 2026-06-06 00:00:00+00:00, run_after=2026-06-07 00:00:00+00:00
[2026-06-06T20:49:31.435-0400] {processor.py:183} INFO - Processing /Users/nitishbhattad/anaconda3/envs/flight-pipeline/lib/python3.11/site-packages/airflow/example_dags/example_nested_branch_dag.py took 0.087 seconds
