[2026-06-06T20:19:38.225-0400] {processor.py:161} INFO - Started process (PID=63634) to work on /Users/nitishbhattad/anaconda3/envs/flight-pipeline/lib/python3.11/site-packages/airflow/example_dags/example_complex.py
[2026-06-06T20:19:38.227-0400] {processor.py:830} INFO - Processing file /Users/nitishbhattad/anaconda3/envs/flight-pipeline/lib/python3.11/site-packages/airflow/example_dags/example_complex.py for tasks to queue
[2026-06-06T20:19:38.227-0400] {logging_mixin.py:188} INFO - [2026-06-06T20:19:38.227-0400] {dagbag.py:538} INFO - Filling up the DagBag from /Users/nitishbhattad/anaconda3/envs/flight-pipeline/lib/python3.11/site-packages/airflow/example_dags/example_complex.py
[2026-06-06T20:19:38.237-0400] {processor.py:840} INFO - DAG(s) 'example_complex' retrieved from /Users/nitishbhattad/anaconda3/envs/flight-pipeline/lib/python3.11/site-packages/airflow/example_dags/example_complex.py
[2026-06-06T20:19:38.346-0400] {logging_mixin.py:188} INFO - [2026-06-06T20:19:38.346-0400] {override.py:1769} INFO - Created Permission View: can delete on DAG:example_complex
[2026-06-06T20:19:38.350-0400] {logging_mixin.py:188} INFO - [2026-06-06T20:19:38.350-0400] {override.py:1769} INFO - Created Permission View: can read on DAG:example_complex
[2026-06-06T20:19:38.352-0400] {logging_mixin.py:188} INFO - [2026-06-06T20:19:38.352-0400] {override.py:1769} INFO - Created Permission View: can edit on DAG:example_complex
[2026-06-06T20:19:38.352-0400] {logging_mixin.py:188} INFO - [2026-06-06T20:19:38.352-0400] {dag.py:3036} INFO - Sync 1 DAGs
[2026-06-06T20:19:38.356-0400] {logging_mixin.py:188} INFO - [2026-06-06T20:19:38.356-0400] {dag.py:3058} INFO - Creating ORM DAG for example_complex
[2026-06-06T20:19:38.356-0400] {logging_mixin.py:188} INFO - [2026-06-06T20:19:38.356-0400] {dag.py:3823} INFO - Setting next_dagrun for example_complex to None, run_after=None
[2026-06-06T20:19:38.363-0400] {processor.py:183} INFO - Processing /Users/nitishbhattad/anaconda3/envs/flight-pipeline/lib/python3.11/site-packages/airflow/example_dags/example_complex.py took 0.138 seconds
[2026-06-06T20:21:43.449-0400] {processor.py:161} INFO - Started process (PID=63814) to work on /Users/nitishbhattad/anaconda3/envs/flight-pipeline/lib/python3.11/site-packages/airflow/example_dags/example_complex.py
[2026-06-06T20:21:43.450-0400] {processor.py:830} INFO - Processing file /Users/nitishbhattad/anaconda3/envs/flight-pipeline/lib/python3.11/site-packages/airflow/example_dags/example_complex.py for tasks to queue
[2026-06-06T20:21:43.450-0400] {logging_mixin.py:188} INFO - [2026-06-06T20:21:43.450-0400] {dagbag.py:538} INFO - Filling up the DagBag from /Users/nitishbhattad/anaconda3/envs/flight-pipeline/lib/python3.11/site-packages/airflow/example_dags/example_complex.py
[2026-06-06T20:21:43.455-0400] {processor.py:840} INFO - DAG(s) 'example_complex' retrieved from /Users/nitishbhattad/anaconda3/envs/flight-pipeline/lib/python3.11/site-packages/airflow/example_dags/example_complex.py
[2026-06-06T20:21:43.514-0400] {logging_mixin.py:188} INFO - [2026-06-06T20:21:43.514-0400] {dag.py:3036} INFO - Sync 1 DAGs
[2026-06-06T20:21:43.518-0400] {logging_mixin.py:188} INFO - [2026-06-06T20:21:43.518-0400] {dag.py:3823} INFO - Setting next_dagrun for example_complex to None, run_after=None
[2026-06-06T20:21:43.527-0400] {processor.py:183} INFO - Processing /Users/nitishbhattad/anaconda3/envs/flight-pipeline/lib/python3.11/site-packages/airflow/example_dags/example_complex.py took 0.078 seconds
[2026-06-06T20:25:10.661-0400] {processor.py:161} INFO - Started process (PID=64174) to work on /Users/nitishbhattad/anaconda3/envs/flight-pipeline/lib/python3.11/site-packages/airflow/example_dags/example_complex.py
[2026-06-06T20:25:10.662-0400] {processor.py:830} INFO - Processing file /Users/nitishbhattad/anaconda3/envs/flight-pipeline/lib/python3.11/site-packages/airflow/example_dags/example_complex.py for tasks to queue
[2026-06-06T20:25:10.662-0400] {logging_mixin.py:188} INFO - [2026-06-06T20:25:10.662-0400] {dagbag.py:538} INFO - Filling up the DagBag from /Users/nitishbhattad/anaconda3/envs/flight-pipeline/lib/python3.11/site-packages/airflow/example_dags/example_complex.py
[2026-06-06T20:25:10.668-0400] {processor.py:840} INFO - DAG(s) 'example_complex' retrieved from /Users/nitishbhattad/anaconda3/envs/flight-pipeline/lib/python3.11/site-packages/airflow/example_dags/example_complex.py
[2026-06-06T20:25:10.738-0400] {logging_mixin.py:188} INFO - [2026-06-06T20:25:10.738-0400] {dag.py:3036} INFO - Sync 1 DAGs
[2026-06-06T20:25:10.743-0400] {logging_mixin.py:188} INFO - [2026-06-06T20:25:10.743-0400] {dag.py:3823} INFO - Setting next_dagrun for example_complex to None, run_after=None
[2026-06-06T20:25:10.752-0400] {processor.py:183} INFO - Processing /Users/nitishbhattad/anaconda3/envs/flight-pipeline/lib/python3.11/site-packages/airflow/example_dags/example_complex.py took 0.092 seconds
[2026-06-06T20:27:24.085-0400] {processor.py:161} INFO - Started process (PID=64396) to work on /Users/nitishbhattad/anaconda3/envs/flight-pipeline/lib/python3.11/site-packages/airflow/example_dags/example_complex.py
[2026-06-06T20:27:24.090-0400] {processor.py:830} INFO - Processing file /Users/nitishbhattad/anaconda3/envs/flight-pipeline/lib/python3.11/site-packages/airflow/example_dags/example_complex.py for tasks to queue
[2026-06-06T20:27:24.092-0400] {logging_mixin.py:188} INFO - [2026-06-06T20:27:24.092-0400] {dagbag.py:538} INFO - Filling up the DagBag from /Users/nitishbhattad/anaconda3/envs/flight-pipeline/lib/python3.11/site-packages/airflow/example_dags/example_complex.py
[2026-06-06T20:27:24.134-0400] {processor.py:840} INFO - DAG(s) 'example_complex' retrieved from /Users/nitishbhattad/anaconda3/envs/flight-pipeline/lib/python3.11/site-packages/airflow/example_dags/example_complex.py
[2026-06-06T20:27:24.198-0400] {logging_mixin.py:188} INFO - [2026-06-06T20:27:24.197-0400] {dag.py:3036} INFO - Sync 1 DAGs
[2026-06-06T20:27:24.201-0400] {logging_mixin.py:188} INFO - [2026-06-06T20:27:24.201-0400] {dag.py:3823} INFO - Setting next_dagrun for example_complex to None, run_after=None
[2026-06-06T20:27:24.209-0400] {processor.py:183} INFO - Processing /Users/nitishbhattad/anaconda3/envs/flight-pipeline/lib/python3.11/site-packages/airflow/example_dags/example_complex.py took 0.126 seconds
[2026-06-06T20:29:26.371-0400] {processor.py:161} INFO - Started process (PID=64579) to work on /Users/nitishbhattad/anaconda3/envs/flight-pipeline/lib/python3.11/site-packages/airflow/example_dags/example_complex.py
[2026-06-06T20:29:26.372-0400] {processor.py:830} INFO - Processing file /Users/nitishbhattad/anaconda3/envs/flight-pipeline/lib/python3.11/site-packages/airflow/example_dags/example_complex.py for tasks to queue
[2026-06-06T20:29:26.372-0400] {logging_mixin.py:188} INFO - [2026-06-06T20:29:26.372-0400] {dagbag.py:538} INFO - Filling up the DagBag from /Users/nitishbhattad/anaconda3/envs/flight-pipeline/lib/python3.11/site-packages/airflow/example_dags/example_complex.py
[2026-06-06T20:29:26.378-0400] {processor.py:840} INFO - DAG(s) 'example_complex' retrieved from /Users/nitishbhattad/anaconda3/envs/flight-pipeline/lib/python3.11/site-packages/airflow/example_dags/example_complex.py
[2026-06-06T20:29:26.446-0400] {logging_mixin.py:188} INFO - [2026-06-06T20:29:26.446-0400] {dag.py:3036} INFO - Sync 1 DAGs
[2026-06-06T20:29:26.450-0400] {logging_mixin.py:188} INFO - [2026-06-06T20:29:26.450-0400] {dag.py:3823} INFO - Setting next_dagrun for example_complex to None, run_after=None
[2026-06-06T20:29:26.461-0400] {processor.py:183} INFO - Processing /Users/nitishbhattad/anaconda3/envs/flight-pipeline/lib/python3.11/site-packages/airflow/example_dags/example_complex.py took 0.091 seconds
[2026-06-06T20:31:55.678-0400] {processor.py:161} INFO - Started process (PID=64804) to work on /Users/nitishbhattad/anaconda3/envs/flight-pipeline/lib/python3.11/site-packages/airflow/example_dags/example_complex.py
[2026-06-06T20:31:55.679-0400] {processor.py:830} INFO - Processing file /Users/nitishbhattad/anaconda3/envs/flight-pipeline/lib/python3.11/site-packages/airflow/example_dags/example_complex.py for tasks to queue
[2026-06-06T20:31:55.679-0400] {logging_mixin.py:188} INFO - [2026-06-06T20:31:55.679-0400] {dagbag.py:538} INFO - Filling up the DagBag from /Users/nitishbhattad/anaconda3/envs/flight-pipeline/lib/python3.11/site-packages/airflow/example_dags/example_complex.py
[2026-06-06T20:31:55.685-0400] {processor.py:840} INFO - DAG(s) 'example_complex' retrieved from /Users/nitishbhattad/anaconda3/envs/flight-pipeline/lib/python3.11/site-packages/airflow/example_dags/example_complex.py
[2026-06-06T20:31:55.749-0400] {logging_mixin.py:188} INFO - [2026-06-06T20:31:55.748-0400] {dag.py:3036} INFO - Sync 1 DAGs
[2026-06-06T20:31:55.752-0400] {logging_mixin.py:188} INFO - [2026-06-06T20:31:55.752-0400] {dag.py:3823} INFO - Setting next_dagrun for example_complex to None, run_after=None
[2026-06-06T20:31:55.760-0400] {processor.py:183} INFO - Processing /Users/nitishbhattad/anaconda3/envs/flight-pipeline/lib/python3.11/site-packages/airflow/example_dags/example_complex.py took 0.083 seconds
[2026-06-06T20:33:59.593-0400] {processor.py:161} INFO - Started process (PID=64985) to work on /Users/nitishbhattad/anaconda3/envs/flight-pipeline/lib/python3.11/site-packages/airflow/example_dags/example_complex.py
[2026-06-06T20:33:59.595-0400] {processor.py:830} INFO - Processing file /Users/nitishbhattad/anaconda3/envs/flight-pipeline/lib/python3.11/site-packages/airflow/example_dags/example_complex.py for tasks to queue
[2026-06-06T20:33:59.595-0400] {logging_mixin.py:188} INFO - [2026-06-06T20:33:59.595-0400] {dagbag.py:538} INFO - Filling up the DagBag from /Users/nitishbhattad/anaconda3/envs/flight-pipeline/lib/python3.11/site-packages/airflow/example_dags/example_complex.py
[2026-06-06T20:33:59.600-0400] {processor.py:840} INFO - DAG(s) 'example_complex' retrieved from /Users/nitishbhattad/anaconda3/envs/flight-pipeline/lib/python3.11/site-packages/airflow/example_dags/example_complex.py
[2026-06-06T20:33:59.669-0400] {logging_mixin.py:188} INFO - [2026-06-06T20:33:59.669-0400] {dag.py:3036} INFO - Sync 1 DAGs
[2026-06-06T20:33:59.673-0400] {logging_mixin.py:188} INFO - [2026-06-06T20:33:59.673-0400] {dag.py:3823} INFO - Setting next_dagrun for example_complex to None, run_after=None
[2026-06-06T20:33:59.683-0400] {processor.py:183} INFO - Processing /Users/nitishbhattad/anaconda3/envs/flight-pipeline/lib/python3.11/site-packages/airflow/example_dags/example_complex.py took 0.090 seconds
[2026-06-06T20:35:57.782-0400] {processor.py:161} INFO - Started process (PID=65165) to work on /Users/nitishbhattad/anaconda3/envs/flight-pipeline/lib/python3.11/site-packages/airflow/example_dags/example_complex.py
[2026-06-06T20:35:57.784-0400] {processor.py:830} INFO - Processing file /Users/nitishbhattad/anaconda3/envs/flight-pipeline/lib/python3.11/site-packages/airflow/example_dags/example_complex.py for tasks to queue
[2026-06-06T20:35:57.784-0400] {logging_mixin.py:188} INFO - [2026-06-06T20:35:57.784-0400] {dagbag.py:538} INFO - Filling up the DagBag from /Users/nitishbhattad/anaconda3/envs/flight-pipeline/lib/python3.11/site-packages/airflow/example_dags/example_complex.py
[2026-06-06T20:35:57.791-0400] {processor.py:840} INFO - DAG(s) 'example_complex' retrieved from /Users/nitishbhattad/anaconda3/envs/flight-pipeline/lib/python3.11/site-packages/airflow/example_dags/example_complex.py
[2026-06-06T20:35:57.889-0400] {logging_mixin.py:188} INFO - [2026-06-06T20:35:57.888-0400] {dag.py:3036} INFO - Sync 1 DAGs
[2026-06-06T20:35:57.894-0400] {logging_mixin.py:188} INFO - [2026-06-06T20:35:57.894-0400] {dag.py:3823} INFO - Setting next_dagrun for example_complex to None, run_after=None
[2026-06-06T20:35:57.907-0400] {processor.py:183} INFO - Processing /Users/nitishbhattad/anaconda3/envs/flight-pipeline/lib/python3.11/site-packages/airflow/example_dags/example_complex.py took 0.130 seconds
[2026-06-06T20:38:08.516-0400] {processor.py:161} INFO - Started process (PID=65365) to work on /Users/nitishbhattad/anaconda3/envs/flight-pipeline/lib/python3.11/site-packages/airflow/example_dags/example_complex.py
[2026-06-06T20:38:08.517-0400] {processor.py:830} INFO - Processing file /Users/nitishbhattad/anaconda3/envs/flight-pipeline/lib/python3.11/site-packages/airflow/example_dags/example_complex.py for tasks to queue
[2026-06-06T20:38:08.518-0400] {logging_mixin.py:188} INFO - [2026-06-06T20:38:08.518-0400] {dagbag.py:538} INFO - Filling up the DagBag from /Users/nitishbhattad/anaconda3/envs/flight-pipeline/lib/python3.11/site-packages/airflow/example_dags/example_complex.py
[2026-06-06T20:38:08.524-0400] {processor.py:840} INFO - DAG(s) 'example_complex' retrieved from /Users/nitishbhattad/anaconda3/envs/flight-pipeline/lib/python3.11/site-packages/airflow/example_dags/example_complex.py
[2026-06-06T20:38:08.604-0400] {logging_mixin.py:188} INFO - [2026-06-06T20:38:08.604-0400] {dag.py:3036} INFO - Sync 1 DAGs
[2026-06-06T20:38:08.608-0400] {logging_mixin.py:188} INFO - [2026-06-06T20:38:08.608-0400] {dag.py:3823} INFO - Setting next_dagrun for example_complex to None, run_after=None
[2026-06-06T20:38:08.615-0400] {processor.py:183} INFO - Processing /Users/nitishbhattad/anaconda3/envs/flight-pipeline/lib/python3.11/site-packages/airflow/example_dags/example_complex.py took 0.100 seconds
[2026-06-06T20:40:13.454-0400] {processor.py:161} INFO - Started process (PID=65572) to work on /Users/nitishbhattad/anaconda3/envs/flight-pipeline/lib/python3.11/site-packages/airflow/example_dags/example_complex.py
[2026-06-06T20:40:13.455-0400] {processor.py:830} INFO - Processing file /Users/nitishbhattad/anaconda3/envs/flight-pipeline/lib/python3.11/site-packages/airflow/example_dags/example_complex.py for tasks to queue
[2026-06-06T20:40:13.455-0400] {logging_mixin.py:188} INFO - [2026-06-06T20:40:13.455-0400] {dagbag.py:538} INFO - Filling up the DagBag from /Users/nitishbhattad/anaconda3/envs/flight-pipeline/lib/python3.11/site-packages/airflow/example_dags/example_complex.py
[2026-06-06T20:40:13.468-0400] {processor.py:840} INFO - DAG(s) 'example_complex' retrieved from /Users/nitishbhattad/anaconda3/envs/flight-pipeline/lib/python3.11/site-packages/airflow/example_dags/example_complex.py
[2026-06-06T20:40:13.550-0400] {logging_mixin.py:188} INFO - [2026-06-06T20:40:13.550-0400] {dag.py:3036} INFO - Sync 1 DAGs
[2026-06-06T20:40:13.555-0400] {logging_mixin.py:188} INFO - [2026-06-06T20:40:13.554-0400] {dag.py:3823} INFO - Setting next_dagrun for example_complex to None, run_after=None
[2026-06-06T20:40:13.563-0400] {processor.py:183} INFO - Processing /Users/nitishbhattad/anaconda3/envs/flight-pipeline/lib/python3.11/site-packages/airflow/example_dags/example_complex.py took 0.110 seconds
[2026-06-06T20:42:21.716-0400] {processor.py:161} INFO - Started process (PID=65805) to work on /Users/nitishbhattad/anaconda3/envs/flight-pipeline/lib/python3.11/site-packages/airflow/example_dags/example_complex.py
[2026-06-06T20:42:21.717-0400] {processor.py:830} INFO - Processing file /Users/nitishbhattad/anaconda3/envs/flight-pipeline/lib/python3.11/site-packages/airflow/example_dags/example_complex.py for tasks to queue
[2026-06-06T20:42:21.717-0400] {logging_mixin.py:188} INFO - [2026-06-06T20:42:21.717-0400] {dagbag.py:538} INFO - Filling up the DagBag from /Users/nitishbhattad/anaconda3/envs/flight-pipeline/lib/python3.11/site-packages/airflow/example_dags/example_complex.py
[2026-06-06T20:42:21.723-0400] {processor.py:840} INFO - DAG(s) 'example_complex' retrieved from /Users/nitishbhattad/anaconda3/envs/flight-pipeline/lib/python3.11/site-packages/airflow/example_dags/example_complex.py
[2026-06-06T20:42:21.787-0400] {logging_mixin.py:188} INFO - [2026-06-06T20:42:21.787-0400] {dag.py:3036} INFO - Sync 1 DAGs
[2026-06-06T20:42:21.791-0400] {logging_mixin.py:188} INFO - [2026-06-06T20:42:21.791-0400] {dag.py:3823} INFO - Setting next_dagrun for example_complex to None, run_after=None
[2026-06-06T20:42:21.800-0400] {processor.py:183} INFO - Processing /Users/nitishbhattad/anaconda3/envs/flight-pipeline/lib/python3.11/site-packages/airflow/example_dags/example_complex.py took 0.084 seconds
[2026-06-06T20:44:25.489-0400] {processor.py:161} INFO - Started process (PID=65985) to work on /Users/nitishbhattad/anaconda3/envs/flight-pipeline/lib/python3.11/site-packages/airflow/example_dags/example_complex.py
[2026-06-06T20:44:25.489-0400] {processor.py:830} INFO - Processing file /Users/nitishbhattad/anaconda3/envs/flight-pipeline/lib/python3.11/site-packages/airflow/example_dags/example_complex.py for tasks to queue
[2026-06-06T20:44:25.490-0400] {logging_mixin.py:188} INFO - [2026-06-06T20:44:25.490-0400] {dagbag.py:538} INFO - Filling up the DagBag from /Users/nitishbhattad/anaconda3/envs/flight-pipeline/lib/python3.11/site-packages/airflow/example_dags/example_complex.py
[2026-06-06T20:44:25.496-0400] {processor.py:840} INFO - DAG(s) 'example_complex' retrieved from /Users/nitishbhattad/anaconda3/envs/flight-pipeline/lib/python3.11/site-packages/airflow/example_dags/example_complex.py
[2026-06-06T20:44:25.561-0400] {logging_mixin.py:188} INFO - [2026-06-06T20:44:25.561-0400] {dag.py:3036} INFO - Sync 1 DAGs
[2026-06-06T20:44:25.565-0400] {logging_mixin.py:188} INFO - [2026-06-06T20:44:25.565-0400] {dag.py:3823} INFO - Setting next_dagrun for example_complex to None, run_after=None
[2026-06-06T20:44:25.574-0400] {processor.py:183} INFO - Processing /Users/nitishbhattad/anaconda3/envs/flight-pipeline/lib/python3.11/site-packages/airflow/example_dags/example_complex.py took 0.086 seconds
[2026-06-06T20:46:29.889-0400] {processor.py:161} INFO - Started process (PID=66171) to work on /Users/nitishbhattad/anaconda3/envs/flight-pipeline/lib/python3.11/site-packages/airflow/example_dags/example_complex.py
[2026-06-06T20:46:29.890-0400] {processor.py:830} INFO - Processing file /Users/nitishbhattad/anaconda3/envs/flight-pipeline/lib/python3.11/site-packages/airflow/example_dags/example_complex.py for tasks to queue
[2026-06-06T20:46:29.890-0400] {logging_mixin.py:188} INFO - [2026-06-06T20:46:29.890-0400] {dagbag.py:538} INFO - Filling up the DagBag from /Users/nitishbhattad/anaconda3/envs/flight-pipeline/lib/python3.11/site-packages/airflow/example_dags/example_complex.py
[2026-06-06T20:46:29.895-0400] {processor.py:840} INFO - DAG(s) 'example_complex' retrieved from /Users/nitishbhattad/anaconda3/envs/flight-pipeline/lib/python3.11/site-packages/airflow/example_dags/example_complex.py
[2026-06-06T20:46:29.959-0400] {logging_mixin.py:188} INFO - [2026-06-06T20:46:29.959-0400] {dag.py:3036} INFO - Sync 1 DAGs
[2026-06-06T20:46:29.964-0400] {logging_mixin.py:188} INFO - [2026-06-06T20:46:29.964-0400] {dag.py:3823} INFO - Setting next_dagrun for example_complex to None, run_after=None
[2026-06-06T20:46:29.973-0400] {processor.py:183} INFO - Processing /Users/nitishbhattad/anaconda3/envs/flight-pipeline/lib/python3.11/site-packages/airflow/example_dags/example_complex.py took 0.083 seconds
[2026-06-06T20:48:30.992-0400] {processor.py:161} INFO - Started process (PID=66378) to work on /Users/nitishbhattad/anaconda3/envs/flight-pipeline/lib/python3.11/site-packages/airflow/example_dags/example_complex.py
[2026-06-06T20:48:30.993-0400] {processor.py:830} INFO - Processing file /Users/nitishbhattad/anaconda3/envs/flight-pipeline/lib/python3.11/site-packages/airflow/example_dags/example_complex.py for tasks to queue
[2026-06-06T20:48:30.993-0400] {logging_mixin.py:188} INFO - [2026-06-06T20:48:30.993-0400] {dagbag.py:538} INFO - Filling up the DagBag from /Users/nitishbhattad/anaconda3/envs/flight-pipeline/lib/python3.11/site-packages/airflow/example_dags/example_complex.py
[2026-06-06T20:48:30.998-0400] {processor.py:840} INFO - DAG(s) 'example_complex' retrieved from /Users/nitishbhattad/anaconda3/envs/flight-pipeline/lib/python3.11/site-packages/airflow/example_dags/example_complex.py
[2026-06-06T20:48:31.060-0400] {logging_mixin.py:188} INFO - [2026-06-06T20:48:31.060-0400] {dag.py:3036} INFO - Sync 1 DAGs
[2026-06-06T20:48:31.063-0400] {logging_mixin.py:188} INFO - [2026-06-06T20:48:31.063-0400] {dag.py:3823} INFO - Setting next_dagrun for example_complex to None, run_after=None
[2026-06-06T20:48:31.071-0400] {processor.py:183} INFO - Processing /Users/nitishbhattad/anaconda3/envs/flight-pipeline/lib/python3.11/site-packages/airflow/example_dags/example_complex.py took 0.079 seconds
[2026-06-06T20:50:31.896-0400] {processor.py:161} INFO - Started process (PID=66579) to work on /Users/nitishbhattad/anaconda3/envs/flight-pipeline/lib/python3.11/site-packages/airflow/example_dags/example_complex.py
[2026-06-06T20:50:31.897-0400] {processor.py:830} INFO - Processing file /Users/nitishbhattad/anaconda3/envs/flight-pipeline/lib/python3.11/site-packages/airflow/example_dags/example_complex.py for tasks to queue
[2026-06-06T20:50:31.898-0400] {logging_mixin.py:188} INFO - [2026-06-06T20:50:31.898-0400] {dagbag.py:538} INFO - Filling up the DagBag from /Users/nitishbhattad/anaconda3/envs/flight-pipeline/lib/python3.11/site-packages/airflow/example_dags/example_complex.py
[2026-06-06T20:50:31.905-0400] {processor.py:840} INFO - DAG(s) 'example_complex' retrieved from /Users/nitishbhattad/anaconda3/envs/flight-pipeline/lib/python3.11/site-packages/airflow/example_dags/example_complex.py
[2026-06-06T20:50:31.976-0400] {logging_mixin.py:188} INFO - [2026-06-06T20:50:31.976-0400] {dag.py:3036} INFO - Sync 1 DAGs
[2026-06-06T20:50:31.980-0400] {logging_mixin.py:188} INFO - [2026-06-06T20:50:31.980-0400] {dag.py:3823} INFO - Setting next_dagrun for example_complex to None, run_after=None
[2026-06-06T20:50:31.990-0400] {processor.py:183} INFO - Processing /Users/nitishbhattad/anaconda3/envs/flight-pipeline/lib/python3.11/site-packages/airflow/example_dags/example_complex.py took 0.095 seconds
