[2026-06-06T20:19:47.929-0400] {processor.py:161} INFO - Started process (PID=63650) to work on /Users/nitishbhattad/anaconda3/envs/flight-pipeline/lib/python3.11/site-packages/airflow/example_dags/example_branch_day_of_week_operator.py
[2026-06-06T20:19:47.929-0400] {processor.py:830} INFO - Processing file /Users/nitishbhattad/anaconda3/envs/flight-pipeline/lib/python3.11/site-packages/airflow/example_dags/example_branch_day_of_week_operator.py for tasks to queue
[2026-06-06T20:19:47.929-0400] {logging_mixin.py:188} INFO - [2026-06-06T20:19:47.929-0400] {dagbag.py:538} INFO - Filling up the DagBag from /Users/nitishbhattad/anaconda3/envs/flight-pipeline/lib/python3.11/site-packages/airflow/example_dags/example_branch_day_of_week_operator.py
[2026-06-06T20:19:47.934-0400] {processor.py:840} INFO - DAG(s) 'example_weekday_branch_operator' retrieved from /Users/nitishbhattad/anaconda3/envs/flight-pipeline/lib/python3.11/site-packages/airflow/example_dags/example_branch_day_of_week_operator.py
[2026-06-06T20:19:48.025-0400] {logging_mixin.py:188} INFO - [2026-06-06T20:19:48.025-0400] {override.py:1769} INFO - Created Permission View: can delete on DAG:example_weekday_branch_operator
[2026-06-06T20:19:48.028-0400] {logging_mixin.py:188} INFO - [2026-06-06T20:19:48.028-0400] {override.py:1769} INFO - Created Permission View: can read on DAG:example_weekday_branch_operator
[2026-06-06T20:19:48.030-0400] {logging_mixin.py:188} INFO - [2026-06-06T20:19:48.029-0400] {override.py:1769} INFO - Created Permission View: can edit on DAG:example_weekday_branch_operator
[2026-06-06T20:19:48.030-0400] {logging_mixin.py:188} INFO - [2026-06-06T20:19:48.030-0400] {dag.py:3036} INFO - Sync 1 DAGs
[2026-06-06T20:19:48.033-0400] {logging_mixin.py:188} INFO - [2026-06-06T20:19:48.033-0400] {dag.py:3058} INFO - Creating ORM DAG for example_weekday_branch_operator
[2026-06-06T20:19:48.036-0400] {logging_mixin.py:188} INFO - [2026-06-06T20:19:48.035-0400] {dag.py:3823} INFO - Setting next_dagrun for example_weekday_branch_operator to 2026-06-06 00:00:00+00:00, run_after=2026-06-07 00:00:00+00:00
[2026-06-06T20:19:48.042-0400] {processor.py:183} INFO - Processing /Users/nitishbhattad/anaconda3/envs/flight-pipeline/lib/python3.11/site-packages/airflow/example_dags/example_branch_day_of_week_operator.py took 0.114 seconds
[2026-06-06T20:21:52.262-0400] {processor.py:161} INFO - Started process (PID=63830) to work on /Users/nitishbhattad/anaconda3/envs/flight-pipeline/lib/python3.11/site-packages/airflow/example_dags/example_branch_day_of_week_operator.py
[2026-06-06T20:21:52.264-0400] {processor.py:830} INFO - Processing file /Users/nitishbhattad/anaconda3/envs/flight-pipeline/lib/python3.11/site-packages/airflow/example_dags/example_branch_day_of_week_operator.py for tasks to queue
[2026-06-06T20:21:52.264-0400] {logging_mixin.py:188} INFO - [2026-06-06T20:21:52.264-0400] {dagbag.py:538} INFO - Filling up the DagBag from /Users/nitishbhattad/anaconda3/envs/flight-pipeline/lib/python3.11/site-packages/airflow/example_dags/example_branch_day_of_week_operator.py
[2026-06-06T20:21:52.269-0400] {processor.py:840} INFO - DAG(s) 'example_weekday_branch_operator' retrieved from /Users/nitishbhattad/anaconda3/envs/flight-pipeline/lib/python3.11/site-packages/airflow/example_dags/example_branch_day_of_week_operator.py
[2026-06-06T20:21:52.332-0400] {logging_mixin.py:188} INFO - [2026-06-06T20:21:52.332-0400] {dag.py:3036} INFO - Sync 1 DAGs
[2026-06-06T20:21:52.339-0400] {logging_mixin.py:188} INFO - [2026-06-06T20:21:52.339-0400] {dag.py:3823} INFO - Setting next_dagrun for example_weekday_branch_operator to 2026-06-06 00:00:00+00:00, run_after=2026-06-07 00:00:00+00:00
[2026-06-06T20:21:52.347-0400] {processor.py:183} INFO - Processing /Users/nitishbhattad/anaconda3/envs/flight-pipeline/lib/python3.11/site-packages/airflow/example_dags/example_branch_day_of_week_operator.py took 0.085 seconds
[2026-06-06T20:25:20.956-0400] {processor.py:161} INFO - Started process (PID=64190) to work on /Users/nitishbhattad/anaconda3/envs/flight-pipeline/lib/python3.11/site-packages/airflow/example_dags/example_branch_day_of_week_operator.py
[2026-06-06T20:25:20.957-0400] {processor.py:830} INFO - Processing file /Users/nitishbhattad/anaconda3/envs/flight-pipeline/lib/python3.11/site-packages/airflow/example_dags/example_branch_day_of_week_operator.py for tasks to queue
[2026-06-06T20:25:20.957-0400] {logging_mixin.py:188} INFO - [2026-06-06T20:25:20.957-0400] {dagbag.py:538} INFO - Filling up the DagBag from /Users/nitishbhattad/anaconda3/envs/flight-pipeline/lib/python3.11/site-packages/airflow/example_dags/example_branch_day_of_week_operator.py
[2026-06-06T20:25:20.963-0400] {processor.py:840} INFO - DAG(s) 'example_weekday_branch_operator' retrieved from /Users/nitishbhattad/anaconda3/envs/flight-pipeline/lib/python3.11/site-packages/airflow/example_dags/example_branch_day_of_week_operator.py
[2026-06-06T20:25:21.024-0400] {logging_mixin.py:188} INFO - [2026-06-06T20:25:21.023-0400] {dag.py:3036} INFO - Sync 1 DAGs
[2026-06-06T20:25:21.030-0400] {logging_mixin.py:188} INFO - [2026-06-06T20:25:21.030-0400] {dag.py:3823} INFO - Setting next_dagrun for example_weekday_branch_operator to 2026-06-06 00:00:00+00:00, run_after=2026-06-07 00:00:00+00:00
[2026-06-06T20:25:21.039-0400] {processor.py:183} INFO - Processing /Users/nitishbhattad/anaconda3/envs/flight-pipeline/lib/python3.11/site-packages/airflow/example_dags/example_branch_day_of_week_operator.py took 0.084 seconds
[2026-06-06T20:27:34.400-0400] {processor.py:161} INFO - Started process (PID=64412) to work on /Users/nitishbhattad/anaconda3/envs/flight-pipeline/lib/python3.11/site-packages/airflow/example_dags/example_branch_day_of_week_operator.py
[2026-06-06T20:27:34.401-0400] {processor.py:830} INFO - Processing file /Users/nitishbhattad/anaconda3/envs/flight-pipeline/lib/python3.11/site-packages/airflow/example_dags/example_branch_day_of_week_operator.py for tasks to queue
[2026-06-06T20:27:34.401-0400] {logging_mixin.py:188} INFO - [2026-06-06T20:27:34.401-0400] {dagbag.py:538} INFO - Filling up the DagBag from /Users/nitishbhattad/anaconda3/envs/flight-pipeline/lib/python3.11/site-packages/airflow/example_dags/example_branch_day_of_week_operator.py
[2026-06-06T20:27:34.406-0400] {processor.py:840} INFO - DAG(s) 'example_weekday_branch_operator' retrieved from /Users/nitishbhattad/anaconda3/envs/flight-pipeline/lib/python3.11/site-packages/airflow/example_dags/example_branch_day_of_week_operator.py
[2026-06-06T20:27:34.478-0400] {logging_mixin.py:188} INFO - [2026-06-06T20:27:34.478-0400] {dag.py:3036} INFO - Sync 1 DAGs
[2026-06-06T20:27:34.486-0400] {logging_mixin.py:188} INFO - [2026-06-06T20:27:34.486-0400] {dag.py:3823} INFO - Setting next_dagrun for example_weekday_branch_operator to 2026-06-06 00:00:00+00:00, run_after=2026-06-07 00:00:00+00:00
[2026-06-06T20:27:34.494-0400] {processor.py:183} INFO - Processing /Users/nitishbhattad/anaconda3/envs/flight-pipeline/lib/python3.11/site-packages/airflow/example_dags/example_branch_day_of_week_operator.py took 0.095 seconds
[2026-06-06T20:29:34.023-0400] {processor.py:161} INFO - Started process (PID=64592) to work on /Users/nitishbhattad/anaconda3/envs/flight-pipeline/lib/python3.11/site-packages/airflow/example_dags/example_branch_day_of_week_operator.py
[2026-06-06T20:29:34.024-0400] {processor.py:830} INFO - Processing file /Users/nitishbhattad/anaconda3/envs/flight-pipeline/lib/python3.11/site-packages/airflow/example_dags/example_branch_day_of_week_operator.py for tasks to queue
[2026-06-06T20:29:34.024-0400] {logging_mixin.py:188} INFO - [2026-06-06T20:29:34.024-0400] {dagbag.py:538} INFO - Filling up the DagBag from /Users/nitishbhattad/anaconda3/envs/flight-pipeline/lib/python3.11/site-packages/airflow/example_dags/example_branch_day_of_week_operator.py
[2026-06-06T20:29:34.029-0400] {processor.py:840} INFO - DAG(s) 'example_weekday_branch_operator' retrieved from /Users/nitishbhattad/anaconda3/envs/flight-pipeline/lib/python3.11/site-packages/airflow/example_dags/example_branch_day_of_week_operator.py
[2026-06-06T20:29:34.136-0400] {logging_mixin.py:188} INFO - [2026-06-06T20:29:34.136-0400] {dag.py:3036} INFO - Sync 1 DAGs
[2026-06-06T20:29:34.143-0400] {logging_mixin.py:188} INFO - [2026-06-06T20:29:34.143-0400] {dag.py:3823} INFO - Setting next_dagrun for example_weekday_branch_operator to 2026-06-06 00:00:00+00:00, run_after=2026-06-07 00:00:00+00:00
[2026-06-06T20:29:34.151-0400] {processor.py:183} INFO - Processing /Users/nitishbhattad/anaconda3/envs/flight-pipeline/lib/python3.11/site-packages/airflow/example_dags/example_branch_day_of_week_operator.py took 0.128 seconds
[2026-06-06T20:32:03.514-0400] {processor.py:161} INFO - Started process (PID=64818) to work on /Users/nitishbhattad/anaconda3/envs/flight-pipeline/lib/python3.11/site-packages/airflow/example_dags/example_branch_day_of_week_operator.py
[2026-06-06T20:32:03.515-0400] {processor.py:830} INFO - Processing file /Users/nitishbhattad/anaconda3/envs/flight-pipeline/lib/python3.11/site-packages/airflow/example_dags/example_branch_day_of_week_operator.py for tasks to queue
[2026-06-06T20:32:03.515-0400] {logging_mixin.py:188} INFO - [2026-06-06T20:32:03.515-0400] {dagbag.py:538} INFO - Filling up the DagBag from /Users/nitishbhattad/anaconda3/envs/flight-pipeline/lib/python3.11/site-packages/airflow/example_dags/example_branch_day_of_week_operator.py
[2026-06-06T20:32:03.519-0400] {processor.py:840} INFO - DAG(s) 'example_weekday_branch_operator' retrieved from /Users/nitishbhattad/anaconda3/envs/flight-pipeline/lib/python3.11/site-packages/airflow/example_dags/example_branch_day_of_week_operator.py
[2026-06-06T20:32:03.576-0400] {logging_mixin.py:188} INFO - [2026-06-06T20:32:03.576-0400] {dag.py:3036} INFO - Sync 1 DAGs
[2026-06-06T20:32:03.582-0400] {logging_mixin.py:188} INFO - [2026-06-06T20:32:03.582-0400] {dag.py:3823} INFO - Setting next_dagrun for example_weekday_branch_operator to 2026-06-06 00:00:00+00:00, run_after=2026-06-07 00:00:00+00:00
[2026-06-06T20:32:03.590-0400] {processor.py:183} INFO - Processing /Users/nitishbhattad/anaconda3/envs/flight-pipeline/lib/python3.11/site-packages/airflow/example_dags/example_branch_day_of_week_operator.py took 0.077 seconds
[2026-06-06T20:34:08.577-0400] {processor.py:161} INFO - Started process (PID=65002) to work on /Users/nitishbhattad/anaconda3/envs/flight-pipeline/lib/python3.11/site-packages/airflow/example_dags/example_branch_day_of_week_operator.py
[2026-06-06T20:34:08.578-0400] {processor.py:830} INFO - Processing file /Users/nitishbhattad/anaconda3/envs/flight-pipeline/lib/python3.11/site-packages/airflow/example_dags/example_branch_day_of_week_operator.py for tasks to queue
[2026-06-06T20:34:08.579-0400] {logging_mixin.py:188} INFO - [2026-06-06T20:34:08.579-0400] {dagbag.py:538} INFO - Filling up the DagBag from /Users/nitishbhattad/anaconda3/envs/flight-pipeline/lib/python3.11/site-packages/airflow/example_dags/example_branch_day_of_week_operator.py
[2026-06-06T20:34:08.585-0400] {processor.py:840} INFO - DAG(s) 'example_weekday_branch_operator' retrieved from /Users/nitishbhattad/anaconda3/envs/flight-pipeline/lib/python3.11/site-packages/airflow/example_dags/example_branch_day_of_week_operator.py
[2026-06-06T20:34:08.648-0400] {logging_mixin.py:188} INFO - [2026-06-06T20:34:08.647-0400] {dag.py:3036} INFO - Sync 1 DAGs
[2026-06-06T20:34:08.655-0400] {logging_mixin.py:188} INFO - [2026-06-06T20:34:08.655-0400] {dag.py:3823} INFO - Setting next_dagrun for example_weekday_branch_operator to 2026-06-06 00:00:00+00:00, run_after=2026-06-07 00:00:00+00:00
[2026-06-06T20:34:08.663-0400] {processor.py:183} INFO - Processing /Users/nitishbhattad/anaconda3/envs/flight-pipeline/lib/python3.11/site-packages/airflow/example_dags/example_branch_day_of_week_operator.py took 0.087 seconds
[2026-06-06T20:36:07.079-0400] {processor.py:161} INFO - Started process (PID=65182) to work on /Users/nitishbhattad/anaconda3/envs/flight-pipeline/lib/python3.11/site-packages/airflow/example_dags/example_branch_day_of_week_operator.py
[2026-06-06T20:36:07.080-0400] {processor.py:830} INFO - Processing file /Users/nitishbhattad/anaconda3/envs/flight-pipeline/lib/python3.11/site-packages/airflow/example_dags/example_branch_day_of_week_operator.py for tasks to queue
[2026-06-06T20:36:07.080-0400] {logging_mixin.py:188} INFO - [2026-06-06T20:36:07.080-0400] {dagbag.py:538} INFO - Filling up the DagBag from /Users/nitishbhattad/anaconda3/envs/flight-pipeline/lib/python3.11/site-packages/airflow/example_dags/example_branch_day_of_week_operator.py
[2026-06-06T20:36:07.084-0400] {processor.py:840} INFO - DAG(s) 'example_weekday_branch_operator' retrieved from /Users/nitishbhattad/anaconda3/envs/flight-pipeline/lib/python3.11/site-packages/airflow/example_dags/example_branch_day_of_week_operator.py
[2026-06-06T20:36:07.143-0400] {logging_mixin.py:188} INFO - [2026-06-06T20:36:07.143-0400] {dag.py:3036} INFO - Sync 1 DAGs
[2026-06-06T20:36:07.149-0400] {logging_mixin.py:188} INFO - [2026-06-06T20:36:07.149-0400] {dag.py:3823} INFO - Setting next_dagrun for example_weekday_branch_operator to 2026-06-06 00:00:00+00:00, run_after=2026-06-07 00:00:00+00:00
[2026-06-06T20:36:07.157-0400] {processor.py:183} INFO - Processing /Users/nitishbhattad/anaconda3/envs/flight-pipeline/lib/python3.11/site-packages/airflow/example_dags/example_branch_day_of_week_operator.py took 0.079 seconds
[2026-06-06T20:38:18.501-0400] {processor.py:161} INFO - Started process (PID=65383) to work on /Users/nitishbhattad/anaconda3/envs/flight-pipeline/lib/python3.11/site-packages/airflow/example_dags/example_branch_day_of_week_operator.py
[2026-06-06T20:38:18.502-0400] {processor.py:830} INFO - Processing file /Users/nitishbhattad/anaconda3/envs/flight-pipeline/lib/python3.11/site-packages/airflow/example_dags/example_branch_day_of_week_operator.py for tasks to queue
[2026-06-06T20:38:18.502-0400] {logging_mixin.py:188} INFO - [2026-06-06T20:38:18.502-0400] {dagbag.py:538} INFO - Filling up the DagBag from /Users/nitishbhattad/anaconda3/envs/flight-pipeline/lib/python3.11/site-packages/airflow/example_dags/example_branch_day_of_week_operator.py
[2026-06-06T20:38:18.506-0400] {processor.py:840} INFO - DAG(s) 'example_weekday_branch_operator' retrieved from /Users/nitishbhattad/anaconda3/envs/flight-pipeline/lib/python3.11/site-packages/airflow/example_dags/example_branch_day_of_week_operator.py
[2026-06-06T20:38:18.570-0400] {logging_mixin.py:188} INFO - [2026-06-06T20:38:18.570-0400] {dag.py:3036} INFO - Sync 1 DAGs
[2026-06-06T20:38:18.591-0400] {logging_mixin.py:188} INFO - [2026-06-06T20:38:18.590-0400] {dag.py:3823} INFO - Setting next_dagrun for example_weekday_branch_operator to 2026-06-06 00:00:00+00:00, run_after=2026-06-07 00:00:00+00:00
[2026-06-06T20:38:18.606-0400] {processor.py:183} INFO - Processing /Users/nitishbhattad/anaconda3/envs/flight-pipeline/lib/python3.11/site-packages/airflow/example_dags/example_branch_day_of_week_operator.py took 0.105 seconds
[2026-06-06T20:40:23.188-0400] {processor.py:161} INFO - Started process (PID=65591) to work on /Users/nitishbhattad/anaconda3/envs/flight-pipeline/lib/python3.11/site-packages/airflow/example_dags/example_branch_day_of_week_operator.py
[2026-06-06T20:40:23.194-0400] {processor.py:830} INFO - Processing file /Users/nitishbhattad/anaconda3/envs/flight-pipeline/lib/python3.11/site-packages/airflow/example_dags/example_branch_day_of_week_operator.py for tasks to queue
[2026-06-06T20:40:23.194-0400] {logging_mixin.py:188} INFO - [2026-06-06T20:40:23.194-0400] {dagbag.py:538} INFO - Filling up the DagBag from /Users/nitishbhattad/anaconda3/envs/flight-pipeline/lib/python3.11/site-packages/airflow/example_dags/example_branch_day_of_week_operator.py
[2026-06-06T20:40:23.224-0400] {processor.py:840} INFO - DAG(s) 'example_weekday_branch_operator' retrieved from /Users/nitishbhattad/anaconda3/envs/flight-pipeline/lib/python3.11/site-packages/airflow/example_dags/example_branch_day_of_week_operator.py
[2026-06-06T20:40:23.502-0400] {logging_mixin.py:188} INFO - [2026-06-06T20:40:23.502-0400] {dag.py:3036} INFO - Sync 1 DAGs
[2026-06-06T20:40:23.708-0400] {logging_mixin.py:188} INFO - [2026-06-06T20:40:23.708-0400] {dag.py:3823} INFO - Setting next_dagrun for example_weekday_branch_operator to 2026-06-06 00:00:00+00:00, run_after=2026-06-07 00:00:00+00:00
[2026-06-06T20:40:24.380-0400] {processor.py:183} INFO - Processing /Users/nitishbhattad/anaconda3/envs/flight-pipeline/lib/python3.11/site-packages/airflow/example_dags/example_branch_day_of_week_operator.py took 1.192 seconds
[2026-06-06T20:42:29.584-0400] {processor.py:161} INFO - Started process (PID=65813) to work on /Users/nitishbhattad/anaconda3/envs/flight-pipeline/lib/python3.11/site-packages/airflow/example_dags/example_branch_day_of_week_operator.py
[2026-06-06T20:42:29.585-0400] {processor.py:830} INFO - Processing file /Users/nitishbhattad/anaconda3/envs/flight-pipeline/lib/python3.11/site-packages/airflow/example_dags/example_branch_day_of_week_operator.py for tasks to queue
[2026-06-06T20:42:29.585-0400] {logging_mixin.py:188} INFO - [2026-06-06T20:42:29.585-0400] {dagbag.py:538} INFO - Filling up the DagBag from /Users/nitishbhattad/anaconda3/envs/flight-pipeline/lib/python3.11/site-packages/airflow/example_dags/example_branch_day_of_week_operator.py
[2026-06-06T20:42:29.590-0400] {processor.py:840} INFO - DAG(s) 'example_weekday_branch_operator' retrieved from /Users/nitishbhattad/anaconda3/envs/flight-pipeline/lib/python3.11/site-packages/airflow/example_dags/example_branch_day_of_week_operator.py
[2026-06-06T20:42:29.651-0400] {logging_mixin.py:188} INFO - [2026-06-06T20:42:29.650-0400] {dag.py:3036} INFO - Sync 1 DAGs
[2026-06-06T20:42:29.657-0400] {logging_mixin.py:188} INFO - [2026-06-06T20:42:29.657-0400] {dag.py:3823} INFO - Setting next_dagrun for example_weekday_branch_operator to 2026-06-06 00:00:00+00:00, run_after=2026-06-07 00:00:00+00:00
[2026-06-06T20:42:29.664-0400] {processor.py:183} INFO - Processing /Users/nitishbhattad/anaconda3/envs/flight-pipeline/lib/python3.11/site-packages/airflow/example_dags/example_branch_day_of_week_operator.py took 0.080 seconds
[2026-06-06T20:44:35.558-0400] {processor.py:161} INFO - Started process (PID=66008) to work on /Users/nitishbhattad/anaconda3/envs/flight-pipeline/lib/python3.11/site-packages/airflow/example_dags/example_branch_day_of_week_operator.py
[2026-06-06T20:44:35.559-0400] {processor.py:830} INFO - Processing file /Users/nitishbhattad/anaconda3/envs/flight-pipeline/lib/python3.11/site-packages/airflow/example_dags/example_branch_day_of_week_operator.py for tasks to queue
[2026-06-06T20:44:35.559-0400] {logging_mixin.py:188} INFO - [2026-06-06T20:44:35.559-0400] {dagbag.py:538} INFO - Filling up the DagBag from /Users/nitishbhattad/anaconda3/envs/flight-pipeline/lib/python3.11/site-packages/airflow/example_dags/example_branch_day_of_week_operator.py
[2026-06-06T20:44:35.573-0400] {processor.py:840} INFO - DAG(s) 'example_weekday_branch_operator' retrieved from /Users/nitishbhattad/anaconda3/envs/flight-pipeline/lib/python3.11/site-packages/airflow/example_dags/example_branch_day_of_week_operator.py
[2026-06-06T20:44:35.787-0400] {logging_mixin.py:188} INFO - [2026-06-06T20:44:35.787-0400] {dag.py:3036} INFO - Sync 1 DAGs
[2026-06-06T20:44:35.797-0400] {logging_mixin.py:188} INFO - [2026-06-06T20:44:35.796-0400] {dag.py:3823} INFO - Setting next_dagrun for example_weekday_branch_operator to 2026-06-06 00:00:00+00:00, run_after=2026-06-07 00:00:00+00:00
[2026-06-06T20:44:35.807-0400] {processor.py:183} INFO - Processing /Users/nitishbhattad/anaconda3/envs/flight-pipeline/lib/python3.11/site-packages/airflow/example_dags/example_branch_day_of_week_operator.py took 0.251 seconds
[2026-06-06T20:46:39.489-0400] {processor.py:161} INFO - Started process (PID=66187) to work on /Users/nitishbhattad/anaconda3/envs/flight-pipeline/lib/python3.11/site-packages/airflow/example_dags/example_branch_day_of_week_operator.py
[2026-06-06T20:46:39.490-0400] {processor.py:830} INFO - Processing file /Users/nitishbhattad/anaconda3/envs/flight-pipeline/lib/python3.11/site-packages/airflow/example_dags/example_branch_day_of_week_operator.py for tasks to queue
[2026-06-06T20:46:39.491-0400] {logging_mixin.py:188} INFO - [2026-06-06T20:46:39.490-0400] {dagbag.py:538} INFO - Filling up the DagBag from /Users/nitishbhattad/anaconda3/envs/flight-pipeline/lib/python3.11/site-packages/airflow/example_dags/example_branch_day_of_week_operator.py
[2026-06-06T20:46:39.495-0400] {processor.py:840} INFO - DAG(s) 'example_weekday_branch_operator' retrieved from /Users/nitishbhattad/anaconda3/envs/flight-pipeline/lib/python3.11/site-packages/airflow/example_dags/example_branch_day_of_week_operator.py
[2026-06-06T20:46:39.552-0400] {logging_mixin.py:188} INFO - [2026-06-06T20:46:39.552-0400] {dag.py:3036} INFO - Sync 1 DAGs
[2026-06-06T20:46:39.558-0400] {logging_mixin.py:188} INFO - [2026-06-06T20:46:39.558-0400] {dag.py:3823} INFO - Setting next_dagrun for example_weekday_branch_operator to 2026-06-06 00:00:00+00:00, run_after=2026-06-07 00:00:00+00:00
[2026-06-06T20:46:39.566-0400] {processor.py:183} INFO - Processing /Users/nitishbhattad/anaconda3/envs/flight-pipeline/lib/python3.11/site-packages/airflow/example_dags/example_branch_day_of_week_operator.py took 0.077 seconds
[2026-06-06T20:48:40.648-0400] {processor.py:161} INFO - Started process (PID=66396) to work on /Users/nitishbhattad/anaconda3/envs/flight-pipeline/lib/python3.11/site-packages/airflow/example_dags/example_branch_day_of_week_operator.py
[2026-06-06T20:48:40.650-0400] {processor.py:830} INFO - Processing file /Users/nitishbhattad/anaconda3/envs/flight-pipeline/lib/python3.11/site-packages/airflow/example_dags/example_branch_day_of_week_operator.py for tasks to queue
[2026-06-06T20:48:40.651-0400] {logging_mixin.py:188} INFO - [2026-06-06T20:48:40.651-0400] {dagbag.py:538} INFO - Filling up the DagBag from /Users/nitishbhattad/anaconda3/envs/flight-pipeline/lib/python3.11/site-packages/airflow/example_dags/example_branch_day_of_week_operator.py
[2026-06-06T20:48:40.655-0400] {processor.py:840} INFO - DAG(s) 'example_weekday_branch_operator' retrieved from /Users/nitishbhattad/anaconda3/envs/flight-pipeline/lib/python3.11/site-packages/airflow/example_dags/example_branch_day_of_week_operator.py
[2026-06-06T20:48:40.712-0400] {logging_mixin.py:188} INFO - [2026-06-06T20:48:40.712-0400] {dag.py:3036} INFO - Sync 1 DAGs
[2026-06-06T20:48:40.718-0400] {logging_mixin.py:188} INFO - [2026-06-06T20:48:40.718-0400] {dag.py:3823} INFO - Setting next_dagrun for example_weekday_branch_operator to 2026-06-06 00:00:00+00:00, run_after=2026-06-07 00:00:00+00:00
[2026-06-06T20:48:40.726-0400] {processor.py:183} INFO - Processing /Users/nitishbhattad/anaconda3/envs/flight-pipeline/lib/python3.11/site-packages/airflow/example_dags/example_branch_day_of_week_operator.py took 0.078 seconds
[2026-06-06T20:50:41.389-0400] {processor.py:161} INFO - Started process (PID=66589) to work on /Users/nitishbhattad/anaconda3/envs/flight-pipeline/lib/python3.11/site-packages/airflow/example_dags/example_branch_day_of_week_operator.py
[2026-06-06T20:50:41.390-0400] {processor.py:830} INFO - Processing file /Users/nitishbhattad/anaconda3/envs/flight-pipeline/lib/python3.11/site-packages/airflow/example_dags/example_branch_day_of_week_operator.py for tasks to queue
[2026-06-06T20:50:41.390-0400] {logging_mixin.py:188} INFO - [2026-06-06T20:50:41.390-0400] {dagbag.py:538} INFO - Filling up the DagBag from /Users/nitishbhattad/anaconda3/envs/flight-pipeline/lib/python3.11/site-packages/airflow/example_dags/example_branch_day_of_week_operator.py
[2026-06-06T20:50:41.394-0400] {processor.py:840} INFO - DAG(s) 'example_weekday_branch_operator' retrieved from /Users/nitishbhattad/anaconda3/envs/flight-pipeline/lib/python3.11/site-packages/airflow/example_dags/example_branch_day_of_week_operator.py
[2026-06-06T20:50:41.452-0400] {logging_mixin.py:188} INFO - [2026-06-06T20:50:41.452-0400] {dag.py:3036} INFO - Sync 1 DAGs
[2026-06-06T20:50:41.458-0400] {logging_mixin.py:188} INFO - [2026-06-06T20:50:41.458-0400] {dag.py:3823} INFO - Setting next_dagrun for example_weekday_branch_operator to 2026-06-06 00:00:00+00:00, run_after=2026-06-07 00:00:00+00:00
[2026-06-06T20:50:41.466-0400] {processor.py:183} INFO - Processing /Users/nitishbhattad/anaconda3/envs/flight-pipeline/lib/python3.11/site-packages/airflow/example_dags/example_branch_day_of_week_operator.py took 0.077 seconds
