[2026-06-06T20:19:49.855-0400] {processor.py:161} INFO - Started process (PID=63651) to work on /Users/nitishbhattad/anaconda3/envs/flight-pipeline/lib/python3.11/site-packages/airflow/example_dags/example_branch_datetime_operator.py
[2026-06-06T20:19:49.856-0400] {processor.py:830} INFO - Processing file /Users/nitishbhattad/anaconda3/envs/flight-pipeline/lib/python3.11/site-packages/airflow/example_dags/example_branch_datetime_operator.py for tasks to queue
[2026-06-06T20:19:49.856-0400] {logging_mixin.py:188} INFO - [2026-06-06T20:19:49.856-0400] {dagbag.py:538} INFO - Filling up the DagBag from /Users/nitishbhattad/anaconda3/envs/flight-pipeline/lib/python3.11/site-packages/airflow/example_dags/example_branch_datetime_operator.py
[2026-06-06T20:19:49.861-0400] {processor.py:840} INFO - DAG(s) 'example_branch_datetime_operator_2', 'example_branch_datetime_operator_3', 'example_branch_datetime_operator' retrieved from /Users/nitishbhattad/anaconda3/envs/flight-pipeline/lib/python3.11/site-packages/airflow/example_dags/example_branch_datetime_operator.py
[2026-06-06T20:19:49.967-0400] {logging_mixin.py:188} INFO - [2026-06-06T20:19:49.967-0400] {override.py:1769} INFO - Created Permission View: can read on DAG:example_branch_datetime_operator_2
[2026-06-06T20:19:49.971-0400] {logging_mixin.py:188} INFO - [2026-06-06T20:19:49.970-0400] {override.py:1769} INFO - Created Permission View: can edit on DAG:example_branch_datetime_operator_2
[2026-06-06T20:19:49.973-0400] {logging_mixin.py:188} INFO - [2026-06-06T20:19:49.973-0400] {override.py:1769} INFO - Created Permission View: can delete on DAG:example_branch_datetime_operator_2
[2026-06-06T20:19:49.977-0400] {logging_mixin.py:188} INFO - [2026-06-06T20:19:49.977-0400] {override.py:1769} INFO - Created Permission View: can read on DAG:example_branch_datetime_operator_3
[2026-06-06T20:19:49.980-0400] {logging_mixin.py:188} INFO - [2026-06-06T20:19:49.979-0400] {override.py:1769} INFO - Created Permission View: can edit on DAG:example_branch_datetime_operator_3
[2026-06-06T20:19:49.982-0400] {logging_mixin.py:188} INFO - [2026-06-06T20:19:49.981-0400] {override.py:1769} INFO - Created Permission View: can delete on DAG:example_branch_datetime_operator_3
[2026-06-06T20:19:49.986-0400] {logging_mixin.py:188} INFO - [2026-06-06T20:19:49.986-0400] {override.py:1769} INFO - Created Permission View: can read on DAG:example_branch_datetime_operator
[2026-06-06T20:19:49.988-0400] {logging_mixin.py:188} INFO - [2026-06-06T20:19:49.988-0400] {override.py:1769} INFO - Created Permission View: can edit on DAG:example_branch_datetime_operator
[2026-06-06T20:19:49.990-0400] {logging_mixin.py:188} INFO - [2026-06-06T20:19:49.990-0400] {override.py:1769} INFO - Created Permission View: can delete on DAG:example_branch_datetime_operator
[2026-06-06T20:19:49.991-0400] {logging_mixin.py:188} INFO - [2026-06-06T20:19:49.990-0400] {dag.py:3036} INFO - Sync 3 DAGs
[2026-06-06T20:19:49.994-0400] {logging_mixin.py:188} INFO - [2026-06-06T20:19:49.994-0400] {dag.py:3058} INFO - Creating ORM DAG for example_branch_datetime_operator_2
[2026-06-06T20:19:49.994-0400] {logging_mixin.py:188} INFO - [2026-06-06T20:19:49.994-0400] {dag.py:3058} INFO - Creating ORM DAG for example_branch_datetime_operator
[2026-06-06T20:19:49.995-0400] {logging_mixin.py:188} INFO - [2026-06-06T20:19:49.995-0400] {dag.py:3058} INFO - Creating ORM DAG for example_branch_datetime_operator_3
[2026-06-06T20:19:49.998-0400] {logging_mixin.py:188} INFO - [2026-06-06T20:19:49.998-0400] {dag.py:3823} INFO - Setting next_dagrun for example_branch_datetime_operator to 2026-06-06 00:00:00+00:00, run_after=2026-06-07 00:00:00+00:00
[2026-06-06T20:19:49.999-0400] {logging_mixin.py:188} INFO - [2026-06-06T20:19:49.999-0400] {dag.py:3823} INFO - Setting next_dagrun for example_branch_datetime_operator_2 to 2026-06-06 00:00:00+00:00, run_after=2026-06-07 00:00:00+00:00
[2026-06-06T20:19:49.999-0400] {logging_mixin.py:188} INFO - [2026-06-06T20:19:49.999-0400] {dag.py:3823} INFO - Setting next_dagrun for example_branch_datetime_operator_3 to 2026-06-06 00:00:00+00:00, run_after=2026-06-07 00:00:00+00:00
[2026-06-06T20:19:50.006-0400] {processor.py:183} INFO - Processing /Users/nitishbhattad/anaconda3/envs/flight-pipeline/lib/python3.11/site-packages/airflow/example_dags/example_branch_datetime_operator.py took 0.152 seconds
[2026-06-06T20:21:54.638-0400] {processor.py:161} INFO - Started process (PID=63831) to work on /Users/nitishbhattad/anaconda3/envs/flight-pipeline/lib/python3.11/site-packages/airflow/example_dags/example_branch_datetime_operator.py
[2026-06-06T20:21:54.639-0400] {processor.py:830} INFO - Processing file /Users/nitishbhattad/anaconda3/envs/flight-pipeline/lib/python3.11/site-packages/airflow/example_dags/example_branch_datetime_operator.py for tasks to queue
[2026-06-06T20:21:54.639-0400] {logging_mixin.py:188} INFO - [2026-06-06T20:21:54.639-0400] {dagbag.py:538} INFO - Filling up the DagBag from /Users/nitishbhattad/anaconda3/envs/flight-pipeline/lib/python3.11/site-packages/airflow/example_dags/example_branch_datetime_operator.py
[2026-06-06T20:21:54.644-0400] {processor.py:840} INFO - DAG(s) 'example_branch_datetime_operator', 'example_branch_datetime_operator_2', 'example_branch_datetime_operator_3' retrieved from /Users/nitishbhattad/anaconda3/envs/flight-pipeline/lib/python3.11/site-packages/airflow/example_dags/example_branch_datetime_operator.py
[2026-06-06T20:21:54.705-0400] {logging_mixin.py:188} INFO - [2026-06-06T20:21:54.704-0400] {dag.py:3036} INFO - Sync 3 DAGs
[2026-06-06T20:21:54.712-0400] {logging_mixin.py:188} INFO - [2026-06-06T20:21:54.711-0400] {dag.py:3823} INFO - Setting next_dagrun for example_branch_datetime_operator to 2026-06-06 00:00:00+00:00, run_after=2026-06-07 00:00:00+00:00
[2026-06-06T20:21:54.713-0400] {logging_mixin.py:188} INFO - [2026-06-06T20:21:54.713-0400] {dag.py:3823} INFO - Setting next_dagrun for example_branch_datetime_operator_2 to 2026-06-06 00:00:00+00:00, run_after=2026-06-07 00:00:00+00:00
[2026-06-06T20:21:54.714-0400] {logging_mixin.py:188} INFO - [2026-06-06T20:21:54.713-0400] {dag.py:3823} INFO - Setting next_dagrun for example_branch_datetime_operator_3 to 2026-06-06 00:00:00+00:00, run_after=2026-06-07 00:00:00+00:00
[2026-06-06T20:21:54.719-0400] {processor.py:183} INFO - Processing /Users/nitishbhattad/anaconda3/envs/flight-pipeline/lib/python3.11/site-packages/airflow/example_dags/example_branch_datetime_operator.py took 0.082 seconds
[2026-06-06T20:25:22.289-0400] {processor.py:161} INFO - Started process (PID=64192) to work on /Users/nitishbhattad/anaconda3/envs/flight-pipeline/lib/python3.11/site-packages/airflow/example_dags/example_branch_datetime_operator.py
[2026-06-06T20:25:22.289-0400] {processor.py:830} INFO - Processing file /Users/nitishbhattad/anaconda3/envs/flight-pipeline/lib/python3.11/site-packages/airflow/example_dags/example_branch_datetime_operator.py for tasks to queue
[2026-06-06T20:25:22.290-0400] {logging_mixin.py:188} INFO - [2026-06-06T20:25:22.290-0400] {dagbag.py:538} INFO - Filling up the DagBag from /Users/nitishbhattad/anaconda3/envs/flight-pipeline/lib/python3.11/site-packages/airflow/example_dags/example_branch_datetime_operator.py
[2026-06-06T20:25:22.294-0400] {processor.py:840} INFO - DAG(s) 'example_branch_datetime_operator_2', 'example_branch_datetime_operator', 'example_branch_datetime_operator_3' retrieved from /Users/nitishbhattad/anaconda3/envs/flight-pipeline/lib/python3.11/site-packages/airflow/example_dags/example_branch_datetime_operator.py
[2026-06-06T20:25:22.353-0400] {logging_mixin.py:188} INFO - [2026-06-06T20:25:22.352-0400] {dag.py:3036} INFO - Sync 3 DAGs
[2026-06-06T20:25:22.359-0400] {logging_mixin.py:188} INFO - [2026-06-06T20:25:22.359-0400] {dag.py:3823} INFO - Setting next_dagrun for example_branch_datetime_operator to 2026-06-06 00:00:00+00:00, run_after=2026-06-07 00:00:00+00:00
[2026-06-06T20:25:22.360-0400] {logging_mixin.py:188} INFO - [2026-06-06T20:25:22.360-0400] {dag.py:3823} INFO - Setting next_dagrun for example_branch_datetime_operator_2 to 2026-06-06 00:00:00+00:00, run_after=2026-06-07 00:00:00+00:00
[2026-06-06T20:25:22.361-0400] {logging_mixin.py:188} INFO - [2026-06-06T20:25:22.361-0400] {dag.py:3823} INFO - Setting next_dagrun for example_branch_datetime_operator_3 to 2026-06-06 00:00:00+00:00, run_after=2026-06-07 00:00:00+00:00
[2026-06-06T20:25:22.367-0400] {processor.py:183} INFO - Processing /Users/nitishbhattad/anaconda3/envs/flight-pipeline/lib/python3.11/site-packages/airflow/example_dags/example_branch_datetime_operator.py took 0.079 seconds
[2026-06-06T20:27:36.599-0400] {processor.py:161} INFO - Started process (PID=64416) to work on /Users/nitishbhattad/anaconda3/envs/flight-pipeline/lib/python3.11/site-packages/airflow/example_dags/example_branch_datetime_operator.py
[2026-06-06T20:27:36.600-0400] {processor.py:830} INFO - Processing file /Users/nitishbhattad/anaconda3/envs/flight-pipeline/lib/python3.11/site-packages/airflow/example_dags/example_branch_datetime_operator.py for tasks to queue
[2026-06-06T20:27:36.600-0400] {logging_mixin.py:188} INFO - [2026-06-06T20:27:36.600-0400] {dagbag.py:538} INFO - Filling up the DagBag from /Users/nitishbhattad/anaconda3/envs/flight-pipeline/lib/python3.11/site-packages/airflow/example_dags/example_branch_datetime_operator.py
[2026-06-06T20:27:36.607-0400] {processor.py:840} INFO - DAG(s) 'example_branch_datetime_operator_3', 'example_branch_datetime_operator', 'example_branch_datetime_operator_2' retrieved from /Users/nitishbhattad/anaconda3/envs/flight-pipeline/lib/python3.11/site-packages/airflow/example_dags/example_branch_datetime_operator.py
[2026-06-06T20:27:36.683-0400] {logging_mixin.py:188} INFO - [2026-06-06T20:27:36.683-0400] {dag.py:3036} INFO - Sync 3 DAGs
[2026-06-06T20:27:36.690-0400] {logging_mixin.py:188} INFO - [2026-06-06T20:27:36.690-0400] {dag.py:3823} INFO - Setting next_dagrun for example_branch_datetime_operator to 2026-06-06 00:00:00+00:00, run_after=2026-06-07 00:00:00+00:00
[2026-06-06T20:27:36.691-0400] {logging_mixin.py:188} INFO - [2026-06-06T20:27:36.691-0400] {dag.py:3823} INFO - Setting next_dagrun for example_branch_datetime_operator_2 to 2026-06-06 00:00:00+00:00, run_after=2026-06-07 00:00:00+00:00
[2026-06-06T20:27:36.692-0400] {logging_mixin.py:188} INFO - [2026-06-06T20:27:36.692-0400] {dag.py:3823} INFO - Setting next_dagrun for example_branch_datetime_operator_3 to 2026-06-06 00:00:00+00:00, run_after=2026-06-07 00:00:00+00:00
[2026-06-06T20:27:36.699-0400] {processor.py:183} INFO - Processing /Users/nitishbhattad/anaconda3/envs/flight-pipeline/lib/python3.11/site-packages/airflow/example_dags/example_branch_datetime_operator.py took 0.101 seconds
[2026-06-06T20:29:35.976-0400] {processor.py:161} INFO - Started process (PID=64596) to work on /Users/nitishbhattad/anaconda3/envs/flight-pipeline/lib/python3.11/site-packages/airflow/example_dags/example_branch_datetime_operator.py
[2026-06-06T20:29:35.978-0400] {processor.py:830} INFO - Processing file /Users/nitishbhattad/anaconda3/envs/flight-pipeline/lib/python3.11/site-packages/airflow/example_dags/example_branch_datetime_operator.py for tasks to queue
[2026-06-06T20:29:35.978-0400] {logging_mixin.py:188} INFO - [2026-06-06T20:29:35.978-0400] {dagbag.py:538} INFO - Filling up the DagBag from /Users/nitishbhattad/anaconda3/envs/flight-pipeline/lib/python3.11/site-packages/airflow/example_dags/example_branch_datetime_operator.py
[2026-06-06T20:29:35.983-0400] {processor.py:840} INFO - DAG(s) 'example_branch_datetime_operator_3', 'example_branch_datetime_operator', 'example_branch_datetime_operator_2' retrieved from /Users/nitishbhattad/anaconda3/envs/flight-pipeline/lib/python3.11/site-packages/airflow/example_dags/example_branch_datetime_operator.py
[2026-06-06T20:29:36.052-0400] {logging_mixin.py:188} INFO - [2026-06-06T20:29:36.052-0400] {dag.py:3036} INFO - Sync 3 DAGs
[2026-06-06T20:29:36.059-0400] {logging_mixin.py:188} INFO - [2026-06-06T20:29:36.059-0400] {dag.py:3823} INFO - Setting next_dagrun for example_branch_datetime_operator to 2026-06-06 00:00:00+00:00, run_after=2026-06-07 00:00:00+00:00
[2026-06-06T20:29:36.060-0400] {logging_mixin.py:188} INFO - [2026-06-06T20:29:36.060-0400] {dag.py:3823} INFO - Setting next_dagrun for example_branch_datetime_operator_2 to 2026-06-06 00:00:00+00:00, run_after=2026-06-07 00:00:00+00:00
[2026-06-06T20:29:36.061-0400] {logging_mixin.py:188} INFO - [2026-06-06T20:29:36.061-0400] {dag.py:3823} INFO - Setting next_dagrun for example_branch_datetime_operator_3 to 2026-06-06 00:00:00+00:00, run_after=2026-06-07 00:00:00+00:00
[2026-06-06T20:29:36.069-0400] {processor.py:183} INFO - Processing /Users/nitishbhattad/anaconda3/envs/flight-pipeline/lib/python3.11/site-packages/airflow/example_dags/example_branch_datetime_operator.py took 0.093 seconds
[2026-06-06T20:32:05.433-0400] {processor.py:161} INFO - Started process (PID=64822) to work on /Users/nitishbhattad/anaconda3/envs/flight-pipeline/lib/python3.11/site-packages/airflow/example_dags/example_branch_datetime_operator.py
[2026-06-06T20:32:05.435-0400] {processor.py:830} INFO - Processing file /Users/nitishbhattad/anaconda3/envs/flight-pipeline/lib/python3.11/site-packages/airflow/example_dags/example_branch_datetime_operator.py for tasks to queue
[2026-06-06T20:32:05.435-0400] {logging_mixin.py:188} INFO - [2026-06-06T20:32:05.435-0400] {dagbag.py:538} INFO - Filling up the DagBag from /Users/nitishbhattad/anaconda3/envs/flight-pipeline/lib/python3.11/site-packages/airflow/example_dags/example_branch_datetime_operator.py
[2026-06-06T20:32:05.446-0400] {processor.py:840} INFO - DAG(s) 'example_branch_datetime_operator_3', 'example_branch_datetime_operator', 'example_branch_datetime_operator_2' retrieved from /Users/nitishbhattad/anaconda3/envs/flight-pipeline/lib/python3.11/site-packages/airflow/example_dags/example_branch_datetime_operator.py
[2026-06-06T20:32:05.515-0400] {logging_mixin.py:188} INFO - [2026-06-06T20:32:05.515-0400] {dag.py:3036} INFO - Sync 3 DAGs
[2026-06-06T20:32:05.522-0400] {logging_mixin.py:188} INFO - [2026-06-06T20:32:05.521-0400] {dag.py:3823} INFO - Setting next_dagrun for example_branch_datetime_operator to 2026-06-06 00:00:00+00:00, run_after=2026-06-07 00:00:00+00:00
[2026-06-06T20:32:05.523-0400] {logging_mixin.py:188} INFO - [2026-06-06T20:32:05.523-0400] {dag.py:3823} INFO - Setting next_dagrun for example_branch_datetime_operator_2 to 2026-06-06 00:00:00+00:00, run_after=2026-06-07 00:00:00+00:00
[2026-06-06T20:32:05.524-0400] {logging_mixin.py:188} INFO - [2026-06-06T20:32:05.524-0400] {dag.py:3823} INFO - Setting next_dagrun for example_branch_datetime_operator_3 to 2026-06-06 00:00:00+00:00, run_after=2026-06-07 00:00:00+00:00
[2026-06-06T20:32:05.531-0400] {processor.py:183} INFO - Processing /Users/nitishbhattad/anaconda3/envs/flight-pipeline/lib/python3.11/site-packages/airflow/example_dags/example_branch_datetime_operator.py took 0.098 seconds
[2026-06-06T20:34:10.587-0400] {processor.py:161} INFO - Started process (PID=65003) to work on /Users/nitishbhattad/anaconda3/envs/flight-pipeline/lib/python3.11/site-packages/airflow/example_dags/example_branch_datetime_operator.py
[2026-06-06T20:34:10.588-0400] {processor.py:830} INFO - Processing file /Users/nitishbhattad/anaconda3/envs/flight-pipeline/lib/python3.11/site-packages/airflow/example_dags/example_branch_datetime_operator.py for tasks to queue
[2026-06-06T20:34:10.589-0400] {logging_mixin.py:188} INFO - [2026-06-06T20:34:10.589-0400] {dagbag.py:538} INFO - Filling up the DagBag from /Users/nitishbhattad/anaconda3/envs/flight-pipeline/lib/python3.11/site-packages/airflow/example_dags/example_branch_datetime_operator.py
[2026-06-06T20:34:10.594-0400] {processor.py:840} INFO - DAG(s) 'example_branch_datetime_operator_3', 'example_branch_datetime_operator_2', 'example_branch_datetime_operator' retrieved from /Users/nitishbhattad/anaconda3/envs/flight-pipeline/lib/python3.11/site-packages/airflow/example_dags/example_branch_datetime_operator.py
[2026-06-06T20:34:10.658-0400] {logging_mixin.py:188} INFO - [2026-06-06T20:34:10.658-0400] {dag.py:3036} INFO - Sync 3 DAGs
[2026-06-06T20:34:10.664-0400] {logging_mixin.py:188} INFO - [2026-06-06T20:34:10.664-0400] {dag.py:3823} INFO - Setting next_dagrun for example_branch_datetime_operator to 2026-06-06 00:00:00+00:00, run_after=2026-06-07 00:00:00+00:00
[2026-06-06T20:34:10.666-0400] {logging_mixin.py:188} INFO - [2026-06-06T20:34:10.665-0400] {dag.py:3823} INFO - Setting next_dagrun for example_branch_datetime_operator_2 to 2026-06-06 00:00:00+00:00, run_after=2026-06-07 00:00:00+00:00
[2026-06-06T20:34:10.666-0400] {logging_mixin.py:188} INFO - [2026-06-06T20:34:10.666-0400] {dag.py:3823} INFO - Setting next_dagrun for example_branch_datetime_operator_3 to 2026-06-06 00:00:00+00:00, run_after=2026-06-07 00:00:00+00:00
[2026-06-06T20:34:10.674-0400] {processor.py:183} INFO - Processing /Users/nitishbhattad/anaconda3/envs/flight-pipeline/lib/python3.11/site-packages/airflow/example_dags/example_branch_datetime_operator.py took 0.088 seconds
[2026-06-06T20:36:09.128-0400] {processor.py:161} INFO - Started process (PID=65183) to work on /Users/nitishbhattad/anaconda3/envs/flight-pipeline/lib/python3.11/site-packages/airflow/example_dags/example_branch_datetime_operator.py
[2026-06-06T20:36:09.129-0400] {processor.py:830} INFO - Processing file /Users/nitishbhattad/anaconda3/envs/flight-pipeline/lib/python3.11/site-packages/airflow/example_dags/example_branch_datetime_operator.py for tasks to queue
[2026-06-06T20:36:09.129-0400] {logging_mixin.py:188} INFO - [2026-06-06T20:36:09.129-0400] {dagbag.py:538} INFO - Filling up the DagBag from /Users/nitishbhattad/anaconda3/envs/flight-pipeline/lib/python3.11/site-packages/airflow/example_dags/example_branch_datetime_operator.py
[2026-06-06T20:36:09.134-0400] {processor.py:840} INFO - DAG(s) 'example_branch_datetime_operator_3', 'example_branch_datetime_operator_2', 'example_branch_datetime_operator' retrieved from /Users/nitishbhattad/anaconda3/envs/flight-pipeline/lib/python3.11/site-packages/airflow/example_dags/example_branch_datetime_operator.py
[2026-06-06T20:36:09.210-0400] {logging_mixin.py:188} INFO - [2026-06-06T20:36:09.209-0400] {dag.py:3036} INFO - Sync 3 DAGs
[2026-06-06T20:36:09.217-0400] {logging_mixin.py:188} INFO - [2026-06-06T20:36:09.217-0400] {dag.py:3823} INFO - Setting next_dagrun for example_branch_datetime_operator to 2026-06-06 00:00:00+00:00, run_after=2026-06-07 00:00:00+00:00
[2026-06-06T20:36:09.218-0400] {logging_mixin.py:188} INFO - [2026-06-06T20:36:09.218-0400] {dag.py:3823} INFO - Setting next_dagrun for example_branch_datetime_operator_2 to 2026-06-06 00:00:00+00:00, run_after=2026-06-07 00:00:00+00:00
[2026-06-06T20:36:09.219-0400] {logging_mixin.py:188} INFO - [2026-06-06T20:36:09.219-0400] {dag.py:3823} INFO - Setting next_dagrun for example_branch_datetime_operator_3 to 2026-06-06 00:00:00+00:00, run_after=2026-06-07 00:00:00+00:00
[2026-06-06T20:36:09.226-0400] {processor.py:183} INFO - Processing /Users/nitishbhattad/anaconda3/envs/flight-pipeline/lib/python3.11/site-packages/airflow/example_dags/example_branch_datetime_operator.py took 0.099 seconds
[2026-06-06T20:38:20.641-0400] {processor.py:161} INFO - Started process (PID=65384) to work on /Users/nitishbhattad/anaconda3/envs/flight-pipeline/lib/python3.11/site-packages/airflow/example_dags/example_branch_datetime_operator.py
[2026-06-06T20:38:20.648-0400] {processor.py:830} INFO - Processing file /Users/nitishbhattad/anaconda3/envs/flight-pipeline/lib/python3.11/site-packages/airflow/example_dags/example_branch_datetime_operator.py for tasks to queue
[2026-06-06T20:38:20.649-0400] {logging_mixin.py:188} INFO - [2026-06-06T20:38:20.648-0400] {dagbag.py:538} INFO - Filling up the DagBag from /Users/nitishbhattad/anaconda3/envs/flight-pipeline/lib/python3.11/site-packages/airflow/example_dags/example_branch_datetime_operator.py
[2026-06-06T20:38:20.657-0400] {processor.py:840} INFO - DAG(s) 'example_branch_datetime_operator_3', 'example_branch_datetime_operator_2', 'example_branch_datetime_operator' retrieved from /Users/nitishbhattad/anaconda3/envs/flight-pipeline/lib/python3.11/site-packages/airflow/example_dags/example_branch_datetime_operator.py
[2026-06-06T20:38:20.804-0400] {logging_mixin.py:188} INFO - [2026-06-06T20:38:20.803-0400] {dag.py:3036} INFO - Sync 3 DAGs
[2026-06-06T20:38:20.812-0400] {logging_mixin.py:188} INFO - [2026-06-06T20:38:20.812-0400] {dag.py:3823} INFO - Setting next_dagrun for example_branch_datetime_operator to 2026-06-06 00:00:00+00:00, run_after=2026-06-07 00:00:00+00:00
[2026-06-06T20:38:20.814-0400] {logging_mixin.py:188} INFO - [2026-06-06T20:38:20.814-0400] {dag.py:3823} INFO - Setting next_dagrun for example_branch_datetime_operator_2 to 2026-06-06 00:00:00+00:00, run_after=2026-06-07 00:00:00+00:00
[2026-06-06T20:38:20.815-0400] {logging_mixin.py:188} INFO - [2026-06-06T20:38:20.815-0400] {dag.py:3823} INFO - Setting next_dagrun for example_branch_datetime_operator_3 to 2026-06-06 00:00:00+00:00, run_after=2026-06-07 00:00:00+00:00
[2026-06-06T20:38:20.828-0400] {processor.py:183} INFO - Processing /Users/nitishbhattad/anaconda3/envs/flight-pipeline/lib/python3.11/site-packages/airflow/example_dags/example_branch_datetime_operator.py took 0.188 seconds
[2026-06-06T20:40:26.333-0400] {processor.py:161} INFO - Started process (PID=65619) to work on /Users/nitishbhattad/anaconda3/envs/flight-pipeline/lib/python3.11/site-packages/airflow/example_dags/example_branch_datetime_operator.py
[2026-06-06T20:40:26.335-0400] {processor.py:830} INFO - Processing file /Users/nitishbhattad/anaconda3/envs/flight-pipeline/lib/python3.11/site-packages/airflow/example_dags/example_branch_datetime_operator.py for tasks to queue
[2026-06-06T20:40:26.335-0400] {logging_mixin.py:188} INFO - [2026-06-06T20:40:26.335-0400] {dagbag.py:538} INFO - Filling up the DagBag from /Users/nitishbhattad/anaconda3/envs/flight-pipeline/lib/python3.11/site-packages/airflow/example_dags/example_branch_datetime_operator.py
[2026-06-06T20:40:26.343-0400] {processor.py:840} INFO - DAG(s) 'example_branch_datetime_operator_3', 'example_branch_datetime_operator_2', 'example_branch_datetime_operator' retrieved from /Users/nitishbhattad/anaconda3/envs/flight-pipeline/lib/python3.11/site-packages/airflow/example_dags/example_branch_datetime_operator.py
[2026-06-06T20:40:26.438-0400] {logging_mixin.py:188} INFO - [2026-06-06T20:40:26.438-0400] {dag.py:3036} INFO - Sync 3 DAGs
[2026-06-06T20:40:26.447-0400] {logging_mixin.py:188} INFO - [2026-06-06T20:40:26.447-0400] {dag.py:3823} INFO - Setting next_dagrun for example_branch_datetime_operator to 2026-06-06 00:00:00+00:00, run_after=2026-06-07 00:00:00+00:00
[2026-06-06T20:40:26.449-0400] {logging_mixin.py:188} INFO - [2026-06-06T20:40:26.449-0400] {dag.py:3823} INFO - Setting next_dagrun for example_branch_datetime_operator_2 to 2026-06-06 00:00:00+00:00, run_after=2026-06-07 00:00:00+00:00
[2026-06-06T20:40:26.450-0400] {logging_mixin.py:188} INFO - [2026-06-06T20:40:26.450-0400] {dag.py:3823} INFO - Setting next_dagrun for example_branch_datetime_operator_3 to 2026-06-06 00:00:00+00:00, run_after=2026-06-07 00:00:00+00:00
[2026-06-06T20:40:26.459-0400] {processor.py:183} INFO - Processing /Users/nitishbhattad/anaconda3/envs/flight-pipeline/lib/python3.11/site-packages/airflow/example_dags/example_branch_datetime_operator.py took 0.128 seconds
[2026-06-06T20:42:31.510-0400] {processor.py:161} INFO - Started process (PID=65817) to work on /Users/nitishbhattad/anaconda3/envs/flight-pipeline/lib/python3.11/site-packages/airflow/example_dags/example_branch_datetime_operator.py
[2026-06-06T20:42:31.511-0400] {processor.py:830} INFO - Processing file /Users/nitishbhattad/anaconda3/envs/flight-pipeline/lib/python3.11/site-packages/airflow/example_dags/example_branch_datetime_operator.py for tasks to queue
[2026-06-06T20:42:31.511-0400] {logging_mixin.py:188} INFO - [2026-06-06T20:42:31.511-0400] {dagbag.py:538} INFO - Filling up the DagBag from /Users/nitishbhattad/anaconda3/envs/flight-pipeline/lib/python3.11/site-packages/airflow/example_dags/example_branch_datetime_operator.py
[2026-06-06T20:42:31.516-0400] {processor.py:840} INFO - DAG(s) 'example_branch_datetime_operator_3', 'example_branch_datetime_operator_2', 'example_branch_datetime_operator' retrieved from /Users/nitishbhattad/anaconda3/envs/flight-pipeline/lib/python3.11/site-packages/airflow/example_dags/example_branch_datetime_operator.py
[2026-06-06T20:42:31.582-0400] {logging_mixin.py:188} INFO - [2026-06-06T20:42:31.582-0400] {dag.py:3036} INFO - Sync 3 DAGs
[2026-06-06T20:42:31.589-0400] {logging_mixin.py:188} INFO - [2026-06-06T20:42:31.589-0400] {dag.py:3823} INFO - Setting next_dagrun for example_branch_datetime_operator to 2026-06-06 00:00:00+00:00, run_after=2026-06-07 00:00:00+00:00
[2026-06-06T20:42:31.590-0400] {logging_mixin.py:188} INFO - [2026-06-06T20:42:31.590-0400] {dag.py:3823} INFO - Setting next_dagrun for example_branch_datetime_operator_2 to 2026-06-06 00:00:00+00:00, run_after=2026-06-07 00:00:00+00:00
[2026-06-06T20:42:31.591-0400] {logging_mixin.py:188} INFO - [2026-06-06T20:42:31.591-0400] {dag.py:3823} INFO - Setting next_dagrun for example_branch_datetime_operator_3 to 2026-06-06 00:00:00+00:00, run_after=2026-06-07 00:00:00+00:00
[2026-06-06T20:42:31.598-0400] {processor.py:183} INFO - Processing /Users/nitishbhattad/anaconda3/envs/flight-pipeline/lib/python3.11/site-packages/airflow/example_dags/example_branch_datetime_operator.py took 0.089 seconds
[2026-06-06T20:44:37.515-0400] {processor.py:161} INFO - Started process (PID=66009) to work on /Users/nitishbhattad/anaconda3/envs/flight-pipeline/lib/python3.11/site-packages/airflow/example_dags/example_branch_datetime_operator.py
[2026-06-06T20:44:37.516-0400] {processor.py:830} INFO - Processing file /Users/nitishbhattad/anaconda3/envs/flight-pipeline/lib/python3.11/site-packages/airflow/example_dags/example_branch_datetime_operator.py for tasks to queue
[2026-06-06T20:44:37.517-0400] {logging_mixin.py:188} INFO - [2026-06-06T20:44:37.516-0400] {dagbag.py:538} INFO - Filling up the DagBag from /Users/nitishbhattad/anaconda3/envs/flight-pipeline/lib/python3.11/site-packages/airflow/example_dags/example_branch_datetime_operator.py
[2026-06-06T20:44:37.523-0400] {processor.py:840} INFO - DAG(s) 'example_branch_datetime_operator', 'example_branch_datetime_operator_3', 'example_branch_datetime_operator_2' retrieved from /Users/nitishbhattad/anaconda3/envs/flight-pipeline/lib/python3.11/site-packages/airflow/example_dags/example_branch_datetime_operator.py
[2026-06-06T20:44:37.603-0400] {logging_mixin.py:188} INFO - [2026-06-06T20:44:37.603-0400] {dag.py:3036} INFO - Sync 3 DAGs
[2026-06-06T20:44:37.613-0400] {logging_mixin.py:188} INFO - [2026-06-06T20:44:37.613-0400] {dag.py:3823} INFO - Setting next_dagrun for example_branch_datetime_operator to 2026-06-06 00:00:00+00:00, run_after=2026-06-07 00:00:00+00:00
[2026-06-06T20:44:37.615-0400] {logging_mixin.py:188} INFO - [2026-06-06T20:44:37.615-0400] {dag.py:3823} INFO - Setting next_dagrun for example_branch_datetime_operator_2 to 2026-06-06 00:00:00+00:00, run_after=2026-06-07 00:00:00+00:00
[2026-06-06T20:44:37.616-0400] {logging_mixin.py:188} INFO - [2026-06-06T20:44:37.616-0400] {dag.py:3823} INFO - Setting next_dagrun for example_branch_datetime_operator_3 to 2026-06-06 00:00:00+00:00, run_after=2026-06-07 00:00:00+00:00
[2026-06-06T20:44:37.630-0400] {processor.py:183} INFO - Processing /Users/nitishbhattad/anaconda3/envs/flight-pipeline/lib/python3.11/site-packages/airflow/example_dags/example_branch_datetime_operator.py took 0.115 seconds
[2026-06-06T20:46:40.759-0400] {processor.py:161} INFO - Started process (PID=66190) to work on /Users/nitishbhattad/anaconda3/envs/flight-pipeline/lib/python3.11/site-packages/airflow/example_dags/example_branch_datetime_operator.py
[2026-06-06T20:46:40.760-0400] {processor.py:830} INFO - Processing file /Users/nitishbhattad/anaconda3/envs/flight-pipeline/lib/python3.11/site-packages/airflow/example_dags/example_branch_datetime_operator.py for tasks to queue
[2026-06-06T20:46:40.760-0400] {logging_mixin.py:188} INFO - [2026-06-06T20:46:40.760-0400] {dagbag.py:538} INFO - Filling up the DagBag from /Users/nitishbhattad/anaconda3/envs/flight-pipeline/lib/python3.11/site-packages/airflow/example_dags/example_branch_datetime_operator.py
[2026-06-06T20:46:40.765-0400] {processor.py:840} INFO - DAG(s) 'example_branch_datetime_operator_3', 'example_branch_datetime_operator', 'example_branch_datetime_operator_2' retrieved from /Users/nitishbhattad/anaconda3/envs/flight-pipeline/lib/python3.11/site-packages/airflow/example_dags/example_branch_datetime_operator.py
[2026-06-06T20:46:40.823-0400] {logging_mixin.py:188} INFO - [2026-06-06T20:46:40.823-0400] {dag.py:3036} INFO - Sync 3 DAGs
[2026-06-06T20:46:40.829-0400] {logging_mixin.py:188} INFO - [2026-06-06T20:46:40.829-0400] {dag.py:3823} INFO - Setting next_dagrun for example_branch_datetime_operator to 2026-06-06 00:00:00+00:00, run_after=2026-06-07 00:00:00+00:00
[2026-06-06T20:46:40.830-0400] {logging_mixin.py:188} INFO - [2026-06-06T20:46:40.830-0400] {dag.py:3823} INFO - Setting next_dagrun for example_branch_datetime_operator_2 to 2026-06-06 00:00:00+00:00, run_after=2026-06-07 00:00:00+00:00
[2026-06-06T20:46:40.831-0400] {logging_mixin.py:188} INFO - [2026-06-06T20:46:40.831-0400] {dag.py:3823} INFO - Setting next_dagrun for example_branch_datetime_operator_3 to 2026-06-06 00:00:00+00:00, run_after=2026-06-07 00:00:00+00:00
[2026-06-06T20:46:40.838-0400] {processor.py:183} INFO - Processing /Users/nitishbhattad/anaconda3/envs/flight-pipeline/lib/python3.11/site-packages/airflow/example_dags/example_branch_datetime_operator.py took 0.079 seconds
[2026-06-06T20:48:42.626-0400] {processor.py:161} INFO - Started process (PID=66399) to work on /Users/nitishbhattad/anaconda3/envs/flight-pipeline/lib/python3.11/site-packages/airflow/example_dags/example_branch_datetime_operator.py
[2026-06-06T20:48:42.628-0400] {processor.py:830} INFO - Processing file /Users/nitishbhattad/anaconda3/envs/flight-pipeline/lib/python3.11/site-packages/airflow/example_dags/example_branch_datetime_operator.py for tasks to queue
[2026-06-06T20:48:42.628-0400] {logging_mixin.py:188} INFO - [2026-06-06T20:48:42.628-0400] {dagbag.py:538} INFO - Filling up the DagBag from /Users/nitishbhattad/anaconda3/envs/flight-pipeline/lib/python3.11/site-packages/airflow/example_dags/example_branch_datetime_operator.py
[2026-06-06T20:48:42.633-0400] {processor.py:840} INFO - DAG(s) 'example_branch_datetime_operator_3', 'example_branch_datetime_operator', 'example_branch_datetime_operator_2' retrieved from /Users/nitishbhattad/anaconda3/envs/flight-pipeline/lib/python3.11/site-packages/airflow/example_dags/example_branch_datetime_operator.py
[2026-06-06T20:48:42.702-0400] {logging_mixin.py:188} INFO - [2026-06-06T20:48:42.702-0400] {dag.py:3036} INFO - Sync 3 DAGs
[2026-06-06T20:48:42.709-0400] {logging_mixin.py:188} INFO - [2026-06-06T20:48:42.709-0400] {dag.py:3823} INFO - Setting next_dagrun for example_branch_datetime_operator to 2026-06-06 00:00:00+00:00, run_after=2026-06-07 00:00:00+00:00
[2026-06-06T20:48:42.712-0400] {logging_mixin.py:188} INFO - [2026-06-06T20:48:42.712-0400] {dag.py:3823} INFO - Setting next_dagrun for example_branch_datetime_operator_2 to 2026-06-06 00:00:00+00:00, run_after=2026-06-07 00:00:00+00:00
[2026-06-06T20:48:42.713-0400] {logging_mixin.py:188} INFO - [2026-06-06T20:48:42.713-0400] {dag.py:3823} INFO - Setting next_dagrun for example_branch_datetime_operator_3 to 2026-06-06 00:00:00+00:00, run_after=2026-06-07 00:00:00+00:00
[2026-06-06T20:48:42.721-0400] {processor.py:183} INFO - Processing /Users/nitishbhattad/anaconda3/envs/flight-pipeline/lib/python3.11/site-packages/airflow/example_dags/example_branch_datetime_operator.py took 0.095 seconds
[2026-06-06T20:50:43.249-0400] {processor.py:161} INFO - Started process (PID=66590) to work on /Users/nitishbhattad/anaconda3/envs/flight-pipeline/lib/python3.11/site-packages/airflow/example_dags/example_branch_datetime_operator.py
[2026-06-06T20:50:43.250-0400] {processor.py:830} INFO - Processing file /Users/nitishbhattad/anaconda3/envs/flight-pipeline/lib/python3.11/site-packages/airflow/example_dags/example_branch_datetime_operator.py for tasks to queue
[2026-06-06T20:50:43.250-0400] {logging_mixin.py:188} INFO - [2026-06-06T20:50:43.250-0400] {dagbag.py:538} INFO - Filling up the DagBag from /Users/nitishbhattad/anaconda3/envs/flight-pipeline/lib/python3.11/site-packages/airflow/example_dags/example_branch_datetime_operator.py
[2026-06-06T20:50:43.255-0400] {processor.py:840} INFO - DAG(s) 'example_branch_datetime_operator_2', 'example_branch_datetime_operator', 'example_branch_datetime_operator_3' retrieved from /Users/nitishbhattad/anaconda3/envs/flight-pipeline/lib/python3.11/site-packages/airflow/example_dags/example_branch_datetime_operator.py
[2026-06-06T20:50:43.328-0400] {logging_mixin.py:188} INFO - [2026-06-06T20:50:43.328-0400] {dag.py:3036} INFO - Sync 3 DAGs
[2026-06-06T20:50:43.335-0400] {logging_mixin.py:188} INFO - [2026-06-06T20:50:43.335-0400] {dag.py:3823} INFO - Setting next_dagrun for example_branch_datetime_operator to 2026-06-06 00:00:00+00:00, run_after=2026-06-07 00:00:00+00:00
[2026-06-06T20:50:43.336-0400] {logging_mixin.py:188} INFO - [2026-06-06T20:50:43.336-0400] {dag.py:3823} INFO - Setting next_dagrun for example_branch_datetime_operator_2 to 2026-06-06 00:00:00+00:00, run_after=2026-06-07 00:00:00+00:00
[2026-06-06T20:50:43.337-0400] {logging_mixin.py:188} INFO - [2026-06-06T20:50:43.337-0400] {dag.py:3823} INFO - Setting next_dagrun for example_branch_datetime_operator_3 to 2026-06-06 00:00:00+00:00, run_after=2026-06-07 00:00:00+00:00
[2026-06-06T20:50:43.344-0400] {processor.py:183} INFO - Processing /Users/nitishbhattad/anaconda3/envs/flight-pipeline/lib/python3.11/site-packages/airflow/example_dags/example_branch_datetime_operator.py took 0.095 seconds
