[2026-06-06T20:19:15.275-0400] {processor.py:161} INFO - Started process (PID=63593) to work on /Users/nitishbhattad/anaconda3/envs/flight-pipeline/lib/python3.11/site-packages/airflow/example_dags/example_params_ui_tutorial.py
[2026-06-06T20:19:15.277-0400] {processor.py:830} INFO - Processing file /Users/nitishbhattad/anaconda3/envs/flight-pipeline/lib/python3.11/site-packages/airflow/example_dags/example_params_ui_tutorial.py for tasks to queue
[2026-06-06T20:19:15.277-0400] {logging_mixin.py:188} INFO - [2026-06-06T20:19:15.277-0400] {dagbag.py:538} INFO - Filling up the DagBag from /Users/nitishbhattad/anaconda3/envs/flight-pipeline/lib/python3.11/site-packages/airflow/example_dags/example_params_ui_tutorial.py
[2026-06-06T20:19:15.295-0400] {processor.py:840} INFO - DAG(s) 'example_params_ui_tutorial' retrieved from /Users/nitishbhattad/anaconda3/envs/flight-pipeline/lib/python3.11/site-packages/airflow/example_dags/example_params_ui_tutorial.py
[2026-06-06T20:19:15.409-0400] {logging_mixin.py:188} INFO - [2026-06-06T20:19:15.408-0400] {override.py:1769} INFO - Created Permission View: can edit on DAG:example_params_ui_tutorial
[2026-06-06T20:19:15.412-0400] {logging_mixin.py:188} INFO - [2026-06-06T20:19:15.412-0400] {override.py:1769} INFO - Created Permission View: can delete on DAG:example_params_ui_tutorial
[2026-06-06T20:19:15.415-0400] {logging_mixin.py:188} INFO - [2026-06-06T20:19:15.415-0400] {override.py:1769} INFO - Created Permission View: can read on DAG:example_params_ui_tutorial
[2026-06-06T20:19:15.415-0400] {logging_mixin.py:188} INFO - [2026-06-06T20:19:15.415-0400] {dag.py:3036} INFO - Sync 1 DAGs
[2026-06-06T20:19:15.419-0400] {logging_mixin.py:188} INFO - [2026-06-06T20:19:15.419-0400] {dag.py:3058} INFO - Creating ORM DAG for example_params_ui_tutorial
[2026-06-06T20:19:15.419-0400] {logging_mixin.py:188} INFO - [2026-06-06T20:19:15.419-0400] {dag.py:3823} INFO - Setting next_dagrun for example_params_ui_tutorial to None, run_after=None
[2026-06-06T20:19:15.426-0400] {processor.py:183} INFO - Processing /Users/nitishbhattad/anaconda3/envs/flight-pipeline/lib/python3.11/site-packages/airflow/example_dags/example_params_ui_tutorial.py took 0.151 seconds
[2026-06-06T20:20:46.433-0400] {processor.py:161} INFO - Started process (PID=63729) to work on /Users/nitishbhattad/anaconda3/envs/flight-pipeline/lib/python3.11/site-packages/airflow/example_dags/example_params_ui_tutorial.py
[2026-06-06T20:20:46.434-0400] {processor.py:830} INFO - Processing file /Users/nitishbhattad/anaconda3/envs/flight-pipeline/lib/python3.11/site-packages/airflow/example_dags/example_params_ui_tutorial.py for tasks to queue
[2026-06-06T20:20:46.434-0400] {logging_mixin.py:188} INFO - [2026-06-06T20:20:46.434-0400] {dagbag.py:538} INFO - Filling up the DagBag from /Users/nitishbhattad/anaconda3/envs/flight-pipeline/lib/python3.11/site-packages/airflow/example_dags/example_params_ui_tutorial.py
[2026-06-06T20:20:46.455-0400] {processor.py:840} INFO - DAG(s) 'example_params_ui_tutorial' retrieved from /Users/nitishbhattad/anaconda3/envs/flight-pipeline/lib/python3.11/site-packages/airflow/example_dags/example_params_ui_tutorial.py
[2026-06-06T20:20:46.537-0400] {logging_mixin.py:188} INFO - [2026-06-06T20:20:46.537-0400] {dag.py:3036} INFO - Sync 1 DAGs
[2026-06-06T20:20:46.541-0400] {logging_mixin.py:188} INFO - [2026-06-06T20:20:46.541-0400] {dag.py:3823} INFO - Setting next_dagrun for example_params_ui_tutorial to None, run_after=None
[2026-06-06T20:20:46.554-0400] {processor.py:183} INFO - Processing /Users/nitishbhattad/anaconda3/envs/flight-pipeline/lib/python3.11/site-packages/airflow/example_dags/example_params_ui_tutorial.py took 0.121 seconds
[2026-06-06T20:24:04.211-0400] {processor.py:161} INFO - Started process (PID=64062) to work on /Users/nitishbhattad/anaconda3/envs/flight-pipeline/lib/python3.11/site-packages/airflow/example_dags/example_params_ui_tutorial.py
[2026-06-06T20:24:04.212-0400] {processor.py:830} INFO - Processing file /Users/nitishbhattad/anaconda3/envs/flight-pipeline/lib/python3.11/site-packages/airflow/example_dags/example_params_ui_tutorial.py for tasks to queue
[2026-06-06T20:24:04.213-0400] {logging_mixin.py:188} INFO - [2026-06-06T20:24:04.213-0400] {dagbag.py:538} INFO - Filling up the DagBag from /Users/nitishbhattad/anaconda3/envs/flight-pipeline/lib/python3.11/site-packages/airflow/example_dags/example_params_ui_tutorial.py
[2026-06-06T20:24:04.229-0400] {processor.py:840} INFO - DAG(s) 'example_params_ui_tutorial' retrieved from /Users/nitishbhattad/anaconda3/envs/flight-pipeline/lib/python3.11/site-packages/airflow/example_dags/example_params_ui_tutorial.py
[2026-06-06T20:24:04.296-0400] {logging_mixin.py:188} INFO - [2026-06-06T20:24:04.296-0400] {dag.py:3036} INFO - Sync 1 DAGs
[2026-06-06T20:24:04.299-0400] {logging_mixin.py:188} INFO - [2026-06-06T20:24:04.299-0400] {dag.py:3823} INFO - Setting next_dagrun for example_params_ui_tutorial to None, run_after=None
[2026-06-06T20:24:04.306-0400] {processor.py:183} INFO - Processing /Users/nitishbhattad/anaconda3/envs/flight-pipeline/lib/python3.11/site-packages/airflow/example_dags/example_params_ui_tutorial.py took 0.096 seconds
[2026-06-06T20:26:17.119-0400] {processor.py:161} INFO - Started process (PID=64289) to work on /Users/nitishbhattad/anaconda3/envs/flight-pipeline/lib/python3.11/site-packages/airflow/example_dags/example_params_ui_tutorial.py
[2026-06-06T20:26:17.121-0400] {processor.py:830} INFO - Processing file /Users/nitishbhattad/anaconda3/envs/flight-pipeline/lib/python3.11/site-packages/airflow/example_dags/example_params_ui_tutorial.py for tasks to queue
[2026-06-06T20:26:17.121-0400] {logging_mixin.py:188} INFO - [2026-06-06T20:26:17.121-0400] {dagbag.py:538} INFO - Filling up the DagBag from /Users/nitishbhattad/anaconda3/envs/flight-pipeline/lib/python3.11/site-packages/airflow/example_dags/example_params_ui_tutorial.py
[2026-06-06T20:26:17.137-0400] {processor.py:840} INFO - DAG(s) 'example_params_ui_tutorial' retrieved from /Users/nitishbhattad/anaconda3/envs/flight-pipeline/lib/python3.11/site-packages/airflow/example_dags/example_params_ui_tutorial.py
[2026-06-06T20:26:17.204-0400] {logging_mixin.py:188} INFO - [2026-06-06T20:26:17.203-0400] {dag.py:3036} INFO - Sync 1 DAGs
[2026-06-06T20:26:17.207-0400] {logging_mixin.py:188} INFO - [2026-06-06T20:26:17.207-0400] {dag.py:3823} INFO - Setting next_dagrun for example_params_ui_tutorial to None, run_after=None
[2026-06-06T20:26:17.214-0400] {processor.py:183} INFO - Processing /Users/nitishbhattad/anaconda3/envs/flight-pipeline/lib/python3.11/site-packages/airflow/example_dags/example_params_ui_tutorial.py took 0.096 seconds
[2026-06-06T20:28:25.685-0400] {processor.py:161} INFO - Started process (PID=64491) to work on /Users/nitishbhattad/anaconda3/envs/flight-pipeline/lib/python3.11/site-packages/airflow/example_dags/example_params_ui_tutorial.py
[2026-06-06T20:28:25.686-0400] {processor.py:830} INFO - Processing file /Users/nitishbhattad/anaconda3/envs/flight-pipeline/lib/python3.11/site-packages/airflow/example_dags/example_params_ui_tutorial.py for tasks to queue
[2026-06-06T20:28:25.686-0400] {logging_mixin.py:188} INFO - [2026-06-06T20:28:25.686-0400] {dagbag.py:538} INFO - Filling up the DagBag from /Users/nitishbhattad/anaconda3/envs/flight-pipeline/lib/python3.11/site-packages/airflow/example_dags/example_params_ui_tutorial.py
[2026-06-06T20:28:25.704-0400] {processor.py:840} INFO - DAG(s) 'example_params_ui_tutorial' retrieved from /Users/nitishbhattad/anaconda3/envs/flight-pipeline/lib/python3.11/site-packages/airflow/example_dags/example_params_ui_tutorial.py
[2026-06-06T20:28:25.773-0400] {logging_mixin.py:188} INFO - [2026-06-06T20:28:25.773-0400] {dag.py:3036} INFO - Sync 1 DAGs
[2026-06-06T20:28:25.776-0400] {logging_mixin.py:188} INFO - [2026-06-06T20:28:25.776-0400] {dag.py:3823} INFO - Setting next_dagrun for example_params_ui_tutorial to None, run_after=None
[2026-06-06T20:28:25.785-0400] {processor.py:183} INFO - Processing /Users/nitishbhattad/anaconda3/envs/flight-pipeline/lib/python3.11/site-packages/airflow/example_dags/example_params_ui_tutorial.py took 0.101 seconds
[2026-06-06T20:30:23.635-0400] {processor.py:161} INFO - Started process (PID=64666) to work on /Users/nitishbhattad/anaconda3/envs/flight-pipeline/lib/python3.11/site-packages/airflow/example_dags/example_params_ui_tutorial.py
[2026-06-06T20:30:23.636-0400] {processor.py:830} INFO - Processing file /Users/nitishbhattad/anaconda3/envs/flight-pipeline/lib/python3.11/site-packages/airflow/example_dags/example_params_ui_tutorial.py for tasks to queue
[2026-06-06T20:30:23.636-0400] {logging_mixin.py:188} INFO - [2026-06-06T20:30:23.636-0400] {dagbag.py:538} INFO - Filling up the DagBag from /Users/nitishbhattad/anaconda3/envs/flight-pipeline/lib/python3.11/site-packages/airflow/example_dags/example_params_ui_tutorial.py
[2026-06-06T20:30:23.657-0400] {processor.py:840} INFO - DAG(s) 'example_params_ui_tutorial' retrieved from /Users/nitishbhattad/anaconda3/envs/flight-pipeline/lib/python3.11/site-packages/airflow/example_dags/example_params_ui_tutorial.py
[2026-06-06T20:30:23.739-0400] {logging_mixin.py:188} INFO - [2026-06-06T20:30:23.739-0400] {dag.py:3036} INFO - Sync 1 DAGs
[2026-06-06T20:30:23.743-0400] {logging_mixin.py:188} INFO - [2026-06-06T20:30:23.743-0400] {dag.py:3823} INFO - Setting next_dagrun for example_params_ui_tutorial to None, run_after=None
[2026-06-06T20:30:23.752-0400] {processor.py:183} INFO - Processing /Users/nitishbhattad/anaconda3/envs/flight-pipeline/lib/python3.11/site-packages/airflow/example_dags/example_params_ui_tutorial.py took 0.118 seconds
[2026-06-06T20:32:54.716-0400] {processor.py:161} INFO - Started process (PID=64888) to work on /Users/nitishbhattad/anaconda3/envs/flight-pipeline/lib/python3.11/site-packages/airflow/example_dags/example_params_ui_tutorial.py
[2026-06-06T20:32:54.717-0400] {processor.py:830} INFO - Processing file /Users/nitishbhattad/anaconda3/envs/flight-pipeline/lib/python3.11/site-packages/airflow/example_dags/example_params_ui_tutorial.py for tasks to queue
[2026-06-06T20:32:54.718-0400] {logging_mixin.py:188} INFO - [2026-06-06T20:32:54.717-0400] {dagbag.py:538} INFO - Filling up the DagBag from /Users/nitishbhattad/anaconda3/envs/flight-pipeline/lib/python3.11/site-packages/airflow/example_dags/example_params_ui_tutorial.py
[2026-06-06T20:32:54.732-0400] {processor.py:840} INFO - DAG(s) 'example_params_ui_tutorial' retrieved from /Users/nitishbhattad/anaconda3/envs/flight-pipeline/lib/python3.11/site-packages/airflow/example_dags/example_params_ui_tutorial.py
[2026-06-06T20:32:54.806-0400] {logging_mixin.py:188} INFO - [2026-06-06T20:32:54.806-0400] {dag.py:3036} INFO - Sync 1 DAGs
[2026-06-06T20:32:54.809-0400] {logging_mixin.py:188} INFO - [2026-06-06T20:32:54.809-0400] {dag.py:3823} INFO - Setting next_dagrun for example_params_ui_tutorial to None, run_after=None
[2026-06-06T20:32:54.817-0400] {processor.py:183} INFO - Processing /Users/nitishbhattad/anaconda3/envs/flight-pipeline/lib/python3.11/site-packages/airflow/example_dags/example_params_ui_tutorial.py took 0.102 seconds
[2026-06-06T20:34:54.766-0400] {processor.py:161} INFO - Started process (PID=65070) to work on /Users/nitishbhattad/anaconda3/envs/flight-pipeline/lib/python3.11/site-packages/airflow/example_dags/example_params_ui_tutorial.py
[2026-06-06T20:34:54.767-0400] {processor.py:830} INFO - Processing file /Users/nitishbhattad/anaconda3/envs/flight-pipeline/lib/python3.11/site-packages/airflow/example_dags/example_params_ui_tutorial.py for tasks to queue
[2026-06-06T20:34:54.767-0400] {logging_mixin.py:188} INFO - [2026-06-06T20:34:54.767-0400] {dagbag.py:538} INFO - Filling up the DagBag from /Users/nitishbhattad/anaconda3/envs/flight-pipeline/lib/python3.11/site-packages/airflow/example_dags/example_params_ui_tutorial.py
[2026-06-06T20:34:54.786-0400] {processor.py:840} INFO - DAG(s) 'example_params_ui_tutorial' retrieved from /Users/nitishbhattad/anaconda3/envs/flight-pipeline/lib/python3.11/site-packages/airflow/example_dags/example_params_ui_tutorial.py
[2026-06-06T20:34:54.875-0400] {logging_mixin.py:188} INFO - [2026-06-06T20:34:54.874-0400] {dag.py:3036} INFO - Sync 1 DAGs
[2026-06-06T20:34:54.878-0400] {logging_mixin.py:188} INFO - [2026-06-06T20:34:54.878-0400] {dag.py:3823} INFO - Setting next_dagrun for example_params_ui_tutorial to None, run_after=None
[2026-06-06T20:34:54.887-0400] {processor.py:183} INFO - Processing /Users/nitishbhattad/anaconda3/envs/flight-pipeline/lib/python3.11/site-packages/airflow/example_dags/example_params_ui_tutorial.py took 0.123 seconds
[2026-06-06T20:36:59.850-0400] {processor.py:161} INFO - Started process (PID=65254) to work on /Users/nitishbhattad/anaconda3/envs/flight-pipeline/lib/python3.11/site-packages/airflow/example_dags/example_params_ui_tutorial.py
[2026-06-06T20:36:59.851-0400] {processor.py:830} INFO - Processing file /Users/nitishbhattad/anaconda3/envs/flight-pipeline/lib/python3.11/site-packages/airflow/example_dags/example_params_ui_tutorial.py for tasks to queue
[2026-06-06T20:36:59.852-0400] {logging_mixin.py:188} INFO - [2026-06-06T20:36:59.851-0400] {dagbag.py:538} INFO - Filling up the DagBag from /Users/nitishbhattad/anaconda3/envs/flight-pipeline/lib/python3.11/site-packages/airflow/example_dags/example_params_ui_tutorial.py
[2026-06-06T20:36:59.868-0400] {processor.py:840} INFO - DAG(s) 'example_params_ui_tutorial' retrieved from /Users/nitishbhattad/anaconda3/envs/flight-pipeline/lib/python3.11/site-packages/airflow/example_dags/example_params_ui_tutorial.py
[2026-06-06T20:36:59.939-0400] {logging_mixin.py:188} INFO - [2026-06-06T20:36:59.939-0400] {dag.py:3036} INFO - Sync 1 DAGs
[2026-06-06T20:36:59.943-0400] {logging_mixin.py:188} INFO - [2026-06-06T20:36:59.943-0400] {dag.py:3823} INFO - Setting next_dagrun for example_params_ui_tutorial to None, run_after=None
[2026-06-06T20:36:59.951-0400] {processor.py:183} INFO - Processing /Users/nitishbhattad/anaconda3/envs/flight-pipeline/lib/python3.11/site-packages/airflow/example_dags/example_params_ui_tutorial.py took 0.103 seconds
[2026-06-06T20:39:07.267-0400] {processor.py:161} INFO - Started process (PID=65452) to work on /Users/nitishbhattad/anaconda3/envs/flight-pipeline/lib/python3.11/site-packages/airflow/example_dags/example_params_ui_tutorial.py
[2026-06-06T20:39:07.269-0400] {processor.py:830} INFO - Processing file /Users/nitishbhattad/anaconda3/envs/flight-pipeline/lib/python3.11/site-packages/airflow/example_dags/example_params_ui_tutorial.py for tasks to queue
[2026-06-06T20:39:07.269-0400] {logging_mixin.py:188} INFO - [2026-06-06T20:39:07.269-0400] {dagbag.py:538} INFO - Filling up the DagBag from /Users/nitishbhattad/anaconda3/envs/flight-pipeline/lib/python3.11/site-packages/airflow/example_dags/example_params_ui_tutorial.py
[2026-06-06T20:39:07.285-0400] {processor.py:840} INFO - DAG(s) 'example_params_ui_tutorial' retrieved from /Users/nitishbhattad/anaconda3/envs/flight-pipeline/lib/python3.11/site-packages/airflow/example_dags/example_params_ui_tutorial.py
[2026-06-06T20:39:07.358-0400] {logging_mixin.py:188} INFO - [2026-06-06T20:39:07.358-0400] {dag.py:3036} INFO - Sync 1 DAGs
[2026-06-06T20:39:07.361-0400] {logging_mixin.py:188} INFO - [2026-06-06T20:39:07.361-0400] {dag.py:3823} INFO - Setting next_dagrun for example_params_ui_tutorial to None, run_after=None
[2026-06-06T20:39:07.369-0400] {processor.py:183} INFO - Processing /Users/nitishbhattad/anaconda3/envs/flight-pipeline/lib/python3.11/site-packages/airflow/example_dags/example_params_ui_tutorial.py took 0.103 seconds
[2026-06-06T20:41:17.908-0400] {processor.py:161} INFO - Started process (PID=65716) to work on /Users/nitishbhattad/anaconda3/envs/flight-pipeline/lib/python3.11/site-packages/airflow/example_dags/example_params_ui_tutorial.py
[2026-06-06T20:41:17.910-0400] {processor.py:830} INFO - Processing file /Users/nitishbhattad/anaconda3/envs/flight-pipeline/lib/python3.11/site-packages/airflow/example_dags/example_params_ui_tutorial.py for tasks to queue
[2026-06-06T20:41:17.910-0400] {logging_mixin.py:188} INFO - [2026-06-06T20:41:17.910-0400] {dagbag.py:538} INFO - Filling up the DagBag from /Users/nitishbhattad/anaconda3/envs/flight-pipeline/lib/python3.11/site-packages/airflow/example_dags/example_params_ui_tutorial.py
[2026-06-06T20:41:17.927-0400] {processor.py:840} INFO - DAG(s) 'example_params_ui_tutorial' retrieved from /Users/nitishbhattad/anaconda3/envs/flight-pipeline/lib/python3.11/site-packages/airflow/example_dags/example_params_ui_tutorial.py
[2026-06-06T20:41:18.005-0400] {logging_mixin.py:188} INFO - [2026-06-06T20:41:18.005-0400] {dag.py:3036} INFO - Sync 1 DAGs
[2026-06-06T20:41:18.009-0400] {logging_mixin.py:188} INFO - [2026-06-06T20:41:18.008-0400] {dag.py:3823} INFO - Setting next_dagrun for example_params_ui_tutorial to None, run_after=None
[2026-06-06T20:41:18.023-0400] {processor.py:183} INFO - Processing /Users/nitishbhattad/anaconda3/envs/flight-pipeline/lib/python3.11/site-packages/airflow/example_dags/example_params_ui_tutorial.py took 0.115 seconds
[2026-06-06T20:43:15.679-0400] {processor.py:161} INFO - Started process (PID=65882) to work on /Users/nitishbhattad/anaconda3/envs/flight-pipeline/lib/python3.11/site-packages/airflow/example_dags/example_params_ui_tutorial.py
[2026-06-06T20:43:15.680-0400] {processor.py:830} INFO - Processing file /Users/nitishbhattad/anaconda3/envs/flight-pipeline/lib/python3.11/site-packages/airflow/example_dags/example_params_ui_tutorial.py for tasks to queue
[2026-06-06T20:43:15.680-0400] {logging_mixin.py:188} INFO - [2026-06-06T20:43:15.680-0400] {dagbag.py:538} INFO - Filling up the DagBag from /Users/nitishbhattad/anaconda3/envs/flight-pipeline/lib/python3.11/site-packages/airflow/example_dags/example_params_ui_tutorial.py
[2026-06-06T20:43:15.697-0400] {processor.py:840} INFO - DAG(s) 'example_params_ui_tutorial' retrieved from /Users/nitishbhattad/anaconda3/envs/flight-pipeline/lib/python3.11/site-packages/airflow/example_dags/example_params_ui_tutorial.py
[2026-06-06T20:43:15.770-0400] {logging_mixin.py:188} INFO - [2026-06-06T20:43:15.769-0400] {dag.py:3036} INFO - Sync 1 DAGs
[2026-06-06T20:43:15.773-0400] {logging_mixin.py:188} INFO - [2026-06-06T20:43:15.773-0400] {dag.py:3823} INFO - Setting next_dagrun for example_params_ui_tutorial to None, run_after=None
[2026-06-06T20:43:15.785-0400] {processor.py:183} INFO - Processing /Users/nitishbhattad/anaconda3/envs/flight-pipeline/lib/python3.11/site-packages/airflow/example_dags/example_params_ui_tutorial.py took 0.107 seconds
[2026-06-06T20:45:23.420-0400] {processor.py:161} INFO - Started process (PID=66073) to work on /Users/nitishbhattad/anaconda3/envs/flight-pipeline/lib/python3.11/site-packages/airflow/example_dags/example_params_ui_tutorial.py
[2026-06-06T20:45:23.420-0400] {processor.py:830} INFO - Processing file /Users/nitishbhattad/anaconda3/envs/flight-pipeline/lib/python3.11/site-packages/airflow/example_dags/example_params_ui_tutorial.py for tasks to queue
[2026-06-06T20:45:23.420-0400] {logging_mixin.py:188} INFO - [2026-06-06T20:45:23.420-0400] {dagbag.py:538} INFO - Filling up the DagBag from /Users/nitishbhattad/anaconda3/envs/flight-pipeline/lib/python3.11/site-packages/airflow/example_dags/example_params_ui_tutorial.py
[2026-06-06T20:45:23.437-0400] {processor.py:840} INFO - DAG(s) 'example_params_ui_tutorial' retrieved from /Users/nitishbhattad/anaconda3/envs/flight-pipeline/lib/python3.11/site-packages/airflow/example_dags/example_params_ui_tutorial.py
[2026-06-06T20:45:23.500-0400] {logging_mixin.py:188} INFO - [2026-06-06T20:45:23.500-0400] {dag.py:3036} INFO - Sync 1 DAGs
[2026-06-06T20:45:23.503-0400] {logging_mixin.py:188} INFO - [2026-06-06T20:45:23.503-0400] {dag.py:3823} INFO - Setting next_dagrun for example_params_ui_tutorial to None, run_after=None
[2026-06-06T20:45:23.511-0400] {processor.py:183} INFO - Processing /Users/nitishbhattad/anaconda3/envs/flight-pipeline/lib/python3.11/site-packages/airflow/example_dags/example_params_ui_tutorial.py took 0.092 seconds
[2026-06-06T20:47:29.294-0400] {processor.py:161} INFO - Started process (PID=66273) to work on /Users/nitishbhattad/anaconda3/envs/flight-pipeline/lib/python3.11/site-packages/airflow/example_dags/example_params_ui_tutorial.py
[2026-06-06T20:47:29.295-0400] {processor.py:830} INFO - Processing file /Users/nitishbhattad/anaconda3/envs/flight-pipeline/lib/python3.11/site-packages/airflow/example_dags/example_params_ui_tutorial.py for tasks to queue
[2026-06-06T20:47:29.295-0400] {logging_mixin.py:188} INFO - [2026-06-06T20:47:29.295-0400] {dagbag.py:538} INFO - Filling up the DagBag from /Users/nitishbhattad/anaconda3/envs/flight-pipeline/lib/python3.11/site-packages/airflow/example_dags/example_params_ui_tutorial.py
[2026-06-06T20:47:29.328-0400] {processor.py:840} INFO - DAG(s) 'example_params_ui_tutorial' retrieved from /Users/nitishbhattad/anaconda3/envs/flight-pipeline/lib/python3.11/site-packages/airflow/example_dags/example_params_ui_tutorial.py
[2026-06-06T20:47:29.430-0400] {logging_mixin.py:188} INFO - [2026-06-06T20:47:29.430-0400] {dag.py:3036} INFO - Sync 1 DAGs
[2026-06-06T20:47:29.433-0400] {logging_mixin.py:188} INFO - [2026-06-06T20:47:29.433-0400] {dag.py:3823} INFO - Setting next_dagrun for example_params_ui_tutorial to None, run_after=None
[2026-06-06T20:47:29.444-0400] {processor.py:183} INFO - Processing /Users/nitishbhattad/anaconda3/envs/flight-pipeline/lib/python3.11/site-packages/airflow/example_dags/example_params_ui_tutorial.py took 0.151 seconds
[2026-06-06T20:49:27.605-0400] {processor.py:161} INFO - Started process (PID=66480) to work on /Users/nitishbhattad/anaconda3/envs/flight-pipeline/lib/python3.11/site-packages/airflow/example_dags/example_params_ui_tutorial.py
[2026-06-06T20:49:27.606-0400] {processor.py:830} INFO - Processing file /Users/nitishbhattad/anaconda3/envs/flight-pipeline/lib/python3.11/site-packages/airflow/example_dags/example_params_ui_tutorial.py for tasks to queue
[2026-06-06T20:49:27.606-0400] {logging_mixin.py:188} INFO - [2026-06-06T20:49:27.606-0400] {dagbag.py:538} INFO - Filling up the DagBag from /Users/nitishbhattad/anaconda3/envs/flight-pipeline/lib/python3.11/site-packages/airflow/example_dags/example_params_ui_tutorial.py
[2026-06-06T20:49:27.620-0400] {processor.py:840} INFO - DAG(s) 'example_params_ui_tutorial' retrieved from /Users/nitishbhattad/anaconda3/envs/flight-pipeline/lib/python3.11/site-packages/airflow/example_dags/example_params_ui_tutorial.py
[2026-06-06T20:49:27.688-0400] {logging_mixin.py:188} INFO - [2026-06-06T20:49:27.688-0400] {dag.py:3036} INFO - Sync 1 DAGs
[2026-06-06T20:49:27.691-0400] {logging_mixin.py:188} INFO - [2026-06-06T20:49:27.691-0400] {dag.py:3823} INFO - Setting next_dagrun for example_params_ui_tutorial to None, run_after=None
[2026-06-06T20:49:27.699-0400] {processor.py:183} INFO - Processing /Users/nitishbhattad/anaconda3/envs/flight-pipeline/lib/python3.11/site-packages/airflow/example_dags/example_params_ui_tutorial.py took 0.094 seconds
