[2026-06-06T20:18:58.097-0400] {processor.py:161} INFO - Started process (PID=63569) to work on /Users/nitishbhattad/anaconda3/envs/flight-pipeline/lib/python3.11/site-packages/airflow/example_dags/example_skip_dag.py
[2026-06-06T20:18:58.098-0400] {processor.py:830} INFO - Processing file /Users/nitishbhattad/anaconda3/envs/flight-pipeline/lib/python3.11/site-packages/airflow/example_dags/example_skip_dag.py for tasks to queue
[2026-06-06T20:18:58.098-0400] {logging_mixin.py:188} INFO - [2026-06-06T20:18:58.098-0400] {dagbag.py:538} INFO - Filling up the DagBag from /Users/nitishbhattad/anaconda3/envs/flight-pipeline/lib/python3.11/site-packages/airflow/example_dags/example_skip_dag.py
[2026-06-06T20:18:58.101-0400] {processor.py:840} INFO - DAG(s) 'example_skip_dag' retrieved from /Users/nitishbhattad/anaconda3/envs/flight-pipeline/lib/python3.11/site-packages/airflow/example_dags/example_skip_dag.py
[2026-06-06T20:18:58.194-0400] {logging_mixin.py:188} INFO - [2026-06-06T20:18:58.194-0400] {override.py:1769} INFO - Created Permission View: can edit on DAG:example_skip_dag
[2026-06-06T20:18:58.197-0400] {logging_mixin.py:188} INFO - [2026-06-06T20:18:58.197-0400] {override.py:1769} INFO - Created Permission View: can read on DAG:example_skip_dag
[2026-06-06T20:18:58.199-0400] {logging_mixin.py:188} INFO - [2026-06-06T20:18:58.199-0400] {override.py:1769} INFO - Created Permission View: can delete on DAG:example_skip_dag
[2026-06-06T20:18:58.199-0400] {logging_mixin.py:188} INFO - [2026-06-06T20:18:58.199-0400] {dag.py:3036} INFO - Sync 1 DAGs
[2026-06-06T20:18:58.202-0400] {logging_mixin.py:188} INFO - [2026-06-06T20:18:58.202-0400] {dag.py:3058} INFO - Creating ORM DAG for example_skip_dag
[2026-06-06T20:18:58.205-0400] {logging_mixin.py:188} INFO - [2026-06-06T20:18:58.205-0400] {dag.py:3823} INFO - Setting next_dagrun for example_skip_dag to 2026-06-06 00:00:00+00:00, run_after=2026-06-07 00:00:00+00:00
[2026-06-06T20:18:58.211-0400] {processor.py:183} INFO - Processing /Users/nitishbhattad/anaconda3/envs/flight-pipeline/lib/python3.11/site-packages/airflow/example_dags/example_skip_dag.py took 0.114 seconds
[2026-06-06T20:20:28.420-0400] {processor.py:161} INFO - Started process (PID=63703) to work on /Users/nitishbhattad/anaconda3/envs/flight-pipeline/lib/python3.11/site-packages/airflow/example_dags/example_skip_dag.py
[2026-06-06T20:20:28.420-0400] {processor.py:830} INFO - Processing file /Users/nitishbhattad/anaconda3/envs/flight-pipeline/lib/python3.11/site-packages/airflow/example_dags/example_skip_dag.py for tasks to queue
[2026-06-06T20:20:28.421-0400] {logging_mixin.py:188} INFO - [2026-06-06T20:20:28.420-0400] {dagbag.py:538} INFO - Filling up the DagBag from /Users/nitishbhattad/anaconda3/envs/flight-pipeline/lib/python3.11/site-packages/airflow/example_dags/example_skip_dag.py
[2026-06-06T20:20:28.425-0400] {processor.py:840} INFO - DAG(s) 'example_skip_dag' retrieved from /Users/nitishbhattad/anaconda3/envs/flight-pipeline/lib/python3.11/site-packages/airflow/example_dags/example_skip_dag.py
[2026-06-06T20:20:28.488-0400] {logging_mixin.py:188} INFO - [2026-06-06T20:20:28.488-0400] {dag.py:3036} INFO - Sync 1 DAGs
[2026-06-06T20:20:28.494-0400] {logging_mixin.py:188} INFO - [2026-06-06T20:20:28.494-0400] {dag.py:3823} INFO - Setting next_dagrun for example_skip_dag to 2026-06-06 00:00:00+00:00, run_after=2026-06-07 00:00:00+00:00
[2026-06-06T20:20:28.504-0400] {processor.py:183} INFO - Processing /Users/nitishbhattad/anaconda3/envs/flight-pipeline/lib/python3.11/site-packages/airflow/example_dags/example_skip_dag.py took 0.085 seconds
[2026-06-06T20:23:45.145-0400] {processor.py:161} INFO - Started process (PID=64031) to work on /Users/nitishbhattad/anaconda3/envs/flight-pipeline/lib/python3.11/site-packages/airflow/example_dags/example_skip_dag.py
[2026-06-06T20:23:45.146-0400] {processor.py:830} INFO - Processing file /Users/nitishbhattad/anaconda3/envs/flight-pipeline/lib/python3.11/site-packages/airflow/example_dags/example_skip_dag.py for tasks to queue
[2026-06-06T20:23:45.146-0400] {logging_mixin.py:188} INFO - [2026-06-06T20:23:45.146-0400] {dagbag.py:538} INFO - Filling up the DagBag from /Users/nitishbhattad/anaconda3/envs/flight-pipeline/lib/python3.11/site-packages/airflow/example_dags/example_skip_dag.py
[2026-06-06T20:23:45.149-0400] {processor.py:840} INFO - DAG(s) 'example_skip_dag' retrieved from /Users/nitishbhattad/anaconda3/envs/flight-pipeline/lib/python3.11/site-packages/airflow/example_dags/example_skip_dag.py
[2026-06-06T20:23:45.263-0400] {logging_mixin.py:188} INFO - [2026-06-06T20:23:45.263-0400] {dag.py:3036} INFO - Sync 1 DAGs
[2026-06-06T20:23:45.271-0400] {logging_mixin.py:188} INFO - [2026-06-06T20:23:45.271-0400] {dag.py:3823} INFO - Setting next_dagrun for example_skip_dag to 2026-06-06 00:00:00+00:00, run_after=2026-06-07 00:00:00+00:00
[2026-06-06T20:23:45.279-0400] {processor.py:183} INFO - Processing /Users/nitishbhattad/anaconda3/envs/flight-pipeline/lib/python3.11/site-packages/airflow/example_dags/example_skip_dag.py took 0.135 seconds
[2026-06-06T20:24:58.183-0400] {processor.py:161} INFO - Started process (PID=64156) to work on /Users/nitishbhattad/anaconda3/envs/flight-pipeline/lib/python3.11/site-packages/airflow/example_dags/example_skip_dag.py
[2026-06-06T20:24:58.184-0400] {processor.py:830} INFO - Processing file /Users/nitishbhattad/anaconda3/envs/flight-pipeline/lib/python3.11/site-packages/airflow/example_dags/example_skip_dag.py for tasks to queue
[2026-06-06T20:24:58.184-0400] {logging_mixin.py:188} INFO - [2026-06-06T20:24:58.184-0400] {dagbag.py:538} INFO - Filling up the DagBag from /Users/nitishbhattad/anaconda3/envs/flight-pipeline/lib/python3.11/site-packages/airflow/example_dags/example_skip_dag.py
[2026-06-06T20:24:58.187-0400] {processor.py:840} INFO - DAG(s) 'example_skip_dag' retrieved from /Users/nitishbhattad/anaconda3/envs/flight-pipeline/lib/python3.11/site-packages/airflow/example_dags/example_skip_dag.py
[2026-06-06T20:24:58.246-0400] {logging_mixin.py:188} INFO - [2026-06-06T20:24:58.246-0400] {dag.py:3036} INFO - Sync 1 DAGs
[2026-06-06T20:24:58.252-0400] {logging_mixin.py:188} INFO - [2026-06-06T20:24:58.252-0400] {dag.py:3823} INFO - Setting next_dagrun for example_skip_dag to 2026-06-06 00:00:00+00:00, run_after=2026-06-07 00:00:00+00:00
[2026-06-06T20:24:58.259-0400] {processor.py:183} INFO - Processing /Users/nitishbhattad/anaconda3/envs/flight-pipeline/lib/python3.11/site-packages/airflow/example_dags/example_skip_dag.py took 0.077 seconds
[2026-06-06T20:27:13.952-0400] {processor.py:161} INFO - Started process (PID=64378) to work on /Users/nitishbhattad/anaconda3/envs/flight-pipeline/lib/python3.11/site-packages/airflow/example_dags/example_skip_dag.py
[2026-06-06T20:27:13.952-0400] {processor.py:830} INFO - Processing file /Users/nitishbhattad/anaconda3/envs/flight-pipeline/lib/python3.11/site-packages/airflow/example_dags/example_skip_dag.py for tasks to queue
[2026-06-06T20:27:13.953-0400] {logging_mixin.py:188} INFO - [2026-06-06T20:27:13.953-0400] {dagbag.py:538} INFO - Filling up the DagBag from /Users/nitishbhattad/anaconda3/envs/flight-pipeline/lib/python3.11/site-packages/airflow/example_dags/example_skip_dag.py
[2026-06-06T20:27:13.956-0400] {processor.py:840} INFO - DAG(s) 'example_skip_dag' retrieved from /Users/nitishbhattad/anaconda3/envs/flight-pipeline/lib/python3.11/site-packages/airflow/example_dags/example_skip_dag.py
[2026-06-06T20:27:14.069-0400] {logging_mixin.py:188} INFO - [2026-06-06T20:27:14.069-0400] {dag.py:3036} INFO - Sync 1 DAGs
[2026-06-06T20:27:14.076-0400] {logging_mixin.py:188} INFO - [2026-06-06T20:27:14.076-0400] {dag.py:3823} INFO - Setting next_dagrun for example_skip_dag to 2026-06-06 00:00:00+00:00, run_after=2026-06-07 00:00:00+00:00
[2026-06-06T20:27:14.084-0400] {processor.py:183} INFO - Processing /Users/nitishbhattad/anaconda3/envs/flight-pipeline/lib/python3.11/site-packages/airflow/example_dags/example_skip_dag.py took 0.133 seconds
[2026-06-06T20:29:15.306-0400] {processor.py:161} INFO - Started process (PID=64562) to work on /Users/nitishbhattad/anaconda3/envs/flight-pipeline/lib/python3.11/site-packages/airflow/example_dags/example_skip_dag.py
[2026-06-06T20:29:15.307-0400] {processor.py:830} INFO - Processing file /Users/nitishbhattad/anaconda3/envs/flight-pipeline/lib/python3.11/site-packages/airflow/example_dags/example_skip_dag.py for tasks to queue
[2026-06-06T20:29:15.307-0400] {logging_mixin.py:188} INFO - [2026-06-06T20:29:15.307-0400] {dagbag.py:538} INFO - Filling up the DagBag from /Users/nitishbhattad/anaconda3/envs/flight-pipeline/lib/python3.11/site-packages/airflow/example_dags/example_skip_dag.py
[2026-06-06T20:29:15.310-0400] {processor.py:840} INFO - DAG(s) 'example_skip_dag' retrieved from /Users/nitishbhattad/anaconda3/envs/flight-pipeline/lib/python3.11/site-packages/airflow/example_dags/example_skip_dag.py
[2026-06-06T20:29:15.368-0400] {logging_mixin.py:188} INFO - [2026-06-06T20:29:15.368-0400] {dag.py:3036} INFO - Sync 1 DAGs
[2026-06-06T20:29:15.374-0400] {logging_mixin.py:188} INFO - [2026-06-06T20:29:15.374-0400] {dag.py:3823} INFO - Setting next_dagrun for example_skip_dag to 2026-06-06 00:00:00+00:00, run_after=2026-06-07 00:00:00+00:00
[2026-06-06T20:29:15.381-0400] {processor.py:183} INFO - Processing /Users/nitishbhattad/anaconda3/envs/flight-pipeline/lib/python3.11/site-packages/airflow/example_dags/example_skip_dag.py took 0.076 seconds
[2026-06-06T20:31:31.776-0400] {processor.py:161} INFO - Started process (PID=64768) to work on /Users/nitishbhattad/anaconda3/envs/flight-pipeline/lib/python3.11/site-packages/airflow/example_dags/example_skip_dag.py
[2026-06-06T20:31:31.778-0400] {processor.py:830} INFO - Processing file /Users/nitishbhattad/anaconda3/envs/flight-pipeline/lib/python3.11/site-packages/airflow/example_dags/example_skip_dag.py for tasks to queue
[2026-06-06T20:31:31.779-0400] {logging_mixin.py:188} INFO - [2026-06-06T20:31:31.779-0400] {dagbag.py:538} INFO - Filling up the DagBag from /Users/nitishbhattad/anaconda3/envs/flight-pipeline/lib/python3.11/site-packages/airflow/example_dags/example_skip_dag.py
[2026-06-06T20:31:31.785-0400] {processor.py:840} INFO - DAG(s) 'example_skip_dag' retrieved from /Users/nitishbhattad/anaconda3/envs/flight-pipeline/lib/python3.11/site-packages/airflow/example_dags/example_skip_dag.py
[2026-06-06T20:31:31.861-0400] {logging_mixin.py:188} INFO - [2026-06-06T20:31:31.861-0400] {dag.py:3036} INFO - Sync 1 DAGs
[2026-06-06T20:31:31.869-0400] {logging_mixin.py:188} INFO - [2026-06-06T20:31:31.869-0400] {dag.py:3823} INFO - Setting next_dagrun for example_skip_dag to 2026-06-06 00:00:00+00:00, run_after=2026-06-07 00:00:00+00:00
[2026-06-06T20:31:31.879-0400] {processor.py:183} INFO - Processing /Users/nitishbhattad/anaconda3/envs/flight-pipeline/lib/python3.11/site-packages/airflow/example_dags/example_skip_dag.py took 0.103 seconds
[2026-06-06T20:32:45.778-0400] {processor.py:161} INFO - Started process (PID=64875) to work on /Users/nitishbhattad/anaconda3/envs/flight-pipeline/lib/python3.11/site-packages/airflow/example_dags/example_skip_dag.py
[2026-06-06T20:32:45.780-0400] {processor.py:830} INFO - Processing file /Users/nitishbhattad/anaconda3/envs/flight-pipeline/lib/python3.11/site-packages/airflow/example_dags/example_skip_dag.py for tasks to queue
[2026-06-06T20:32:45.780-0400] {logging_mixin.py:188} INFO - [2026-06-06T20:32:45.780-0400] {dagbag.py:538} INFO - Filling up the DagBag from /Users/nitishbhattad/anaconda3/envs/flight-pipeline/lib/python3.11/site-packages/airflow/example_dags/example_skip_dag.py
[2026-06-06T20:32:45.783-0400] {processor.py:840} INFO - DAG(s) 'example_skip_dag' retrieved from /Users/nitishbhattad/anaconda3/envs/flight-pipeline/lib/python3.11/site-packages/airflow/example_dags/example_skip_dag.py
[2026-06-06T20:32:45.845-0400] {logging_mixin.py:188} INFO - [2026-06-06T20:32:45.845-0400] {dag.py:3036} INFO - Sync 1 DAGs
[2026-06-06T20:32:45.852-0400] {logging_mixin.py:188} INFO - [2026-06-06T20:32:45.852-0400] {dag.py:3823} INFO - Setting next_dagrun for example_skip_dag to 2026-06-06 00:00:00+00:00, run_after=2026-06-07 00:00:00+00:00
[2026-06-06T20:32:45.861-0400] {processor.py:183} INFO - Processing /Users/nitishbhattad/anaconda3/envs/flight-pipeline/lib/python3.11/site-packages/airflow/example_dags/example_skip_dag.py took 0.083 seconds
[2026-06-06T20:34:45.619-0400] {processor.py:161} INFO - Started process (PID=65054) to work on /Users/nitishbhattad/anaconda3/envs/flight-pipeline/lib/python3.11/site-packages/airflow/example_dags/example_skip_dag.py
[2026-06-06T20:34:45.621-0400] {processor.py:830} INFO - Processing file /Users/nitishbhattad/anaconda3/envs/flight-pipeline/lib/python3.11/site-packages/airflow/example_dags/example_skip_dag.py for tasks to queue
[2026-06-06T20:34:45.621-0400] {logging_mixin.py:188} INFO - [2026-06-06T20:34:45.621-0400] {dagbag.py:538} INFO - Filling up the DagBag from /Users/nitishbhattad/anaconda3/envs/flight-pipeline/lib/python3.11/site-packages/airflow/example_dags/example_skip_dag.py
[2026-06-06T20:34:45.628-0400] {processor.py:840} INFO - DAG(s) 'example_skip_dag' retrieved from /Users/nitishbhattad/anaconda3/envs/flight-pipeline/lib/python3.11/site-packages/airflow/example_dags/example_skip_dag.py
[2026-06-06T20:34:45.708-0400] {logging_mixin.py:188} INFO - [2026-06-06T20:34:45.708-0400] {dag.py:3036} INFO - Sync 1 DAGs
[2026-06-06T20:34:45.715-0400] {logging_mixin.py:188} INFO - [2026-06-06T20:34:45.715-0400] {dag.py:3823} INFO - Setting next_dagrun for example_skip_dag to 2026-06-06 00:00:00+00:00, run_after=2026-06-07 00:00:00+00:00
[2026-06-06T20:34:45.726-0400] {processor.py:183} INFO - Processing /Users/nitishbhattad/anaconda3/envs/flight-pipeline/lib/python3.11/site-packages/airflow/example_dags/example_skip_dag.py took 0.108 seconds
[2026-06-06T20:36:50.463-0400] {processor.py:161} INFO - Started process (PID=65246) to work on /Users/nitishbhattad/anaconda3/envs/flight-pipeline/lib/python3.11/site-packages/airflow/example_dags/example_skip_dag.py
[2026-06-06T20:36:50.465-0400] {processor.py:830} INFO - Processing file /Users/nitishbhattad/anaconda3/envs/flight-pipeline/lib/python3.11/site-packages/airflow/example_dags/example_skip_dag.py for tasks to queue
[2026-06-06T20:36:50.465-0400] {logging_mixin.py:188} INFO - [2026-06-06T20:36:50.465-0400] {dagbag.py:538} INFO - Filling up the DagBag from /Users/nitishbhattad/anaconda3/envs/flight-pipeline/lib/python3.11/site-packages/airflow/example_dags/example_skip_dag.py
[2026-06-06T20:36:50.469-0400] {processor.py:840} INFO - DAG(s) 'example_skip_dag' retrieved from /Users/nitishbhattad/anaconda3/envs/flight-pipeline/lib/python3.11/site-packages/airflow/example_dags/example_skip_dag.py
[2026-06-06T20:36:50.531-0400] {logging_mixin.py:188} INFO - [2026-06-06T20:36:50.531-0400] {dag.py:3036} INFO - Sync 1 DAGs
[2026-06-06T20:36:50.538-0400] {logging_mixin.py:188} INFO - [2026-06-06T20:36:50.538-0400] {dag.py:3823} INFO - Setting next_dagrun for example_skip_dag to 2026-06-06 00:00:00+00:00, run_after=2026-06-07 00:00:00+00:00
[2026-06-06T20:36:50.549-0400] {processor.py:183} INFO - Processing /Users/nitishbhattad/anaconda3/envs/flight-pipeline/lib/python3.11/site-packages/airflow/example_dags/example_skip_dag.py took 0.087 seconds
[2026-06-06T20:38:59.455-0400] {processor.py:161} INFO - Started process (PID=65436) to work on /Users/nitishbhattad/anaconda3/envs/flight-pipeline/lib/python3.11/site-packages/airflow/example_dags/example_skip_dag.py
[2026-06-06T20:38:59.457-0400] {processor.py:830} INFO - Processing file /Users/nitishbhattad/anaconda3/envs/flight-pipeline/lib/python3.11/site-packages/airflow/example_dags/example_skip_dag.py for tasks to queue
[2026-06-06T20:38:59.457-0400] {logging_mixin.py:188} INFO - [2026-06-06T20:38:59.457-0400] {dagbag.py:538} INFO - Filling up the DagBag from /Users/nitishbhattad/anaconda3/envs/flight-pipeline/lib/python3.11/site-packages/airflow/example_dags/example_skip_dag.py
[2026-06-06T20:38:59.461-0400] {processor.py:840} INFO - DAG(s) 'example_skip_dag' retrieved from /Users/nitishbhattad/anaconda3/envs/flight-pipeline/lib/python3.11/site-packages/airflow/example_dags/example_skip_dag.py
[2026-06-06T20:38:59.533-0400] {logging_mixin.py:188} INFO - [2026-06-06T20:38:59.533-0400] {dag.py:3036} INFO - Sync 1 DAGs
[2026-06-06T20:38:59.539-0400] {logging_mixin.py:188} INFO - [2026-06-06T20:38:59.539-0400] {dag.py:3823} INFO - Setting next_dagrun for example_skip_dag to 2026-06-06 00:00:00+00:00, run_after=2026-06-07 00:00:00+00:00
[2026-06-06T20:38:59.547-0400] {processor.py:183} INFO - Processing /Users/nitishbhattad/anaconda3/envs/flight-pipeline/lib/python3.11/site-packages/airflow/example_dags/example_skip_dag.py took 0.094 seconds
[2026-06-06T20:41:06.918-0400] {processor.py:161} INFO - Started process (PID=65699) to work on /Users/nitishbhattad/anaconda3/envs/flight-pipeline/lib/python3.11/site-packages/airflow/example_dags/example_skip_dag.py
[2026-06-06T20:41:06.919-0400] {processor.py:830} INFO - Processing file /Users/nitishbhattad/anaconda3/envs/flight-pipeline/lib/python3.11/site-packages/airflow/example_dags/example_skip_dag.py for tasks to queue
[2026-06-06T20:41:06.919-0400] {logging_mixin.py:188} INFO - [2026-06-06T20:41:06.919-0400] {dagbag.py:538} INFO - Filling up the DagBag from /Users/nitishbhattad/anaconda3/envs/flight-pipeline/lib/python3.11/site-packages/airflow/example_dags/example_skip_dag.py
[2026-06-06T20:41:06.922-0400] {processor.py:840} INFO - DAG(s) 'example_skip_dag' retrieved from /Users/nitishbhattad/anaconda3/envs/flight-pipeline/lib/python3.11/site-packages/airflow/example_dags/example_skip_dag.py
[2026-06-06T20:41:06.982-0400] {logging_mixin.py:188} INFO - [2026-06-06T20:41:06.981-0400] {dag.py:3036} INFO - Sync 1 DAGs
[2026-06-06T20:41:06.987-0400] {logging_mixin.py:188} INFO - [2026-06-06T20:41:06.987-0400] {dag.py:3823} INFO - Setting next_dagrun for example_skip_dag to 2026-06-06 00:00:00+00:00, run_after=2026-06-07 00:00:00+00:00
[2026-06-06T20:41:06.995-0400] {processor.py:183} INFO - Processing /Users/nitishbhattad/anaconda3/envs/flight-pipeline/lib/python3.11/site-packages/airflow/example_dags/example_skip_dag.py took 0.078 seconds
[2026-06-06T20:43:04.739-0400] {processor.py:161} INFO - Started process (PID=65869) to work on /Users/nitishbhattad/anaconda3/envs/flight-pipeline/lib/python3.11/site-packages/airflow/example_dags/example_skip_dag.py
[2026-06-06T20:43:04.742-0400] {processor.py:830} INFO - Processing file /Users/nitishbhattad/anaconda3/envs/flight-pipeline/lib/python3.11/site-packages/airflow/example_dags/example_skip_dag.py for tasks to queue
[2026-06-06T20:43:04.742-0400] {logging_mixin.py:188} INFO - [2026-06-06T20:43:04.742-0400] {dagbag.py:538} INFO - Filling up the DagBag from /Users/nitishbhattad/anaconda3/envs/flight-pipeline/lib/python3.11/site-packages/airflow/example_dags/example_skip_dag.py
[2026-06-06T20:43:04.746-0400] {processor.py:840} INFO - DAG(s) 'example_skip_dag' retrieved from /Users/nitishbhattad/anaconda3/envs/flight-pipeline/lib/python3.11/site-packages/airflow/example_dags/example_skip_dag.py
[2026-06-06T20:43:04.808-0400] {logging_mixin.py:188} INFO - [2026-06-06T20:43:04.808-0400] {dag.py:3036} INFO - Sync 1 DAGs
[2026-06-06T20:43:04.816-0400] {logging_mixin.py:188} INFO - [2026-06-06T20:43:04.815-0400] {dag.py:3823} INFO - Setting next_dagrun for example_skip_dag to 2026-06-06 00:00:00+00:00, run_after=2026-06-07 00:00:00+00:00
[2026-06-06T20:43:04.825-0400] {processor.py:183} INFO - Processing /Users/nitishbhattad/anaconda3/envs/flight-pipeline/lib/python3.11/site-packages/airflow/example_dags/example_skip_dag.py took 0.087 seconds
[2026-06-06T20:44:12.289-0400] {processor.py:161} INFO - Started process (PID=65964) to work on /Users/nitishbhattad/anaconda3/envs/flight-pipeline/lib/python3.11/site-packages/airflow/example_dags/example_skip_dag.py
[2026-06-06T20:44:12.290-0400] {processor.py:830} INFO - Processing file /Users/nitishbhattad/anaconda3/envs/flight-pipeline/lib/python3.11/site-packages/airflow/example_dags/example_skip_dag.py for tasks to queue
[2026-06-06T20:44:12.290-0400] {logging_mixin.py:188} INFO - [2026-06-06T20:44:12.290-0400] {dagbag.py:538} INFO - Filling up the DagBag from /Users/nitishbhattad/anaconda3/envs/flight-pipeline/lib/python3.11/site-packages/airflow/example_dags/example_skip_dag.py
[2026-06-06T20:44:12.296-0400] {processor.py:840} INFO - DAG(s) 'example_skip_dag' retrieved from /Users/nitishbhattad/anaconda3/envs/flight-pipeline/lib/python3.11/site-packages/airflow/example_dags/example_skip_dag.py
[2026-06-06T20:44:12.356-0400] {logging_mixin.py:188} INFO - [2026-06-06T20:44:12.356-0400] {dag.py:3036} INFO - Sync 1 DAGs
[2026-06-06T20:44:12.362-0400] {logging_mixin.py:188} INFO - [2026-06-06T20:44:12.362-0400] {dag.py:3823} INFO - Setting next_dagrun for example_skip_dag to 2026-06-06 00:00:00+00:00, run_after=2026-06-07 00:00:00+00:00
[2026-06-06T20:44:12.370-0400] {processor.py:183} INFO - Processing /Users/nitishbhattad/anaconda3/envs/flight-pipeline/lib/python3.11/site-packages/airflow/example_dags/example_skip_dag.py took 0.082 seconds
[2026-06-06T20:46:17.931-0400] {processor.py:161} INFO - Started process (PID=66161) to work on /Users/nitishbhattad/anaconda3/envs/flight-pipeline/lib/python3.11/site-packages/airflow/example_dags/example_skip_dag.py
[2026-06-06T20:46:17.932-0400] {processor.py:830} INFO - Processing file /Users/nitishbhattad/anaconda3/envs/flight-pipeline/lib/python3.11/site-packages/airflow/example_dags/example_skip_dag.py for tasks to queue
[2026-06-06T20:46:17.932-0400] {logging_mixin.py:188} INFO - [2026-06-06T20:46:17.932-0400] {dagbag.py:538} INFO - Filling up the DagBag from /Users/nitishbhattad/anaconda3/envs/flight-pipeline/lib/python3.11/site-packages/airflow/example_dags/example_skip_dag.py
[2026-06-06T20:46:17.935-0400] {processor.py:840} INFO - DAG(s) 'example_skip_dag' retrieved from /Users/nitishbhattad/anaconda3/envs/flight-pipeline/lib/python3.11/site-packages/airflow/example_dags/example_skip_dag.py
[2026-06-06T20:46:17.995-0400] {logging_mixin.py:188} INFO - [2026-06-06T20:46:17.995-0400] {dag.py:3036} INFO - Sync 1 DAGs
[2026-06-06T20:46:18.001-0400] {logging_mixin.py:188} INFO - [2026-06-06T20:46:18.001-0400] {dag.py:3823} INFO - Setting next_dagrun for example_skip_dag to 2026-06-06 00:00:00+00:00, run_after=2026-06-07 00:00:00+00:00
[2026-06-06T20:46:18.009-0400] {processor.py:183} INFO - Processing /Users/nitishbhattad/anaconda3/envs/flight-pipeline/lib/python3.11/site-packages/airflow/example_dags/example_skip_dag.py took 0.079 seconds
[2026-06-06T20:48:19.656-0400] {processor.py:161} INFO - Started process (PID=66368) to work on /Users/nitishbhattad/anaconda3/envs/flight-pipeline/lib/python3.11/site-packages/airflow/example_dags/example_skip_dag.py
[2026-06-06T20:48:19.657-0400] {processor.py:830} INFO - Processing file /Users/nitishbhattad/anaconda3/envs/flight-pipeline/lib/python3.11/site-packages/airflow/example_dags/example_skip_dag.py for tasks to queue
[2026-06-06T20:48:19.658-0400] {logging_mixin.py:188} INFO - [2026-06-06T20:48:19.658-0400] {dagbag.py:538} INFO - Filling up the DagBag from /Users/nitishbhattad/anaconda3/envs/flight-pipeline/lib/python3.11/site-packages/airflow/example_dags/example_skip_dag.py
[2026-06-06T20:48:19.662-0400] {processor.py:840} INFO - DAG(s) 'example_skip_dag' retrieved from /Users/nitishbhattad/anaconda3/envs/flight-pipeline/lib/python3.11/site-packages/airflow/example_dags/example_skip_dag.py
[2026-06-06T20:48:19.720-0400] {logging_mixin.py:188} INFO - [2026-06-06T20:48:19.720-0400] {dag.py:3036} INFO - Sync 1 DAGs
[2026-06-06T20:48:19.727-0400] {logging_mixin.py:188} INFO - [2026-06-06T20:48:19.727-0400] {dag.py:3823} INFO - Setting next_dagrun for example_skip_dag to 2026-06-06 00:00:00+00:00, run_after=2026-06-07 00:00:00+00:00
[2026-06-06T20:48:19.735-0400] {processor.py:183} INFO - Processing /Users/nitishbhattad/anaconda3/envs/flight-pipeline/lib/python3.11/site-packages/airflow/example_dags/example_skip_dag.py took 0.080 seconds
[2026-06-06T20:50:17.950-0400] {processor.py:161} INFO - Started process (PID=66560) to work on /Users/nitishbhattad/anaconda3/envs/flight-pipeline/lib/python3.11/site-packages/airflow/example_dags/example_skip_dag.py
[2026-06-06T20:50:17.951-0400] {processor.py:830} INFO - Processing file /Users/nitishbhattad/anaconda3/envs/flight-pipeline/lib/python3.11/site-packages/airflow/example_dags/example_skip_dag.py for tasks to queue
[2026-06-06T20:50:17.951-0400] {logging_mixin.py:188} INFO - [2026-06-06T20:50:17.951-0400] {dagbag.py:538} INFO - Filling up the DagBag from /Users/nitishbhattad/anaconda3/envs/flight-pipeline/lib/python3.11/site-packages/airflow/example_dags/example_skip_dag.py
[2026-06-06T20:50:17.956-0400] {processor.py:840} INFO - DAG(s) 'example_skip_dag' retrieved from /Users/nitishbhattad/anaconda3/envs/flight-pipeline/lib/python3.11/site-packages/airflow/example_dags/example_skip_dag.py
[2026-06-06T20:50:18.015-0400] {logging_mixin.py:188} INFO - [2026-06-06T20:50:18.015-0400] {dag.py:3036} INFO - Sync 1 DAGs
[2026-06-06T20:50:18.021-0400] {logging_mixin.py:188} INFO - [2026-06-06T20:50:18.021-0400] {dag.py:3823} INFO - Setting next_dagrun for example_skip_dag to 2026-06-06 00:00:00+00:00, run_after=2026-06-07 00:00:00+00:00
[2026-06-06T20:50:18.028-0400] {processor.py:183} INFO - Processing /Users/nitishbhattad/anaconda3/envs/flight-pipeline/lib/python3.11/site-packages/airflow/example_dags/example_skip_dag.py took 0.079 seconds
