[2026-06-06T20:19:32.121-0400] {processor.py:161} INFO - Started process (PID=63625) to work on /Users/nitishbhattad/anaconda3/envs/flight-pipeline/lib/python3.11/site-packages/airflow/example_dags/example_dynamic_task_mapping.py
[2026-06-06T20:19:32.122-0400] {processor.py:830} INFO - Processing file /Users/nitishbhattad/anaconda3/envs/flight-pipeline/lib/python3.11/site-packages/airflow/example_dags/example_dynamic_task_mapping.py for tasks to queue
[2026-06-06T20:19:32.122-0400] {logging_mixin.py:188} INFO - [2026-06-06T20:19:32.122-0400] {dagbag.py:538} INFO - Filling up the DagBag from /Users/nitishbhattad/anaconda3/envs/flight-pipeline/lib/python3.11/site-packages/airflow/example_dags/example_dynamic_task_mapping.py
[2026-06-06T20:19:32.143-0400] {processor.py:840} INFO - DAG(s) 'example_dynamic_task_mapping' retrieved from /Users/nitishbhattad/anaconda3/envs/flight-pipeline/lib/python3.11/site-packages/airflow/example_dags/example_dynamic_task_mapping.py
[2026-06-06T20:19:32.352-0400] {logging_mixin.py:188} INFO - [2026-06-06T20:19:32.351-0400] {override.py:1769} INFO - Created Permission View: can edit on DAG:example_dynamic_task_mapping
[2026-06-06T20:19:32.358-0400] {logging_mixin.py:188} INFO - [2026-06-06T20:19:32.358-0400] {override.py:1769} INFO - Created Permission View: can read on DAG:example_dynamic_task_mapping
[2026-06-06T20:19:32.362-0400] {logging_mixin.py:188} INFO - [2026-06-06T20:19:32.362-0400] {override.py:1769} INFO - Created Permission View: can delete on DAG:example_dynamic_task_mapping
[2026-06-06T20:19:32.363-0400] {logging_mixin.py:188} INFO - [2026-06-06T20:19:32.362-0400] {dag.py:3036} INFO - Sync 1 DAGs
[2026-06-06T20:19:32.368-0400] {logging_mixin.py:188} INFO - [2026-06-06T20:19:32.368-0400] {dag.py:3058} INFO - Creating ORM DAG for example_dynamic_task_mapping
[2026-06-06T20:19:32.373-0400] {logging_mixin.py:188} INFO - [2026-06-06T20:19:32.373-0400] {dag.py:3823} INFO - Setting next_dagrun for example_dynamic_task_mapping to 2022-03-04 00:00:00+00:00, run_after=2022-03-05 00:00:00+00:00
[2026-06-06T20:19:32.380-0400] {processor.py:183} INFO - Processing /Users/nitishbhattad/anaconda3/envs/flight-pipeline/lib/python3.11/site-packages/airflow/example_dags/example_dynamic_task_mapping.py took 0.260 seconds
[2026-06-06T20:21:37.491-0400] {processor.py:161} INFO - Started process (PID=63811) to work on /Users/nitishbhattad/anaconda3/envs/flight-pipeline/lib/python3.11/site-packages/airflow/example_dags/example_dynamic_task_mapping.py
[2026-06-06T20:21:37.492-0400] {processor.py:830} INFO - Processing file /Users/nitishbhattad/anaconda3/envs/flight-pipeline/lib/python3.11/site-packages/airflow/example_dags/example_dynamic_task_mapping.py for tasks to queue
[2026-06-06T20:21:37.492-0400] {logging_mixin.py:188} INFO - [2026-06-06T20:21:37.492-0400] {dagbag.py:538} INFO - Filling up the DagBag from /Users/nitishbhattad/anaconda3/envs/flight-pipeline/lib/python3.11/site-packages/airflow/example_dags/example_dynamic_task_mapping.py
[2026-06-06T20:21:37.505-0400] {processor.py:840} INFO - DAG(s) 'example_dynamic_task_mapping' retrieved from /Users/nitishbhattad/anaconda3/envs/flight-pipeline/lib/python3.11/site-packages/airflow/example_dags/example_dynamic_task_mapping.py
[2026-06-06T20:21:37.563-0400] {logging_mixin.py:188} INFO - [2026-06-06T20:21:37.563-0400] {dag.py:3036} INFO - Sync 1 DAGs
[2026-06-06T20:21:37.568-0400] {logging_mixin.py:188} INFO - [2026-06-06T20:21:37.568-0400] {dag.py:3823} INFO - Setting next_dagrun for example_dynamic_task_mapping to 2022-03-04 00:00:00+00:00, run_after=2022-03-05 00:00:00+00:00
[2026-06-06T20:21:37.576-0400] {processor.py:183} INFO - Processing /Users/nitishbhattad/anaconda3/envs/flight-pipeline/lib/python3.11/site-packages/airflow/example_dags/example_dynamic_task_mapping.py took 0.086 seconds
[2026-06-06T20:24:20.090-0400] {processor.py:161} INFO - Started process (PID=64091) to work on /Users/nitishbhattad/anaconda3/envs/flight-pipeline/lib/python3.11/site-packages/airflow/example_dags/example_dynamic_task_mapping.py
[2026-06-06T20:24:20.091-0400] {processor.py:830} INFO - Processing file /Users/nitishbhattad/anaconda3/envs/flight-pipeline/lib/python3.11/site-packages/airflow/example_dags/example_dynamic_task_mapping.py for tasks to queue
[2026-06-06T20:24:20.091-0400] {logging_mixin.py:188} INFO - [2026-06-06T20:24:20.091-0400] {dagbag.py:538} INFO - Filling up the DagBag from /Users/nitishbhattad/anaconda3/envs/flight-pipeline/lib/python3.11/site-packages/airflow/example_dags/example_dynamic_task_mapping.py
[2026-06-06T20:24:20.108-0400] {processor.py:840} INFO - DAG(s) 'example_dynamic_task_mapping' retrieved from /Users/nitishbhattad/anaconda3/envs/flight-pipeline/lib/python3.11/site-packages/airflow/example_dags/example_dynamic_task_mapping.py
[2026-06-06T20:24:20.164-0400] {logging_mixin.py:188} INFO - [2026-06-06T20:24:20.164-0400] {dag.py:3036} INFO - Sync 1 DAGs
[2026-06-06T20:24:20.169-0400] {logging_mixin.py:188} INFO - [2026-06-06T20:24:20.169-0400] {dag.py:3823} INFO - Setting next_dagrun for example_dynamic_task_mapping to 2022-03-04 00:00:00+00:00, run_after=2022-03-05 00:00:00+00:00
[2026-06-06T20:24:20.176-0400] {processor.py:183} INFO - Processing /Users/nitishbhattad/anaconda3/envs/flight-pipeline/lib/python3.11/site-packages/airflow/example_dags/example_dynamic_task_mapping.py took 0.086 seconds
[2026-06-06T20:26:34.234-0400] {processor.py:161} INFO - Started process (PID=64310) to work on /Users/nitishbhattad/anaconda3/envs/flight-pipeline/lib/python3.11/site-packages/airflow/example_dags/example_dynamic_task_mapping.py
[2026-06-06T20:26:34.236-0400] {processor.py:830} INFO - Processing file /Users/nitishbhattad/anaconda3/envs/flight-pipeline/lib/python3.11/site-packages/airflow/example_dags/example_dynamic_task_mapping.py for tasks to queue
[2026-06-06T20:26:34.236-0400] {logging_mixin.py:188} INFO - [2026-06-06T20:26:34.236-0400] {dagbag.py:538} INFO - Filling up the DagBag from /Users/nitishbhattad/anaconda3/envs/flight-pipeline/lib/python3.11/site-packages/airflow/example_dags/example_dynamic_task_mapping.py
[2026-06-06T20:26:34.253-0400] {processor.py:840} INFO - DAG(s) 'example_dynamic_task_mapping' retrieved from /Users/nitishbhattad/anaconda3/envs/flight-pipeline/lib/python3.11/site-packages/airflow/example_dags/example_dynamic_task_mapping.py
[2026-06-06T20:26:34.317-0400] {logging_mixin.py:188} INFO - [2026-06-06T20:26:34.316-0400] {dag.py:3036} INFO - Sync 1 DAGs
[2026-06-06T20:26:34.325-0400] {logging_mixin.py:188} INFO - [2026-06-06T20:26:34.325-0400] {dag.py:3823} INFO - Setting next_dagrun for example_dynamic_task_mapping to 2022-03-04 00:00:00+00:00, run_after=2022-03-05 00:00:00+00:00
[2026-06-06T20:26:34.351-0400] {processor.py:183} INFO - Processing /Users/nitishbhattad/anaconda3/envs/flight-pipeline/lib/python3.11/site-packages/airflow/example_dags/example_dynamic_task_mapping.py took 0.117 seconds
[2026-06-06T20:28:41.201-0400] {processor.py:161} INFO - Started process (PID=64514) to work on /Users/nitishbhattad/anaconda3/envs/flight-pipeline/lib/python3.11/site-packages/airflow/example_dags/example_dynamic_task_mapping.py
[2026-06-06T20:28:41.202-0400] {processor.py:830} INFO - Processing file /Users/nitishbhattad/anaconda3/envs/flight-pipeline/lib/python3.11/site-packages/airflow/example_dags/example_dynamic_task_mapping.py for tasks to queue
[2026-06-06T20:28:41.203-0400] {logging_mixin.py:188} INFO - [2026-06-06T20:28:41.203-0400] {dagbag.py:538} INFO - Filling up the DagBag from /Users/nitishbhattad/anaconda3/envs/flight-pipeline/lib/python3.11/site-packages/airflow/example_dags/example_dynamic_task_mapping.py
[2026-06-06T20:28:41.225-0400] {processor.py:840} INFO - DAG(s) 'example_dynamic_task_mapping' retrieved from /Users/nitishbhattad/anaconda3/envs/flight-pipeline/lib/python3.11/site-packages/airflow/example_dags/example_dynamic_task_mapping.py
[2026-06-06T20:28:41.295-0400] {logging_mixin.py:188} INFO - [2026-06-06T20:28:41.295-0400] {dag.py:3036} INFO - Sync 1 DAGs
[2026-06-06T20:28:41.302-0400] {logging_mixin.py:188} INFO - [2026-06-06T20:28:41.302-0400] {dag.py:3823} INFO - Setting next_dagrun for example_dynamic_task_mapping to 2022-03-04 00:00:00+00:00, run_after=2022-03-05 00:00:00+00:00
[2026-06-06T20:28:41.310-0400] {processor.py:183} INFO - Processing /Users/nitishbhattad/anaconda3/envs/flight-pipeline/lib/python3.11/site-packages/airflow/example_dags/example_dynamic_task_mapping.py took 0.110 seconds
[2026-06-06T20:30:48.581-0400] {processor.py:161} INFO - Started process (PID=64712) to work on /Users/nitishbhattad/anaconda3/envs/flight-pipeline/lib/python3.11/site-packages/airflow/example_dags/example_dynamic_task_mapping.py
[2026-06-06T20:30:48.583-0400] {processor.py:830} INFO - Processing file /Users/nitishbhattad/anaconda3/envs/flight-pipeline/lib/python3.11/site-packages/airflow/example_dags/example_dynamic_task_mapping.py for tasks to queue
[2026-06-06T20:30:48.584-0400] {logging_mixin.py:188} INFO - [2026-06-06T20:30:48.583-0400] {dagbag.py:538} INFO - Filling up the DagBag from /Users/nitishbhattad/anaconda3/envs/flight-pipeline/lib/python3.11/site-packages/airflow/example_dags/example_dynamic_task_mapping.py
[2026-06-06T20:30:48.606-0400] {processor.py:840} INFO - DAG(s) 'example_dynamic_task_mapping' retrieved from /Users/nitishbhattad/anaconda3/envs/flight-pipeline/lib/python3.11/site-packages/airflow/example_dags/example_dynamic_task_mapping.py
[2026-06-06T20:30:48.749-0400] {logging_mixin.py:188} INFO - [2026-06-06T20:30:48.748-0400] {dag.py:3036} INFO - Sync 1 DAGs
[2026-06-06T20:30:48.766-0400] {logging_mixin.py:188} INFO - [2026-06-06T20:30:48.765-0400] {dag.py:3823} INFO - Setting next_dagrun for example_dynamic_task_mapping to 2022-03-04 00:00:00+00:00, run_after=2022-03-05 00:00:00+00:00
[2026-06-06T20:30:48.796-0400] {processor.py:183} INFO - Processing /Users/nitishbhattad/anaconda3/envs/flight-pipeline/lib/python3.11/site-packages/airflow/example_dags/example_dynamic_task_mapping.py took 0.220 seconds
[2026-06-06T20:33:11.219-0400] {processor.py:161} INFO - Started process (PID=64911) to work on /Users/nitishbhattad/anaconda3/envs/flight-pipeline/lib/python3.11/site-packages/airflow/example_dags/example_dynamic_task_mapping.py
[2026-06-06T20:33:11.220-0400] {processor.py:830} INFO - Processing file /Users/nitishbhattad/anaconda3/envs/flight-pipeline/lib/python3.11/site-packages/airflow/example_dags/example_dynamic_task_mapping.py for tasks to queue
[2026-06-06T20:33:11.220-0400] {logging_mixin.py:188} INFO - [2026-06-06T20:33:11.220-0400] {dagbag.py:538} INFO - Filling up the DagBag from /Users/nitishbhattad/anaconda3/envs/flight-pipeline/lib/python3.11/site-packages/airflow/example_dags/example_dynamic_task_mapping.py
[2026-06-06T20:33:11.237-0400] {processor.py:840} INFO - DAG(s) 'example_dynamic_task_mapping' retrieved from /Users/nitishbhattad/anaconda3/envs/flight-pipeline/lib/python3.11/site-packages/airflow/example_dags/example_dynamic_task_mapping.py
[2026-06-06T20:33:11.346-0400] {logging_mixin.py:188} INFO - [2026-06-06T20:33:11.345-0400] {dag.py:3036} INFO - Sync 1 DAGs
[2026-06-06T20:33:11.361-0400] {logging_mixin.py:188} INFO - [2026-06-06T20:33:11.361-0400] {dag.py:3823} INFO - Setting next_dagrun for example_dynamic_task_mapping to 2022-03-04 00:00:00+00:00, run_after=2022-03-05 00:00:00+00:00
[2026-06-06T20:33:11.380-0400] {processor.py:183} INFO - Processing /Users/nitishbhattad/anaconda3/envs/flight-pipeline/lib/python3.11/site-packages/airflow/example_dags/example_dynamic_task_mapping.py took 0.162 seconds
[2026-06-06T20:35:10.322-0400] {processor.py:161} INFO - Started process (PID=65096) to work on /Users/nitishbhattad/anaconda3/envs/flight-pipeline/lib/python3.11/site-packages/airflow/example_dags/example_dynamic_task_mapping.py
[2026-06-06T20:35:10.324-0400] {processor.py:830} INFO - Processing file /Users/nitishbhattad/anaconda3/envs/flight-pipeline/lib/python3.11/site-packages/airflow/example_dags/example_dynamic_task_mapping.py for tasks to queue
[2026-06-06T20:35:10.324-0400] {logging_mixin.py:188} INFO - [2026-06-06T20:35:10.324-0400] {dagbag.py:538} INFO - Filling up the DagBag from /Users/nitishbhattad/anaconda3/envs/flight-pipeline/lib/python3.11/site-packages/airflow/example_dags/example_dynamic_task_mapping.py
[2026-06-06T20:35:10.337-0400] {processor.py:840} INFO - DAG(s) 'example_dynamic_task_mapping' retrieved from /Users/nitishbhattad/anaconda3/envs/flight-pipeline/lib/python3.11/site-packages/airflow/example_dags/example_dynamic_task_mapping.py
[2026-06-06T20:35:10.392-0400] {logging_mixin.py:188} INFO - [2026-06-06T20:35:10.392-0400] {dag.py:3036} INFO - Sync 1 DAGs
[2026-06-06T20:35:10.398-0400] {logging_mixin.py:188} INFO - [2026-06-06T20:35:10.398-0400] {dag.py:3823} INFO - Setting next_dagrun for example_dynamic_task_mapping to 2022-03-04 00:00:00+00:00, run_after=2022-03-05 00:00:00+00:00
[2026-06-06T20:35:10.404-0400] {processor.py:183} INFO - Processing /Users/nitishbhattad/anaconda3/envs/flight-pipeline/lib/python3.11/site-packages/airflow/example_dags/example_dynamic_task_mapping.py took 0.083 seconds
[2026-06-06T20:37:18.403-0400] {processor.py:161} INFO - Started process (PID=65294) to work on /Users/nitishbhattad/anaconda3/envs/flight-pipeline/lib/python3.11/site-packages/airflow/example_dags/example_dynamic_task_mapping.py
[2026-06-06T20:37:18.404-0400] {processor.py:830} INFO - Processing file /Users/nitishbhattad/anaconda3/envs/flight-pipeline/lib/python3.11/site-packages/airflow/example_dags/example_dynamic_task_mapping.py for tasks to queue
[2026-06-06T20:37:18.404-0400] {logging_mixin.py:188} INFO - [2026-06-06T20:37:18.404-0400] {dagbag.py:538} INFO - Filling up the DagBag from /Users/nitishbhattad/anaconda3/envs/flight-pipeline/lib/python3.11/site-packages/airflow/example_dags/example_dynamic_task_mapping.py
[2026-06-06T20:37:18.420-0400] {processor.py:840} INFO - DAG(s) 'example_dynamic_task_mapping' retrieved from /Users/nitishbhattad/anaconda3/envs/flight-pipeline/lib/python3.11/site-packages/airflow/example_dags/example_dynamic_task_mapping.py
[2026-06-06T20:37:18.480-0400] {logging_mixin.py:188} INFO - [2026-06-06T20:37:18.480-0400] {dag.py:3036} INFO - Sync 1 DAGs
[2026-06-06T20:37:18.486-0400] {logging_mixin.py:188} INFO - [2026-06-06T20:37:18.486-0400] {dag.py:3823} INFO - Setting next_dagrun for example_dynamic_task_mapping to 2022-03-04 00:00:00+00:00, run_after=2022-03-05 00:00:00+00:00
[2026-06-06T20:37:18.493-0400] {processor.py:183} INFO - Processing /Users/nitishbhattad/anaconda3/envs/flight-pipeline/lib/python3.11/site-packages/airflow/example_dags/example_dynamic_task_mapping.py took 0.092 seconds
[2026-06-06T20:39:23.448-0400] {processor.py:161} INFO - Started process (PID=65473) to work on /Users/nitishbhattad/anaconda3/envs/flight-pipeline/lib/python3.11/site-packages/airflow/example_dags/example_dynamic_task_mapping.py
[2026-06-06T20:39:23.450-0400] {processor.py:830} INFO - Processing file /Users/nitishbhattad/anaconda3/envs/flight-pipeline/lib/python3.11/site-packages/airflow/example_dags/example_dynamic_task_mapping.py for tasks to queue
[2026-06-06T20:39:23.450-0400] {logging_mixin.py:188} INFO - [2026-06-06T20:39:23.450-0400] {dagbag.py:538} INFO - Filling up the DagBag from /Users/nitishbhattad/anaconda3/envs/flight-pipeline/lib/python3.11/site-packages/airflow/example_dags/example_dynamic_task_mapping.py
[2026-06-06T20:39:23.465-0400] {processor.py:840} INFO - DAG(s) 'example_dynamic_task_mapping' retrieved from /Users/nitishbhattad/anaconda3/envs/flight-pipeline/lib/python3.11/site-packages/airflow/example_dags/example_dynamic_task_mapping.py
[2026-06-06T20:39:23.522-0400] {logging_mixin.py:188} INFO - [2026-06-06T20:39:23.522-0400] {dag.py:3036} INFO - Sync 1 DAGs
[2026-06-06T20:39:23.527-0400] {logging_mixin.py:188} INFO - [2026-06-06T20:39:23.527-0400] {dag.py:3823} INFO - Setting next_dagrun for example_dynamic_task_mapping to 2022-03-04 00:00:00+00:00, run_after=2022-03-05 00:00:00+00:00
[2026-06-06T20:39:23.536-0400] {processor.py:183} INFO - Processing /Users/nitishbhattad/anaconda3/envs/flight-pipeline/lib/python3.11/site-packages/airflow/example_dags/example_dynamic_task_mapping.py took 0.089 seconds
[2026-06-06T20:41:34.589-0400] {processor.py:161} INFO - Started process (PID=65736) to work on /Users/nitishbhattad/anaconda3/envs/flight-pipeline/lib/python3.11/site-packages/airflow/example_dags/example_dynamic_task_mapping.py
[2026-06-06T20:41:34.591-0400] {processor.py:830} INFO - Processing file /Users/nitishbhattad/anaconda3/envs/flight-pipeline/lib/python3.11/site-packages/airflow/example_dags/example_dynamic_task_mapping.py for tasks to queue
[2026-06-06T20:41:34.591-0400] {logging_mixin.py:188} INFO - [2026-06-06T20:41:34.591-0400] {dagbag.py:538} INFO - Filling up the DagBag from /Users/nitishbhattad/anaconda3/envs/flight-pipeline/lib/python3.11/site-packages/airflow/example_dags/example_dynamic_task_mapping.py
[2026-06-06T20:41:34.609-0400] {processor.py:840} INFO - DAG(s) 'example_dynamic_task_mapping' retrieved from /Users/nitishbhattad/anaconda3/envs/flight-pipeline/lib/python3.11/site-packages/airflow/example_dags/example_dynamic_task_mapping.py
[2026-06-06T20:41:34.674-0400] {logging_mixin.py:188} INFO - [2026-06-06T20:41:34.674-0400] {dag.py:3036} INFO - Sync 1 DAGs
[2026-06-06T20:41:34.680-0400] {logging_mixin.py:188} INFO - [2026-06-06T20:41:34.680-0400] {dag.py:3823} INFO - Setting next_dagrun for example_dynamic_task_mapping to 2022-03-04 00:00:00+00:00, run_after=2022-03-05 00:00:00+00:00
[2026-06-06T20:41:34.688-0400] {processor.py:183} INFO - Processing /Users/nitishbhattad/anaconda3/envs/flight-pipeline/lib/python3.11/site-packages/airflow/example_dags/example_dynamic_task_mapping.py took 0.099 seconds
[2026-06-06T20:43:33.784-0400] {processor.py:161} INFO - Started process (PID=65912) to work on /Users/nitishbhattad/anaconda3/envs/flight-pipeline/lib/python3.11/site-packages/airflow/example_dags/example_dynamic_task_mapping.py
[2026-06-06T20:43:33.786-0400] {processor.py:830} INFO - Processing file /Users/nitishbhattad/anaconda3/envs/flight-pipeline/lib/python3.11/site-packages/airflow/example_dags/example_dynamic_task_mapping.py for tasks to queue
[2026-06-06T20:43:33.786-0400] {logging_mixin.py:188} INFO - [2026-06-06T20:43:33.786-0400] {dagbag.py:538} INFO - Filling up the DagBag from /Users/nitishbhattad/anaconda3/envs/flight-pipeline/lib/python3.11/site-packages/airflow/example_dags/example_dynamic_task_mapping.py
[2026-06-06T20:43:33.804-0400] {processor.py:840} INFO - DAG(s) 'example_dynamic_task_mapping' retrieved from /Users/nitishbhattad/anaconda3/envs/flight-pipeline/lib/python3.11/site-packages/airflow/example_dags/example_dynamic_task_mapping.py
[2026-06-06T20:43:33.880-0400] {logging_mixin.py:188} INFO - [2026-06-06T20:43:33.880-0400] {dag.py:3036} INFO - Sync 1 DAGs
[2026-06-06T20:43:33.887-0400] {logging_mixin.py:188} INFO - [2026-06-06T20:43:33.887-0400] {dag.py:3823} INFO - Setting next_dagrun for example_dynamic_task_mapping to 2022-03-04 00:00:00+00:00, run_after=2022-03-05 00:00:00+00:00
[2026-06-06T20:43:33.897-0400] {processor.py:183} INFO - Processing /Users/nitishbhattad/anaconda3/envs/flight-pipeline/lib/python3.11/site-packages/airflow/example_dags/example_dynamic_task_mapping.py took 0.114 seconds
[2026-06-06T20:45:40.085-0400] {processor.py:161} INFO - Started process (PID=66100) to work on /Users/nitishbhattad/anaconda3/envs/flight-pipeline/lib/python3.11/site-packages/airflow/example_dags/example_dynamic_task_mapping.py
[2026-06-06T20:45:40.087-0400] {processor.py:830} INFO - Processing file /Users/nitishbhattad/anaconda3/envs/flight-pipeline/lib/python3.11/site-packages/airflow/example_dags/example_dynamic_task_mapping.py for tasks to queue
[2026-06-06T20:45:40.087-0400] {logging_mixin.py:188} INFO - [2026-06-06T20:45:40.087-0400] {dagbag.py:538} INFO - Filling up the DagBag from /Users/nitishbhattad/anaconda3/envs/flight-pipeline/lib/python3.11/site-packages/airflow/example_dags/example_dynamic_task_mapping.py
[2026-06-06T20:45:40.118-0400] {processor.py:840} INFO - DAG(s) 'example_dynamic_task_mapping' retrieved from /Users/nitishbhattad/anaconda3/envs/flight-pipeline/lib/python3.11/site-packages/airflow/example_dags/example_dynamic_task_mapping.py
[2026-06-06T20:45:40.215-0400] {logging_mixin.py:188} INFO - [2026-06-06T20:45:40.215-0400] {dag.py:3036} INFO - Sync 1 DAGs
[2026-06-06T20:45:40.223-0400] {logging_mixin.py:188} INFO - [2026-06-06T20:45:40.223-0400] {dag.py:3823} INFO - Setting next_dagrun for example_dynamic_task_mapping to 2022-03-04 00:00:00+00:00, run_after=2022-03-05 00:00:00+00:00
[2026-06-06T20:45:40.236-0400] {processor.py:183} INFO - Processing /Users/nitishbhattad/anaconda3/envs/flight-pipeline/lib/python3.11/site-packages/airflow/example_dags/example_dynamic_task_mapping.py took 0.151 seconds
[2026-06-06T20:47:44.935-0400] {processor.py:161} INFO - Started process (PID=66295) to work on /Users/nitishbhattad/anaconda3/envs/flight-pipeline/lib/python3.11/site-packages/airflow/example_dags/example_dynamic_task_mapping.py
[2026-06-06T20:47:44.935-0400] {processor.py:830} INFO - Processing file /Users/nitishbhattad/anaconda3/envs/flight-pipeline/lib/python3.11/site-packages/airflow/example_dags/example_dynamic_task_mapping.py for tasks to queue
[2026-06-06T20:47:44.935-0400] {logging_mixin.py:188} INFO - [2026-06-06T20:47:44.935-0400] {dagbag.py:538} INFO - Filling up the DagBag from /Users/nitishbhattad/anaconda3/envs/flight-pipeline/lib/python3.11/site-packages/airflow/example_dags/example_dynamic_task_mapping.py
[2026-06-06T20:47:44.948-0400] {processor.py:840} INFO - DAG(s) 'example_dynamic_task_mapping' retrieved from /Users/nitishbhattad/anaconda3/envs/flight-pipeline/lib/python3.11/site-packages/airflow/example_dags/example_dynamic_task_mapping.py
[2026-06-06T20:47:45.005-0400] {logging_mixin.py:188} INFO - [2026-06-06T20:47:45.005-0400] {dag.py:3036} INFO - Sync 1 DAGs
[2026-06-06T20:47:45.011-0400] {logging_mixin.py:188} INFO - [2026-06-06T20:47:45.011-0400] {dag.py:3823} INFO - Setting next_dagrun for example_dynamic_task_mapping to 2022-03-04 00:00:00+00:00, run_after=2022-03-05 00:00:00+00:00
[2026-06-06T20:47:45.018-0400] {processor.py:183} INFO - Processing /Users/nitishbhattad/anaconda3/envs/flight-pipeline/lib/python3.11/site-packages/airflow/example_dags/example_dynamic_task_mapping.py took 0.084 seconds
[2026-06-06T20:49:43.366-0400] {processor.py:161} INFO - Started process (PID=66505) to work on /Users/nitishbhattad/anaconda3/envs/flight-pipeline/lib/python3.11/site-packages/airflow/example_dags/example_dynamic_task_mapping.py
[2026-06-06T20:49:43.368-0400] {processor.py:830} INFO - Processing file /Users/nitishbhattad/anaconda3/envs/flight-pipeline/lib/python3.11/site-packages/airflow/example_dags/example_dynamic_task_mapping.py for tasks to queue
[2026-06-06T20:49:43.368-0400] {logging_mixin.py:188} INFO - [2026-06-06T20:49:43.368-0400] {dagbag.py:538} INFO - Filling up the DagBag from /Users/nitishbhattad/anaconda3/envs/flight-pipeline/lib/python3.11/site-packages/airflow/example_dags/example_dynamic_task_mapping.py
[2026-06-06T20:49:43.384-0400] {processor.py:840} INFO - DAG(s) 'example_dynamic_task_mapping' retrieved from /Users/nitishbhattad/anaconda3/envs/flight-pipeline/lib/python3.11/site-packages/airflow/example_dags/example_dynamic_task_mapping.py
[2026-06-06T20:49:43.452-0400] {logging_mixin.py:188} INFO - [2026-06-06T20:49:43.452-0400] {dag.py:3036} INFO - Sync 1 DAGs
[2026-06-06T20:49:43.459-0400] {logging_mixin.py:188} INFO - [2026-06-06T20:49:43.458-0400] {dag.py:3823} INFO - Setting next_dagrun for example_dynamic_task_mapping to 2022-03-04 00:00:00+00:00, run_after=2022-03-05 00:00:00+00:00
[2026-06-06T20:49:43.472-0400] {processor.py:183} INFO - Processing /Users/nitishbhattad/anaconda3/envs/flight-pipeline/lib/python3.11/site-packages/airflow/example_dags/example_dynamic_task_mapping.py took 0.107 seconds
