[2026-06-06T20:18:50.277-0400] {processor.py:161} INFO - Started process (PID=63558) to work on /Users/nitishbhattad/anaconda3/envs/flight-pipeline/lib/python3.11/site-packages/airflow/example_dags/example_task_group_decorator.py
[2026-06-06T20:18:50.277-0400] {processor.py:830} INFO - Processing file /Users/nitishbhattad/anaconda3/envs/flight-pipeline/lib/python3.11/site-packages/airflow/example_dags/example_task_group_decorator.py for tasks to queue
[2026-06-06T20:18:50.278-0400] {logging_mixin.py:188} INFO - [2026-06-06T20:18:50.277-0400] {dagbag.py:538} INFO - Filling up the DagBag from /Users/nitishbhattad/anaconda3/envs/flight-pipeline/lib/python3.11/site-packages/airflow/example_dags/example_task_group_decorator.py
[2026-06-06T20:18:50.295-0400] {processor.py:840} INFO - DAG(s) 'example_task_group_decorator' retrieved from /Users/nitishbhattad/anaconda3/envs/flight-pipeline/lib/python3.11/site-packages/airflow/example_dags/example_task_group_decorator.py
[2026-06-06T20:18:50.396-0400] {logging_mixin.py:188} INFO - [2026-06-06T20:18:50.395-0400] {override.py:1769} INFO - Created Permission View: can delete on DAG:example_task_group_decorator
[2026-06-06T20:18:50.399-0400] {logging_mixin.py:188} INFO - [2026-06-06T20:18:50.399-0400] {override.py:1769} INFO - Created Permission View: can edit on DAG:example_task_group_decorator
[2026-06-06T20:18:50.401-0400] {logging_mixin.py:188} INFO - [2026-06-06T20:18:50.401-0400] {override.py:1769} INFO - Created Permission View: can read on DAG:example_task_group_decorator
[2026-06-06T20:18:50.402-0400] {logging_mixin.py:188} INFO - [2026-06-06T20:18:50.401-0400] {dag.py:3036} INFO - Sync 1 DAGs
[2026-06-06T20:18:50.406-0400] {logging_mixin.py:188} INFO - [2026-06-06T20:18:50.406-0400] {dag.py:3058} INFO - Creating ORM DAG for example_task_group_decorator
[2026-06-06T20:18:50.410-0400] {logging_mixin.py:188} INFO - [2026-06-06T20:18:50.410-0400] {dag.py:3823} INFO - Setting next_dagrun for example_task_group_decorator to 2026-06-06 00:00:00+00:00, run_after=2026-06-07 00:00:00+00:00
[2026-06-06T20:18:50.418-0400] {processor.py:183} INFO - Processing /Users/nitishbhattad/anaconda3/envs/flight-pipeline/lib/python3.11/site-packages/airflow/example_dags/example_task_group_decorator.py took 0.142 seconds
[2026-06-06T20:20:21.228-0400] {processor.py:161} INFO - Started process (PID=63696) to work on /Users/nitishbhattad/anaconda3/envs/flight-pipeline/lib/python3.11/site-packages/airflow/example_dags/example_task_group_decorator.py
[2026-06-06T20:20:21.229-0400] {processor.py:830} INFO - Processing file /Users/nitishbhattad/anaconda3/envs/flight-pipeline/lib/python3.11/site-packages/airflow/example_dags/example_task_group_decorator.py for tasks to queue
[2026-06-06T20:20:21.229-0400] {logging_mixin.py:188} INFO - [2026-06-06T20:20:21.229-0400] {dagbag.py:538} INFO - Filling up the DagBag from /Users/nitishbhattad/anaconda3/envs/flight-pipeline/lib/python3.11/site-packages/airflow/example_dags/example_task_group_decorator.py
[2026-06-06T20:20:21.247-0400] {processor.py:840} INFO - DAG(s) 'example_task_group_decorator' retrieved from /Users/nitishbhattad/anaconda3/envs/flight-pipeline/lib/python3.11/site-packages/airflow/example_dags/example_task_group_decorator.py
[2026-06-06T20:20:21.311-0400] {logging_mixin.py:188} INFO - [2026-06-06T20:20:21.311-0400] {dag.py:3036} INFO - Sync 1 DAGs
[2026-06-06T20:20:21.319-0400] {logging_mixin.py:188} INFO - [2026-06-06T20:20:21.319-0400] {dag.py:3823} INFO - Setting next_dagrun for example_task_group_decorator to 2026-06-06 00:00:00+00:00, run_after=2026-06-07 00:00:00+00:00
[2026-06-06T20:20:21.327-0400] {processor.py:183} INFO - Processing /Users/nitishbhattad/anaconda3/envs/flight-pipeline/lib/python3.11/site-packages/airflow/example_dags/example_task_group_decorator.py took 0.100 seconds
[2026-06-06T20:21:25.943-0400] {processor.py:161} INFO - Started process (PID=63790) to work on /Users/nitishbhattad/anaconda3/envs/flight-pipeline/lib/python3.11/site-packages/airflow/example_dags/example_task_group_decorator.py
[2026-06-06T20:21:25.944-0400] {processor.py:830} INFO - Processing file /Users/nitishbhattad/anaconda3/envs/flight-pipeline/lib/python3.11/site-packages/airflow/example_dags/example_task_group_decorator.py for tasks to queue
[2026-06-06T20:21:25.944-0400] {logging_mixin.py:188} INFO - [2026-06-06T20:21:25.944-0400] {dagbag.py:538} INFO - Filling up the DagBag from /Users/nitishbhattad/anaconda3/envs/flight-pipeline/lib/python3.11/site-packages/airflow/example_dags/example_task_group_decorator.py
[2026-06-06T20:21:25.959-0400] {processor.py:840} INFO - DAG(s) 'example_task_group_decorator' retrieved from /Users/nitishbhattad/anaconda3/envs/flight-pipeline/lib/python3.11/site-packages/airflow/example_dags/example_task_group_decorator.py
[2026-06-06T20:21:26.021-0400] {logging_mixin.py:188} INFO - [2026-06-06T20:21:26.021-0400] {dag.py:3036} INFO - Sync 1 DAGs
[2026-06-06T20:21:26.026-0400] {logging_mixin.py:188} INFO - [2026-06-06T20:21:26.026-0400] {dag.py:3823} INFO - Setting next_dagrun for example_task_group_decorator to 2026-06-06 00:00:00+00:00, run_after=2026-06-07 00:00:00+00:00
[2026-06-06T20:21:26.035-0400] {processor.py:183} INFO - Processing /Users/nitishbhattad/anaconda3/envs/flight-pipeline/lib/python3.11/site-packages/airflow/example_dags/example_task_group_decorator.py took 0.092 seconds
[2026-06-06T20:23:35.887-0400] {processor.py:161} INFO - Started process (PID=64020) to work on /Users/nitishbhattad/anaconda3/envs/flight-pipeline/lib/python3.11/site-packages/airflow/example_dags/example_task_group_decorator.py
[2026-06-06T20:23:35.888-0400] {processor.py:830} INFO - Processing file /Users/nitishbhattad/anaconda3/envs/flight-pipeline/lib/python3.11/site-packages/airflow/example_dags/example_task_group_decorator.py for tasks to queue
[2026-06-06T20:23:35.888-0400] {logging_mixin.py:188} INFO - [2026-06-06T20:23:35.888-0400] {dagbag.py:538} INFO - Filling up the DagBag from /Users/nitishbhattad/anaconda3/envs/flight-pipeline/lib/python3.11/site-packages/airflow/example_dags/example_task_group_decorator.py
[2026-06-06T20:23:35.905-0400] {processor.py:840} INFO - DAG(s) 'example_task_group_decorator' retrieved from /Users/nitishbhattad/anaconda3/envs/flight-pipeline/lib/python3.11/site-packages/airflow/example_dags/example_task_group_decorator.py
[2026-06-06T20:23:35.970-0400] {logging_mixin.py:188} INFO - [2026-06-06T20:23:35.970-0400] {dag.py:3036} INFO - Sync 1 DAGs
[2026-06-06T20:23:35.977-0400] {logging_mixin.py:188} INFO - [2026-06-06T20:23:35.977-0400] {dag.py:3823} INFO - Setting next_dagrun for example_task_group_decorator to 2026-06-06 00:00:00+00:00, run_after=2026-06-07 00:00:00+00:00
[2026-06-06T20:23:35.985-0400] {processor.py:183} INFO - Processing /Users/nitishbhattad/anaconda3/envs/flight-pipeline/lib/python3.11/site-packages/airflow/example_dags/example_task_group_decorator.py took 0.099 seconds
[2026-06-06T20:24:50.685-0400] {processor.py:161} INFO - Started process (PID=64147) to work on /Users/nitishbhattad/anaconda3/envs/flight-pipeline/lib/python3.11/site-packages/airflow/example_dags/example_task_group_decorator.py
[2026-06-06T20:24:50.686-0400] {processor.py:830} INFO - Processing file /Users/nitishbhattad/anaconda3/envs/flight-pipeline/lib/python3.11/site-packages/airflow/example_dags/example_task_group_decorator.py for tasks to queue
[2026-06-06T20:24:50.686-0400] {logging_mixin.py:188} INFO - [2026-06-06T20:24:50.686-0400] {dagbag.py:538} INFO - Filling up the DagBag from /Users/nitishbhattad/anaconda3/envs/flight-pipeline/lib/python3.11/site-packages/airflow/example_dags/example_task_group_decorator.py
[2026-06-06T20:24:50.702-0400] {processor.py:840} INFO - DAG(s) 'example_task_group_decorator' retrieved from /Users/nitishbhattad/anaconda3/envs/flight-pipeline/lib/python3.11/site-packages/airflow/example_dags/example_task_group_decorator.py
[2026-06-06T20:24:50.765-0400] {logging_mixin.py:188} INFO - [2026-06-06T20:24:50.765-0400] {dag.py:3036} INFO - Sync 1 DAGs
[2026-06-06T20:24:50.771-0400] {logging_mixin.py:188} INFO - [2026-06-06T20:24:50.771-0400] {dag.py:3823} INFO - Setting next_dagrun for example_task_group_decorator to 2026-06-06 00:00:00+00:00, run_after=2026-06-07 00:00:00+00:00
[2026-06-06T20:24:50.780-0400] {processor.py:183} INFO - Processing /Users/nitishbhattad/anaconda3/envs/flight-pipeline/lib/python3.11/site-packages/airflow/example_dags/example_task_group_decorator.py took 0.097 seconds
[2026-06-06T20:25:59.454-0400] {processor.py:161} INFO - Started process (PID=64249) to work on /Users/nitishbhattad/anaconda3/envs/flight-pipeline/lib/python3.11/site-packages/airflow/example_dags/example_task_group_decorator.py
[2026-06-06T20:25:59.459-0400] {processor.py:830} INFO - Processing file /Users/nitishbhattad/anaconda3/envs/flight-pipeline/lib/python3.11/site-packages/airflow/example_dags/example_task_group_decorator.py for tasks to queue
[2026-06-06T20:25:59.460-0400] {logging_mixin.py:188} INFO - [2026-06-06T20:25:59.460-0400] {dagbag.py:538} INFO - Filling up the DagBag from /Users/nitishbhattad/anaconda3/envs/flight-pipeline/lib/python3.11/site-packages/airflow/example_dags/example_task_group_decorator.py
[2026-06-06T20:25:59.550-0400] {processor.py:840} INFO - DAG(s) 'example_task_group_decorator' retrieved from /Users/nitishbhattad/anaconda3/envs/flight-pipeline/lib/python3.11/site-packages/airflow/example_dags/example_task_group_decorator.py
[2026-06-06T20:25:59.829-0400] {logging_mixin.py:188} INFO - [2026-06-06T20:25:59.829-0400] {dag.py:3036} INFO - Sync 1 DAGs
[2026-06-06T20:25:59.841-0400] {logging_mixin.py:188} INFO - [2026-06-06T20:25:59.841-0400] {dag.py:3823} INFO - Setting next_dagrun for example_task_group_decorator to 2026-06-06 00:00:00+00:00, run_after=2026-06-07 00:00:00+00:00
[2026-06-06T20:25:59.861-0400] {processor.py:183} INFO - Processing /Users/nitishbhattad/anaconda3/envs/flight-pipeline/lib/python3.11/site-packages/airflow/example_dags/example_task_group_decorator.py took 0.420 seconds
[2026-06-06T20:27:05.956-0400] {processor.py:161} INFO - Started process (PID=64374) to work on /Users/nitishbhattad/anaconda3/envs/flight-pipeline/lib/python3.11/site-packages/airflow/example_dags/example_task_group_decorator.py
[2026-06-06T20:27:05.958-0400] {processor.py:830} INFO - Processing file /Users/nitishbhattad/anaconda3/envs/flight-pipeline/lib/python3.11/site-packages/airflow/example_dags/example_task_group_decorator.py for tasks to queue
[2026-06-06T20:27:05.959-0400] {logging_mixin.py:188} INFO - [2026-06-06T20:27:05.958-0400] {dagbag.py:538} INFO - Filling up the DagBag from /Users/nitishbhattad/anaconda3/envs/flight-pipeline/lib/python3.11/site-packages/airflow/example_dags/example_task_group_decorator.py
[2026-06-06T20:27:05.977-0400] {processor.py:840} INFO - DAG(s) 'example_task_group_decorator' retrieved from /Users/nitishbhattad/anaconda3/envs/flight-pipeline/lib/python3.11/site-packages/airflow/example_dags/example_task_group_decorator.py
[2026-06-06T20:27:06.052-0400] {logging_mixin.py:188} INFO - [2026-06-06T20:27:06.052-0400] {dag.py:3036} INFO - Sync 1 DAGs
[2026-06-06T20:27:06.061-0400] {logging_mixin.py:188} INFO - [2026-06-06T20:27:06.061-0400] {dag.py:3823} INFO - Setting next_dagrun for example_task_group_decorator to 2026-06-06 00:00:00+00:00, run_after=2026-06-07 00:00:00+00:00
[2026-06-06T20:27:06.106-0400] {processor.py:183} INFO - Processing /Users/nitishbhattad/anaconda3/envs/flight-pipeline/lib/python3.11/site-packages/airflow/example_dags/example_task_group_decorator.py took 0.150 seconds
[2026-06-06T20:28:11.438-0400] {processor.py:161} INFO - Started process (PID=64469) to work on /Users/nitishbhattad/anaconda3/envs/flight-pipeline/lib/python3.11/site-packages/airflow/example_dags/example_task_group_decorator.py
[2026-06-06T20:28:11.440-0400] {processor.py:830} INFO - Processing file /Users/nitishbhattad/anaconda3/envs/flight-pipeline/lib/python3.11/site-packages/airflow/example_dags/example_task_group_decorator.py for tasks to queue
[2026-06-06T20:28:11.440-0400] {logging_mixin.py:188} INFO - [2026-06-06T20:28:11.440-0400] {dagbag.py:538} INFO - Filling up the DagBag from /Users/nitishbhattad/anaconda3/envs/flight-pipeline/lib/python3.11/site-packages/airflow/example_dags/example_task_group_decorator.py
[2026-06-06T20:28:11.455-0400] {processor.py:840} INFO - DAG(s) 'example_task_group_decorator' retrieved from /Users/nitishbhattad/anaconda3/envs/flight-pipeline/lib/python3.11/site-packages/airflow/example_dags/example_task_group_decorator.py
[2026-06-06T20:28:11.514-0400] {logging_mixin.py:188} INFO - [2026-06-06T20:28:11.513-0400] {dag.py:3036} INFO - Sync 1 DAGs
[2026-06-06T20:28:11.519-0400] {logging_mixin.py:188} INFO - [2026-06-06T20:28:11.519-0400] {dag.py:3823} INFO - Setting next_dagrun for example_task_group_decorator to 2026-06-06 00:00:00+00:00, run_after=2026-06-07 00:00:00+00:00
[2026-06-06T20:28:11.526-0400] {processor.py:183} INFO - Processing /Users/nitishbhattad/anaconda3/envs/flight-pipeline/lib/python3.11/site-packages/airflow/example_dags/example_task_group_decorator.py took 0.089 seconds
[2026-06-06T20:29:09.571-0400] {processor.py:161} INFO - Started process (PID=64556) to work on /Users/nitishbhattad/anaconda3/envs/flight-pipeline/lib/python3.11/site-packages/airflow/example_dags/example_task_group_decorator.py
[2026-06-06T20:29:09.573-0400] {processor.py:830} INFO - Processing file /Users/nitishbhattad/anaconda3/envs/flight-pipeline/lib/python3.11/site-packages/airflow/example_dags/example_task_group_decorator.py for tasks to queue
[2026-06-06T20:29:09.573-0400] {logging_mixin.py:188} INFO - [2026-06-06T20:29:09.573-0400] {dagbag.py:538} INFO - Filling up the DagBag from /Users/nitishbhattad/anaconda3/envs/flight-pipeline/lib/python3.11/site-packages/airflow/example_dags/example_task_group_decorator.py
[2026-06-06T20:29:09.593-0400] {processor.py:840} INFO - DAG(s) 'example_task_group_decorator' retrieved from /Users/nitishbhattad/anaconda3/envs/flight-pipeline/lib/python3.11/site-packages/airflow/example_dags/example_task_group_decorator.py
[2026-06-06T20:29:09.654-0400] {logging_mixin.py:188} INFO - [2026-06-06T20:29:09.654-0400] {dag.py:3036} INFO - Sync 1 DAGs
[2026-06-06T20:29:09.660-0400] {logging_mixin.py:188} INFO - [2026-06-06T20:29:09.660-0400] {dag.py:3823} INFO - Setting next_dagrun for example_task_group_decorator to 2026-06-06 00:00:00+00:00, run_after=2026-06-07 00:00:00+00:00
[2026-06-06T20:29:09.667-0400] {processor.py:183} INFO - Processing /Users/nitishbhattad/anaconda3/envs/flight-pipeline/lib/python3.11/site-packages/airflow/example_dags/example_task_group_decorator.py took 0.097 seconds
[2026-06-06T20:31:22.979-0400] {processor.py:161} INFO - Started process (PID=64759) to work on /Users/nitishbhattad/anaconda3/envs/flight-pipeline/lib/python3.11/site-packages/airflow/example_dags/example_task_group_decorator.py
[2026-06-06T20:31:22.981-0400] {processor.py:830} INFO - Processing file /Users/nitishbhattad/anaconda3/envs/flight-pipeline/lib/python3.11/site-packages/airflow/example_dags/example_task_group_decorator.py for tasks to queue
[2026-06-06T20:31:22.981-0400] {logging_mixin.py:188} INFO - [2026-06-06T20:31:22.981-0400] {dagbag.py:538} INFO - Filling up the DagBag from /Users/nitishbhattad/anaconda3/envs/flight-pipeline/lib/python3.11/site-packages/airflow/example_dags/example_task_group_decorator.py
[2026-06-06T20:31:23.011-0400] {processor.py:840} INFO - DAG(s) 'example_task_group_decorator' retrieved from /Users/nitishbhattad/anaconda3/envs/flight-pipeline/lib/python3.11/site-packages/airflow/example_dags/example_task_group_decorator.py
[2026-06-06T20:31:23.083-0400] {logging_mixin.py:188} INFO - [2026-06-06T20:31:23.083-0400] {dag.py:3036} INFO - Sync 1 DAGs
[2026-06-06T20:31:23.092-0400] {logging_mixin.py:188} INFO - [2026-06-06T20:31:23.092-0400] {dag.py:3823} INFO - Setting next_dagrun for example_task_group_decorator to 2026-06-06 00:00:00+00:00, run_after=2026-06-07 00:00:00+00:00
[2026-06-06T20:31:23.101-0400] {processor.py:183} INFO - Processing /Users/nitishbhattad/anaconda3/envs/flight-pipeline/lib/python3.11/site-packages/airflow/example_dags/example_task_group_decorator.py took 0.123 seconds
[2026-06-06T20:32:38.767-0400] {processor.py:161} INFO - Started process (PID=64868) to work on /Users/nitishbhattad/anaconda3/envs/flight-pipeline/lib/python3.11/site-packages/airflow/example_dags/example_task_group_decorator.py
[2026-06-06T20:32:38.770-0400] {processor.py:830} INFO - Processing file /Users/nitishbhattad/anaconda3/envs/flight-pipeline/lib/python3.11/site-packages/airflow/example_dags/example_task_group_decorator.py for tasks to queue
[2026-06-06T20:32:38.770-0400] {logging_mixin.py:188} INFO - [2026-06-06T20:32:38.770-0400] {dagbag.py:538} INFO - Filling up the DagBag from /Users/nitishbhattad/anaconda3/envs/flight-pipeline/lib/python3.11/site-packages/airflow/example_dags/example_task_group_decorator.py
[2026-06-06T20:32:38.788-0400] {processor.py:840} INFO - DAG(s) 'example_task_group_decorator' retrieved from /Users/nitishbhattad/anaconda3/envs/flight-pipeline/lib/python3.11/site-packages/airflow/example_dags/example_task_group_decorator.py
[2026-06-06T20:32:38.853-0400] {logging_mixin.py:188} INFO - [2026-06-06T20:32:38.853-0400] {dag.py:3036} INFO - Sync 1 DAGs
[2026-06-06T20:32:38.860-0400] {logging_mixin.py:188} INFO - [2026-06-06T20:32:38.860-0400] {dag.py:3823} INFO - Setting next_dagrun for example_task_group_decorator to 2026-06-06 00:00:00+00:00, run_after=2026-06-07 00:00:00+00:00
[2026-06-06T20:32:38.869-0400] {processor.py:183} INFO - Processing /Users/nitishbhattad/anaconda3/envs/flight-pipeline/lib/python3.11/site-packages/airflow/example_dags/example_task_group_decorator.py took 0.102 seconds
[2026-06-06T20:33:41.890-0400] {processor.py:161} INFO - Started process (PID=64957) to work on /Users/nitishbhattad/anaconda3/envs/flight-pipeline/lib/python3.11/site-packages/airflow/example_dags/example_task_group_decorator.py
[2026-06-06T20:33:41.891-0400] {processor.py:830} INFO - Processing file /Users/nitishbhattad/anaconda3/envs/flight-pipeline/lib/python3.11/site-packages/airflow/example_dags/example_task_group_decorator.py for tasks to queue
[2026-06-06T20:33:41.891-0400] {logging_mixin.py:188} INFO - [2026-06-06T20:33:41.891-0400] {dagbag.py:538} INFO - Filling up the DagBag from /Users/nitishbhattad/anaconda3/envs/flight-pipeline/lib/python3.11/site-packages/airflow/example_dags/example_task_group_decorator.py
[2026-06-06T20:33:41.907-0400] {processor.py:840} INFO - DAG(s) 'example_task_group_decorator' retrieved from /Users/nitishbhattad/anaconda3/envs/flight-pipeline/lib/python3.11/site-packages/airflow/example_dags/example_task_group_decorator.py
[2026-06-06T20:33:41.965-0400] {logging_mixin.py:188} INFO - [2026-06-06T20:33:41.965-0400] {dag.py:3036} INFO - Sync 1 DAGs
[2026-06-06T20:33:41.971-0400] {logging_mixin.py:188} INFO - [2026-06-06T20:33:41.971-0400] {dag.py:3823} INFO - Setting next_dagrun for example_task_group_decorator to 2026-06-06 00:00:00+00:00, run_after=2026-06-07 00:00:00+00:00
[2026-06-06T20:33:41.978-0400] {processor.py:183} INFO - Processing /Users/nitishbhattad/anaconda3/envs/flight-pipeline/lib/python3.11/site-packages/airflow/example_dags/example_task_group_decorator.py took 0.089 seconds
[2026-06-06T20:34:41.510-0400] {processor.py:161} INFO - Started process (PID=65047) to work on /Users/nitishbhattad/anaconda3/envs/flight-pipeline/lib/python3.11/site-packages/airflow/example_dags/example_task_group_decorator.py
[2026-06-06T20:34:41.511-0400] {processor.py:830} INFO - Processing file /Users/nitishbhattad/anaconda3/envs/flight-pipeline/lib/python3.11/site-packages/airflow/example_dags/example_task_group_decorator.py for tasks to queue
[2026-06-06T20:34:41.511-0400] {logging_mixin.py:188} INFO - [2026-06-06T20:34:41.511-0400] {dagbag.py:538} INFO - Filling up the DagBag from /Users/nitishbhattad/anaconda3/envs/flight-pipeline/lib/python3.11/site-packages/airflow/example_dags/example_task_group_decorator.py
[2026-06-06T20:34:41.528-0400] {processor.py:840} INFO - DAG(s) 'example_task_group_decorator' retrieved from /Users/nitishbhattad/anaconda3/envs/flight-pipeline/lib/python3.11/site-packages/airflow/example_dags/example_task_group_decorator.py
[2026-06-06T20:34:41.598-0400] {logging_mixin.py:188} INFO - [2026-06-06T20:34:41.598-0400] {dag.py:3036} INFO - Sync 1 DAGs
[2026-06-06T20:34:41.606-0400] {logging_mixin.py:188} INFO - [2026-06-06T20:34:41.606-0400] {dag.py:3823} INFO - Setting next_dagrun for example_task_group_decorator to 2026-06-06 00:00:00+00:00, run_after=2026-06-07 00:00:00+00:00
[2026-06-06T20:34:41.615-0400] {processor.py:183} INFO - Processing /Users/nitishbhattad/anaconda3/envs/flight-pipeline/lib/python3.11/site-packages/airflow/example_dags/example_task_group_decorator.py took 0.106 seconds
[2026-06-06T20:36:42.488-0400] {processor.py:161} INFO - Started process (PID=65231) to work on /Users/nitishbhattad/anaconda3/envs/flight-pipeline/lib/python3.11/site-packages/airflow/example_dags/example_task_group_decorator.py
[2026-06-06T20:36:42.489-0400] {processor.py:830} INFO - Processing file /Users/nitishbhattad/anaconda3/envs/flight-pipeline/lib/python3.11/site-packages/airflow/example_dags/example_task_group_decorator.py for tasks to queue
[2026-06-06T20:36:42.489-0400] {logging_mixin.py:188} INFO - [2026-06-06T20:36:42.489-0400] {dagbag.py:538} INFO - Filling up the DagBag from /Users/nitishbhattad/anaconda3/envs/flight-pipeline/lib/python3.11/site-packages/airflow/example_dags/example_task_group_decorator.py
[2026-06-06T20:36:42.506-0400] {processor.py:840} INFO - DAG(s) 'example_task_group_decorator' retrieved from /Users/nitishbhattad/anaconda3/envs/flight-pipeline/lib/python3.11/site-packages/airflow/example_dags/example_task_group_decorator.py
[2026-06-06T20:36:42.567-0400] {logging_mixin.py:188} INFO - [2026-06-06T20:36:42.567-0400] {dag.py:3036} INFO - Sync 1 DAGs
[2026-06-06T20:36:42.573-0400] {logging_mixin.py:188} INFO - [2026-06-06T20:36:42.573-0400] {dag.py:3823} INFO - Setting next_dagrun for example_task_group_decorator to 2026-06-06 00:00:00+00:00, run_after=2026-06-07 00:00:00+00:00
[2026-06-06T20:36:42.580-0400] {processor.py:183} INFO - Processing /Users/nitishbhattad/anaconda3/envs/flight-pipeline/lib/python3.11/site-packages/airflow/example_dags/example_task_group_decorator.py took 0.092 seconds
[2026-06-06T20:37:48.092-0400] {processor.py:161} INFO - Started process (PID=65339) to work on /Users/nitishbhattad/anaconda3/envs/flight-pipeline/lib/python3.11/site-packages/airflow/example_dags/example_task_group_decorator.py
[2026-06-06T20:37:48.093-0400] {processor.py:830} INFO - Processing file /Users/nitishbhattad/anaconda3/envs/flight-pipeline/lib/python3.11/site-packages/airflow/example_dags/example_task_group_decorator.py for tasks to queue
[2026-06-06T20:37:48.093-0400] {logging_mixin.py:188} INFO - [2026-06-06T20:37:48.093-0400] {dagbag.py:538} INFO - Filling up the DagBag from /Users/nitishbhattad/anaconda3/envs/flight-pipeline/lib/python3.11/site-packages/airflow/example_dags/example_task_group_decorator.py
[2026-06-06T20:37:48.108-0400] {processor.py:840} INFO - DAG(s) 'example_task_group_decorator' retrieved from /Users/nitishbhattad/anaconda3/envs/flight-pipeline/lib/python3.11/site-packages/airflow/example_dags/example_task_group_decorator.py
[2026-06-06T20:37:48.165-0400] {logging_mixin.py:188} INFO - [2026-06-06T20:37:48.165-0400] {dag.py:3036} INFO - Sync 1 DAGs
[2026-06-06T20:37:48.170-0400] {logging_mixin.py:188} INFO - [2026-06-06T20:37:48.170-0400] {dag.py:3823} INFO - Setting next_dagrun for example_task_group_decorator to 2026-06-06 00:00:00+00:00, run_after=2026-06-07 00:00:00+00:00
[2026-06-06T20:37:48.178-0400] {processor.py:183} INFO - Processing /Users/nitishbhattad/anaconda3/envs/flight-pipeline/lib/python3.11/site-packages/airflow/example_dags/example_task_group_decorator.py took 0.087 seconds
[2026-06-06T20:38:51.816-0400] {processor.py:161} INFO - Started process (PID=65428) to work on /Users/nitishbhattad/anaconda3/envs/flight-pipeline/lib/python3.11/site-packages/airflow/example_dags/example_task_group_decorator.py
[2026-06-06T20:38:51.819-0400] {processor.py:830} INFO - Processing file /Users/nitishbhattad/anaconda3/envs/flight-pipeline/lib/python3.11/site-packages/airflow/example_dags/example_task_group_decorator.py for tasks to queue
[2026-06-06T20:38:51.820-0400] {logging_mixin.py:188} INFO - [2026-06-06T20:38:51.820-0400] {dagbag.py:538} INFO - Filling up the DagBag from /Users/nitishbhattad/anaconda3/envs/flight-pipeline/lib/python3.11/site-packages/airflow/example_dags/example_task_group_decorator.py
[2026-06-06T20:38:51.861-0400] {processor.py:840} INFO - DAG(s) 'example_task_group_decorator' retrieved from /Users/nitishbhattad/anaconda3/envs/flight-pipeline/lib/python3.11/site-packages/airflow/example_dags/example_task_group_decorator.py
[2026-06-06T20:38:51.980-0400] {logging_mixin.py:188} INFO - [2026-06-06T20:38:51.980-0400] {dag.py:3036} INFO - Sync 1 DAGs
[2026-06-06T20:38:51.987-0400] {logging_mixin.py:188} INFO - [2026-06-06T20:38:51.987-0400] {dag.py:3823} INFO - Setting next_dagrun for example_task_group_decorator to 2026-06-06 00:00:00+00:00, run_after=2026-06-07 00:00:00+00:00
[2026-06-06T20:38:51.998-0400] {processor.py:183} INFO - Processing /Users/nitishbhattad/anaconda3/envs/flight-pipeline/lib/python3.11/site-packages/airflow/example_dags/example_task_group_decorator.py took 0.184 seconds
[2026-06-06T20:39:55.290-0400] {processor.py:161} INFO - Started process (PID=65552) to work on /Users/nitishbhattad/anaconda3/envs/flight-pipeline/lib/python3.11/site-packages/airflow/example_dags/example_task_group_decorator.py
[2026-06-06T20:39:55.291-0400] {processor.py:830} INFO - Processing file /Users/nitishbhattad/anaconda3/envs/flight-pipeline/lib/python3.11/site-packages/airflow/example_dags/example_task_group_decorator.py for tasks to queue
[2026-06-06T20:39:55.291-0400] {logging_mixin.py:188} INFO - [2026-06-06T20:39:55.291-0400] {dagbag.py:538} INFO - Filling up the DagBag from /Users/nitishbhattad/anaconda3/envs/flight-pipeline/lib/python3.11/site-packages/airflow/example_dags/example_task_group_decorator.py
[2026-06-06T20:39:55.308-0400] {processor.py:840} INFO - DAG(s) 'example_task_group_decorator' retrieved from /Users/nitishbhattad/anaconda3/envs/flight-pipeline/lib/python3.11/site-packages/airflow/example_dags/example_task_group_decorator.py
[2026-06-06T20:39:55.368-0400] {logging_mixin.py:188} INFO - [2026-06-06T20:39:55.368-0400] {dag.py:3036} INFO - Sync 1 DAGs
[2026-06-06T20:39:55.375-0400] {logging_mixin.py:188} INFO - [2026-06-06T20:39:55.374-0400] {dag.py:3823} INFO - Setting next_dagrun for example_task_group_decorator to 2026-06-06 00:00:00+00:00, run_after=2026-06-07 00:00:00+00:00
[2026-06-06T20:39:55.384-0400] {processor.py:183} INFO - Processing /Users/nitishbhattad/anaconda3/envs/flight-pipeline/lib/python3.11/site-packages/airflow/example_dags/example_task_group_decorator.py took 0.095 seconds
[2026-06-06T20:41:00.033-0400] {processor.py:161} INFO - Started process (PID=65684) to work on /Users/nitishbhattad/anaconda3/envs/flight-pipeline/lib/python3.11/site-packages/airflow/example_dags/example_task_group_decorator.py
[2026-06-06T20:41:00.034-0400] {processor.py:830} INFO - Processing file /Users/nitishbhattad/anaconda3/envs/flight-pipeline/lib/python3.11/site-packages/airflow/example_dags/example_task_group_decorator.py for tasks to queue
[2026-06-06T20:41:00.034-0400] {logging_mixin.py:188} INFO - [2026-06-06T20:41:00.034-0400] {dagbag.py:538} INFO - Filling up the DagBag from /Users/nitishbhattad/anaconda3/envs/flight-pipeline/lib/python3.11/site-packages/airflow/example_dags/example_task_group_decorator.py
[2026-06-06T20:41:00.064-0400] {processor.py:840} INFO - DAG(s) 'example_task_group_decorator' retrieved from /Users/nitishbhattad/anaconda3/envs/flight-pipeline/lib/python3.11/site-packages/airflow/example_dags/example_task_group_decorator.py
[2026-06-06T20:41:00.153-0400] {logging_mixin.py:188} INFO - [2026-06-06T20:41:00.153-0400] {dag.py:3036} INFO - Sync 1 DAGs
[2026-06-06T20:41:00.160-0400] {logging_mixin.py:188} INFO - [2026-06-06T20:41:00.159-0400] {dag.py:3823} INFO - Setting next_dagrun for example_task_group_decorator to 2026-06-06 00:00:00+00:00, run_after=2026-06-07 00:00:00+00:00
[2026-06-06T20:41:00.171-0400] {processor.py:183} INFO - Processing /Users/nitishbhattad/anaconda3/envs/flight-pipeline/lib/python3.11/site-packages/airflow/example_dags/example_task_group_decorator.py took 0.138 seconds
[2026-06-06T20:42:05.652-0400] {processor.py:161} INFO - Started process (PID=65784) to work on /Users/nitishbhattad/anaconda3/envs/flight-pipeline/lib/python3.11/site-packages/airflow/example_dags/example_task_group_decorator.py
[2026-06-06T20:42:05.653-0400] {processor.py:830} INFO - Processing file /Users/nitishbhattad/anaconda3/envs/flight-pipeline/lib/python3.11/site-packages/airflow/example_dags/example_task_group_decorator.py for tasks to queue
[2026-06-06T20:42:05.654-0400] {logging_mixin.py:188} INFO - [2026-06-06T20:42:05.654-0400] {dagbag.py:538} INFO - Filling up the DagBag from /Users/nitishbhattad/anaconda3/envs/flight-pipeline/lib/python3.11/site-packages/airflow/example_dags/example_task_group_decorator.py
[2026-06-06T20:42:05.673-0400] {processor.py:840} INFO - DAG(s) 'example_task_group_decorator' retrieved from /Users/nitishbhattad/anaconda3/envs/flight-pipeline/lib/python3.11/site-packages/airflow/example_dags/example_task_group_decorator.py
[2026-06-06T20:42:05.749-0400] {logging_mixin.py:188} INFO - [2026-06-06T20:42:05.749-0400] {dag.py:3036} INFO - Sync 1 DAGs
[2026-06-06T20:42:05.761-0400] {logging_mixin.py:188} INFO - [2026-06-06T20:42:05.760-0400] {dag.py:3823} INFO - Setting next_dagrun for example_task_group_decorator to 2026-06-06 00:00:00+00:00, run_after=2026-06-07 00:00:00+00:00
[2026-06-06T20:42:05.775-0400] {processor.py:183} INFO - Processing /Users/nitishbhattad/anaconda3/envs/flight-pipeline/lib/python3.11/site-packages/airflow/example_dags/example_task_group_decorator.py took 0.123 seconds
[2026-06-06T20:44:05.496-0400] {processor.py:161} INFO - Started process (PID=65960) to work on /Users/nitishbhattad/anaconda3/envs/flight-pipeline/lib/python3.11/site-packages/airflow/example_dags/example_task_group_decorator.py
[2026-06-06T20:44:05.496-0400] {processor.py:830} INFO - Processing file /Users/nitishbhattad/anaconda3/envs/flight-pipeline/lib/python3.11/site-packages/airflow/example_dags/example_task_group_decorator.py for tasks to queue
[2026-06-06T20:44:05.497-0400] {logging_mixin.py:188} INFO - [2026-06-06T20:44:05.496-0400] {dagbag.py:538} INFO - Filling up the DagBag from /Users/nitishbhattad/anaconda3/envs/flight-pipeline/lib/python3.11/site-packages/airflow/example_dags/example_task_group_decorator.py
[2026-06-06T20:44:05.514-0400] {processor.py:840} INFO - DAG(s) 'example_task_group_decorator' retrieved from /Users/nitishbhattad/anaconda3/envs/flight-pipeline/lib/python3.11/site-packages/airflow/example_dags/example_task_group_decorator.py
[2026-06-06T20:44:05.587-0400] {logging_mixin.py:188} INFO - [2026-06-06T20:44:05.587-0400] {dag.py:3036} INFO - Sync 1 DAGs
[2026-06-06T20:44:05.593-0400] {logging_mixin.py:188} INFO - [2026-06-06T20:44:05.593-0400] {dag.py:3823} INFO - Setting next_dagrun for example_task_group_decorator to 2026-06-06 00:00:00+00:00, run_after=2026-06-07 00:00:00+00:00
[2026-06-06T20:44:05.601-0400] {processor.py:183} INFO - Processing /Users/nitishbhattad/anaconda3/envs/flight-pipeline/lib/python3.11/site-packages/airflow/example_dags/example_task_group_decorator.py took 0.106 seconds
[2026-06-06T20:45:07.931-0400] {processor.py:161} INFO - Started process (PID=66054) to work on /Users/nitishbhattad/anaconda3/envs/flight-pipeline/lib/python3.11/site-packages/airflow/example_dags/example_task_group_decorator.py
[2026-06-06T20:45:07.932-0400] {processor.py:830} INFO - Processing file /Users/nitishbhattad/anaconda3/envs/flight-pipeline/lib/python3.11/site-packages/airflow/example_dags/example_task_group_decorator.py for tasks to queue
[2026-06-06T20:45:07.933-0400] {logging_mixin.py:188} INFO - [2026-06-06T20:45:07.932-0400] {dagbag.py:538} INFO - Filling up the DagBag from /Users/nitishbhattad/anaconda3/envs/flight-pipeline/lib/python3.11/site-packages/airflow/example_dags/example_task_group_decorator.py
[2026-06-06T20:45:07.953-0400] {processor.py:840} INFO - DAG(s) 'example_task_group_decorator' retrieved from /Users/nitishbhattad/anaconda3/envs/flight-pipeline/lib/python3.11/site-packages/airflow/example_dags/example_task_group_decorator.py
[2026-06-06T20:45:08.021-0400] {logging_mixin.py:188} INFO - [2026-06-06T20:45:08.021-0400] {dag.py:3036} INFO - Sync 1 DAGs
[2026-06-06T20:45:08.029-0400] {logging_mixin.py:188} INFO - [2026-06-06T20:45:08.028-0400] {dag.py:3823} INFO - Setting next_dagrun for example_task_group_decorator to 2026-06-06 00:00:00+00:00, run_after=2026-06-07 00:00:00+00:00
[2026-06-06T20:45:08.037-0400] {processor.py:183} INFO - Processing /Users/nitishbhattad/anaconda3/envs/flight-pipeline/lib/python3.11/site-packages/airflow/example_dags/example_task_group_decorator.py took 0.106 seconds
[2026-06-06T20:46:12.027-0400] {processor.py:161} INFO - Started process (PID=66145) to work on /Users/nitishbhattad/anaconda3/envs/flight-pipeline/lib/python3.11/site-packages/airflow/example_dags/example_task_group_decorator.py
[2026-06-06T20:46:12.028-0400] {processor.py:830} INFO - Processing file /Users/nitishbhattad/anaconda3/envs/flight-pipeline/lib/python3.11/site-packages/airflow/example_dags/example_task_group_decorator.py for tasks to queue
[2026-06-06T20:46:12.028-0400] {logging_mixin.py:188} INFO - [2026-06-06T20:46:12.028-0400] {dagbag.py:538} INFO - Filling up the DagBag from /Users/nitishbhattad/anaconda3/envs/flight-pipeline/lib/python3.11/site-packages/airflow/example_dags/example_task_group_decorator.py
[2026-06-06T20:46:12.048-0400] {processor.py:840} INFO - DAG(s) 'example_task_group_decorator' retrieved from /Users/nitishbhattad/anaconda3/envs/flight-pipeline/lib/python3.11/site-packages/airflow/example_dags/example_task_group_decorator.py
[2026-06-06T20:46:12.117-0400] {logging_mixin.py:188} INFO - [2026-06-06T20:46:12.117-0400] {dag.py:3036} INFO - Sync 1 DAGs
[2026-06-06T20:46:12.125-0400] {logging_mixin.py:188} INFO - [2026-06-06T20:46:12.125-0400] {dag.py:3823} INFO - Setting next_dagrun for example_task_group_decorator to 2026-06-06 00:00:00+00:00, run_after=2026-06-07 00:00:00+00:00
[2026-06-06T20:46:12.133-0400] {processor.py:183} INFO - Processing /Users/nitishbhattad/anaconda3/envs/flight-pipeline/lib/python3.11/site-packages/airflow/example_dags/example_task_group_decorator.py took 0.107 seconds
[2026-06-06T20:47:15.148-0400] {processor.py:161} INFO - Started process (PID=66252) to work on /Users/nitishbhattad/anaconda3/envs/flight-pipeline/lib/python3.11/site-packages/airflow/example_dags/example_task_group_decorator.py
[2026-06-06T20:47:15.149-0400] {processor.py:830} INFO - Processing file /Users/nitishbhattad/anaconda3/envs/flight-pipeline/lib/python3.11/site-packages/airflow/example_dags/example_task_group_decorator.py for tasks to queue
[2026-06-06T20:47:15.149-0400] {logging_mixin.py:188} INFO - [2026-06-06T20:47:15.149-0400] {dagbag.py:538} INFO - Filling up the DagBag from /Users/nitishbhattad/anaconda3/envs/flight-pipeline/lib/python3.11/site-packages/airflow/example_dags/example_task_group_decorator.py
[2026-06-06T20:47:15.164-0400] {processor.py:840} INFO - DAG(s) 'example_task_group_decorator' retrieved from /Users/nitishbhattad/anaconda3/envs/flight-pipeline/lib/python3.11/site-packages/airflow/example_dags/example_task_group_decorator.py
[2026-06-06T20:47:15.221-0400] {logging_mixin.py:188} INFO - [2026-06-06T20:47:15.221-0400] {dag.py:3036} INFO - Sync 1 DAGs
[2026-06-06T20:47:15.226-0400] {logging_mixin.py:188} INFO - [2026-06-06T20:47:15.226-0400] {dag.py:3823} INFO - Setting next_dagrun for example_task_group_decorator to 2026-06-06 00:00:00+00:00, run_after=2026-06-07 00:00:00+00:00
[2026-06-06T20:47:15.234-0400] {processor.py:183} INFO - Processing /Users/nitishbhattad/anaconda3/envs/flight-pipeline/lib/python3.11/site-packages/airflow/example_dags/example_task_group_decorator.py took 0.087 seconds
[2026-06-06T20:48:14.050-0400] {processor.py:161} INFO - Started process (PID=66354) to work on /Users/nitishbhattad/anaconda3/envs/flight-pipeline/lib/python3.11/site-packages/airflow/example_dags/example_task_group_decorator.py
[2026-06-06T20:48:14.051-0400] {processor.py:830} INFO - Processing file /Users/nitishbhattad/anaconda3/envs/flight-pipeline/lib/python3.11/site-packages/airflow/example_dags/example_task_group_decorator.py for tasks to queue
[2026-06-06T20:48:14.051-0400] {logging_mixin.py:188} INFO - [2026-06-06T20:48:14.051-0400] {dagbag.py:538} INFO - Filling up the DagBag from /Users/nitishbhattad/anaconda3/envs/flight-pipeline/lib/python3.11/site-packages/airflow/example_dags/example_task_group_decorator.py
[2026-06-06T20:48:14.067-0400] {processor.py:840} INFO - DAG(s) 'example_task_group_decorator' retrieved from /Users/nitishbhattad/anaconda3/envs/flight-pipeline/lib/python3.11/site-packages/airflow/example_dags/example_task_group_decorator.py
[2026-06-06T20:48:14.129-0400] {logging_mixin.py:188} INFO - [2026-06-06T20:48:14.128-0400] {dag.py:3036} INFO - Sync 1 DAGs
[2026-06-06T20:48:14.135-0400] {logging_mixin.py:188} INFO - [2026-06-06T20:48:14.135-0400] {dag.py:3823} INFO - Setting next_dagrun for example_task_group_decorator to 2026-06-06 00:00:00+00:00, run_after=2026-06-07 00:00:00+00:00
[2026-06-06T20:48:14.143-0400] {processor.py:183} INFO - Processing /Users/nitishbhattad/anaconda3/envs/flight-pipeline/lib/python3.11/site-packages/airflow/example_dags/example_task_group_decorator.py took 0.093 seconds
[2026-06-06T20:49:12.967-0400] {processor.py:161} INFO - Started process (PID=66441) to work on /Users/nitishbhattad/anaconda3/envs/flight-pipeline/lib/python3.11/site-packages/airflow/example_dags/example_task_group_decorator.py
[2026-06-06T20:49:12.968-0400] {processor.py:830} INFO - Processing file /Users/nitishbhattad/anaconda3/envs/flight-pipeline/lib/python3.11/site-packages/airflow/example_dags/example_task_group_decorator.py for tasks to queue
[2026-06-06T20:49:12.968-0400] {logging_mixin.py:188} INFO - [2026-06-06T20:49:12.968-0400] {dagbag.py:538} INFO - Filling up the DagBag from /Users/nitishbhattad/anaconda3/envs/flight-pipeline/lib/python3.11/site-packages/airflow/example_dags/example_task_group_decorator.py
[2026-06-06T20:49:12.983-0400] {processor.py:840} INFO - DAG(s) 'example_task_group_decorator' retrieved from /Users/nitishbhattad/anaconda3/envs/flight-pipeline/lib/python3.11/site-packages/airflow/example_dags/example_task_group_decorator.py
[2026-06-06T20:49:13.043-0400] {logging_mixin.py:188} INFO - [2026-06-06T20:49:13.043-0400] {dag.py:3036} INFO - Sync 1 DAGs
[2026-06-06T20:49:13.049-0400] {logging_mixin.py:188} INFO - [2026-06-06T20:49:13.049-0400] {dag.py:3823} INFO - Setting next_dagrun for example_task_group_decorator to 2026-06-06 00:00:00+00:00, run_after=2026-06-07 00:00:00+00:00
[2026-06-06T20:49:13.056-0400] {processor.py:183} INFO - Processing /Users/nitishbhattad/anaconda3/envs/flight-pipeline/lib/python3.11/site-packages/airflow/example_dags/example_task_group_decorator.py took 0.089 seconds
[2026-06-06T20:50:13.069-0400] {processor.py:161} INFO - Started process (PID=66546) to work on /Users/nitishbhattad/anaconda3/envs/flight-pipeline/lib/python3.11/site-packages/airflow/example_dags/example_task_group_decorator.py
[2026-06-06T20:50:13.070-0400] {processor.py:830} INFO - Processing file /Users/nitishbhattad/anaconda3/envs/flight-pipeline/lib/python3.11/site-packages/airflow/example_dags/example_task_group_decorator.py for tasks to queue
[2026-06-06T20:50:13.070-0400] {logging_mixin.py:188} INFO - [2026-06-06T20:50:13.070-0400] {dagbag.py:538} INFO - Filling up the DagBag from /Users/nitishbhattad/anaconda3/envs/flight-pipeline/lib/python3.11/site-packages/airflow/example_dags/example_task_group_decorator.py
[2026-06-06T20:50:13.087-0400] {processor.py:840} INFO - DAG(s) 'example_task_group_decorator' retrieved from /Users/nitishbhattad/anaconda3/envs/flight-pipeline/lib/python3.11/site-packages/airflow/example_dags/example_task_group_decorator.py
[2026-06-06T20:50:13.152-0400] {logging_mixin.py:188} INFO - [2026-06-06T20:50:13.152-0400] {dag.py:3036} INFO - Sync 1 DAGs
[2026-06-06T20:50:13.159-0400] {logging_mixin.py:188} INFO - [2026-06-06T20:50:13.159-0400] {dag.py:3823} INFO - Setting next_dagrun for example_task_group_decorator to 2026-06-06 00:00:00+00:00, run_after=2026-06-07 00:00:00+00:00
[2026-06-06T20:50:13.168-0400] {processor.py:183} INFO - Processing /Users/nitishbhattad/anaconda3/envs/flight-pipeline/lib/python3.11/site-packages/airflow/example_dags/example_task_group_decorator.py took 0.100 seconds
