[2026-06-06T20:19:03.172-0400] {processor.py:161} INFO - Started process (PID=63580) to work on /Users/nitishbhattad/anaconda3/envs/flight-pipeline/lib/python3.11/site-packages/airflow/example_dags/example_setup_teardown_taskflow.py
[2026-06-06T20:19:03.173-0400] {processor.py:830} INFO - Processing file /Users/nitishbhattad/anaconda3/envs/flight-pipeline/lib/python3.11/site-packages/airflow/example_dags/example_setup_teardown_taskflow.py for tasks to queue
[2026-06-06T20:19:03.173-0400] {logging_mixin.py:188} INFO - [2026-06-06T20:19:03.173-0400] {dagbag.py:538} INFO - Filling up the DagBag from /Users/nitishbhattad/anaconda3/envs/flight-pipeline/lib/python3.11/site-packages/airflow/example_dags/example_setup_teardown_taskflow.py
[2026-06-06T20:19:03.186-0400] {processor.py:840} INFO - DAG(s) 'example_setup_teardown_taskflow' retrieved from /Users/nitishbhattad/anaconda3/envs/flight-pipeline/lib/python3.11/site-packages/airflow/example_dags/example_setup_teardown_taskflow.py
[2026-06-06T20:19:03.274-0400] {logging_mixin.py:188} INFO - [2026-06-06T20:19:03.274-0400] {override.py:1769} INFO - Created Permission View: can read on DAG:example_setup_teardown_taskflow
[2026-06-06T20:19:03.276-0400] {logging_mixin.py:188} INFO - [2026-06-06T20:19:03.276-0400] {override.py:1769} INFO - Created Permission View: can delete on DAG:example_setup_teardown_taskflow
[2026-06-06T20:19:03.278-0400] {logging_mixin.py:188} INFO - [2026-06-06T20:19:03.278-0400] {override.py:1769} INFO - Created Permission View: can edit on DAG:example_setup_teardown_taskflow
[2026-06-06T20:19:03.279-0400] {logging_mixin.py:188} INFO - [2026-06-06T20:19:03.278-0400] {dag.py:3036} INFO - Sync 1 DAGs
[2026-06-06T20:19:03.282-0400] {logging_mixin.py:188} INFO - [2026-06-06T20:19:03.282-0400] {dag.py:3058} INFO - Creating ORM DAG for example_setup_teardown_taskflow
[2026-06-06T20:19:03.285-0400] {logging_mixin.py:188} INFO - [2026-06-06T20:19:03.284-0400] {dag.py:3823} INFO - Setting next_dagrun for example_setup_teardown_taskflow to 2026-06-06 00:00:00+00:00, run_after=2026-06-07 00:00:00+00:00
[2026-06-06T20:19:03.290-0400] {processor.py:183} INFO - Processing /Users/nitishbhattad/anaconda3/envs/flight-pipeline/lib/python3.11/site-packages/airflow/example_dags/example_setup_teardown_taskflow.py took 0.119 seconds
[2026-06-06T20:20:34.402-0400] {processor.py:161} INFO - Started process (PID=63714) to work on /Users/nitishbhattad/anaconda3/envs/flight-pipeline/lib/python3.11/site-packages/airflow/example_dags/example_setup_teardown_taskflow.py
[2026-06-06T20:20:34.403-0400] {processor.py:830} INFO - Processing file /Users/nitishbhattad/anaconda3/envs/flight-pipeline/lib/python3.11/site-packages/airflow/example_dags/example_setup_teardown_taskflow.py for tasks to queue
[2026-06-06T20:20:34.403-0400] {logging_mixin.py:188} INFO - [2026-06-06T20:20:34.403-0400] {dagbag.py:538} INFO - Filling up the DagBag from /Users/nitishbhattad/anaconda3/envs/flight-pipeline/lib/python3.11/site-packages/airflow/example_dags/example_setup_teardown_taskflow.py
[2026-06-06T20:20:34.420-0400] {processor.py:840} INFO - DAG(s) 'example_setup_teardown_taskflow' retrieved from /Users/nitishbhattad/anaconda3/envs/flight-pipeline/lib/python3.11/site-packages/airflow/example_dags/example_setup_teardown_taskflow.py
[2026-06-06T20:20:34.482-0400] {logging_mixin.py:188} INFO - [2026-06-06T20:20:34.482-0400] {dag.py:3036} INFO - Sync 1 DAGs
[2026-06-06T20:20:34.488-0400] {logging_mixin.py:188} INFO - [2026-06-06T20:20:34.488-0400] {dag.py:3823} INFO - Setting next_dagrun for example_setup_teardown_taskflow to 2026-06-06 00:00:00+00:00, run_after=2026-06-07 00:00:00+00:00
[2026-06-06T20:20:34.500-0400] {processor.py:183} INFO - Processing /Users/nitishbhattad/anaconda3/envs/flight-pipeline/lib/python3.11/site-packages/airflow/example_dags/example_setup_teardown_taskflow.py took 0.098 seconds
[2026-06-06T20:23:50.415-0400] {processor.py:161} INFO - Started process (PID=64044) to work on /Users/nitishbhattad/anaconda3/envs/flight-pipeline/lib/python3.11/site-packages/airflow/example_dags/example_setup_teardown_taskflow.py
[2026-06-06T20:23:50.416-0400] {processor.py:830} INFO - Processing file /Users/nitishbhattad/anaconda3/envs/flight-pipeline/lib/python3.11/site-packages/airflow/example_dags/example_setup_teardown_taskflow.py for tasks to queue
[2026-06-06T20:23:50.416-0400] {logging_mixin.py:188} INFO - [2026-06-06T20:23:50.416-0400] {dagbag.py:538} INFO - Filling up the DagBag from /Users/nitishbhattad/anaconda3/envs/flight-pipeline/lib/python3.11/site-packages/airflow/example_dags/example_setup_teardown_taskflow.py
[2026-06-06T20:23:50.438-0400] {processor.py:840} INFO - DAG(s) 'example_setup_teardown_taskflow' retrieved from /Users/nitishbhattad/anaconda3/envs/flight-pipeline/lib/python3.11/site-packages/airflow/example_dags/example_setup_teardown_taskflow.py
[2026-06-06T20:23:50.506-0400] {logging_mixin.py:188} INFO - [2026-06-06T20:23:50.505-0400] {dag.py:3036} INFO - Sync 1 DAGs
[2026-06-06T20:23:50.512-0400] {logging_mixin.py:188} INFO - [2026-06-06T20:23:50.512-0400] {dag.py:3823} INFO - Setting next_dagrun for example_setup_teardown_taskflow to 2026-06-06 00:00:00+00:00, run_after=2026-06-07 00:00:00+00:00
[2026-06-06T20:23:50.520-0400] {processor.py:183} INFO - Processing /Users/nitishbhattad/anaconda3/envs/flight-pipeline/lib/python3.11/site-packages/airflow/example_dags/example_setup_teardown_taskflow.py took 0.106 seconds
[2026-06-06T20:25:04.476-0400] {processor.py:161} INFO - Started process (PID=64168) to work on /Users/nitishbhattad/anaconda3/envs/flight-pipeline/lib/python3.11/site-packages/airflow/example_dags/example_setup_teardown_taskflow.py
[2026-06-06T20:25:04.479-0400] {processor.py:830} INFO - Processing file /Users/nitishbhattad/anaconda3/envs/flight-pipeline/lib/python3.11/site-packages/airflow/example_dags/example_setup_teardown_taskflow.py for tasks to queue
[2026-06-06T20:25:04.479-0400] {logging_mixin.py:188} INFO - [2026-06-06T20:25:04.479-0400] {dagbag.py:538} INFO - Filling up the DagBag from /Users/nitishbhattad/anaconda3/envs/flight-pipeline/lib/python3.11/site-packages/airflow/example_dags/example_setup_teardown_taskflow.py
[2026-06-06T20:25:04.494-0400] {processor.py:840} INFO - DAG(s) 'example_setup_teardown_taskflow' retrieved from /Users/nitishbhattad/anaconda3/envs/flight-pipeline/lib/python3.11/site-packages/airflow/example_dags/example_setup_teardown_taskflow.py
[2026-06-06T20:25:04.556-0400] {logging_mixin.py:188} INFO - [2026-06-06T20:25:04.556-0400] {dag.py:3036} INFO - Sync 1 DAGs
[2026-06-06T20:25:04.564-0400] {logging_mixin.py:188} INFO - [2026-06-06T20:25:04.564-0400] {dag.py:3823} INFO - Setting next_dagrun for example_setup_teardown_taskflow to 2026-06-06 00:00:00+00:00, run_after=2026-06-07 00:00:00+00:00
[2026-06-06T20:25:04.574-0400] {processor.py:183} INFO - Processing /Users/nitishbhattad/anaconda3/envs/flight-pipeline/lib/python3.11/site-packages/airflow/example_dags/example_setup_teardown_taskflow.py took 0.098 seconds
[2026-06-06T20:27:18.952-0400] {processor.py:161} INFO - Started process (PID=64393) to work on /Users/nitishbhattad/anaconda3/envs/flight-pipeline/lib/python3.11/site-packages/airflow/example_dags/example_setup_teardown_taskflow.py
[2026-06-06T20:27:18.953-0400] {processor.py:830} INFO - Processing file /Users/nitishbhattad/anaconda3/envs/flight-pipeline/lib/python3.11/site-packages/airflow/example_dags/example_setup_teardown_taskflow.py for tasks to queue
[2026-06-06T20:27:18.953-0400] {logging_mixin.py:188} INFO - [2026-06-06T20:27:18.953-0400] {dagbag.py:538} INFO - Filling up the DagBag from /Users/nitishbhattad/anaconda3/envs/flight-pipeline/lib/python3.11/site-packages/airflow/example_dags/example_setup_teardown_taskflow.py
[2026-06-06T20:27:18.972-0400] {processor.py:840} INFO - DAG(s) 'example_setup_teardown_taskflow' retrieved from /Users/nitishbhattad/anaconda3/envs/flight-pipeline/lib/python3.11/site-packages/airflow/example_dags/example_setup_teardown_taskflow.py
[2026-06-06T20:27:19.041-0400] {logging_mixin.py:188} INFO - [2026-06-06T20:27:19.041-0400] {dag.py:3036} INFO - Sync 1 DAGs
[2026-06-06T20:27:19.047-0400] {logging_mixin.py:188} INFO - [2026-06-06T20:27:19.047-0400] {dag.py:3823} INFO - Setting next_dagrun for example_setup_teardown_taskflow to 2026-06-06 00:00:00+00:00, run_after=2026-06-07 00:00:00+00:00
[2026-06-06T20:27:19.055-0400] {processor.py:183} INFO - Processing /Users/nitishbhattad/anaconda3/envs/flight-pipeline/lib/python3.11/site-packages/airflow/example_dags/example_setup_teardown_taskflow.py took 0.105 seconds
[2026-06-06T20:29:20.425-0400] {processor.py:161} INFO - Started process (PID=64573) to work on /Users/nitishbhattad/anaconda3/envs/flight-pipeline/lib/python3.11/site-packages/airflow/example_dags/example_setup_teardown_taskflow.py
[2026-06-06T20:29:20.426-0400] {processor.py:830} INFO - Processing file /Users/nitishbhattad/anaconda3/envs/flight-pipeline/lib/python3.11/site-packages/airflow/example_dags/example_setup_teardown_taskflow.py for tasks to queue
[2026-06-06T20:29:20.426-0400] {logging_mixin.py:188} INFO - [2026-06-06T20:29:20.426-0400] {dagbag.py:538} INFO - Filling up the DagBag from /Users/nitishbhattad/anaconda3/envs/flight-pipeline/lib/python3.11/site-packages/airflow/example_dags/example_setup_teardown_taskflow.py
[2026-06-06T20:29:20.441-0400] {processor.py:840} INFO - DAG(s) 'example_setup_teardown_taskflow' retrieved from /Users/nitishbhattad/anaconda3/envs/flight-pipeline/lib/python3.11/site-packages/airflow/example_dags/example_setup_teardown_taskflow.py
[2026-06-06T20:29:20.499-0400] {logging_mixin.py:188} INFO - [2026-06-06T20:29:20.499-0400] {dag.py:3036} INFO - Sync 1 DAGs
[2026-06-06T20:29:20.505-0400] {logging_mixin.py:188} INFO - [2026-06-06T20:29:20.505-0400] {dag.py:3823} INFO - Setting next_dagrun for example_setup_teardown_taskflow to 2026-06-06 00:00:00+00:00, run_after=2026-06-07 00:00:00+00:00
[2026-06-06T20:29:20.514-0400] {processor.py:183} INFO - Processing /Users/nitishbhattad/anaconda3/envs/flight-pipeline/lib/python3.11/site-packages/airflow/example_dags/example_setup_teardown_taskflow.py took 0.090 seconds
[2026-06-06T20:31:38.201-0400] {processor.py:161} INFO - Started process (PID=64780) to work on /Users/nitishbhattad/anaconda3/envs/flight-pipeline/lib/python3.11/site-packages/airflow/example_dags/example_setup_teardown_taskflow.py
[2026-06-06T20:31:38.203-0400] {processor.py:830} INFO - Processing file /Users/nitishbhattad/anaconda3/envs/flight-pipeline/lib/python3.11/site-packages/airflow/example_dags/example_setup_teardown_taskflow.py for tasks to queue
[2026-06-06T20:31:38.204-0400] {logging_mixin.py:188} INFO - [2026-06-06T20:31:38.204-0400] {dagbag.py:538} INFO - Filling up the DagBag from /Users/nitishbhattad/anaconda3/envs/flight-pipeline/lib/python3.11/site-packages/airflow/example_dags/example_setup_teardown_taskflow.py
[2026-06-06T20:31:38.222-0400] {processor.py:840} INFO - DAG(s) 'example_setup_teardown_taskflow' retrieved from /Users/nitishbhattad/anaconda3/envs/flight-pipeline/lib/python3.11/site-packages/airflow/example_dags/example_setup_teardown_taskflow.py
[2026-06-06T20:31:38.298-0400] {logging_mixin.py:188} INFO - [2026-06-06T20:31:38.298-0400] {dag.py:3036} INFO - Sync 1 DAGs
[2026-06-06T20:31:38.305-0400] {logging_mixin.py:188} INFO - [2026-06-06T20:31:38.305-0400] {dag.py:3823} INFO - Setting next_dagrun for example_setup_teardown_taskflow to 2026-06-06 00:00:00+00:00, run_after=2026-06-07 00:00:00+00:00
[2026-06-06T20:31:38.313-0400] {processor.py:183} INFO - Processing /Users/nitishbhattad/anaconda3/envs/flight-pipeline/lib/python3.11/site-packages/airflow/example_dags/example_setup_teardown_taskflow.py took 0.113 seconds
[2026-06-06T20:32:50.851-0400] {processor.py:161} INFO - Started process (PID=64886) to work on /Users/nitishbhattad/anaconda3/envs/flight-pipeline/lib/python3.11/site-packages/airflow/example_dags/example_setup_teardown_taskflow.py
[2026-06-06T20:32:50.851-0400] {processor.py:830} INFO - Processing file /Users/nitishbhattad/anaconda3/envs/flight-pipeline/lib/python3.11/site-packages/airflow/example_dags/example_setup_teardown_taskflow.py for tasks to queue
[2026-06-06T20:32:50.852-0400] {logging_mixin.py:188} INFO - [2026-06-06T20:32:50.852-0400] {dagbag.py:538} INFO - Filling up the DagBag from /Users/nitishbhattad/anaconda3/envs/flight-pipeline/lib/python3.11/site-packages/airflow/example_dags/example_setup_teardown_taskflow.py
[2026-06-06T20:32:50.867-0400] {processor.py:840} INFO - DAG(s) 'example_setup_teardown_taskflow' retrieved from /Users/nitishbhattad/anaconda3/envs/flight-pipeline/lib/python3.11/site-packages/airflow/example_dags/example_setup_teardown_taskflow.py
[2026-06-06T20:32:50.922-0400] {logging_mixin.py:188} INFO - [2026-06-06T20:32:50.922-0400] {dag.py:3036} INFO - Sync 1 DAGs
[2026-06-06T20:32:50.928-0400] {logging_mixin.py:188} INFO - [2026-06-06T20:32:50.928-0400] {dag.py:3823} INFO - Setting next_dagrun for example_setup_teardown_taskflow to 2026-06-06 00:00:00+00:00, run_after=2026-06-07 00:00:00+00:00
[2026-06-06T20:32:50.935-0400] {processor.py:183} INFO - Processing /Users/nitishbhattad/anaconda3/envs/flight-pipeline/lib/python3.11/site-packages/airflow/example_dags/example_setup_teardown_taskflow.py took 0.086 seconds
[2026-06-06T20:34:51.289-0400] {processor.py:161} INFO - Started process (PID=65065) to work on /Users/nitishbhattad/anaconda3/envs/flight-pipeline/lib/python3.11/site-packages/airflow/example_dags/example_setup_teardown_taskflow.py
[2026-06-06T20:34:51.291-0400] {processor.py:830} INFO - Processing file /Users/nitishbhattad/anaconda3/envs/flight-pipeline/lib/python3.11/site-packages/airflow/example_dags/example_setup_teardown_taskflow.py for tasks to queue
[2026-06-06T20:34:51.291-0400] {logging_mixin.py:188} INFO - [2026-06-06T20:34:51.291-0400] {dagbag.py:538} INFO - Filling up the DagBag from /Users/nitishbhattad/anaconda3/envs/flight-pipeline/lib/python3.11/site-packages/airflow/example_dags/example_setup_teardown_taskflow.py
[2026-06-06T20:34:51.305-0400] {processor.py:840} INFO - DAG(s) 'example_setup_teardown_taskflow' retrieved from /Users/nitishbhattad/anaconda3/envs/flight-pipeline/lib/python3.11/site-packages/airflow/example_dags/example_setup_teardown_taskflow.py
[2026-06-06T20:34:51.364-0400] {logging_mixin.py:188} INFO - [2026-06-06T20:34:51.364-0400] {dag.py:3036} INFO - Sync 1 DAGs
[2026-06-06T20:34:51.371-0400] {logging_mixin.py:188} INFO - [2026-06-06T20:34:51.371-0400] {dag.py:3823} INFO - Setting next_dagrun for example_setup_teardown_taskflow to 2026-06-06 00:00:00+00:00, run_after=2026-06-07 00:00:00+00:00
[2026-06-06T20:34:51.378-0400] {processor.py:183} INFO - Processing /Users/nitishbhattad/anaconda3/envs/flight-pipeline/lib/python3.11/site-packages/airflow/example_dags/example_setup_teardown_taskflow.py took 0.090 seconds
[2026-06-06T20:36:56.512-0400] {processor.py:161} INFO - Started process (PID=65252) to work on /Users/nitishbhattad/anaconda3/envs/flight-pipeline/lib/python3.11/site-packages/airflow/example_dags/example_setup_teardown_taskflow.py
[2026-06-06T20:36:56.513-0400] {processor.py:830} INFO - Processing file /Users/nitishbhattad/anaconda3/envs/flight-pipeline/lib/python3.11/site-packages/airflow/example_dags/example_setup_teardown_taskflow.py for tasks to queue
[2026-06-06T20:36:56.513-0400] {logging_mixin.py:188} INFO - [2026-06-06T20:36:56.513-0400] {dagbag.py:538} INFO - Filling up the DagBag from /Users/nitishbhattad/anaconda3/envs/flight-pipeline/lib/python3.11/site-packages/airflow/example_dags/example_setup_teardown_taskflow.py
[2026-06-06T20:36:56.529-0400] {processor.py:840} INFO - DAG(s) 'example_setup_teardown_taskflow' retrieved from /Users/nitishbhattad/anaconda3/envs/flight-pipeline/lib/python3.11/site-packages/airflow/example_dags/example_setup_teardown_taskflow.py
[2026-06-06T20:36:56.593-0400] {logging_mixin.py:188} INFO - [2026-06-06T20:36:56.593-0400] {dag.py:3036} INFO - Sync 1 DAGs
[2026-06-06T20:36:56.599-0400] {logging_mixin.py:188} INFO - [2026-06-06T20:36:56.599-0400] {dag.py:3823} INFO - Setting next_dagrun for example_setup_teardown_taskflow to 2026-06-06 00:00:00+00:00, run_after=2026-06-07 00:00:00+00:00
[2026-06-06T20:36:56.606-0400] {processor.py:183} INFO - Processing /Users/nitishbhattad/anaconda3/envs/flight-pipeline/lib/python3.11/site-packages/airflow/example_dags/example_setup_teardown_taskflow.py took 0.094 seconds
[2026-06-06T20:39:04.121-0400] {processor.py:161} INFO - Started process (PID=65447) to work on /Users/nitishbhattad/anaconda3/envs/flight-pipeline/lib/python3.11/site-packages/airflow/example_dags/example_setup_teardown_taskflow.py
[2026-06-06T20:39:04.122-0400] {processor.py:830} INFO - Processing file /Users/nitishbhattad/anaconda3/envs/flight-pipeline/lib/python3.11/site-packages/airflow/example_dags/example_setup_teardown_taskflow.py for tasks to queue
[2026-06-06T20:39:04.122-0400] {logging_mixin.py:188} INFO - [2026-06-06T20:39:04.122-0400] {dagbag.py:538} INFO - Filling up the DagBag from /Users/nitishbhattad/anaconda3/envs/flight-pipeline/lib/python3.11/site-packages/airflow/example_dags/example_setup_teardown_taskflow.py
[2026-06-06T20:39:04.141-0400] {processor.py:840} INFO - DAG(s) 'example_setup_teardown_taskflow' retrieved from /Users/nitishbhattad/anaconda3/envs/flight-pipeline/lib/python3.11/site-packages/airflow/example_dags/example_setup_teardown_taskflow.py
[2026-06-06T20:39:04.203-0400] {logging_mixin.py:188} INFO - [2026-06-06T20:39:04.203-0400] {dag.py:3036} INFO - Sync 1 DAGs
[2026-06-06T20:39:04.210-0400] {logging_mixin.py:188} INFO - [2026-06-06T20:39:04.210-0400] {dag.py:3823} INFO - Setting next_dagrun for example_setup_teardown_taskflow to 2026-06-06 00:00:00+00:00, run_after=2026-06-07 00:00:00+00:00
[2026-06-06T20:39:04.218-0400] {processor.py:183} INFO - Processing /Users/nitishbhattad/anaconda3/envs/flight-pipeline/lib/python3.11/site-packages/airflow/example_dags/example_setup_teardown_taskflow.py took 0.098 seconds
[2026-06-06T20:41:11.864-0400] {processor.py:161} INFO - Started process (PID=65702) to work on /Users/nitishbhattad/anaconda3/envs/flight-pipeline/lib/python3.11/site-packages/airflow/example_dags/example_setup_teardown_taskflow.py
[2026-06-06T20:41:11.865-0400] {processor.py:830} INFO - Processing file /Users/nitishbhattad/anaconda3/envs/flight-pipeline/lib/python3.11/site-packages/airflow/example_dags/example_setup_teardown_taskflow.py for tasks to queue
[2026-06-06T20:41:11.865-0400] {logging_mixin.py:188} INFO - [2026-06-06T20:41:11.865-0400] {dagbag.py:538} INFO - Filling up the DagBag from /Users/nitishbhattad/anaconda3/envs/flight-pipeline/lib/python3.11/site-packages/airflow/example_dags/example_setup_teardown_taskflow.py
[2026-06-06T20:41:11.889-0400] {processor.py:840} INFO - DAG(s) 'example_setup_teardown_taskflow' retrieved from /Users/nitishbhattad/anaconda3/envs/flight-pipeline/lib/python3.11/site-packages/airflow/example_dags/example_setup_teardown_taskflow.py
[2026-06-06T20:41:11.966-0400] {logging_mixin.py:188} INFO - [2026-06-06T20:41:11.966-0400] {dag.py:3036} INFO - Sync 1 DAGs
[2026-06-06T20:41:11.974-0400] {logging_mixin.py:188} INFO - [2026-06-06T20:41:11.974-0400] {dag.py:3823} INFO - Setting next_dagrun for example_setup_teardown_taskflow to 2026-06-06 00:00:00+00:00, run_after=2026-06-07 00:00:00+00:00
[2026-06-06T20:41:11.986-0400] {processor.py:183} INFO - Processing /Users/nitishbhattad/anaconda3/envs/flight-pipeline/lib/python3.11/site-packages/airflow/example_dags/example_setup_teardown_taskflow.py took 0.123 seconds
[2026-06-06T20:43:10.541-0400] {processor.py:161} INFO - Started process (PID=65875) to work on /Users/nitishbhattad/anaconda3/envs/flight-pipeline/lib/python3.11/site-packages/airflow/example_dags/example_setup_teardown_taskflow.py
[2026-06-06T20:43:10.542-0400] {processor.py:830} INFO - Processing file /Users/nitishbhattad/anaconda3/envs/flight-pipeline/lib/python3.11/site-packages/airflow/example_dags/example_setup_teardown_taskflow.py for tasks to queue
[2026-06-06T20:43:10.542-0400] {logging_mixin.py:188} INFO - [2026-06-06T20:43:10.542-0400] {dagbag.py:538} INFO - Filling up the DagBag from /Users/nitishbhattad/anaconda3/envs/flight-pipeline/lib/python3.11/site-packages/airflow/example_dags/example_setup_teardown_taskflow.py
[2026-06-06T20:43:10.555-0400] {processor.py:840} INFO - DAG(s) 'example_setup_teardown_taskflow' retrieved from /Users/nitishbhattad/anaconda3/envs/flight-pipeline/lib/python3.11/site-packages/airflow/example_dags/example_setup_teardown_taskflow.py
[2026-06-06T20:43:10.611-0400] {logging_mixin.py:188} INFO - [2026-06-06T20:43:10.611-0400] {dag.py:3036} INFO - Sync 1 DAGs
[2026-06-06T20:43:10.616-0400] {logging_mixin.py:188} INFO - [2026-06-06T20:43:10.616-0400] {dag.py:3823} INFO - Setting next_dagrun for example_setup_teardown_taskflow to 2026-06-06 00:00:00+00:00, run_after=2026-06-07 00:00:00+00:00
[2026-06-06T20:43:10.624-0400] {processor.py:183} INFO - Processing /Users/nitishbhattad/anaconda3/envs/flight-pipeline/lib/python3.11/site-packages/airflow/example_dags/example_setup_teardown_taskflow.py took 0.084 seconds
[2026-06-06T20:45:17.710-0400] {processor.py:161} INFO - Started process (PID=66070) to work on /Users/nitishbhattad/anaconda3/envs/flight-pipeline/lib/python3.11/site-packages/airflow/example_dags/example_setup_teardown_taskflow.py
[2026-06-06T20:45:17.711-0400] {processor.py:830} INFO - Processing file /Users/nitishbhattad/anaconda3/envs/flight-pipeline/lib/python3.11/site-packages/airflow/example_dags/example_setup_teardown_taskflow.py for tasks to queue
[2026-06-06T20:45:17.711-0400] {logging_mixin.py:188} INFO - [2026-06-06T20:45:17.711-0400] {dagbag.py:538} INFO - Filling up the DagBag from /Users/nitishbhattad/anaconda3/envs/flight-pipeline/lib/python3.11/site-packages/airflow/example_dags/example_setup_teardown_taskflow.py
[2026-06-06T20:45:17.729-0400] {processor.py:840} INFO - DAG(s) 'example_setup_teardown_taskflow' retrieved from /Users/nitishbhattad/anaconda3/envs/flight-pipeline/lib/python3.11/site-packages/airflow/example_dags/example_setup_teardown_taskflow.py
[2026-06-06T20:45:17.806-0400] {logging_mixin.py:188} INFO - [2026-06-06T20:45:17.806-0400] {dag.py:3036} INFO - Sync 1 DAGs
[2026-06-06T20:45:17.811-0400] {logging_mixin.py:188} INFO - [2026-06-06T20:45:17.811-0400] {dag.py:3823} INFO - Setting next_dagrun for example_setup_teardown_taskflow to 2026-06-06 00:00:00+00:00, run_after=2026-06-07 00:00:00+00:00
[2026-06-06T20:45:17.820-0400] {processor.py:183} INFO - Processing /Users/nitishbhattad/anaconda3/envs/flight-pipeline/lib/python3.11/site-packages/airflow/example_dags/example_setup_teardown_taskflow.py took 0.112 seconds
[2026-06-06T20:47:23.038-0400] {processor.py:161} INFO - Started process (PID=66267) to work on /Users/nitishbhattad/anaconda3/envs/flight-pipeline/lib/python3.11/site-packages/airflow/example_dags/example_setup_teardown_taskflow.py
[2026-06-06T20:47:23.039-0400] {processor.py:830} INFO - Processing file /Users/nitishbhattad/anaconda3/envs/flight-pipeline/lib/python3.11/site-packages/airflow/example_dags/example_setup_teardown_taskflow.py for tasks to queue
[2026-06-06T20:47:23.039-0400] {logging_mixin.py:188} INFO - [2026-06-06T20:47:23.039-0400] {dagbag.py:538} INFO - Filling up the DagBag from /Users/nitishbhattad/anaconda3/envs/flight-pipeline/lib/python3.11/site-packages/airflow/example_dags/example_setup_teardown_taskflow.py
[2026-06-06T20:47:23.054-0400] {processor.py:840} INFO - DAG(s) 'example_setup_teardown_taskflow' retrieved from /Users/nitishbhattad/anaconda3/envs/flight-pipeline/lib/python3.11/site-packages/airflow/example_dags/example_setup_teardown_taskflow.py
[2026-06-06T20:47:23.115-0400] {logging_mixin.py:188} INFO - [2026-06-06T20:47:23.115-0400] {dag.py:3036} INFO - Sync 1 DAGs
[2026-06-06T20:47:23.121-0400] {logging_mixin.py:188} INFO - [2026-06-06T20:47:23.121-0400] {dag.py:3823} INFO - Setting next_dagrun for example_setup_teardown_taskflow to 2026-06-06 00:00:00+00:00, run_after=2026-06-07 00:00:00+00:00
[2026-06-06T20:47:23.129-0400] {processor.py:183} INFO - Processing /Users/nitishbhattad/anaconda3/envs/flight-pipeline/lib/python3.11/site-packages/airflow/example_dags/example_setup_teardown_taskflow.py took 0.092 seconds
[2026-06-06T20:49:21.514-0400] {processor.py:161} INFO - Started process (PID=66463) to work on /Users/nitishbhattad/anaconda3/envs/flight-pipeline/lib/python3.11/site-packages/airflow/example_dags/example_setup_teardown_taskflow.py
[2026-06-06T20:49:21.624-0400] {processor.py:830} INFO - Processing file /Users/nitishbhattad/anaconda3/envs/flight-pipeline/lib/python3.11/site-packages/airflow/example_dags/example_setup_teardown_taskflow.py for tasks to queue
[2026-06-06T20:49:21.624-0400] {logging_mixin.py:188} INFO - [2026-06-06T20:49:21.624-0400] {dagbag.py:538} INFO - Filling up the DagBag from /Users/nitishbhattad/anaconda3/envs/flight-pipeline/lib/python3.11/site-packages/airflow/example_dags/example_setup_teardown_taskflow.py
[2026-06-06T20:49:21.644-0400] {processor.py:840} INFO - DAG(s) 'example_setup_teardown_taskflow' retrieved from /Users/nitishbhattad/anaconda3/envs/flight-pipeline/lib/python3.11/site-packages/airflow/example_dags/example_setup_teardown_taskflow.py
[2026-06-06T20:49:21.708-0400] {logging_mixin.py:188} INFO - [2026-06-06T20:49:21.708-0400] {dag.py:3036} INFO - Sync 1 DAGs
[2026-06-06T20:49:21.714-0400] {logging_mixin.py:188} INFO - [2026-06-06T20:49:21.714-0400] {dag.py:3823} INFO - Setting next_dagrun for example_setup_teardown_taskflow to 2026-06-06 00:00:00+00:00, run_after=2026-06-07 00:00:00+00:00
[2026-06-06T20:49:21.722-0400] {processor.py:183} INFO - Processing /Users/nitishbhattad/anaconda3/envs/flight-pipeline/lib/python3.11/site-packages/airflow/example_dags/example_setup_teardown_taskflow.py took 0.209 seconds
