[2026-06-06T20:18:48.063-0400] {processor.py:161} INFO - Started process (PID=63555) to work on /Users/nitishbhattad/anaconda3/envs/flight-pipeline/lib/python3.11/site-packages/airflow/example_dags/example_time_delta_sensor_async.py
[2026-06-06T20:18:48.064-0400] {processor.py:830} INFO - Processing file /Users/nitishbhattad/anaconda3/envs/flight-pipeline/lib/python3.11/site-packages/airflow/example_dags/example_time_delta_sensor_async.py for tasks to queue
[2026-06-06T20:18:48.064-0400] {logging_mixin.py:188} INFO - [2026-06-06T20:18:48.064-0400] {dagbag.py:538} INFO - Filling up the DagBag from /Users/nitishbhattad/anaconda3/envs/flight-pipeline/lib/python3.11/site-packages/airflow/example_dags/example_time_delta_sensor_async.py
[2026-06-06T20:18:48.069-0400] {processor.py:840} INFO - DAG(s) 'example_time_delta_sensor_async' retrieved from /Users/nitishbhattad/anaconda3/envs/flight-pipeline/lib/python3.11/site-packages/airflow/example_dags/example_time_delta_sensor_async.py
[2026-06-06T20:18:48.191-0400] {logging_mixin.py:188} INFO - [2026-06-06T20:18:48.191-0400] {override.py:1769} INFO - Created Permission View: can delete on DAG:example_time_delta_sensor_async
[2026-06-06T20:18:48.194-0400] {logging_mixin.py:188} INFO - [2026-06-06T20:18:48.194-0400] {override.py:1769} INFO - Created Permission View: can edit on DAG:example_time_delta_sensor_async
[2026-06-06T20:18:48.197-0400] {logging_mixin.py:188} INFO - [2026-06-06T20:18:48.196-0400] {override.py:1769} INFO - Created Permission View: can read on DAG:example_time_delta_sensor_async
[2026-06-06T20:18:48.197-0400] {logging_mixin.py:188} INFO - [2026-06-06T20:18:48.197-0400] {dag.py:3036} INFO - Sync 1 DAGs
[2026-06-06T20:18:48.200-0400] {logging_mixin.py:188} INFO - [2026-06-06T20:18:48.200-0400] {dag.py:3058} INFO - Creating ORM DAG for example_time_delta_sensor_async
[2026-06-06T20:18:48.200-0400] {logging_mixin.py:188} INFO - [2026-06-06T20:18:48.200-0400] {dag.py:3823} INFO - Setting next_dagrun for example_time_delta_sensor_async to None, run_after=None
[2026-06-06T20:18:48.207-0400] {processor.py:183} INFO - Processing /Users/nitishbhattad/anaconda3/envs/flight-pipeline/lib/python3.11/site-packages/airflow/example_dags/example_time_delta_sensor_async.py took 0.144 seconds
[2026-06-06T20:20:19.218-0400] {processor.py:161} INFO - Started process (PID=63694) to work on /Users/nitishbhattad/anaconda3/envs/flight-pipeline/lib/python3.11/site-packages/airflow/example_dags/example_time_delta_sensor_async.py
[2026-06-06T20:20:19.219-0400] {processor.py:830} INFO - Processing file /Users/nitishbhattad/anaconda3/envs/flight-pipeline/lib/python3.11/site-packages/airflow/example_dags/example_time_delta_sensor_async.py for tasks to queue
[2026-06-06T20:20:19.220-0400] {logging_mixin.py:188} INFO - [2026-06-06T20:20:19.220-0400] {dagbag.py:538} INFO - Filling up the DagBag from /Users/nitishbhattad/anaconda3/envs/flight-pipeline/lib/python3.11/site-packages/airflow/example_dags/example_time_delta_sensor_async.py
[2026-06-06T20:20:19.224-0400] {processor.py:840} INFO - DAG(s) 'example_time_delta_sensor_async' retrieved from /Users/nitishbhattad/anaconda3/envs/flight-pipeline/lib/python3.11/site-packages/airflow/example_dags/example_time_delta_sensor_async.py
[2026-06-06T20:20:19.306-0400] {logging_mixin.py:188} INFO - [2026-06-06T20:20:19.306-0400] {dag.py:3036} INFO - Sync 1 DAGs
[2026-06-06T20:20:19.310-0400] {logging_mixin.py:188} INFO - [2026-06-06T20:20:19.310-0400] {dag.py:3823} INFO - Setting next_dagrun for example_time_delta_sensor_async to None, run_after=None
[2026-06-06T20:20:19.318-0400] {processor.py:183} INFO - Processing /Users/nitishbhattad/anaconda3/envs/flight-pipeline/lib/python3.11/site-packages/airflow/example_dags/example_time_delta_sensor_async.py took 0.101 seconds
[2026-06-06T20:21:24.011-0400] {processor.py:161} INFO - Started process (PID=63786) to work on /Users/nitishbhattad/anaconda3/envs/flight-pipeline/lib/python3.11/site-packages/airflow/example_dags/example_time_delta_sensor_async.py
[2026-06-06T20:21:24.012-0400] {processor.py:830} INFO - Processing file /Users/nitishbhattad/anaconda3/envs/flight-pipeline/lib/python3.11/site-packages/airflow/example_dags/example_time_delta_sensor_async.py for tasks to queue
[2026-06-06T20:21:24.012-0400] {logging_mixin.py:188} INFO - [2026-06-06T20:21:24.012-0400] {dagbag.py:538} INFO - Filling up the DagBag from /Users/nitishbhattad/anaconda3/envs/flight-pipeline/lib/python3.11/site-packages/airflow/example_dags/example_time_delta_sensor_async.py
[2026-06-06T20:21:24.016-0400] {processor.py:840} INFO - DAG(s) 'example_time_delta_sensor_async' retrieved from /Users/nitishbhattad/anaconda3/envs/flight-pipeline/lib/python3.11/site-packages/airflow/example_dags/example_time_delta_sensor_async.py
[2026-06-06T20:21:24.082-0400] {logging_mixin.py:188} INFO - [2026-06-06T20:21:24.082-0400] {dag.py:3036} INFO - Sync 1 DAGs
[2026-06-06T20:21:24.085-0400] {logging_mixin.py:188} INFO - [2026-06-06T20:21:24.085-0400] {dag.py:3823} INFO - Setting next_dagrun for example_time_delta_sensor_async to None, run_after=None
[2026-06-06T20:21:24.093-0400] {processor.py:183} INFO - Processing /Users/nitishbhattad/anaconda3/envs/flight-pipeline/lib/python3.11/site-packages/airflow/example_dags/example_time_delta_sensor_async.py took 0.083 seconds
[2026-06-06T20:23:33.650-0400] {processor.py:161} INFO - Started process (PID=64016) to work on /Users/nitishbhattad/anaconda3/envs/flight-pipeline/lib/python3.11/site-packages/airflow/example_dags/example_time_delta_sensor_async.py
[2026-06-06T20:23:33.651-0400] {processor.py:830} INFO - Processing file /Users/nitishbhattad/anaconda3/envs/flight-pipeline/lib/python3.11/site-packages/airflow/example_dags/example_time_delta_sensor_async.py for tasks to queue
[2026-06-06T20:23:33.651-0400] {logging_mixin.py:188} INFO - [2026-06-06T20:23:33.651-0400] {dagbag.py:538} INFO - Filling up the DagBag from /Users/nitishbhattad/anaconda3/envs/flight-pipeline/lib/python3.11/site-packages/airflow/example_dags/example_time_delta_sensor_async.py
[2026-06-06T20:23:33.655-0400] {processor.py:840} INFO - DAG(s) 'example_time_delta_sensor_async' retrieved from /Users/nitishbhattad/anaconda3/envs/flight-pipeline/lib/python3.11/site-packages/airflow/example_dags/example_time_delta_sensor_async.py
[2026-06-06T20:23:33.715-0400] {logging_mixin.py:188} INFO - [2026-06-06T20:23:33.715-0400] {dag.py:3036} INFO - Sync 1 DAGs
[2026-06-06T20:23:33.719-0400] {logging_mixin.py:188} INFO - [2026-06-06T20:23:33.719-0400] {dag.py:3823} INFO - Setting next_dagrun for example_time_delta_sensor_async to None, run_after=None
[2026-06-06T20:23:33.726-0400] {processor.py:183} INFO - Processing /Users/nitishbhattad/anaconda3/envs/flight-pipeline/lib/python3.11/site-packages/airflow/example_dags/example_time_delta_sensor_async.py took 0.077 seconds
[2026-06-06T20:24:48.717-0400] {processor.py:161} INFO - Started process (PID=64144) to work on /Users/nitishbhattad/anaconda3/envs/flight-pipeline/lib/python3.11/site-packages/airflow/example_dags/example_time_delta_sensor_async.py
[2026-06-06T20:24:48.718-0400] {processor.py:830} INFO - Processing file /Users/nitishbhattad/anaconda3/envs/flight-pipeline/lib/python3.11/site-packages/airflow/example_dags/example_time_delta_sensor_async.py for tasks to queue
[2026-06-06T20:24:48.718-0400] {logging_mixin.py:188} INFO - [2026-06-06T20:24:48.718-0400] {dagbag.py:538} INFO - Filling up the DagBag from /Users/nitishbhattad/anaconda3/envs/flight-pipeline/lib/python3.11/site-packages/airflow/example_dags/example_time_delta_sensor_async.py
[2026-06-06T20:24:48.722-0400] {processor.py:840} INFO - DAG(s) 'example_time_delta_sensor_async' retrieved from /Users/nitishbhattad/anaconda3/envs/flight-pipeline/lib/python3.11/site-packages/airflow/example_dags/example_time_delta_sensor_async.py
[2026-06-06T20:24:48.825-0400] {logging_mixin.py:188} INFO - [2026-06-06T20:24:48.825-0400] {dag.py:3036} INFO - Sync 1 DAGs
[2026-06-06T20:24:48.830-0400] {logging_mixin.py:188} INFO - [2026-06-06T20:24:48.830-0400] {dag.py:3823} INFO - Setting next_dagrun for example_time_delta_sensor_async to None, run_after=None
[2026-06-06T20:24:48.840-0400] {processor.py:183} INFO - Processing /Users/nitishbhattad/anaconda3/envs/flight-pipeline/lib/python3.11/site-packages/airflow/example_dags/example_time_delta_sensor_async.py took 0.124 seconds
[2026-06-06T20:25:56.853-0400] {processor.py:161} INFO - Started process (PID=64248) to work on /Users/nitishbhattad/anaconda3/envs/flight-pipeline/lib/python3.11/site-packages/airflow/example_dags/example_time_delta_sensor_async.py
[2026-06-06T20:25:56.856-0400] {processor.py:830} INFO - Processing file /Users/nitishbhattad/anaconda3/envs/flight-pipeline/lib/python3.11/site-packages/airflow/example_dags/example_time_delta_sensor_async.py for tasks to queue
[2026-06-06T20:25:56.856-0400] {logging_mixin.py:188} INFO - [2026-06-06T20:25:56.856-0400] {dagbag.py:538} INFO - Filling up the DagBag from /Users/nitishbhattad/anaconda3/envs/flight-pipeline/lib/python3.11/site-packages/airflow/example_dags/example_time_delta_sensor_async.py
[2026-06-06T20:25:56.862-0400] {processor.py:840} INFO - DAG(s) 'example_time_delta_sensor_async' retrieved from /Users/nitishbhattad/anaconda3/envs/flight-pipeline/lib/python3.11/site-packages/airflow/example_dags/example_time_delta_sensor_async.py
[2026-06-06T20:25:56.974-0400] {logging_mixin.py:188} INFO - [2026-06-06T20:25:56.974-0400] {dag.py:3036} INFO - Sync 1 DAGs
[2026-06-06T20:25:56.983-0400] {logging_mixin.py:188} INFO - [2026-06-06T20:25:56.982-0400] {dag.py:3823} INFO - Setting next_dagrun for example_time_delta_sensor_async to None, run_after=None
[2026-06-06T20:25:56.997-0400] {processor.py:183} INFO - Processing /Users/nitishbhattad/anaconda3/envs/flight-pipeline/lib/python3.11/site-packages/airflow/example_dags/example_time_delta_sensor_async.py took 0.149 seconds
[2026-06-06T20:27:03.937-0400] {processor.py:161} INFO - Started process (PID=64370) to work on /Users/nitishbhattad/anaconda3/envs/flight-pipeline/lib/python3.11/site-packages/airflow/example_dags/example_time_delta_sensor_async.py
[2026-06-06T20:27:03.939-0400] {processor.py:830} INFO - Processing file /Users/nitishbhattad/anaconda3/envs/flight-pipeline/lib/python3.11/site-packages/airflow/example_dags/example_time_delta_sensor_async.py for tasks to queue
[2026-06-06T20:27:03.939-0400] {logging_mixin.py:188} INFO - [2026-06-06T20:27:03.939-0400] {dagbag.py:538} INFO - Filling up the DagBag from /Users/nitishbhattad/anaconda3/envs/flight-pipeline/lib/python3.11/site-packages/airflow/example_dags/example_time_delta_sensor_async.py
[2026-06-06T20:27:03.943-0400] {processor.py:840} INFO - DAG(s) 'example_time_delta_sensor_async' retrieved from /Users/nitishbhattad/anaconda3/envs/flight-pipeline/lib/python3.11/site-packages/airflow/example_dags/example_time_delta_sensor_async.py
[2026-06-06T20:27:04.108-0400] {logging_mixin.py:188} INFO - [2026-06-06T20:27:04.107-0400] {dag.py:3036} INFO - Sync 1 DAGs
[2026-06-06T20:27:04.112-0400] {logging_mixin.py:188} INFO - [2026-06-06T20:27:04.112-0400] {dag.py:3823} INFO - Setting next_dagrun for example_time_delta_sensor_async to None, run_after=None
[2026-06-06T20:27:04.122-0400] {processor.py:183} INFO - Processing /Users/nitishbhattad/anaconda3/envs/flight-pipeline/lib/python3.11/site-packages/airflow/example_dags/example_time_delta_sensor_async.py took 0.187 seconds
[2026-06-06T20:28:10.554-0400] {processor.py:161} INFO - Started process (PID=64468) to work on /Users/nitishbhattad/anaconda3/envs/flight-pipeline/lib/python3.11/site-packages/airflow/example_dags/example_time_delta_sensor_async.py
[2026-06-06T20:28:10.555-0400] {processor.py:830} INFO - Processing file /Users/nitishbhattad/anaconda3/envs/flight-pipeline/lib/python3.11/site-packages/airflow/example_dags/example_time_delta_sensor_async.py for tasks to queue
[2026-06-06T20:28:10.555-0400] {logging_mixin.py:188} INFO - [2026-06-06T20:28:10.555-0400] {dagbag.py:538} INFO - Filling up the DagBag from /Users/nitishbhattad/anaconda3/envs/flight-pipeline/lib/python3.11/site-packages/airflow/example_dags/example_time_delta_sensor_async.py
[2026-06-06T20:28:10.559-0400] {processor.py:840} INFO - DAG(s) 'example_time_delta_sensor_async' retrieved from /Users/nitishbhattad/anaconda3/envs/flight-pipeline/lib/python3.11/site-packages/airflow/example_dags/example_time_delta_sensor_async.py
[2026-06-06T20:28:10.621-0400] {logging_mixin.py:188} INFO - [2026-06-06T20:28:10.621-0400] {dag.py:3036} INFO - Sync 1 DAGs
[2026-06-06T20:28:10.625-0400] {logging_mixin.py:188} INFO - [2026-06-06T20:28:10.624-0400] {dag.py:3823} INFO - Setting next_dagrun for example_time_delta_sensor_async to None, run_after=None
[2026-06-06T20:28:10.633-0400] {processor.py:183} INFO - Processing /Users/nitishbhattad/anaconda3/envs/flight-pipeline/lib/python3.11/site-packages/airflow/example_dags/example_time_delta_sensor_async.py took 0.080 seconds
[2026-06-06T20:29:07.585-0400] {processor.py:161} INFO - Started process (PID=64555) to work on /Users/nitishbhattad/anaconda3/envs/flight-pipeline/lib/python3.11/site-packages/airflow/example_dags/example_time_delta_sensor_async.py
[2026-06-06T20:29:07.587-0400] {processor.py:830} INFO - Processing file /Users/nitishbhattad/anaconda3/envs/flight-pipeline/lib/python3.11/site-packages/airflow/example_dags/example_time_delta_sensor_async.py for tasks to queue
[2026-06-06T20:29:07.587-0400] {logging_mixin.py:188} INFO - [2026-06-06T20:29:07.587-0400] {dagbag.py:538} INFO - Filling up the DagBag from /Users/nitishbhattad/anaconda3/envs/flight-pipeline/lib/python3.11/site-packages/airflow/example_dags/example_time_delta_sensor_async.py
[2026-06-06T20:29:07.591-0400] {processor.py:840} INFO - DAG(s) 'example_time_delta_sensor_async' retrieved from /Users/nitishbhattad/anaconda3/envs/flight-pipeline/lib/python3.11/site-packages/airflow/example_dags/example_time_delta_sensor_async.py
[2026-06-06T20:29:07.660-0400] {logging_mixin.py:188} INFO - [2026-06-06T20:29:07.660-0400] {dag.py:3036} INFO - Sync 1 DAGs
[2026-06-06T20:29:07.663-0400] {logging_mixin.py:188} INFO - [2026-06-06T20:29:07.663-0400] {dag.py:3823} INFO - Setting next_dagrun for example_time_delta_sensor_async to None, run_after=None
[2026-06-06T20:29:07.671-0400] {processor.py:183} INFO - Processing /Users/nitishbhattad/anaconda3/envs/flight-pipeline/lib/python3.11/site-packages/airflow/example_dags/example_time_delta_sensor_async.py took 0.087 seconds
[2026-06-06T20:30:07.024-0400] {processor.py:161} INFO - Started process (PID=64641) to work on /Users/nitishbhattad/anaconda3/envs/flight-pipeline/lib/python3.11/site-packages/airflow/example_dags/example_time_delta_sensor_async.py
[2026-06-06T20:30:07.026-0400] {processor.py:830} INFO - Processing file /Users/nitishbhattad/anaconda3/envs/flight-pipeline/lib/python3.11/site-packages/airflow/example_dags/example_time_delta_sensor_async.py for tasks to queue
[2026-06-06T20:30:07.027-0400] {logging_mixin.py:188} INFO - [2026-06-06T20:30:07.027-0400] {dagbag.py:538} INFO - Filling up the DagBag from /Users/nitishbhattad/anaconda3/envs/flight-pipeline/lib/python3.11/site-packages/airflow/example_dags/example_time_delta_sensor_async.py
[2026-06-06T20:30:07.030-0400] {processor.py:840} INFO - DAG(s) 'example_time_delta_sensor_async' retrieved from /Users/nitishbhattad/anaconda3/envs/flight-pipeline/lib/python3.11/site-packages/airflow/example_dags/example_time_delta_sensor_async.py
[2026-06-06T20:30:07.098-0400] {logging_mixin.py:188} INFO - [2026-06-06T20:30:07.098-0400] {dag.py:3036} INFO - Sync 1 DAGs
[2026-06-06T20:30:07.102-0400] {logging_mixin.py:188} INFO - [2026-06-06T20:30:07.102-0400] {dag.py:3823} INFO - Setting next_dagrun for example_time_delta_sensor_async to None, run_after=None
[2026-06-06T20:30:07.110-0400] {processor.py:183} INFO - Processing /Users/nitishbhattad/anaconda3/envs/flight-pipeline/lib/python3.11/site-packages/airflow/example_dags/example_time_delta_sensor_async.py took 0.088 seconds
[2026-06-06T20:31:20.630-0400] {processor.py:161} INFO - Started process (PID=64758) to work on /Users/nitishbhattad/anaconda3/envs/flight-pipeline/lib/python3.11/site-packages/airflow/example_dags/example_time_delta_sensor_async.py
[2026-06-06T20:31:20.632-0400] {processor.py:830} INFO - Processing file /Users/nitishbhattad/anaconda3/envs/flight-pipeline/lib/python3.11/site-packages/airflow/example_dags/example_time_delta_sensor_async.py for tasks to queue
[2026-06-06T20:31:20.633-0400] {logging_mixin.py:188} INFO - [2026-06-06T20:31:20.633-0400] {dagbag.py:538} INFO - Filling up the DagBag from /Users/nitishbhattad/anaconda3/envs/flight-pipeline/lib/python3.11/site-packages/airflow/example_dags/example_time_delta_sensor_async.py
[2026-06-06T20:31:20.641-0400] {processor.py:840} INFO - DAG(s) 'example_time_delta_sensor_async' retrieved from /Users/nitishbhattad/anaconda3/envs/flight-pipeline/lib/python3.11/site-packages/airflow/example_dags/example_time_delta_sensor_async.py
[2026-06-06T20:31:20.774-0400] {logging_mixin.py:188} INFO - [2026-06-06T20:31:20.774-0400] {dag.py:3036} INFO - Sync 1 DAGs
[2026-06-06T20:31:20.783-0400] {logging_mixin.py:188} INFO - [2026-06-06T20:31:20.782-0400] {dag.py:3823} INFO - Setting next_dagrun for example_time_delta_sensor_async to None, run_after=None
[2026-06-06T20:31:20.797-0400] {processor.py:183} INFO - Processing /Users/nitishbhattad/anaconda3/envs/flight-pipeline/lib/python3.11/site-packages/airflow/example_dags/example_time_delta_sensor_async.py took 0.167 seconds
[2026-06-06T20:32:36.737-0400] {processor.py:161} INFO - Started process (PID=64865) to work on /Users/nitishbhattad/anaconda3/envs/flight-pipeline/lib/python3.11/site-packages/airflow/example_dags/example_time_delta_sensor_async.py
[2026-06-06T20:32:36.738-0400] {processor.py:830} INFO - Processing file /Users/nitishbhattad/anaconda3/envs/flight-pipeline/lib/python3.11/site-packages/airflow/example_dags/example_time_delta_sensor_async.py for tasks to queue
[2026-06-06T20:32:36.738-0400] {logging_mixin.py:188} INFO - [2026-06-06T20:32:36.738-0400] {dagbag.py:538} INFO - Filling up the DagBag from /Users/nitishbhattad/anaconda3/envs/flight-pipeline/lib/python3.11/site-packages/airflow/example_dags/example_time_delta_sensor_async.py
[2026-06-06T20:32:36.742-0400] {processor.py:840} INFO - DAG(s) 'example_time_delta_sensor_async' retrieved from /Users/nitishbhattad/anaconda3/envs/flight-pipeline/lib/python3.11/site-packages/airflow/example_dags/example_time_delta_sensor_async.py
[2026-06-06T20:32:36.816-0400] {logging_mixin.py:188} INFO - [2026-06-06T20:32:36.816-0400] {dag.py:3036} INFO - Sync 1 DAGs
[2026-06-06T20:32:36.820-0400] {logging_mixin.py:188} INFO - [2026-06-06T20:32:36.820-0400] {dag.py:3823} INFO - Setting next_dagrun for example_time_delta_sensor_async to None, run_after=None
[2026-06-06T20:32:36.828-0400] {processor.py:183} INFO - Processing /Users/nitishbhattad/anaconda3/envs/flight-pipeline/lib/python3.11/site-packages/airflow/example_dags/example_time_delta_sensor_async.py took 0.092 seconds
[2026-06-06T20:33:39.899-0400] {processor.py:161} INFO - Started process (PID=64956) to work on /Users/nitishbhattad/anaconda3/envs/flight-pipeline/lib/python3.11/site-packages/airflow/example_dags/example_time_delta_sensor_async.py
[2026-06-06T20:33:39.904-0400] {processor.py:830} INFO - Processing file /Users/nitishbhattad/anaconda3/envs/flight-pipeline/lib/python3.11/site-packages/airflow/example_dags/example_time_delta_sensor_async.py for tasks to queue
[2026-06-06T20:33:39.904-0400] {logging_mixin.py:188} INFO - [2026-06-06T20:33:39.904-0400] {dagbag.py:538} INFO - Filling up the DagBag from /Users/nitishbhattad/anaconda3/envs/flight-pipeline/lib/python3.11/site-packages/airflow/example_dags/example_time_delta_sensor_async.py
[2026-06-06T20:33:39.911-0400] {processor.py:840} INFO - DAG(s) 'example_time_delta_sensor_async' retrieved from /Users/nitishbhattad/anaconda3/envs/flight-pipeline/lib/python3.11/site-packages/airflow/example_dags/example_time_delta_sensor_async.py
[2026-06-06T20:33:39.988-0400] {logging_mixin.py:188} INFO - [2026-06-06T20:33:39.988-0400] {dag.py:3036} INFO - Sync 1 DAGs
[2026-06-06T20:33:39.992-0400] {logging_mixin.py:188} INFO - [2026-06-06T20:33:39.992-0400] {dag.py:3823} INFO - Setting next_dagrun for example_time_delta_sensor_async to None, run_after=None
[2026-06-06T20:33:40.001-0400] {processor.py:183} INFO - Processing /Users/nitishbhattad/anaconda3/envs/flight-pipeline/lib/python3.11/site-packages/airflow/example_dags/example_time_delta_sensor_async.py took 0.103 seconds
[2026-06-06T20:34:40.505-0400] {processor.py:161} INFO - Started process (PID=65046) to work on /Users/nitishbhattad/anaconda3/envs/flight-pipeline/lib/python3.11/site-packages/airflow/example_dags/example_time_delta_sensor_async.py
[2026-06-06T20:34:40.506-0400] {processor.py:830} INFO - Processing file /Users/nitishbhattad/anaconda3/envs/flight-pipeline/lib/python3.11/site-packages/airflow/example_dags/example_time_delta_sensor_async.py for tasks to queue
[2026-06-06T20:34:40.506-0400] {logging_mixin.py:188} INFO - [2026-06-06T20:34:40.506-0400] {dagbag.py:538} INFO - Filling up the DagBag from /Users/nitishbhattad/anaconda3/envs/flight-pipeline/lib/python3.11/site-packages/airflow/example_dags/example_time_delta_sensor_async.py
[2026-06-06T20:34:40.509-0400] {processor.py:840} INFO - DAG(s) 'example_time_delta_sensor_async' retrieved from /Users/nitishbhattad/anaconda3/envs/flight-pipeline/lib/python3.11/site-packages/airflow/example_dags/example_time_delta_sensor_async.py
[2026-06-06T20:34:40.576-0400] {logging_mixin.py:188} INFO - [2026-06-06T20:34:40.576-0400] {dag.py:3036} INFO - Sync 1 DAGs
[2026-06-06T20:34:40.580-0400] {logging_mixin.py:188} INFO - [2026-06-06T20:34:40.580-0400] {dag.py:3823} INFO - Setting next_dagrun for example_time_delta_sensor_async to None, run_after=None
[2026-06-06T20:34:40.588-0400] {processor.py:183} INFO - Processing /Users/nitishbhattad/anaconda3/envs/flight-pipeline/lib/python3.11/site-packages/airflow/example_dags/example_time_delta_sensor_async.py took 0.084 seconds
[2026-06-06T20:35:38.369-0400] {processor.py:161} INFO - Started process (PID=65136) to work on /Users/nitishbhattad/anaconda3/envs/flight-pipeline/lib/python3.11/site-packages/airflow/example_dags/example_time_delta_sensor_async.py
[2026-06-06T20:35:38.370-0400] {processor.py:830} INFO - Processing file /Users/nitishbhattad/anaconda3/envs/flight-pipeline/lib/python3.11/site-packages/airflow/example_dags/example_time_delta_sensor_async.py for tasks to queue
[2026-06-06T20:35:38.370-0400] {logging_mixin.py:188} INFO - [2026-06-06T20:35:38.370-0400] {dagbag.py:538} INFO - Filling up the DagBag from /Users/nitishbhattad/anaconda3/envs/flight-pipeline/lib/python3.11/site-packages/airflow/example_dags/example_time_delta_sensor_async.py
[2026-06-06T20:35:38.374-0400] {processor.py:840} INFO - DAG(s) 'example_time_delta_sensor_async' retrieved from /Users/nitishbhattad/anaconda3/envs/flight-pipeline/lib/python3.11/site-packages/airflow/example_dags/example_time_delta_sensor_async.py
[2026-06-06T20:35:38.435-0400] {logging_mixin.py:188} INFO - [2026-06-06T20:35:38.435-0400] {dag.py:3036} INFO - Sync 1 DAGs
[2026-06-06T20:35:38.439-0400] {logging_mixin.py:188} INFO - [2026-06-06T20:35:38.439-0400] {dag.py:3823} INFO - Setting next_dagrun for example_time_delta_sensor_async to None, run_after=None
[2026-06-06T20:35:38.447-0400] {processor.py:183} INFO - Processing /Users/nitishbhattad/anaconda3/envs/flight-pipeline/lib/python3.11/site-packages/airflow/example_dags/example_time_delta_sensor_async.py took 0.079 seconds
[2026-06-06T20:36:40.473-0400] {processor.py:161} INFO - Started process (PID=65227) to work on /Users/nitishbhattad/anaconda3/envs/flight-pipeline/lib/python3.11/site-packages/airflow/example_dags/example_time_delta_sensor_async.py
[2026-06-06T20:36:40.474-0400] {processor.py:830} INFO - Processing file /Users/nitishbhattad/anaconda3/envs/flight-pipeline/lib/python3.11/site-packages/airflow/example_dags/example_time_delta_sensor_async.py for tasks to queue
[2026-06-06T20:36:40.474-0400] {logging_mixin.py:188} INFO - [2026-06-06T20:36:40.474-0400] {dagbag.py:538} INFO - Filling up the DagBag from /Users/nitishbhattad/anaconda3/envs/flight-pipeline/lib/python3.11/site-packages/airflow/example_dags/example_time_delta_sensor_async.py
[2026-06-06T20:36:40.479-0400] {processor.py:840} INFO - DAG(s) 'example_time_delta_sensor_async' retrieved from /Users/nitishbhattad/anaconda3/envs/flight-pipeline/lib/python3.11/site-packages/airflow/example_dags/example_time_delta_sensor_async.py
[2026-06-06T20:36:40.556-0400] {logging_mixin.py:188} INFO - [2026-06-06T20:36:40.555-0400] {dag.py:3036} INFO - Sync 1 DAGs
[2026-06-06T20:36:40.560-0400] {logging_mixin.py:188} INFO - [2026-06-06T20:36:40.560-0400] {dag.py:3823} INFO - Setting next_dagrun for example_time_delta_sensor_async to None, run_after=None
[2026-06-06T20:36:40.571-0400] {processor.py:183} INFO - Processing /Users/nitishbhattad/anaconda3/envs/flight-pipeline/lib/python3.11/site-packages/airflow/example_dags/example_time_delta_sensor_async.py took 0.099 seconds
[2026-06-06T20:37:46.179-0400] {processor.py:161} INFO - Started process (PID=65330) to work on /Users/nitishbhattad/anaconda3/envs/flight-pipeline/lib/python3.11/site-packages/airflow/example_dags/example_time_delta_sensor_async.py
[2026-06-06T20:37:46.179-0400] {processor.py:830} INFO - Processing file /Users/nitishbhattad/anaconda3/envs/flight-pipeline/lib/python3.11/site-packages/airflow/example_dags/example_time_delta_sensor_async.py for tasks to queue
[2026-06-06T20:37:46.179-0400] {logging_mixin.py:188} INFO - [2026-06-06T20:37:46.179-0400] {dagbag.py:538} INFO - Filling up the DagBag from /Users/nitishbhattad/anaconda3/envs/flight-pipeline/lib/python3.11/site-packages/airflow/example_dags/example_time_delta_sensor_async.py
[2026-06-06T20:37:46.183-0400] {processor.py:840} INFO - DAG(s) 'example_time_delta_sensor_async' retrieved from /Users/nitishbhattad/anaconda3/envs/flight-pipeline/lib/python3.11/site-packages/airflow/example_dags/example_time_delta_sensor_async.py
[2026-06-06T20:37:46.244-0400] {logging_mixin.py:188} INFO - [2026-06-06T20:37:46.244-0400] {dag.py:3036} INFO - Sync 1 DAGs
[2026-06-06T20:37:46.248-0400] {logging_mixin.py:188} INFO - [2026-06-06T20:37:46.248-0400] {dag.py:3823} INFO - Setting next_dagrun for example_time_delta_sensor_async to None, run_after=None
[2026-06-06T20:37:46.255-0400] {processor.py:183} INFO - Processing /Users/nitishbhattad/anaconda3/envs/flight-pipeline/lib/python3.11/site-packages/airflow/example_dags/example_time_delta_sensor_async.py took 0.077 seconds
[2026-06-06T20:38:49.636-0400] {processor.py:161} INFO - Started process (PID=65427) to work on /Users/nitishbhattad/anaconda3/envs/flight-pipeline/lib/python3.11/site-packages/airflow/example_dags/example_time_delta_sensor_async.py
[2026-06-06T20:38:49.637-0400] {processor.py:830} INFO - Processing file /Users/nitishbhattad/anaconda3/envs/flight-pipeline/lib/python3.11/site-packages/airflow/example_dags/example_time_delta_sensor_async.py for tasks to queue
[2026-06-06T20:38:49.637-0400] {logging_mixin.py:188} INFO - [2026-06-06T20:38:49.637-0400] {dagbag.py:538} INFO - Filling up the DagBag from /Users/nitishbhattad/anaconda3/envs/flight-pipeline/lib/python3.11/site-packages/airflow/example_dags/example_time_delta_sensor_async.py
[2026-06-06T20:38:49.642-0400] {processor.py:840} INFO - DAG(s) 'example_time_delta_sensor_async' retrieved from /Users/nitishbhattad/anaconda3/envs/flight-pipeline/lib/python3.11/site-packages/airflow/example_dags/example_time_delta_sensor_async.py
[2026-06-06T20:38:49.718-0400] {logging_mixin.py:188} INFO - [2026-06-06T20:38:49.718-0400] {dag.py:3036} INFO - Sync 1 DAGs
[2026-06-06T20:38:49.721-0400] {logging_mixin.py:188} INFO - [2026-06-06T20:38:49.721-0400] {dag.py:3823} INFO - Setting next_dagrun for example_time_delta_sensor_async to None, run_after=None
[2026-06-06T20:38:49.729-0400] {processor.py:183} INFO - Processing /Users/nitishbhattad/anaconda3/envs/flight-pipeline/lib/python3.11/site-packages/airflow/example_dags/example_time_delta_sensor_async.py took 0.095 seconds
[2026-06-06T20:39:53.392-0400] {processor.py:161} INFO - Started process (PID=65547) to work on /Users/nitishbhattad/anaconda3/envs/flight-pipeline/lib/python3.11/site-packages/airflow/example_dags/example_time_delta_sensor_async.py
[2026-06-06T20:39:53.393-0400] {processor.py:830} INFO - Processing file /Users/nitishbhattad/anaconda3/envs/flight-pipeline/lib/python3.11/site-packages/airflow/example_dags/example_time_delta_sensor_async.py for tasks to queue
[2026-06-06T20:39:53.394-0400] {logging_mixin.py:188} INFO - [2026-06-06T20:39:53.393-0400] {dagbag.py:538} INFO - Filling up the DagBag from /Users/nitishbhattad/anaconda3/envs/flight-pipeline/lib/python3.11/site-packages/airflow/example_dags/example_time_delta_sensor_async.py
[2026-06-06T20:39:53.398-0400] {processor.py:840} INFO - DAG(s) 'example_time_delta_sensor_async' retrieved from /Users/nitishbhattad/anaconda3/envs/flight-pipeline/lib/python3.11/site-packages/airflow/example_dags/example_time_delta_sensor_async.py
[2026-06-06T20:39:53.458-0400] {logging_mixin.py:188} INFO - [2026-06-06T20:39:53.457-0400] {dag.py:3036} INFO - Sync 1 DAGs
[2026-06-06T20:39:53.461-0400] {logging_mixin.py:188} INFO - [2026-06-06T20:39:53.461-0400] {dag.py:3823} INFO - Setting next_dagrun for example_time_delta_sensor_async to None, run_after=None
[2026-06-06T20:39:53.468-0400] {processor.py:183} INFO - Processing /Users/nitishbhattad/anaconda3/envs/flight-pipeline/lib/python3.11/site-packages/airflow/example_dags/example_time_delta_sensor_async.py took 0.078 seconds
[2026-06-06T20:40:57.945-0400] {processor.py:161} INFO - Started process (PID=65683) to work on /Users/nitishbhattad/anaconda3/envs/flight-pipeline/lib/python3.11/site-packages/airflow/example_dags/example_time_delta_sensor_async.py
[2026-06-06T20:40:57.945-0400] {processor.py:830} INFO - Processing file /Users/nitishbhattad/anaconda3/envs/flight-pipeline/lib/python3.11/site-packages/airflow/example_dags/example_time_delta_sensor_async.py for tasks to queue
[2026-06-06T20:40:57.946-0400] {logging_mixin.py:188} INFO - [2026-06-06T20:40:57.946-0400] {dagbag.py:538} INFO - Filling up the DagBag from /Users/nitishbhattad/anaconda3/envs/flight-pipeline/lib/python3.11/site-packages/airflow/example_dags/example_time_delta_sensor_async.py
[2026-06-06T20:40:57.949-0400] {processor.py:840} INFO - DAG(s) 'example_time_delta_sensor_async' retrieved from /Users/nitishbhattad/anaconda3/envs/flight-pipeline/lib/python3.11/site-packages/airflow/example_dags/example_time_delta_sensor_async.py
[2026-06-06T20:40:58.016-0400] {logging_mixin.py:188} INFO - [2026-06-06T20:40:58.015-0400] {dag.py:3036} INFO - Sync 1 DAGs
[2026-06-06T20:40:58.020-0400] {logging_mixin.py:188} INFO - [2026-06-06T20:40:58.020-0400] {dag.py:3823} INFO - Setting next_dagrun for example_time_delta_sensor_async to None, run_after=None
[2026-06-06T20:40:58.028-0400] {processor.py:183} INFO - Processing /Users/nitishbhattad/anaconda3/envs/flight-pipeline/lib/python3.11/site-packages/airflow/example_dags/example_time_delta_sensor_async.py took 0.084 seconds
[2026-06-06T20:42:03.541-0400] {processor.py:161} INFO - Started process (PID=65779) to work on /Users/nitishbhattad/anaconda3/envs/flight-pipeline/lib/python3.11/site-packages/airflow/example_dags/example_time_delta_sensor_async.py
[2026-06-06T20:42:03.542-0400] {processor.py:830} INFO - Processing file /Users/nitishbhattad/anaconda3/envs/flight-pipeline/lib/python3.11/site-packages/airflow/example_dags/example_time_delta_sensor_async.py for tasks to queue
[2026-06-06T20:42:03.542-0400] {logging_mixin.py:188} INFO - [2026-06-06T20:42:03.542-0400] {dagbag.py:538} INFO - Filling up the DagBag from /Users/nitishbhattad/anaconda3/envs/flight-pipeline/lib/python3.11/site-packages/airflow/example_dags/example_time_delta_sensor_async.py
[2026-06-06T20:42:03.546-0400] {processor.py:840} INFO - DAG(s) 'example_time_delta_sensor_async' retrieved from /Users/nitishbhattad/anaconda3/envs/flight-pipeline/lib/python3.11/site-packages/airflow/example_dags/example_time_delta_sensor_async.py
[2026-06-06T20:42:03.617-0400] {logging_mixin.py:188} INFO - [2026-06-06T20:42:03.617-0400] {dag.py:3036} INFO - Sync 1 DAGs
[2026-06-06T20:42:03.621-0400] {logging_mixin.py:188} INFO - [2026-06-06T20:42:03.621-0400] {dag.py:3823} INFO - Setting next_dagrun for example_time_delta_sensor_async to None, run_after=None
[2026-06-06T20:42:03.630-0400] {processor.py:183} INFO - Processing /Users/nitishbhattad/anaconda3/envs/flight-pipeline/lib/python3.11/site-packages/airflow/example_dags/example_time_delta_sensor_async.py took 0.089 seconds
[2026-06-06T20:43:01.616-0400] {processor.py:161} INFO - Started process (PID=65866) to work on /Users/nitishbhattad/anaconda3/envs/flight-pipeline/lib/python3.11/site-packages/airflow/example_dags/example_time_delta_sensor_async.py
[2026-06-06T20:43:01.617-0400] {processor.py:830} INFO - Processing file /Users/nitishbhattad/anaconda3/envs/flight-pipeline/lib/python3.11/site-packages/airflow/example_dags/example_time_delta_sensor_async.py for tasks to queue
[2026-06-06T20:43:01.617-0400] {logging_mixin.py:188} INFO - [2026-06-06T20:43:01.617-0400] {dagbag.py:538} INFO - Filling up the DagBag from /Users/nitishbhattad/anaconda3/envs/flight-pipeline/lib/python3.11/site-packages/airflow/example_dags/example_time_delta_sensor_async.py
[2026-06-06T20:43:01.621-0400] {processor.py:840} INFO - DAG(s) 'example_time_delta_sensor_async' retrieved from /Users/nitishbhattad/anaconda3/envs/flight-pipeline/lib/python3.11/site-packages/airflow/example_dags/example_time_delta_sensor_async.py
[2026-06-06T20:43:01.700-0400] {logging_mixin.py:188} INFO - [2026-06-06T20:43:01.700-0400] {dag.py:3036} INFO - Sync 1 DAGs
[2026-06-06T20:43:01.704-0400] {logging_mixin.py:188} INFO - [2026-06-06T20:43:01.704-0400] {dag.py:3823} INFO - Setting next_dagrun for example_time_delta_sensor_async to None, run_after=None
[2026-06-06T20:43:01.713-0400] {processor.py:183} INFO - Processing /Users/nitishbhattad/anaconda3/envs/flight-pipeline/lib/python3.11/site-packages/airflow/example_dags/example_time_delta_sensor_async.py took 0.097 seconds
[2026-06-06T20:44:03.489-0400] {processor.py:161} INFO - Started process (PID=65955) to work on /Users/nitishbhattad/anaconda3/envs/flight-pipeline/lib/python3.11/site-packages/airflow/example_dags/example_time_delta_sensor_async.py
[2026-06-06T20:44:03.491-0400] {processor.py:830} INFO - Processing file /Users/nitishbhattad/anaconda3/envs/flight-pipeline/lib/python3.11/site-packages/airflow/example_dags/example_time_delta_sensor_async.py for tasks to queue
[2026-06-06T20:44:03.492-0400] {logging_mixin.py:188} INFO - [2026-06-06T20:44:03.491-0400] {dagbag.py:538} INFO - Filling up the DagBag from /Users/nitishbhattad/anaconda3/envs/flight-pipeline/lib/python3.11/site-packages/airflow/example_dags/example_time_delta_sensor_async.py
[2026-06-06T20:44:03.496-0400] {processor.py:840} INFO - DAG(s) 'example_time_delta_sensor_async' retrieved from /Users/nitishbhattad/anaconda3/envs/flight-pipeline/lib/python3.11/site-packages/airflow/example_dags/example_time_delta_sensor_async.py
[2026-06-06T20:44:03.562-0400] {logging_mixin.py:188} INFO - [2026-06-06T20:44:03.562-0400] {dag.py:3036} INFO - Sync 1 DAGs
[2026-06-06T20:44:03.566-0400] {logging_mixin.py:188} INFO - [2026-06-06T20:44:03.566-0400] {dag.py:3823} INFO - Setting next_dagrun for example_time_delta_sensor_async to None, run_after=None
[2026-06-06T20:44:03.574-0400] {processor.py:183} INFO - Processing /Users/nitishbhattad/anaconda3/envs/flight-pipeline/lib/python3.11/site-packages/airflow/example_dags/example_time_delta_sensor_async.py took 0.087 seconds
[2026-06-06T20:45:05.791-0400] {processor.py:161} INFO - Started process (PID=66053) to work on /Users/nitishbhattad/anaconda3/envs/flight-pipeline/lib/python3.11/site-packages/airflow/example_dags/example_time_delta_sensor_async.py
[2026-06-06T20:45:05.792-0400] {processor.py:830} INFO - Processing file /Users/nitishbhattad/anaconda3/envs/flight-pipeline/lib/python3.11/site-packages/airflow/example_dags/example_time_delta_sensor_async.py for tasks to queue
[2026-06-06T20:45:05.792-0400] {logging_mixin.py:188} INFO - [2026-06-06T20:45:05.792-0400] {dagbag.py:538} INFO - Filling up the DagBag from /Users/nitishbhattad/anaconda3/envs/flight-pipeline/lib/python3.11/site-packages/airflow/example_dags/example_time_delta_sensor_async.py
[2026-06-06T20:45:05.796-0400] {processor.py:840} INFO - DAG(s) 'example_time_delta_sensor_async' retrieved from /Users/nitishbhattad/anaconda3/envs/flight-pipeline/lib/python3.11/site-packages/airflow/example_dags/example_time_delta_sensor_async.py
[2026-06-06T20:45:05.870-0400] {logging_mixin.py:188} INFO - [2026-06-06T20:45:05.870-0400] {dag.py:3036} INFO - Sync 1 DAGs
[2026-06-06T20:45:05.875-0400] {logging_mixin.py:188} INFO - [2026-06-06T20:45:05.875-0400] {dag.py:3823} INFO - Setting next_dagrun for example_time_delta_sensor_async to None, run_after=None
[2026-06-06T20:45:05.886-0400] {processor.py:183} INFO - Processing /Users/nitishbhattad/anaconda3/envs/flight-pipeline/lib/python3.11/site-packages/airflow/example_dags/example_time_delta_sensor_async.py took 0.096 seconds
[2026-06-06T20:46:10.041-0400] {processor.py:161} INFO - Started process (PID=66143) to work on /Users/nitishbhattad/anaconda3/envs/flight-pipeline/lib/python3.11/site-packages/airflow/example_dags/example_time_delta_sensor_async.py
[2026-06-06T20:46:10.042-0400] {processor.py:830} INFO - Processing file /Users/nitishbhattad/anaconda3/envs/flight-pipeline/lib/python3.11/site-packages/airflow/example_dags/example_time_delta_sensor_async.py for tasks to queue
[2026-06-06T20:46:10.042-0400] {logging_mixin.py:188} INFO - [2026-06-06T20:46:10.042-0400] {dagbag.py:538} INFO - Filling up the DagBag from /Users/nitishbhattad/anaconda3/envs/flight-pipeline/lib/python3.11/site-packages/airflow/example_dags/example_time_delta_sensor_async.py
[2026-06-06T20:46:10.046-0400] {processor.py:840} INFO - DAG(s) 'example_time_delta_sensor_async' retrieved from /Users/nitishbhattad/anaconda3/envs/flight-pipeline/lib/python3.11/site-packages/airflow/example_dags/example_time_delta_sensor_async.py
[2026-06-06T20:46:10.116-0400] {logging_mixin.py:188} INFO - [2026-06-06T20:46:10.116-0400] {dag.py:3036} INFO - Sync 1 DAGs
[2026-06-06T20:46:10.120-0400] {logging_mixin.py:188} INFO - [2026-06-06T20:46:10.119-0400] {dag.py:3823} INFO - Setting next_dagrun for example_time_delta_sensor_async to None, run_after=None
[2026-06-06T20:46:10.128-0400] {processor.py:183} INFO - Processing /Users/nitishbhattad/anaconda3/envs/flight-pipeline/lib/python3.11/site-packages/airflow/example_dags/example_time_delta_sensor_async.py took 0.088 seconds
[2026-06-06T20:47:13.121-0400] {processor.py:161} INFO - Started process (PID=66250) to work on /Users/nitishbhattad/anaconda3/envs/flight-pipeline/lib/python3.11/site-packages/airflow/example_dags/example_time_delta_sensor_async.py
[2026-06-06T20:47:13.122-0400] {processor.py:830} INFO - Processing file /Users/nitishbhattad/anaconda3/envs/flight-pipeline/lib/python3.11/site-packages/airflow/example_dags/example_time_delta_sensor_async.py for tasks to queue
[2026-06-06T20:47:13.123-0400] {logging_mixin.py:188} INFO - [2026-06-06T20:47:13.123-0400] {dagbag.py:538} INFO - Filling up the DagBag from /Users/nitishbhattad/anaconda3/envs/flight-pipeline/lib/python3.11/site-packages/airflow/example_dags/example_time_delta_sensor_async.py
[2026-06-06T20:47:13.127-0400] {processor.py:840} INFO - DAG(s) 'example_time_delta_sensor_async' retrieved from /Users/nitishbhattad/anaconda3/envs/flight-pipeline/lib/python3.11/site-packages/airflow/example_dags/example_time_delta_sensor_async.py
[2026-06-06T20:47:13.206-0400] {logging_mixin.py:188} INFO - [2026-06-06T20:47:13.206-0400] {dag.py:3036} INFO - Sync 1 DAGs
[2026-06-06T20:47:13.210-0400] {logging_mixin.py:188} INFO - [2026-06-06T20:47:13.210-0400] {dag.py:3823} INFO - Setting next_dagrun for example_time_delta_sensor_async to None, run_after=None
[2026-06-06T20:47:13.219-0400] {processor.py:183} INFO - Processing /Users/nitishbhattad/anaconda3/envs/flight-pipeline/lib/python3.11/site-packages/airflow/example_dags/example_time_delta_sensor_async.py took 0.100 seconds
[2026-06-06T20:48:12.170-0400] {processor.py:161} INFO - Started process (PID=66353) to work on /Users/nitishbhattad/anaconda3/envs/flight-pipeline/lib/python3.11/site-packages/airflow/example_dags/example_time_delta_sensor_async.py
[2026-06-06T20:48:12.171-0400] {processor.py:830} INFO - Processing file /Users/nitishbhattad/anaconda3/envs/flight-pipeline/lib/python3.11/site-packages/airflow/example_dags/example_time_delta_sensor_async.py for tasks to queue
[2026-06-06T20:48:12.171-0400] {logging_mixin.py:188} INFO - [2026-06-06T20:48:12.171-0400] {dagbag.py:538} INFO - Filling up the DagBag from /Users/nitishbhattad/anaconda3/envs/flight-pipeline/lib/python3.11/site-packages/airflow/example_dags/example_time_delta_sensor_async.py
[2026-06-06T20:48:12.174-0400] {processor.py:840} INFO - DAG(s) 'example_time_delta_sensor_async' retrieved from /Users/nitishbhattad/anaconda3/envs/flight-pipeline/lib/python3.11/site-packages/airflow/example_dags/example_time_delta_sensor_async.py
[2026-06-06T20:48:12.240-0400] {logging_mixin.py:188} INFO - [2026-06-06T20:48:12.240-0400] {dag.py:3036} INFO - Sync 1 DAGs
[2026-06-06T20:48:12.243-0400] {logging_mixin.py:188} INFO - [2026-06-06T20:48:12.243-0400] {dag.py:3823} INFO - Setting next_dagrun for example_time_delta_sensor_async to None, run_after=None
[2026-06-06T20:48:12.252-0400] {processor.py:183} INFO - Processing /Users/nitishbhattad/anaconda3/envs/flight-pipeline/lib/python3.11/site-packages/airflow/example_dags/example_time_delta_sensor_async.py took 0.083 seconds
[2026-06-06T20:49:11.101-0400] {processor.py:161} INFO - Started process (PID=66440) to work on /Users/nitishbhattad/anaconda3/envs/flight-pipeline/lib/python3.11/site-packages/airflow/example_dags/example_time_delta_sensor_async.py
[2026-06-06T20:49:11.101-0400] {processor.py:830} INFO - Processing file /Users/nitishbhattad/anaconda3/envs/flight-pipeline/lib/python3.11/site-packages/airflow/example_dags/example_time_delta_sensor_async.py for tasks to queue
[2026-06-06T20:49:11.102-0400] {logging_mixin.py:188} INFO - [2026-06-06T20:49:11.102-0400] {dagbag.py:538} INFO - Filling up the DagBag from /Users/nitishbhattad/anaconda3/envs/flight-pipeline/lib/python3.11/site-packages/airflow/example_dags/example_time_delta_sensor_async.py
[2026-06-06T20:49:11.105-0400] {processor.py:840} INFO - DAG(s) 'example_time_delta_sensor_async' retrieved from /Users/nitishbhattad/anaconda3/envs/flight-pipeline/lib/python3.11/site-packages/airflow/example_dags/example_time_delta_sensor_async.py
[2026-06-06T20:49:11.177-0400] {logging_mixin.py:188} INFO - [2026-06-06T20:49:11.176-0400] {dag.py:3036} INFO - Sync 1 DAGs
[2026-06-06T20:49:11.180-0400] {logging_mixin.py:188} INFO - [2026-06-06T20:49:11.180-0400] {dag.py:3823} INFO - Setting next_dagrun for example_time_delta_sensor_async to None, run_after=None
[2026-06-06T20:49:11.188-0400] {processor.py:183} INFO - Processing /Users/nitishbhattad/anaconda3/envs/flight-pipeline/lib/python3.11/site-packages/airflow/example_dags/example_time_delta_sensor_async.py took 0.089 seconds
[2026-06-06T20:50:11.170-0400] {processor.py:161} INFO - Started process (PID=66545) to work on /Users/nitishbhattad/anaconda3/envs/flight-pipeline/lib/python3.11/site-packages/airflow/example_dags/example_time_delta_sensor_async.py
[2026-06-06T20:50:11.171-0400] {processor.py:830} INFO - Processing file /Users/nitishbhattad/anaconda3/envs/flight-pipeline/lib/python3.11/site-packages/airflow/example_dags/example_time_delta_sensor_async.py for tasks to queue
[2026-06-06T20:50:11.171-0400] {logging_mixin.py:188} INFO - [2026-06-06T20:50:11.171-0400] {dagbag.py:538} INFO - Filling up the DagBag from /Users/nitishbhattad/anaconda3/envs/flight-pipeline/lib/python3.11/site-packages/airflow/example_dags/example_time_delta_sensor_async.py
[2026-06-06T20:50:11.174-0400] {processor.py:840} INFO - DAG(s) 'example_time_delta_sensor_async' retrieved from /Users/nitishbhattad/anaconda3/envs/flight-pipeline/lib/python3.11/site-packages/airflow/example_dags/example_time_delta_sensor_async.py
[2026-06-06T20:50:11.238-0400] {logging_mixin.py:188} INFO - [2026-06-06T20:50:11.238-0400] {dag.py:3036} INFO - Sync 1 DAGs
[2026-06-06T20:50:11.242-0400] {logging_mixin.py:188} INFO - [2026-06-06T20:50:11.242-0400] {dag.py:3823} INFO - Setting next_dagrun for example_time_delta_sensor_async to None, run_after=None
[2026-06-06T20:50:11.249-0400] {processor.py:183} INFO - Processing /Users/nitishbhattad/anaconda3/envs/flight-pipeline/lib/python3.11/site-packages/airflow/example_dags/example_time_delta_sensor_async.py took 0.080 seconds
