[2026-06-06T20:19:23.314-0400] {processor.py:161} INFO - Started process (PID=63607) to work on /Users/nitishbhattad/anaconda3/envs/flight-pipeline/lib/python3.11/site-packages/airflow/example_dags/example_latest_only.py
[2026-06-06T20:19:23.314-0400] {processor.py:830} INFO - Processing file /Users/nitishbhattad/anaconda3/envs/flight-pipeline/lib/python3.11/site-packages/airflow/example_dags/example_latest_only.py for tasks to queue
[2026-06-06T20:19:23.314-0400] {logging_mixin.py:188} INFO - [2026-06-06T20:19:23.314-0400] {dagbag.py:538} INFO - Filling up the DagBag from /Users/nitishbhattad/anaconda3/envs/flight-pipeline/lib/python3.11/site-packages/airflow/example_dags/example_latest_only.py
[2026-06-06T20:19:23.317-0400] {processor.py:840} INFO - DAG(s) 'latest_only' retrieved from /Users/nitishbhattad/anaconda3/envs/flight-pipeline/lib/python3.11/site-packages/airflow/example_dags/example_latest_only.py
[2026-06-06T20:19:23.404-0400] {logging_mixin.py:188} INFO - [2026-06-06T20:19:23.404-0400] {override.py:1769} INFO - Created Permission View: can read on DAG:latest_only
[2026-06-06T20:19:23.407-0400] {logging_mixin.py:188} INFO - [2026-06-06T20:19:23.407-0400] {override.py:1769} INFO - Created Permission View: can edit on DAG:latest_only
[2026-06-06T20:19:23.409-0400] {logging_mixin.py:188} INFO - [2026-06-06T20:19:23.409-0400] {override.py:1769} INFO - Created Permission View: can delete on DAG:latest_only
[2026-06-06T20:19:23.409-0400] {logging_mixin.py:188} INFO - [2026-06-06T20:19:23.409-0400] {dag.py:3036} INFO - Sync 1 DAGs
[2026-06-06T20:19:23.412-0400] {logging_mixin.py:188} INFO - [2026-06-06T20:19:23.412-0400] {dag.py:3058} INFO - Creating ORM DAG for latest_only
[2026-06-06T20:19:23.414-0400] {logging_mixin.py:188} INFO - [2026-06-06T20:19:23.414-0400] {dag.py:3823} INFO - Setting next_dagrun for latest_only to 2026-06-06 20:00:00+00:00, run_after=2026-06-07 00:00:00+00:00
[2026-06-06T20:19:23.420-0400] {processor.py:183} INFO - Processing /Users/nitishbhattad/anaconda3/envs/flight-pipeline/lib/python3.11/site-packages/airflow/example_dags/example_latest_only.py took 0.107 seconds
[2026-06-06T20:21:30.836-0400] {processor.py:161} INFO - Started process (PID=63793) to work on /Users/nitishbhattad/anaconda3/envs/flight-pipeline/lib/python3.11/site-packages/airflow/example_dags/example_latest_only.py
[2026-06-06T20:21:30.837-0400] {processor.py:830} INFO - Processing file /Users/nitishbhattad/anaconda3/envs/flight-pipeline/lib/python3.11/site-packages/airflow/example_dags/example_latest_only.py for tasks to queue
[2026-06-06T20:21:30.837-0400] {logging_mixin.py:188} INFO - [2026-06-06T20:21:30.837-0400] {dagbag.py:538} INFO - Filling up the DagBag from /Users/nitishbhattad/anaconda3/envs/flight-pipeline/lib/python3.11/site-packages/airflow/example_dags/example_latest_only.py
[2026-06-06T20:21:30.840-0400] {processor.py:840} INFO - DAG(s) 'latest_only' retrieved from /Users/nitishbhattad/anaconda3/envs/flight-pipeline/lib/python3.11/site-packages/airflow/example_dags/example_latest_only.py
[2026-06-06T20:21:30.902-0400] {logging_mixin.py:188} INFO - [2026-06-06T20:21:30.902-0400] {dag.py:3036} INFO - Sync 1 DAGs
[2026-06-06T20:21:30.908-0400] {logging_mixin.py:188} INFO - [2026-06-06T20:21:30.908-0400] {dag.py:3823} INFO - Setting next_dagrun for latest_only to 2026-06-06 20:00:00+00:00, run_after=2026-06-07 00:00:00+00:00
[2026-06-06T20:21:30.914-0400] {processor.py:183} INFO - Processing /Users/nitishbhattad/anaconda3/envs/flight-pipeline/lib/python3.11/site-packages/airflow/example_dags/example_latest_only.py took 0.079 seconds
[2026-06-06T20:24:14.081-0400] {processor.py:161} INFO - Started process (PID=64076) to work on /Users/nitishbhattad/anaconda3/envs/flight-pipeline/lib/python3.11/site-packages/airflow/example_dags/example_latest_only.py
[2026-06-06T20:24:14.082-0400] {processor.py:830} INFO - Processing file /Users/nitishbhattad/anaconda3/envs/flight-pipeline/lib/python3.11/site-packages/airflow/example_dags/example_latest_only.py for tasks to queue
[2026-06-06T20:24:14.082-0400] {logging_mixin.py:188} INFO - [2026-06-06T20:24:14.082-0400] {dagbag.py:538} INFO - Filling up the DagBag from /Users/nitishbhattad/anaconda3/envs/flight-pipeline/lib/python3.11/site-packages/airflow/example_dags/example_latest_only.py
[2026-06-06T20:24:14.085-0400] {processor.py:840} INFO - DAG(s) 'latest_only' retrieved from /Users/nitishbhattad/anaconda3/envs/flight-pipeline/lib/python3.11/site-packages/airflow/example_dags/example_latest_only.py
[2026-06-06T20:24:14.164-0400] {logging_mixin.py:188} INFO - [2026-06-06T20:24:14.164-0400] {dag.py:3036} INFO - Sync 1 DAGs
[2026-06-06T20:24:14.172-0400] {logging_mixin.py:188} INFO - [2026-06-06T20:24:14.171-0400] {dag.py:3823} INFO - Setting next_dagrun for latest_only to 2026-06-06 20:00:00+00:00, run_after=2026-06-07 00:00:00+00:00
[2026-06-06T20:24:14.181-0400] {processor.py:183} INFO - Processing /Users/nitishbhattad/anaconda3/envs/flight-pipeline/lib/python3.11/site-packages/airflow/example_dags/example_latest_only.py took 0.102 seconds
[2026-06-06T20:26:26.792-0400] {processor.py:161} INFO - Started process (PID=64297) to work on /Users/nitishbhattad/anaconda3/envs/flight-pipeline/lib/python3.11/site-packages/airflow/example_dags/example_latest_only.py
[2026-06-06T20:26:26.793-0400] {processor.py:830} INFO - Processing file /Users/nitishbhattad/anaconda3/envs/flight-pipeline/lib/python3.11/site-packages/airflow/example_dags/example_latest_only.py for tasks to queue
[2026-06-06T20:26:26.793-0400] {logging_mixin.py:188} INFO - [2026-06-06T20:26:26.793-0400] {dagbag.py:538} INFO - Filling up the DagBag from /Users/nitishbhattad/anaconda3/envs/flight-pipeline/lib/python3.11/site-packages/airflow/example_dags/example_latest_only.py
[2026-06-06T20:26:26.796-0400] {processor.py:840} INFO - DAG(s) 'latest_only' retrieved from /Users/nitishbhattad/anaconda3/envs/flight-pipeline/lib/python3.11/site-packages/airflow/example_dags/example_latest_only.py
[2026-06-06T20:26:26.872-0400] {logging_mixin.py:188} INFO - [2026-06-06T20:26:26.871-0400] {dag.py:3036} INFO - Sync 1 DAGs
[2026-06-06T20:26:26.878-0400] {logging_mixin.py:188} INFO - [2026-06-06T20:26:26.878-0400] {dag.py:3823} INFO - Setting next_dagrun for latest_only to 2026-06-06 20:00:00+00:00, run_after=2026-06-07 00:00:00+00:00
[2026-06-06T20:26:26.886-0400] {processor.py:183} INFO - Processing /Users/nitishbhattad/anaconda3/envs/flight-pipeline/lib/python3.11/site-packages/airflow/example_dags/example_latest_only.py took 0.095 seconds
[2026-06-06T20:28:33.543-0400] {processor.py:161} INFO - Started process (PID=64504) to work on /Users/nitishbhattad/anaconda3/envs/flight-pipeline/lib/python3.11/site-packages/airflow/example_dags/example_latest_only.py
[2026-06-06T20:28:33.544-0400] {processor.py:830} INFO - Processing file /Users/nitishbhattad/anaconda3/envs/flight-pipeline/lib/python3.11/site-packages/airflow/example_dags/example_latest_only.py for tasks to queue
[2026-06-06T20:28:33.544-0400] {logging_mixin.py:188} INFO - [2026-06-06T20:28:33.544-0400] {dagbag.py:538} INFO - Filling up the DagBag from /Users/nitishbhattad/anaconda3/envs/flight-pipeline/lib/python3.11/site-packages/airflow/example_dags/example_latest_only.py
[2026-06-06T20:28:33.548-0400] {processor.py:840} INFO - DAG(s) 'latest_only' retrieved from /Users/nitishbhattad/anaconda3/envs/flight-pipeline/lib/python3.11/site-packages/airflow/example_dags/example_latest_only.py
[2026-06-06T20:28:33.634-0400] {logging_mixin.py:188} INFO - [2026-06-06T20:28:33.633-0400] {dag.py:3036} INFO - Sync 1 DAGs
[2026-06-06T20:28:33.642-0400] {logging_mixin.py:188} INFO - [2026-06-06T20:28:33.642-0400] {dag.py:3823} INFO - Setting next_dagrun for latest_only to 2026-06-06 20:00:00+00:00, run_after=2026-06-07 00:00:00+00:00
[2026-06-06T20:28:33.654-0400] {processor.py:183} INFO - Processing /Users/nitishbhattad/anaconda3/envs/flight-pipeline/lib/python3.11/site-packages/airflow/example_dags/example_latest_only.py took 0.112 seconds
[2026-06-06T20:30:35.131-0400] {processor.py:161} INFO - Started process (PID=64688) to work on /Users/nitishbhattad/anaconda3/envs/flight-pipeline/lib/python3.11/site-packages/airflow/example_dags/example_latest_only.py
[2026-06-06T20:30:35.137-0400] {processor.py:830} INFO - Processing file /Users/nitishbhattad/anaconda3/envs/flight-pipeline/lib/python3.11/site-packages/airflow/example_dags/example_latest_only.py for tasks to queue
[2026-06-06T20:30:35.138-0400] {logging_mixin.py:188} INFO - [2026-06-06T20:30:35.138-0400] {dagbag.py:538} INFO - Filling up the DagBag from /Users/nitishbhattad/anaconda3/envs/flight-pipeline/lib/python3.11/site-packages/airflow/example_dags/example_latest_only.py
[2026-06-06T20:30:35.162-0400] {processor.py:840} INFO - DAG(s) 'latest_only' retrieved from /Users/nitishbhattad/anaconda3/envs/flight-pipeline/lib/python3.11/site-packages/airflow/example_dags/example_latest_only.py
[2026-06-06T20:30:35.367-0400] {logging_mixin.py:188} INFO - [2026-06-06T20:30:35.367-0400] {dag.py:3036} INFO - Sync 1 DAGs
[2026-06-06T20:30:35.377-0400] {logging_mixin.py:188} INFO - [2026-06-06T20:30:35.377-0400] {dag.py:3823} INFO - Setting next_dagrun for latest_only to 2026-06-06 20:00:00+00:00, run_after=2026-06-07 00:00:00+00:00
[2026-06-06T20:30:35.477-0400] {processor.py:183} INFO - Processing /Users/nitishbhattad/anaconda3/envs/flight-pipeline/lib/python3.11/site-packages/airflow/example_dags/example_latest_only.py took 0.348 seconds
[2026-06-06T20:33:03.696-0400] {processor.py:161} INFO - Started process (PID=64904) to work on /Users/nitishbhattad/anaconda3/envs/flight-pipeline/lib/python3.11/site-packages/airflow/example_dags/example_latest_only.py
[2026-06-06T20:33:03.697-0400] {processor.py:830} INFO - Processing file /Users/nitishbhattad/anaconda3/envs/flight-pipeline/lib/python3.11/site-packages/airflow/example_dags/example_latest_only.py for tasks to queue
[2026-06-06T20:33:03.697-0400] {logging_mixin.py:188} INFO - [2026-06-06T20:33:03.697-0400] {dagbag.py:538} INFO - Filling up the DagBag from /Users/nitishbhattad/anaconda3/envs/flight-pipeline/lib/python3.11/site-packages/airflow/example_dags/example_latest_only.py
[2026-06-06T20:33:03.700-0400] {processor.py:840} INFO - DAG(s) 'latest_only' retrieved from /Users/nitishbhattad/anaconda3/envs/flight-pipeline/lib/python3.11/site-packages/airflow/example_dags/example_latest_only.py
[2026-06-06T20:33:03.760-0400] {logging_mixin.py:188} INFO - [2026-06-06T20:33:03.760-0400] {dag.py:3036} INFO - Sync 1 DAGs
[2026-06-06T20:33:03.766-0400] {logging_mixin.py:188} INFO - [2026-06-06T20:33:03.766-0400] {dag.py:3823} INFO - Setting next_dagrun for latest_only to 2026-06-06 20:00:00+00:00, run_after=2026-06-07 00:00:00+00:00
[2026-06-06T20:33:03.773-0400] {processor.py:183} INFO - Processing /Users/nitishbhattad/anaconda3/envs/flight-pipeline/lib/python3.11/site-packages/airflow/example_dags/example_latest_only.py took 0.078 seconds
[2026-06-06T20:35:03.370-0400] {processor.py:161} INFO - Started process (PID=65089) to work on /Users/nitishbhattad/anaconda3/envs/flight-pipeline/lib/python3.11/site-packages/airflow/example_dags/example_latest_only.py
[2026-06-06T20:35:03.371-0400] {processor.py:830} INFO - Processing file /Users/nitishbhattad/anaconda3/envs/flight-pipeline/lib/python3.11/site-packages/airflow/example_dags/example_latest_only.py for tasks to queue
[2026-06-06T20:35:03.372-0400] {logging_mixin.py:188} INFO - [2026-06-06T20:35:03.372-0400] {dagbag.py:538} INFO - Filling up the DagBag from /Users/nitishbhattad/anaconda3/envs/flight-pipeline/lib/python3.11/site-packages/airflow/example_dags/example_latest_only.py
[2026-06-06T20:35:03.375-0400] {processor.py:840} INFO - DAG(s) 'latest_only' retrieved from /Users/nitishbhattad/anaconda3/envs/flight-pipeline/lib/python3.11/site-packages/airflow/example_dags/example_latest_only.py
[2026-06-06T20:35:03.446-0400] {logging_mixin.py:188} INFO - [2026-06-06T20:35:03.445-0400] {dag.py:3036} INFO - Sync 1 DAGs
[2026-06-06T20:35:03.454-0400] {logging_mixin.py:188} INFO - [2026-06-06T20:35:03.453-0400] {dag.py:3823} INFO - Setting next_dagrun for latest_only to 2026-06-06 20:00:00+00:00, run_after=2026-06-07 00:00:00+00:00
[2026-06-06T20:35:03.465-0400] {processor.py:183} INFO - Processing /Users/nitishbhattad/anaconda3/envs/flight-pipeline/lib/python3.11/site-packages/airflow/example_dags/example_latest_only.py took 0.095 seconds
[2026-06-06T20:37:10.371-0400] {processor.py:161} INFO - Started process (PID=65278) to work on /Users/nitishbhattad/anaconda3/envs/flight-pipeline/lib/python3.11/site-packages/airflow/example_dags/example_latest_only.py
[2026-06-06T20:37:10.374-0400] {processor.py:830} INFO - Processing file /Users/nitishbhattad/anaconda3/envs/flight-pipeline/lib/python3.11/site-packages/airflow/example_dags/example_latest_only.py for tasks to queue
[2026-06-06T20:37:10.377-0400] {logging_mixin.py:188} INFO - [2026-06-06T20:37:10.376-0400] {dagbag.py:538} INFO - Filling up the DagBag from /Users/nitishbhattad/anaconda3/envs/flight-pipeline/lib/python3.11/site-packages/airflow/example_dags/example_latest_only.py
[2026-06-06T20:37:10.380-0400] {processor.py:840} INFO - DAG(s) 'latest_only' retrieved from /Users/nitishbhattad/anaconda3/envs/flight-pipeline/lib/python3.11/site-packages/airflow/example_dags/example_latest_only.py
[2026-06-06T20:37:10.464-0400] {logging_mixin.py:188} INFO - [2026-06-06T20:37:10.464-0400] {dag.py:3036} INFO - Sync 1 DAGs
[2026-06-06T20:37:10.472-0400] {logging_mixin.py:188} INFO - [2026-06-06T20:37:10.472-0400] {dag.py:3823} INFO - Setting next_dagrun for latest_only to 2026-06-06 20:00:00+00:00, run_after=2026-06-07 00:00:00+00:00
[2026-06-06T20:37:10.485-0400] {processor.py:183} INFO - Processing /Users/nitishbhattad/anaconda3/envs/flight-pipeline/lib/python3.11/site-packages/airflow/example_dags/example_latest_only.py took 0.114 seconds
[2026-06-06T20:39:16.319-0400] {processor.py:161} INFO - Started process (PID=65460) to work on /Users/nitishbhattad/anaconda3/envs/flight-pipeline/lib/python3.11/site-packages/airflow/example_dags/example_latest_only.py
[2026-06-06T20:39:16.320-0400] {processor.py:830} INFO - Processing file /Users/nitishbhattad/anaconda3/envs/flight-pipeline/lib/python3.11/site-packages/airflow/example_dags/example_latest_only.py for tasks to queue
[2026-06-06T20:39:16.320-0400] {logging_mixin.py:188} INFO - [2026-06-06T20:39:16.320-0400] {dagbag.py:538} INFO - Filling up the DagBag from /Users/nitishbhattad/anaconda3/envs/flight-pipeline/lib/python3.11/site-packages/airflow/example_dags/example_latest_only.py
[2026-06-06T20:39:16.323-0400] {processor.py:840} INFO - DAG(s) 'latest_only' retrieved from /Users/nitishbhattad/anaconda3/envs/flight-pipeline/lib/python3.11/site-packages/airflow/example_dags/example_latest_only.py
[2026-06-06T20:39:16.385-0400] {logging_mixin.py:188} INFO - [2026-06-06T20:39:16.385-0400] {dag.py:3036} INFO - Sync 1 DAGs
[2026-06-06T20:39:16.391-0400] {logging_mixin.py:188} INFO - [2026-06-06T20:39:16.390-0400] {dag.py:3823} INFO - Setting next_dagrun for latest_only to 2026-06-06 20:00:00+00:00, run_after=2026-06-07 00:00:00+00:00
[2026-06-06T20:39:16.398-0400] {processor.py:183} INFO - Processing /Users/nitishbhattad/anaconda3/envs/flight-pipeline/lib/python3.11/site-packages/airflow/example_dags/example_latest_only.py took 0.080 seconds
[2026-06-06T20:41:27.552-0400] {processor.py:161} INFO - Started process (PID=65724) to work on /Users/nitishbhattad/anaconda3/envs/flight-pipeline/lib/python3.11/site-packages/airflow/example_dags/example_latest_only.py
[2026-06-06T20:41:27.554-0400] {processor.py:830} INFO - Processing file /Users/nitishbhattad/anaconda3/envs/flight-pipeline/lib/python3.11/site-packages/airflow/example_dags/example_latest_only.py for tasks to queue
[2026-06-06T20:41:27.554-0400] {logging_mixin.py:188} INFO - [2026-06-06T20:41:27.554-0400] {dagbag.py:538} INFO - Filling up the DagBag from /Users/nitishbhattad/anaconda3/envs/flight-pipeline/lib/python3.11/site-packages/airflow/example_dags/example_latest_only.py
[2026-06-06T20:41:27.557-0400] {processor.py:840} INFO - DAG(s) 'latest_only' retrieved from /Users/nitishbhattad/anaconda3/envs/flight-pipeline/lib/python3.11/site-packages/airflow/example_dags/example_latest_only.py
[2026-06-06T20:41:27.618-0400] {logging_mixin.py:188} INFO - [2026-06-06T20:41:27.618-0400] {dag.py:3036} INFO - Sync 1 DAGs
[2026-06-06T20:41:27.624-0400] {logging_mixin.py:188} INFO - [2026-06-06T20:41:27.624-0400] {dag.py:3823} INFO - Setting next_dagrun for latest_only to 2026-06-06 20:00:00+00:00, run_after=2026-06-07 00:00:00+00:00
[2026-06-06T20:41:27.633-0400] {processor.py:183} INFO - Processing /Users/nitishbhattad/anaconda3/envs/flight-pipeline/lib/python3.11/site-packages/airflow/example_dags/example_latest_only.py took 0.081 seconds
[2026-06-06T20:43:26.003-0400] {processor.py:161} INFO - Started process (PID=65899) to work on /Users/nitishbhattad/anaconda3/envs/flight-pipeline/lib/python3.11/site-packages/airflow/example_dags/example_latest_only.py
[2026-06-06T20:43:26.004-0400] {processor.py:830} INFO - Processing file /Users/nitishbhattad/anaconda3/envs/flight-pipeline/lib/python3.11/site-packages/airflow/example_dags/example_latest_only.py for tasks to queue
[2026-06-06T20:43:26.004-0400] {logging_mixin.py:188} INFO - [2026-06-06T20:43:26.004-0400] {dagbag.py:538} INFO - Filling up the DagBag from /Users/nitishbhattad/anaconda3/envs/flight-pipeline/lib/python3.11/site-packages/airflow/example_dags/example_latest_only.py
[2026-06-06T20:43:26.007-0400] {processor.py:840} INFO - DAG(s) 'latest_only' retrieved from /Users/nitishbhattad/anaconda3/envs/flight-pipeline/lib/python3.11/site-packages/airflow/example_dags/example_latest_only.py
[2026-06-06T20:43:26.063-0400] {logging_mixin.py:188} INFO - [2026-06-06T20:43:26.063-0400] {dag.py:3036} INFO - Sync 1 DAGs
[2026-06-06T20:43:26.069-0400] {logging_mixin.py:188} INFO - [2026-06-06T20:43:26.069-0400] {dag.py:3823} INFO - Setting next_dagrun for latest_only to 2026-06-06 20:00:00+00:00, run_after=2026-06-07 00:00:00+00:00
[2026-06-06T20:43:26.076-0400] {processor.py:183} INFO - Processing /Users/nitishbhattad/anaconda3/envs/flight-pipeline/lib/python3.11/site-packages/airflow/example_dags/example_latest_only.py took 0.073 seconds
[2026-06-06T20:45:31.316-0400] {processor.py:161} INFO - Started process (PID=66083) to work on /Users/nitishbhattad/anaconda3/envs/flight-pipeline/lib/python3.11/site-packages/airflow/example_dags/example_latest_only.py
[2026-06-06T20:45:31.350-0400] {processor.py:830} INFO - Processing file /Users/nitishbhattad/anaconda3/envs/flight-pipeline/lib/python3.11/site-packages/airflow/example_dags/example_latest_only.py for tasks to queue
[2026-06-06T20:45:31.372-0400] {logging_mixin.py:188} INFO - [2026-06-06T20:45:31.371-0400] {dagbag.py:538} INFO - Filling up the DagBag from /Users/nitishbhattad/anaconda3/envs/flight-pipeline/lib/python3.11/site-packages/airflow/example_dags/example_latest_only.py
[2026-06-06T20:45:31.384-0400] {processor.py:840} INFO - DAG(s) 'latest_only' retrieved from /Users/nitishbhattad/anaconda3/envs/flight-pipeline/lib/python3.11/site-packages/airflow/example_dags/example_latest_only.py
[2026-06-06T20:45:31.496-0400] {logging_mixin.py:188} INFO - [2026-06-06T20:45:31.496-0400] {dag.py:3036} INFO - Sync 1 DAGs
[2026-06-06T20:45:31.502-0400] {logging_mixin.py:188} INFO - [2026-06-06T20:45:31.502-0400] {dag.py:3823} INFO - Setting next_dagrun for latest_only to 2026-06-06 20:00:00+00:00, run_after=2026-06-07 00:00:00+00:00
[2026-06-06T20:45:31.510-0400] {processor.py:183} INFO - Processing /Users/nitishbhattad/anaconda3/envs/flight-pipeline/lib/python3.11/site-packages/airflow/example_dags/example_latest_only.py took 0.194 seconds
[2026-06-06T20:47:38.203-0400] {processor.py:161} INFO - Started process (PID=66289) to work on /Users/nitishbhattad/anaconda3/envs/flight-pipeline/lib/python3.11/site-packages/airflow/example_dags/example_latest_only.py
[2026-06-06T20:47:38.205-0400] {processor.py:830} INFO - Processing file /Users/nitishbhattad/anaconda3/envs/flight-pipeline/lib/python3.11/site-packages/airflow/example_dags/example_latest_only.py for tasks to queue
[2026-06-06T20:47:38.205-0400] {logging_mixin.py:188} INFO - [2026-06-06T20:47:38.205-0400] {dagbag.py:538} INFO - Filling up the DagBag from /Users/nitishbhattad/anaconda3/envs/flight-pipeline/lib/python3.11/site-packages/airflow/example_dags/example_latest_only.py
[2026-06-06T20:47:38.208-0400] {processor.py:840} INFO - DAG(s) 'latest_only' retrieved from /Users/nitishbhattad/anaconda3/envs/flight-pipeline/lib/python3.11/site-packages/airflow/example_dags/example_latest_only.py
[2026-06-06T20:47:38.266-0400] {logging_mixin.py:188} INFO - [2026-06-06T20:47:38.266-0400] {dag.py:3036} INFO - Sync 1 DAGs
[2026-06-06T20:47:38.273-0400] {logging_mixin.py:188} INFO - [2026-06-06T20:47:38.273-0400] {dag.py:3823} INFO - Setting next_dagrun for latest_only to 2026-06-06 20:00:00+00:00, run_after=2026-06-07 00:00:00+00:00
[2026-06-06T20:47:38.280-0400] {processor.py:183} INFO - Processing /Users/nitishbhattad/anaconda3/envs/flight-pipeline/lib/python3.11/site-packages/airflow/example_dags/example_latest_only.py took 0.077 seconds
[2026-06-06T20:49:35.446-0400] {processor.py:161} INFO - Started process (PID=66498) to work on /Users/nitishbhattad/anaconda3/envs/flight-pipeline/lib/python3.11/site-packages/airflow/example_dags/example_latest_only.py
[2026-06-06T20:49:35.447-0400] {processor.py:830} INFO - Processing file /Users/nitishbhattad/anaconda3/envs/flight-pipeline/lib/python3.11/site-packages/airflow/example_dags/example_latest_only.py for tasks to queue
[2026-06-06T20:49:35.447-0400] {logging_mixin.py:188} INFO - [2026-06-06T20:49:35.447-0400] {dagbag.py:538} INFO - Filling up the DagBag from /Users/nitishbhattad/anaconda3/envs/flight-pipeline/lib/python3.11/site-packages/airflow/example_dags/example_latest_only.py
[2026-06-06T20:49:35.450-0400] {processor.py:840} INFO - DAG(s) 'latest_only' retrieved from /Users/nitishbhattad/anaconda3/envs/flight-pipeline/lib/python3.11/site-packages/airflow/example_dags/example_latest_only.py
[2026-06-06T20:49:35.522-0400] {logging_mixin.py:188} INFO - [2026-06-06T20:49:35.521-0400] {dag.py:3036} INFO - Sync 1 DAGs
[2026-06-06T20:49:35.529-0400] {logging_mixin.py:188} INFO - [2026-06-06T20:49:35.528-0400] {dag.py:3823} INFO - Setting next_dagrun for latest_only to 2026-06-06 20:00:00+00:00, run_after=2026-06-07 00:00:00+00:00
[2026-06-06T20:49:35.539-0400] {processor.py:183} INFO - Processing /Users/nitishbhattad/anaconda3/envs/flight-pipeline/lib/python3.11/site-packages/airflow/example_dags/example_latest_only.py took 0.094 seconds
