[2026-06-06T20:19:17.335-0400] {processor.py:161} INFO - Started process (PID=63603) to work on /Users/nitishbhattad/anaconda3/envs/flight-pipeline/lib/python3.11/site-packages/airflow/example_dags/example_params_trigger_ui.py
[2026-06-06T20:19:17.336-0400] {processor.py:830} INFO - Processing file /Users/nitishbhattad/anaconda3/envs/flight-pipeline/lib/python3.11/site-packages/airflow/example_dags/example_params_trigger_ui.py for tasks to queue
[2026-06-06T20:19:17.336-0400] {logging_mixin.py:188} INFO - [2026-06-06T20:19:17.336-0400] {dagbag.py:538} INFO - Filling up the DagBag from /Users/nitishbhattad/anaconda3/envs/flight-pipeline/lib/python3.11/site-packages/airflow/example_dags/example_params_trigger_ui.py
[2026-06-06T20:19:17.353-0400] {processor.py:840} INFO - DAG(s) 'example_params_trigger_ui' retrieved from /Users/nitishbhattad/anaconda3/envs/flight-pipeline/lib/python3.11/site-packages/airflow/example_dags/example_params_trigger_ui.py
[2026-06-06T20:19:17.466-0400] {logging_mixin.py:188} INFO - [2026-06-06T20:19:17.465-0400] {override.py:1769} INFO - Created Permission View: can edit on DAG:example_params_trigger_ui
[2026-06-06T20:19:17.470-0400] {logging_mixin.py:188} INFO - [2026-06-06T20:19:17.470-0400] {override.py:1769} INFO - Created Permission View: can read on DAG:example_params_trigger_ui
[2026-06-06T20:19:17.472-0400] {logging_mixin.py:188} INFO - [2026-06-06T20:19:17.472-0400] {override.py:1769} INFO - Created Permission View: can delete on DAG:example_params_trigger_ui
[2026-06-06T20:19:17.472-0400] {logging_mixin.py:188} INFO - [2026-06-06T20:19:17.472-0400] {dag.py:3036} INFO - Sync 1 DAGs
[2026-06-06T20:19:17.475-0400] {logging_mixin.py:188} INFO - [2026-06-06T20:19:17.475-0400] {dag.py:3058} INFO - Creating ORM DAG for example_params_trigger_ui
[2026-06-06T20:19:17.475-0400] {logging_mixin.py:188} INFO - [2026-06-06T20:19:17.475-0400] {dag.py:3823} INFO - Setting next_dagrun for example_params_trigger_ui to None, run_after=None
[2026-06-06T20:19:17.482-0400] {processor.py:183} INFO - Processing /Users/nitishbhattad/anaconda3/envs/flight-pipeline/lib/python3.11/site-packages/airflow/example_dags/example_params_trigger_ui.py took 0.148 seconds
[2026-06-06T20:20:48.366-0400] {processor.py:161} INFO - Started process (PID=63739) to work on /Users/nitishbhattad/anaconda3/envs/flight-pipeline/lib/python3.11/site-packages/airflow/example_dags/example_params_trigger_ui.py
[2026-06-06T20:20:48.370-0400] {processor.py:830} INFO - Processing file /Users/nitishbhattad/anaconda3/envs/flight-pipeline/lib/python3.11/site-packages/airflow/example_dags/example_params_trigger_ui.py for tasks to queue
[2026-06-06T20:20:48.371-0400] {logging_mixin.py:188} INFO - [2026-06-06T20:20:48.370-0400] {dagbag.py:538} INFO - Filling up the DagBag from /Users/nitishbhattad/anaconda3/envs/flight-pipeline/lib/python3.11/site-packages/airflow/example_dags/example_params_trigger_ui.py
[2026-06-06T20:20:48.393-0400] {processor.py:840} INFO - DAG(s) 'example_params_trigger_ui' retrieved from /Users/nitishbhattad/anaconda3/envs/flight-pipeline/lib/python3.11/site-packages/airflow/example_dags/example_params_trigger_ui.py
[2026-06-06T20:20:48.472-0400] {logging_mixin.py:188} INFO - [2026-06-06T20:20:48.471-0400] {dag.py:3036} INFO - Sync 1 DAGs
[2026-06-06T20:20:48.475-0400] {logging_mixin.py:188} INFO - [2026-06-06T20:20:48.475-0400] {dag.py:3823} INFO - Setting next_dagrun for example_params_trigger_ui to None, run_after=None
[2026-06-06T20:20:48.487-0400] {processor.py:183} INFO - Processing /Users/nitishbhattad/anaconda3/envs/flight-pipeline/lib/python3.11/site-packages/airflow/example_dags/example_params_trigger_ui.py took 0.123 seconds
[2026-06-06T20:24:06.155-0400] {processor.py:161} INFO - Started process (PID=64066) to work on /Users/nitishbhattad/anaconda3/envs/flight-pipeline/lib/python3.11/site-packages/airflow/example_dags/example_params_trigger_ui.py
[2026-06-06T20:24:06.156-0400] {processor.py:830} INFO - Processing file /Users/nitishbhattad/anaconda3/envs/flight-pipeline/lib/python3.11/site-packages/airflow/example_dags/example_params_trigger_ui.py for tasks to queue
[2026-06-06T20:24:06.156-0400] {logging_mixin.py:188} INFO - [2026-06-06T20:24:06.156-0400] {dagbag.py:538} INFO - Filling up the DagBag from /Users/nitishbhattad/anaconda3/envs/flight-pipeline/lib/python3.11/site-packages/airflow/example_dags/example_params_trigger_ui.py
[2026-06-06T20:24:06.171-0400] {processor.py:840} INFO - DAG(s) 'example_params_trigger_ui' retrieved from /Users/nitishbhattad/anaconda3/envs/flight-pipeline/lib/python3.11/site-packages/airflow/example_dags/example_params_trigger_ui.py
[2026-06-06T20:24:06.238-0400] {logging_mixin.py:188} INFO - [2026-06-06T20:24:06.238-0400] {dag.py:3036} INFO - Sync 1 DAGs
[2026-06-06T20:24:06.241-0400] {logging_mixin.py:188} INFO - [2026-06-06T20:24:06.241-0400] {dag.py:3823} INFO - Setting next_dagrun for example_params_trigger_ui to None, run_after=None
[2026-06-06T20:24:06.249-0400] {processor.py:183} INFO - Processing /Users/nitishbhattad/anaconda3/envs/flight-pipeline/lib/python3.11/site-packages/airflow/example_dags/example_params_trigger_ui.py took 0.095 seconds
[2026-06-06T20:26:19.027-0400] {processor.py:161} INFO - Started process (PID=64290) to work on /Users/nitishbhattad/anaconda3/envs/flight-pipeline/lib/python3.11/site-packages/airflow/example_dags/example_params_trigger_ui.py
[2026-06-06T20:26:19.027-0400] {processor.py:830} INFO - Processing file /Users/nitishbhattad/anaconda3/envs/flight-pipeline/lib/python3.11/site-packages/airflow/example_dags/example_params_trigger_ui.py for tasks to queue
[2026-06-06T20:26:19.028-0400] {logging_mixin.py:188} INFO - [2026-06-06T20:26:19.028-0400] {dagbag.py:538} INFO - Filling up the DagBag from /Users/nitishbhattad/anaconda3/envs/flight-pipeline/lib/python3.11/site-packages/airflow/example_dags/example_params_trigger_ui.py
[2026-06-06T20:26:19.045-0400] {processor.py:840} INFO - DAG(s) 'example_params_trigger_ui' retrieved from /Users/nitishbhattad/anaconda3/envs/flight-pipeline/lib/python3.11/site-packages/airflow/example_dags/example_params_trigger_ui.py
[2026-06-06T20:26:19.112-0400] {logging_mixin.py:188} INFO - [2026-06-06T20:26:19.112-0400] {dag.py:3036} INFO - Sync 1 DAGs
[2026-06-06T20:26:19.115-0400] {logging_mixin.py:188} INFO - [2026-06-06T20:26:19.115-0400] {dag.py:3823} INFO - Setting next_dagrun for example_params_trigger_ui to None, run_after=None
[2026-06-06T20:26:19.123-0400] {processor.py:183} INFO - Processing /Users/nitishbhattad/anaconda3/envs/flight-pipeline/lib/python3.11/site-packages/airflow/example_dags/example_params_trigger_ui.py took 0.097 seconds
[2026-06-06T20:28:27.572-0400] {processor.py:161} INFO - Started process (PID=64492) to work on /Users/nitishbhattad/anaconda3/envs/flight-pipeline/lib/python3.11/site-packages/airflow/example_dags/example_params_trigger_ui.py
[2026-06-06T20:28:27.573-0400] {processor.py:830} INFO - Processing file /Users/nitishbhattad/anaconda3/envs/flight-pipeline/lib/python3.11/site-packages/airflow/example_dags/example_params_trigger_ui.py for tasks to queue
[2026-06-06T20:28:27.573-0400] {logging_mixin.py:188} INFO - [2026-06-06T20:28:27.573-0400] {dagbag.py:538} INFO - Filling up the DagBag from /Users/nitishbhattad/anaconda3/envs/flight-pipeline/lib/python3.11/site-packages/airflow/example_dags/example_params_trigger_ui.py
[2026-06-06T20:28:27.588-0400] {processor.py:840} INFO - DAG(s) 'example_params_trigger_ui' retrieved from /Users/nitishbhattad/anaconda3/envs/flight-pipeline/lib/python3.11/site-packages/airflow/example_dags/example_params_trigger_ui.py
[2026-06-06T20:28:27.655-0400] {logging_mixin.py:188} INFO - [2026-06-06T20:28:27.655-0400] {dag.py:3036} INFO - Sync 1 DAGs
[2026-06-06T20:28:27.658-0400] {logging_mixin.py:188} INFO - [2026-06-06T20:28:27.658-0400] {dag.py:3823} INFO - Setting next_dagrun for example_params_trigger_ui to None, run_after=None
[2026-06-06T20:28:27.668-0400] {processor.py:183} INFO - Processing /Users/nitishbhattad/anaconda3/envs/flight-pipeline/lib/python3.11/site-packages/airflow/example_dags/example_params_trigger_ui.py took 0.097 seconds
[2026-06-06T20:30:25.855-0400] {processor.py:161} INFO - Started process (PID=64670) to work on /Users/nitishbhattad/anaconda3/envs/flight-pipeline/lib/python3.11/site-packages/airflow/example_dags/example_params_trigger_ui.py
[2026-06-06T20:30:25.856-0400] {processor.py:830} INFO - Processing file /Users/nitishbhattad/anaconda3/envs/flight-pipeline/lib/python3.11/site-packages/airflow/example_dags/example_params_trigger_ui.py for tasks to queue
[2026-06-06T20:30:25.856-0400] {logging_mixin.py:188} INFO - [2026-06-06T20:30:25.856-0400] {dagbag.py:538} INFO - Filling up the DagBag from /Users/nitishbhattad/anaconda3/envs/flight-pipeline/lib/python3.11/site-packages/airflow/example_dags/example_params_trigger_ui.py
[2026-06-06T20:30:25.876-0400] {processor.py:840} INFO - DAG(s) 'example_params_trigger_ui' retrieved from /Users/nitishbhattad/anaconda3/envs/flight-pipeline/lib/python3.11/site-packages/airflow/example_dags/example_params_trigger_ui.py
[2026-06-06T20:30:25.961-0400] {logging_mixin.py:188} INFO - [2026-06-06T20:30:25.960-0400] {dag.py:3036} INFO - Sync 1 DAGs
[2026-06-06T20:30:25.965-0400] {logging_mixin.py:188} INFO - [2026-06-06T20:30:25.964-0400] {dag.py:3823} INFO - Setting next_dagrun for example_params_trigger_ui to None, run_after=None
[2026-06-06T20:30:25.975-0400] {processor.py:183} INFO - Processing /Users/nitishbhattad/anaconda3/envs/flight-pipeline/lib/python3.11/site-packages/airflow/example_dags/example_params_trigger_ui.py took 0.121 seconds
[2026-06-06T20:32:56.648-0400] {processor.py:161} INFO - Started process (PID=64892) to work on /Users/nitishbhattad/anaconda3/envs/flight-pipeline/lib/python3.11/site-packages/airflow/example_dags/example_params_trigger_ui.py
[2026-06-06T20:32:56.650-0400] {processor.py:830} INFO - Processing file /Users/nitishbhattad/anaconda3/envs/flight-pipeline/lib/python3.11/site-packages/airflow/example_dags/example_params_trigger_ui.py for tasks to queue
[2026-06-06T20:32:56.650-0400] {logging_mixin.py:188} INFO - [2026-06-06T20:32:56.650-0400] {dagbag.py:538} INFO - Filling up the DagBag from /Users/nitishbhattad/anaconda3/envs/flight-pipeline/lib/python3.11/site-packages/airflow/example_dags/example_params_trigger_ui.py
[2026-06-06T20:32:56.669-0400] {processor.py:840} INFO - DAG(s) 'example_params_trigger_ui' retrieved from /Users/nitishbhattad/anaconda3/envs/flight-pipeline/lib/python3.11/site-packages/airflow/example_dags/example_params_trigger_ui.py
[2026-06-06T20:32:56.737-0400] {logging_mixin.py:188} INFO - [2026-06-06T20:32:56.737-0400] {dag.py:3036} INFO - Sync 1 DAGs
[2026-06-06T20:32:56.740-0400] {logging_mixin.py:188} INFO - [2026-06-06T20:32:56.740-0400] {dag.py:3823} INFO - Setting next_dagrun for example_params_trigger_ui to None, run_after=None
[2026-06-06T20:32:56.749-0400] {processor.py:183} INFO - Processing /Users/nitishbhattad/anaconda3/envs/flight-pipeline/lib/python3.11/site-packages/airflow/example_dags/example_params_trigger_ui.py took 0.101 seconds
[2026-06-06T20:34:56.792-0400] {processor.py:161} INFO - Started process (PID=65076) to work on /Users/nitishbhattad/anaconda3/envs/flight-pipeline/lib/python3.11/site-packages/airflow/example_dags/example_params_trigger_ui.py
[2026-06-06T20:34:56.793-0400] {processor.py:830} INFO - Processing file /Users/nitishbhattad/anaconda3/envs/flight-pipeline/lib/python3.11/site-packages/airflow/example_dags/example_params_trigger_ui.py for tasks to queue
[2026-06-06T20:34:56.794-0400] {logging_mixin.py:188} INFO - [2026-06-06T20:34:56.794-0400] {dagbag.py:538} INFO - Filling up the DagBag from /Users/nitishbhattad/anaconda3/envs/flight-pipeline/lib/python3.11/site-packages/airflow/example_dags/example_params_trigger_ui.py
[2026-06-06T20:34:56.811-0400] {processor.py:840} INFO - DAG(s) 'example_params_trigger_ui' retrieved from /Users/nitishbhattad/anaconda3/envs/flight-pipeline/lib/python3.11/site-packages/airflow/example_dags/example_params_trigger_ui.py
[2026-06-06T20:34:56.892-0400] {logging_mixin.py:188} INFO - [2026-06-06T20:34:56.891-0400] {dag.py:3036} INFO - Sync 1 DAGs
[2026-06-06T20:34:56.895-0400] {logging_mixin.py:188} INFO - [2026-06-06T20:34:56.895-0400] {dag.py:3823} INFO - Setting next_dagrun for example_params_trigger_ui to None, run_after=None
[2026-06-06T20:34:56.904-0400] {processor.py:183} INFO - Processing /Users/nitishbhattad/anaconda3/envs/flight-pipeline/lib/python3.11/site-packages/airflow/example_dags/example_params_trigger_ui.py took 0.113 seconds
[2026-06-06T20:37:02.212-0400] {processor.py:161} INFO - Started process (PID=65263) to work on /Users/nitishbhattad/anaconda3/envs/flight-pipeline/lib/python3.11/site-packages/airflow/example_dags/example_params_trigger_ui.py
[2026-06-06T20:37:02.213-0400] {processor.py:830} INFO - Processing file /Users/nitishbhattad/anaconda3/envs/flight-pipeline/lib/python3.11/site-packages/airflow/example_dags/example_params_trigger_ui.py for tasks to queue
[2026-06-06T20:37:02.213-0400] {logging_mixin.py:188} INFO - [2026-06-06T20:37:02.213-0400] {dagbag.py:538} INFO - Filling up the DagBag from /Users/nitishbhattad/anaconda3/envs/flight-pipeline/lib/python3.11/site-packages/airflow/example_dags/example_params_trigger_ui.py
[2026-06-06T20:37:02.234-0400] {processor.py:840} INFO - DAG(s) 'example_params_trigger_ui' retrieved from /Users/nitishbhattad/anaconda3/envs/flight-pipeline/lib/python3.11/site-packages/airflow/example_dags/example_params_trigger_ui.py
[2026-06-06T20:37:02.340-0400] {logging_mixin.py:188} INFO - [2026-06-06T20:37:02.340-0400] {dag.py:3036} INFO - Sync 1 DAGs
[2026-06-06T20:37:02.347-0400] {logging_mixin.py:188} INFO - [2026-06-06T20:37:02.347-0400] {dag.py:3823} INFO - Setting next_dagrun for example_params_trigger_ui to None, run_after=None
[2026-06-06T20:37:02.359-0400] {processor.py:183} INFO - Processing /Users/nitishbhattad/anaconda3/envs/flight-pipeline/lib/python3.11/site-packages/airflow/example_dags/example_params_trigger_ui.py took 0.149 seconds
[2026-06-06T20:39:08.382-0400] {processor.py:161} INFO - Started process (PID=65453) to work on /Users/nitishbhattad/anaconda3/envs/flight-pipeline/lib/python3.11/site-packages/airflow/example_dags/example_params_trigger_ui.py
[2026-06-06T20:39:08.383-0400] {processor.py:830} INFO - Processing file /Users/nitishbhattad/anaconda3/envs/flight-pipeline/lib/python3.11/site-packages/airflow/example_dags/example_params_trigger_ui.py for tasks to queue
[2026-06-06T20:39:08.384-0400] {logging_mixin.py:188} INFO - [2026-06-06T20:39:08.383-0400] {dagbag.py:538} INFO - Filling up the DagBag from /Users/nitishbhattad/anaconda3/envs/flight-pipeline/lib/python3.11/site-packages/airflow/example_dags/example_params_trigger_ui.py
[2026-06-06T20:39:08.403-0400] {processor.py:840} INFO - DAG(s) 'example_params_trigger_ui' retrieved from /Users/nitishbhattad/anaconda3/envs/flight-pipeline/lib/python3.11/site-packages/airflow/example_dags/example_params_trigger_ui.py
[2026-06-06T20:39:08.471-0400] {logging_mixin.py:188} INFO - [2026-06-06T20:39:08.471-0400] {dag.py:3036} INFO - Sync 1 DAGs
[2026-06-06T20:39:08.474-0400] {logging_mixin.py:188} INFO - [2026-06-06T20:39:08.474-0400] {dag.py:3823} INFO - Setting next_dagrun for example_params_trigger_ui to None, run_after=None
[2026-06-06T20:39:08.483-0400] {processor.py:183} INFO - Processing /Users/nitishbhattad/anaconda3/envs/flight-pipeline/lib/python3.11/site-packages/airflow/example_dags/example_params_trigger_ui.py took 0.101 seconds
[2026-06-06T20:41:19.974-0400] {processor.py:161} INFO - Started process (PID=65717) to work on /Users/nitishbhattad/anaconda3/envs/flight-pipeline/lib/python3.11/site-packages/airflow/example_dags/example_params_trigger_ui.py
[2026-06-06T20:41:19.976-0400] {processor.py:830} INFO - Processing file /Users/nitishbhattad/anaconda3/envs/flight-pipeline/lib/python3.11/site-packages/airflow/example_dags/example_params_trigger_ui.py for tasks to queue
[2026-06-06T20:41:19.977-0400] {logging_mixin.py:188} INFO - [2026-06-06T20:41:19.977-0400] {dagbag.py:538} INFO - Filling up the DagBag from /Users/nitishbhattad/anaconda3/envs/flight-pipeline/lib/python3.11/site-packages/airflow/example_dags/example_params_trigger_ui.py
[2026-06-06T20:41:20.003-0400] {processor.py:840} INFO - DAG(s) 'example_params_trigger_ui' retrieved from /Users/nitishbhattad/anaconda3/envs/flight-pipeline/lib/python3.11/site-packages/airflow/example_dags/example_params_trigger_ui.py
[2026-06-06T20:41:20.124-0400] {logging_mixin.py:188} INFO - [2026-06-06T20:41:20.124-0400] {dag.py:3036} INFO - Sync 1 DAGs
[2026-06-06T20:41:20.128-0400] {logging_mixin.py:188} INFO - [2026-06-06T20:41:20.128-0400] {dag.py:3823} INFO - Setting next_dagrun for example_params_trigger_ui to None, run_after=None
[2026-06-06T20:41:20.138-0400] {processor.py:183} INFO - Processing /Users/nitishbhattad/anaconda3/envs/flight-pipeline/lib/python3.11/site-packages/airflow/example_dags/example_params_trigger_ui.py took 0.166 seconds
[2026-06-06T20:43:18.001-0400] {processor.py:161} INFO - Started process (PID=65891) to work on /Users/nitishbhattad/anaconda3/envs/flight-pipeline/lib/python3.11/site-packages/airflow/example_dags/example_params_trigger_ui.py
[2026-06-06T20:43:18.002-0400] {processor.py:830} INFO - Processing file /Users/nitishbhattad/anaconda3/envs/flight-pipeline/lib/python3.11/site-packages/airflow/example_dags/example_params_trigger_ui.py for tasks to queue
[2026-06-06T20:43:18.003-0400] {logging_mixin.py:188} INFO - [2026-06-06T20:43:18.002-0400] {dagbag.py:538} INFO - Filling up the DagBag from /Users/nitishbhattad/anaconda3/envs/flight-pipeline/lib/python3.11/site-packages/airflow/example_dags/example_params_trigger_ui.py
[2026-06-06T20:43:18.021-0400] {processor.py:840} INFO - DAG(s) 'example_params_trigger_ui' retrieved from /Users/nitishbhattad/anaconda3/envs/flight-pipeline/lib/python3.11/site-packages/airflow/example_dags/example_params_trigger_ui.py
[2026-06-06T20:43:18.091-0400] {logging_mixin.py:188} INFO - [2026-06-06T20:43:18.090-0400] {dag.py:3036} INFO - Sync 1 DAGs
[2026-06-06T20:43:18.094-0400] {logging_mixin.py:188} INFO - [2026-06-06T20:43:18.094-0400] {dag.py:3823} INFO - Setting next_dagrun for example_params_trigger_ui to None, run_after=None
[2026-06-06T20:43:18.102-0400] {processor.py:183} INFO - Processing /Users/nitishbhattad/anaconda3/envs/flight-pipeline/lib/python3.11/site-packages/airflow/example_dags/example_params_trigger_ui.py took 0.101 seconds
[2026-06-06T20:45:24.522-0400] {processor.py:161} INFO - Started process (PID=66074) to work on /Users/nitishbhattad/anaconda3/envs/flight-pipeline/lib/python3.11/site-packages/airflow/example_dags/example_params_trigger_ui.py
[2026-06-06T20:45:24.523-0400] {processor.py:830} INFO - Processing file /Users/nitishbhattad/anaconda3/envs/flight-pipeline/lib/python3.11/site-packages/airflow/example_dags/example_params_trigger_ui.py for tasks to queue
[2026-06-06T20:45:24.523-0400] {logging_mixin.py:188} INFO - [2026-06-06T20:45:24.523-0400] {dagbag.py:538} INFO - Filling up the DagBag from /Users/nitishbhattad/anaconda3/envs/flight-pipeline/lib/python3.11/site-packages/airflow/example_dags/example_params_trigger_ui.py
[2026-06-06T20:45:24.561-0400] {processor.py:840} INFO - DAG(s) 'example_params_trigger_ui' retrieved from /Users/nitishbhattad/anaconda3/envs/flight-pipeline/lib/python3.11/site-packages/airflow/example_dags/example_params_trigger_ui.py
[2026-06-06T20:45:24.634-0400] {logging_mixin.py:188} INFO - [2026-06-06T20:45:24.634-0400] {dag.py:3036} INFO - Sync 1 DAGs
[2026-06-06T20:45:24.637-0400] {logging_mixin.py:188} INFO - [2026-06-06T20:45:24.637-0400] {dag.py:3823} INFO - Setting next_dagrun for example_params_trigger_ui to None, run_after=None
[2026-06-06T20:45:24.645-0400] {processor.py:183} INFO - Processing /Users/nitishbhattad/anaconda3/envs/flight-pipeline/lib/python3.11/site-packages/airflow/example_dags/example_params_trigger_ui.py took 0.127 seconds
[2026-06-06T20:47:31.492-0400] {processor.py:161} INFO - Started process (PID=66274) to work on /Users/nitishbhattad/anaconda3/envs/flight-pipeline/lib/python3.11/site-packages/airflow/example_dags/example_params_trigger_ui.py
[2026-06-06T20:47:31.494-0400] {processor.py:830} INFO - Processing file /Users/nitishbhattad/anaconda3/envs/flight-pipeline/lib/python3.11/site-packages/airflow/example_dags/example_params_trigger_ui.py for tasks to queue
[2026-06-06T20:47:31.494-0400] {logging_mixin.py:188} INFO - [2026-06-06T20:47:31.494-0400] {dagbag.py:538} INFO - Filling up the DagBag from /Users/nitishbhattad/anaconda3/envs/flight-pipeline/lib/python3.11/site-packages/airflow/example_dags/example_params_trigger_ui.py
[2026-06-06T20:47:31.514-0400] {processor.py:840} INFO - DAG(s) 'example_params_trigger_ui' retrieved from /Users/nitishbhattad/anaconda3/envs/flight-pipeline/lib/python3.11/site-packages/airflow/example_dags/example_params_trigger_ui.py
[2026-06-06T20:47:31.598-0400] {logging_mixin.py:188} INFO - [2026-06-06T20:47:31.598-0400] {dag.py:3036} INFO - Sync 1 DAGs
[2026-06-06T20:47:31.601-0400] {logging_mixin.py:188} INFO - [2026-06-06T20:47:31.601-0400] {dag.py:3823} INFO - Setting next_dagrun for example_params_trigger_ui to None, run_after=None
[2026-06-06T20:47:31.611-0400] {processor.py:183} INFO - Processing /Users/nitishbhattad/anaconda3/envs/flight-pipeline/lib/python3.11/site-packages/airflow/example_dags/example_params_trigger_ui.py took 0.120 seconds
[2026-06-06T20:49:29.457-0400] {processor.py:161} INFO - Started process (PID=66482) to work on /Users/nitishbhattad/anaconda3/envs/flight-pipeline/lib/python3.11/site-packages/airflow/example_dags/example_params_trigger_ui.py
[2026-06-06T20:49:29.458-0400] {processor.py:830} INFO - Processing file /Users/nitishbhattad/anaconda3/envs/flight-pipeline/lib/python3.11/site-packages/airflow/example_dags/example_params_trigger_ui.py for tasks to queue
[2026-06-06T20:49:29.458-0400] {logging_mixin.py:188} INFO - [2026-06-06T20:49:29.458-0400] {dagbag.py:538} INFO - Filling up the DagBag from /Users/nitishbhattad/anaconda3/envs/flight-pipeline/lib/python3.11/site-packages/airflow/example_dags/example_params_trigger_ui.py
[2026-06-06T20:49:29.475-0400] {processor.py:840} INFO - DAG(s) 'example_params_trigger_ui' retrieved from /Users/nitishbhattad/anaconda3/envs/flight-pipeline/lib/python3.11/site-packages/airflow/example_dags/example_params_trigger_ui.py
[2026-06-06T20:49:29.547-0400] {logging_mixin.py:188} INFO - [2026-06-06T20:49:29.547-0400] {dag.py:3036} INFO - Sync 1 DAGs
[2026-06-06T20:49:29.550-0400] {logging_mixin.py:188} INFO - [2026-06-06T20:49:29.550-0400] {dag.py:3823} INFO - Setting next_dagrun for example_params_trigger_ui to None, run_after=None
[2026-06-06T20:49:29.558-0400] {processor.py:183} INFO - Processing /Users/nitishbhattad/anaconda3/envs/flight-pipeline/lib/python3.11/site-packages/airflow/example_dags/example_params_trigger_ui.py took 0.102 seconds
