[2026-06-06T20:18:54.220-0400] {processor.py:161} INFO - Started process (PID=63564) to work on /Users/nitishbhattad/anaconda3/envs/flight-pipeline/lib/python3.11/site-packages/airflow/example_dags/example_subdag_operator.py
[2026-06-06T20:18:54.220-0400] {processor.py:830} INFO - Processing file /Users/nitishbhattad/anaconda3/envs/flight-pipeline/lib/python3.11/site-packages/airflow/example_dags/example_subdag_operator.py for tasks to queue
[2026-06-06T20:18:54.221-0400] {logging_mixin.py:188} INFO - [2026-06-06T20:18:54.221-0400] {dagbag.py:538} INFO - Filling up the DagBag from /Users/nitishbhattad/anaconda3/envs/flight-pipeline/lib/python3.11/site-packages/airflow/example_dags/example_subdag_operator.py
[2026-06-06T20:18:54.280-0400] {processor.py:840} INFO - DAG(s) 'example_subdag_operator.section-1', 'example_subdag_operator.section-2', 'example_subdag_operator' retrieved from /Users/nitishbhattad/anaconda3/envs/flight-pipeline/lib/python3.11/site-packages/airflow/example_dags/example_subdag_operator.py
[2026-06-06T20:18:54.322-0400] {logging_mixin.py:188} INFO - [2026-06-06T20:18:54.322-0400] {override.py:1769} INFO - Created Permission View: can edit on DAG:example_subdag_operator
[2026-06-06T20:18:54.325-0400] {logging_mixin.py:188} INFO - [2026-06-06T20:18:54.325-0400] {override.py:1769} INFO - Created Permission View: can read on DAG:example_subdag_operator
[2026-06-06T20:18:54.327-0400] {logging_mixin.py:188} INFO - [2026-06-06T20:18:54.327-0400] {override.py:1769} INFO - Created Permission View: can delete on DAG:example_subdag_operator
[2026-06-06T20:18:54.327-0400] {logging_mixin.py:188} INFO - [2026-06-06T20:18:54.327-0400] {dag.py:3036} INFO - Sync 3 DAGs
[2026-06-06T20:18:54.330-0400] {logging_mixin.py:188} INFO - [2026-06-06T20:18:54.330-0400] {dag.py:3058} INFO - Creating ORM DAG for example_subdag_operator.section-1
[2026-06-06T20:18:54.330-0400] {logging_mixin.py:188} INFO - [2026-06-06T20:18:54.330-0400] {dag.py:3058} INFO - Creating ORM DAG for example_subdag_operator
[2026-06-06T20:18:54.330-0400] {logging_mixin.py:188} INFO - [2026-06-06T20:18:54.330-0400] {dag.py:3058} INFO - Creating ORM DAG for example_subdag_operator.section-2
[2026-06-06T20:18:54.333-0400] {logging_mixin.py:188} INFO - [2026-06-06T20:18:54.333-0400] {dag.py:3823} INFO - Setting next_dagrun for example_subdag_operator to 2022-01-01 00:00:00+00:00, run_after=2022-01-01 00:00:00+00:00
[2026-06-06T20:18:54.333-0400] {logging_mixin.py:188} INFO - [2026-06-06T20:18:54.333-0400] {dag.py:3823} INFO - Setting next_dagrun for example_subdag_operator.section-1 to None, run_after=None
[2026-06-06T20:18:54.333-0400] {logging_mixin.py:188} INFO - [2026-06-06T20:18:54.333-0400] {dag.py:3823} INFO - Setting next_dagrun for example_subdag_operator.section-2 to None, run_after=None
[2026-06-06T20:18:54.335-0400] {logging_mixin.py:188} INFO - [2026-06-06T20:18:54.335-0400] {dag.py:3036} INFO - Sync 2 DAGs
[2026-06-06T20:18:54.336-0400] {logging_mixin.py:188} INFO - [2026-06-06T20:18:54.336-0400] {dag.py:3823} INFO - Setting next_dagrun for example_subdag_operator.section-1 to None, run_after=None
[2026-06-06T20:18:54.338-0400] {logging_mixin.py:188} INFO - [2026-06-06T20:18:54.338-0400] {dag.py:3823} INFO - Setting next_dagrun for example_subdag_operator.section-2 to None, run_after=None
[2026-06-06T20:18:54.343-0400] {processor.py:183} INFO - Processing /Users/nitishbhattad/anaconda3/envs/flight-pipeline/lib/python3.11/site-packages/airflow/example_dags/example_subdag_operator.py took 0.123 seconds
[2026-06-06T20:20:25.199-0400] {processor.py:161} INFO - Started process (PID=63701) to work on /Users/nitishbhattad/anaconda3/envs/flight-pipeline/lib/python3.11/site-packages/airflow/example_dags/example_subdag_operator.py
[2026-06-06T20:20:25.199-0400] {processor.py:830} INFO - Processing file /Users/nitishbhattad/anaconda3/envs/flight-pipeline/lib/python3.11/site-packages/airflow/example_dags/example_subdag_operator.py for tasks to queue
[2026-06-06T20:20:25.200-0400] {logging_mixin.py:188} INFO - [2026-06-06T20:20:25.200-0400] {dagbag.py:538} INFO - Filling up the DagBag from /Users/nitishbhattad/anaconda3/envs/flight-pipeline/lib/python3.11/site-packages/airflow/example_dags/example_subdag_operator.py
[2026-06-06T20:20:25.271-0400] {processor.py:840} INFO - DAG(s) 'example_subdag_operator.section-1', 'example_subdag_operator.section-2', 'example_subdag_operator' retrieved from /Users/nitishbhattad/anaconda3/envs/flight-pipeline/lib/python3.11/site-packages/airflow/example_dags/example_subdag_operator.py
[2026-06-06T20:20:25.294-0400] {logging_mixin.py:188} INFO - [2026-06-06T20:20:25.293-0400] {dag.py:3036} INFO - Sync 3 DAGs
[2026-06-06T20:20:25.301-0400] {logging_mixin.py:188} INFO - [2026-06-06T20:20:25.300-0400] {dag.py:3823} INFO - Setting next_dagrun for example_subdag_operator to 2022-01-01 00:00:00+00:00, run_after=2022-01-01 00:00:00+00:00
[2026-06-06T20:20:25.302-0400] {logging_mixin.py:188} INFO - [2026-06-06T20:20:25.302-0400] {dag.py:3823} INFO - Setting next_dagrun for example_subdag_operator.section-1 to None, run_after=None
[2026-06-06T20:20:25.302-0400] {logging_mixin.py:188} INFO - [2026-06-06T20:20:25.302-0400] {dag.py:3823} INFO - Setting next_dagrun for example_subdag_operator.section-2 to None, run_after=None
[2026-06-06T20:20:25.304-0400] {logging_mixin.py:188} INFO - [2026-06-06T20:20:25.304-0400] {dag.py:3036} INFO - Sync 2 DAGs
[2026-06-06T20:20:25.305-0400] {logging_mixin.py:188} INFO - [2026-06-06T20:20:25.305-0400] {dag.py:3823} INFO - Setting next_dagrun for example_subdag_operator.section-1 to None, run_after=None
[2026-06-06T20:20:25.306-0400] {logging_mixin.py:188} INFO - [2026-06-06T20:20:25.305-0400] {dag.py:3823} INFO - Setting next_dagrun for example_subdag_operator.section-2 to None, run_after=None
[2026-06-06T20:20:25.311-0400] {processor.py:183} INFO - Processing /Users/nitishbhattad/anaconda3/envs/flight-pipeline/lib/python3.11/site-packages/airflow/example_dags/example_subdag_operator.py took 0.114 seconds
[2026-06-06T20:21:28.948-0400] {processor.py:161} INFO - Started process (PID=63792) to work on /Users/nitishbhattad/anaconda3/envs/flight-pipeline/lib/python3.11/site-packages/airflow/example_dags/example_subdag_operator.py
[2026-06-06T20:21:28.949-0400] {processor.py:830} INFO - Processing file /Users/nitishbhattad/anaconda3/envs/flight-pipeline/lib/python3.11/site-packages/airflow/example_dags/example_subdag_operator.py for tasks to queue
[2026-06-06T20:21:28.950-0400] {logging_mixin.py:188} INFO - [2026-06-06T20:21:28.950-0400] {dagbag.py:538} INFO - Filling up the DagBag from /Users/nitishbhattad/anaconda3/envs/flight-pipeline/lib/python3.11/site-packages/airflow/example_dags/example_subdag_operator.py
[2026-06-06T20:21:29.018-0400] {processor.py:840} INFO - DAG(s) 'example_subdag_operator.section-1', 'example_subdag_operator.section-2', 'example_subdag_operator' retrieved from /Users/nitishbhattad/anaconda3/envs/flight-pipeline/lib/python3.11/site-packages/airflow/example_dags/example_subdag_operator.py
[2026-06-06T20:21:29.032-0400] {logging_mixin.py:188} INFO - [2026-06-06T20:21:29.032-0400] {dag.py:3036} INFO - Sync 3 DAGs
[2026-06-06T20:21:29.038-0400] {logging_mixin.py:188} INFO - [2026-06-06T20:21:29.038-0400] {dag.py:3823} INFO - Setting next_dagrun for example_subdag_operator to 2022-01-01 00:00:00+00:00, run_after=2022-01-01 00:00:00+00:00
[2026-06-06T20:21:29.040-0400] {logging_mixin.py:188} INFO - [2026-06-06T20:21:29.040-0400] {dag.py:3823} INFO - Setting next_dagrun for example_subdag_operator.section-1 to None, run_after=None
[2026-06-06T20:21:29.041-0400] {logging_mixin.py:188} INFO - [2026-06-06T20:21:29.041-0400] {dag.py:3823} INFO - Setting next_dagrun for example_subdag_operator.section-2 to None, run_after=None
[2026-06-06T20:21:29.043-0400] {logging_mixin.py:188} INFO - [2026-06-06T20:21:29.043-0400] {dag.py:3036} INFO - Sync 2 DAGs
[2026-06-06T20:21:29.044-0400] {logging_mixin.py:188} INFO - [2026-06-06T20:21:29.044-0400] {dag.py:3823} INFO - Setting next_dagrun for example_subdag_operator.section-1 to None, run_after=None
[2026-06-06T20:21:29.044-0400] {logging_mixin.py:188} INFO - [2026-06-06T20:21:29.044-0400] {dag.py:3823} INFO - Setting next_dagrun for example_subdag_operator.section-2 to None, run_after=None
[2026-06-06T20:21:29.050-0400] {processor.py:183} INFO - Processing /Users/nitishbhattad/anaconda3/envs/flight-pipeline/lib/python3.11/site-packages/airflow/example_dags/example_subdag_operator.py took 0.103 seconds
[2026-06-06T20:23:40.311-0400] {processor.py:161} INFO - Started process (PID=64026) to work on /Users/nitishbhattad/anaconda3/envs/flight-pipeline/lib/python3.11/site-packages/airflow/example_dags/example_subdag_operator.py
[2026-06-06T20:23:40.312-0400] {processor.py:830} INFO - Processing file /Users/nitishbhattad/anaconda3/envs/flight-pipeline/lib/python3.11/site-packages/airflow/example_dags/example_subdag_operator.py for tasks to queue
[2026-06-06T20:23:40.312-0400] {logging_mixin.py:188} INFO - [2026-06-06T20:23:40.312-0400] {dagbag.py:538} INFO - Filling up the DagBag from /Users/nitishbhattad/anaconda3/envs/flight-pipeline/lib/python3.11/site-packages/airflow/example_dags/example_subdag_operator.py
[2026-06-06T20:23:40.379-0400] {processor.py:840} INFO - DAG(s) 'example_subdag_operator.section-1', 'example_subdag_operator.section-2', 'example_subdag_operator' retrieved from /Users/nitishbhattad/anaconda3/envs/flight-pipeline/lib/python3.11/site-packages/airflow/example_dags/example_subdag_operator.py
[2026-06-06T20:23:40.392-0400] {logging_mixin.py:188} INFO - [2026-06-06T20:23:40.392-0400] {dag.py:3036} INFO - Sync 3 DAGs
[2026-06-06T20:23:40.398-0400] {logging_mixin.py:188} INFO - [2026-06-06T20:23:40.398-0400] {dag.py:3823} INFO - Setting next_dagrun for example_subdag_operator to 2022-01-01 00:00:00+00:00, run_after=2022-01-01 00:00:00+00:00
[2026-06-06T20:23:40.400-0400] {logging_mixin.py:188} INFO - [2026-06-06T20:23:40.400-0400] {dag.py:3823} INFO - Setting next_dagrun for example_subdag_operator.section-1 to None, run_after=None
[2026-06-06T20:23:40.400-0400] {logging_mixin.py:188} INFO - [2026-06-06T20:23:40.400-0400] {dag.py:3823} INFO - Setting next_dagrun for example_subdag_operator.section-2 to None, run_after=None
[2026-06-06T20:23:40.402-0400] {logging_mixin.py:188} INFO - [2026-06-06T20:23:40.402-0400] {dag.py:3036} INFO - Sync 2 DAGs
[2026-06-06T20:23:40.403-0400] {logging_mixin.py:188} INFO - [2026-06-06T20:23:40.403-0400] {dag.py:3823} INFO - Setting next_dagrun for example_subdag_operator.section-1 to None, run_after=None
[2026-06-06T20:23:40.403-0400] {logging_mixin.py:188} INFO - [2026-06-06T20:23:40.403-0400] {dag.py:3823} INFO - Setting next_dagrun for example_subdag_operator.section-2 to None, run_after=None
[2026-06-06T20:23:40.409-0400] {processor.py:183} INFO - Processing /Users/nitishbhattad/anaconda3/envs/flight-pipeline/lib/python3.11/site-packages/airflow/example_dags/example_subdag_operator.py took 0.100 seconds
[2026-06-06T20:24:54.529-0400] {processor.py:161} INFO - Started process (PID=64149) to work on /Users/nitishbhattad/anaconda3/envs/flight-pipeline/lib/python3.11/site-packages/airflow/example_dags/example_subdag_operator.py
[2026-06-06T20:24:54.530-0400] {processor.py:830} INFO - Processing file /Users/nitishbhattad/anaconda3/envs/flight-pipeline/lib/python3.11/site-packages/airflow/example_dags/example_subdag_operator.py for tasks to queue
[2026-06-06T20:24:54.531-0400] {logging_mixin.py:188} INFO - [2026-06-06T20:24:54.530-0400] {dagbag.py:538} INFO - Filling up the DagBag from /Users/nitishbhattad/anaconda3/envs/flight-pipeline/lib/python3.11/site-packages/airflow/example_dags/example_subdag_operator.py
[2026-06-06T20:24:54.588-0400] {processor.py:840} INFO - DAG(s) 'example_subdag_operator.section-1', 'example_subdag_operator.section-2', 'example_subdag_operator' retrieved from /Users/nitishbhattad/anaconda3/envs/flight-pipeline/lib/python3.11/site-packages/airflow/example_dags/example_subdag_operator.py
[2026-06-06T20:24:54.600-0400] {logging_mixin.py:188} INFO - [2026-06-06T20:24:54.600-0400] {dag.py:3036} INFO - Sync 3 DAGs
[2026-06-06T20:24:54.606-0400] {logging_mixin.py:188} INFO - [2026-06-06T20:24:54.606-0400] {dag.py:3823} INFO - Setting next_dagrun for example_subdag_operator to 2022-01-01 00:00:00+00:00, run_after=2022-01-01 00:00:00+00:00
[2026-06-06T20:24:54.607-0400] {logging_mixin.py:188} INFO - [2026-06-06T20:24:54.607-0400] {dag.py:3823} INFO - Setting next_dagrun for example_subdag_operator.section-1 to None, run_after=None
[2026-06-06T20:24:54.608-0400] {logging_mixin.py:188} INFO - [2026-06-06T20:24:54.608-0400] {dag.py:3823} INFO - Setting next_dagrun for example_subdag_operator.section-2 to None, run_after=None
[2026-06-06T20:24:54.610-0400] {logging_mixin.py:188} INFO - [2026-06-06T20:24:54.609-0400] {dag.py:3036} INFO - Sync 2 DAGs
[2026-06-06T20:24:54.611-0400] {logging_mixin.py:188} INFO - [2026-06-06T20:24:54.611-0400] {dag.py:3823} INFO - Setting next_dagrun for example_subdag_operator.section-1 to None, run_after=None
[2026-06-06T20:24:54.611-0400] {logging_mixin.py:188} INFO - [2026-06-06T20:24:54.611-0400] {dag.py:3823} INFO - Setting next_dagrun for example_subdag_operator.section-2 to None, run_after=None
[2026-06-06T20:24:54.616-0400] {processor.py:183} INFO - Processing /Users/nitishbhattad/anaconda3/envs/flight-pipeline/lib/python3.11/site-packages/airflow/example_dags/example_subdag_operator.py took 0.088 seconds
[2026-06-06T20:26:04.348-0400] {processor.py:161} INFO - Started process (PID=64261) to work on /Users/nitishbhattad/anaconda3/envs/flight-pipeline/lib/python3.11/site-packages/airflow/example_dags/example_subdag_operator.py
[2026-06-06T20:26:04.349-0400] {processor.py:830} INFO - Processing file /Users/nitishbhattad/anaconda3/envs/flight-pipeline/lib/python3.11/site-packages/airflow/example_dags/example_subdag_operator.py for tasks to queue
[2026-06-06T20:26:04.350-0400] {logging_mixin.py:188} INFO - [2026-06-06T20:26:04.349-0400] {dagbag.py:538} INFO - Filling up the DagBag from /Users/nitishbhattad/anaconda3/envs/flight-pipeline/lib/python3.11/site-packages/airflow/example_dags/example_subdag_operator.py
[2026-06-06T20:26:04.427-0400] {processor.py:840} INFO - DAG(s) 'example_subdag_operator.section-1', 'example_subdag_operator.section-2', 'example_subdag_operator' retrieved from /Users/nitishbhattad/anaconda3/envs/flight-pipeline/lib/python3.11/site-packages/airflow/example_dags/example_subdag_operator.py
[2026-06-06T20:26:04.445-0400] {logging_mixin.py:188} INFO - [2026-06-06T20:26:04.445-0400] {dag.py:3036} INFO - Sync 3 DAGs
[2026-06-06T20:26:04.455-0400] {logging_mixin.py:188} INFO - [2026-06-06T20:26:04.455-0400] {dag.py:3823} INFO - Setting next_dagrun for example_subdag_operator to 2022-01-01 00:00:00+00:00, run_after=2022-01-01 00:00:00+00:00
[2026-06-06T20:26:04.457-0400] {logging_mixin.py:188} INFO - [2026-06-06T20:26:04.457-0400] {dag.py:3823} INFO - Setting next_dagrun for example_subdag_operator.section-1 to None, run_after=None
[2026-06-06T20:26:04.457-0400] {logging_mixin.py:188} INFO - [2026-06-06T20:26:04.457-0400] {dag.py:3823} INFO - Setting next_dagrun for example_subdag_operator.section-2 to None, run_after=None
[2026-06-06T20:26:04.459-0400] {logging_mixin.py:188} INFO - [2026-06-06T20:26:04.459-0400] {dag.py:3036} INFO - Sync 2 DAGs
[2026-06-06T20:26:04.461-0400] {logging_mixin.py:188} INFO - [2026-06-06T20:26:04.461-0400] {dag.py:3823} INFO - Setting next_dagrun for example_subdag_operator.section-1 to None, run_after=None
[2026-06-06T20:26:04.462-0400] {logging_mixin.py:188} INFO - [2026-06-06T20:26:04.462-0400] {dag.py:3823} INFO - Setting next_dagrun for example_subdag_operator.section-2 to None, run_after=None
[2026-06-06T20:26:04.469-0400] {processor.py:183} INFO - Processing /Users/nitishbhattad/anaconda3/envs/flight-pipeline/lib/python3.11/site-packages/airflow/example_dags/example_subdag_operator.py took 0.122 seconds
[2026-06-06T20:27:10.028-0400] {processor.py:161} INFO - Started process (PID=64376) to work on /Users/nitishbhattad/anaconda3/envs/flight-pipeline/lib/python3.11/site-packages/airflow/example_dags/example_subdag_operator.py
[2026-06-06T20:27:10.029-0400] {processor.py:830} INFO - Processing file /Users/nitishbhattad/anaconda3/envs/flight-pipeline/lib/python3.11/site-packages/airflow/example_dags/example_subdag_operator.py for tasks to queue
[2026-06-06T20:27:10.029-0400] {logging_mixin.py:188} INFO - [2026-06-06T20:27:10.029-0400] {dagbag.py:538} INFO - Filling up the DagBag from /Users/nitishbhattad/anaconda3/envs/flight-pipeline/lib/python3.11/site-packages/airflow/example_dags/example_subdag_operator.py
[2026-06-06T20:27:10.098-0400] {processor.py:840} INFO - DAG(s) 'example_subdag_operator.section-1', 'example_subdag_operator.section-2', 'example_subdag_operator' retrieved from /Users/nitishbhattad/anaconda3/envs/flight-pipeline/lib/python3.11/site-packages/airflow/example_dags/example_subdag_operator.py
[2026-06-06T20:27:10.112-0400] {logging_mixin.py:188} INFO - [2026-06-06T20:27:10.112-0400] {dag.py:3036} INFO - Sync 3 DAGs
[2026-06-06T20:27:10.119-0400] {logging_mixin.py:188} INFO - [2026-06-06T20:27:10.119-0400] {dag.py:3823} INFO - Setting next_dagrun for example_subdag_operator to 2022-01-01 00:00:00+00:00, run_after=2022-01-01 00:00:00+00:00
[2026-06-06T20:27:10.120-0400] {logging_mixin.py:188} INFO - [2026-06-06T20:27:10.120-0400] {dag.py:3823} INFO - Setting next_dagrun for example_subdag_operator.section-1 to None, run_after=None
[2026-06-06T20:27:10.121-0400] {logging_mixin.py:188} INFO - [2026-06-06T20:27:10.121-0400] {dag.py:3823} INFO - Setting next_dagrun for example_subdag_operator.section-2 to None, run_after=None
[2026-06-06T20:27:10.123-0400] {logging_mixin.py:188} INFO - [2026-06-06T20:27:10.123-0400] {dag.py:3036} INFO - Sync 2 DAGs
[2026-06-06T20:27:10.124-0400] {logging_mixin.py:188} INFO - [2026-06-06T20:27:10.124-0400] {dag.py:3823} INFO - Setting next_dagrun for example_subdag_operator.section-1 to None, run_after=None
[2026-06-06T20:27:10.125-0400] {logging_mixin.py:188} INFO - [2026-06-06T20:27:10.124-0400] {dag.py:3823} INFO - Setting next_dagrun for example_subdag_operator.section-2 to None, run_after=None
[2026-06-06T20:27:10.131-0400] {processor.py:183} INFO - Processing /Users/nitishbhattad/anaconda3/envs/flight-pipeline/lib/python3.11/site-packages/airflow/example_dags/example_subdag_operator.py took 0.104 seconds
[2026-06-06T20:29:11.516-0400] {processor.py:161} INFO - Started process (PID=64557) to work on /Users/nitishbhattad/anaconda3/envs/flight-pipeline/lib/python3.11/site-packages/airflow/example_dags/example_subdag_operator.py
[2026-06-06T20:29:11.516-0400] {processor.py:830} INFO - Processing file /Users/nitishbhattad/anaconda3/envs/flight-pipeline/lib/python3.11/site-packages/airflow/example_dags/example_subdag_operator.py for tasks to queue
[2026-06-06T20:29:11.517-0400] {logging_mixin.py:188} INFO - [2026-06-06T20:29:11.517-0400] {dagbag.py:538} INFO - Filling up the DagBag from /Users/nitishbhattad/anaconda3/envs/flight-pipeline/lib/python3.11/site-packages/airflow/example_dags/example_subdag_operator.py
[2026-06-06T20:29:11.585-0400] {processor.py:840} INFO - DAG(s) 'example_subdag_operator.section-1', 'example_subdag_operator.section-2', 'example_subdag_operator' retrieved from /Users/nitishbhattad/anaconda3/envs/flight-pipeline/lib/python3.11/site-packages/airflow/example_dags/example_subdag_operator.py
[2026-06-06T20:29:11.598-0400] {logging_mixin.py:188} INFO - [2026-06-06T20:29:11.598-0400] {dag.py:3036} INFO - Sync 3 DAGs
[2026-06-06T20:29:11.605-0400] {logging_mixin.py:188} INFO - [2026-06-06T20:29:11.605-0400] {dag.py:3823} INFO - Setting next_dagrun for example_subdag_operator to 2022-01-01 00:00:00+00:00, run_after=2022-01-01 00:00:00+00:00
[2026-06-06T20:29:11.606-0400] {logging_mixin.py:188} INFO - [2026-06-06T20:29:11.606-0400] {dag.py:3823} INFO - Setting next_dagrun for example_subdag_operator.section-1 to None, run_after=None
[2026-06-06T20:29:11.607-0400] {logging_mixin.py:188} INFO - [2026-06-06T20:29:11.607-0400] {dag.py:3823} INFO - Setting next_dagrun for example_subdag_operator.section-2 to None, run_after=None
[2026-06-06T20:29:11.609-0400] {logging_mixin.py:188} INFO - [2026-06-06T20:29:11.609-0400] {dag.py:3036} INFO - Sync 2 DAGs
[2026-06-06T20:29:11.611-0400] {logging_mixin.py:188} INFO - [2026-06-06T20:29:11.610-0400] {dag.py:3823} INFO - Setting next_dagrun for example_subdag_operator.section-1 to None, run_after=None
[2026-06-06T20:29:11.611-0400] {logging_mixin.py:188} INFO - [2026-06-06T20:29:11.611-0400] {dag.py:3823} INFO - Setting next_dagrun for example_subdag_operator.section-2 to None, run_after=None
[2026-06-06T20:29:11.617-0400] {processor.py:183} INFO - Processing /Users/nitishbhattad/anaconda3/envs/flight-pipeline/lib/python3.11/site-packages/airflow/example_dags/example_subdag_operator.py took 0.103 seconds
[2026-06-06T20:31:28.149-0400] {processor.py:161} INFO - Started process (PID=64764) to work on /Users/nitishbhattad/anaconda3/envs/flight-pipeline/lib/python3.11/site-packages/airflow/example_dags/example_subdag_operator.py
[2026-06-06T20:31:28.150-0400] {processor.py:830} INFO - Processing file /Users/nitishbhattad/anaconda3/envs/flight-pipeline/lib/python3.11/site-packages/airflow/example_dags/example_subdag_operator.py for tasks to queue
[2026-06-06T20:31:28.151-0400] {logging_mixin.py:188} INFO - [2026-06-06T20:31:28.150-0400] {dagbag.py:538} INFO - Filling up the DagBag from /Users/nitishbhattad/anaconda3/envs/flight-pipeline/lib/python3.11/site-packages/airflow/example_dags/example_subdag_operator.py
[2026-06-06T20:31:28.238-0400] {processor.py:840} INFO - DAG(s) 'example_subdag_operator.section-1', 'example_subdag_operator.section-2', 'example_subdag_operator' retrieved from /Users/nitishbhattad/anaconda3/envs/flight-pipeline/lib/python3.11/site-packages/airflow/example_dags/example_subdag_operator.py
[2026-06-06T20:31:28.254-0400] {logging_mixin.py:188} INFO - [2026-06-06T20:31:28.254-0400] {dag.py:3036} INFO - Sync 3 DAGs
[2026-06-06T20:31:28.262-0400] {logging_mixin.py:188} INFO - [2026-06-06T20:31:28.262-0400] {dag.py:3823} INFO - Setting next_dagrun for example_subdag_operator to 2022-01-01 00:00:00+00:00, run_after=2022-01-01 00:00:00+00:00
[2026-06-06T20:31:28.263-0400] {logging_mixin.py:188} INFO - [2026-06-06T20:31:28.263-0400] {dag.py:3823} INFO - Setting next_dagrun for example_subdag_operator.section-1 to None, run_after=None
[2026-06-06T20:31:28.263-0400] {logging_mixin.py:188} INFO - [2026-06-06T20:31:28.263-0400] {dag.py:3823} INFO - Setting next_dagrun for example_subdag_operator.section-2 to None, run_after=None
[2026-06-06T20:31:28.266-0400] {logging_mixin.py:188} INFO - [2026-06-06T20:31:28.266-0400] {dag.py:3036} INFO - Sync 2 DAGs
[2026-06-06T20:31:28.267-0400] {logging_mixin.py:188} INFO - [2026-06-06T20:31:28.267-0400] {dag.py:3823} INFO - Setting next_dagrun for example_subdag_operator.section-1 to None, run_after=None
[2026-06-06T20:31:28.267-0400] {logging_mixin.py:188} INFO - [2026-06-06T20:31:28.267-0400] {dag.py:3823} INFO - Setting next_dagrun for example_subdag_operator.section-2 to None, run_after=None
[2026-06-06T20:31:28.274-0400] {processor.py:183} INFO - Processing /Users/nitishbhattad/anaconda3/envs/flight-pipeline/lib/python3.11/site-packages/airflow/example_dags/example_subdag_operator.py took 0.125 seconds
[2026-06-06T20:32:41.797-0400] {processor.py:161} INFO - Started process (PID=64870) to work on /Users/nitishbhattad/anaconda3/envs/flight-pipeline/lib/python3.11/site-packages/airflow/example_dags/example_subdag_operator.py
[2026-06-06T20:32:41.797-0400] {processor.py:830} INFO - Processing file /Users/nitishbhattad/anaconda3/envs/flight-pipeline/lib/python3.11/site-packages/airflow/example_dags/example_subdag_operator.py for tasks to queue
[2026-06-06T20:32:41.798-0400] {logging_mixin.py:188} INFO - [2026-06-06T20:32:41.798-0400] {dagbag.py:538} INFO - Filling up the DagBag from /Users/nitishbhattad/anaconda3/envs/flight-pipeline/lib/python3.11/site-packages/airflow/example_dags/example_subdag_operator.py
[2026-06-06T20:32:41.865-0400] {processor.py:840} INFO - DAG(s) 'example_subdag_operator.section-1', 'example_subdag_operator.section-2', 'example_subdag_operator' retrieved from /Users/nitishbhattad/anaconda3/envs/flight-pipeline/lib/python3.11/site-packages/airflow/example_dags/example_subdag_operator.py
[2026-06-06T20:32:41.878-0400] {logging_mixin.py:188} INFO - [2026-06-06T20:32:41.878-0400] {dag.py:3036} INFO - Sync 3 DAGs
[2026-06-06T20:32:41.885-0400] {logging_mixin.py:188} INFO - [2026-06-06T20:32:41.885-0400] {dag.py:3823} INFO - Setting next_dagrun for example_subdag_operator to 2022-01-01 00:00:00+00:00, run_after=2022-01-01 00:00:00+00:00
[2026-06-06T20:32:41.886-0400] {logging_mixin.py:188} INFO - [2026-06-06T20:32:41.886-0400] {dag.py:3823} INFO - Setting next_dagrun for example_subdag_operator.section-1 to None, run_after=None
[2026-06-06T20:32:41.886-0400] {logging_mixin.py:188} INFO - [2026-06-06T20:32:41.886-0400] {dag.py:3823} INFO - Setting next_dagrun for example_subdag_operator.section-2 to None, run_after=None
[2026-06-06T20:32:41.888-0400] {logging_mixin.py:188} INFO - [2026-06-06T20:32:41.888-0400] {dag.py:3036} INFO - Sync 2 DAGs
[2026-06-06T20:32:41.890-0400] {logging_mixin.py:188} INFO - [2026-06-06T20:32:41.890-0400] {dag.py:3823} INFO - Setting next_dagrun for example_subdag_operator.section-1 to None, run_after=None
[2026-06-06T20:32:41.890-0400] {logging_mixin.py:188} INFO - [2026-06-06T20:32:41.890-0400] {dag.py:3823} INFO - Setting next_dagrun for example_subdag_operator.section-2 to None, run_after=None
[2026-06-06T20:32:41.899-0400] {processor.py:183} INFO - Processing /Users/nitishbhattad/anaconda3/envs/flight-pipeline/lib/python3.11/site-packages/airflow/example_dags/example_subdag_operator.py took 0.103 seconds
[2026-06-06T20:33:45.660-0400] {processor.py:161} INFO - Started process (PID=64962) to work on /Users/nitishbhattad/anaconda3/envs/flight-pipeline/lib/python3.11/site-packages/airflow/example_dags/example_subdag_operator.py
[2026-06-06T20:33:45.661-0400] {processor.py:830} INFO - Processing file /Users/nitishbhattad/anaconda3/envs/flight-pipeline/lib/python3.11/site-packages/airflow/example_dags/example_subdag_operator.py for tasks to queue
[2026-06-06T20:33:45.662-0400] {logging_mixin.py:188} INFO - [2026-06-06T20:33:45.661-0400] {dagbag.py:538} INFO - Filling up the DagBag from /Users/nitishbhattad/anaconda3/envs/flight-pipeline/lib/python3.11/site-packages/airflow/example_dags/example_subdag_operator.py
[2026-06-06T20:33:45.719-0400] {processor.py:840} INFO - DAG(s) 'example_subdag_operator.section-1', 'example_subdag_operator.section-2', 'example_subdag_operator' retrieved from /Users/nitishbhattad/anaconda3/envs/flight-pipeline/lib/python3.11/site-packages/airflow/example_dags/example_subdag_operator.py
[2026-06-06T20:33:45.731-0400] {logging_mixin.py:188} INFO - [2026-06-06T20:33:45.731-0400] {dag.py:3036} INFO - Sync 3 DAGs
[2026-06-06T20:33:45.738-0400] {logging_mixin.py:188} INFO - [2026-06-06T20:33:45.737-0400] {dag.py:3823} INFO - Setting next_dagrun for example_subdag_operator to 2022-01-01 00:00:00+00:00, run_after=2022-01-01 00:00:00+00:00
[2026-06-06T20:33:45.739-0400] {logging_mixin.py:188} INFO - [2026-06-06T20:33:45.739-0400] {dag.py:3823} INFO - Setting next_dagrun for example_subdag_operator.section-1 to None, run_after=None
[2026-06-06T20:33:45.739-0400] {logging_mixin.py:188} INFO - [2026-06-06T20:33:45.739-0400] {dag.py:3823} INFO - Setting next_dagrun for example_subdag_operator.section-2 to None, run_after=None
[2026-06-06T20:33:45.742-0400] {logging_mixin.py:188} INFO - [2026-06-06T20:33:45.742-0400] {dag.py:3036} INFO - Sync 2 DAGs
[2026-06-06T20:33:45.743-0400] {logging_mixin.py:188} INFO - [2026-06-06T20:33:45.743-0400] {dag.py:3823} INFO - Setting next_dagrun for example_subdag_operator.section-1 to None, run_after=None
[2026-06-06T20:33:45.743-0400] {logging_mixin.py:188} INFO - [2026-06-06T20:33:45.743-0400] {dag.py:3823} INFO - Setting next_dagrun for example_subdag_operator.section-2 to None, run_after=None
[2026-06-06T20:33:45.749-0400] {processor.py:183} INFO - Processing /Users/nitishbhattad/anaconda3/envs/flight-pipeline/lib/python3.11/site-packages/airflow/example_dags/example_subdag_operator.py took 0.090 seconds
[2026-06-06T20:35:41.389-0400] {processor.py:161} INFO - Started process (PID=65140) to work on /Users/nitishbhattad/anaconda3/envs/flight-pipeline/lib/python3.11/site-packages/airflow/example_dags/example_subdag_operator.py
[2026-06-06T20:35:41.391-0400] {processor.py:830} INFO - Processing file /Users/nitishbhattad/anaconda3/envs/flight-pipeline/lib/python3.11/site-packages/airflow/example_dags/example_subdag_operator.py for tasks to queue
[2026-06-06T20:35:41.391-0400] {logging_mixin.py:188} INFO - [2026-06-06T20:35:41.391-0400] {dagbag.py:538} INFO - Filling up the DagBag from /Users/nitishbhattad/anaconda3/envs/flight-pipeline/lib/python3.11/site-packages/airflow/example_dags/example_subdag_operator.py
[2026-06-06T20:35:41.447-0400] {processor.py:840} INFO - DAG(s) 'example_subdag_operator.section-1', 'example_subdag_operator.section-2', 'example_subdag_operator' retrieved from /Users/nitishbhattad/anaconda3/envs/flight-pipeline/lib/python3.11/site-packages/airflow/example_dags/example_subdag_operator.py
[2026-06-06T20:35:41.459-0400] {logging_mixin.py:188} INFO - [2026-06-06T20:35:41.459-0400] {dag.py:3036} INFO - Sync 3 DAGs
[2026-06-06T20:35:41.465-0400] {logging_mixin.py:188} INFO - [2026-06-06T20:35:41.464-0400] {dag.py:3823} INFO - Setting next_dagrun for example_subdag_operator to 2022-01-01 00:00:00+00:00, run_after=2022-01-01 00:00:00+00:00
[2026-06-06T20:35:41.466-0400] {logging_mixin.py:188} INFO - [2026-06-06T20:35:41.465-0400] {dag.py:3823} INFO - Setting next_dagrun for example_subdag_operator.section-1 to None, run_after=None
[2026-06-06T20:35:41.466-0400] {logging_mixin.py:188} INFO - [2026-06-06T20:35:41.466-0400] {dag.py:3823} INFO - Setting next_dagrun for example_subdag_operator.section-2 to None, run_after=None
[2026-06-06T20:35:41.468-0400] {logging_mixin.py:188} INFO - [2026-06-06T20:35:41.468-0400] {dag.py:3036} INFO - Sync 2 DAGs
[2026-06-06T20:35:41.469-0400] {logging_mixin.py:188} INFO - [2026-06-06T20:35:41.469-0400] {dag.py:3823} INFO - Setting next_dagrun for example_subdag_operator.section-1 to None, run_after=None
[2026-06-06T20:35:41.469-0400] {logging_mixin.py:188} INFO - [2026-06-06T20:35:41.469-0400] {dag.py:3823} INFO - Setting next_dagrun for example_subdag_operator.section-2 to None, run_after=None
[2026-06-06T20:35:41.474-0400] {processor.py:183} INFO - Processing /Users/nitishbhattad/anaconda3/envs/flight-pipeline/lib/python3.11/site-packages/airflow/example_dags/example_subdag_operator.py took 0.085 seconds
[2026-06-06T20:36:46.487-0400] {processor.py:161} INFO - Started process (PID=65236) to work on /Users/nitishbhattad/anaconda3/envs/flight-pipeline/lib/python3.11/site-packages/airflow/example_dags/example_subdag_operator.py
[2026-06-06T20:36:46.488-0400] {processor.py:830} INFO - Processing file /Users/nitishbhattad/anaconda3/envs/flight-pipeline/lib/python3.11/site-packages/airflow/example_dags/example_subdag_operator.py for tasks to queue
[2026-06-06T20:36:46.489-0400] {logging_mixin.py:188} INFO - [2026-06-06T20:36:46.489-0400] {dagbag.py:538} INFO - Filling up the DagBag from /Users/nitishbhattad/anaconda3/envs/flight-pipeline/lib/python3.11/site-packages/airflow/example_dags/example_subdag_operator.py
[2026-06-06T20:36:46.576-0400] {processor.py:840} INFO - DAG(s) 'example_subdag_operator.section-1', 'example_subdag_operator.section-2', 'example_subdag_operator' retrieved from /Users/nitishbhattad/anaconda3/envs/flight-pipeline/lib/python3.11/site-packages/airflow/example_dags/example_subdag_operator.py
[2026-06-06T20:36:46.591-0400] {logging_mixin.py:188} INFO - [2026-06-06T20:36:46.590-0400] {dag.py:3036} INFO - Sync 3 DAGs
[2026-06-06T20:36:46.598-0400] {logging_mixin.py:188} INFO - [2026-06-06T20:36:46.598-0400] {dag.py:3823} INFO - Setting next_dagrun for example_subdag_operator to 2022-01-01 00:00:00+00:00, run_after=2022-01-01 00:00:00+00:00
[2026-06-06T20:36:46.599-0400] {logging_mixin.py:188} INFO - [2026-06-06T20:36:46.599-0400] {dag.py:3823} INFO - Setting next_dagrun for example_subdag_operator.section-1 to None, run_after=None
[2026-06-06T20:36:46.599-0400] {logging_mixin.py:188} INFO - [2026-06-06T20:36:46.599-0400] {dag.py:3823} INFO - Setting next_dagrun for example_subdag_operator.section-2 to None, run_after=None
[2026-06-06T20:36:46.603-0400] {logging_mixin.py:188} INFO - [2026-06-06T20:36:46.602-0400] {dag.py:3036} INFO - Sync 2 DAGs
[2026-06-06T20:36:46.605-0400] {logging_mixin.py:188} INFO - [2026-06-06T20:36:46.604-0400] {dag.py:3823} INFO - Setting next_dagrun for example_subdag_operator.section-1 to None, run_after=None
[2026-06-06T20:36:46.605-0400] {logging_mixin.py:188} INFO - [2026-06-06T20:36:46.605-0400] {dag.py:3823} INFO - Setting next_dagrun for example_subdag_operator.section-2 to None, run_after=None
[2026-06-06T20:36:46.611-0400] {processor.py:183} INFO - Processing /Users/nitishbhattad/anaconda3/envs/flight-pipeline/lib/python3.11/site-packages/airflow/example_dags/example_subdag_operator.py took 0.125 seconds
[2026-06-06T20:37:52.181-0400] {processor.py:161} INFO - Started process (PID=65341) to work on /Users/nitishbhattad/anaconda3/envs/flight-pipeline/lib/python3.11/site-packages/airflow/example_dags/example_subdag_operator.py
[2026-06-06T20:37:52.182-0400] {processor.py:830} INFO - Processing file /Users/nitishbhattad/anaconda3/envs/flight-pipeline/lib/python3.11/site-packages/airflow/example_dags/example_subdag_operator.py for tasks to queue
[2026-06-06T20:37:52.182-0400] {logging_mixin.py:188} INFO - [2026-06-06T20:37:52.182-0400] {dagbag.py:538} INFO - Filling up the DagBag from /Users/nitishbhattad/anaconda3/envs/flight-pipeline/lib/python3.11/site-packages/airflow/example_dags/example_subdag_operator.py
[2026-06-06T20:37:52.255-0400] {processor.py:840} INFO - DAG(s) 'example_subdag_operator.section-1', 'example_subdag_operator.section-2', 'example_subdag_operator' retrieved from /Users/nitishbhattad/anaconda3/envs/flight-pipeline/lib/python3.11/site-packages/airflow/example_dags/example_subdag_operator.py
[2026-06-06T20:37:52.271-0400] {logging_mixin.py:188} INFO - [2026-06-06T20:37:52.270-0400] {dag.py:3036} INFO - Sync 3 DAGs
[2026-06-06T20:37:52.278-0400] {logging_mixin.py:188} INFO - [2026-06-06T20:37:52.278-0400] {dag.py:3823} INFO - Setting next_dagrun for example_subdag_operator to 2022-01-01 00:00:00+00:00, run_after=2022-01-01 00:00:00+00:00
[2026-06-06T20:37:52.279-0400] {logging_mixin.py:188} INFO - [2026-06-06T20:37:52.279-0400] {dag.py:3823} INFO - Setting next_dagrun for example_subdag_operator.section-1 to None, run_after=None
[2026-06-06T20:37:52.279-0400] {logging_mixin.py:188} INFO - [2026-06-06T20:37:52.279-0400] {dag.py:3823} INFO - Setting next_dagrun for example_subdag_operator.section-2 to None, run_after=None
[2026-06-06T20:37:52.281-0400] {logging_mixin.py:188} INFO - [2026-06-06T20:37:52.281-0400] {dag.py:3036} INFO - Sync 2 DAGs
[2026-06-06T20:37:52.283-0400] {logging_mixin.py:188} INFO - [2026-06-06T20:37:52.283-0400] {dag.py:3823} INFO - Setting next_dagrun for example_subdag_operator.section-1 to None, run_after=None
[2026-06-06T20:37:52.283-0400] {logging_mixin.py:188} INFO - [2026-06-06T20:37:52.283-0400] {dag.py:3823} INFO - Setting next_dagrun for example_subdag_operator.section-2 to None, run_after=None
[2026-06-06T20:37:52.289-0400] {processor.py:183} INFO - Processing /Users/nitishbhattad/anaconda3/envs/flight-pipeline/lib/python3.11/site-packages/airflow/example_dags/example_subdag_operator.py took 0.109 seconds
[2026-06-06T20:38:55.494-0400] {processor.py:161} INFO - Started process (PID=65434) to work on /Users/nitishbhattad/anaconda3/envs/flight-pipeline/lib/python3.11/site-packages/airflow/example_dags/example_subdag_operator.py
[2026-06-06T20:38:55.495-0400] {processor.py:830} INFO - Processing file /Users/nitishbhattad/anaconda3/envs/flight-pipeline/lib/python3.11/site-packages/airflow/example_dags/example_subdag_operator.py for tasks to queue
[2026-06-06T20:38:55.495-0400] {logging_mixin.py:188} INFO - [2026-06-06T20:38:55.495-0400] {dagbag.py:538} INFO - Filling up the DagBag from /Users/nitishbhattad/anaconda3/envs/flight-pipeline/lib/python3.11/site-packages/airflow/example_dags/example_subdag_operator.py
[2026-06-06T20:38:55.552-0400] {processor.py:840} INFO - DAG(s) 'example_subdag_operator.section-1', 'example_subdag_operator.section-2', 'example_subdag_operator' retrieved from /Users/nitishbhattad/anaconda3/envs/flight-pipeline/lib/python3.11/site-packages/airflow/example_dags/example_subdag_operator.py
[2026-06-06T20:38:55.563-0400] {logging_mixin.py:188} INFO - [2026-06-06T20:38:55.563-0400] {dag.py:3036} INFO - Sync 3 DAGs
[2026-06-06T20:38:55.569-0400] {logging_mixin.py:188} INFO - [2026-06-06T20:38:55.569-0400] {dag.py:3823} INFO - Setting next_dagrun for example_subdag_operator to 2022-01-01 00:00:00+00:00, run_after=2022-01-01 00:00:00+00:00
[2026-06-06T20:38:55.570-0400] {logging_mixin.py:188} INFO - [2026-06-06T20:38:55.570-0400] {dag.py:3823} INFO - Setting next_dagrun for example_subdag_operator.section-1 to None, run_after=None
[2026-06-06T20:38:55.570-0400] {logging_mixin.py:188} INFO - [2026-06-06T20:38:55.570-0400] {dag.py:3823} INFO - Setting next_dagrun for example_subdag_operator.section-2 to None, run_after=None
[2026-06-06T20:38:55.572-0400] {logging_mixin.py:188} INFO - [2026-06-06T20:38:55.572-0400] {dag.py:3036} INFO - Sync 2 DAGs
[2026-06-06T20:38:55.573-0400] {logging_mixin.py:188} INFO - [2026-06-06T20:38:55.573-0400] {dag.py:3823} INFO - Setting next_dagrun for example_subdag_operator.section-1 to None, run_after=None
[2026-06-06T20:38:55.573-0400] {logging_mixin.py:188} INFO - [2026-06-06T20:38:55.573-0400] {dag.py:3823} INFO - Setting next_dagrun for example_subdag_operator.section-2 to None, run_after=None
[2026-06-06T20:38:55.579-0400] {processor.py:183} INFO - Processing /Users/nitishbhattad/anaconda3/envs/flight-pipeline/lib/python3.11/site-packages/airflow/example_dags/example_subdag_operator.py took 0.085 seconds
[2026-06-06T20:41:03.812-0400] {processor.py:161} INFO - Started process (PID=65694) to work on /Users/nitishbhattad/anaconda3/envs/flight-pipeline/lib/python3.11/site-packages/airflow/example_dags/example_subdag_operator.py
[2026-06-06T20:41:03.813-0400] {processor.py:830} INFO - Processing file /Users/nitishbhattad/anaconda3/envs/flight-pipeline/lib/python3.11/site-packages/airflow/example_dags/example_subdag_operator.py for tasks to queue
[2026-06-06T20:41:03.813-0400] {logging_mixin.py:188} INFO - [2026-06-06T20:41:03.813-0400] {dagbag.py:538} INFO - Filling up the DagBag from /Users/nitishbhattad/anaconda3/envs/flight-pipeline/lib/python3.11/site-packages/airflow/example_dags/example_subdag_operator.py
[2026-06-06T20:41:03.886-0400] {processor.py:840} INFO - DAG(s) 'example_subdag_operator.section-1', 'example_subdag_operator.section-2', 'example_subdag_operator' retrieved from /Users/nitishbhattad/anaconda3/envs/flight-pipeline/lib/python3.11/site-packages/airflow/example_dags/example_subdag_operator.py
[2026-06-06T20:41:03.899-0400] {logging_mixin.py:188} INFO - [2026-06-06T20:41:03.899-0400] {dag.py:3036} INFO - Sync 3 DAGs
[2026-06-06T20:41:03.906-0400] {logging_mixin.py:188} INFO - [2026-06-06T20:41:03.905-0400] {dag.py:3823} INFO - Setting next_dagrun for example_subdag_operator to 2022-01-01 00:00:00+00:00, run_after=2022-01-01 00:00:00+00:00
[2026-06-06T20:41:03.907-0400] {logging_mixin.py:188} INFO - [2026-06-06T20:41:03.907-0400] {dag.py:3823} INFO - Setting next_dagrun for example_subdag_operator.section-1 to None, run_after=None
[2026-06-06T20:41:03.907-0400] {logging_mixin.py:188} INFO - [2026-06-06T20:41:03.907-0400] {dag.py:3823} INFO - Setting next_dagrun for example_subdag_operator.section-2 to None, run_after=None
[2026-06-06T20:41:03.910-0400] {logging_mixin.py:188} INFO - [2026-06-06T20:41:03.909-0400] {dag.py:3036} INFO - Sync 2 DAGs
[2026-06-06T20:41:03.911-0400] {logging_mixin.py:188} INFO - [2026-06-06T20:41:03.911-0400] {dag.py:3823} INFO - Setting next_dagrun for example_subdag_operator.section-1 to None, run_after=None
[2026-06-06T20:41:03.911-0400] {logging_mixin.py:188} INFO - [2026-06-06T20:41:03.911-0400] {dag.py:3823} INFO - Setting next_dagrun for example_subdag_operator.section-2 to None, run_after=None
[2026-06-06T20:41:03.917-0400] {processor.py:183} INFO - Processing /Users/nitishbhattad/anaconda3/envs/flight-pipeline/lib/python3.11/site-packages/airflow/example_dags/example_subdag_operator.py took 0.106 seconds
[2026-06-06T20:42:08.580-0400] {processor.py:161} INFO - Started process (PID=65786) to work on /Users/nitishbhattad/anaconda3/envs/flight-pipeline/lib/python3.11/site-packages/airflow/example_dags/example_subdag_operator.py
[2026-06-06T20:42:08.581-0400] {processor.py:830} INFO - Processing file /Users/nitishbhattad/anaconda3/envs/flight-pipeline/lib/python3.11/site-packages/airflow/example_dags/example_subdag_operator.py for tasks to queue
[2026-06-06T20:42:08.582-0400] {logging_mixin.py:188} INFO - [2026-06-06T20:42:08.582-0400] {dagbag.py:538} INFO - Filling up the DagBag from /Users/nitishbhattad/anaconda3/envs/flight-pipeline/lib/python3.11/site-packages/airflow/example_dags/example_subdag_operator.py
[2026-06-06T20:42:08.638-0400] {processor.py:840} INFO - DAG(s) 'example_subdag_operator.section-1', 'example_subdag_operator.section-2', 'example_subdag_operator' retrieved from /Users/nitishbhattad/anaconda3/envs/flight-pipeline/lib/python3.11/site-packages/airflow/example_dags/example_subdag_operator.py
[2026-06-06T20:42:08.650-0400] {logging_mixin.py:188} INFO - [2026-06-06T20:42:08.650-0400] {dag.py:3036} INFO - Sync 3 DAGs
[2026-06-06T20:42:08.656-0400] {logging_mixin.py:188} INFO - [2026-06-06T20:42:08.656-0400] {dag.py:3823} INFO - Setting next_dagrun for example_subdag_operator to 2022-01-01 00:00:00+00:00, run_after=2022-01-01 00:00:00+00:00
[2026-06-06T20:42:08.657-0400] {logging_mixin.py:188} INFO - [2026-06-06T20:42:08.657-0400] {dag.py:3823} INFO - Setting next_dagrun for example_subdag_operator.section-1 to None, run_after=None
[2026-06-06T20:42:08.657-0400] {logging_mixin.py:188} INFO - [2026-06-06T20:42:08.657-0400] {dag.py:3823} INFO - Setting next_dagrun for example_subdag_operator.section-2 to None, run_after=None
[2026-06-06T20:42:08.659-0400] {logging_mixin.py:188} INFO - [2026-06-06T20:42:08.659-0400] {dag.py:3036} INFO - Sync 2 DAGs
[2026-06-06T20:42:08.660-0400] {logging_mixin.py:188} INFO - [2026-06-06T20:42:08.660-0400] {dag.py:3823} INFO - Setting next_dagrun for example_subdag_operator.section-1 to None, run_after=None
[2026-06-06T20:42:08.660-0400] {logging_mixin.py:188} INFO - [2026-06-06T20:42:08.660-0400] {dag.py:3823} INFO - Setting next_dagrun for example_subdag_operator.section-2 to None, run_after=None
[2026-06-06T20:42:08.665-0400] {processor.py:183} INFO - Processing /Users/nitishbhattad/anaconda3/envs/flight-pipeline/lib/python3.11/site-packages/airflow/example_dags/example_subdag_operator.py took 0.086 seconds
[2026-06-06T20:44:08.432-0400] {processor.py:161} INFO - Started process (PID=65962) to work on /Users/nitishbhattad/anaconda3/envs/flight-pipeline/lib/python3.11/site-packages/airflow/example_dags/example_subdag_operator.py
[2026-06-06T20:44:08.435-0400] {processor.py:830} INFO - Processing file /Users/nitishbhattad/anaconda3/envs/flight-pipeline/lib/python3.11/site-packages/airflow/example_dags/example_subdag_operator.py for tasks to queue
[2026-06-06T20:44:08.436-0400] {logging_mixin.py:188} INFO - [2026-06-06T20:44:08.436-0400] {dagbag.py:538} INFO - Filling up the DagBag from /Users/nitishbhattad/anaconda3/envs/flight-pipeline/lib/python3.11/site-packages/airflow/example_dags/example_subdag_operator.py
[2026-06-06T20:44:08.507-0400] {processor.py:840} INFO - DAG(s) 'example_subdag_operator.section-1', 'example_subdag_operator.section-2', 'example_subdag_operator' retrieved from /Users/nitishbhattad/anaconda3/envs/flight-pipeline/lib/python3.11/site-packages/airflow/example_dags/example_subdag_operator.py
[2026-06-06T20:44:08.520-0400] {logging_mixin.py:188} INFO - [2026-06-06T20:44:08.520-0400] {dag.py:3036} INFO - Sync 3 DAGs
[2026-06-06T20:44:08.527-0400] {logging_mixin.py:188} INFO - [2026-06-06T20:44:08.526-0400] {dag.py:3823} INFO - Setting next_dagrun for example_subdag_operator to 2022-01-01 00:00:00+00:00, run_after=2022-01-01 00:00:00+00:00
[2026-06-06T20:44:08.528-0400] {logging_mixin.py:188} INFO - [2026-06-06T20:44:08.528-0400] {dag.py:3823} INFO - Setting next_dagrun for example_subdag_operator.section-1 to None, run_after=None
[2026-06-06T20:44:08.528-0400] {logging_mixin.py:188} INFO - [2026-06-06T20:44:08.528-0400] {dag.py:3823} INFO - Setting next_dagrun for example_subdag_operator.section-2 to None, run_after=None
[2026-06-06T20:44:08.530-0400] {logging_mixin.py:188} INFO - [2026-06-06T20:44:08.530-0400] {dag.py:3036} INFO - Sync 2 DAGs
[2026-06-06T20:44:08.532-0400] {logging_mixin.py:188} INFO - [2026-06-06T20:44:08.531-0400] {dag.py:3823} INFO - Setting next_dagrun for example_subdag_operator.section-1 to None, run_after=None
[2026-06-06T20:44:08.532-0400] {logging_mixin.py:188} INFO - [2026-06-06T20:44:08.532-0400] {dag.py:3823} INFO - Setting next_dagrun for example_subdag_operator.section-2 to None, run_after=None
[2026-06-06T20:44:08.538-0400] {processor.py:183} INFO - Processing /Users/nitishbhattad/anaconda3/envs/flight-pipeline/lib/python3.11/site-packages/airflow/example_dags/example_subdag_operator.py took 0.106 seconds
[2026-06-06T20:45:11.736-0400] {processor.py:161} INFO - Started process (PID=66056) to work on /Users/nitishbhattad/anaconda3/envs/flight-pipeline/lib/python3.11/site-packages/airflow/example_dags/example_subdag_operator.py
[2026-06-06T20:45:11.739-0400] {processor.py:830} INFO - Processing file /Users/nitishbhattad/anaconda3/envs/flight-pipeline/lib/python3.11/site-packages/airflow/example_dags/example_subdag_operator.py for tasks to queue
[2026-06-06T20:45:11.740-0400] {logging_mixin.py:188} INFO - [2026-06-06T20:45:11.739-0400] {dagbag.py:538} INFO - Filling up the DagBag from /Users/nitishbhattad/anaconda3/envs/flight-pipeline/lib/python3.11/site-packages/airflow/example_dags/example_subdag_operator.py
[2026-06-06T20:45:11.805-0400] {processor.py:840} INFO - DAG(s) 'example_subdag_operator.section-1', 'example_subdag_operator.section-2', 'example_subdag_operator' retrieved from /Users/nitishbhattad/anaconda3/envs/flight-pipeline/lib/python3.11/site-packages/airflow/example_dags/example_subdag_operator.py
[2026-06-06T20:45:11.819-0400] {logging_mixin.py:188} INFO - [2026-06-06T20:45:11.818-0400] {dag.py:3036} INFO - Sync 3 DAGs
[2026-06-06T20:45:11.825-0400] {logging_mixin.py:188} INFO - [2026-06-06T20:45:11.825-0400] {dag.py:3823} INFO - Setting next_dagrun for example_subdag_operator to 2022-01-01 00:00:00+00:00, run_after=2022-01-01 00:00:00+00:00
[2026-06-06T20:45:11.826-0400] {logging_mixin.py:188} INFO - [2026-06-06T20:45:11.826-0400] {dag.py:3823} INFO - Setting next_dagrun for example_subdag_operator.section-1 to None, run_after=None
[2026-06-06T20:45:11.826-0400] {logging_mixin.py:188} INFO - [2026-06-06T20:45:11.826-0400] {dag.py:3823} INFO - Setting next_dagrun for example_subdag_operator.section-2 to None, run_after=None
[2026-06-06T20:45:11.828-0400] {logging_mixin.py:188} INFO - [2026-06-06T20:45:11.828-0400] {dag.py:3036} INFO - Sync 2 DAGs
[2026-06-06T20:45:11.829-0400] {logging_mixin.py:188} INFO - [2026-06-06T20:45:11.829-0400] {dag.py:3823} INFO - Setting next_dagrun for example_subdag_operator.section-1 to None, run_after=None
[2026-06-06T20:45:11.829-0400] {logging_mixin.py:188} INFO - [2026-06-06T20:45:11.829-0400] {dag.py:3823} INFO - Setting next_dagrun for example_subdag_operator.section-2 to None, run_after=None
[2026-06-06T20:45:11.834-0400] {processor.py:183} INFO - Processing /Users/nitishbhattad/anaconda3/envs/flight-pipeline/lib/python3.11/site-packages/airflow/example_dags/example_subdag_operator.py took 0.099 seconds
[2026-06-06T20:47:17.088-0400] {processor.py:161} INFO - Started process (PID=66264) to work on /Users/nitishbhattad/anaconda3/envs/flight-pipeline/lib/python3.11/site-packages/airflow/example_dags/example_subdag_operator.py
[2026-06-06T20:47:17.090-0400] {processor.py:830} INFO - Processing file /Users/nitishbhattad/anaconda3/envs/flight-pipeline/lib/python3.11/site-packages/airflow/example_dags/example_subdag_operator.py for tasks to queue
[2026-06-06T20:47:17.090-0400] {logging_mixin.py:188} INFO - [2026-06-06T20:47:17.090-0400] {dagbag.py:538} INFO - Filling up the DagBag from /Users/nitishbhattad/anaconda3/envs/flight-pipeline/lib/python3.11/site-packages/airflow/example_dags/example_subdag_operator.py
[2026-06-06T20:47:17.157-0400] {processor.py:840} INFO - DAG(s) 'example_subdag_operator.section-1', 'example_subdag_operator.section-2', 'example_subdag_operator' retrieved from /Users/nitishbhattad/anaconda3/envs/flight-pipeline/lib/python3.11/site-packages/airflow/example_dags/example_subdag_operator.py
[2026-06-06T20:47:17.171-0400] {logging_mixin.py:188} INFO - [2026-06-06T20:47:17.170-0400] {dag.py:3036} INFO - Sync 3 DAGs
[2026-06-06T20:47:17.177-0400] {logging_mixin.py:188} INFO - [2026-06-06T20:47:17.177-0400] {dag.py:3823} INFO - Setting next_dagrun for example_subdag_operator to 2022-01-01 00:00:00+00:00, run_after=2022-01-01 00:00:00+00:00
[2026-06-06T20:47:17.178-0400] {logging_mixin.py:188} INFO - [2026-06-06T20:47:17.178-0400] {dag.py:3823} INFO - Setting next_dagrun for example_subdag_operator.section-1 to None, run_after=None
[2026-06-06T20:47:17.178-0400] {logging_mixin.py:188} INFO - [2026-06-06T20:47:17.178-0400] {dag.py:3823} INFO - Setting next_dagrun for example_subdag_operator.section-2 to None, run_after=None
[2026-06-06T20:47:17.181-0400] {logging_mixin.py:188} INFO - [2026-06-06T20:47:17.180-0400] {dag.py:3036} INFO - Sync 2 DAGs
[2026-06-06T20:47:17.182-0400] {logging_mixin.py:188} INFO - [2026-06-06T20:47:17.182-0400] {dag.py:3823} INFO - Setting next_dagrun for example_subdag_operator.section-1 to None, run_after=None
[2026-06-06T20:47:17.182-0400] {logging_mixin.py:188} INFO - [2026-06-06T20:47:17.182-0400] {dag.py:3823} INFO - Setting next_dagrun for example_subdag_operator.section-2 to None, run_after=None
[2026-06-06T20:47:17.188-0400] {processor.py:183} INFO - Processing /Users/nitishbhattad/anaconda3/envs/flight-pipeline/lib/python3.11/site-packages/airflow/example_dags/example_subdag_operator.py took 0.100 seconds
[2026-06-06T20:49:15.203-0400] {processor.py:161} INFO - Started process (PID=66442) to work on /Users/nitishbhattad/anaconda3/envs/flight-pipeline/lib/python3.11/site-packages/airflow/example_dags/example_subdag_operator.py
[2026-06-06T20:49:15.204-0400] {processor.py:830} INFO - Processing file /Users/nitishbhattad/anaconda3/envs/flight-pipeline/lib/python3.11/site-packages/airflow/example_dags/example_subdag_operator.py for tasks to queue
[2026-06-06T20:49:15.204-0400] {logging_mixin.py:188} INFO - [2026-06-06T20:49:15.204-0400] {dagbag.py:538} INFO - Filling up the DagBag from /Users/nitishbhattad/anaconda3/envs/flight-pipeline/lib/python3.11/site-packages/airflow/example_dags/example_subdag_operator.py
[2026-06-06T20:49:15.314-0400] {processor.py:840} INFO - DAG(s) 'example_subdag_operator.section-1', 'example_subdag_operator.section-2', 'example_subdag_operator' retrieved from /Users/nitishbhattad/anaconda3/envs/flight-pipeline/lib/python3.11/site-packages/airflow/example_dags/example_subdag_operator.py
[2026-06-06T20:49:15.350-0400] {logging_mixin.py:188} INFO - [2026-06-06T20:49:15.350-0400] {dag.py:3036} INFO - Sync 3 DAGs
[2026-06-06T20:49:15.362-0400] {logging_mixin.py:188} INFO - [2026-06-06T20:49:15.361-0400] {dag.py:3823} INFO - Setting next_dagrun for example_subdag_operator to 2022-01-01 00:00:00+00:00, run_after=2022-01-01 00:00:00+00:00
[2026-06-06T20:49:15.367-0400] {logging_mixin.py:188} INFO - [2026-06-06T20:49:15.367-0400] {dag.py:3823} INFO - Setting next_dagrun for example_subdag_operator.section-1 to None, run_after=None
[2026-06-06T20:49:15.369-0400] {logging_mixin.py:188} INFO - [2026-06-06T20:49:15.369-0400] {dag.py:3823} INFO - Setting next_dagrun for example_subdag_operator.section-2 to None, run_after=None
[2026-06-06T20:49:15.372-0400] {logging_mixin.py:188} INFO - [2026-06-06T20:49:15.372-0400] {dag.py:3036} INFO - Sync 2 DAGs
[2026-06-06T20:49:15.375-0400] {logging_mixin.py:188} INFO - [2026-06-06T20:49:15.375-0400] {dag.py:3823} INFO - Setting next_dagrun for example_subdag_operator.section-1 to None, run_after=None
[2026-06-06T20:49:15.375-0400] {logging_mixin.py:188} INFO - [2026-06-06T20:49:15.375-0400] {dag.py:3823} INFO - Setting next_dagrun for example_subdag_operator.section-2 to None, run_after=None
[2026-06-06T20:49:15.385-0400] {processor.py:183} INFO - Processing /Users/nitishbhattad/anaconda3/envs/flight-pipeline/lib/python3.11/site-packages/airflow/example_dags/example_subdag_operator.py took 0.183 seconds
