[2026-06-06T20:19:01.268-0400] {processor.py:161} INFO - Started process (PID=63571) to work on /Users/nitishbhattad/anaconda3/envs/flight-pipeline/lib/python3.11/site-packages/airflow/example_dags/example_short_circuit_decorator.py
[2026-06-06T20:19:01.268-0400] {processor.py:830} INFO - Processing file /Users/nitishbhattad/anaconda3/envs/flight-pipeline/lib/python3.11/site-packages/airflow/example_dags/example_short_circuit_decorator.py for tasks to queue
[2026-06-06T20:19:01.268-0400] {logging_mixin.py:188} INFO - [2026-06-06T20:19:01.268-0400] {dagbag.py:538} INFO - Filling up the DagBag from /Users/nitishbhattad/anaconda3/envs/flight-pipeline/lib/python3.11/site-packages/airflow/example_dags/example_short_circuit_decorator.py
[2026-06-06T20:19:01.284-0400] {processor.py:840} INFO - DAG(s) 'example_short_circuit_decorator' retrieved from /Users/nitishbhattad/anaconda3/envs/flight-pipeline/lib/python3.11/site-packages/airflow/example_dags/example_short_circuit_decorator.py
[2026-06-06T20:19:01.370-0400] {logging_mixin.py:188} INFO - [2026-06-06T20:19:01.369-0400] {override.py:1769} INFO - Created Permission View: can delete on DAG:example_short_circuit_decorator
[2026-06-06T20:19:01.373-0400] {logging_mixin.py:188} INFO - [2026-06-06T20:19:01.373-0400] {override.py:1769} INFO - Created Permission View: can read on DAG:example_short_circuit_decorator
[2026-06-06T20:19:01.375-0400] {logging_mixin.py:188} INFO - [2026-06-06T20:19:01.374-0400] {override.py:1769} INFO - Created Permission View: can edit on DAG:example_short_circuit_decorator
[2026-06-06T20:19:01.375-0400] {logging_mixin.py:188} INFO - [2026-06-06T20:19:01.375-0400] {dag.py:3036} INFO - Sync 1 DAGs
[2026-06-06T20:19:01.378-0400] {logging_mixin.py:188} INFO - [2026-06-06T20:19:01.378-0400] {dag.py:3058} INFO - Creating ORM DAG for example_short_circuit_decorator
[2026-06-06T20:19:01.381-0400] {logging_mixin.py:188} INFO - [2026-06-06T20:19:01.381-0400] {dag.py:3823} INFO - Setting next_dagrun for example_short_circuit_decorator to 2026-06-06 00:00:00+00:00, run_after=2026-06-07 00:00:00+00:00
[2026-06-06T20:19:01.387-0400] {processor.py:183} INFO - Processing /Users/nitishbhattad/anaconda3/envs/flight-pipeline/lib/python3.11/site-packages/airflow/example_dags/example_short_circuit_decorator.py took 0.120 seconds
[2026-06-06T20:20:32.568-0400] {processor.py:161} INFO - Started process (PID=63713) to work on /Users/nitishbhattad/anaconda3/envs/flight-pipeline/lib/python3.11/site-packages/airflow/example_dags/example_short_circuit_decorator.py
[2026-06-06T20:20:32.569-0400] {processor.py:830} INFO - Processing file /Users/nitishbhattad/anaconda3/envs/flight-pipeline/lib/python3.11/site-packages/airflow/example_dags/example_short_circuit_decorator.py for tasks to queue
[2026-06-06T20:20:32.569-0400] {logging_mixin.py:188} INFO - [2026-06-06T20:20:32.569-0400] {dagbag.py:538} INFO - Filling up the DagBag from /Users/nitishbhattad/anaconda3/envs/flight-pipeline/lib/python3.11/site-packages/airflow/example_dags/example_short_circuit_decorator.py
[2026-06-06T20:20:32.587-0400] {processor.py:840} INFO - DAG(s) 'example_short_circuit_decorator' retrieved from /Users/nitishbhattad/anaconda3/envs/flight-pipeline/lib/python3.11/site-packages/airflow/example_dags/example_short_circuit_decorator.py
[2026-06-06T20:20:32.651-0400] {logging_mixin.py:188} INFO - [2026-06-06T20:20:32.651-0400] {dag.py:3036} INFO - Sync 1 DAGs
[2026-06-06T20:20:32.657-0400] {logging_mixin.py:188} INFO - [2026-06-06T20:20:32.657-0400] {dag.py:3823} INFO - Setting next_dagrun for example_short_circuit_decorator to 2026-06-06 00:00:00+00:00, run_after=2026-06-07 00:00:00+00:00
[2026-06-06T20:20:32.667-0400] {processor.py:183} INFO - Processing /Users/nitishbhattad/anaconda3/envs/flight-pipeline/lib/python3.11/site-packages/airflow/example_dags/example_short_circuit_decorator.py took 0.100 seconds
[2026-06-06T20:23:48.129-0400] {processor.py:161} INFO - Started process (PID=64043) to work on /Users/nitishbhattad/anaconda3/envs/flight-pipeline/lib/python3.11/site-packages/airflow/example_dags/example_short_circuit_decorator.py
[2026-06-06T20:23:48.130-0400] {processor.py:830} INFO - Processing file /Users/nitishbhattad/anaconda3/envs/flight-pipeline/lib/python3.11/site-packages/airflow/example_dags/example_short_circuit_decorator.py for tasks to queue
[2026-06-06T20:23:48.130-0400] {logging_mixin.py:188} INFO - [2026-06-06T20:23:48.130-0400] {dagbag.py:538} INFO - Filling up the DagBag from /Users/nitishbhattad/anaconda3/envs/flight-pipeline/lib/python3.11/site-packages/airflow/example_dags/example_short_circuit_decorator.py
[2026-06-06T20:23:48.157-0400] {processor.py:840} INFO - DAG(s) 'example_short_circuit_decorator' retrieved from /Users/nitishbhattad/anaconda3/envs/flight-pipeline/lib/python3.11/site-packages/airflow/example_dags/example_short_circuit_decorator.py
[2026-06-06T20:23:48.256-0400] {logging_mixin.py:188} INFO - [2026-06-06T20:23:48.256-0400] {dag.py:3036} INFO - Sync 1 DAGs
[2026-06-06T20:23:48.269-0400] {logging_mixin.py:188} INFO - [2026-06-06T20:23:48.269-0400] {dag.py:3823} INFO - Setting next_dagrun for example_short_circuit_decorator to 2026-06-06 00:00:00+00:00, run_after=2026-06-07 00:00:00+00:00
[2026-06-06T20:23:48.287-0400] {processor.py:183} INFO - Processing /Users/nitishbhattad/anaconda3/envs/flight-pipeline/lib/python3.11/site-packages/airflow/example_dags/example_short_circuit_decorator.py took 0.159 seconds
[2026-06-06T20:25:02.450-0400] {processor.py:161} INFO - Started process (PID=64167) to work on /Users/nitishbhattad/anaconda3/envs/flight-pipeline/lib/python3.11/site-packages/airflow/example_dags/example_short_circuit_decorator.py
[2026-06-06T20:25:02.451-0400] {processor.py:830} INFO - Processing file /Users/nitishbhattad/anaconda3/envs/flight-pipeline/lib/python3.11/site-packages/airflow/example_dags/example_short_circuit_decorator.py for tasks to queue
[2026-06-06T20:25:02.451-0400] {logging_mixin.py:188} INFO - [2026-06-06T20:25:02.451-0400] {dagbag.py:538} INFO - Filling up the DagBag from /Users/nitishbhattad/anaconda3/envs/flight-pipeline/lib/python3.11/site-packages/airflow/example_dags/example_short_circuit_decorator.py
[2026-06-06T20:25:02.467-0400] {processor.py:840} INFO - DAG(s) 'example_short_circuit_decorator' retrieved from /Users/nitishbhattad/anaconda3/envs/flight-pipeline/lib/python3.11/site-packages/airflow/example_dags/example_short_circuit_decorator.py
[2026-06-06T20:25:02.525-0400] {logging_mixin.py:188} INFO - [2026-06-06T20:25:02.525-0400] {dag.py:3036} INFO - Sync 1 DAGs
[2026-06-06T20:25:02.531-0400] {logging_mixin.py:188} INFO - [2026-06-06T20:25:02.531-0400] {dag.py:3823} INFO - Setting next_dagrun for example_short_circuit_decorator to 2026-06-06 00:00:00+00:00, run_after=2026-06-07 00:00:00+00:00
[2026-06-06T20:25:02.538-0400] {processor.py:183} INFO - Processing /Users/nitishbhattad/anaconda3/envs/flight-pipeline/lib/python3.11/site-packages/airflow/example_dags/example_short_circuit_decorator.py took 0.088 seconds
[2026-06-06T20:27:17.077-0400] {processor.py:161} INFO - Started process (PID=64391) to work on /Users/nitishbhattad/anaconda3/envs/flight-pipeline/lib/python3.11/site-packages/airflow/example_dags/example_short_circuit_decorator.py
[2026-06-06T20:27:17.078-0400] {processor.py:830} INFO - Processing file /Users/nitishbhattad/anaconda3/envs/flight-pipeline/lib/python3.11/site-packages/airflow/example_dags/example_short_circuit_decorator.py for tasks to queue
[2026-06-06T20:27:17.078-0400] {logging_mixin.py:188} INFO - [2026-06-06T20:27:17.078-0400] {dagbag.py:538} INFO - Filling up the DagBag from /Users/nitishbhattad/anaconda3/envs/flight-pipeline/lib/python3.11/site-packages/airflow/example_dags/example_short_circuit_decorator.py
[2026-06-06T20:27:17.092-0400] {processor.py:840} INFO - DAG(s) 'example_short_circuit_decorator' retrieved from /Users/nitishbhattad/anaconda3/envs/flight-pipeline/lib/python3.11/site-packages/airflow/example_dags/example_short_circuit_decorator.py
[2026-06-06T20:27:17.150-0400] {logging_mixin.py:188} INFO - [2026-06-06T20:27:17.150-0400] {dag.py:3036} INFO - Sync 1 DAGs
[2026-06-06T20:27:17.156-0400] {logging_mixin.py:188} INFO - [2026-06-06T20:27:17.156-0400] {dag.py:3823} INFO - Setting next_dagrun for example_short_circuit_decorator to 2026-06-06 00:00:00+00:00, run_after=2026-06-07 00:00:00+00:00
[2026-06-06T20:27:17.163-0400] {processor.py:183} INFO - Processing /Users/nitishbhattad/anaconda3/envs/flight-pipeline/lib/python3.11/site-packages/airflow/example_dags/example_short_circuit_decorator.py took 0.087 seconds
[2026-06-06T20:29:18.438-0400] {processor.py:161} INFO - Started process (PID=64572) to work on /Users/nitishbhattad/anaconda3/envs/flight-pipeline/lib/python3.11/site-packages/airflow/example_dags/example_short_circuit_decorator.py
[2026-06-06T20:29:18.440-0400] {processor.py:830} INFO - Processing file /Users/nitishbhattad/anaconda3/envs/flight-pipeline/lib/python3.11/site-packages/airflow/example_dags/example_short_circuit_decorator.py for tasks to queue
[2026-06-06T20:29:18.440-0400] {logging_mixin.py:188} INFO - [2026-06-06T20:29:18.440-0400] {dagbag.py:538} INFO - Filling up the DagBag from /Users/nitishbhattad/anaconda3/envs/flight-pipeline/lib/python3.11/site-packages/airflow/example_dags/example_short_circuit_decorator.py
[2026-06-06T20:29:18.459-0400] {processor.py:840} INFO - DAG(s) 'example_short_circuit_decorator' retrieved from /Users/nitishbhattad/anaconda3/envs/flight-pipeline/lib/python3.11/site-packages/airflow/example_dags/example_short_circuit_decorator.py
[2026-06-06T20:29:18.527-0400] {logging_mixin.py:188} INFO - [2026-06-06T20:29:18.527-0400] {dag.py:3036} INFO - Sync 1 DAGs
[2026-06-06T20:29:18.533-0400] {logging_mixin.py:188} INFO - [2026-06-06T20:29:18.533-0400] {dag.py:3823} INFO - Setting next_dagrun for example_short_circuit_decorator to 2026-06-06 00:00:00+00:00, run_after=2026-06-07 00:00:00+00:00
[2026-06-06T20:29:18.541-0400] {processor.py:183} INFO - Processing /Users/nitishbhattad/anaconda3/envs/flight-pipeline/lib/python3.11/site-packages/airflow/example_dags/example_short_circuit_decorator.py took 0.103 seconds
[2026-06-06T20:31:35.898-0400] {processor.py:161} INFO - Started process (PID=64779) to work on /Users/nitishbhattad/anaconda3/envs/flight-pipeline/lib/python3.11/site-packages/airflow/example_dags/example_short_circuit_decorator.py
[2026-06-06T20:31:35.901-0400] {processor.py:830} INFO - Processing file /Users/nitishbhattad/anaconda3/envs/flight-pipeline/lib/python3.11/site-packages/airflow/example_dags/example_short_circuit_decorator.py for tasks to queue
[2026-06-06T20:31:35.901-0400] {logging_mixin.py:188} INFO - [2026-06-06T20:31:35.901-0400] {dagbag.py:538} INFO - Filling up the DagBag from /Users/nitishbhattad/anaconda3/envs/flight-pipeline/lib/python3.11/site-packages/airflow/example_dags/example_short_circuit_decorator.py
[2026-06-06T20:31:35.931-0400] {processor.py:840} INFO - DAG(s) 'example_short_circuit_decorator' retrieved from /Users/nitishbhattad/anaconda3/envs/flight-pipeline/lib/python3.11/site-packages/airflow/example_dags/example_short_circuit_decorator.py
[2026-06-06T20:31:36.038-0400] {logging_mixin.py:188} INFO - [2026-06-06T20:31:36.038-0400] {dag.py:3036} INFO - Sync 1 DAGs
[2026-06-06T20:31:36.051-0400] {logging_mixin.py:188} INFO - [2026-06-06T20:31:36.051-0400] {dag.py:3823} INFO - Setting next_dagrun for example_short_circuit_decorator to 2026-06-06 00:00:00+00:00, run_after=2026-06-07 00:00:00+00:00
[2026-06-06T20:31:36.063-0400] {processor.py:183} INFO - Processing /Users/nitishbhattad/anaconda3/envs/flight-pipeline/lib/python3.11/site-packages/airflow/example_dags/example_short_circuit_decorator.py took 0.168 seconds
[2026-06-06T20:32:48.921-0400] {processor.py:161} INFO - Started process (PID=64885) to work on /Users/nitishbhattad/anaconda3/envs/flight-pipeline/lib/python3.11/site-packages/airflow/example_dags/example_short_circuit_decorator.py
[2026-06-06T20:32:48.922-0400] {processor.py:830} INFO - Processing file /Users/nitishbhattad/anaconda3/envs/flight-pipeline/lib/python3.11/site-packages/airflow/example_dags/example_short_circuit_decorator.py for tasks to queue
[2026-06-06T20:32:48.922-0400] {logging_mixin.py:188} INFO - [2026-06-06T20:32:48.922-0400] {dagbag.py:538} INFO - Filling up the DagBag from /Users/nitishbhattad/anaconda3/envs/flight-pipeline/lib/python3.11/site-packages/airflow/example_dags/example_short_circuit_decorator.py
[2026-06-06T20:32:48.937-0400] {processor.py:840} INFO - DAG(s) 'example_short_circuit_decorator' retrieved from /Users/nitishbhattad/anaconda3/envs/flight-pipeline/lib/python3.11/site-packages/airflow/example_dags/example_short_circuit_decorator.py
[2026-06-06T20:32:49.029-0400] {logging_mixin.py:188} INFO - [2026-06-06T20:32:49.029-0400] {dag.py:3036} INFO - Sync 1 DAGs
[2026-06-06T20:32:49.035-0400] {logging_mixin.py:188} INFO - [2026-06-06T20:32:49.035-0400] {dag.py:3823} INFO - Setting next_dagrun for example_short_circuit_decorator to 2026-06-06 00:00:00+00:00, run_after=2026-06-07 00:00:00+00:00
[2026-06-06T20:32:49.042-0400] {processor.py:183} INFO - Processing /Users/nitishbhattad/anaconda3/envs/flight-pipeline/lib/python3.11/site-packages/airflow/example_dags/example_short_circuit_decorator.py took 0.122 seconds
[2026-06-06T20:34:49.433-0400] {processor.py:161} INFO - Started process (PID=65064) to work on /Users/nitishbhattad/anaconda3/envs/flight-pipeline/lib/python3.11/site-packages/airflow/example_dags/example_short_circuit_decorator.py
[2026-06-06T20:34:49.434-0400] {processor.py:830} INFO - Processing file /Users/nitishbhattad/anaconda3/envs/flight-pipeline/lib/python3.11/site-packages/airflow/example_dags/example_short_circuit_decorator.py for tasks to queue
[2026-06-06T20:34:49.434-0400] {logging_mixin.py:188} INFO - [2026-06-06T20:34:49.434-0400] {dagbag.py:538} INFO - Filling up the DagBag from /Users/nitishbhattad/anaconda3/envs/flight-pipeline/lib/python3.11/site-packages/airflow/example_dags/example_short_circuit_decorator.py
[2026-06-06T20:34:49.450-0400] {processor.py:840} INFO - DAG(s) 'example_short_circuit_decorator' retrieved from /Users/nitishbhattad/anaconda3/envs/flight-pipeline/lib/python3.11/site-packages/airflow/example_dags/example_short_circuit_decorator.py
[2026-06-06T20:34:49.507-0400] {logging_mixin.py:188} INFO - [2026-06-06T20:34:49.507-0400] {dag.py:3036} INFO - Sync 1 DAGs
[2026-06-06T20:34:49.512-0400] {logging_mixin.py:188} INFO - [2026-06-06T20:34:49.512-0400] {dag.py:3823} INFO - Setting next_dagrun for example_short_circuit_decorator to 2026-06-06 00:00:00+00:00, run_after=2026-06-07 00:00:00+00:00
[2026-06-06T20:34:49.520-0400] {processor.py:183} INFO - Processing /Users/nitishbhattad/anaconda3/envs/flight-pipeline/lib/python3.11/site-packages/airflow/example_dags/example_short_circuit_decorator.py took 0.087 seconds
[2026-06-06T20:36:54.885-0400] {processor.py:161} INFO - Started process (PID=65248) to work on /Users/nitishbhattad/anaconda3/envs/flight-pipeline/lib/python3.11/site-packages/airflow/example_dags/example_short_circuit_decorator.py
[2026-06-06T20:36:54.887-0400] {processor.py:830} INFO - Processing file /Users/nitishbhattad/anaconda3/envs/flight-pipeline/lib/python3.11/site-packages/airflow/example_dags/example_short_circuit_decorator.py for tasks to queue
[2026-06-06T20:36:54.888-0400] {logging_mixin.py:188} INFO - [2026-06-06T20:36:54.888-0400] {dagbag.py:538} INFO - Filling up the DagBag from /Users/nitishbhattad/anaconda3/envs/flight-pipeline/lib/python3.11/site-packages/airflow/example_dags/example_short_circuit_decorator.py
[2026-06-06T20:36:54.906-0400] {processor.py:840} INFO - DAG(s) 'example_short_circuit_decorator' retrieved from /Users/nitishbhattad/anaconda3/envs/flight-pipeline/lib/python3.11/site-packages/airflow/example_dags/example_short_circuit_decorator.py
[2026-06-06T20:36:54.970-0400] {logging_mixin.py:188} INFO - [2026-06-06T20:36:54.970-0400] {dag.py:3036} INFO - Sync 1 DAGs
[2026-06-06T20:36:54.977-0400] {logging_mixin.py:188} INFO - [2026-06-06T20:36:54.977-0400] {dag.py:3823} INFO - Setting next_dagrun for example_short_circuit_decorator to 2026-06-06 00:00:00+00:00, run_after=2026-06-07 00:00:00+00:00
[2026-06-06T20:36:54.986-0400] {processor.py:183} INFO - Processing /Users/nitishbhattad/anaconda3/envs/flight-pipeline/lib/python3.11/site-packages/airflow/example_dags/example_short_circuit_decorator.py took 0.102 seconds
[2026-06-06T20:39:02.791-0400] {processor.py:161} INFO - Started process (PID=65446) to work on /Users/nitishbhattad/anaconda3/envs/flight-pipeline/lib/python3.11/site-packages/airflow/example_dags/example_short_circuit_decorator.py
[2026-06-06T20:39:02.792-0400] {processor.py:830} INFO - Processing file /Users/nitishbhattad/anaconda3/envs/flight-pipeline/lib/python3.11/site-packages/airflow/example_dags/example_short_circuit_decorator.py for tasks to queue
[2026-06-06T20:39:02.792-0400] {logging_mixin.py:188} INFO - [2026-06-06T20:39:02.792-0400] {dagbag.py:538} INFO - Filling up the DagBag from /Users/nitishbhattad/anaconda3/envs/flight-pipeline/lib/python3.11/site-packages/airflow/example_dags/example_short_circuit_decorator.py
[2026-06-06T20:39:02.806-0400] {processor.py:840} INFO - DAG(s) 'example_short_circuit_decorator' retrieved from /Users/nitishbhattad/anaconda3/envs/flight-pipeline/lib/python3.11/site-packages/airflow/example_dags/example_short_circuit_decorator.py
[2026-06-06T20:39:02.865-0400] {logging_mixin.py:188} INFO - [2026-06-06T20:39:02.865-0400] {dag.py:3036} INFO - Sync 1 DAGs
[2026-06-06T20:39:02.870-0400] {logging_mixin.py:188} INFO - [2026-06-06T20:39:02.870-0400] {dag.py:3823} INFO - Setting next_dagrun for example_short_circuit_decorator to 2026-06-06 00:00:00+00:00, run_after=2026-06-07 00:00:00+00:00
[2026-06-06T20:39:02.878-0400] {processor.py:183} INFO - Processing /Users/nitishbhattad/anaconda3/envs/flight-pipeline/lib/python3.11/site-packages/airflow/example_dags/example_short_circuit_decorator.py took 0.087 seconds
[2026-06-06T20:41:09.803-0400] {processor.py:161} INFO - Started process (PID=65701) to work on /Users/nitishbhattad/anaconda3/envs/flight-pipeline/lib/python3.11/site-packages/airflow/example_dags/example_short_circuit_decorator.py
[2026-06-06T20:41:09.804-0400] {processor.py:830} INFO - Processing file /Users/nitishbhattad/anaconda3/envs/flight-pipeline/lib/python3.11/site-packages/airflow/example_dags/example_short_circuit_decorator.py for tasks to queue
[2026-06-06T20:41:09.804-0400] {logging_mixin.py:188} INFO - [2026-06-06T20:41:09.804-0400] {dagbag.py:538} INFO - Filling up the DagBag from /Users/nitishbhattad/anaconda3/envs/flight-pipeline/lib/python3.11/site-packages/airflow/example_dags/example_short_circuit_decorator.py
[2026-06-06T20:41:09.818-0400] {processor.py:840} INFO - DAG(s) 'example_short_circuit_decorator' retrieved from /Users/nitishbhattad/anaconda3/envs/flight-pipeline/lib/python3.11/site-packages/airflow/example_dags/example_short_circuit_decorator.py
[2026-06-06T20:41:09.874-0400] {logging_mixin.py:188} INFO - [2026-06-06T20:41:09.874-0400] {dag.py:3036} INFO - Sync 1 DAGs
[2026-06-06T20:41:09.879-0400] {logging_mixin.py:188} INFO - [2026-06-06T20:41:09.879-0400] {dag.py:3823} INFO - Setting next_dagrun for example_short_circuit_decorator to 2026-06-06 00:00:00+00:00, run_after=2026-06-07 00:00:00+00:00
[2026-06-06T20:41:09.887-0400] {processor.py:183} INFO - Processing /Users/nitishbhattad/anaconda3/envs/flight-pipeline/lib/python3.11/site-packages/airflow/example_dags/example_short_circuit_decorator.py took 0.084 seconds
[2026-06-06T20:43:08.667-0400] {processor.py:161} INFO - Started process (PID=65874) to work on /Users/nitishbhattad/anaconda3/envs/flight-pipeline/lib/python3.11/site-packages/airflow/example_dags/example_short_circuit_decorator.py
[2026-06-06T20:43:08.668-0400] {processor.py:830} INFO - Processing file /Users/nitishbhattad/anaconda3/envs/flight-pipeline/lib/python3.11/site-packages/airflow/example_dags/example_short_circuit_decorator.py for tasks to queue
[2026-06-06T20:43:08.668-0400] {logging_mixin.py:188} INFO - [2026-06-06T20:43:08.668-0400] {dagbag.py:538} INFO - Filling up the DagBag from /Users/nitishbhattad/anaconda3/envs/flight-pipeline/lib/python3.11/site-packages/airflow/example_dags/example_short_circuit_decorator.py
[2026-06-06T20:43:08.683-0400] {processor.py:840} INFO - DAG(s) 'example_short_circuit_decorator' retrieved from /Users/nitishbhattad/anaconda3/envs/flight-pipeline/lib/python3.11/site-packages/airflow/example_dags/example_short_circuit_decorator.py
[2026-06-06T20:43:08.740-0400] {logging_mixin.py:188} INFO - [2026-06-06T20:43:08.740-0400] {dag.py:3036} INFO - Sync 1 DAGs
[2026-06-06T20:43:08.746-0400] {logging_mixin.py:188} INFO - [2026-06-06T20:43:08.746-0400] {dag.py:3823} INFO - Setting next_dagrun for example_short_circuit_decorator to 2026-06-06 00:00:00+00:00, run_after=2026-06-07 00:00:00+00:00
[2026-06-06T20:43:08.753-0400] {processor.py:183} INFO - Processing /Users/nitishbhattad/anaconda3/envs/flight-pipeline/lib/python3.11/site-packages/airflow/example_dags/example_short_circuit_decorator.py took 0.087 seconds
[2026-06-06T20:45:15.716-0400] {processor.py:161} INFO - Started process (PID=66061) to work on /Users/nitishbhattad/anaconda3/envs/flight-pipeline/lib/python3.11/site-packages/airflow/example_dags/example_short_circuit_decorator.py
[2026-06-06T20:45:15.717-0400] {processor.py:830} INFO - Processing file /Users/nitishbhattad/anaconda3/envs/flight-pipeline/lib/python3.11/site-packages/airflow/example_dags/example_short_circuit_decorator.py for tasks to queue
[2026-06-06T20:45:15.720-0400] {logging_mixin.py:188} INFO - [2026-06-06T20:45:15.719-0400] {dagbag.py:538} INFO - Filling up the DagBag from /Users/nitishbhattad/anaconda3/envs/flight-pipeline/lib/python3.11/site-packages/airflow/example_dags/example_short_circuit_decorator.py
[2026-06-06T20:45:15.755-0400] {processor.py:840} INFO - DAG(s) 'example_short_circuit_decorator' retrieved from /Users/nitishbhattad/anaconda3/envs/flight-pipeline/lib/python3.11/site-packages/airflow/example_dags/example_short_circuit_decorator.py
[2026-06-06T20:45:15.915-0400] {logging_mixin.py:188} INFO - [2026-06-06T20:45:15.914-0400] {dag.py:3036} INFO - Sync 1 DAGs
[2026-06-06T20:45:15.932-0400] {logging_mixin.py:188} INFO - [2026-06-06T20:45:15.932-0400] {dag.py:3823} INFO - Setting next_dagrun for example_short_circuit_decorator to 2026-06-06 00:00:00+00:00, run_after=2026-06-07 00:00:00+00:00
[2026-06-06T20:45:15.960-0400] {processor.py:183} INFO - Processing /Users/nitishbhattad/anaconda3/envs/flight-pipeline/lib/python3.11/site-packages/airflow/example_dags/example_short_circuit_decorator.py took 0.247 seconds
[2026-06-06T20:47:21.041-0400] {processor.py:161} INFO - Started process (PID=66266) to work on /Users/nitishbhattad/anaconda3/envs/flight-pipeline/lib/python3.11/site-packages/airflow/example_dags/example_short_circuit_decorator.py
[2026-06-06T20:47:21.042-0400] {processor.py:830} INFO - Processing file /Users/nitishbhattad/anaconda3/envs/flight-pipeline/lib/python3.11/site-packages/airflow/example_dags/example_short_circuit_decorator.py for tasks to queue
[2026-06-06T20:47:21.042-0400] {logging_mixin.py:188} INFO - [2026-06-06T20:47:21.042-0400] {dagbag.py:538} INFO - Filling up the DagBag from /Users/nitishbhattad/anaconda3/envs/flight-pipeline/lib/python3.11/site-packages/airflow/example_dags/example_short_circuit_decorator.py
[2026-06-06T20:47:21.056-0400] {processor.py:840} INFO - DAG(s) 'example_short_circuit_decorator' retrieved from /Users/nitishbhattad/anaconda3/envs/flight-pipeline/lib/python3.11/site-packages/airflow/example_dags/example_short_circuit_decorator.py
[2026-06-06T20:47:21.115-0400] {logging_mixin.py:188} INFO - [2026-06-06T20:47:21.115-0400] {dag.py:3036} INFO - Sync 1 DAGs
[2026-06-06T20:47:21.121-0400] {logging_mixin.py:188} INFO - [2026-06-06T20:47:21.121-0400] {dag.py:3823} INFO - Setting next_dagrun for example_short_circuit_decorator to 2026-06-06 00:00:00+00:00, run_after=2026-06-07 00:00:00+00:00
[2026-06-06T20:47:21.128-0400] {processor.py:183} INFO - Processing /Users/nitishbhattad/anaconda3/envs/flight-pipeline/lib/python3.11/site-packages/airflow/example_dags/example_short_circuit_decorator.py took 0.088 seconds
[2026-06-06T20:49:19.149-0400] {processor.py:161} INFO - Started process (PID=66460) to work on /Users/nitishbhattad/anaconda3/envs/flight-pipeline/lib/python3.11/site-packages/airflow/example_dags/example_short_circuit_decorator.py
[2026-06-06T20:49:19.151-0400] {processor.py:830} INFO - Processing file /Users/nitishbhattad/anaconda3/envs/flight-pipeline/lib/python3.11/site-packages/airflow/example_dags/example_short_circuit_decorator.py for tasks to queue
[2026-06-06T20:49:19.151-0400] {logging_mixin.py:188} INFO - [2026-06-06T20:49:19.151-0400] {dagbag.py:538} INFO - Filling up the DagBag from /Users/nitishbhattad/anaconda3/envs/flight-pipeline/lib/python3.11/site-packages/airflow/example_dags/example_short_circuit_decorator.py
[2026-06-06T20:49:19.168-0400] {processor.py:840} INFO - DAG(s) 'example_short_circuit_decorator' retrieved from /Users/nitishbhattad/anaconda3/envs/flight-pipeline/lib/python3.11/site-packages/airflow/example_dags/example_short_circuit_decorator.py
[2026-06-06T20:49:19.229-0400] {logging_mixin.py:188} INFO - [2026-06-06T20:49:19.229-0400] {dag.py:3036} INFO - Sync 1 DAGs
[2026-06-06T20:49:19.235-0400] {logging_mixin.py:188} INFO - [2026-06-06T20:49:19.235-0400] {dag.py:3823} INFO - Setting next_dagrun for example_short_circuit_decorator to 2026-06-06 00:00:00+00:00, run_after=2026-06-07 00:00:00+00:00
[2026-06-06T20:49:19.244-0400] {processor.py:183} INFO - Processing /Users/nitishbhattad/anaconda3/envs/flight-pipeline/lib/python3.11/site-packages/airflow/example_dags/example_short_circuit_decorator.py took 0.096 seconds
