[2026-06-06T20:18:39.703-0400] {processor.py:161} INFO - Started process (PID=63538) to work on /Users/nitishbhattad/anaconda3/envs/flight-pipeline/lib/python3.11/site-packages/airflow/example_dags/example_xcomargs.py
[2026-06-06T20:18:39.703-0400] {processor.py:830} INFO - Processing file /Users/nitishbhattad/anaconda3/envs/flight-pipeline/lib/python3.11/site-packages/airflow/example_dags/example_xcomargs.py for tasks to queue
[2026-06-06T20:18:39.704-0400] {logging_mixin.py:188} INFO - [2026-06-06T20:18:39.704-0400] {dagbag.py:538} INFO - Filling up the DagBag from /Users/nitishbhattad/anaconda3/envs/flight-pipeline/lib/python3.11/site-packages/airflow/example_dags/example_xcomargs.py
[2026-06-06T20:18:39.720-0400] {processor.py:840} INFO - DAG(s) 'example_xcom_args_with_operators', 'example_xcom_args' retrieved from /Users/nitishbhattad/anaconda3/envs/flight-pipeline/lib/python3.11/site-packages/airflow/example_dags/example_xcomargs.py
[2026-06-06T20:18:39.819-0400] {logging_mixin.py:188} INFO - [2026-06-06T20:18:39.819-0400] {override.py:1769} INFO - Created Permission View: can edit on DAG:example_xcom_args_with_operators
[2026-06-06T20:18:39.823-0400] {logging_mixin.py:188} INFO - [2026-06-06T20:18:39.823-0400] {override.py:1769} INFO - Created Permission View: can read on DAG:example_xcom_args_with_operators
[2026-06-06T20:18:39.825-0400] {logging_mixin.py:188} INFO - [2026-06-06T20:18:39.825-0400] {override.py:1769} INFO - Created Permission View: can delete on DAG:example_xcom_args_with_operators
[2026-06-06T20:18:39.830-0400] {logging_mixin.py:188} INFO - [2026-06-06T20:18:39.830-0400] {override.py:1769} INFO - Created Permission View: can edit on DAG:example_xcom_args
[2026-06-06T20:18:39.833-0400] {logging_mixin.py:188} INFO - [2026-06-06T20:18:39.833-0400] {override.py:1769} INFO - Created Permission View: can read on DAG:example_xcom_args
[2026-06-06T20:18:39.837-0400] {logging_mixin.py:188} INFO - [2026-06-06T20:18:39.837-0400] {override.py:1769} INFO - Created Permission View: can delete on DAG:example_xcom_args
[2026-06-06T20:18:39.837-0400] {logging_mixin.py:188} INFO - [2026-06-06T20:18:39.837-0400] {dag.py:3036} INFO - Sync 2 DAGs
[2026-06-06T20:18:39.841-0400] {logging_mixin.py:188} INFO - [2026-06-06T20:18:39.841-0400] {dag.py:3058} INFO - Creating ORM DAG for example_xcom_args_with_operators
[2026-06-06T20:18:39.841-0400] {logging_mixin.py:188} INFO - [2026-06-06T20:18:39.841-0400] {dag.py:3058} INFO - Creating ORM DAG for example_xcom_args
[2026-06-06T20:18:39.841-0400] {logging_mixin.py:188} INFO - [2026-06-06T20:18:39.841-0400] {dag.py:3823} INFO - Setting next_dagrun for example_xcom_args to None, run_after=None
[2026-06-06T20:18:39.841-0400] {logging_mixin.py:188} INFO - [2026-06-06T20:18:39.841-0400] {dag.py:3823} INFO - Setting next_dagrun for example_xcom_args_with_operators to None, run_after=None
[2026-06-06T20:18:39.851-0400] {processor.py:183} INFO - Processing /Users/nitishbhattad/anaconda3/envs/flight-pipeline/lib/python3.11/site-packages/airflow/example_dags/example_xcomargs.py took 0.148 seconds
[2026-06-06T20:20:11.334-0400] {processor.py:161} INFO - Started process (PID=63678) to work on /Users/nitishbhattad/anaconda3/envs/flight-pipeline/lib/python3.11/site-packages/airflow/example_dags/example_xcomargs.py
[2026-06-06T20:20:11.334-0400] {processor.py:830} INFO - Processing file /Users/nitishbhattad/anaconda3/envs/flight-pipeline/lib/python3.11/site-packages/airflow/example_dags/example_xcomargs.py for tasks to queue
[2026-06-06T20:20:11.335-0400] {logging_mixin.py:188} INFO - [2026-06-06T20:20:11.334-0400] {dagbag.py:538} INFO - Filling up the DagBag from /Users/nitishbhattad/anaconda3/envs/flight-pipeline/lib/python3.11/site-packages/airflow/example_dags/example_xcomargs.py
[2026-06-06T20:20:11.350-0400] {processor.py:840} INFO - DAG(s) 'example_xcom_args', 'example_xcom_args_with_operators' retrieved from /Users/nitishbhattad/anaconda3/envs/flight-pipeline/lib/python3.11/site-packages/airflow/example_dags/example_xcomargs.py
[2026-06-06T20:20:11.413-0400] {logging_mixin.py:188} INFO - [2026-06-06T20:20:11.413-0400] {dag.py:3036} INFO - Sync 2 DAGs
[2026-06-06T20:20:11.416-0400] {logging_mixin.py:188} INFO - [2026-06-06T20:20:11.416-0400] {dag.py:3823} INFO - Setting next_dagrun for example_xcom_args to None, run_after=None
[2026-06-06T20:20:11.417-0400] {logging_mixin.py:188} INFO - [2026-06-06T20:20:11.417-0400] {dag.py:3823} INFO - Setting next_dagrun for example_xcom_args_with_operators to None, run_after=None
[2026-06-06T20:20:11.424-0400] {processor.py:183} INFO - Processing /Users/nitishbhattad/anaconda3/envs/flight-pipeline/lib/python3.11/site-packages/airflow/example_dags/example_xcomargs.py took 0.091 seconds
[2026-06-06T20:21:16.812-0400] {processor.py:161} INFO - Started process (PID=63782) to work on /Users/nitishbhattad/anaconda3/envs/flight-pipeline/lib/python3.11/site-packages/airflow/example_dags/example_xcomargs.py
[2026-06-06T20:21:16.813-0400] {processor.py:830} INFO - Processing file /Users/nitishbhattad/anaconda3/envs/flight-pipeline/lib/python3.11/site-packages/airflow/example_dags/example_xcomargs.py for tasks to queue
[2026-06-06T20:21:16.813-0400] {logging_mixin.py:188} INFO - [2026-06-06T20:21:16.813-0400] {dagbag.py:538} INFO - Filling up the DagBag from /Users/nitishbhattad/anaconda3/envs/flight-pipeline/lib/python3.11/site-packages/airflow/example_dags/example_xcomargs.py
[2026-06-06T20:21:16.829-0400] {processor.py:840} INFO - DAG(s) 'example_xcom_args', 'example_xcom_args_with_operators' retrieved from /Users/nitishbhattad/anaconda3/envs/flight-pipeline/lib/python3.11/site-packages/airflow/example_dags/example_xcomargs.py
[2026-06-06T20:21:16.893-0400] {logging_mixin.py:188} INFO - [2026-06-06T20:21:16.893-0400] {dag.py:3036} INFO - Sync 2 DAGs
[2026-06-06T20:21:16.897-0400] {logging_mixin.py:188} INFO - [2026-06-06T20:21:16.897-0400] {dag.py:3823} INFO - Setting next_dagrun for example_xcom_args to None, run_after=None
[2026-06-06T20:21:16.898-0400] {logging_mixin.py:188} INFO - [2026-06-06T20:21:16.898-0400] {dag.py:3823} INFO - Setting next_dagrun for example_xcom_args_with_operators to None, run_after=None
[2026-06-06T20:21:16.905-0400] {processor.py:183} INFO - Processing /Users/nitishbhattad/anaconda3/envs/flight-pipeline/lib/python3.11/site-packages/airflow/example_dags/example_xcomargs.py took 0.095 seconds
[2026-06-06T20:23:27.797-0400] {processor.py:161} INFO - Started process (PID=64002) to work on /Users/nitishbhattad/anaconda3/envs/flight-pipeline/lib/python3.11/site-packages/airflow/example_dags/example_xcomargs.py
[2026-06-06T20:23:27.797-0400] {processor.py:830} INFO - Processing file /Users/nitishbhattad/anaconda3/envs/flight-pipeline/lib/python3.11/site-packages/airflow/example_dags/example_xcomargs.py for tasks to queue
[2026-06-06T20:23:27.797-0400] {logging_mixin.py:188} INFO - [2026-06-06T20:23:27.797-0400] {dagbag.py:538} INFO - Filling up the DagBag from /Users/nitishbhattad/anaconda3/envs/flight-pipeline/lib/python3.11/site-packages/airflow/example_dags/example_xcomargs.py
[2026-06-06T20:23:27.810-0400] {processor.py:840} INFO - DAG(s) 'example_xcom_args', 'example_xcom_args_with_operators' retrieved from /Users/nitishbhattad/anaconda3/envs/flight-pipeline/lib/python3.11/site-packages/airflow/example_dags/example_xcomargs.py
[2026-06-06T20:23:27.868-0400] {logging_mixin.py:188} INFO - [2026-06-06T20:23:27.868-0400] {dag.py:3036} INFO - Sync 2 DAGs
[2026-06-06T20:23:27.871-0400] {logging_mixin.py:188} INFO - [2026-06-06T20:23:27.871-0400] {dag.py:3823} INFO - Setting next_dagrun for example_xcom_args to None, run_after=None
[2026-06-06T20:23:27.872-0400] {logging_mixin.py:188} INFO - [2026-06-06T20:23:27.872-0400] {dag.py:3823} INFO - Setting next_dagrun for example_xcom_args_with_operators to None, run_after=None
[2026-06-06T20:23:27.879-0400] {processor.py:183} INFO - Processing /Users/nitishbhattad/anaconda3/envs/flight-pipeline/lib/python3.11/site-packages/airflow/example_dags/example_xcomargs.py took 0.082 seconds
[2026-06-06T20:24:40.857-0400] {processor.py:161} INFO - Started process (PID=64124) to work on /Users/nitishbhattad/anaconda3/envs/flight-pipeline/lib/python3.11/site-packages/airflow/example_dags/example_xcomargs.py
[2026-06-06T20:24:40.860-0400] {processor.py:830} INFO - Processing file /Users/nitishbhattad/anaconda3/envs/flight-pipeline/lib/python3.11/site-packages/airflow/example_dags/example_xcomargs.py for tasks to queue
[2026-06-06T20:24:40.861-0400] {logging_mixin.py:188} INFO - [2026-06-06T20:24:40.860-0400] {dagbag.py:538} INFO - Filling up the DagBag from /Users/nitishbhattad/anaconda3/envs/flight-pipeline/lib/python3.11/site-packages/airflow/example_dags/example_xcomargs.py
[2026-06-06T20:24:40.875-0400] {processor.py:840} INFO - DAG(s) 'example_xcom_args_with_operators', 'example_xcom_args' retrieved from /Users/nitishbhattad/anaconda3/envs/flight-pipeline/lib/python3.11/site-packages/airflow/example_dags/example_xcomargs.py
[2026-06-06T20:24:40.941-0400] {logging_mixin.py:188} INFO - [2026-06-06T20:24:40.941-0400] {dag.py:3036} INFO - Sync 2 DAGs
[2026-06-06T20:24:40.944-0400] {logging_mixin.py:188} INFO - [2026-06-06T20:24:40.944-0400] {dag.py:3823} INFO - Setting next_dagrun for example_xcom_args to None, run_after=None
[2026-06-06T20:24:40.945-0400] {logging_mixin.py:188} INFO - [2026-06-06T20:24:40.945-0400] {dag.py:3823} INFO - Setting next_dagrun for example_xcom_args_with_operators to None, run_after=None
[2026-06-06T20:24:40.952-0400] {processor.py:183} INFO - Processing /Users/nitishbhattad/anaconda3/envs/flight-pipeline/lib/python3.11/site-packages/airflow/example_dags/example_xcomargs.py took 0.096 seconds
[2026-06-06T20:25:46.529-0400] {processor.py:161} INFO - Started process (PID=64226) to work on /Users/nitishbhattad/anaconda3/envs/flight-pipeline/lib/python3.11/site-packages/airflow/example_dags/example_xcomargs.py
[2026-06-06T20:25:46.531-0400] {processor.py:830} INFO - Processing file /Users/nitishbhattad/anaconda3/envs/flight-pipeline/lib/python3.11/site-packages/airflow/example_dags/example_xcomargs.py for tasks to queue
[2026-06-06T20:25:46.532-0400] {logging_mixin.py:188} INFO - [2026-06-06T20:25:46.532-0400] {dagbag.py:538} INFO - Filling up the DagBag from /Users/nitishbhattad/anaconda3/envs/flight-pipeline/lib/python3.11/site-packages/airflow/example_dags/example_xcomargs.py
[2026-06-06T20:25:46.572-0400] {processor.py:840} INFO - DAG(s) 'example_xcom_args_with_operators', 'example_xcom_args' retrieved from /Users/nitishbhattad/anaconda3/envs/flight-pipeline/lib/python3.11/site-packages/airflow/example_dags/example_xcomargs.py
[2026-06-06T20:25:46.739-0400] {logging_mixin.py:188} INFO - [2026-06-06T20:25:46.739-0400] {dag.py:3036} INFO - Sync 2 DAGs
[2026-06-06T20:25:46.746-0400] {logging_mixin.py:188} INFO - [2026-06-06T20:25:46.746-0400] {dag.py:3823} INFO - Setting next_dagrun for example_xcom_args to None, run_after=None
[2026-06-06T20:25:46.747-0400] {logging_mixin.py:188} INFO - [2026-06-06T20:25:46.747-0400] {dag.py:3823} INFO - Setting next_dagrun for example_xcom_args_with_operators to None, run_after=None
[2026-06-06T20:25:46.759-0400] {processor.py:183} INFO - Processing /Users/nitishbhattad/anaconda3/envs/flight-pipeline/lib/python3.11/site-packages/airflow/example_dags/example_xcomargs.py took 0.235 seconds
[2026-06-06T20:26:56.779-0400] {processor.py:161} INFO - Started process (PID=64349) to work on /Users/nitishbhattad/anaconda3/envs/flight-pipeline/lib/python3.11/site-packages/airflow/example_dags/example_xcomargs.py
[2026-06-06T20:26:56.780-0400] {processor.py:830} INFO - Processing file /Users/nitishbhattad/anaconda3/envs/flight-pipeline/lib/python3.11/site-packages/airflow/example_dags/example_xcomargs.py for tasks to queue
[2026-06-06T20:26:56.780-0400] {logging_mixin.py:188} INFO - [2026-06-06T20:26:56.780-0400] {dagbag.py:538} INFO - Filling up the DagBag from /Users/nitishbhattad/anaconda3/envs/flight-pipeline/lib/python3.11/site-packages/airflow/example_dags/example_xcomargs.py
[2026-06-06T20:26:56.798-0400] {processor.py:840} INFO - DAG(s) 'example_xcom_args', 'example_xcom_args_with_operators' retrieved from /Users/nitishbhattad/anaconda3/envs/flight-pipeline/lib/python3.11/site-packages/airflow/example_dags/example_xcomargs.py
[2026-06-06T20:26:56.864-0400] {logging_mixin.py:188} INFO - [2026-06-06T20:26:56.864-0400] {dag.py:3036} INFO - Sync 2 DAGs
[2026-06-06T20:26:56.868-0400] {logging_mixin.py:188} INFO - [2026-06-06T20:26:56.868-0400] {dag.py:3823} INFO - Setting next_dagrun for example_xcom_args to None, run_after=None
[2026-06-06T20:26:56.869-0400] {logging_mixin.py:188} INFO - [2026-06-06T20:26:56.869-0400] {dag.py:3823} INFO - Setting next_dagrun for example_xcom_args_with_operators to None, run_after=None
[2026-06-06T20:26:56.876-0400] {processor.py:183} INFO - Processing /Users/nitishbhattad/anaconda3/envs/flight-pipeline/lib/python3.11/site-packages/airflow/example_dags/example_xcomargs.py took 0.098 seconds
[2026-06-06T20:28:02.537-0400] {processor.py:161} INFO - Started process (PID=64461) to work on /Users/nitishbhattad/anaconda3/envs/flight-pipeline/lib/python3.11/site-packages/airflow/example_dags/example_xcomargs.py
[2026-06-06T20:28:02.539-0400] {processor.py:830} INFO - Processing file /Users/nitishbhattad/anaconda3/envs/flight-pipeline/lib/python3.11/site-packages/airflow/example_dags/example_xcomargs.py for tasks to queue
[2026-06-06T20:28:02.540-0400] {logging_mixin.py:188} INFO - [2026-06-06T20:28:02.540-0400] {dagbag.py:538} INFO - Filling up the DagBag from /Users/nitishbhattad/anaconda3/envs/flight-pipeline/lib/python3.11/site-packages/airflow/example_dags/example_xcomargs.py
[2026-06-06T20:28:02.555-0400] {processor.py:840} INFO - DAG(s) 'example_xcom_args', 'example_xcom_args_with_operators' retrieved from /Users/nitishbhattad/anaconda3/envs/flight-pipeline/lib/python3.11/site-packages/airflow/example_dags/example_xcomargs.py
[2026-06-06T20:28:02.614-0400] {logging_mixin.py:188} INFO - [2026-06-06T20:28:02.614-0400] {dag.py:3036} INFO - Sync 2 DAGs
[2026-06-06T20:28:02.618-0400] {logging_mixin.py:188} INFO - [2026-06-06T20:28:02.618-0400] {dag.py:3823} INFO - Setting next_dagrun for example_xcom_args to None, run_after=None
[2026-06-06T20:28:02.619-0400] {logging_mixin.py:188} INFO - [2026-06-06T20:28:02.619-0400] {dag.py:3823} INFO - Setting next_dagrun for example_xcom_args_with_operators to None, run_after=None
[2026-06-06T20:28:02.627-0400] {processor.py:183} INFO - Processing /Users/nitishbhattad/anaconda3/envs/flight-pipeline/lib/python3.11/site-packages/airflow/example_dags/example_xcomargs.py took 0.091 seconds
[2026-06-06T20:29:00.930-0400] {processor.py:161} INFO - Started process (PID=64540) to work on /Users/nitishbhattad/anaconda3/envs/flight-pipeline/lib/python3.11/site-packages/airflow/example_dags/example_xcomargs.py
[2026-06-06T20:29:00.931-0400] {processor.py:830} INFO - Processing file /Users/nitishbhattad/anaconda3/envs/flight-pipeline/lib/python3.11/site-packages/airflow/example_dags/example_xcomargs.py for tasks to queue
[2026-06-06T20:29:00.931-0400] {logging_mixin.py:188} INFO - [2026-06-06T20:29:00.931-0400] {dagbag.py:538} INFO - Filling up the DagBag from /Users/nitishbhattad/anaconda3/envs/flight-pipeline/lib/python3.11/site-packages/airflow/example_dags/example_xcomargs.py
[2026-06-06T20:29:00.946-0400] {processor.py:840} INFO - DAG(s) 'example_xcom_args', 'example_xcom_args_with_operators' retrieved from /Users/nitishbhattad/anaconda3/envs/flight-pipeline/lib/python3.11/site-packages/airflow/example_dags/example_xcomargs.py
[2026-06-06T20:29:01.007-0400] {logging_mixin.py:188} INFO - [2026-06-06T20:29:01.007-0400] {dag.py:3036} INFO - Sync 2 DAGs
[2026-06-06T20:29:01.010-0400] {logging_mixin.py:188} INFO - [2026-06-06T20:29:01.010-0400] {dag.py:3823} INFO - Setting next_dagrun for example_xcom_args to None, run_after=None
[2026-06-06T20:29:01.011-0400] {logging_mixin.py:188} INFO - [2026-06-06T20:29:01.011-0400] {dag.py:3823} INFO - Setting next_dagrun for example_xcom_args_with_operators to None, run_after=None
[2026-06-06T20:29:01.018-0400] {processor.py:183} INFO - Processing /Users/nitishbhattad/anaconda3/envs/flight-pipeline/lib/python3.11/site-packages/airflow/example_dags/example_xcomargs.py took 0.089 seconds
[2026-06-06T20:29:59.122-0400] {processor.py:161} INFO - Started process (PID=64625) to work on /Users/nitishbhattad/anaconda3/envs/flight-pipeline/lib/python3.11/site-packages/airflow/example_dags/example_xcomargs.py
[2026-06-06T20:29:59.123-0400] {processor.py:830} INFO - Processing file /Users/nitishbhattad/anaconda3/envs/flight-pipeline/lib/python3.11/site-packages/airflow/example_dags/example_xcomargs.py for tasks to queue
[2026-06-06T20:29:59.124-0400] {logging_mixin.py:188} INFO - [2026-06-06T20:29:59.124-0400] {dagbag.py:538} INFO - Filling up the DagBag from /Users/nitishbhattad/anaconda3/envs/flight-pipeline/lib/python3.11/site-packages/airflow/example_dags/example_xcomargs.py
[2026-06-06T20:29:59.141-0400] {processor.py:840} INFO - DAG(s) 'example_xcom_args_with_operators', 'example_xcom_args' retrieved from /Users/nitishbhattad/anaconda3/envs/flight-pipeline/lib/python3.11/site-packages/airflow/example_dags/example_xcomargs.py
[2026-06-06T20:29:59.212-0400] {logging_mixin.py:188} INFO - [2026-06-06T20:29:59.212-0400] {dag.py:3036} INFO - Sync 2 DAGs
[2026-06-06T20:29:59.218-0400] {logging_mixin.py:188} INFO - [2026-06-06T20:29:59.218-0400] {dag.py:3823} INFO - Setting next_dagrun for example_xcom_args to None, run_after=None
[2026-06-06T20:29:59.220-0400] {logging_mixin.py:188} INFO - [2026-06-06T20:29:59.220-0400] {dag.py:3823} INFO - Setting next_dagrun for example_xcom_args_with_operators to None, run_after=None
[2026-06-06T20:29:59.228-0400] {processor.py:183} INFO - Processing /Users/nitishbhattad/anaconda3/envs/flight-pipeline/lib/python3.11/site-packages/airflow/example_dags/example_xcomargs.py took 0.107 seconds
[2026-06-06T20:31:11.924-0400] {processor.py:161} INFO - Started process (PID=64739) to work on /Users/nitishbhattad/anaconda3/envs/flight-pipeline/lib/python3.11/site-packages/airflow/example_dags/example_xcomargs.py
[2026-06-06T20:31:11.925-0400] {processor.py:830} INFO - Processing file /Users/nitishbhattad/anaconda3/envs/flight-pipeline/lib/python3.11/site-packages/airflow/example_dags/example_xcomargs.py for tasks to queue
[2026-06-06T20:31:11.925-0400] {logging_mixin.py:188} INFO - [2026-06-06T20:31:11.925-0400] {dagbag.py:538} INFO - Filling up the DagBag from /Users/nitishbhattad/anaconda3/envs/flight-pipeline/lib/python3.11/site-packages/airflow/example_dags/example_xcomargs.py
[2026-06-06T20:31:11.942-0400] {processor.py:840} INFO - DAG(s) 'example_xcom_args', 'example_xcom_args_with_operators' retrieved from /Users/nitishbhattad/anaconda3/envs/flight-pipeline/lib/python3.11/site-packages/airflow/example_dags/example_xcomargs.py
[2026-06-06T20:31:12.014-0400] {logging_mixin.py:188} INFO - [2026-06-06T20:31:12.014-0400] {dag.py:3036} INFO - Sync 2 DAGs
[2026-06-06T20:31:12.019-0400] {logging_mixin.py:188} INFO - [2026-06-06T20:31:12.019-0400] {dag.py:3823} INFO - Setting next_dagrun for example_xcom_args to None, run_after=None
[2026-06-06T20:31:12.020-0400] {logging_mixin.py:188} INFO - [2026-06-06T20:31:12.020-0400] {dag.py:3823} INFO - Setting next_dagrun for example_xcom_args_with_operators to None, run_after=None
[2026-06-06T20:31:12.029-0400] {processor.py:183} INFO - Processing /Users/nitishbhattad/anaconda3/envs/flight-pipeline/lib/python3.11/site-packages/airflow/example_dags/example_xcomargs.py took 0.106 seconds
[2026-06-06T20:32:28.974-0400] {processor.py:161} INFO - Started process (PID=64850) to work on /Users/nitishbhattad/anaconda3/envs/flight-pipeline/lib/python3.11/site-packages/airflow/example_dags/example_xcomargs.py
[2026-06-06T20:32:28.975-0400] {processor.py:830} INFO - Processing file /Users/nitishbhattad/anaconda3/envs/flight-pipeline/lib/python3.11/site-packages/airflow/example_dags/example_xcomargs.py for tasks to queue
[2026-06-06T20:32:28.975-0400] {logging_mixin.py:188} INFO - [2026-06-06T20:32:28.975-0400] {dagbag.py:538} INFO - Filling up the DagBag from /Users/nitishbhattad/anaconda3/envs/flight-pipeline/lib/python3.11/site-packages/airflow/example_dags/example_xcomargs.py
[2026-06-06T20:32:28.989-0400] {processor.py:840} INFO - DAG(s) 'example_xcom_args_with_operators', 'example_xcom_args' retrieved from /Users/nitishbhattad/anaconda3/envs/flight-pipeline/lib/python3.11/site-packages/airflow/example_dags/example_xcomargs.py
[2026-06-06T20:32:29.047-0400] {logging_mixin.py:188} INFO - [2026-06-06T20:32:29.047-0400] {dag.py:3036} INFO - Sync 2 DAGs
[2026-06-06T20:32:29.050-0400] {logging_mixin.py:188} INFO - [2026-06-06T20:32:29.050-0400] {dag.py:3823} INFO - Setting next_dagrun for example_xcom_args to None, run_after=None
[2026-06-06T20:32:29.051-0400] {logging_mixin.py:188} INFO - [2026-06-06T20:32:29.051-0400] {dag.py:3823} INFO - Setting next_dagrun for example_xcom_args_with_operators to None, run_after=None
[2026-06-06T20:32:29.058-0400] {processor.py:183} INFO - Processing /Users/nitishbhattad/anaconda3/envs/flight-pipeline/lib/python3.11/site-packages/airflow/example_dags/example_xcomargs.py took 0.085 seconds
[2026-06-06T20:33:32.145-0400] {processor.py:161} INFO - Started process (PID=64947) to work on /Users/nitishbhattad/anaconda3/envs/flight-pipeline/lib/python3.11/site-packages/airflow/example_dags/example_xcomargs.py
[2026-06-06T20:33:32.148-0400] {processor.py:830} INFO - Processing file /Users/nitishbhattad/anaconda3/envs/flight-pipeline/lib/python3.11/site-packages/airflow/example_dags/example_xcomargs.py for tasks to queue
[2026-06-06T20:33:32.149-0400] {logging_mixin.py:188} INFO - [2026-06-06T20:33:32.149-0400] {dagbag.py:538} INFO - Filling up the DagBag from /Users/nitishbhattad/anaconda3/envs/flight-pipeline/lib/python3.11/site-packages/airflow/example_dags/example_xcomargs.py
[2026-06-06T20:33:32.166-0400] {processor.py:840} INFO - DAG(s) 'example_xcom_args_with_operators', 'example_xcom_args' retrieved from /Users/nitishbhattad/anaconda3/envs/flight-pipeline/lib/python3.11/site-packages/airflow/example_dags/example_xcomargs.py
[2026-06-06T20:33:32.232-0400] {logging_mixin.py:188} INFO - [2026-06-06T20:33:32.232-0400] {dag.py:3036} INFO - Sync 2 DAGs
[2026-06-06T20:33:32.236-0400] {logging_mixin.py:188} INFO - [2026-06-06T20:33:32.236-0400] {dag.py:3823} INFO - Setting next_dagrun for example_xcom_args to None, run_after=None
[2026-06-06T20:33:32.237-0400] {logging_mixin.py:188} INFO - [2026-06-06T20:33:32.237-0400] {dag.py:3823} INFO - Setting next_dagrun for example_xcom_args_with_operators to None, run_after=None
[2026-06-06T20:33:32.245-0400] {processor.py:183} INFO - Processing /Users/nitishbhattad/anaconda3/envs/flight-pipeline/lib/python3.11/site-packages/airflow/example_dags/example_xcomargs.py took 0.100 seconds
[2026-06-06T20:34:33.410-0400] {processor.py:161} INFO - Started process (PID=65037) to work on /Users/nitishbhattad/anaconda3/envs/flight-pipeline/lib/python3.11/site-packages/airflow/example_dags/example_xcomargs.py
[2026-06-06T20:34:33.411-0400] {processor.py:830} INFO - Processing file /Users/nitishbhattad/anaconda3/envs/flight-pipeline/lib/python3.11/site-packages/airflow/example_dags/example_xcomargs.py for tasks to queue
[2026-06-06T20:34:33.411-0400] {logging_mixin.py:188} INFO - [2026-06-06T20:34:33.411-0400] {dagbag.py:538} INFO - Filling up the DagBag from /Users/nitishbhattad/anaconda3/envs/flight-pipeline/lib/python3.11/site-packages/airflow/example_dags/example_xcomargs.py
[2026-06-06T20:34:33.425-0400] {processor.py:840} INFO - DAG(s) 'example_xcom_args_with_operators', 'example_xcom_args' retrieved from /Users/nitishbhattad/anaconda3/envs/flight-pipeline/lib/python3.11/site-packages/airflow/example_dags/example_xcomargs.py
[2026-06-06T20:34:33.482-0400] {logging_mixin.py:188} INFO - [2026-06-06T20:34:33.482-0400] {dag.py:3036} INFO - Sync 2 DAGs
[2026-06-06T20:34:33.485-0400] {logging_mixin.py:188} INFO - [2026-06-06T20:34:33.485-0400] {dag.py:3823} INFO - Setting next_dagrun for example_xcom_args to None, run_after=None
[2026-06-06T20:34:33.486-0400] {logging_mixin.py:188} INFO - [2026-06-06T20:34:33.486-0400] {dag.py:3823} INFO - Setting next_dagrun for example_xcom_args_with_operators to None, run_after=None
[2026-06-06T20:34:33.492-0400] {processor.py:183} INFO - Processing /Users/nitishbhattad/anaconda3/envs/flight-pipeline/lib/python3.11/site-packages/airflow/example_dags/example_xcomargs.py took 0.082 seconds
[2026-06-06T20:35:31.569-0400] {processor.py:161} INFO - Started process (PID=65129) to work on /Users/nitishbhattad/anaconda3/envs/flight-pipeline/lib/python3.11/site-packages/airflow/example_dags/example_xcomargs.py
[2026-06-06T20:35:31.570-0400] {processor.py:830} INFO - Processing file /Users/nitishbhattad/anaconda3/envs/flight-pipeline/lib/python3.11/site-packages/airflow/example_dags/example_xcomargs.py for tasks to queue
[2026-06-06T20:35:31.570-0400] {logging_mixin.py:188} INFO - [2026-06-06T20:35:31.570-0400] {dagbag.py:538} INFO - Filling up the DagBag from /Users/nitishbhattad/anaconda3/envs/flight-pipeline/lib/python3.11/site-packages/airflow/example_dags/example_xcomargs.py
[2026-06-06T20:35:31.584-0400] {processor.py:840} INFO - DAG(s) 'example_xcom_args', 'example_xcom_args_with_operators' retrieved from /Users/nitishbhattad/anaconda3/envs/flight-pipeline/lib/python3.11/site-packages/airflow/example_dags/example_xcomargs.py
[2026-06-06T20:35:31.647-0400] {logging_mixin.py:188} INFO - [2026-06-06T20:35:31.647-0400] {dag.py:3036} INFO - Sync 2 DAGs
[2026-06-06T20:35:31.651-0400] {logging_mixin.py:188} INFO - [2026-06-06T20:35:31.651-0400] {dag.py:3823} INFO - Setting next_dagrun for example_xcom_args to None, run_after=None
[2026-06-06T20:35:31.652-0400] {logging_mixin.py:188} INFO - [2026-06-06T20:35:31.652-0400] {dag.py:3823} INFO - Setting next_dagrun for example_xcom_args_with_operators to None, run_after=None
[2026-06-06T20:35:31.659-0400] {processor.py:183} INFO - Processing /Users/nitishbhattad/anaconda3/envs/flight-pipeline/lib/python3.11/site-packages/airflow/example_dags/example_xcomargs.py took 0.090 seconds
[2026-06-06T20:36:32.348-0400] {processor.py:161} INFO - Started process (PID=65217) to work on /Users/nitishbhattad/anaconda3/envs/flight-pipeline/lib/python3.11/site-packages/airflow/example_dags/example_xcomargs.py
[2026-06-06T20:36:32.355-0400] {processor.py:830} INFO - Processing file /Users/nitishbhattad/anaconda3/envs/flight-pipeline/lib/python3.11/site-packages/airflow/example_dags/example_xcomargs.py for tasks to queue
[2026-06-06T20:36:32.355-0400] {logging_mixin.py:188} INFO - [2026-06-06T20:36:32.355-0400] {dagbag.py:538} INFO - Filling up the DagBag from /Users/nitishbhattad/anaconda3/envs/flight-pipeline/lib/python3.11/site-packages/airflow/example_dags/example_xcomargs.py
[2026-06-06T20:36:32.376-0400] {processor.py:840} INFO - DAG(s) 'example_xcom_args', 'example_xcom_args_with_operators' retrieved from /Users/nitishbhattad/anaconda3/envs/flight-pipeline/lib/python3.11/site-packages/airflow/example_dags/example_xcomargs.py
[2026-06-06T20:36:32.484-0400] {logging_mixin.py:188} INFO - [2026-06-06T20:36:32.484-0400] {dag.py:3036} INFO - Sync 2 DAGs
[2026-06-06T20:36:32.489-0400] {logging_mixin.py:188} INFO - [2026-06-06T20:36:32.489-0400] {dag.py:3823} INFO - Setting next_dagrun for example_xcom_args to None, run_after=None
[2026-06-06T20:36:32.493-0400] {logging_mixin.py:188} INFO - [2026-06-06T20:36:32.493-0400] {dag.py:3823} INFO - Setting next_dagrun for example_xcom_args_with_operators to None, run_after=None
[2026-06-06T20:36:32.508-0400] {processor.py:183} INFO - Processing /Users/nitishbhattad/anaconda3/envs/flight-pipeline/lib/python3.11/site-packages/airflow/example_dags/example_xcomargs.py took 0.160 seconds
[2026-06-06T20:37:38.626-0400] {processor.py:161} INFO - Started process (PID=65321) to work on /Users/nitishbhattad/anaconda3/envs/flight-pipeline/lib/python3.11/site-packages/airflow/example_dags/example_xcomargs.py
[2026-06-06T20:37:38.627-0400] {processor.py:830} INFO - Processing file /Users/nitishbhattad/anaconda3/envs/flight-pipeline/lib/python3.11/site-packages/airflow/example_dags/example_xcomargs.py for tasks to queue
[2026-06-06T20:37:38.627-0400] {logging_mixin.py:188} INFO - [2026-06-06T20:37:38.627-0400] {dagbag.py:538} INFO - Filling up the DagBag from /Users/nitishbhattad/anaconda3/envs/flight-pipeline/lib/python3.11/site-packages/airflow/example_dags/example_xcomargs.py
[2026-06-06T20:37:38.643-0400] {processor.py:840} INFO - DAG(s) 'example_xcom_args', 'example_xcom_args_with_operators' retrieved from /Users/nitishbhattad/anaconda3/envs/flight-pipeline/lib/python3.11/site-packages/airflow/example_dags/example_xcomargs.py
[2026-06-06T20:37:38.712-0400] {logging_mixin.py:188} INFO - [2026-06-06T20:37:38.712-0400] {dag.py:3036} INFO - Sync 2 DAGs
[2026-06-06T20:37:38.716-0400] {logging_mixin.py:188} INFO - [2026-06-06T20:37:38.716-0400] {dag.py:3823} INFO - Setting next_dagrun for example_xcom_args to None, run_after=None
[2026-06-06T20:37:38.717-0400] {logging_mixin.py:188} INFO - [2026-06-06T20:37:38.717-0400] {dag.py:3823} INFO - Setting next_dagrun for example_xcom_args_with_operators to None, run_after=None
[2026-06-06T20:37:38.727-0400] {processor.py:183} INFO - Processing /Users/nitishbhattad/anaconda3/envs/flight-pipeline/lib/python3.11/site-packages/airflow/example_dags/example_xcomargs.py took 0.101 seconds
[2026-06-06T20:38:43.800-0400] {processor.py:161} INFO - Started process (PID=65412) to work on /Users/nitishbhattad/anaconda3/envs/flight-pipeline/lib/python3.11/site-packages/airflow/example_dags/example_xcomargs.py
[2026-06-06T20:38:43.802-0400] {processor.py:830} INFO - Processing file /Users/nitishbhattad/anaconda3/envs/flight-pipeline/lib/python3.11/site-packages/airflow/example_dags/example_xcomargs.py for tasks to queue
[2026-06-06T20:38:43.802-0400] {logging_mixin.py:188} INFO - [2026-06-06T20:38:43.802-0400] {dagbag.py:538} INFO - Filling up the DagBag from /Users/nitishbhattad/anaconda3/envs/flight-pipeline/lib/python3.11/site-packages/airflow/example_dags/example_xcomargs.py
[2026-06-06T20:38:43.815-0400] {processor.py:840} INFO - DAG(s) 'example_xcom_args', 'example_xcom_args_with_operators' retrieved from /Users/nitishbhattad/anaconda3/envs/flight-pipeline/lib/python3.11/site-packages/airflow/example_dags/example_xcomargs.py
[2026-06-06T20:38:43.873-0400] {logging_mixin.py:188} INFO - [2026-06-06T20:38:43.873-0400] {dag.py:3036} INFO - Sync 2 DAGs
[2026-06-06T20:38:43.876-0400] {logging_mixin.py:188} INFO - [2026-06-06T20:38:43.876-0400] {dag.py:3823} INFO - Setting next_dagrun for example_xcom_args to None, run_after=None
[2026-06-06T20:38:43.877-0400] {logging_mixin.py:188} INFO - [2026-06-06T20:38:43.877-0400] {dag.py:3823} INFO - Setting next_dagrun for example_xcom_args_with_operators to None, run_after=None
[2026-06-06T20:38:43.883-0400] {processor.py:183} INFO - Processing /Users/nitishbhattad/anaconda3/envs/flight-pipeline/lib/python3.11/site-packages/airflow/example_dags/example_xcomargs.py took 0.083 seconds
[2026-06-06T20:39:45.294-0400] {processor.py:161} INFO - Started process (PID=65534) to work on /Users/nitishbhattad/anaconda3/envs/flight-pipeline/lib/python3.11/site-packages/airflow/example_dags/example_xcomargs.py
[2026-06-06T20:39:45.297-0400] {processor.py:830} INFO - Processing file /Users/nitishbhattad/anaconda3/envs/flight-pipeline/lib/python3.11/site-packages/airflow/example_dags/example_xcomargs.py for tasks to queue
[2026-06-06T20:39:45.297-0400] {logging_mixin.py:188} INFO - [2026-06-06T20:39:45.297-0400] {dagbag.py:538} INFO - Filling up the DagBag from /Users/nitishbhattad/anaconda3/envs/flight-pipeline/lib/python3.11/site-packages/airflow/example_dags/example_xcomargs.py
[2026-06-06T20:39:45.323-0400] {processor.py:840} INFO - DAG(s) 'example_xcom_args', 'example_xcom_args_with_operators' retrieved from /Users/nitishbhattad/anaconda3/envs/flight-pipeline/lib/python3.11/site-packages/airflow/example_dags/example_xcomargs.py
[2026-06-06T20:39:45.398-0400] {logging_mixin.py:188} INFO - [2026-06-06T20:39:45.398-0400] {dag.py:3036} INFO - Sync 2 DAGs
[2026-06-06T20:39:45.402-0400] {logging_mixin.py:188} INFO - [2026-06-06T20:39:45.401-0400] {dag.py:3823} INFO - Setting next_dagrun for example_xcom_args to None, run_after=None
[2026-06-06T20:39:45.403-0400] {logging_mixin.py:188} INFO - [2026-06-06T20:39:45.403-0400] {dag.py:3823} INFO - Setting next_dagrun for example_xcom_args_with_operators to None, run_after=None
[2026-06-06T20:39:45.413-0400] {processor.py:183} INFO - Processing /Users/nitishbhattad/anaconda3/envs/flight-pipeline/lib/python3.11/site-packages/airflow/example_dags/example_xcomargs.py took 0.120 seconds
[2026-06-06T20:40:49.815-0400] {processor.py:161} INFO - Started process (PID=65675) to work on /Users/nitishbhattad/anaconda3/envs/flight-pipeline/lib/python3.11/site-packages/airflow/example_dags/example_xcomargs.py
[2026-06-06T20:40:49.817-0400] {processor.py:830} INFO - Processing file /Users/nitishbhattad/anaconda3/envs/flight-pipeline/lib/python3.11/site-packages/airflow/example_dags/example_xcomargs.py for tasks to queue
[2026-06-06T20:40:49.817-0400] {logging_mixin.py:188} INFO - [2026-06-06T20:40:49.817-0400] {dagbag.py:538} INFO - Filling up the DagBag from /Users/nitishbhattad/anaconda3/envs/flight-pipeline/lib/python3.11/site-packages/airflow/example_dags/example_xcomargs.py
[2026-06-06T20:40:49.839-0400] {processor.py:840} INFO - DAG(s) 'example_xcom_args_with_operators', 'example_xcom_args' retrieved from /Users/nitishbhattad/anaconda3/envs/flight-pipeline/lib/python3.11/site-packages/airflow/example_dags/example_xcomargs.py
[2026-06-06T20:40:49.910-0400] {logging_mixin.py:188} INFO - [2026-06-06T20:40:49.910-0400] {dag.py:3036} INFO - Sync 2 DAGs
[2026-06-06T20:40:49.915-0400] {logging_mixin.py:188} INFO - [2026-06-06T20:40:49.915-0400] {dag.py:3823} INFO - Setting next_dagrun for example_xcom_args to None, run_after=None
[2026-06-06T20:40:49.918-0400] {logging_mixin.py:188} INFO - [2026-06-06T20:40:49.918-0400] {dag.py:3823} INFO - Setting next_dagrun for example_xcom_args_with_operators to None, run_after=None
[2026-06-06T20:40:49.931-0400] {processor.py:183} INFO - Processing /Users/nitishbhattad/anaconda3/envs/flight-pipeline/lib/python3.11/site-packages/airflow/example_dags/example_xcomargs.py took 0.117 seconds
[2026-06-06T20:41:55.809-0400] {processor.py:161} INFO - Started process (PID=65767) to work on /Users/nitishbhattad/anaconda3/envs/flight-pipeline/lib/python3.11/site-packages/airflow/example_dags/example_xcomargs.py
[2026-06-06T20:41:55.810-0400] {processor.py:830} INFO - Processing file /Users/nitishbhattad/anaconda3/envs/flight-pipeline/lib/python3.11/site-packages/airflow/example_dags/example_xcomargs.py for tasks to queue
[2026-06-06T20:41:55.811-0400] {logging_mixin.py:188} INFO - [2026-06-06T20:41:55.811-0400] {dagbag.py:538} INFO - Filling up the DagBag from /Users/nitishbhattad/anaconda3/envs/flight-pipeline/lib/python3.11/site-packages/airflow/example_dags/example_xcomargs.py
[2026-06-06T20:41:55.855-0400] {processor.py:840} INFO - DAG(s) 'example_xcom_args_with_operators', 'example_xcom_args' retrieved from /Users/nitishbhattad/anaconda3/envs/flight-pipeline/lib/python3.11/site-packages/airflow/example_dags/example_xcomargs.py
[2026-06-06T20:41:55.925-0400] {logging_mixin.py:188} INFO - [2026-06-06T20:41:55.925-0400] {dag.py:3036} INFO - Sync 2 DAGs
[2026-06-06T20:41:55.928-0400] {logging_mixin.py:188} INFO - [2026-06-06T20:41:55.928-0400] {dag.py:3823} INFO - Setting next_dagrun for example_xcom_args to None, run_after=None
[2026-06-06T20:41:55.930-0400] {logging_mixin.py:188} INFO - [2026-06-06T20:41:55.930-0400] {dag.py:3823} INFO - Setting next_dagrun for example_xcom_args_with_operators to None, run_after=None
[2026-06-06T20:41:55.938-0400] {processor.py:183} INFO - Processing /Users/nitishbhattad/anaconda3/envs/flight-pipeline/lib/python3.11/site-packages/airflow/example_dags/example_xcomargs.py took 0.131 seconds
[2026-06-06T20:42:54.706-0400] {processor.py:161} INFO - Started process (PID=65852) to work on /Users/nitishbhattad/anaconda3/envs/flight-pipeline/lib/python3.11/site-packages/airflow/example_dags/example_xcomargs.py
[2026-06-06T20:42:54.707-0400] {processor.py:830} INFO - Processing file /Users/nitishbhattad/anaconda3/envs/flight-pipeline/lib/python3.11/site-packages/airflow/example_dags/example_xcomargs.py for tasks to queue
[2026-06-06T20:42:54.708-0400] {logging_mixin.py:188} INFO - [2026-06-06T20:42:54.708-0400] {dagbag.py:538} INFO - Filling up the DagBag from /Users/nitishbhattad/anaconda3/envs/flight-pipeline/lib/python3.11/site-packages/airflow/example_dags/example_xcomargs.py
[2026-06-06T20:42:54.724-0400] {processor.py:840} INFO - DAG(s) 'example_xcom_args', 'example_xcom_args_with_operators' retrieved from /Users/nitishbhattad/anaconda3/envs/flight-pipeline/lib/python3.11/site-packages/airflow/example_dags/example_xcomargs.py
[2026-06-06T20:42:54.786-0400] {logging_mixin.py:188} INFO - [2026-06-06T20:42:54.786-0400] {dag.py:3036} INFO - Sync 2 DAGs
[2026-06-06T20:42:54.789-0400] {logging_mixin.py:188} INFO - [2026-06-06T20:42:54.788-0400] {dag.py:3823} INFO - Setting next_dagrun for example_xcom_args to None, run_after=None
[2026-06-06T20:42:54.789-0400] {logging_mixin.py:188} INFO - [2026-06-06T20:42:54.789-0400] {dag.py:3823} INFO - Setting next_dagrun for example_xcom_args_with_operators to None, run_after=None
[2026-06-06T20:42:54.796-0400] {processor.py:183} INFO - Processing /Users/nitishbhattad/anaconda3/envs/flight-pipeline/lib/python3.11/site-packages/airflow/example_dags/example_xcomargs.py took 0.091 seconds
[2026-06-06T20:43:55.238-0400] {processor.py:161} INFO - Started process (PID=65943) to work on /Users/nitishbhattad/anaconda3/envs/flight-pipeline/lib/python3.11/site-packages/airflow/example_dags/example_xcomargs.py
[2026-06-06T20:43:55.239-0400] {processor.py:830} INFO - Processing file /Users/nitishbhattad/anaconda3/envs/flight-pipeline/lib/python3.11/site-packages/airflow/example_dags/example_xcomargs.py for tasks to queue
[2026-06-06T20:43:55.240-0400] {logging_mixin.py:188} INFO - [2026-06-06T20:43:55.240-0400] {dagbag.py:538} INFO - Filling up the DagBag from /Users/nitishbhattad/anaconda3/envs/flight-pipeline/lib/python3.11/site-packages/airflow/example_dags/example_xcomargs.py
[2026-06-06T20:43:55.256-0400] {processor.py:840} INFO - DAG(s) 'example_xcom_args_with_operators', 'example_xcom_args' retrieved from /Users/nitishbhattad/anaconda3/envs/flight-pipeline/lib/python3.11/site-packages/airflow/example_dags/example_xcomargs.py
[2026-06-06T20:43:55.328-0400] {logging_mixin.py:188} INFO - [2026-06-06T20:43:55.328-0400] {dag.py:3036} INFO - Sync 2 DAGs
[2026-06-06T20:43:55.331-0400] {logging_mixin.py:188} INFO - [2026-06-06T20:43:55.331-0400] {dag.py:3823} INFO - Setting next_dagrun for example_xcom_args to None, run_after=None
[2026-06-06T20:43:55.332-0400] {logging_mixin.py:188} INFO - [2026-06-06T20:43:55.332-0400] {dag.py:3823} INFO - Setting next_dagrun for example_xcom_args_with_operators to None, run_after=None
[2026-06-06T20:43:55.344-0400] {processor.py:183} INFO - Processing /Users/nitishbhattad/anaconda3/envs/flight-pipeline/lib/python3.11/site-packages/airflow/example_dags/example_xcomargs.py took 0.107 seconds
[2026-06-06T20:44:59.816-0400] {processor.py:161} INFO - Started process (PID=66037) to work on /Users/nitishbhattad/anaconda3/envs/flight-pipeline/lib/python3.11/site-packages/airflow/example_dags/example_xcomargs.py
[2026-06-06T20:44:59.817-0400] {processor.py:830} INFO - Processing file /Users/nitishbhattad/anaconda3/envs/flight-pipeline/lib/python3.11/site-packages/airflow/example_dags/example_xcomargs.py for tasks to queue
[2026-06-06T20:44:59.817-0400] {logging_mixin.py:188} INFO - [2026-06-06T20:44:59.817-0400] {dagbag.py:538} INFO - Filling up the DagBag from /Users/nitishbhattad/anaconda3/envs/flight-pipeline/lib/python3.11/site-packages/airflow/example_dags/example_xcomargs.py
[2026-06-06T20:44:59.833-0400] {processor.py:840} INFO - DAG(s) 'example_xcom_args', 'example_xcom_args_with_operators' retrieved from /Users/nitishbhattad/anaconda3/envs/flight-pipeline/lib/python3.11/site-packages/airflow/example_dags/example_xcomargs.py
[2026-06-06T20:44:59.893-0400] {logging_mixin.py:188} INFO - [2026-06-06T20:44:59.893-0400] {dag.py:3036} INFO - Sync 2 DAGs
[2026-06-06T20:44:59.897-0400] {logging_mixin.py:188} INFO - [2026-06-06T20:44:59.897-0400] {dag.py:3823} INFO - Setting next_dagrun for example_xcom_args to None, run_after=None
[2026-06-06T20:44:59.898-0400] {logging_mixin.py:188} INFO - [2026-06-06T20:44:59.898-0400] {dag.py:3823} INFO - Setting next_dagrun for example_xcom_args_with_operators to None, run_after=None
[2026-06-06T20:44:59.905-0400] {processor.py:183} INFO - Processing /Users/nitishbhattad/anaconda3/envs/flight-pipeline/lib/python3.11/site-packages/airflow/example_dags/example_xcomargs.py took 0.090 seconds
[2026-06-06T20:46:01.437-0400] {processor.py:161} INFO - Started process (PID=66129) to work on /Users/nitishbhattad/anaconda3/envs/flight-pipeline/lib/python3.11/site-packages/airflow/example_dags/example_xcomargs.py
[2026-06-06T20:46:01.439-0400] {processor.py:830} INFO - Processing file /Users/nitishbhattad/anaconda3/envs/flight-pipeline/lib/python3.11/site-packages/airflow/example_dags/example_xcomargs.py for tasks to queue
[2026-06-06T20:46:01.440-0400] {logging_mixin.py:188} INFO - [2026-06-06T20:46:01.440-0400] {dagbag.py:538} INFO - Filling up the DagBag from /Users/nitishbhattad/anaconda3/envs/flight-pipeline/lib/python3.11/site-packages/airflow/example_dags/example_xcomargs.py
[2026-06-06T20:46:01.453-0400] {processor.py:840} INFO - DAG(s) 'example_xcom_args_with_operators', 'example_xcom_args' retrieved from /Users/nitishbhattad/anaconda3/envs/flight-pipeline/lib/python3.11/site-packages/airflow/example_dags/example_xcomargs.py
[2026-06-06T20:46:01.513-0400] {logging_mixin.py:188} INFO - [2026-06-06T20:46:01.513-0400] {dag.py:3036} INFO - Sync 2 DAGs
[2026-06-06T20:46:01.517-0400] {logging_mixin.py:188} INFO - [2026-06-06T20:46:01.517-0400] {dag.py:3823} INFO - Setting next_dagrun for example_xcom_args to None, run_after=None
[2026-06-06T20:46:01.519-0400] {logging_mixin.py:188} INFO - [2026-06-06T20:46:01.518-0400] {dag.py:3823} INFO - Setting next_dagrun for example_xcom_args_with_operators to None, run_after=None
[2026-06-06T20:46:01.526-0400] {processor.py:183} INFO - Processing /Users/nitishbhattad/anaconda3/envs/flight-pipeline/lib/python3.11/site-packages/airflow/example_dags/example_xcomargs.py took 0.089 seconds
[2026-06-06T20:47:06.021-0400] {processor.py:161} INFO - Started process (PID=66246) to work on /Users/nitishbhattad/anaconda3/envs/flight-pipeline/lib/python3.11/site-packages/airflow/example_dags/example_xcomargs.py
[2026-06-06T20:47:06.022-0400] {processor.py:830} INFO - Processing file /Users/nitishbhattad/anaconda3/envs/flight-pipeline/lib/python3.11/site-packages/airflow/example_dags/example_xcomargs.py for tasks to queue
[2026-06-06T20:47:06.023-0400] {logging_mixin.py:188} INFO - [2026-06-06T20:47:06.023-0400] {dagbag.py:538} INFO - Filling up the DagBag from /Users/nitishbhattad/anaconda3/envs/flight-pipeline/lib/python3.11/site-packages/airflow/example_dags/example_xcomargs.py
[2026-06-06T20:47:06.047-0400] {processor.py:840} INFO - DAG(s) 'example_xcom_args_with_operators', 'example_xcom_args' retrieved from /Users/nitishbhattad/anaconda3/envs/flight-pipeline/lib/python3.11/site-packages/airflow/example_dags/example_xcomargs.py
[2026-06-06T20:47:06.121-0400] {logging_mixin.py:188} INFO - [2026-06-06T20:47:06.120-0400] {dag.py:3036} INFO - Sync 2 DAGs
[2026-06-06T20:47:06.124-0400] {logging_mixin.py:188} INFO - [2026-06-06T20:47:06.124-0400] {dag.py:3823} INFO - Setting next_dagrun for example_xcom_args to None, run_after=None
[2026-06-06T20:47:06.125-0400] {logging_mixin.py:188} INFO - [2026-06-06T20:47:06.125-0400] {dag.py:3823} INFO - Setting next_dagrun for example_xcom_args_with_operators to None, run_after=None
[2026-06-06T20:47:06.132-0400] {processor.py:183} INFO - Processing /Users/nitishbhattad/anaconda3/envs/flight-pipeline/lib/python3.11/site-packages/airflow/example_dags/example_xcomargs.py took 0.112 seconds
[2026-06-06T20:48:05.029-0400] {processor.py:161} INFO - Started process (PID=66346) to work on /Users/nitishbhattad/anaconda3/envs/flight-pipeline/lib/python3.11/site-packages/airflow/example_dags/example_xcomargs.py
[2026-06-06T20:48:05.030-0400] {processor.py:830} INFO - Processing file /Users/nitishbhattad/anaconda3/envs/flight-pipeline/lib/python3.11/site-packages/airflow/example_dags/example_xcomargs.py for tasks to queue
[2026-06-06T20:48:05.031-0400] {logging_mixin.py:188} INFO - [2026-06-06T20:48:05.031-0400] {dagbag.py:538} INFO - Filling up the DagBag from /Users/nitishbhattad/anaconda3/envs/flight-pipeline/lib/python3.11/site-packages/airflow/example_dags/example_xcomargs.py
[2026-06-06T20:48:05.050-0400] {processor.py:840} INFO - DAG(s) 'example_xcom_args', 'example_xcom_args_with_operators' retrieved from /Users/nitishbhattad/anaconda3/envs/flight-pipeline/lib/python3.11/site-packages/airflow/example_dags/example_xcomargs.py
[2026-06-06T20:48:05.142-0400] {logging_mixin.py:188} INFO - [2026-06-06T20:48:05.142-0400] {dag.py:3036} INFO - Sync 2 DAGs
[2026-06-06T20:48:05.146-0400] {logging_mixin.py:188} INFO - [2026-06-06T20:48:05.145-0400] {dag.py:3823} INFO - Setting next_dagrun for example_xcom_args to None, run_after=None
[2026-06-06T20:48:05.147-0400] {logging_mixin.py:188} INFO - [2026-06-06T20:48:05.147-0400] {dag.py:3823} INFO - Setting next_dagrun for example_xcom_args_with_operators to None, run_after=None
[2026-06-06T20:48:05.157-0400] {processor.py:183} INFO - Processing /Users/nitishbhattad/anaconda3/envs/flight-pipeline/lib/python3.11/site-packages/airflow/example_dags/example_xcomargs.py took 0.130 seconds
[2026-06-06T20:49:04.011-0400] {processor.py:161} INFO - Started process (PID=66433) to work on /Users/nitishbhattad/anaconda3/envs/flight-pipeline/lib/python3.11/site-packages/airflow/example_dags/example_xcomargs.py
[2026-06-06T20:49:04.012-0400] {processor.py:830} INFO - Processing file /Users/nitishbhattad/anaconda3/envs/flight-pipeline/lib/python3.11/site-packages/airflow/example_dags/example_xcomargs.py for tasks to queue
[2026-06-06T20:49:04.012-0400] {logging_mixin.py:188} INFO - [2026-06-06T20:49:04.012-0400] {dagbag.py:538} INFO - Filling up the DagBag from /Users/nitishbhattad/anaconda3/envs/flight-pipeline/lib/python3.11/site-packages/airflow/example_dags/example_xcomargs.py
[2026-06-06T20:49:04.028-0400] {processor.py:840} INFO - DAG(s) 'example_xcom_args_with_operators', 'example_xcom_args' retrieved from /Users/nitishbhattad/anaconda3/envs/flight-pipeline/lib/python3.11/site-packages/airflow/example_dags/example_xcomargs.py
[2026-06-06T20:49:04.088-0400] {logging_mixin.py:188} INFO - [2026-06-06T20:49:04.088-0400] {dag.py:3036} INFO - Sync 2 DAGs
[2026-06-06T20:49:04.092-0400] {logging_mixin.py:188} INFO - [2026-06-06T20:49:04.091-0400] {dag.py:3823} INFO - Setting next_dagrun for example_xcom_args to None, run_after=None
[2026-06-06T20:49:04.093-0400] {logging_mixin.py:188} INFO - [2026-06-06T20:49:04.093-0400] {dag.py:3823} INFO - Setting next_dagrun for example_xcom_args_with_operators to None, run_after=None
[2026-06-06T20:49:04.101-0400] {processor.py:183} INFO - Processing /Users/nitishbhattad/anaconda3/envs/flight-pipeline/lib/python3.11/site-packages/airflow/example_dags/example_xcomargs.py took 0.091 seconds
[2026-06-06T20:50:04.050-0400] {processor.py:161} INFO - Started process (PID=66538) to work on /Users/nitishbhattad/anaconda3/envs/flight-pipeline/lib/python3.11/site-packages/airflow/example_dags/example_xcomargs.py
[2026-06-06T20:50:04.051-0400] {processor.py:830} INFO - Processing file /Users/nitishbhattad/anaconda3/envs/flight-pipeline/lib/python3.11/site-packages/airflow/example_dags/example_xcomargs.py for tasks to queue
[2026-06-06T20:50:04.051-0400] {logging_mixin.py:188} INFO - [2026-06-06T20:50:04.051-0400] {dagbag.py:538} INFO - Filling up the DagBag from /Users/nitishbhattad/anaconda3/envs/flight-pipeline/lib/python3.11/site-packages/airflow/example_dags/example_xcomargs.py
[2026-06-06T20:50:04.065-0400] {processor.py:840} INFO - DAG(s) 'example_xcom_args', 'example_xcom_args_with_operators' retrieved from /Users/nitishbhattad/anaconda3/envs/flight-pipeline/lib/python3.11/site-packages/airflow/example_dags/example_xcomargs.py
[2026-06-06T20:50:04.121-0400] {logging_mixin.py:188} INFO - [2026-06-06T20:50:04.121-0400] {dag.py:3036} INFO - Sync 2 DAGs
[2026-06-06T20:50:04.124-0400] {logging_mixin.py:188} INFO - [2026-06-06T20:50:04.124-0400] {dag.py:3823} INFO - Setting next_dagrun for example_xcom_args to None, run_after=None
[2026-06-06T20:50:04.125-0400] {logging_mixin.py:188} INFO - [2026-06-06T20:50:04.125-0400] {dag.py:3823} INFO - Setting next_dagrun for example_xcom_args_with_operators to None, run_after=None
[2026-06-06T20:50:04.132-0400] {processor.py:183} INFO - Processing /Users/nitishbhattad/anaconda3/envs/flight-pipeline/lib/python3.11/site-packages/airflow/example_dags/example_xcomargs.py took 0.083 seconds
