[2026-06-06T20:18:38.260-0400] {processor.py:161} INFO - Started process (PID=63537) to work on /Users/nitishbhattad/anaconda3/envs/flight-pipeline/lib/python3.11/site-packages/airflow/example_dags/tutorial.py
[2026-06-06T20:18:38.261-0400] {processor.py:830} INFO - Processing file /Users/nitishbhattad/anaconda3/envs/flight-pipeline/lib/python3.11/site-packages/airflow/example_dags/tutorial.py for tasks to queue
[2026-06-06T20:18:38.261-0400] {logging_mixin.py:188} INFO - [2026-06-06T20:18:38.261-0400] {dagbag.py:538} INFO - Filling up the DagBag from /Users/nitishbhattad/anaconda3/envs/flight-pipeline/lib/python3.11/site-packages/airflow/example_dags/tutorial.py
[2026-06-06T20:18:38.266-0400] {processor.py:840} INFO - DAG(s) 'tutorial' retrieved from /Users/nitishbhattad/anaconda3/envs/flight-pipeline/lib/python3.11/site-packages/airflow/example_dags/tutorial.py
[2026-06-06T20:18:38.381-0400] {logging_mixin.py:188} INFO - [2026-06-06T20:18:38.380-0400] {override.py:1769} INFO - Created Permission View: can read on DAG:tutorial
[2026-06-06T20:18:38.384-0400] {logging_mixin.py:188} INFO - [2026-06-06T20:18:38.384-0400] {override.py:1769} INFO - Created Permission View: can edit on DAG:tutorial
[2026-06-06T20:18:38.387-0400] {logging_mixin.py:188} INFO - [2026-06-06T20:18:38.387-0400] {override.py:1769} INFO - Created Permission View: can delete on DAG:tutorial
[2026-06-06T20:18:38.387-0400] {logging_mixin.py:188} INFO - [2026-06-06T20:18:38.387-0400] {dag.py:3036} INFO - Sync 1 DAGs
[2026-06-06T20:18:38.390-0400] {logging_mixin.py:188} INFO - [2026-06-06T20:18:38.390-0400] {dag.py:3058} INFO - Creating ORM DAG for tutorial
[2026-06-06T20:18:38.396-0400] {logging_mixin.py:188} INFO - [2026-06-06T20:18:38.396-0400] {dag.py:3823} INFO - Setting next_dagrun for tutorial to 2026-06-06 00:00:00+00:00, run_after=2026-06-07 00:00:00+00:00
[2026-06-06T20:18:38.405-0400] {processor.py:183} INFO - Processing /Users/nitishbhattad/anaconda3/envs/flight-pipeline/lib/python3.11/site-packages/airflow/example_dags/tutorial.py took 0.145 seconds
[2026-06-06T20:20:10.236-0400] {processor.py:161} INFO - Started process (PID=63676) to work on /Users/nitishbhattad/anaconda3/envs/flight-pipeline/lib/python3.11/site-packages/airflow/example_dags/tutorial.py
[2026-06-06T20:20:10.237-0400] {processor.py:830} INFO - Processing file /Users/nitishbhattad/anaconda3/envs/flight-pipeline/lib/python3.11/site-packages/airflow/example_dags/tutorial.py for tasks to queue
[2026-06-06T20:20:10.237-0400] {logging_mixin.py:188} INFO - [2026-06-06T20:20:10.237-0400] {dagbag.py:538} INFO - Filling up the DagBag from /Users/nitishbhattad/anaconda3/envs/flight-pipeline/lib/python3.11/site-packages/airflow/example_dags/tutorial.py
[2026-06-06T20:20:10.244-0400] {processor.py:840} INFO - DAG(s) 'tutorial' retrieved from /Users/nitishbhattad/anaconda3/envs/flight-pipeline/lib/python3.11/site-packages/airflow/example_dags/tutorial.py
[2026-06-06T20:20:10.316-0400] {logging_mixin.py:188} INFO - [2026-06-06T20:20:10.315-0400] {dag.py:3036} INFO - Sync 1 DAGs
[2026-06-06T20:20:10.323-0400] {logging_mixin.py:188} INFO - [2026-06-06T20:20:10.323-0400] {dag.py:3823} INFO - Setting next_dagrun for tutorial to 2026-06-06 00:00:00+00:00, run_after=2026-06-07 00:00:00+00:00
[2026-06-06T20:20:10.333-0400] {processor.py:183} INFO - Processing /Users/nitishbhattad/anaconda3/envs/flight-pipeline/lib/python3.11/site-packages/airflow/example_dags/tutorial.py took 0.098 seconds
[2026-06-06T20:21:14.954-0400] {processor.py:161} INFO - Started process (PID=63773) to work on /Users/nitishbhattad/anaconda3/envs/flight-pipeline/lib/python3.11/site-packages/airflow/example_dags/tutorial.py
[2026-06-06T20:21:14.955-0400] {processor.py:830} INFO - Processing file /Users/nitishbhattad/anaconda3/envs/flight-pipeline/lib/python3.11/site-packages/airflow/example_dags/tutorial.py for tasks to queue
[2026-06-06T20:21:14.955-0400] {logging_mixin.py:188} INFO - [2026-06-06T20:21:14.955-0400] {dagbag.py:538} INFO - Filling up the DagBag from /Users/nitishbhattad/anaconda3/envs/flight-pipeline/lib/python3.11/site-packages/airflow/example_dags/tutorial.py
[2026-06-06T20:21:14.960-0400] {processor.py:840} INFO - DAG(s) 'tutorial' retrieved from /Users/nitishbhattad/anaconda3/envs/flight-pipeline/lib/python3.11/site-packages/airflow/example_dags/tutorial.py
[2026-06-06T20:21:15.054-0400] {logging_mixin.py:188} INFO - [2026-06-06T20:21:15.054-0400] {dag.py:3036} INFO - Sync 1 DAGs
[2026-06-06T20:21:15.074-0400] {logging_mixin.py:188} INFO - [2026-06-06T20:21:15.074-0400] {dag.py:3823} INFO - Setting next_dagrun for tutorial to 2026-06-06 00:00:00+00:00, run_after=2026-06-07 00:00:00+00:00
[2026-06-06T20:21:15.093-0400] {processor.py:183} INFO - Processing /Users/nitishbhattad/anaconda3/envs/flight-pipeline/lib/python3.11/site-packages/airflow/example_dags/tutorial.py took 0.140 seconds
[2026-06-06T20:23:25.944-0400] {processor.py:161} INFO - Started process (PID=64001) to work on /Users/nitishbhattad/anaconda3/envs/flight-pipeline/lib/python3.11/site-packages/airflow/example_dags/tutorial.py
[2026-06-06T20:23:25.945-0400] {processor.py:830} INFO - Processing file /Users/nitishbhattad/anaconda3/envs/flight-pipeline/lib/python3.11/site-packages/airflow/example_dags/tutorial.py for tasks to queue
[2026-06-06T20:23:25.945-0400] {logging_mixin.py:188} INFO - [2026-06-06T20:23:25.945-0400] {dagbag.py:538} INFO - Filling up the DagBag from /Users/nitishbhattad/anaconda3/envs/flight-pipeline/lib/python3.11/site-packages/airflow/example_dags/tutorial.py
[2026-06-06T20:23:25.948-0400] {processor.py:840} INFO - DAG(s) 'tutorial' retrieved from /Users/nitishbhattad/anaconda3/envs/flight-pipeline/lib/python3.11/site-packages/airflow/example_dags/tutorial.py
[2026-06-06T20:23:26.012-0400] {logging_mixin.py:188} INFO - [2026-06-06T20:23:26.012-0400] {dag.py:3036} INFO - Sync 1 DAGs
[2026-06-06T20:23:26.020-0400] {logging_mixin.py:188} INFO - [2026-06-06T20:23:26.020-0400] {dag.py:3823} INFO - Setting next_dagrun for tutorial to 2026-06-06 00:00:00+00:00, run_after=2026-06-07 00:00:00+00:00
[2026-06-06T20:23:26.028-0400] {processor.py:183} INFO - Processing /Users/nitishbhattad/anaconda3/envs/flight-pipeline/lib/python3.11/site-packages/airflow/example_dags/tutorial.py took 0.084 seconds
[2026-06-06T20:24:38.909-0400] {processor.py:161} INFO - Started process (PID=64120) to work on /Users/nitishbhattad/anaconda3/envs/flight-pipeline/lib/python3.11/site-packages/airflow/example_dags/tutorial.py
[2026-06-06T20:24:38.910-0400] {processor.py:830} INFO - Processing file /Users/nitishbhattad/anaconda3/envs/flight-pipeline/lib/python3.11/site-packages/airflow/example_dags/tutorial.py for tasks to queue
[2026-06-06T20:24:38.910-0400] {logging_mixin.py:188} INFO - [2026-06-06T20:24:38.910-0400] {dagbag.py:538} INFO - Filling up the DagBag from /Users/nitishbhattad/anaconda3/envs/flight-pipeline/lib/python3.11/site-packages/airflow/example_dags/tutorial.py
[2026-06-06T20:24:38.914-0400] {processor.py:840} INFO - DAG(s) 'tutorial' retrieved from /Users/nitishbhattad/anaconda3/envs/flight-pipeline/lib/python3.11/site-packages/airflow/example_dags/tutorial.py
[2026-06-06T20:24:38.980-0400] {logging_mixin.py:188} INFO - [2026-06-06T20:24:38.980-0400] {dag.py:3036} INFO - Sync 1 DAGs
[2026-06-06T20:24:38.987-0400] {logging_mixin.py:188} INFO - [2026-06-06T20:24:38.987-0400] {dag.py:3823} INFO - Setting next_dagrun for tutorial to 2026-06-06 00:00:00+00:00, run_after=2026-06-07 00:00:00+00:00
[2026-06-06T20:24:38.996-0400] {processor.py:183} INFO - Processing /Users/nitishbhattad/anaconda3/envs/flight-pipeline/lib/python3.11/site-packages/airflow/example_dags/tutorial.py took 0.087 seconds
[2026-06-06T20:25:44.238-0400] {processor.py:161} INFO - Started process (PID=64221) to work on /Users/nitishbhattad/anaconda3/envs/flight-pipeline/lib/python3.11/site-packages/airflow/example_dags/tutorial.py
[2026-06-06T20:25:44.239-0400] {processor.py:830} INFO - Processing file /Users/nitishbhattad/anaconda3/envs/flight-pipeline/lib/python3.11/site-packages/airflow/example_dags/tutorial.py for tasks to queue
[2026-06-06T20:25:44.239-0400] {logging_mixin.py:188} INFO - [2026-06-06T20:25:44.239-0400] {dagbag.py:538} INFO - Filling up the DagBag from /Users/nitishbhattad/anaconda3/envs/flight-pipeline/lib/python3.11/site-packages/airflow/example_dags/tutorial.py
[2026-06-06T20:25:44.247-0400] {processor.py:840} INFO - DAG(s) 'tutorial' retrieved from /Users/nitishbhattad/anaconda3/envs/flight-pipeline/lib/python3.11/site-packages/airflow/example_dags/tutorial.py
[2026-06-06T20:25:44.354-0400] {logging_mixin.py:188} INFO - [2026-06-06T20:25:44.354-0400] {dag.py:3036} INFO - Sync 1 DAGs
[2026-06-06T20:25:44.363-0400] {logging_mixin.py:188} INFO - [2026-06-06T20:25:44.363-0400] {dag.py:3823} INFO - Setting next_dagrun for tutorial to 2026-06-06 00:00:00+00:00, run_after=2026-06-07 00:00:00+00:00
[2026-06-06T20:25:44.374-0400] {processor.py:183} INFO - Processing /Users/nitishbhattad/anaconda3/envs/flight-pipeline/lib/python3.11/site-packages/airflow/example_dags/tutorial.py took 0.138 seconds
[2026-06-06T20:26:54.749-0400] {processor.py:161} INFO - Started process (PID=64348) to work on /Users/nitishbhattad/anaconda3/envs/flight-pipeline/lib/python3.11/site-packages/airflow/example_dags/tutorial.py
[2026-06-06T20:26:54.752-0400] {processor.py:830} INFO - Processing file /Users/nitishbhattad/anaconda3/envs/flight-pipeline/lib/python3.11/site-packages/airflow/example_dags/tutorial.py for tasks to queue
[2026-06-06T20:26:54.753-0400] {logging_mixin.py:188} INFO - [2026-06-06T20:26:54.753-0400] {dagbag.py:538} INFO - Filling up the DagBag from /Users/nitishbhattad/anaconda3/envs/flight-pipeline/lib/python3.11/site-packages/airflow/example_dags/tutorial.py
[2026-06-06T20:26:54.777-0400] {processor.py:840} INFO - DAG(s) 'tutorial' retrieved from /Users/nitishbhattad/anaconda3/envs/flight-pipeline/lib/python3.11/site-packages/airflow/example_dags/tutorial.py
[2026-06-06T20:26:54.867-0400] {logging_mixin.py:188} INFO - [2026-06-06T20:26:54.867-0400] {dag.py:3036} INFO - Sync 1 DAGs
[2026-06-06T20:26:54.875-0400] {logging_mixin.py:188} INFO - [2026-06-06T20:26:54.874-0400] {dag.py:3823} INFO - Setting next_dagrun for tutorial to 2026-06-06 00:00:00+00:00, run_after=2026-06-07 00:00:00+00:00
[2026-06-06T20:26:54.883-0400] {processor.py:183} INFO - Processing /Users/nitishbhattad/anaconda3/envs/flight-pipeline/lib/python3.11/site-packages/airflow/example_dags/tutorial.py took 0.139 seconds
[2026-06-06T20:28:00.600-0400] {processor.py:161} INFO - Started process (PID=64452) to work on /Users/nitishbhattad/anaconda3/envs/flight-pipeline/lib/python3.11/site-packages/airflow/example_dags/tutorial.py
[2026-06-06T20:28:00.603-0400] {processor.py:830} INFO - Processing file /Users/nitishbhattad/anaconda3/envs/flight-pipeline/lib/python3.11/site-packages/airflow/example_dags/tutorial.py for tasks to queue
[2026-06-06T20:28:00.604-0400] {logging_mixin.py:188} INFO - [2026-06-06T20:28:00.603-0400] {dagbag.py:538} INFO - Filling up the DagBag from /Users/nitishbhattad/anaconda3/envs/flight-pipeline/lib/python3.11/site-packages/airflow/example_dags/tutorial.py
[2026-06-06T20:28:00.608-0400] {processor.py:840} INFO - DAG(s) 'tutorial' retrieved from /Users/nitishbhattad/anaconda3/envs/flight-pipeline/lib/python3.11/site-packages/airflow/example_dags/tutorial.py
[2026-06-06T20:28:00.670-0400] {logging_mixin.py:188} INFO - [2026-06-06T20:28:00.670-0400] {dag.py:3036} INFO - Sync 1 DAGs
[2026-06-06T20:28:00.679-0400] {logging_mixin.py:188} INFO - [2026-06-06T20:28:00.679-0400] {dag.py:3823} INFO - Setting next_dagrun for tutorial to 2026-06-06 00:00:00+00:00, run_after=2026-06-07 00:00:00+00:00
[2026-06-06T20:28:00.686-0400] {processor.py:183} INFO - Processing /Users/nitishbhattad/anaconda3/envs/flight-pipeline/lib/python3.11/site-packages/airflow/example_dags/tutorial.py took 0.087 seconds
[2026-06-06T20:28:59.006-0400] {processor.py:161} INFO - Started process (PID=64539) to work on /Users/nitishbhattad/anaconda3/envs/flight-pipeline/lib/python3.11/site-packages/airflow/example_dags/tutorial.py
[2026-06-06T20:28:59.007-0400] {processor.py:830} INFO - Processing file /Users/nitishbhattad/anaconda3/envs/flight-pipeline/lib/python3.11/site-packages/airflow/example_dags/tutorial.py for tasks to queue
[2026-06-06T20:28:59.007-0400] {logging_mixin.py:188} INFO - [2026-06-06T20:28:59.007-0400] {dagbag.py:538} INFO - Filling up the DagBag from /Users/nitishbhattad/anaconda3/envs/flight-pipeline/lib/python3.11/site-packages/airflow/example_dags/tutorial.py
[2026-06-06T20:28:59.011-0400] {processor.py:840} INFO - DAG(s) 'tutorial' retrieved from /Users/nitishbhattad/anaconda3/envs/flight-pipeline/lib/python3.11/site-packages/airflow/example_dags/tutorial.py
[2026-06-06T20:28:59.071-0400] {logging_mixin.py:188} INFO - [2026-06-06T20:28:59.071-0400] {dag.py:3036} INFO - Sync 1 DAGs
[2026-06-06T20:28:59.079-0400] {logging_mixin.py:188} INFO - [2026-06-06T20:28:59.078-0400] {dag.py:3823} INFO - Setting next_dagrun for tutorial to 2026-06-06 00:00:00+00:00, run_after=2026-06-07 00:00:00+00:00
[2026-06-06T20:28:59.088-0400] {processor.py:183} INFO - Processing /Users/nitishbhattad/anaconda3/envs/flight-pipeline/lib/python3.11/site-packages/airflow/example_dags/tutorial.py took 0.082 seconds
[2026-06-06T20:29:57.475-0400] {processor.py:161} INFO - Started process (PID=64624) to work on /Users/nitishbhattad/anaconda3/envs/flight-pipeline/lib/python3.11/site-packages/airflow/example_dags/tutorial.py
[2026-06-06T20:29:57.476-0400] {processor.py:830} INFO - Processing file /Users/nitishbhattad/anaconda3/envs/flight-pipeline/lib/python3.11/site-packages/airflow/example_dags/tutorial.py for tasks to queue
[2026-06-06T20:29:57.476-0400] {logging_mixin.py:188} INFO - [2026-06-06T20:29:57.476-0400] {dagbag.py:538} INFO - Filling up the DagBag from /Users/nitishbhattad/anaconda3/envs/flight-pipeline/lib/python3.11/site-packages/airflow/example_dags/tutorial.py
[2026-06-06T20:29:57.490-0400] {processor.py:840} INFO - DAG(s) 'tutorial' retrieved from /Users/nitishbhattad/anaconda3/envs/flight-pipeline/lib/python3.11/site-packages/airflow/example_dags/tutorial.py
[2026-06-06T20:29:57.568-0400] {logging_mixin.py:188} INFO - [2026-06-06T20:29:57.568-0400] {dag.py:3036} INFO - Sync 1 DAGs
[2026-06-06T20:29:57.578-0400] {logging_mixin.py:188} INFO - [2026-06-06T20:29:57.578-0400] {dag.py:3823} INFO - Setting next_dagrun for tutorial to 2026-06-06 00:00:00+00:00, run_after=2026-06-07 00:00:00+00:00
[2026-06-06T20:29:57.592-0400] {processor.py:183} INFO - Processing /Users/nitishbhattad/anaconda3/envs/flight-pipeline/lib/python3.11/site-packages/airflow/example_dags/tutorial.py took 0.118 seconds
[2026-06-06T20:31:10.326-0400] {processor.py:161} INFO - Started process (PID=64738) to work on /Users/nitishbhattad/anaconda3/envs/flight-pipeline/lib/python3.11/site-packages/airflow/example_dags/tutorial.py
[2026-06-06T20:31:10.328-0400] {processor.py:830} INFO - Processing file /Users/nitishbhattad/anaconda3/envs/flight-pipeline/lib/python3.11/site-packages/airflow/example_dags/tutorial.py for tasks to queue
[2026-06-06T20:31:10.330-0400] {logging_mixin.py:188} INFO - [2026-06-06T20:31:10.330-0400] {dagbag.py:538} INFO - Filling up the DagBag from /Users/nitishbhattad/anaconda3/envs/flight-pipeline/lib/python3.11/site-packages/airflow/example_dags/tutorial.py
[2026-06-06T20:31:10.339-0400] {processor.py:840} INFO - DAG(s) 'tutorial' retrieved from /Users/nitishbhattad/anaconda3/envs/flight-pipeline/lib/python3.11/site-packages/airflow/example_dags/tutorial.py
[2026-06-06T20:31:10.417-0400] {logging_mixin.py:188} INFO - [2026-06-06T20:31:10.417-0400] {dag.py:3036} INFO - Sync 1 DAGs
[2026-06-06T20:31:10.429-0400] {logging_mixin.py:188} INFO - [2026-06-06T20:31:10.429-0400] {dag.py:3823} INFO - Setting next_dagrun for tutorial to 2026-06-06 00:00:00+00:00, run_after=2026-06-07 00:00:00+00:00
[2026-06-06T20:31:10.444-0400] {processor.py:183} INFO - Processing /Users/nitishbhattad/anaconda3/envs/flight-pipeline/lib/python3.11/site-packages/airflow/example_dags/tutorial.py took 0.118 seconds
[2026-06-06T20:32:26.969-0400] {processor.py:161} INFO - Started process (PID=64849) to work on /Users/nitishbhattad/anaconda3/envs/flight-pipeline/lib/python3.11/site-packages/airflow/example_dags/tutorial.py
[2026-06-06T20:32:26.973-0400] {processor.py:830} INFO - Processing file /Users/nitishbhattad/anaconda3/envs/flight-pipeline/lib/python3.11/site-packages/airflow/example_dags/tutorial.py for tasks to queue
[2026-06-06T20:32:26.974-0400] {logging_mixin.py:188} INFO - [2026-06-06T20:32:26.974-0400] {dagbag.py:538} INFO - Filling up the DagBag from /Users/nitishbhattad/anaconda3/envs/flight-pipeline/lib/python3.11/site-packages/airflow/example_dags/tutorial.py
[2026-06-06T20:32:26.977-0400] {processor.py:840} INFO - DAG(s) 'tutorial' retrieved from /Users/nitishbhattad/anaconda3/envs/flight-pipeline/lib/python3.11/site-packages/airflow/example_dags/tutorial.py
[2026-06-06T20:32:27.042-0400] {logging_mixin.py:188} INFO - [2026-06-06T20:32:27.042-0400] {dag.py:3036} INFO - Sync 1 DAGs
[2026-06-06T20:32:27.049-0400] {logging_mixin.py:188} INFO - [2026-06-06T20:32:27.049-0400] {dag.py:3823} INFO - Setting next_dagrun for tutorial to 2026-06-06 00:00:00+00:00, run_after=2026-06-07 00:00:00+00:00
[2026-06-06T20:32:27.056-0400] {processor.py:183} INFO - Processing /Users/nitishbhattad/anaconda3/envs/flight-pipeline/lib/python3.11/site-packages/airflow/example_dags/tutorial.py took 0.088 seconds
[2026-06-06T20:33:30.528-0400] {processor.py:161} INFO - Started process (PID=64938) to work on /Users/nitishbhattad/anaconda3/envs/flight-pipeline/lib/python3.11/site-packages/airflow/example_dags/tutorial.py
[2026-06-06T20:33:30.529-0400] {processor.py:830} INFO - Processing file /Users/nitishbhattad/anaconda3/envs/flight-pipeline/lib/python3.11/site-packages/airflow/example_dags/tutorial.py for tasks to queue
[2026-06-06T20:33:30.530-0400] {logging_mixin.py:188} INFO - [2026-06-06T20:33:30.530-0400] {dagbag.py:538} INFO - Filling up the DagBag from /Users/nitishbhattad/anaconda3/envs/flight-pipeline/lib/python3.11/site-packages/airflow/example_dags/tutorial.py
[2026-06-06T20:33:30.533-0400] {processor.py:840} INFO - DAG(s) 'tutorial' retrieved from /Users/nitishbhattad/anaconda3/envs/flight-pipeline/lib/python3.11/site-packages/airflow/example_dags/tutorial.py
[2026-06-06T20:33:30.591-0400] {logging_mixin.py:188} INFO - [2026-06-06T20:33:30.591-0400] {dag.py:3036} INFO - Sync 1 DAGs
[2026-06-06T20:33:30.597-0400] {logging_mixin.py:188} INFO - [2026-06-06T20:33:30.597-0400] {dag.py:3823} INFO - Setting next_dagrun for tutorial to 2026-06-06 00:00:00+00:00, run_after=2026-06-07 00:00:00+00:00
[2026-06-06T20:33:30.603-0400] {processor.py:183} INFO - Processing /Users/nitishbhattad/anaconda3/envs/flight-pipeline/lib/python3.11/site-packages/airflow/example_dags/tutorial.py took 0.075 seconds
[2026-06-06T20:34:31.525-0400] {processor.py:161} INFO - Started process (PID=65036) to work on /Users/nitishbhattad/anaconda3/envs/flight-pipeline/lib/python3.11/site-packages/airflow/example_dags/tutorial.py
[2026-06-06T20:34:31.526-0400] {processor.py:830} INFO - Processing file /Users/nitishbhattad/anaconda3/envs/flight-pipeline/lib/python3.11/site-packages/airflow/example_dags/tutorial.py for tasks to queue
[2026-06-06T20:34:31.527-0400] {logging_mixin.py:188} INFO - [2026-06-06T20:34:31.526-0400] {dagbag.py:538} INFO - Filling up the DagBag from /Users/nitishbhattad/anaconda3/envs/flight-pipeline/lib/python3.11/site-packages/airflow/example_dags/tutorial.py
[2026-06-06T20:34:31.530-0400] {processor.py:840} INFO - DAG(s) 'tutorial' retrieved from /Users/nitishbhattad/anaconda3/envs/flight-pipeline/lib/python3.11/site-packages/airflow/example_dags/tutorial.py
[2026-06-06T20:34:31.593-0400] {logging_mixin.py:188} INFO - [2026-06-06T20:34:31.593-0400] {dag.py:3036} INFO - Sync 1 DAGs
[2026-06-06T20:34:31.600-0400] {logging_mixin.py:188} INFO - [2026-06-06T20:34:31.599-0400] {dag.py:3823} INFO - Setting next_dagrun for tutorial to 2026-06-06 00:00:00+00:00, run_after=2026-06-07 00:00:00+00:00
[2026-06-06T20:34:31.608-0400] {processor.py:183} INFO - Processing /Users/nitishbhattad/anaconda3/envs/flight-pipeline/lib/python3.11/site-packages/airflow/example_dags/tutorial.py took 0.083 seconds
[2026-06-06T20:35:29.605-0400] {processor.py:161} INFO - Started process (PID=65120) to work on /Users/nitishbhattad/anaconda3/envs/flight-pipeline/lib/python3.11/site-packages/airflow/example_dags/tutorial.py
[2026-06-06T20:35:29.606-0400] {processor.py:830} INFO - Processing file /Users/nitishbhattad/anaconda3/envs/flight-pipeline/lib/python3.11/site-packages/airflow/example_dags/tutorial.py for tasks to queue
[2026-06-06T20:35:29.606-0400] {logging_mixin.py:188} INFO - [2026-06-06T20:35:29.606-0400] {dagbag.py:538} INFO - Filling up the DagBag from /Users/nitishbhattad/anaconda3/envs/flight-pipeline/lib/python3.11/site-packages/airflow/example_dags/tutorial.py
[2026-06-06T20:35:29.610-0400] {processor.py:840} INFO - DAG(s) 'tutorial' retrieved from /Users/nitishbhattad/anaconda3/envs/flight-pipeline/lib/python3.11/site-packages/airflow/example_dags/tutorial.py
[2026-06-06T20:35:29.676-0400] {logging_mixin.py:188} INFO - [2026-06-06T20:35:29.676-0400] {dag.py:3036} INFO - Sync 1 DAGs
[2026-06-06T20:35:29.683-0400] {logging_mixin.py:188} INFO - [2026-06-06T20:35:29.683-0400] {dag.py:3823} INFO - Setting next_dagrun for tutorial to 2026-06-06 00:00:00+00:00, run_after=2026-06-07 00:00:00+00:00
[2026-06-06T20:35:29.692-0400] {processor.py:183} INFO - Processing /Users/nitishbhattad/anaconda3/envs/flight-pipeline/lib/python3.11/site-packages/airflow/example_dags/tutorial.py took 0.089 seconds
[2026-06-06T20:36:30.377-0400] {processor.py:161} INFO - Started process (PID=65208) to work on /Users/nitishbhattad/anaconda3/envs/flight-pipeline/lib/python3.11/site-packages/airflow/example_dags/tutorial.py
[2026-06-06T20:36:30.378-0400] {processor.py:830} INFO - Processing file /Users/nitishbhattad/anaconda3/envs/flight-pipeline/lib/python3.11/site-packages/airflow/example_dags/tutorial.py for tasks to queue
[2026-06-06T20:36:30.379-0400] {logging_mixin.py:188} INFO - [2026-06-06T20:36:30.379-0400] {dagbag.py:538} INFO - Filling up the DagBag from /Users/nitishbhattad/anaconda3/envs/flight-pipeline/lib/python3.11/site-packages/airflow/example_dags/tutorial.py
[2026-06-06T20:36:30.382-0400] {processor.py:840} INFO - DAG(s) 'tutorial' retrieved from /Users/nitishbhattad/anaconda3/envs/flight-pipeline/lib/python3.11/site-packages/airflow/example_dags/tutorial.py
[2026-06-06T20:36:30.442-0400] {logging_mixin.py:188} INFO - [2026-06-06T20:36:30.442-0400] {dag.py:3036} INFO - Sync 1 DAGs
[2026-06-06T20:36:30.448-0400] {logging_mixin.py:188} INFO - [2026-06-06T20:36:30.448-0400] {dag.py:3823} INFO - Setting next_dagrun for tutorial to 2026-06-06 00:00:00+00:00, run_after=2026-06-07 00:00:00+00:00
[2026-06-06T20:36:30.455-0400] {processor.py:183} INFO - Processing /Users/nitishbhattad/anaconda3/envs/flight-pipeline/lib/python3.11/site-packages/airflow/example_dags/tutorial.py took 0.079 seconds
[2026-06-06T20:37:36.630-0400] {processor.py:161} INFO - Started process (PID=65320) to work on /Users/nitishbhattad/anaconda3/envs/flight-pipeline/lib/python3.11/site-packages/airflow/example_dags/tutorial.py
[2026-06-06T20:37:36.631-0400] {processor.py:830} INFO - Processing file /Users/nitishbhattad/anaconda3/envs/flight-pipeline/lib/python3.11/site-packages/airflow/example_dags/tutorial.py for tasks to queue
[2026-06-06T20:37:36.631-0400] {logging_mixin.py:188} INFO - [2026-06-06T20:37:36.631-0400] {dagbag.py:538} INFO - Filling up the DagBag from /Users/nitishbhattad/anaconda3/envs/flight-pipeline/lib/python3.11/site-packages/airflow/example_dags/tutorial.py
[2026-06-06T20:37:36.635-0400] {processor.py:840} INFO - DAG(s) 'tutorial' retrieved from /Users/nitishbhattad/anaconda3/envs/flight-pipeline/lib/python3.11/site-packages/airflow/example_dags/tutorial.py
[2026-06-06T20:37:36.715-0400] {logging_mixin.py:188} INFO - [2026-06-06T20:37:36.715-0400] {dag.py:3036} INFO - Sync 1 DAGs
[2026-06-06T20:37:36.724-0400] {logging_mixin.py:188} INFO - [2026-06-06T20:37:36.724-0400] {dag.py:3823} INFO - Setting next_dagrun for tutorial to 2026-06-06 00:00:00+00:00, run_after=2026-06-07 00:00:00+00:00
[2026-06-06T20:37:36.733-0400] {processor.py:183} INFO - Processing /Users/nitishbhattad/anaconda3/envs/flight-pipeline/lib/python3.11/site-packages/airflow/example_dags/tutorial.py took 0.104 seconds
[2026-06-06T20:38:41.831-0400] {processor.py:161} INFO - Started process (PID=65411) to work on /Users/nitishbhattad/anaconda3/envs/flight-pipeline/lib/python3.11/site-packages/airflow/example_dags/tutorial.py
[2026-06-06T20:38:41.832-0400] {processor.py:830} INFO - Processing file /Users/nitishbhattad/anaconda3/envs/flight-pipeline/lib/python3.11/site-packages/airflow/example_dags/tutorial.py for tasks to queue
[2026-06-06T20:38:41.832-0400] {logging_mixin.py:188} INFO - [2026-06-06T20:38:41.832-0400] {dagbag.py:538} INFO - Filling up the DagBag from /Users/nitishbhattad/anaconda3/envs/flight-pipeline/lib/python3.11/site-packages/airflow/example_dags/tutorial.py
[2026-06-06T20:38:41.835-0400] {processor.py:840} INFO - DAG(s) 'tutorial' retrieved from /Users/nitishbhattad/anaconda3/envs/flight-pipeline/lib/python3.11/site-packages/airflow/example_dags/tutorial.py
[2026-06-06T20:38:41.896-0400] {logging_mixin.py:188} INFO - [2026-06-06T20:38:41.896-0400] {dag.py:3036} INFO - Sync 1 DAGs
[2026-06-06T20:38:41.902-0400] {logging_mixin.py:188} INFO - [2026-06-06T20:38:41.902-0400] {dag.py:3823} INFO - Setting next_dagrun for tutorial to 2026-06-06 00:00:00+00:00, run_after=2026-06-07 00:00:00+00:00
[2026-06-06T20:38:41.910-0400] {processor.py:183} INFO - Processing /Users/nitishbhattad/anaconda3/envs/flight-pipeline/lib/python3.11/site-packages/airflow/example_dags/tutorial.py took 0.080 seconds
[2026-06-06T20:39:43.349-0400] {processor.py:161} INFO - Started process (PID=65510) to work on /Users/nitishbhattad/anaconda3/envs/flight-pipeline/lib/python3.11/site-packages/airflow/example_dags/tutorial.py
[2026-06-06T20:39:43.351-0400] {processor.py:830} INFO - Processing file /Users/nitishbhattad/anaconda3/envs/flight-pipeline/lib/python3.11/site-packages/airflow/example_dags/tutorial.py for tasks to queue
[2026-06-06T20:39:43.352-0400] {logging_mixin.py:188} INFO - [2026-06-06T20:39:43.351-0400] {dagbag.py:538} INFO - Filling up the DagBag from /Users/nitishbhattad/anaconda3/envs/flight-pipeline/lib/python3.11/site-packages/airflow/example_dags/tutorial.py
[2026-06-06T20:39:43.358-0400] {processor.py:840} INFO - DAG(s) 'tutorial' retrieved from /Users/nitishbhattad/anaconda3/envs/flight-pipeline/lib/python3.11/site-packages/airflow/example_dags/tutorial.py
[2026-06-06T20:39:43.444-0400] {logging_mixin.py:188} INFO - [2026-06-06T20:39:43.444-0400] {dag.py:3036} INFO - Sync 1 DAGs
[2026-06-06T20:39:43.454-0400] {logging_mixin.py:188} INFO - [2026-06-06T20:39:43.453-0400] {dag.py:3823} INFO - Setting next_dagrun for tutorial to 2026-06-06 00:00:00+00:00, run_after=2026-06-07 00:00:00+00:00
[2026-06-06T20:39:43.463-0400] {processor.py:183} INFO - Processing /Users/nitishbhattad/anaconda3/envs/flight-pipeline/lib/python3.11/site-packages/airflow/example_dags/tutorial.py took 0.115 seconds
[2026-06-06T20:40:47.698-0400] {processor.py:161} INFO - Started process (PID=65670) to work on /Users/nitishbhattad/anaconda3/envs/flight-pipeline/lib/python3.11/site-packages/airflow/example_dags/tutorial.py
[2026-06-06T20:40:47.699-0400] {processor.py:830} INFO - Processing file /Users/nitishbhattad/anaconda3/envs/flight-pipeline/lib/python3.11/site-packages/airflow/example_dags/tutorial.py for tasks to queue
[2026-06-06T20:40:47.699-0400] {logging_mixin.py:188} INFO - [2026-06-06T20:40:47.699-0400] {dagbag.py:538} INFO - Filling up the DagBag from /Users/nitishbhattad/anaconda3/envs/flight-pipeline/lib/python3.11/site-packages/airflow/example_dags/tutorial.py
[2026-06-06T20:40:47.704-0400] {processor.py:840} INFO - DAG(s) 'tutorial' retrieved from /Users/nitishbhattad/anaconda3/envs/flight-pipeline/lib/python3.11/site-packages/airflow/example_dags/tutorial.py
[2026-06-06T20:40:47.764-0400] {logging_mixin.py:188} INFO - [2026-06-06T20:40:47.764-0400] {dag.py:3036} INFO - Sync 1 DAGs
[2026-06-06T20:40:47.773-0400] {logging_mixin.py:188} INFO - [2026-06-06T20:40:47.773-0400] {dag.py:3823} INFO - Setting next_dagrun for tutorial to 2026-06-06 00:00:00+00:00, run_after=2026-06-07 00:00:00+00:00
[2026-06-06T20:40:47.783-0400] {processor.py:183} INFO - Processing /Users/nitishbhattad/anaconda3/envs/flight-pipeline/lib/python3.11/site-packages/airflow/example_dags/tutorial.py took 0.086 seconds
[2026-06-06T20:41:53.673-0400] {processor.py:161} INFO - Started process (PID=65763) to work on /Users/nitishbhattad/anaconda3/envs/flight-pipeline/lib/python3.11/site-packages/airflow/example_dags/tutorial.py
[2026-06-06T20:41:53.674-0400] {processor.py:830} INFO - Processing file /Users/nitishbhattad/anaconda3/envs/flight-pipeline/lib/python3.11/site-packages/airflow/example_dags/tutorial.py for tasks to queue
[2026-06-06T20:41:53.675-0400] {logging_mixin.py:188} INFO - [2026-06-06T20:41:53.675-0400] {dagbag.py:538} INFO - Filling up the DagBag from /Users/nitishbhattad/anaconda3/envs/flight-pipeline/lib/python3.11/site-packages/airflow/example_dags/tutorial.py
[2026-06-06T20:41:53.681-0400] {processor.py:840} INFO - DAG(s) 'tutorial' retrieved from /Users/nitishbhattad/anaconda3/envs/flight-pipeline/lib/python3.11/site-packages/airflow/example_dags/tutorial.py
[2026-06-06T20:41:53.751-0400] {logging_mixin.py:188} INFO - [2026-06-06T20:41:53.751-0400] {dag.py:3036} INFO - Sync 1 DAGs
[2026-06-06T20:41:53.758-0400] {logging_mixin.py:188} INFO - [2026-06-06T20:41:53.758-0400] {dag.py:3823} INFO - Setting next_dagrun for tutorial to 2026-06-06 00:00:00+00:00, run_after=2026-06-07 00:00:00+00:00
[2026-06-06T20:41:53.768-0400] {processor.py:183} INFO - Processing /Users/nitishbhattad/anaconda3/envs/flight-pipeline/lib/python3.11/site-packages/airflow/example_dags/tutorial.py took 0.097 seconds
[2026-06-06T20:42:53.564-0400] {processor.py:161} INFO - Started process (PID=65851) to work on /Users/nitishbhattad/anaconda3/envs/flight-pipeline/lib/python3.11/site-packages/airflow/example_dags/tutorial.py
[2026-06-06T20:42:53.567-0400] {processor.py:830} INFO - Processing file /Users/nitishbhattad/anaconda3/envs/flight-pipeline/lib/python3.11/site-packages/airflow/example_dags/tutorial.py for tasks to queue
[2026-06-06T20:42:53.567-0400] {logging_mixin.py:188} INFO - [2026-06-06T20:42:53.567-0400] {dagbag.py:538} INFO - Filling up the DagBag from /Users/nitishbhattad/anaconda3/envs/flight-pipeline/lib/python3.11/site-packages/airflow/example_dags/tutorial.py
[2026-06-06T20:42:53.571-0400] {processor.py:840} INFO - DAG(s) 'tutorial' retrieved from /Users/nitishbhattad/anaconda3/envs/flight-pipeline/lib/python3.11/site-packages/airflow/example_dags/tutorial.py
[2026-06-06T20:42:53.656-0400] {logging_mixin.py:188} INFO - [2026-06-06T20:42:53.656-0400] {dag.py:3036} INFO - Sync 1 DAGs
[2026-06-06T20:42:53.666-0400] {logging_mixin.py:188} INFO - [2026-06-06T20:42:53.665-0400] {dag.py:3823} INFO - Setting next_dagrun for tutorial to 2026-06-06 00:00:00+00:00, run_after=2026-06-07 00:00:00+00:00
[2026-06-06T20:42:53.679-0400] {processor.py:183} INFO - Processing /Users/nitishbhattad/anaconda3/envs/flight-pipeline/lib/python3.11/site-packages/airflow/example_dags/tutorial.py took 0.116 seconds
[2026-06-06T20:43:53.338-0400] {processor.py:161} INFO - Started process (PID=65939) to work on /Users/nitishbhattad/anaconda3/envs/flight-pipeline/lib/python3.11/site-packages/airflow/example_dags/tutorial.py
[2026-06-06T20:43:53.339-0400] {processor.py:830} INFO - Processing file /Users/nitishbhattad/anaconda3/envs/flight-pipeline/lib/python3.11/site-packages/airflow/example_dags/tutorial.py for tasks to queue
[2026-06-06T20:43:53.340-0400] {logging_mixin.py:188} INFO - [2026-06-06T20:43:53.339-0400] {dagbag.py:538} INFO - Filling up the DagBag from /Users/nitishbhattad/anaconda3/envs/flight-pipeline/lib/python3.11/site-packages/airflow/example_dags/tutorial.py
[2026-06-06T20:43:53.345-0400] {processor.py:840} INFO - DAG(s) 'tutorial' retrieved from /Users/nitishbhattad/anaconda3/envs/flight-pipeline/lib/python3.11/site-packages/airflow/example_dags/tutorial.py
[2026-06-06T20:43:53.414-0400] {logging_mixin.py:188} INFO - [2026-06-06T20:43:53.414-0400] {dag.py:3036} INFO - Sync 1 DAGs
[2026-06-06T20:43:53.456-0400] {logging_mixin.py:188} INFO - [2026-06-06T20:43:53.455-0400] {dag.py:3823} INFO - Setting next_dagrun for tutorial to 2026-06-06 00:00:00+00:00, run_after=2026-06-07 00:00:00+00:00
[2026-06-06T20:43:53.473-0400] {processor.py:183} INFO - Processing /Users/nitishbhattad/anaconda3/envs/flight-pipeline/lib/python3.11/site-packages/airflow/example_dags/tutorial.py took 0.136 seconds
[2026-06-06T20:44:57.802-0400] {processor.py:161} INFO - Started process (PID=66036) to work on /Users/nitishbhattad/anaconda3/envs/flight-pipeline/lib/python3.11/site-packages/airflow/example_dags/tutorial.py
[2026-06-06T20:44:57.803-0400] {processor.py:830} INFO - Processing file /Users/nitishbhattad/anaconda3/envs/flight-pipeline/lib/python3.11/site-packages/airflow/example_dags/tutorial.py for tasks to queue
[2026-06-06T20:44:57.803-0400] {logging_mixin.py:188} INFO - [2026-06-06T20:44:57.803-0400] {dagbag.py:538} INFO - Filling up the DagBag from /Users/nitishbhattad/anaconda3/envs/flight-pipeline/lib/python3.11/site-packages/airflow/example_dags/tutorial.py
[2026-06-06T20:44:57.807-0400] {processor.py:840} INFO - DAG(s) 'tutorial' retrieved from /Users/nitishbhattad/anaconda3/envs/flight-pipeline/lib/python3.11/site-packages/airflow/example_dags/tutorial.py
[2026-06-06T20:44:57.868-0400] {logging_mixin.py:188} INFO - [2026-06-06T20:44:57.868-0400] {dag.py:3036} INFO - Sync 1 DAGs
[2026-06-06T20:44:57.875-0400] {logging_mixin.py:188} INFO - [2026-06-06T20:44:57.875-0400] {dag.py:3823} INFO - Setting next_dagrun for tutorial to 2026-06-06 00:00:00+00:00, run_after=2026-06-07 00:00:00+00:00
[2026-06-06T20:44:57.884-0400] {processor.py:183} INFO - Processing /Users/nitishbhattad/anaconda3/envs/flight-pipeline/lib/python3.11/site-packages/airflow/example_dags/tutorial.py took 0.083 seconds
[2026-06-06T20:45:59.556-0400] {processor.py:161} INFO - Started process (PID=66126) to work on /Users/nitishbhattad/anaconda3/envs/flight-pipeline/lib/python3.11/site-packages/airflow/example_dags/tutorial.py
[2026-06-06T20:45:59.559-0400] {processor.py:830} INFO - Processing file /Users/nitishbhattad/anaconda3/envs/flight-pipeline/lib/python3.11/site-packages/airflow/example_dags/tutorial.py for tasks to queue
[2026-06-06T20:45:59.559-0400] {logging_mixin.py:188} INFO - [2026-06-06T20:45:59.559-0400] {dagbag.py:538} INFO - Filling up the DagBag from /Users/nitishbhattad/anaconda3/envs/flight-pipeline/lib/python3.11/site-packages/airflow/example_dags/tutorial.py
[2026-06-06T20:45:59.562-0400] {processor.py:840} INFO - DAG(s) 'tutorial' retrieved from /Users/nitishbhattad/anaconda3/envs/flight-pipeline/lib/python3.11/site-packages/airflow/example_dags/tutorial.py
[2026-06-06T20:45:59.622-0400] {logging_mixin.py:188} INFO - [2026-06-06T20:45:59.622-0400] {dag.py:3036} INFO - Sync 1 DAGs
[2026-06-06T20:45:59.629-0400] {logging_mixin.py:188} INFO - [2026-06-06T20:45:59.629-0400] {dag.py:3823} INFO - Setting next_dagrun for tutorial to 2026-06-06 00:00:00+00:00, run_after=2026-06-07 00:00:00+00:00
[2026-06-06T20:45:59.637-0400] {processor.py:183} INFO - Processing /Users/nitishbhattad/anaconda3/envs/flight-pipeline/lib/python3.11/site-packages/airflow/example_dags/tutorial.py took 0.082 seconds
[2026-06-06T20:47:03.486-0400] {processor.py:161} INFO - Started process (PID=66234) to work on /Users/nitishbhattad/anaconda3/envs/flight-pipeline/lib/python3.11/site-packages/airflow/example_dags/tutorial.py
[2026-06-06T20:47:03.488-0400] {processor.py:830} INFO - Processing file /Users/nitishbhattad/anaconda3/envs/flight-pipeline/lib/python3.11/site-packages/airflow/example_dags/tutorial.py for tasks to queue
[2026-06-06T20:47:03.488-0400] {logging_mixin.py:188} INFO - [2026-06-06T20:47:03.488-0400] {dagbag.py:538} INFO - Filling up the DagBag from /Users/nitishbhattad/anaconda3/envs/flight-pipeline/lib/python3.11/site-packages/airflow/example_dags/tutorial.py
[2026-06-06T20:47:03.492-0400] {processor.py:840} INFO - DAG(s) 'tutorial' retrieved from /Users/nitishbhattad/anaconda3/envs/flight-pipeline/lib/python3.11/site-packages/airflow/example_dags/tutorial.py
[2026-06-06T20:47:03.620-0400] {logging_mixin.py:188} INFO - [2026-06-06T20:47:03.620-0400] {dag.py:3036} INFO - Sync 1 DAGs
[2026-06-06T20:47:03.629-0400] {logging_mixin.py:188} INFO - [2026-06-06T20:47:03.629-0400] {dag.py:3823} INFO - Setting next_dagrun for tutorial to 2026-06-06 00:00:00+00:00, run_after=2026-06-07 00:00:00+00:00
[2026-06-06T20:47:03.639-0400] {processor.py:183} INFO - Processing /Users/nitishbhattad/anaconda3/envs/flight-pipeline/lib/python3.11/site-packages/airflow/example_dags/tutorial.py took 0.154 seconds
[2026-06-06T20:48:02.891-0400] {processor.py:161} INFO - Started process (PID=66345) to work on /Users/nitishbhattad/anaconda3/envs/flight-pipeline/lib/python3.11/site-packages/airflow/example_dags/tutorial.py
[2026-06-06T20:48:02.892-0400] {processor.py:830} INFO - Processing file /Users/nitishbhattad/anaconda3/envs/flight-pipeline/lib/python3.11/site-packages/airflow/example_dags/tutorial.py for tasks to queue
[2026-06-06T20:48:02.892-0400] {logging_mixin.py:188} INFO - [2026-06-06T20:48:02.892-0400] {dagbag.py:538} INFO - Filling up the DagBag from /Users/nitishbhattad/anaconda3/envs/flight-pipeline/lib/python3.11/site-packages/airflow/example_dags/tutorial.py
[2026-06-06T20:48:02.897-0400] {processor.py:840} INFO - DAG(s) 'tutorial' retrieved from /Users/nitishbhattad/anaconda3/envs/flight-pipeline/lib/python3.11/site-packages/airflow/example_dags/tutorial.py
[2026-06-06T20:48:02.958-0400] {logging_mixin.py:188} INFO - [2026-06-06T20:48:02.958-0400] {dag.py:3036} INFO - Sync 1 DAGs
[2026-06-06T20:48:02.965-0400] {logging_mixin.py:188} INFO - [2026-06-06T20:48:02.965-0400] {dag.py:3823} INFO - Setting next_dagrun for tutorial to 2026-06-06 00:00:00+00:00, run_after=2026-06-07 00:00:00+00:00
[2026-06-06T20:48:02.973-0400] {processor.py:183} INFO - Processing /Users/nitishbhattad/anaconda3/envs/flight-pipeline/lib/python3.11/site-packages/airflow/example_dags/tutorial.py took 0.083 seconds
[2026-06-06T20:49:02.104-0400] {processor.py:161} INFO - Started process (PID=66432) to work on /Users/nitishbhattad/anaconda3/envs/flight-pipeline/lib/python3.11/site-packages/airflow/example_dags/tutorial.py
[2026-06-06T20:49:02.105-0400] {processor.py:830} INFO - Processing file /Users/nitishbhattad/anaconda3/envs/flight-pipeline/lib/python3.11/site-packages/airflow/example_dags/tutorial.py for tasks to queue
[2026-06-06T20:49:02.106-0400] {logging_mixin.py:188} INFO - [2026-06-06T20:49:02.106-0400] {dagbag.py:538} INFO - Filling up the DagBag from /Users/nitishbhattad/anaconda3/envs/flight-pipeline/lib/python3.11/site-packages/airflow/example_dags/tutorial.py
[2026-06-06T20:49:02.109-0400] {processor.py:840} INFO - DAG(s) 'tutorial' retrieved from /Users/nitishbhattad/anaconda3/envs/flight-pipeline/lib/python3.11/site-packages/airflow/example_dags/tutorial.py
[2026-06-06T20:49:02.169-0400] {logging_mixin.py:188} INFO - [2026-06-06T20:49:02.169-0400] {dag.py:3036} INFO - Sync 1 DAGs
[2026-06-06T20:49:02.175-0400] {logging_mixin.py:188} INFO - [2026-06-06T20:49:02.175-0400] {dag.py:3823} INFO - Setting next_dagrun for tutorial to 2026-06-06 00:00:00+00:00, run_after=2026-06-07 00:00:00+00:00
[2026-06-06T20:49:02.182-0400] {processor.py:183} INFO - Processing /Users/nitishbhattad/anaconda3/envs/flight-pipeline/lib/python3.11/site-packages/airflow/example_dags/tutorial.py took 0.079 seconds
[2026-06-06T20:50:02.231-0400] {processor.py:161} INFO - Started process (PID=66537) to work on /Users/nitishbhattad/anaconda3/envs/flight-pipeline/lib/python3.11/site-packages/airflow/example_dags/tutorial.py
[2026-06-06T20:50:02.232-0400] {processor.py:830} INFO - Processing file /Users/nitishbhattad/anaconda3/envs/flight-pipeline/lib/python3.11/site-packages/airflow/example_dags/tutorial.py for tasks to queue
[2026-06-06T20:50:02.232-0400] {logging_mixin.py:188} INFO - [2026-06-06T20:50:02.232-0400] {dagbag.py:538} INFO - Filling up the DagBag from /Users/nitishbhattad/anaconda3/envs/flight-pipeline/lib/python3.11/site-packages/airflow/example_dags/tutorial.py
[2026-06-06T20:50:02.237-0400] {processor.py:840} INFO - DAG(s) 'tutorial' retrieved from /Users/nitishbhattad/anaconda3/envs/flight-pipeline/lib/python3.11/site-packages/airflow/example_dags/tutorial.py
[2026-06-06T20:50:02.299-0400] {logging_mixin.py:188} INFO - [2026-06-06T20:50:02.299-0400] {dag.py:3036} INFO - Sync 1 DAGs
[2026-06-06T20:50:02.305-0400] {logging_mixin.py:188} INFO - [2026-06-06T20:50:02.305-0400] {dag.py:3823} INFO - Setting next_dagrun for tutorial to 2026-06-06 00:00:00+00:00, run_after=2026-06-07 00:00:00+00:00
[2026-06-06T20:50:02.316-0400] {processor.py:183} INFO - Processing /Users/nitishbhattad/anaconda3/envs/flight-pipeline/lib/python3.11/site-packages/airflow/example_dags/tutorial.py took 0.086 seconds
