[2026-06-06T20:18:34.312-0400] {processor.py:161} INFO - Started process (PID=63530) to work on /Users/nitishbhattad/anaconda3/envs/flight-pipeline/lib/python3.11/site-packages/airflow/example_dags/tutorial_objectstorage.py
[2026-06-06T20:18:34.313-0400] {processor.py:830} INFO - Processing file /Users/nitishbhattad/anaconda3/envs/flight-pipeline/lib/python3.11/site-packages/airflow/example_dags/tutorial_objectstorage.py for tasks to queue
[2026-06-06T20:18:34.313-0400] {logging_mixin.py:188} INFO - [2026-06-06T20:18:34.313-0400] {dagbag.py:538} INFO - Filling up the DagBag from /Users/nitishbhattad/anaconda3/envs/flight-pipeline/lib/python3.11/site-packages/airflow/example_dags/tutorial_objectstorage.py
[2026-06-06T20:18:34.340-0400] {processor.py:840} INFO - DAG(s) 'tutorial_objectstorage' retrieved from /Users/nitishbhattad/anaconda3/envs/flight-pipeline/lib/python3.11/site-packages/airflow/example_dags/tutorial_objectstorage.py
[2026-06-06T20:18:34.430-0400] {logging_mixin.py:188} INFO - [2026-06-06T20:18:34.430-0400] {override.py:1769} INFO - Created Permission View: can delete on DAG:tutorial_objectstorage
[2026-06-06T20:18:34.434-0400] {logging_mixin.py:188} INFO - [2026-06-06T20:18:34.434-0400] {override.py:1769} INFO - Created Permission View: can read on DAG:tutorial_objectstorage
[2026-06-06T20:18:34.436-0400] {logging_mixin.py:188} INFO - [2026-06-06T20:18:34.436-0400] {override.py:1769} INFO - Created Permission View: can edit on DAG:tutorial_objectstorage
[2026-06-06T20:18:34.436-0400] {logging_mixin.py:188} INFO - [2026-06-06T20:18:34.436-0400] {dag.py:3036} INFO - Sync 1 DAGs
[2026-06-06T20:18:34.439-0400] {logging_mixin.py:188} INFO - [2026-06-06T20:18:34.439-0400] {dag.py:3058} INFO - Creating ORM DAG for tutorial_objectstorage
[2026-06-06T20:18:34.439-0400] {logging_mixin.py:188} INFO - [2026-06-06T20:18:34.439-0400] {dag.py:3823} INFO - Setting next_dagrun for tutorial_objectstorage to None, run_after=None
[2026-06-06T20:18:34.446-0400] {processor.py:183} INFO - Processing /Users/nitishbhattad/anaconda3/envs/flight-pipeline/lib/python3.11/site-packages/airflow/example_dags/tutorial_objectstorage.py took 0.135 seconds
[2026-06-06T20:20:07.265-0400] {processor.py:161} INFO - Started process (PID=63674) to work on /Users/nitishbhattad/anaconda3/envs/flight-pipeline/lib/python3.11/site-packages/airflow/example_dags/tutorial_objectstorage.py
[2026-06-06T20:20:07.267-0400] {processor.py:830} INFO - Processing file /Users/nitishbhattad/anaconda3/envs/flight-pipeline/lib/python3.11/site-packages/airflow/example_dags/tutorial_objectstorage.py for tasks to queue
[2026-06-06T20:20:07.267-0400] {logging_mixin.py:188} INFO - [2026-06-06T20:20:07.267-0400] {dagbag.py:538} INFO - Filling up the DagBag from /Users/nitishbhattad/anaconda3/envs/flight-pipeline/lib/python3.11/site-packages/airflow/example_dags/tutorial_objectstorage.py
[2026-06-06T20:20:07.300-0400] {processor.py:840} INFO - DAG(s) 'tutorial_objectstorage' retrieved from /Users/nitishbhattad/anaconda3/envs/flight-pipeline/lib/python3.11/site-packages/airflow/example_dags/tutorial_objectstorage.py
[2026-06-06T20:20:07.358-0400] {logging_mixin.py:188} INFO - [2026-06-06T20:20:07.358-0400] {dag.py:3036} INFO - Sync 1 DAGs
[2026-06-06T20:20:07.362-0400] {logging_mixin.py:188} INFO - [2026-06-06T20:20:07.362-0400] {dag.py:3823} INFO - Setting next_dagrun for tutorial_objectstorage to None, run_after=None
[2026-06-06T20:20:07.368-0400] {processor.py:183} INFO - Processing /Users/nitishbhattad/anaconda3/envs/flight-pipeline/lib/python3.11/site-packages/airflow/example_dags/tutorial_objectstorage.py took 0.104 seconds
[2026-06-06T20:21:10.722-0400] {processor.py:161} INFO - Started process (PID=63768) to work on /Users/nitishbhattad/anaconda3/envs/flight-pipeline/lib/python3.11/site-packages/airflow/example_dags/tutorial_objectstorage.py
[2026-06-06T20:21:10.724-0400] {processor.py:830} INFO - Processing file /Users/nitishbhattad/anaconda3/envs/flight-pipeline/lib/python3.11/site-packages/airflow/example_dags/tutorial_objectstorage.py for tasks to queue
[2026-06-06T20:21:10.724-0400] {logging_mixin.py:188} INFO - [2026-06-06T20:21:10.724-0400] {dagbag.py:538} INFO - Filling up the DagBag from /Users/nitishbhattad/anaconda3/envs/flight-pipeline/lib/python3.11/site-packages/airflow/example_dags/tutorial_objectstorage.py
[2026-06-06T20:21:10.792-0400] {processor.py:840} INFO - DAG(s) 'tutorial_objectstorage' retrieved from /Users/nitishbhattad/anaconda3/envs/flight-pipeline/lib/python3.11/site-packages/airflow/example_dags/tutorial_objectstorage.py
[2026-06-06T20:21:10.892-0400] {logging_mixin.py:188} INFO - [2026-06-06T20:21:10.892-0400] {dag.py:3036} INFO - Sync 1 DAGs
[2026-06-06T20:21:10.901-0400] {logging_mixin.py:188} INFO - [2026-06-06T20:21:10.900-0400] {dag.py:3823} INFO - Setting next_dagrun for tutorial_objectstorage to None, run_after=None
[2026-06-06T20:21:10.921-0400] {processor.py:183} INFO - Processing /Users/nitishbhattad/anaconda3/envs/flight-pipeline/lib/python3.11/site-packages/airflow/example_dags/tutorial_objectstorage.py took 0.199 seconds
[2026-06-06T20:23:22.071-0400] {processor.py:161} INFO - Started process (PID=63994) to work on /Users/nitishbhattad/anaconda3/envs/flight-pipeline/lib/python3.11/site-packages/airflow/example_dags/tutorial_objectstorage.py
[2026-06-06T20:23:22.072-0400] {processor.py:830} INFO - Processing file /Users/nitishbhattad/anaconda3/envs/flight-pipeline/lib/python3.11/site-packages/airflow/example_dags/tutorial_objectstorage.py for tasks to queue
[2026-06-06T20:23:22.072-0400] {logging_mixin.py:188} INFO - [2026-06-06T20:23:22.072-0400] {dagbag.py:538} INFO - Filling up the DagBag from /Users/nitishbhattad/anaconda3/envs/flight-pipeline/lib/python3.11/site-packages/airflow/example_dags/tutorial_objectstorage.py
[2026-06-06T20:23:22.102-0400] {processor.py:840} INFO - DAG(s) 'tutorial_objectstorage' retrieved from /Users/nitishbhattad/anaconda3/envs/flight-pipeline/lib/python3.11/site-packages/airflow/example_dags/tutorial_objectstorage.py
[2026-06-06T20:23:22.159-0400] {logging_mixin.py:188} INFO - [2026-06-06T20:23:22.158-0400] {dag.py:3036} INFO - Sync 1 DAGs
[2026-06-06T20:23:22.162-0400] {logging_mixin.py:188} INFO - [2026-06-06T20:23:22.162-0400] {dag.py:3823} INFO - Setting next_dagrun for tutorial_objectstorage to None, run_after=None
[2026-06-06T20:23:22.169-0400] {processor.py:183} INFO - Processing /Users/nitishbhattad/anaconda3/envs/flight-pipeline/lib/python3.11/site-packages/airflow/example_dags/tutorial_objectstorage.py took 0.098 seconds
[2026-06-06T20:24:35.689-0400] {processor.py:161} INFO - Started process (PID=64114) to work on /Users/nitishbhattad/anaconda3/envs/flight-pipeline/lib/python3.11/site-packages/airflow/example_dags/tutorial_objectstorage.py
[2026-06-06T20:24:35.692-0400] {processor.py:830} INFO - Processing file /Users/nitishbhattad/anaconda3/envs/flight-pipeline/lib/python3.11/site-packages/airflow/example_dags/tutorial_objectstorage.py for tasks to queue
[2026-06-06T20:24:35.693-0400] {logging_mixin.py:188} INFO - [2026-06-06T20:24:35.693-0400] {dagbag.py:538} INFO - Filling up the DagBag from /Users/nitishbhattad/anaconda3/envs/flight-pipeline/lib/python3.11/site-packages/airflow/example_dags/tutorial_objectstorage.py
[2026-06-06T20:24:35.726-0400] {processor.py:840} INFO - DAG(s) 'tutorial_objectstorage' retrieved from /Users/nitishbhattad/anaconda3/envs/flight-pipeline/lib/python3.11/site-packages/airflow/example_dags/tutorial_objectstorage.py
[2026-06-06T20:24:35.782-0400] {logging_mixin.py:188} INFO - [2026-06-06T20:24:35.782-0400] {dag.py:3036} INFO - Sync 1 DAGs
[2026-06-06T20:24:35.786-0400] {logging_mixin.py:188} INFO - [2026-06-06T20:24:35.786-0400] {dag.py:3823} INFO - Setting next_dagrun for tutorial_objectstorage to None, run_after=None
[2026-06-06T20:24:35.793-0400] {processor.py:183} INFO - Processing /Users/nitishbhattad/anaconda3/envs/flight-pipeline/lib/python3.11/site-packages/airflow/example_dags/tutorial_objectstorage.py took 0.105 seconds
[2026-06-06T20:25:40.665-0400] {processor.py:161} INFO - Started process (PID=64219) to work on /Users/nitishbhattad/anaconda3/envs/flight-pipeline/lib/python3.11/site-packages/airflow/example_dags/tutorial_objectstorage.py
[2026-06-06T20:25:40.665-0400] {processor.py:830} INFO - Processing file /Users/nitishbhattad/anaconda3/envs/flight-pipeline/lib/python3.11/site-packages/airflow/example_dags/tutorial_objectstorage.py for tasks to queue
[2026-06-06T20:25:40.666-0400] {logging_mixin.py:188} INFO - [2026-06-06T20:25:40.666-0400] {dagbag.py:538} INFO - Filling up the DagBag from /Users/nitishbhattad/anaconda3/envs/flight-pipeline/lib/python3.11/site-packages/airflow/example_dags/tutorial_objectstorage.py
[2026-06-06T20:25:40.702-0400] {processor.py:840} INFO - DAG(s) 'tutorial_objectstorage' retrieved from /Users/nitishbhattad/anaconda3/envs/flight-pipeline/lib/python3.11/site-packages/airflow/example_dags/tutorial_objectstorage.py
[2026-06-06T20:25:40.764-0400] {logging_mixin.py:188} INFO - [2026-06-06T20:25:40.764-0400] {dag.py:3036} INFO - Sync 1 DAGs
[2026-06-06T20:25:40.768-0400] {logging_mixin.py:188} INFO - [2026-06-06T20:25:40.768-0400] {dag.py:3823} INFO - Setting next_dagrun for tutorial_objectstorage to None, run_after=None
[2026-06-06T20:25:40.777-0400] {processor.py:183} INFO - Processing /Users/nitishbhattad/anaconda3/envs/flight-pipeline/lib/python3.11/site-packages/airflow/example_dags/tutorial_objectstorage.py took 0.113 seconds
[2026-06-06T20:26:50.654-0400] {processor.py:161} INFO - Started process (PID=64342) to work on /Users/nitishbhattad/anaconda3/envs/flight-pipeline/lib/python3.11/site-packages/airflow/example_dags/tutorial_objectstorage.py
[2026-06-06T20:26:50.656-0400] {processor.py:830} INFO - Processing file /Users/nitishbhattad/anaconda3/envs/flight-pipeline/lib/python3.11/site-packages/airflow/example_dags/tutorial_objectstorage.py for tasks to queue
[2026-06-06T20:26:50.657-0400] {logging_mixin.py:188} INFO - [2026-06-06T20:26:50.657-0400] {dagbag.py:538} INFO - Filling up the DagBag from /Users/nitishbhattad/anaconda3/envs/flight-pipeline/lib/python3.11/site-packages/airflow/example_dags/tutorial_objectstorage.py
[2026-06-06T20:26:50.691-0400] {processor.py:840} INFO - DAG(s) 'tutorial_objectstorage' retrieved from /Users/nitishbhattad/anaconda3/envs/flight-pipeline/lib/python3.11/site-packages/airflow/example_dags/tutorial_objectstorage.py
[2026-06-06T20:26:50.752-0400] {logging_mixin.py:188} INFO - [2026-06-06T20:26:50.752-0400] {dag.py:3036} INFO - Sync 1 DAGs
[2026-06-06T20:26:50.756-0400] {logging_mixin.py:188} INFO - [2026-06-06T20:26:50.756-0400] {dag.py:3823} INFO - Setting next_dagrun for tutorial_objectstorage to None, run_after=None
[2026-06-06T20:26:50.764-0400] {processor.py:183} INFO - Processing /Users/nitishbhattad/anaconda3/envs/flight-pipeline/lib/python3.11/site-packages/airflow/example_dags/tutorial_objectstorage.py took 0.111 seconds
[2026-06-06T20:27:57.884-0400] {processor.py:161} INFO - Started process (PID=64450) to work on /Users/nitishbhattad/anaconda3/envs/flight-pipeline/lib/python3.11/site-packages/airflow/example_dags/tutorial_objectstorage.py
[2026-06-06T20:27:57.886-0400] {processor.py:830} INFO - Processing file /Users/nitishbhattad/anaconda3/envs/flight-pipeline/lib/python3.11/site-packages/airflow/example_dags/tutorial_objectstorage.py for tasks to queue
[2026-06-06T20:27:57.886-0400] {logging_mixin.py:188} INFO - [2026-06-06T20:27:57.886-0400] {dagbag.py:538} INFO - Filling up the DagBag from /Users/nitishbhattad/anaconda3/envs/flight-pipeline/lib/python3.11/site-packages/airflow/example_dags/tutorial_objectstorage.py
[2026-06-06T20:27:57.925-0400] {processor.py:840} INFO - DAG(s) 'tutorial_objectstorage' retrieved from /Users/nitishbhattad/anaconda3/envs/flight-pipeline/lib/python3.11/site-packages/airflow/example_dags/tutorial_objectstorage.py
[2026-06-06T20:27:58.006-0400] {logging_mixin.py:188} INFO - [2026-06-06T20:27:58.005-0400] {dag.py:3036} INFO - Sync 1 DAGs
[2026-06-06T20:27:58.010-0400] {logging_mixin.py:188} INFO - [2026-06-06T20:27:58.010-0400] {dag.py:3823} INFO - Setting next_dagrun for tutorial_objectstorage to None, run_after=None
[2026-06-06T20:27:58.019-0400] {processor.py:183} INFO - Processing /Users/nitishbhattad/anaconda3/envs/flight-pipeline/lib/python3.11/site-packages/airflow/example_dags/tutorial_objectstorage.py took 0.135 seconds
[2026-06-06T20:28:56.663-0400] {processor.py:161} INFO - Started process (PID=64537) to work on /Users/nitishbhattad/anaconda3/envs/flight-pipeline/lib/python3.11/site-packages/airflow/example_dags/tutorial_objectstorage.py
[2026-06-06T20:28:56.664-0400] {processor.py:830} INFO - Processing file /Users/nitishbhattad/anaconda3/envs/flight-pipeline/lib/python3.11/site-packages/airflow/example_dags/tutorial_objectstorage.py for tasks to queue
[2026-06-06T20:28:56.664-0400] {logging_mixin.py:188} INFO - [2026-06-06T20:28:56.664-0400] {dagbag.py:538} INFO - Filling up the DagBag from /Users/nitishbhattad/anaconda3/envs/flight-pipeline/lib/python3.11/site-packages/airflow/example_dags/tutorial_objectstorage.py
[2026-06-06T20:28:56.695-0400] {processor.py:840} INFO - DAG(s) 'tutorial_objectstorage' retrieved from /Users/nitishbhattad/anaconda3/envs/flight-pipeline/lib/python3.11/site-packages/airflow/example_dags/tutorial_objectstorage.py
[2026-06-06T20:28:56.751-0400] {logging_mixin.py:188} INFO - [2026-06-06T20:28:56.751-0400] {dag.py:3036} INFO - Sync 1 DAGs
[2026-06-06T20:28:56.754-0400] {logging_mixin.py:188} INFO - [2026-06-06T20:28:56.754-0400] {dag.py:3823} INFO - Setting next_dagrun for tutorial_objectstorage to None, run_after=None
[2026-06-06T20:28:56.762-0400] {processor.py:183} INFO - Processing /Users/nitishbhattad/anaconda3/envs/flight-pipeline/lib/python3.11/site-packages/airflow/example_dags/tutorial_objectstorage.py took 0.100 seconds
[2026-06-06T20:29:53.071-0400] {processor.py:161} INFO - Started process (PID=64619) to work on /Users/nitishbhattad/anaconda3/envs/flight-pipeline/lib/python3.11/site-packages/airflow/example_dags/tutorial_objectstorage.py
[2026-06-06T20:29:53.073-0400] {processor.py:830} INFO - Processing file /Users/nitishbhattad/anaconda3/envs/flight-pipeline/lib/python3.11/site-packages/airflow/example_dags/tutorial_objectstorage.py for tasks to queue
[2026-06-06T20:29:53.073-0400] {logging_mixin.py:188} INFO - [2026-06-06T20:29:53.073-0400] {dagbag.py:538} INFO - Filling up the DagBag from /Users/nitishbhattad/anaconda3/envs/flight-pipeline/lib/python3.11/site-packages/airflow/example_dags/tutorial_objectstorage.py
[2026-06-06T20:29:53.110-0400] {processor.py:840} INFO - DAG(s) 'tutorial_objectstorage' retrieved from /Users/nitishbhattad/anaconda3/envs/flight-pipeline/lib/python3.11/site-packages/airflow/example_dags/tutorial_objectstorage.py
[2026-06-06T20:29:53.174-0400] {logging_mixin.py:188} INFO - [2026-06-06T20:29:53.173-0400] {dag.py:3036} INFO - Sync 1 DAGs
[2026-06-06T20:29:53.177-0400] {logging_mixin.py:188} INFO - [2026-06-06T20:29:53.177-0400] {dag.py:3823} INFO - Setting next_dagrun for tutorial_objectstorage to None, run_after=None
[2026-06-06T20:29:53.187-0400] {processor.py:183} INFO - Processing /Users/nitishbhattad/anaconda3/envs/flight-pipeline/lib/python3.11/site-packages/airflow/example_dags/tutorial_objectstorage.py took 0.116 seconds
[2026-06-06T20:31:05.979-0400] {processor.py:161} INFO - Started process (PID=64736) to work on /Users/nitishbhattad/anaconda3/envs/flight-pipeline/lib/python3.11/site-packages/airflow/example_dags/tutorial_objectstorage.py
[2026-06-06T20:31:05.981-0400] {processor.py:830} INFO - Processing file /Users/nitishbhattad/anaconda3/envs/flight-pipeline/lib/python3.11/site-packages/airflow/example_dags/tutorial_objectstorage.py for tasks to queue
[2026-06-06T20:31:05.981-0400] {logging_mixin.py:188} INFO - [2026-06-06T20:31:05.981-0400] {dagbag.py:538} INFO - Filling up the DagBag from /Users/nitishbhattad/anaconda3/envs/flight-pipeline/lib/python3.11/site-packages/airflow/example_dags/tutorial_objectstorage.py
[2026-06-06T20:31:06.018-0400] {processor.py:840} INFO - DAG(s) 'tutorial_objectstorage' retrieved from /Users/nitishbhattad/anaconda3/envs/flight-pipeline/lib/python3.11/site-packages/airflow/example_dags/tutorial_objectstorage.py
[2026-06-06T20:31:06.083-0400] {logging_mixin.py:188} INFO - [2026-06-06T20:31:06.082-0400] {dag.py:3036} INFO - Sync 1 DAGs
[2026-06-06T20:31:06.087-0400] {logging_mixin.py:188} INFO - [2026-06-06T20:31:06.087-0400] {dag.py:3823} INFO - Setting next_dagrun for tutorial_objectstorage to None, run_after=None
[2026-06-06T20:31:06.096-0400] {processor.py:183} INFO - Processing /Users/nitishbhattad/anaconda3/envs/flight-pipeline/lib/python3.11/site-packages/airflow/example_dags/tutorial_objectstorage.py took 0.118 seconds
[2026-06-06T20:32:22.703-0400] {processor.py:161} INFO - Started process (PID=64844) to work on /Users/nitishbhattad/anaconda3/envs/flight-pipeline/lib/python3.11/site-packages/airflow/example_dags/tutorial_objectstorage.py
[2026-06-06T20:32:22.704-0400] {processor.py:830} INFO - Processing file /Users/nitishbhattad/anaconda3/envs/flight-pipeline/lib/python3.11/site-packages/airflow/example_dags/tutorial_objectstorage.py for tasks to queue
[2026-06-06T20:32:22.704-0400] {logging_mixin.py:188} INFO - [2026-06-06T20:32:22.704-0400] {dagbag.py:538} INFO - Filling up the DagBag from /Users/nitishbhattad/anaconda3/envs/flight-pipeline/lib/python3.11/site-packages/airflow/example_dags/tutorial_objectstorage.py
[2026-06-06T20:32:22.742-0400] {processor.py:840} INFO - DAG(s) 'tutorial_objectstorage' retrieved from /Users/nitishbhattad/anaconda3/envs/flight-pipeline/lib/python3.11/site-packages/airflow/example_dags/tutorial_objectstorage.py
[2026-06-06T20:32:22.808-0400] {logging_mixin.py:188} INFO - [2026-06-06T20:32:22.808-0400] {dag.py:3036} INFO - Sync 1 DAGs
[2026-06-06T20:32:22.812-0400] {logging_mixin.py:188} INFO - [2026-06-06T20:32:22.811-0400] {dag.py:3823} INFO - Setting next_dagrun for tutorial_objectstorage to None, run_after=None
[2026-06-06T20:32:22.820-0400] {processor.py:183} INFO - Processing /Users/nitishbhattad/anaconda3/envs/flight-pipeline/lib/python3.11/site-packages/airflow/example_dags/tutorial_objectstorage.py took 0.118 seconds
[2026-06-06T20:33:26.112-0400] {processor.py:161} INFO - Started process (PID=64935) to work on /Users/nitishbhattad/anaconda3/envs/flight-pipeline/lib/python3.11/site-packages/airflow/example_dags/tutorial_objectstorage.py
[2026-06-06T20:33:26.113-0400] {processor.py:830} INFO - Processing file /Users/nitishbhattad/anaconda3/envs/flight-pipeline/lib/python3.11/site-packages/airflow/example_dags/tutorial_objectstorage.py for tasks to queue
[2026-06-06T20:33:26.113-0400] {logging_mixin.py:188} INFO - [2026-06-06T20:33:26.113-0400] {dagbag.py:538} INFO - Filling up the DagBag from /Users/nitishbhattad/anaconda3/envs/flight-pipeline/lib/python3.11/site-packages/airflow/example_dags/tutorial_objectstorage.py
[2026-06-06T20:33:26.147-0400] {processor.py:840} INFO - DAG(s) 'tutorial_objectstorage' retrieved from /Users/nitishbhattad/anaconda3/envs/flight-pipeline/lib/python3.11/site-packages/airflow/example_dags/tutorial_objectstorage.py
[2026-06-06T20:33:26.209-0400] {logging_mixin.py:188} INFO - [2026-06-06T20:33:26.208-0400] {dag.py:3036} INFO - Sync 1 DAGs
[2026-06-06T20:33:26.213-0400] {logging_mixin.py:188} INFO - [2026-06-06T20:33:26.212-0400] {dag.py:3823} INFO - Setting next_dagrun for tutorial_objectstorage to None, run_after=None
[2026-06-06T20:33:26.221-0400] {processor.py:183} INFO - Processing /Users/nitishbhattad/anaconda3/envs/flight-pipeline/lib/python3.11/site-packages/airflow/example_dags/tutorial_objectstorage.py took 0.109 seconds
[2026-06-06T20:34:28.494-0400] {processor.py:161} INFO - Started process (PID=65026) to work on /Users/nitishbhattad/anaconda3/envs/flight-pipeline/lib/python3.11/site-packages/airflow/example_dags/tutorial_objectstorage.py
[2026-06-06T20:34:28.496-0400] {processor.py:830} INFO - Processing file /Users/nitishbhattad/anaconda3/envs/flight-pipeline/lib/python3.11/site-packages/airflow/example_dags/tutorial_objectstorage.py for tasks to queue
[2026-06-06T20:34:28.497-0400] {logging_mixin.py:188} INFO - [2026-06-06T20:34:28.497-0400] {dagbag.py:538} INFO - Filling up the DagBag from /Users/nitishbhattad/anaconda3/envs/flight-pipeline/lib/python3.11/site-packages/airflow/example_dags/tutorial_objectstorage.py
[2026-06-06T20:34:28.530-0400] {processor.py:840} INFO - DAG(s) 'tutorial_objectstorage' retrieved from /Users/nitishbhattad/anaconda3/envs/flight-pipeline/lib/python3.11/site-packages/airflow/example_dags/tutorial_objectstorage.py
[2026-06-06T20:34:28.590-0400] {logging_mixin.py:188} INFO - [2026-06-06T20:34:28.590-0400] {dag.py:3036} INFO - Sync 1 DAGs
[2026-06-06T20:34:28.594-0400] {logging_mixin.py:188} INFO - [2026-06-06T20:34:28.594-0400] {dag.py:3823} INFO - Setting next_dagrun for tutorial_objectstorage to None, run_after=None
[2026-06-06T20:34:28.602-0400] {processor.py:183} INFO - Processing /Users/nitishbhattad/anaconda3/envs/flight-pipeline/lib/python3.11/site-packages/airflow/example_dags/tutorial_objectstorage.py took 0.108 seconds
[2026-06-06T20:35:25.603-0400] {processor.py:161} INFO - Started process (PID=65118) to work on /Users/nitishbhattad/anaconda3/envs/flight-pipeline/lib/python3.11/site-packages/airflow/example_dags/tutorial_objectstorage.py
[2026-06-06T20:35:25.604-0400] {processor.py:830} INFO - Processing file /Users/nitishbhattad/anaconda3/envs/flight-pipeline/lib/python3.11/site-packages/airflow/example_dags/tutorial_objectstorage.py for tasks to queue
[2026-06-06T20:35:25.604-0400] {logging_mixin.py:188} INFO - [2026-06-06T20:35:25.604-0400] {dagbag.py:538} INFO - Filling up the DagBag from /Users/nitishbhattad/anaconda3/envs/flight-pipeline/lib/python3.11/site-packages/airflow/example_dags/tutorial_objectstorage.py
[2026-06-06T20:35:25.639-0400] {processor.py:840} INFO - DAG(s) 'tutorial_objectstorage' retrieved from /Users/nitishbhattad/anaconda3/envs/flight-pipeline/lib/python3.11/site-packages/airflow/example_dags/tutorial_objectstorage.py
[2026-06-06T20:35:25.702-0400] {logging_mixin.py:188} INFO - [2026-06-06T20:35:25.701-0400] {dag.py:3036} INFO - Sync 1 DAGs
[2026-06-06T20:35:25.705-0400] {logging_mixin.py:188} INFO - [2026-06-06T20:35:25.705-0400] {dag.py:3823} INFO - Setting next_dagrun for tutorial_objectstorage to None, run_after=None
[2026-06-06T20:35:25.712-0400] {processor.py:183} INFO - Processing /Users/nitishbhattad/anaconda3/envs/flight-pipeline/lib/python3.11/site-packages/airflow/example_dags/tutorial_objectstorage.py took 0.110 seconds
[2026-06-06T20:36:27.265-0400] {processor.py:161} INFO - Started process (PID=65206) to work on /Users/nitishbhattad/anaconda3/envs/flight-pipeline/lib/python3.11/site-packages/airflow/example_dags/tutorial_objectstorage.py
[2026-06-06T20:36:27.266-0400] {processor.py:830} INFO - Processing file /Users/nitishbhattad/anaconda3/envs/flight-pipeline/lib/python3.11/site-packages/airflow/example_dags/tutorial_objectstorage.py for tasks to queue
[2026-06-06T20:36:27.266-0400] {logging_mixin.py:188} INFO - [2026-06-06T20:36:27.266-0400] {dagbag.py:538} INFO - Filling up the DagBag from /Users/nitishbhattad/anaconda3/envs/flight-pipeline/lib/python3.11/site-packages/airflow/example_dags/tutorial_objectstorage.py
[2026-06-06T20:36:27.297-0400] {processor.py:840} INFO - DAG(s) 'tutorial_objectstorage' retrieved from /Users/nitishbhattad/anaconda3/envs/flight-pipeline/lib/python3.11/site-packages/airflow/example_dags/tutorial_objectstorage.py
[2026-06-06T20:36:27.352-0400] {logging_mixin.py:188} INFO - [2026-06-06T20:36:27.352-0400] {dag.py:3036} INFO - Sync 1 DAGs
[2026-06-06T20:36:27.356-0400] {logging_mixin.py:188} INFO - [2026-06-06T20:36:27.356-0400] {dag.py:3823} INFO - Setting next_dagrun for tutorial_objectstorage to None, run_after=None
[2026-06-06T20:36:27.363-0400] {processor.py:183} INFO - Processing /Users/nitishbhattad/anaconda3/envs/flight-pipeline/lib/python3.11/site-packages/airflow/example_dags/tutorial_objectstorage.py took 0.099 seconds
[2026-06-06T20:37:32.713-0400] {processor.py:161} INFO - Started process (PID=65315) to work on /Users/nitishbhattad/anaconda3/envs/flight-pipeline/lib/python3.11/site-packages/airflow/example_dags/tutorial_objectstorage.py
[2026-06-06T20:37:32.714-0400] {processor.py:830} INFO - Processing file /Users/nitishbhattad/anaconda3/envs/flight-pipeline/lib/python3.11/site-packages/airflow/example_dags/tutorial_objectstorage.py for tasks to queue
[2026-06-06T20:37:32.714-0400] {logging_mixin.py:188} INFO - [2026-06-06T20:37:32.714-0400] {dagbag.py:538} INFO - Filling up the DagBag from /Users/nitishbhattad/anaconda3/envs/flight-pipeline/lib/python3.11/site-packages/airflow/example_dags/tutorial_objectstorage.py
[2026-06-06T20:37:32.744-0400] {processor.py:840} INFO - DAG(s) 'tutorial_objectstorage' retrieved from /Users/nitishbhattad/anaconda3/envs/flight-pipeline/lib/python3.11/site-packages/airflow/example_dags/tutorial_objectstorage.py
[2026-06-06T20:37:32.808-0400] {logging_mixin.py:188} INFO - [2026-06-06T20:37:32.808-0400] {dag.py:3036} INFO - Sync 1 DAGs
[2026-06-06T20:37:32.812-0400] {logging_mixin.py:188} INFO - [2026-06-06T20:37:32.812-0400] {dag.py:3823} INFO - Setting next_dagrun for tutorial_objectstorage to None, run_after=None
[2026-06-06T20:37:32.819-0400] {processor.py:183} INFO - Processing /Users/nitishbhattad/anaconda3/envs/flight-pipeline/lib/python3.11/site-packages/airflow/example_dags/tutorial_objectstorage.py took 0.107 seconds
[2026-06-06T20:38:37.860-0400] {processor.py:161} INFO - Started process (PID=65407) to work on /Users/nitishbhattad/anaconda3/envs/flight-pipeline/lib/python3.11/site-packages/airflow/example_dags/tutorial_objectstorage.py
[2026-06-06T20:38:37.862-0400] {processor.py:830} INFO - Processing file /Users/nitishbhattad/anaconda3/envs/flight-pipeline/lib/python3.11/site-packages/airflow/example_dags/tutorial_objectstorage.py for tasks to queue
[2026-06-06T20:38:37.862-0400] {logging_mixin.py:188} INFO - [2026-06-06T20:38:37.862-0400] {dagbag.py:538} INFO - Filling up the DagBag from /Users/nitishbhattad/anaconda3/envs/flight-pipeline/lib/python3.11/site-packages/airflow/example_dags/tutorial_objectstorage.py
[2026-06-06T20:38:37.900-0400] {processor.py:840} INFO - DAG(s) 'tutorial_objectstorage' retrieved from /Users/nitishbhattad/anaconda3/envs/flight-pipeline/lib/python3.11/site-packages/airflow/example_dags/tutorial_objectstorage.py
[2026-06-06T20:38:37.976-0400] {logging_mixin.py:188} INFO - [2026-06-06T20:38:37.976-0400] {dag.py:3036} INFO - Sync 1 DAGs
[2026-06-06T20:38:37.983-0400] {logging_mixin.py:188} INFO - [2026-06-06T20:38:37.983-0400] {dag.py:3823} INFO - Setting next_dagrun for tutorial_objectstorage to None, run_after=None
[2026-06-06T20:38:37.993-0400] {processor.py:183} INFO - Processing /Users/nitishbhattad/anaconda3/envs/flight-pipeline/lib/python3.11/site-packages/airflow/example_dags/tutorial_objectstorage.py took 0.134 seconds
[2026-06-06T20:39:39.166-0400] {processor.py:161} INFO - Started process (PID=65498) to work on /Users/nitishbhattad/anaconda3/envs/flight-pipeline/lib/python3.11/site-packages/airflow/example_dags/tutorial_objectstorage.py
[2026-06-06T20:39:39.167-0400] {processor.py:830} INFO - Processing file /Users/nitishbhattad/anaconda3/envs/flight-pipeline/lib/python3.11/site-packages/airflow/example_dags/tutorial_objectstorage.py for tasks to queue
[2026-06-06T20:39:39.168-0400] {logging_mixin.py:188} INFO - [2026-06-06T20:39:39.168-0400] {dagbag.py:538} INFO - Filling up the DagBag from /Users/nitishbhattad/anaconda3/envs/flight-pipeline/lib/python3.11/site-packages/airflow/example_dags/tutorial_objectstorage.py
[2026-06-06T20:39:39.198-0400] {processor.py:840} INFO - DAG(s) 'tutorial_objectstorage' retrieved from /Users/nitishbhattad/anaconda3/envs/flight-pipeline/lib/python3.11/site-packages/airflow/example_dags/tutorial_objectstorage.py
[2026-06-06T20:39:39.252-0400] {logging_mixin.py:188} INFO - [2026-06-06T20:39:39.252-0400] {dag.py:3036} INFO - Sync 1 DAGs
[2026-06-06T20:39:39.256-0400] {logging_mixin.py:188} INFO - [2026-06-06T20:39:39.256-0400] {dag.py:3823} INFO - Setting next_dagrun for tutorial_objectstorage to None, run_after=None
[2026-06-06T20:39:39.263-0400] {processor.py:183} INFO - Processing /Users/nitishbhattad/anaconda3/envs/flight-pipeline/lib/python3.11/site-packages/airflow/example_dags/tutorial_objectstorage.py took 0.098 seconds
[2026-06-06T20:40:44.344-0400] {processor.py:161} INFO - Started process (PID=65656) to work on /Users/nitishbhattad/anaconda3/envs/flight-pipeline/lib/python3.11/site-packages/airflow/example_dags/tutorial_objectstorage.py
[2026-06-06T20:40:44.345-0400] {processor.py:830} INFO - Processing file /Users/nitishbhattad/anaconda3/envs/flight-pipeline/lib/python3.11/site-packages/airflow/example_dags/tutorial_objectstorage.py for tasks to queue
[2026-06-06T20:40:44.345-0400] {logging_mixin.py:188} INFO - [2026-06-06T20:40:44.345-0400] {dagbag.py:538} INFO - Filling up the DagBag from /Users/nitishbhattad/anaconda3/envs/flight-pipeline/lib/python3.11/site-packages/airflow/example_dags/tutorial_objectstorage.py
[2026-06-06T20:40:44.411-0400] {processor.py:840} INFO - DAG(s) 'tutorial_objectstorage' retrieved from /Users/nitishbhattad/anaconda3/envs/flight-pipeline/lib/python3.11/site-packages/airflow/example_dags/tutorial_objectstorage.py
[2026-06-06T20:40:44.524-0400] {logging_mixin.py:188} INFO - [2026-06-06T20:40:44.524-0400] {dag.py:3036} INFO - Sync 1 DAGs
[2026-06-06T20:40:44.530-0400] {logging_mixin.py:188} INFO - [2026-06-06T20:40:44.530-0400] {dag.py:3823} INFO - Setting next_dagrun for tutorial_objectstorage to None, run_after=None
[2026-06-06T20:40:44.539-0400] {processor.py:183} INFO - Processing /Users/nitishbhattad/anaconda3/envs/flight-pipeline/lib/python3.11/site-packages/airflow/example_dags/tutorial_objectstorage.py took 0.199 seconds
[2026-06-06T20:41:50.649-0400] {processor.py:161} INFO - Started process (PID=65761) to work on /Users/nitishbhattad/anaconda3/envs/flight-pipeline/lib/python3.11/site-packages/airflow/example_dags/tutorial_objectstorage.py
[2026-06-06T20:41:50.650-0400] {processor.py:830} INFO - Processing file /Users/nitishbhattad/anaconda3/envs/flight-pipeline/lib/python3.11/site-packages/airflow/example_dags/tutorial_objectstorage.py for tasks to queue
[2026-06-06T20:41:50.650-0400] {logging_mixin.py:188} INFO - [2026-06-06T20:41:50.650-0400] {dagbag.py:538} INFO - Filling up the DagBag from /Users/nitishbhattad/anaconda3/envs/flight-pipeline/lib/python3.11/site-packages/airflow/example_dags/tutorial_objectstorage.py
[2026-06-06T20:41:50.684-0400] {processor.py:840} INFO - DAG(s) 'tutorial_objectstorage' retrieved from /Users/nitishbhattad/anaconda3/envs/flight-pipeline/lib/python3.11/site-packages/airflow/example_dags/tutorial_objectstorage.py
[2026-06-06T20:41:50.742-0400] {logging_mixin.py:188} INFO - [2026-06-06T20:41:50.742-0400] {dag.py:3036} INFO - Sync 1 DAGs
[2026-06-06T20:41:50.746-0400] {logging_mixin.py:188} INFO - [2026-06-06T20:41:50.746-0400] {dag.py:3823} INFO - Setting next_dagrun for tutorial_objectstorage to None, run_after=None
[2026-06-06T20:41:50.754-0400] {processor.py:183} INFO - Processing /Users/nitishbhattad/anaconda3/envs/flight-pipeline/lib/python3.11/site-packages/airflow/example_dags/tutorial_objectstorage.py took 0.106 seconds
[2026-06-06T20:42:49.396-0400] {processor.py:161} INFO - Started process (PID=65849) to work on /Users/nitishbhattad/anaconda3/envs/flight-pipeline/lib/python3.11/site-packages/airflow/example_dags/tutorial_objectstorage.py
[2026-06-06T20:42:49.397-0400] {processor.py:830} INFO - Processing file /Users/nitishbhattad/anaconda3/envs/flight-pipeline/lib/python3.11/site-packages/airflow/example_dags/tutorial_objectstorage.py for tasks to queue
[2026-06-06T20:42:49.399-0400] {logging_mixin.py:188} INFO - [2026-06-06T20:42:49.398-0400] {dagbag.py:538} INFO - Filling up the DagBag from /Users/nitishbhattad/anaconda3/envs/flight-pipeline/lib/python3.11/site-packages/airflow/example_dags/tutorial_objectstorage.py
[2026-06-06T20:42:49.435-0400] {processor.py:840} INFO - DAG(s) 'tutorial_objectstorage' retrieved from /Users/nitishbhattad/anaconda3/envs/flight-pipeline/lib/python3.11/site-packages/airflow/example_dags/tutorial_objectstorage.py
[2026-06-06T20:42:49.507-0400] {logging_mixin.py:188} INFO - [2026-06-06T20:42:49.507-0400] {dag.py:3036} INFO - Sync 1 DAGs
[2026-06-06T20:42:49.512-0400] {logging_mixin.py:188} INFO - [2026-06-06T20:42:49.512-0400] {dag.py:3823} INFO - Setting next_dagrun for tutorial_objectstorage to None, run_after=None
[2026-06-06T20:42:49.521-0400] {processor.py:183} INFO - Processing /Users/nitishbhattad/anaconda3/envs/flight-pipeline/lib/python3.11/site-packages/airflow/example_dags/tutorial_objectstorage.py took 0.126 seconds
[2026-06-06T20:43:49.185-0400] {processor.py:161} INFO - Started process (PID=65937) to work on /Users/nitishbhattad/anaconda3/envs/flight-pipeline/lib/python3.11/site-packages/airflow/example_dags/tutorial_objectstorage.py
[2026-06-06T20:43:49.186-0400] {processor.py:830} INFO - Processing file /Users/nitishbhattad/anaconda3/envs/flight-pipeline/lib/python3.11/site-packages/airflow/example_dags/tutorial_objectstorage.py for tasks to queue
[2026-06-06T20:43:49.187-0400] {logging_mixin.py:188} INFO - [2026-06-06T20:43:49.187-0400] {dagbag.py:538} INFO - Filling up the DagBag from /Users/nitishbhattad/anaconda3/envs/flight-pipeline/lib/python3.11/site-packages/airflow/example_dags/tutorial_objectstorage.py
[2026-06-06T20:43:49.226-0400] {processor.py:840} INFO - DAG(s) 'tutorial_objectstorage' retrieved from /Users/nitishbhattad/anaconda3/envs/flight-pipeline/lib/python3.11/site-packages/airflow/example_dags/tutorial_objectstorage.py
[2026-06-06T20:43:49.287-0400] {logging_mixin.py:188} INFO - [2026-06-06T20:43:49.287-0400] {dag.py:3036} INFO - Sync 1 DAGs
[2026-06-06T20:43:49.291-0400] {logging_mixin.py:188} INFO - [2026-06-06T20:43:49.291-0400] {dag.py:3823} INFO - Setting next_dagrun for tutorial_objectstorage to None, run_after=None
[2026-06-06T20:43:49.298-0400] {processor.py:183} INFO - Processing /Users/nitishbhattad/anaconda3/envs/flight-pipeline/lib/python3.11/site-packages/airflow/example_dags/tutorial_objectstorage.py took 0.114 seconds
[2026-06-06T20:44:53.927-0400] {processor.py:161} INFO - Started process (PID=66031) to work on /Users/nitishbhattad/anaconda3/envs/flight-pipeline/lib/python3.11/site-packages/airflow/example_dags/tutorial_objectstorage.py
[2026-06-06T20:44:53.933-0400] {processor.py:830} INFO - Processing file /Users/nitishbhattad/anaconda3/envs/flight-pipeline/lib/python3.11/site-packages/airflow/example_dags/tutorial_objectstorage.py for tasks to queue
[2026-06-06T20:44:53.933-0400] {logging_mixin.py:188} INFO - [2026-06-06T20:44:53.933-0400] {dagbag.py:538} INFO - Filling up the DagBag from /Users/nitishbhattad/anaconda3/envs/flight-pipeline/lib/python3.11/site-packages/airflow/example_dags/tutorial_objectstorage.py
[2026-06-06T20:44:53.966-0400] {processor.py:840} INFO - DAG(s) 'tutorial_objectstorage' retrieved from /Users/nitishbhattad/anaconda3/envs/flight-pipeline/lib/python3.11/site-packages/airflow/example_dags/tutorial_objectstorage.py
[2026-06-06T20:44:54.025-0400] {logging_mixin.py:188} INFO - [2026-06-06T20:44:54.025-0400] {dag.py:3036} INFO - Sync 1 DAGs
[2026-06-06T20:44:54.029-0400] {logging_mixin.py:188} INFO - [2026-06-06T20:44:54.029-0400] {dag.py:3823} INFO - Setting next_dagrun for tutorial_objectstorage to None, run_after=None
[2026-06-06T20:44:54.037-0400] {processor.py:183} INFO - Processing /Users/nitishbhattad/anaconda3/envs/flight-pipeline/lib/python3.11/site-packages/airflow/example_dags/tutorial_objectstorage.py took 0.111 seconds
[2026-06-06T20:45:55.870-0400] {processor.py:161} INFO - Started process (PID=66124) to work on /Users/nitishbhattad/anaconda3/envs/flight-pipeline/lib/python3.11/site-packages/airflow/example_dags/tutorial_objectstorage.py
[2026-06-06T20:45:55.871-0400] {processor.py:830} INFO - Processing file /Users/nitishbhattad/anaconda3/envs/flight-pipeline/lib/python3.11/site-packages/airflow/example_dags/tutorial_objectstorage.py for tasks to queue
[2026-06-06T20:45:55.872-0400] {logging_mixin.py:188} INFO - [2026-06-06T20:45:55.872-0400] {dagbag.py:538} INFO - Filling up the DagBag from /Users/nitishbhattad/anaconda3/envs/flight-pipeline/lib/python3.11/site-packages/airflow/example_dags/tutorial_objectstorage.py
[2026-06-06T20:45:55.905-0400] {processor.py:840} INFO - DAG(s) 'tutorial_objectstorage' retrieved from /Users/nitishbhattad/anaconda3/envs/flight-pipeline/lib/python3.11/site-packages/airflow/example_dags/tutorial_objectstorage.py
[2026-06-06T20:45:55.964-0400] {logging_mixin.py:188} INFO - [2026-06-06T20:45:55.964-0400] {dag.py:3036} INFO - Sync 1 DAGs
[2026-06-06T20:45:55.968-0400] {logging_mixin.py:188} INFO - [2026-06-06T20:45:55.968-0400] {dag.py:3823} INFO - Setting next_dagrun for tutorial_objectstorage to None, run_after=None
[2026-06-06T20:45:55.975-0400] {processor.py:183} INFO - Processing /Users/nitishbhattad/anaconda3/envs/flight-pipeline/lib/python3.11/site-packages/airflow/example_dags/tutorial_objectstorage.py took 0.106 seconds
[2026-06-06T20:46:59.382-0400] {processor.py:161} INFO - Started process (PID=66223) to work on /Users/nitishbhattad/anaconda3/envs/flight-pipeline/lib/python3.11/site-packages/airflow/example_dags/tutorial_objectstorage.py
[2026-06-06T20:46:59.383-0400] {processor.py:830} INFO - Processing file /Users/nitishbhattad/anaconda3/envs/flight-pipeline/lib/python3.11/site-packages/airflow/example_dags/tutorial_objectstorage.py for tasks to queue
[2026-06-06T20:46:59.383-0400] {logging_mixin.py:188} INFO - [2026-06-06T20:46:59.383-0400] {dagbag.py:538} INFO - Filling up the DagBag from /Users/nitishbhattad/anaconda3/envs/flight-pipeline/lib/python3.11/site-packages/airflow/example_dags/tutorial_objectstorage.py
[2026-06-06T20:46:59.430-0400] {processor.py:840} INFO - DAG(s) 'tutorial_objectstorage' retrieved from /Users/nitishbhattad/anaconda3/envs/flight-pipeline/lib/python3.11/site-packages/airflow/example_dags/tutorial_objectstorage.py
[2026-06-06T20:46:59.508-0400] {logging_mixin.py:188} INFO - [2026-06-06T20:46:59.507-0400] {dag.py:3036} INFO - Sync 1 DAGs
[2026-06-06T20:46:59.512-0400] {logging_mixin.py:188} INFO - [2026-06-06T20:46:59.512-0400] {dag.py:3823} INFO - Setting next_dagrun for tutorial_objectstorage to None, run_after=None
[2026-06-06T20:46:59.519-0400] {processor.py:183} INFO - Processing /Users/nitishbhattad/anaconda3/envs/flight-pipeline/lib/python3.11/site-packages/airflow/example_dags/tutorial_objectstorage.py took 0.138 seconds
[2026-06-06T20:47:58.882-0400] {processor.py:161} INFO - Started process (PID=66317) to work on /Users/nitishbhattad/anaconda3/envs/flight-pipeline/lib/python3.11/site-packages/airflow/example_dags/tutorial_objectstorage.py
[2026-06-06T20:47:58.884-0400] {processor.py:830} INFO - Processing file /Users/nitishbhattad/anaconda3/envs/flight-pipeline/lib/python3.11/site-packages/airflow/example_dags/tutorial_objectstorage.py for tasks to queue
[2026-06-06T20:47:58.884-0400] {logging_mixin.py:188} INFO - [2026-06-06T20:47:58.884-0400] {dagbag.py:538} INFO - Filling up the DagBag from /Users/nitishbhattad/anaconda3/envs/flight-pipeline/lib/python3.11/site-packages/airflow/example_dags/tutorial_objectstorage.py
[2026-06-06T20:47:58.927-0400] {processor.py:840} INFO - DAG(s) 'tutorial_objectstorage' retrieved from /Users/nitishbhattad/anaconda3/envs/flight-pipeline/lib/python3.11/site-packages/airflow/example_dags/tutorial_objectstorage.py
[2026-06-06T20:47:58.994-0400] {logging_mixin.py:188} INFO - [2026-06-06T20:47:58.994-0400] {dag.py:3036} INFO - Sync 1 DAGs
[2026-06-06T20:47:58.998-0400] {logging_mixin.py:188} INFO - [2026-06-06T20:47:58.998-0400] {dag.py:3823} INFO - Setting next_dagrun for tutorial_objectstorage to None, run_after=None
[2026-06-06T20:47:59.006-0400] {processor.py:183} INFO - Processing /Users/nitishbhattad/anaconda3/envs/flight-pipeline/lib/python3.11/site-packages/airflow/example_dags/tutorial_objectstorage.py took 0.125 seconds
[2026-06-06T20:48:59.361-0400] {processor.py:161} INFO - Started process (PID=66422) to work on /Users/nitishbhattad/anaconda3/envs/flight-pipeline/lib/python3.11/site-packages/airflow/example_dags/tutorial_objectstorage.py
[2026-06-06T20:48:59.362-0400] {processor.py:830} INFO - Processing file /Users/nitishbhattad/anaconda3/envs/flight-pipeline/lib/python3.11/site-packages/airflow/example_dags/tutorial_objectstorage.py for tasks to queue
[2026-06-06T20:48:59.362-0400] {logging_mixin.py:188} INFO - [2026-06-06T20:48:59.362-0400] {dagbag.py:538} INFO - Filling up the DagBag from /Users/nitishbhattad/anaconda3/envs/flight-pipeline/lib/python3.11/site-packages/airflow/example_dags/tutorial_objectstorage.py
[2026-06-06T20:48:59.394-0400] {processor.py:840} INFO - DAG(s) 'tutorial_objectstorage' retrieved from /Users/nitishbhattad/anaconda3/envs/flight-pipeline/lib/python3.11/site-packages/airflow/example_dags/tutorial_objectstorage.py
[2026-06-06T20:48:59.449-0400] {logging_mixin.py:188} INFO - [2026-06-06T20:48:59.448-0400] {dag.py:3036} INFO - Sync 1 DAGs
[2026-06-06T20:48:59.452-0400] {logging_mixin.py:188} INFO - [2026-06-06T20:48:59.452-0400] {dag.py:3823} INFO - Setting next_dagrun for tutorial_objectstorage to None, run_after=None
[2026-06-06T20:48:59.461-0400] {processor.py:183} INFO - Processing /Users/nitishbhattad/anaconda3/envs/flight-pipeline/lib/python3.11/site-packages/airflow/example_dags/tutorial_objectstorage.py took 0.101 seconds
[2026-06-06T20:49:58.166-0400] {processor.py:161} INFO - Started process (PID=66527) to work on /Users/nitishbhattad/anaconda3/envs/flight-pipeline/lib/python3.11/site-packages/airflow/example_dags/tutorial_objectstorage.py
[2026-06-06T20:49:58.167-0400] {processor.py:830} INFO - Processing file /Users/nitishbhattad/anaconda3/envs/flight-pipeline/lib/python3.11/site-packages/airflow/example_dags/tutorial_objectstorage.py for tasks to queue
[2026-06-06T20:49:58.167-0400] {logging_mixin.py:188} INFO - [2026-06-06T20:49:58.167-0400] {dagbag.py:538} INFO - Filling up the DagBag from /Users/nitishbhattad/anaconda3/envs/flight-pipeline/lib/python3.11/site-packages/airflow/example_dags/tutorial_objectstorage.py
[2026-06-06T20:49:58.200-0400] {processor.py:840} INFO - DAG(s) 'tutorial_objectstorage' retrieved from /Users/nitishbhattad/anaconda3/envs/flight-pipeline/lib/python3.11/site-packages/airflow/example_dags/tutorial_objectstorage.py
[2026-06-06T20:49:58.257-0400] {logging_mixin.py:188} INFO - [2026-06-06T20:49:58.257-0400] {dag.py:3036} INFO - Sync 1 DAGs
[2026-06-06T20:49:58.260-0400] {logging_mixin.py:188} INFO - [2026-06-06T20:49:58.260-0400] {dag.py:3823} INFO - Setting next_dagrun for tutorial_objectstorage to None, run_after=None
[2026-06-06T20:49:58.267-0400] {processor.py:183} INFO - Processing /Users/nitishbhattad/anaconda3/envs/flight-pipeline/lib/python3.11/site-packages/airflow/example_dags/tutorial_objectstorage.py took 0.102 seconds
