[2026-06-06T20:18:32.422-0400] {processor.py:161} INFO - Started process (PID=63525) to work on /Users/nitishbhattad/anaconda3/envs/flight-pipeline/lib/python3.11/site-packages/airflow/example_dags/tutorial_taskflow_api.py
[2026-06-06T20:18:32.423-0400] {processor.py:830} INFO - Processing file /Users/nitishbhattad/anaconda3/envs/flight-pipeline/lib/python3.11/site-packages/airflow/example_dags/tutorial_taskflow_api.py for tasks to queue
[2026-06-06T20:18:32.423-0400] {logging_mixin.py:188} INFO - [2026-06-06T20:18:32.423-0400] {dagbag.py:538} INFO - Filling up the DagBag from /Users/nitishbhattad/anaconda3/envs/flight-pipeline/lib/python3.11/site-packages/airflow/example_dags/tutorial_taskflow_api.py
[2026-06-06T20:18:32.441-0400] {processor.py:840} INFO - DAG(s) 'tutorial_taskflow_api' retrieved from /Users/nitishbhattad/anaconda3/envs/flight-pipeline/lib/python3.11/site-packages/airflow/example_dags/tutorial_taskflow_api.py
[2026-06-06T20:18:32.548-0400] {logging_mixin.py:188} INFO - [2026-06-06T20:18:32.548-0400] {override.py:1769} INFO - Created Permission View: can edit on DAG:tutorial_taskflow_api
[2026-06-06T20:18:32.551-0400] {logging_mixin.py:188} INFO - [2026-06-06T20:18:32.551-0400] {override.py:1769} INFO - Created Permission View: can read on DAG:tutorial_taskflow_api
[2026-06-06T20:18:32.553-0400] {logging_mixin.py:188} INFO - [2026-06-06T20:18:32.553-0400] {override.py:1769} INFO - Created Permission View: can delete on DAG:tutorial_taskflow_api
[2026-06-06T20:18:32.554-0400] {logging_mixin.py:188} INFO - [2026-06-06T20:18:32.553-0400] {dag.py:3036} INFO - Sync 1 DAGs
[2026-06-06T20:18:32.559-0400] {logging_mixin.py:188} INFO - [2026-06-06T20:18:32.559-0400] {dag.py:3058} INFO - Creating ORM DAG for tutorial_taskflow_api
[2026-06-06T20:18:32.559-0400] {logging_mixin.py:188} INFO - [2026-06-06T20:18:32.559-0400] {dag.py:3823} INFO - Setting next_dagrun for tutorial_taskflow_api to None, run_after=None
[2026-06-06T20:18:32.578-0400] {processor.py:183} INFO - Processing /Users/nitishbhattad/anaconda3/envs/flight-pipeline/lib/python3.11/site-packages/airflow/example_dags/tutorial_taskflow_api.py took 0.156 seconds
[2026-06-06T20:20:05.340-0400] {processor.py:161} INFO - Started process (PID=63673) to work on /Users/nitishbhattad/anaconda3/envs/flight-pipeline/lib/python3.11/site-packages/airflow/example_dags/tutorial_taskflow_api.py
[2026-06-06T20:20:05.340-0400] {processor.py:830} INFO - Processing file /Users/nitishbhattad/anaconda3/envs/flight-pipeline/lib/python3.11/site-packages/airflow/example_dags/tutorial_taskflow_api.py for tasks to queue
[2026-06-06T20:20:05.341-0400] {logging_mixin.py:188} INFO - [2026-06-06T20:20:05.341-0400] {dagbag.py:538} INFO - Filling up the DagBag from /Users/nitishbhattad/anaconda3/envs/flight-pipeline/lib/python3.11/site-packages/airflow/example_dags/tutorial_taskflow_api.py
[2026-06-06T20:20:05.359-0400] {processor.py:840} INFO - DAG(s) 'tutorial_taskflow_api' retrieved from /Users/nitishbhattad/anaconda3/envs/flight-pipeline/lib/python3.11/site-packages/airflow/example_dags/tutorial_taskflow_api.py
[2026-06-06T20:20:05.427-0400] {logging_mixin.py:188} INFO - [2026-06-06T20:20:05.427-0400] {dag.py:3036} INFO - Sync 1 DAGs
[2026-06-06T20:20:05.430-0400] {logging_mixin.py:188} INFO - [2026-06-06T20:20:05.430-0400] {dag.py:3823} INFO - Setting next_dagrun for tutorial_taskflow_api to None, run_after=None
[2026-06-06T20:20:05.443-0400] {processor.py:183} INFO - Processing /Users/nitishbhattad/anaconda3/envs/flight-pipeline/lib/python3.11/site-packages/airflow/example_dags/tutorial_taskflow_api.py took 0.105 seconds
[2026-06-06T20:21:09.136-0400] {processor.py:161} INFO - Started process (PID=63767) to work on /Users/nitishbhattad/anaconda3/envs/flight-pipeline/lib/python3.11/site-packages/airflow/example_dags/tutorial_taskflow_api.py
[2026-06-06T20:21:09.137-0400] {processor.py:830} INFO - Processing file /Users/nitishbhattad/anaconda3/envs/flight-pipeline/lib/python3.11/site-packages/airflow/example_dags/tutorial_taskflow_api.py for tasks to queue
[2026-06-06T20:21:09.137-0400] {logging_mixin.py:188} INFO - [2026-06-06T20:21:09.137-0400] {dagbag.py:538} INFO - Filling up the DagBag from /Users/nitishbhattad/anaconda3/envs/flight-pipeline/lib/python3.11/site-packages/airflow/example_dags/tutorial_taskflow_api.py
[2026-06-06T20:21:09.155-0400] {processor.py:840} INFO - DAG(s) 'tutorial_taskflow_api' retrieved from /Users/nitishbhattad/anaconda3/envs/flight-pipeline/lib/python3.11/site-packages/airflow/example_dags/tutorial_taskflow_api.py
[2026-06-06T20:21:09.234-0400] {logging_mixin.py:188} INFO - [2026-06-06T20:21:09.234-0400] {dag.py:3036} INFO - Sync 1 DAGs
[2026-06-06T20:21:09.241-0400] {logging_mixin.py:188} INFO - [2026-06-06T20:21:09.241-0400] {dag.py:3823} INFO - Setting next_dagrun for tutorial_taskflow_api to None, run_after=None
[2026-06-06T20:21:09.251-0400] {processor.py:183} INFO - Processing /Users/nitishbhattad/anaconda3/envs/flight-pipeline/lib/python3.11/site-packages/airflow/example_dags/tutorial_taskflow_api.py took 0.116 seconds
[2026-06-06T20:23:20.193-0400] {processor.py:161} INFO - Started process (PID=63993) to work on /Users/nitishbhattad/anaconda3/envs/flight-pipeline/lib/python3.11/site-packages/airflow/example_dags/tutorial_taskflow_api.py
[2026-06-06T20:23:20.195-0400] {processor.py:830} INFO - Processing file /Users/nitishbhattad/anaconda3/envs/flight-pipeline/lib/python3.11/site-packages/airflow/example_dags/tutorial_taskflow_api.py for tasks to queue
[2026-06-06T20:23:20.195-0400] {logging_mixin.py:188} INFO - [2026-06-06T20:23:20.195-0400] {dagbag.py:538} INFO - Filling up the DagBag from /Users/nitishbhattad/anaconda3/envs/flight-pipeline/lib/python3.11/site-packages/airflow/example_dags/tutorial_taskflow_api.py
[2026-06-06T20:23:20.211-0400] {processor.py:840} INFO - DAG(s) 'tutorial_taskflow_api' retrieved from /Users/nitishbhattad/anaconda3/envs/flight-pipeline/lib/python3.11/site-packages/airflow/example_dags/tutorial_taskflow_api.py
[2026-06-06T20:23:20.277-0400] {logging_mixin.py:188} INFO - [2026-06-06T20:23:20.277-0400] {dag.py:3036} INFO - Sync 1 DAGs
[2026-06-06T20:23:20.280-0400] {logging_mixin.py:188} INFO - [2026-06-06T20:23:20.280-0400] {dag.py:3823} INFO - Setting next_dagrun for tutorial_taskflow_api to None, run_after=None
[2026-06-06T20:23:20.288-0400] {processor.py:183} INFO - Processing /Users/nitishbhattad/anaconda3/envs/flight-pipeline/lib/python3.11/site-packages/airflow/example_dags/tutorial_taskflow_api.py took 0.095 seconds
[2026-06-06T20:24:33.755-0400] {processor.py:161} INFO - Started process (PID=64110) to work on /Users/nitishbhattad/anaconda3/envs/flight-pipeline/lib/python3.11/site-packages/airflow/example_dags/tutorial_taskflow_api.py
[2026-06-06T20:24:33.756-0400] {processor.py:830} INFO - Processing file /Users/nitishbhattad/anaconda3/envs/flight-pipeline/lib/python3.11/site-packages/airflow/example_dags/tutorial_taskflow_api.py for tasks to queue
[2026-06-06T20:24:33.756-0400] {logging_mixin.py:188} INFO - [2026-06-06T20:24:33.756-0400] {dagbag.py:538} INFO - Filling up the DagBag from /Users/nitishbhattad/anaconda3/envs/flight-pipeline/lib/python3.11/site-packages/airflow/example_dags/tutorial_taskflow_api.py
[2026-06-06T20:24:33.770-0400] {processor.py:840} INFO - DAG(s) 'tutorial_taskflow_api' retrieved from /Users/nitishbhattad/anaconda3/envs/flight-pipeline/lib/python3.11/site-packages/airflow/example_dags/tutorial_taskflow_api.py
[2026-06-06T20:24:33.832-0400] {logging_mixin.py:188} INFO - [2026-06-06T20:24:33.832-0400] {dag.py:3036} INFO - Sync 1 DAGs
[2026-06-06T20:24:33.836-0400] {logging_mixin.py:188} INFO - [2026-06-06T20:24:33.836-0400] {dag.py:3823} INFO - Setting next_dagrun for tutorial_taskflow_api to None, run_after=None
[2026-06-06T20:24:33.845-0400] {processor.py:183} INFO - Processing /Users/nitishbhattad/anaconda3/envs/flight-pipeline/lib/python3.11/site-packages/airflow/example_dags/tutorial_taskflow_api.py took 0.090 seconds
[2026-06-06T20:25:38.189-0400] {processor.py:161} INFO - Started process (PID=64218) to work on /Users/nitishbhattad/anaconda3/envs/flight-pipeline/lib/python3.11/site-packages/airflow/example_dags/tutorial_taskflow_api.py
[2026-06-06T20:25:38.190-0400] {processor.py:830} INFO - Processing file /Users/nitishbhattad/anaconda3/envs/flight-pipeline/lib/python3.11/site-packages/airflow/example_dags/tutorial_taskflow_api.py for tasks to queue
[2026-06-06T20:25:38.190-0400] {logging_mixin.py:188} INFO - [2026-06-06T20:25:38.190-0400] {dagbag.py:538} INFO - Filling up the DagBag from /Users/nitishbhattad/anaconda3/envs/flight-pipeline/lib/python3.11/site-packages/airflow/example_dags/tutorial_taskflow_api.py
[2026-06-06T20:25:38.208-0400] {processor.py:840} INFO - DAG(s) 'tutorial_taskflow_api' retrieved from /Users/nitishbhattad/anaconda3/envs/flight-pipeline/lib/python3.11/site-packages/airflow/example_dags/tutorial_taskflow_api.py
[2026-06-06T20:25:38.283-0400] {logging_mixin.py:188} INFO - [2026-06-06T20:25:38.283-0400] {dag.py:3036} INFO - Sync 1 DAGs
[2026-06-06T20:25:38.287-0400] {logging_mixin.py:188} INFO - [2026-06-06T20:25:38.287-0400] {dag.py:3823} INFO - Setting next_dagrun for tutorial_taskflow_api to None, run_after=None
[2026-06-06T20:25:38.296-0400] {processor.py:183} INFO - Processing /Users/nitishbhattad/anaconda3/envs/flight-pipeline/lib/python3.11/site-packages/airflow/example_dags/tutorial_taskflow_api.py took 0.107 seconds
[2026-06-06T20:26:48.518-0400] {processor.py:161} INFO - Started process (PID=64340) to work on /Users/nitishbhattad/anaconda3/envs/flight-pipeline/lib/python3.11/site-packages/airflow/example_dags/tutorial_taskflow_api.py
[2026-06-06T20:26:48.519-0400] {processor.py:830} INFO - Processing file /Users/nitishbhattad/anaconda3/envs/flight-pipeline/lib/python3.11/site-packages/airflow/example_dags/tutorial_taskflow_api.py for tasks to queue
[2026-06-06T20:26:48.519-0400] {logging_mixin.py:188} INFO - [2026-06-06T20:26:48.519-0400] {dagbag.py:538} INFO - Filling up the DagBag from /Users/nitishbhattad/anaconda3/envs/flight-pipeline/lib/python3.11/site-packages/airflow/example_dags/tutorial_taskflow_api.py
[2026-06-06T20:26:48.534-0400] {processor.py:840} INFO - DAG(s) 'tutorial_taskflow_api' retrieved from /Users/nitishbhattad/anaconda3/envs/flight-pipeline/lib/python3.11/site-packages/airflow/example_dags/tutorial_taskflow_api.py
[2026-06-06T20:26:48.594-0400] {logging_mixin.py:188} INFO - [2026-06-06T20:26:48.594-0400] {dag.py:3036} INFO - Sync 1 DAGs
[2026-06-06T20:26:48.598-0400] {logging_mixin.py:188} INFO - [2026-06-06T20:26:48.597-0400] {dag.py:3823} INFO - Setting next_dagrun for tutorial_taskflow_api to None, run_after=None
[2026-06-06T20:26:48.607-0400] {processor.py:183} INFO - Processing /Users/nitishbhattad/anaconda3/envs/flight-pipeline/lib/python3.11/site-packages/airflow/example_dags/tutorial_taskflow_api.py took 0.089 seconds
[2026-06-06T20:27:55.677-0400] {processor.py:161} INFO - Started process (PID=64449) to work on /Users/nitishbhattad/anaconda3/envs/flight-pipeline/lib/python3.11/site-packages/airflow/example_dags/tutorial_taskflow_api.py
[2026-06-06T20:27:55.684-0400] {processor.py:830} INFO - Processing file /Users/nitishbhattad/anaconda3/envs/flight-pipeline/lib/python3.11/site-packages/airflow/example_dags/tutorial_taskflow_api.py for tasks to queue
[2026-06-06T20:27:55.687-0400] {logging_mixin.py:188} INFO - [2026-06-06T20:27:55.687-0400] {dagbag.py:538} INFO - Filling up the DagBag from /Users/nitishbhattad/anaconda3/envs/flight-pipeline/lib/python3.11/site-packages/airflow/example_dags/tutorial_taskflow_api.py
[2026-06-06T20:27:55.711-0400] {processor.py:840} INFO - DAG(s) 'tutorial_taskflow_api' retrieved from /Users/nitishbhattad/anaconda3/envs/flight-pipeline/lib/python3.11/site-packages/airflow/example_dags/tutorial_taskflow_api.py
[2026-06-06T20:27:55.815-0400] {logging_mixin.py:188} INFO - [2026-06-06T20:27:55.814-0400] {dag.py:3036} INFO - Sync 1 DAGs
[2026-06-06T20:27:55.830-0400] {logging_mixin.py:188} INFO - [2026-06-06T20:27:55.830-0400] {dag.py:3823} INFO - Setting next_dagrun for tutorial_taskflow_api to None, run_after=None
[2026-06-06T20:27:55.844-0400] {processor.py:183} INFO - Processing /Users/nitishbhattad/anaconda3/envs/flight-pipeline/lib/python3.11/site-packages/airflow/example_dags/tutorial_taskflow_api.py took 0.167 seconds
[2026-06-06T20:28:54.705-0400] {processor.py:161} INFO - Started process (PID=64533) to work on /Users/nitishbhattad/anaconda3/envs/flight-pipeline/lib/python3.11/site-packages/airflow/example_dags/tutorial_taskflow_api.py
[2026-06-06T20:28:54.706-0400] {processor.py:830} INFO - Processing file /Users/nitishbhattad/anaconda3/envs/flight-pipeline/lib/python3.11/site-packages/airflow/example_dags/tutorial_taskflow_api.py for tasks to queue
[2026-06-06T20:28:54.707-0400] {logging_mixin.py:188} INFO - [2026-06-06T20:28:54.707-0400] {dagbag.py:538} INFO - Filling up the DagBag from /Users/nitishbhattad/anaconda3/envs/flight-pipeline/lib/python3.11/site-packages/airflow/example_dags/tutorial_taskflow_api.py
[2026-06-06T20:28:54.722-0400] {processor.py:840} INFO - DAG(s) 'tutorial_taskflow_api' retrieved from /Users/nitishbhattad/anaconda3/envs/flight-pipeline/lib/python3.11/site-packages/airflow/example_dags/tutorial_taskflow_api.py
[2026-06-06T20:28:54.788-0400] {logging_mixin.py:188} INFO - [2026-06-06T20:28:54.787-0400] {dag.py:3036} INFO - Sync 1 DAGs
[2026-06-06T20:28:54.791-0400] {logging_mixin.py:188} INFO - [2026-06-06T20:28:54.791-0400] {dag.py:3823} INFO - Setting next_dagrun for tutorial_taskflow_api to None, run_after=None
[2026-06-06T20:28:54.799-0400] {processor.py:183} INFO - Processing /Users/nitishbhattad/anaconda3/envs/flight-pipeline/lib/python3.11/site-packages/airflow/example_dags/tutorial_taskflow_api.py took 0.094 seconds
[2026-06-06T20:29:51.091-0400] {processor.py:161} INFO - Started process (PID=64618) to work on /Users/nitishbhattad/anaconda3/envs/flight-pipeline/lib/python3.11/site-packages/airflow/example_dags/tutorial_taskflow_api.py
[2026-06-06T20:29:51.095-0400] {processor.py:830} INFO - Processing file /Users/nitishbhattad/anaconda3/envs/flight-pipeline/lib/python3.11/site-packages/airflow/example_dags/tutorial_taskflow_api.py for tasks to queue
[2026-06-06T20:29:51.095-0400] {logging_mixin.py:188} INFO - [2026-06-06T20:29:51.095-0400] {dagbag.py:538} INFO - Filling up the DagBag from /Users/nitishbhattad/anaconda3/envs/flight-pipeline/lib/python3.11/site-packages/airflow/example_dags/tutorial_taskflow_api.py
[2026-06-06T20:29:51.112-0400] {processor.py:840} INFO - DAG(s) 'tutorial_taskflow_api' retrieved from /Users/nitishbhattad/anaconda3/envs/flight-pipeline/lib/python3.11/site-packages/airflow/example_dags/tutorial_taskflow_api.py
[2026-06-06T20:29:51.191-0400] {logging_mixin.py:188} INFO - [2026-06-06T20:29:51.191-0400] {dag.py:3036} INFO - Sync 1 DAGs
[2026-06-06T20:29:51.195-0400] {logging_mixin.py:188} INFO - [2026-06-06T20:29:51.195-0400] {dag.py:3823} INFO - Setting next_dagrun for tutorial_taskflow_api to None, run_after=None
[2026-06-06T20:29:51.205-0400] {processor.py:183} INFO - Processing /Users/nitishbhattad/anaconda3/envs/flight-pipeline/lib/python3.11/site-packages/airflow/example_dags/tutorial_taskflow_api.py took 0.114 seconds
[2026-06-06T20:31:04.435-0400] {processor.py:161} INFO - Started process (PID=64732) to work on /Users/nitishbhattad/anaconda3/envs/flight-pipeline/lib/python3.11/site-packages/airflow/example_dags/tutorial_taskflow_api.py
[2026-06-06T20:31:04.437-0400] {processor.py:830} INFO - Processing file /Users/nitishbhattad/anaconda3/envs/flight-pipeline/lib/python3.11/site-packages/airflow/example_dags/tutorial_taskflow_api.py for tasks to queue
[2026-06-06T20:31:04.437-0400] {logging_mixin.py:188} INFO - [2026-06-06T20:31:04.437-0400] {dagbag.py:538} INFO - Filling up the DagBag from /Users/nitishbhattad/anaconda3/envs/flight-pipeline/lib/python3.11/site-packages/airflow/example_dags/tutorial_taskflow_api.py
[2026-06-06T20:31:04.454-0400] {processor.py:840} INFO - DAG(s) 'tutorial_taskflow_api' retrieved from /Users/nitishbhattad/anaconda3/envs/flight-pipeline/lib/python3.11/site-packages/airflow/example_dags/tutorial_taskflow_api.py
[2026-06-06T20:31:04.526-0400] {logging_mixin.py:188} INFO - [2026-06-06T20:31:04.526-0400] {dag.py:3036} INFO - Sync 1 DAGs
[2026-06-06T20:31:04.529-0400] {logging_mixin.py:188} INFO - [2026-06-06T20:31:04.529-0400] {dag.py:3823} INFO - Setting next_dagrun for tutorial_taskflow_api to None, run_after=None
[2026-06-06T20:31:04.539-0400] {processor.py:183} INFO - Processing /Users/nitishbhattad/anaconda3/envs/flight-pipeline/lib/python3.11/site-packages/airflow/example_dags/tutorial_taskflow_api.py took 0.105 seconds
[2026-06-06T20:32:20.622-0400] {processor.py:161} INFO - Started process (PID=64843) to work on /Users/nitishbhattad/anaconda3/envs/flight-pipeline/lib/python3.11/site-packages/airflow/example_dags/tutorial_taskflow_api.py
[2026-06-06T20:32:20.622-0400] {processor.py:830} INFO - Processing file /Users/nitishbhattad/anaconda3/envs/flight-pipeline/lib/python3.11/site-packages/airflow/example_dags/tutorial_taskflow_api.py for tasks to queue
[2026-06-06T20:32:20.624-0400] {logging_mixin.py:188} INFO - [2026-06-06T20:32:20.624-0400] {dagbag.py:538} INFO - Filling up the DagBag from /Users/nitishbhattad/anaconda3/envs/flight-pipeline/lib/python3.11/site-packages/airflow/example_dags/tutorial_taskflow_api.py
[2026-06-06T20:32:20.640-0400] {processor.py:840} INFO - DAG(s) 'tutorial_taskflow_api' retrieved from /Users/nitishbhattad/anaconda3/envs/flight-pipeline/lib/python3.11/site-packages/airflow/example_dags/tutorial_taskflow_api.py
[2026-06-06T20:32:20.707-0400] {logging_mixin.py:188} INFO - [2026-06-06T20:32:20.707-0400] {dag.py:3036} INFO - Sync 1 DAGs
[2026-06-06T20:32:20.710-0400] {logging_mixin.py:188} INFO - [2026-06-06T20:32:20.710-0400] {dag.py:3823} INFO - Setting next_dagrun for tutorial_taskflow_api to None, run_after=None
[2026-06-06T20:32:20.718-0400] {processor.py:183} INFO - Processing /Users/nitishbhattad/anaconda3/envs/flight-pipeline/lib/python3.11/site-packages/airflow/example_dags/tutorial_taskflow_api.py took 0.098 seconds
[2026-06-06T20:33:24.539-0400] {processor.py:161} INFO - Started process (PID=64931) to work on /Users/nitishbhattad/anaconda3/envs/flight-pipeline/lib/python3.11/site-packages/airflow/example_dags/tutorial_taskflow_api.py
[2026-06-06T20:33:24.541-0400] {processor.py:830} INFO - Processing file /Users/nitishbhattad/anaconda3/envs/flight-pipeline/lib/python3.11/site-packages/airflow/example_dags/tutorial_taskflow_api.py for tasks to queue
[2026-06-06T20:33:24.541-0400] {logging_mixin.py:188} INFO - [2026-06-06T20:33:24.541-0400] {dagbag.py:538} INFO - Filling up the DagBag from /Users/nitishbhattad/anaconda3/envs/flight-pipeline/lib/python3.11/site-packages/airflow/example_dags/tutorial_taskflow_api.py
[2026-06-06T20:33:24.582-0400] {processor.py:840} INFO - DAG(s) 'tutorial_taskflow_api' retrieved from /Users/nitishbhattad/anaconda3/envs/flight-pipeline/lib/python3.11/site-packages/airflow/example_dags/tutorial_taskflow_api.py
[2026-06-06T20:33:24.670-0400] {logging_mixin.py:188} INFO - [2026-06-06T20:33:24.670-0400] {dag.py:3036} INFO - Sync 1 DAGs
[2026-06-06T20:33:24.673-0400] {logging_mixin.py:188} INFO - [2026-06-06T20:33:24.673-0400] {dag.py:3823} INFO - Setting next_dagrun for tutorial_taskflow_api to None, run_after=None
[2026-06-06T20:33:24.681-0400] {processor.py:183} INFO - Processing /Users/nitishbhattad/anaconda3/envs/flight-pipeline/lib/python3.11/site-packages/airflow/example_dags/tutorial_taskflow_api.py took 0.143 seconds
[2026-06-06T20:34:26.440-0400] {processor.py:161} INFO - Started process (PID=65025) to work on /Users/nitishbhattad/anaconda3/envs/flight-pipeline/lib/python3.11/site-packages/airflow/example_dags/tutorial_taskflow_api.py
[2026-06-06T20:34:26.440-0400] {processor.py:830} INFO - Processing file /Users/nitishbhattad/anaconda3/envs/flight-pipeline/lib/python3.11/site-packages/airflow/example_dags/tutorial_taskflow_api.py for tasks to queue
[2026-06-06T20:34:26.441-0400] {logging_mixin.py:188} INFO - [2026-06-06T20:34:26.441-0400] {dagbag.py:538} INFO - Filling up the DagBag from /Users/nitishbhattad/anaconda3/envs/flight-pipeline/lib/python3.11/site-packages/airflow/example_dags/tutorial_taskflow_api.py
[2026-06-06T20:34:26.454-0400] {processor.py:840} INFO - DAG(s) 'tutorial_taskflow_api' retrieved from /Users/nitishbhattad/anaconda3/envs/flight-pipeline/lib/python3.11/site-packages/airflow/example_dags/tutorial_taskflow_api.py
[2026-06-06T20:34:26.525-0400] {logging_mixin.py:188} INFO - [2026-06-06T20:34:26.525-0400] {dag.py:3036} INFO - Sync 1 DAGs
[2026-06-06T20:34:26.529-0400] {logging_mixin.py:188} INFO - [2026-06-06T20:34:26.528-0400] {dag.py:3823} INFO - Setting next_dagrun for tutorial_taskflow_api to None, run_after=None
[2026-06-06T20:34:26.538-0400] {processor.py:183} INFO - Processing /Users/nitishbhattad/anaconda3/envs/flight-pipeline/lib/python3.11/site-packages/airflow/example_dags/tutorial_taskflow_api.py took 0.100 seconds
[2026-06-06T20:35:23.549-0400] {processor.py:161} INFO - Started process (PID=65114) to work on /Users/nitishbhattad/anaconda3/envs/flight-pipeline/lib/python3.11/site-packages/airflow/example_dags/tutorial_taskflow_api.py
[2026-06-06T20:35:23.551-0400] {processor.py:830} INFO - Processing file /Users/nitishbhattad/anaconda3/envs/flight-pipeline/lib/python3.11/site-packages/airflow/example_dags/tutorial_taskflow_api.py for tasks to queue
[2026-06-06T20:35:23.551-0400] {logging_mixin.py:188} INFO - [2026-06-06T20:35:23.551-0400] {dagbag.py:538} INFO - Filling up the DagBag from /Users/nitishbhattad/anaconda3/envs/flight-pipeline/lib/python3.11/site-packages/airflow/example_dags/tutorial_taskflow_api.py
[2026-06-06T20:35:23.566-0400] {processor.py:840} INFO - DAG(s) 'tutorial_taskflow_api' retrieved from /Users/nitishbhattad/anaconda3/envs/flight-pipeline/lib/python3.11/site-packages/airflow/example_dags/tutorial_taskflow_api.py
[2026-06-06T20:35:23.720-0400] {logging_mixin.py:188} INFO - [2026-06-06T20:35:23.720-0400] {dag.py:3036} INFO - Sync 1 DAGs
[2026-06-06T20:35:23.724-0400] {logging_mixin.py:188} INFO - [2026-06-06T20:35:23.724-0400] {dag.py:3823} INFO - Setting next_dagrun for tutorial_taskflow_api to None, run_after=None
[2026-06-06T20:35:23.733-0400] {processor.py:183} INFO - Processing /Users/nitishbhattad/anaconda3/envs/flight-pipeline/lib/python3.11/site-packages/airflow/example_dags/tutorial_taskflow_api.py took 0.184 seconds
[2026-06-06T20:36:25.693-0400] {processor.py:161} INFO - Started process (PID=65205) to work on /Users/nitishbhattad/anaconda3/envs/flight-pipeline/lib/python3.11/site-packages/airflow/example_dags/tutorial_taskflow_api.py
[2026-06-06T20:36:25.694-0400] {processor.py:830} INFO - Processing file /Users/nitishbhattad/anaconda3/envs/flight-pipeline/lib/python3.11/site-packages/airflow/example_dags/tutorial_taskflow_api.py for tasks to queue
[2026-06-06T20:36:25.694-0400] {logging_mixin.py:188} INFO - [2026-06-06T20:36:25.694-0400] {dagbag.py:538} INFO - Filling up the DagBag from /Users/nitishbhattad/anaconda3/envs/flight-pipeline/lib/python3.11/site-packages/airflow/example_dags/tutorial_taskflow_api.py
[2026-06-06T20:36:25.715-0400] {processor.py:840} INFO - DAG(s) 'tutorial_taskflow_api' retrieved from /Users/nitishbhattad/anaconda3/envs/flight-pipeline/lib/python3.11/site-packages/airflow/example_dags/tutorial_taskflow_api.py
[2026-06-06T20:36:25.785-0400] {logging_mixin.py:188} INFO - [2026-06-06T20:36:25.785-0400] {dag.py:3036} INFO - Sync 1 DAGs
[2026-06-06T20:36:25.789-0400] {logging_mixin.py:188} INFO - [2026-06-06T20:36:25.789-0400] {dag.py:3823} INFO - Setting next_dagrun for tutorial_taskflow_api to None, run_after=None
[2026-06-06T20:36:25.799-0400] {processor.py:183} INFO - Processing /Users/nitishbhattad/anaconda3/envs/flight-pipeline/lib/python3.11/site-packages/airflow/example_dags/tutorial_taskflow_api.py took 0.107 seconds
[2026-06-06T20:37:31.432-0400] {processor.py:161} INFO - Started process (PID=65310) to work on /Users/nitishbhattad/anaconda3/envs/flight-pipeline/lib/python3.11/site-packages/airflow/example_dags/tutorial_taskflow_api.py
[2026-06-06T20:37:31.433-0400] {processor.py:830} INFO - Processing file /Users/nitishbhattad/anaconda3/envs/flight-pipeline/lib/python3.11/site-packages/airflow/example_dags/tutorial_taskflow_api.py for tasks to queue
[2026-06-06T20:37:31.433-0400] {logging_mixin.py:188} INFO - [2026-06-06T20:37:31.433-0400] {dagbag.py:538} INFO - Filling up the DagBag from /Users/nitishbhattad/anaconda3/envs/flight-pipeline/lib/python3.11/site-packages/airflow/example_dags/tutorial_taskflow_api.py
[2026-06-06T20:37:31.447-0400] {processor.py:840} INFO - DAG(s) 'tutorial_taskflow_api' retrieved from /Users/nitishbhattad/anaconda3/envs/flight-pipeline/lib/python3.11/site-packages/airflow/example_dags/tutorial_taskflow_api.py
[2026-06-06T20:37:31.516-0400] {logging_mixin.py:188} INFO - [2026-06-06T20:37:31.516-0400] {dag.py:3036} INFO - Sync 1 DAGs
[2026-06-06T20:37:31.519-0400] {logging_mixin.py:188} INFO - [2026-06-06T20:37:31.519-0400] {dag.py:3823} INFO - Setting next_dagrun for tutorial_taskflow_api to None, run_after=None
[2026-06-06T20:37:31.530-0400] {processor.py:183} INFO - Processing /Users/nitishbhattad/anaconda3/envs/flight-pipeline/lib/python3.11/site-packages/airflow/example_dags/tutorial_taskflow_api.py took 0.099 seconds
[2026-06-06T20:38:35.853-0400] {processor.py:161} INFO - Started process (PID=65406) to work on /Users/nitishbhattad/anaconda3/envs/flight-pipeline/lib/python3.11/site-packages/airflow/example_dags/tutorial_taskflow_api.py
[2026-06-06T20:38:35.854-0400] {processor.py:830} INFO - Processing file /Users/nitishbhattad/anaconda3/envs/flight-pipeline/lib/python3.11/site-packages/airflow/example_dags/tutorial_taskflow_api.py for tasks to queue
[2026-06-06T20:38:35.854-0400] {logging_mixin.py:188} INFO - [2026-06-06T20:38:35.854-0400] {dagbag.py:538} INFO - Filling up the DagBag from /Users/nitishbhattad/anaconda3/envs/flight-pipeline/lib/python3.11/site-packages/airflow/example_dags/tutorial_taskflow_api.py
[2026-06-06T20:38:35.868-0400] {processor.py:840} INFO - DAG(s) 'tutorial_taskflow_api' retrieved from /Users/nitishbhattad/anaconda3/envs/flight-pipeline/lib/python3.11/site-packages/airflow/example_dags/tutorial_taskflow_api.py
[2026-06-06T20:38:35.931-0400] {logging_mixin.py:188} INFO - [2026-06-06T20:38:35.930-0400] {dag.py:3036} INFO - Sync 1 DAGs
[2026-06-06T20:38:35.934-0400] {logging_mixin.py:188} INFO - [2026-06-06T20:38:35.934-0400] {dag.py:3823} INFO - Setting next_dagrun for tutorial_taskflow_api to None, run_after=None
[2026-06-06T20:38:35.941-0400] {processor.py:183} INFO - Processing /Users/nitishbhattad/anaconda3/envs/flight-pipeline/lib/python3.11/site-packages/airflow/example_dags/tutorial_taskflow_api.py took 0.089 seconds
[2026-06-06T20:39:37.275-0400] {processor.py:161} INFO - Started process (PID=65495) to work on /Users/nitishbhattad/anaconda3/envs/flight-pipeline/lib/python3.11/site-packages/airflow/example_dags/tutorial_taskflow_api.py
[2026-06-06T20:39:37.276-0400] {processor.py:830} INFO - Processing file /Users/nitishbhattad/anaconda3/envs/flight-pipeline/lib/python3.11/site-packages/airflow/example_dags/tutorial_taskflow_api.py for tasks to queue
[2026-06-06T20:39:37.277-0400] {logging_mixin.py:188} INFO - [2026-06-06T20:39:37.277-0400] {dagbag.py:538} INFO - Filling up the DagBag from /Users/nitishbhattad/anaconda3/envs/flight-pipeline/lib/python3.11/site-packages/airflow/example_dags/tutorial_taskflow_api.py
[2026-06-06T20:39:37.293-0400] {processor.py:840} INFO - DAG(s) 'tutorial_taskflow_api' retrieved from /Users/nitishbhattad/anaconda3/envs/flight-pipeline/lib/python3.11/site-packages/airflow/example_dags/tutorial_taskflow_api.py
[2026-06-06T20:39:37.360-0400] {logging_mixin.py:188} INFO - [2026-06-06T20:39:37.360-0400] {dag.py:3036} INFO - Sync 1 DAGs
[2026-06-06T20:39:37.363-0400] {logging_mixin.py:188} INFO - [2026-06-06T20:39:37.363-0400] {dag.py:3823} INFO - Setting next_dagrun for tutorial_taskflow_api to None, run_after=None
[2026-06-06T20:39:37.371-0400] {processor.py:183} INFO - Processing /Users/nitishbhattad/anaconda3/envs/flight-pipeline/lib/python3.11/site-packages/airflow/example_dags/tutorial_taskflow_api.py took 0.097 seconds
[2026-06-06T20:40:42.413-0400] {processor.py:161} INFO - Started process (PID=65655) to work on /Users/nitishbhattad/anaconda3/envs/flight-pipeline/lib/python3.11/site-packages/airflow/example_dags/tutorial_taskflow_api.py
[2026-06-06T20:40:42.414-0400] {processor.py:830} INFO - Processing file /Users/nitishbhattad/anaconda3/envs/flight-pipeline/lib/python3.11/site-packages/airflow/example_dags/tutorial_taskflow_api.py for tasks to queue
[2026-06-06T20:40:42.414-0400] {logging_mixin.py:188} INFO - [2026-06-06T20:40:42.414-0400] {dagbag.py:538} INFO - Filling up the DagBag from /Users/nitishbhattad/anaconda3/envs/flight-pipeline/lib/python3.11/site-packages/airflow/example_dags/tutorial_taskflow_api.py
[2026-06-06T20:40:42.428-0400] {processor.py:840} INFO - DAG(s) 'tutorial_taskflow_api' retrieved from /Users/nitishbhattad/anaconda3/envs/flight-pipeline/lib/python3.11/site-packages/airflow/example_dags/tutorial_taskflow_api.py
[2026-06-06T20:40:42.490-0400] {logging_mixin.py:188} INFO - [2026-06-06T20:40:42.490-0400] {dag.py:3036} INFO - Sync 1 DAGs
[2026-06-06T20:40:42.493-0400] {logging_mixin.py:188} INFO - [2026-06-06T20:40:42.493-0400] {dag.py:3823} INFO - Setting next_dagrun for tutorial_taskflow_api to None, run_after=None
[2026-06-06T20:40:42.500-0400] {processor.py:183} INFO - Processing /Users/nitishbhattad/anaconda3/envs/flight-pipeline/lib/python3.11/site-packages/airflow/example_dags/tutorial_taskflow_api.py took 0.088 seconds
[2026-06-06T20:41:49.646-0400] {processor.py:161} INFO - Started process (PID=65760) to work on /Users/nitishbhattad/anaconda3/envs/flight-pipeline/lib/python3.11/site-packages/airflow/example_dags/tutorial_taskflow_api.py
[2026-06-06T20:41:49.648-0400] {processor.py:830} INFO - Processing file /Users/nitishbhattad/anaconda3/envs/flight-pipeline/lib/python3.11/site-packages/airflow/example_dags/tutorial_taskflow_api.py for tasks to queue
[2026-06-06T20:41:49.648-0400] {logging_mixin.py:188} INFO - [2026-06-06T20:41:49.648-0400] {dagbag.py:538} INFO - Filling up the DagBag from /Users/nitishbhattad/anaconda3/envs/flight-pipeline/lib/python3.11/site-packages/airflow/example_dags/tutorial_taskflow_api.py
[2026-06-06T20:41:49.667-0400] {processor.py:840} INFO - DAG(s) 'tutorial_taskflow_api' retrieved from /Users/nitishbhattad/anaconda3/envs/flight-pipeline/lib/python3.11/site-packages/airflow/example_dags/tutorial_taskflow_api.py
[2026-06-06T20:41:49.743-0400] {logging_mixin.py:188} INFO - [2026-06-06T20:41:49.742-0400] {dag.py:3036} INFO - Sync 1 DAGs
[2026-06-06T20:41:49.746-0400] {logging_mixin.py:188} INFO - [2026-06-06T20:41:49.746-0400] {dag.py:3823} INFO - Setting next_dagrun for tutorial_taskflow_api to None, run_after=None
[2026-06-06T20:41:49.766-0400] {processor.py:183} INFO - Processing /Users/nitishbhattad/anaconda3/envs/flight-pipeline/lib/python3.11/site-packages/airflow/example_dags/tutorial_taskflow_api.py took 0.121 seconds
[2026-06-06T20:42:47.442-0400] {processor.py:161} INFO - Started process (PID=65847) to work on /Users/nitishbhattad/anaconda3/envs/flight-pipeline/lib/python3.11/site-packages/airflow/example_dags/tutorial_taskflow_api.py
[2026-06-06T20:42:47.444-0400] {processor.py:830} INFO - Processing file /Users/nitishbhattad/anaconda3/envs/flight-pipeline/lib/python3.11/site-packages/airflow/example_dags/tutorial_taskflow_api.py for tasks to queue
[2026-06-06T20:42:47.444-0400] {logging_mixin.py:188} INFO - [2026-06-06T20:42:47.444-0400] {dagbag.py:538} INFO - Filling up the DagBag from /Users/nitishbhattad/anaconda3/envs/flight-pipeline/lib/python3.11/site-packages/airflow/example_dags/tutorial_taskflow_api.py
[2026-06-06T20:42:47.458-0400] {processor.py:840} INFO - DAG(s) 'tutorial_taskflow_api' retrieved from /Users/nitishbhattad/anaconda3/envs/flight-pipeline/lib/python3.11/site-packages/airflow/example_dags/tutorial_taskflow_api.py
[2026-06-06T20:42:47.522-0400] {logging_mixin.py:188} INFO - [2026-06-06T20:42:47.522-0400] {dag.py:3036} INFO - Sync 1 DAGs
[2026-06-06T20:42:47.525-0400] {logging_mixin.py:188} INFO - [2026-06-06T20:42:47.525-0400] {dag.py:3823} INFO - Setting next_dagrun for tutorial_taskflow_api to None, run_after=None
[2026-06-06T20:42:47.533-0400] {processor.py:183} INFO - Processing /Users/nitishbhattad/anaconda3/envs/flight-pipeline/lib/python3.11/site-packages/airflow/example_dags/tutorial_taskflow_api.py took 0.091 seconds
[2026-06-06T20:43:47.102-0400] {processor.py:161} INFO - Started process (PID=65936) to work on /Users/nitishbhattad/anaconda3/envs/flight-pipeline/lib/python3.11/site-packages/airflow/example_dags/tutorial_taskflow_api.py
[2026-06-06T20:43:47.103-0400] {processor.py:830} INFO - Processing file /Users/nitishbhattad/anaconda3/envs/flight-pipeline/lib/python3.11/site-packages/airflow/example_dags/tutorial_taskflow_api.py for tasks to queue
[2026-06-06T20:43:47.103-0400] {logging_mixin.py:188} INFO - [2026-06-06T20:43:47.103-0400] {dagbag.py:538} INFO - Filling up the DagBag from /Users/nitishbhattad/anaconda3/envs/flight-pipeline/lib/python3.11/site-packages/airflow/example_dags/tutorial_taskflow_api.py
[2026-06-06T20:43:47.117-0400] {processor.py:840} INFO - DAG(s) 'tutorial_taskflow_api' retrieved from /Users/nitishbhattad/anaconda3/envs/flight-pipeline/lib/python3.11/site-packages/airflow/example_dags/tutorial_taskflow_api.py
[2026-06-06T20:43:47.217-0400] {logging_mixin.py:188} INFO - [2026-06-06T20:43:47.217-0400] {dag.py:3036} INFO - Sync 1 DAGs
[2026-06-06T20:43:47.221-0400] {logging_mixin.py:188} INFO - [2026-06-06T20:43:47.220-0400] {dag.py:3823} INFO - Setting next_dagrun for tutorial_taskflow_api to None, run_after=None
[2026-06-06T20:43:47.230-0400] {processor.py:183} INFO - Processing /Users/nitishbhattad/anaconda3/envs/flight-pipeline/lib/python3.11/site-packages/airflow/example_dags/tutorial_taskflow_api.py took 0.129 seconds
[2026-06-06T20:44:51.895-0400] {processor.py:161} INFO - Started process (PID=66030) to work on /Users/nitishbhattad/anaconda3/envs/flight-pipeline/lib/python3.11/site-packages/airflow/example_dags/tutorial_taskflow_api.py
[2026-06-06T20:44:51.897-0400] {processor.py:830} INFO - Processing file /Users/nitishbhattad/anaconda3/envs/flight-pipeline/lib/python3.11/site-packages/airflow/example_dags/tutorial_taskflow_api.py for tasks to queue
[2026-06-06T20:44:51.897-0400] {logging_mixin.py:188} INFO - [2026-06-06T20:44:51.897-0400] {dagbag.py:538} INFO - Filling up the DagBag from /Users/nitishbhattad/anaconda3/envs/flight-pipeline/lib/python3.11/site-packages/airflow/example_dags/tutorial_taskflow_api.py
[2026-06-06T20:44:51.914-0400] {processor.py:840} INFO - DAG(s) 'tutorial_taskflow_api' retrieved from /Users/nitishbhattad/anaconda3/envs/flight-pipeline/lib/python3.11/site-packages/airflow/example_dags/tutorial_taskflow_api.py
[2026-06-06T20:44:51.982-0400] {logging_mixin.py:188} INFO - [2026-06-06T20:44:51.982-0400] {dag.py:3036} INFO - Sync 1 DAGs
[2026-06-06T20:44:51.985-0400] {logging_mixin.py:188} INFO - [2026-06-06T20:44:51.985-0400] {dag.py:3823} INFO - Setting next_dagrun for tutorial_taskflow_api to None, run_after=None
[2026-06-06T20:44:51.994-0400] {processor.py:183} INFO - Processing /Users/nitishbhattad/anaconda3/envs/flight-pipeline/lib/python3.11/site-packages/airflow/example_dags/tutorial_taskflow_api.py took 0.100 seconds
[2026-06-06T20:45:53.959-0400] {processor.py:161} INFO - Started process (PID=66120) to work on /Users/nitishbhattad/anaconda3/envs/flight-pipeline/lib/python3.11/site-packages/airflow/example_dags/tutorial_taskflow_api.py
[2026-06-06T20:45:53.960-0400] {processor.py:830} INFO - Processing file /Users/nitishbhattad/anaconda3/envs/flight-pipeline/lib/python3.11/site-packages/airflow/example_dags/tutorial_taskflow_api.py for tasks to queue
[2026-06-06T20:45:53.960-0400] {logging_mixin.py:188} INFO - [2026-06-06T20:45:53.960-0400] {dagbag.py:538} INFO - Filling up the DagBag from /Users/nitishbhattad/anaconda3/envs/flight-pipeline/lib/python3.11/site-packages/airflow/example_dags/tutorial_taskflow_api.py
[2026-06-06T20:45:53.974-0400] {processor.py:840} INFO - DAG(s) 'tutorial_taskflow_api' retrieved from /Users/nitishbhattad/anaconda3/envs/flight-pipeline/lib/python3.11/site-packages/airflow/example_dags/tutorial_taskflow_api.py
[2026-06-06T20:45:54.036-0400] {logging_mixin.py:188} INFO - [2026-06-06T20:45:54.036-0400] {dag.py:3036} INFO - Sync 1 DAGs
[2026-06-06T20:45:54.039-0400] {logging_mixin.py:188} INFO - [2026-06-06T20:45:54.039-0400] {dag.py:3823} INFO - Setting next_dagrun for tutorial_taskflow_api to None, run_after=None
[2026-06-06T20:45:54.047-0400] {processor.py:183} INFO - Processing /Users/nitishbhattad/anaconda3/envs/flight-pipeline/lib/python3.11/site-packages/airflow/example_dags/tutorial_taskflow_api.py took 0.090 seconds
[2026-06-06T20:46:57.363-0400] {processor.py:161} INFO - Started process (PID=66222) to work on /Users/nitishbhattad/anaconda3/envs/flight-pipeline/lib/python3.11/site-packages/airflow/example_dags/tutorial_taskflow_api.py
[2026-06-06T20:46:57.365-0400] {processor.py:830} INFO - Processing file /Users/nitishbhattad/anaconda3/envs/flight-pipeline/lib/python3.11/site-packages/airflow/example_dags/tutorial_taskflow_api.py for tasks to queue
[2026-06-06T20:46:57.366-0400] {logging_mixin.py:188} INFO - [2026-06-06T20:46:57.366-0400] {dagbag.py:538} INFO - Filling up the DagBag from /Users/nitishbhattad/anaconda3/envs/flight-pipeline/lib/python3.11/site-packages/airflow/example_dags/tutorial_taskflow_api.py
[2026-06-06T20:46:57.389-0400] {processor.py:840} INFO - DAG(s) 'tutorial_taskflow_api' retrieved from /Users/nitishbhattad/anaconda3/envs/flight-pipeline/lib/python3.11/site-packages/airflow/example_dags/tutorial_taskflow_api.py
[2026-06-06T20:46:57.487-0400] {logging_mixin.py:188} INFO - [2026-06-06T20:46:57.487-0400] {dag.py:3036} INFO - Sync 1 DAGs
[2026-06-06T20:46:57.492-0400] {logging_mixin.py:188} INFO - [2026-06-06T20:46:57.492-0400] {dag.py:3823} INFO - Setting next_dagrun for tutorial_taskflow_api to None, run_after=None
[2026-06-06T20:46:57.503-0400] {processor.py:183} INFO - Processing /Users/nitishbhattad/anaconda3/envs/flight-pipeline/lib/python3.11/site-packages/airflow/example_dags/tutorial_taskflow_api.py took 0.140 seconds
[2026-06-06T20:47:56.856-0400] {processor.py:161} INFO - Started process (PID=66316) to work on /Users/nitishbhattad/anaconda3/envs/flight-pipeline/lib/python3.11/site-packages/airflow/example_dags/tutorial_taskflow_api.py
[2026-06-06T20:47:56.859-0400] {processor.py:830} INFO - Processing file /Users/nitishbhattad/anaconda3/envs/flight-pipeline/lib/python3.11/site-packages/airflow/example_dags/tutorial_taskflow_api.py for tasks to queue
[2026-06-06T20:47:56.859-0400] {logging_mixin.py:188} INFO - [2026-06-06T20:47:56.859-0400] {dagbag.py:538} INFO - Filling up the DagBag from /Users/nitishbhattad/anaconda3/envs/flight-pipeline/lib/python3.11/site-packages/airflow/example_dags/tutorial_taskflow_api.py
[2026-06-06T20:47:56.875-0400] {processor.py:840} INFO - DAG(s) 'tutorial_taskflow_api' retrieved from /Users/nitishbhattad/anaconda3/envs/flight-pipeline/lib/python3.11/site-packages/airflow/example_dags/tutorial_taskflow_api.py
[2026-06-06T20:47:56.945-0400] {logging_mixin.py:188} INFO - [2026-06-06T20:47:56.945-0400] {dag.py:3036} INFO - Sync 1 DAGs
[2026-06-06T20:47:56.949-0400] {logging_mixin.py:188} INFO - [2026-06-06T20:47:56.949-0400] {dag.py:3823} INFO - Setting next_dagrun for tutorial_taskflow_api to None, run_after=None
[2026-06-06T20:47:56.957-0400] {processor.py:183} INFO - Processing /Users/nitishbhattad/anaconda3/envs/flight-pipeline/lib/python3.11/site-packages/airflow/example_dags/tutorial_taskflow_api.py took 0.102 seconds
[2026-06-06T20:48:57.600-0400] {processor.py:161} INFO - Started process (PID=66421) to work on /Users/nitishbhattad/anaconda3/envs/flight-pipeline/lib/python3.11/site-packages/airflow/example_dags/tutorial_taskflow_api.py
[2026-06-06T20:48:57.601-0400] {processor.py:830} INFO - Processing file /Users/nitishbhattad/anaconda3/envs/flight-pipeline/lib/python3.11/site-packages/airflow/example_dags/tutorial_taskflow_api.py for tasks to queue
[2026-06-06T20:48:57.601-0400] {logging_mixin.py:188} INFO - [2026-06-06T20:48:57.601-0400] {dagbag.py:538} INFO - Filling up the DagBag from /Users/nitishbhattad/anaconda3/envs/flight-pipeline/lib/python3.11/site-packages/airflow/example_dags/tutorial_taskflow_api.py
[2026-06-06T20:48:57.616-0400] {processor.py:840} INFO - DAG(s) 'tutorial_taskflow_api' retrieved from /Users/nitishbhattad/anaconda3/envs/flight-pipeline/lib/python3.11/site-packages/airflow/example_dags/tutorial_taskflow_api.py
[2026-06-06T20:48:57.677-0400] {logging_mixin.py:188} INFO - [2026-06-06T20:48:57.677-0400] {dag.py:3036} INFO - Sync 1 DAGs
[2026-06-06T20:48:57.680-0400] {logging_mixin.py:188} INFO - [2026-06-06T20:48:57.680-0400] {dag.py:3823} INFO - Setting next_dagrun for tutorial_taskflow_api to None, run_after=None
[2026-06-06T20:48:57.687-0400] {processor.py:183} INFO - Processing /Users/nitishbhattad/anaconda3/envs/flight-pipeline/lib/python3.11/site-packages/airflow/example_dags/tutorial_taskflow_api.py took 0.089 seconds
[2026-06-06T20:49:56.218-0400] {processor.py:161} INFO - Started process (PID=66526) to work on /Users/nitishbhattad/anaconda3/envs/flight-pipeline/lib/python3.11/site-packages/airflow/example_dags/tutorial_taskflow_api.py
[2026-06-06T20:49:56.219-0400] {processor.py:830} INFO - Processing file /Users/nitishbhattad/anaconda3/envs/flight-pipeline/lib/python3.11/site-packages/airflow/example_dags/tutorial_taskflow_api.py for tasks to queue
[2026-06-06T20:49:56.220-0400] {logging_mixin.py:188} INFO - [2026-06-06T20:49:56.220-0400] {dagbag.py:538} INFO - Filling up the DagBag from /Users/nitishbhattad/anaconda3/envs/flight-pipeline/lib/python3.11/site-packages/airflow/example_dags/tutorial_taskflow_api.py
[2026-06-06T20:49:56.238-0400] {processor.py:840} INFO - DAG(s) 'tutorial_taskflow_api' retrieved from /Users/nitishbhattad/anaconda3/envs/flight-pipeline/lib/python3.11/site-packages/airflow/example_dags/tutorial_taskflow_api.py
[2026-06-06T20:49:56.361-0400] {logging_mixin.py:188} INFO - [2026-06-06T20:49:56.361-0400] {dag.py:3036} INFO - Sync 1 DAGs
[2026-06-06T20:49:56.364-0400] {logging_mixin.py:188} INFO - [2026-06-06T20:49:56.364-0400] {dag.py:3823} INFO - Setting next_dagrun for tutorial_taskflow_api to None, run_after=None
[2026-06-06T20:49:56.372-0400] {processor.py:183} INFO - Processing /Users/nitishbhattad/anaconda3/envs/flight-pipeline/lib/python3.11/site-packages/airflow/example_dags/tutorial_taskflow_api.py took 0.154 seconds
