[2026-06-06T20:18:28.661-0400] {processor.py:161} INFO - Started process (PID=63511) to work on /Users/nitishbhattad/anaconda3/envs/flight-pipeline/lib/python3.11/site-packages/airflow/example_dags/plugins/event_listener.py
[2026-06-06T20:18:28.662-0400] {processor.py:830} INFO - Processing file /Users/nitishbhattad/anaconda3/envs/flight-pipeline/lib/python3.11/site-packages/airflow/example_dags/plugins/event_listener.py for tasks to queue
[2026-06-06T20:18:28.662-0400] {logging_mixin.py:188} INFO - [2026-06-06T20:18:28.662-0400] {dagbag.py:538} INFO - Filling up the DagBag from /Users/nitishbhattad/anaconda3/envs/flight-pipeline/lib/python3.11/site-packages/airflow/example_dags/plugins/event_listener.py
[2026-06-06T20:18:28.663-0400] {processor.py:842} WARNING - No viable dags retrieved from /Users/nitishbhattad/anaconda3/envs/flight-pipeline/lib/python3.11/site-packages/airflow/example_dags/plugins/event_listener.py
[2026-06-06T20:18:28.719-0400] {processor.py:183} INFO - Processing /Users/nitishbhattad/anaconda3/envs/flight-pipeline/lib/python3.11/site-packages/airflow/example_dags/plugins/event_listener.py took 0.058 seconds
[2026-06-06T20:20:02.056-0400] {processor.py:161} INFO - Started process (PID=63668) to work on /Users/nitishbhattad/anaconda3/envs/flight-pipeline/lib/python3.11/site-packages/airflow/example_dags/plugins/event_listener.py
[2026-06-06T20:20:02.059-0400] {processor.py:830} INFO - Processing file /Users/nitishbhattad/anaconda3/envs/flight-pipeline/lib/python3.11/site-packages/airflow/example_dags/plugins/event_listener.py for tasks to queue
[2026-06-06T20:20:02.059-0400] {logging_mixin.py:188} INFO - [2026-06-06T20:20:02.059-0400] {dagbag.py:538} INFO - Filling up the DagBag from /Users/nitishbhattad/anaconda3/envs/flight-pipeline/lib/python3.11/site-packages/airflow/example_dags/plugins/event_listener.py
[2026-06-06T20:20:02.060-0400] {processor.py:842} WARNING - No viable dags retrieved from /Users/nitishbhattad/anaconda3/envs/flight-pipeline/lib/python3.11/site-packages/airflow/example_dags/plugins/event_listener.py
[2026-06-06T20:20:02.112-0400] {processor.py:183} INFO - Processing /Users/nitishbhattad/anaconda3/envs/flight-pipeline/lib/python3.11/site-packages/airflow/example_dags/plugins/event_listener.py took 0.057 seconds
[2026-06-06T20:21:04.711-0400] {processor.py:161} INFO - Started process (PID=63765) to work on /Users/nitishbhattad/anaconda3/envs/flight-pipeline/lib/python3.11/site-packages/airflow/example_dags/plugins/event_listener.py
[2026-06-06T20:21:04.712-0400] {processor.py:830} INFO - Processing file /Users/nitishbhattad/anaconda3/envs/flight-pipeline/lib/python3.11/site-packages/airflow/example_dags/plugins/event_listener.py for tasks to queue
[2026-06-06T20:21:04.713-0400] {logging_mixin.py:188} INFO - [2026-06-06T20:21:04.713-0400] {dagbag.py:538} INFO - Filling up the DagBag from /Users/nitishbhattad/anaconda3/envs/flight-pipeline/lib/python3.11/site-packages/airflow/example_dags/plugins/event_listener.py
[2026-06-06T20:21:04.713-0400] {processor.py:842} WARNING - No viable dags retrieved from /Users/nitishbhattad/anaconda3/envs/flight-pipeline/lib/python3.11/site-packages/airflow/example_dags/plugins/event_listener.py
[2026-06-06T20:21:04.779-0400] {processor.py:183} INFO - Processing /Users/nitishbhattad/anaconda3/envs/flight-pipeline/lib/python3.11/site-packages/airflow/example_dags/plugins/event_listener.py took 0.070 seconds
[2026-06-06T20:23:17.118-0400] {processor.py:161} INFO - Started process (PID=63991) to work on /Users/nitishbhattad/anaconda3/envs/flight-pipeline/lib/python3.11/site-packages/airflow/example_dags/plugins/event_listener.py
[2026-06-06T20:23:17.119-0400] {processor.py:830} INFO - Processing file /Users/nitishbhattad/anaconda3/envs/flight-pipeline/lib/python3.11/site-packages/airflow/example_dags/plugins/event_listener.py for tasks to queue
[2026-06-06T20:23:17.119-0400] {logging_mixin.py:188} INFO - [2026-06-06T20:23:17.119-0400] {dagbag.py:538} INFO - Filling up the DagBag from /Users/nitishbhattad/anaconda3/envs/flight-pipeline/lib/python3.11/site-packages/airflow/example_dags/plugins/event_listener.py
[2026-06-06T20:23:17.119-0400] {processor.py:842} WARNING - No viable dags retrieved from /Users/nitishbhattad/anaconda3/envs/flight-pipeline/lib/python3.11/site-packages/airflow/example_dags/plugins/event_listener.py
[2026-06-06T20:23:17.176-0400] {processor.py:183} INFO - Processing /Users/nitishbhattad/anaconda3/envs/flight-pipeline/lib/python3.11/site-packages/airflow/example_dags/plugins/event_listener.py took 0.059 seconds
[2026-06-06T20:24:29.966-0400] {processor.py:161} INFO - Started process (PID=64099) to work on /Users/nitishbhattad/anaconda3/envs/flight-pipeline/lib/python3.11/site-packages/airflow/example_dags/plugins/event_listener.py
[2026-06-06T20:24:29.966-0400] {processor.py:830} INFO - Processing file /Users/nitishbhattad/anaconda3/envs/flight-pipeline/lib/python3.11/site-packages/airflow/example_dags/plugins/event_listener.py for tasks to queue
[2026-06-06T20:24:29.967-0400] {logging_mixin.py:188} INFO - [2026-06-06T20:24:29.967-0400] {dagbag.py:538} INFO - Filling up the DagBag from /Users/nitishbhattad/anaconda3/envs/flight-pipeline/lib/python3.11/site-packages/airflow/example_dags/plugins/event_listener.py
[2026-06-06T20:24:29.968-0400] {processor.py:842} WARNING - No viable dags retrieved from /Users/nitishbhattad/anaconda3/envs/flight-pipeline/lib/python3.11/site-packages/airflow/example_dags/plugins/event_listener.py
[2026-06-06T20:24:30.048-0400] {processor.py:183} INFO - Processing /Users/nitishbhattad/anaconda3/envs/flight-pipeline/lib/python3.11/site-packages/airflow/example_dags/plugins/event_listener.py took 0.084 seconds
[2026-06-06T20:25:34.205-0400] {processor.py:161} INFO - Started process (PID=64210) to work on /Users/nitishbhattad/anaconda3/envs/flight-pipeline/lib/python3.11/site-packages/airflow/example_dags/plugins/event_listener.py
[2026-06-06T20:25:34.206-0400] {processor.py:830} INFO - Processing file /Users/nitishbhattad/anaconda3/envs/flight-pipeline/lib/python3.11/site-packages/airflow/example_dags/plugins/event_listener.py for tasks to queue
[2026-06-06T20:25:34.206-0400] {logging_mixin.py:188} INFO - [2026-06-06T20:25:34.206-0400] {dagbag.py:538} INFO - Filling up the DagBag from /Users/nitishbhattad/anaconda3/envs/flight-pipeline/lib/python3.11/site-packages/airflow/example_dags/plugins/event_listener.py
[2026-06-06T20:25:34.207-0400] {processor.py:842} WARNING - No viable dags retrieved from /Users/nitishbhattad/anaconda3/envs/flight-pipeline/lib/python3.11/site-packages/airflow/example_dags/plugins/event_listener.py
[2026-06-06T20:25:34.263-0400] {processor.py:183} INFO - Processing /Users/nitishbhattad/anaconda3/envs/flight-pipeline/lib/python3.11/site-packages/airflow/example_dags/plugins/event_listener.py took 0.059 seconds
[2026-06-06T20:26:44.801-0400] {processor.py:161} INFO - Started process (PID=64322) to work on /Users/nitishbhattad/anaconda3/envs/flight-pipeline/lib/python3.11/site-packages/airflow/example_dags/plugins/event_listener.py
[2026-06-06T20:26:44.802-0400] {processor.py:830} INFO - Processing file /Users/nitishbhattad/anaconda3/envs/flight-pipeline/lib/python3.11/site-packages/airflow/example_dags/plugins/event_listener.py for tasks to queue
[2026-06-06T20:26:44.802-0400] {logging_mixin.py:188} INFO - [2026-06-06T20:26:44.802-0400] {dagbag.py:538} INFO - Filling up the DagBag from /Users/nitishbhattad/anaconda3/envs/flight-pipeline/lib/python3.11/site-packages/airflow/example_dags/plugins/event_listener.py
[2026-06-06T20:26:44.803-0400] {processor.py:842} WARNING - No viable dags retrieved from /Users/nitishbhattad/anaconda3/envs/flight-pipeline/lib/python3.11/site-packages/airflow/example_dags/plugins/event_listener.py
[2026-06-06T20:26:44.873-0400] {processor.py:183} INFO - Processing /Users/nitishbhattad/anaconda3/envs/flight-pipeline/lib/python3.11/site-packages/airflow/example_dags/plugins/event_listener.py took 0.073 seconds
[2026-06-06T20:27:51.593-0400] {processor.py:161} INFO - Started process (PID=64443) to work on /Users/nitishbhattad/anaconda3/envs/flight-pipeline/lib/python3.11/site-packages/airflow/example_dags/plugins/event_listener.py
[2026-06-06T20:27:51.594-0400] {processor.py:830} INFO - Processing file /Users/nitishbhattad/anaconda3/envs/flight-pipeline/lib/python3.11/site-packages/airflow/example_dags/plugins/event_listener.py for tasks to queue
[2026-06-06T20:27:51.595-0400] {logging_mixin.py:188} INFO - [2026-06-06T20:27:51.595-0400] {dagbag.py:538} INFO - Filling up the DagBag from /Users/nitishbhattad/anaconda3/envs/flight-pipeline/lib/python3.11/site-packages/airflow/example_dags/plugins/event_listener.py
[2026-06-06T20:27:51.595-0400] {processor.py:842} WARNING - No viable dags retrieved from /Users/nitishbhattad/anaconda3/envs/flight-pipeline/lib/python3.11/site-packages/airflow/example_dags/plugins/event_listener.py
[2026-06-06T20:27:51.660-0400] {processor.py:183} INFO - Processing /Users/nitishbhattad/anaconda3/envs/flight-pipeline/lib/python3.11/site-packages/airflow/example_dags/plugins/event_listener.py took 0.068 seconds
[2026-06-06T20:28:51.373-0400] {processor.py:161} INFO - Started process (PID=64530) to work on /Users/nitishbhattad/anaconda3/envs/flight-pipeline/lib/python3.11/site-packages/airflow/example_dags/plugins/event_listener.py
[2026-06-06T20:28:51.373-0400] {processor.py:830} INFO - Processing file /Users/nitishbhattad/anaconda3/envs/flight-pipeline/lib/python3.11/site-packages/airflow/example_dags/plugins/event_listener.py for tasks to queue
[2026-06-06T20:28:51.374-0400] {logging_mixin.py:188} INFO - [2026-06-06T20:28:51.374-0400] {dagbag.py:538} INFO - Filling up the DagBag from /Users/nitishbhattad/anaconda3/envs/flight-pipeline/lib/python3.11/site-packages/airflow/example_dags/plugins/event_listener.py
[2026-06-06T20:28:51.374-0400] {processor.py:842} WARNING - No viable dags retrieved from /Users/nitishbhattad/anaconda3/envs/flight-pipeline/lib/python3.11/site-packages/airflow/example_dags/plugins/event_listener.py
[2026-06-06T20:28:51.428-0400] {processor.py:183} INFO - Processing /Users/nitishbhattad/anaconda3/envs/flight-pipeline/lib/python3.11/site-packages/airflow/example_dags/plugins/event_listener.py took 0.056 seconds
[2026-06-06T20:29:47.771-0400] {processor.py:161} INFO - Started process (PID=64616) to work on /Users/nitishbhattad/anaconda3/envs/flight-pipeline/lib/python3.11/site-packages/airflow/example_dags/plugins/event_listener.py
[2026-06-06T20:29:47.772-0400] {processor.py:830} INFO - Processing file /Users/nitishbhattad/anaconda3/envs/flight-pipeline/lib/python3.11/site-packages/airflow/example_dags/plugins/event_listener.py for tasks to queue
[2026-06-06T20:29:47.773-0400] {logging_mixin.py:188} INFO - [2026-06-06T20:29:47.773-0400] {dagbag.py:538} INFO - Filling up the DagBag from /Users/nitishbhattad/anaconda3/envs/flight-pipeline/lib/python3.11/site-packages/airflow/example_dags/plugins/event_listener.py
[2026-06-06T20:29:47.773-0400] {processor.py:842} WARNING - No viable dags retrieved from /Users/nitishbhattad/anaconda3/envs/flight-pipeline/lib/python3.11/site-packages/airflow/example_dags/plugins/event_listener.py
[2026-06-06T20:29:47.857-0400] {processor.py:183} INFO - Processing /Users/nitishbhattad/anaconda3/envs/flight-pipeline/lib/python3.11/site-packages/airflow/example_dags/plugins/event_listener.py took 0.087 seconds
[2026-06-06T20:30:59.978-0400] {processor.py:161} INFO - Started process (PID=64722) to work on /Users/nitishbhattad/anaconda3/envs/flight-pipeline/lib/python3.11/site-packages/airflow/example_dags/plugins/event_listener.py
[2026-06-06T20:30:59.979-0400] {processor.py:830} INFO - Processing file /Users/nitishbhattad/anaconda3/envs/flight-pipeline/lib/python3.11/site-packages/airflow/example_dags/plugins/event_listener.py for tasks to queue
[2026-06-06T20:30:59.979-0400] {logging_mixin.py:188} INFO - [2026-06-06T20:30:59.979-0400] {dagbag.py:538} INFO - Filling up the DagBag from /Users/nitishbhattad/anaconda3/envs/flight-pipeline/lib/python3.11/site-packages/airflow/example_dags/plugins/event_listener.py
[2026-06-06T20:30:59.980-0400] {processor.py:842} WARNING - No viable dags retrieved from /Users/nitishbhattad/anaconda3/envs/flight-pipeline/lib/python3.11/site-packages/airflow/example_dags/plugins/event_listener.py
[2026-06-06T20:31:00.066-0400] {processor.py:183} INFO - Processing /Users/nitishbhattad/anaconda3/envs/flight-pipeline/lib/python3.11/site-packages/airflow/example_dags/plugins/event_listener.py took 0.089 seconds
[2026-06-06T20:32:17.819-0400] {processor.py:161} INFO - Started process (PID=64841) to work on /Users/nitishbhattad/anaconda3/envs/flight-pipeline/lib/python3.11/site-packages/airflow/example_dags/plugins/event_listener.py
[2026-06-06T20:32:17.820-0400] {processor.py:830} INFO - Processing file /Users/nitishbhattad/anaconda3/envs/flight-pipeline/lib/python3.11/site-packages/airflow/example_dags/plugins/event_listener.py for tasks to queue
[2026-06-06T20:32:17.820-0400] {logging_mixin.py:188} INFO - [2026-06-06T20:32:17.820-0400] {dagbag.py:538} INFO - Filling up the DagBag from /Users/nitishbhattad/anaconda3/envs/flight-pipeline/lib/python3.11/site-packages/airflow/example_dags/plugins/event_listener.py
[2026-06-06T20:32:17.821-0400] {processor.py:842} WARNING - No viable dags retrieved from /Users/nitishbhattad/anaconda3/envs/flight-pipeline/lib/python3.11/site-packages/airflow/example_dags/plugins/event_listener.py
[2026-06-06T20:32:17.875-0400] {processor.py:183} INFO - Processing /Users/nitishbhattad/anaconda3/envs/flight-pipeline/lib/python3.11/site-packages/airflow/example_dags/plugins/event_listener.py took 0.057 seconds
[2026-06-06T20:33:20.189-0400] {processor.py:161} INFO - Started process (PID=64927) to work on /Users/nitishbhattad/anaconda3/envs/flight-pipeline/lib/python3.11/site-packages/airflow/example_dags/plugins/event_listener.py
[2026-06-06T20:33:20.190-0400] {processor.py:830} INFO - Processing file /Users/nitishbhattad/anaconda3/envs/flight-pipeline/lib/python3.11/site-packages/airflow/example_dags/plugins/event_listener.py for tasks to queue
[2026-06-06T20:33:20.191-0400] {logging_mixin.py:188} INFO - [2026-06-06T20:33:20.191-0400] {dagbag.py:538} INFO - Filling up the DagBag from /Users/nitishbhattad/anaconda3/envs/flight-pipeline/lib/python3.11/site-packages/airflow/example_dags/plugins/event_listener.py
[2026-06-06T20:33:20.191-0400] {processor.py:842} WARNING - No viable dags retrieved from /Users/nitishbhattad/anaconda3/envs/flight-pipeline/lib/python3.11/site-packages/airflow/example_dags/plugins/event_listener.py
[2026-06-06T20:33:20.248-0400] {processor.py:183} INFO - Processing /Users/nitishbhattad/anaconda3/envs/flight-pipeline/lib/python3.11/site-packages/airflow/example_dags/plugins/event_listener.py took 0.061 seconds
[2026-06-06T20:34:22.631-0400] {processor.py:161} INFO - Started process (PID=65020) to work on /Users/nitishbhattad/anaconda3/envs/flight-pipeline/lib/python3.11/site-packages/airflow/example_dags/plugins/event_listener.py
[2026-06-06T20:34:22.632-0400] {processor.py:830} INFO - Processing file /Users/nitishbhattad/anaconda3/envs/flight-pipeline/lib/python3.11/site-packages/airflow/example_dags/plugins/event_listener.py for tasks to queue
[2026-06-06T20:34:22.633-0400] {logging_mixin.py:188} INFO - [2026-06-06T20:34:22.633-0400] {dagbag.py:538} INFO - Filling up the DagBag from /Users/nitishbhattad/anaconda3/envs/flight-pipeline/lib/python3.11/site-packages/airflow/example_dags/plugins/event_listener.py
[2026-06-06T20:34:22.633-0400] {processor.py:842} WARNING - No viable dags retrieved from /Users/nitishbhattad/anaconda3/envs/flight-pipeline/lib/python3.11/site-packages/airflow/example_dags/plugins/event_listener.py
[2026-06-06T20:34:22.687-0400] {processor.py:183} INFO - Processing /Users/nitishbhattad/anaconda3/envs/flight-pipeline/lib/python3.11/site-packages/airflow/example_dags/plugins/event_listener.py took 0.057 seconds
[2026-06-06T20:35:20.587-0400] {processor.py:161} INFO - Started process (PID=65112) to work on /Users/nitishbhattad/anaconda3/envs/flight-pipeline/lib/python3.11/site-packages/airflow/example_dags/plugins/event_listener.py
[2026-06-06T20:35:20.588-0400] {processor.py:830} INFO - Processing file /Users/nitishbhattad/anaconda3/envs/flight-pipeline/lib/python3.11/site-packages/airflow/example_dags/plugins/event_listener.py for tasks to queue
[2026-06-06T20:35:20.588-0400] {logging_mixin.py:188} INFO - [2026-06-06T20:35:20.588-0400] {dagbag.py:538} INFO - Filling up the DagBag from /Users/nitishbhattad/anaconda3/envs/flight-pipeline/lib/python3.11/site-packages/airflow/example_dags/plugins/event_listener.py
[2026-06-06T20:35:20.588-0400] {processor.py:842} WARNING - No viable dags retrieved from /Users/nitishbhattad/anaconda3/envs/flight-pipeline/lib/python3.11/site-packages/airflow/example_dags/plugins/event_listener.py
[2026-06-06T20:35:20.643-0400] {processor.py:183} INFO - Processing /Users/nitishbhattad/anaconda3/envs/flight-pipeline/lib/python3.11/site-packages/airflow/example_dags/plugins/event_listener.py took 0.057 seconds
[2026-06-06T20:36:21.292-0400] {processor.py:161} INFO - Started process (PID=65200) to work on /Users/nitishbhattad/anaconda3/envs/flight-pipeline/lib/python3.11/site-packages/airflow/example_dags/plugins/event_listener.py
[2026-06-06T20:36:21.293-0400] {processor.py:830} INFO - Processing file /Users/nitishbhattad/anaconda3/envs/flight-pipeline/lib/python3.11/site-packages/airflow/example_dags/plugins/event_listener.py for tasks to queue
[2026-06-06T20:36:21.294-0400] {logging_mixin.py:188} INFO - [2026-06-06T20:36:21.293-0400] {dagbag.py:538} INFO - Filling up the DagBag from /Users/nitishbhattad/anaconda3/envs/flight-pipeline/lib/python3.11/site-packages/airflow/example_dags/plugins/event_listener.py
[2026-06-06T20:36:21.294-0400] {processor.py:842} WARNING - No viable dags retrieved from /Users/nitishbhattad/anaconda3/envs/flight-pipeline/lib/python3.11/site-packages/airflow/example_dags/plugins/event_listener.py
[2026-06-06T20:36:21.366-0400] {processor.py:183} INFO - Processing /Users/nitishbhattad/anaconda3/envs/flight-pipeline/lib/python3.11/site-packages/airflow/example_dags/plugins/event_listener.py took 0.075 seconds
[2026-06-06T20:37:28.911-0400] {processor.py:161} INFO - Started process (PID=65302) to work on /Users/nitishbhattad/anaconda3/envs/flight-pipeline/lib/python3.11/site-packages/airflow/example_dags/plugins/event_listener.py
[2026-06-06T20:37:28.914-0400] {processor.py:830} INFO - Processing file /Users/nitishbhattad/anaconda3/envs/flight-pipeline/lib/python3.11/site-packages/airflow/example_dags/plugins/event_listener.py for tasks to queue
[2026-06-06T20:37:28.914-0400] {logging_mixin.py:188} INFO - [2026-06-06T20:37:28.914-0400] {dagbag.py:538} INFO - Filling up the DagBag from /Users/nitishbhattad/anaconda3/envs/flight-pipeline/lib/python3.11/site-packages/airflow/example_dags/plugins/event_listener.py
[2026-06-06T20:37:28.915-0400] {processor.py:842} WARNING - No viable dags retrieved from /Users/nitishbhattad/anaconda3/envs/flight-pipeline/lib/python3.11/site-packages/airflow/example_dags/plugins/event_listener.py
[2026-06-06T20:37:28.978-0400] {processor.py:183} INFO - Processing /Users/nitishbhattad/anaconda3/envs/flight-pipeline/lib/python3.11/site-packages/airflow/example_dags/plugins/event_listener.py took 0.068 seconds
[2026-06-06T20:38:32.325-0400] {processor.py:161} INFO - Started process (PID=65401) to work on /Users/nitishbhattad/anaconda3/envs/flight-pipeline/lib/python3.11/site-packages/airflow/example_dags/plugins/event_listener.py
[2026-06-06T20:38:32.326-0400] {processor.py:830} INFO - Processing file /Users/nitishbhattad/anaconda3/envs/flight-pipeline/lib/python3.11/site-packages/airflow/example_dags/plugins/event_listener.py for tasks to queue
[2026-06-06T20:38:32.327-0400] {logging_mixin.py:188} INFO - [2026-06-06T20:38:32.327-0400] {dagbag.py:538} INFO - Filling up the DagBag from /Users/nitishbhattad/anaconda3/envs/flight-pipeline/lib/python3.11/site-packages/airflow/example_dags/plugins/event_listener.py
[2026-06-06T20:38:32.327-0400] {processor.py:842} WARNING - No viable dags retrieved from /Users/nitishbhattad/anaconda3/envs/flight-pipeline/lib/python3.11/site-packages/airflow/example_dags/plugins/event_listener.py
[2026-06-06T20:38:32.383-0400] {processor.py:183} INFO - Processing /Users/nitishbhattad/anaconda3/envs/flight-pipeline/lib/python3.11/site-packages/airflow/example_dags/plugins/event_listener.py took 0.058 seconds
[2026-06-06T20:39:33.477-0400] {processor.py:161} INFO - Started process (PID=65490) to work on /Users/nitishbhattad/anaconda3/envs/flight-pipeline/lib/python3.11/site-packages/airflow/example_dags/plugins/event_listener.py
[2026-06-06T20:39:33.478-0400] {processor.py:830} INFO - Processing file /Users/nitishbhattad/anaconda3/envs/flight-pipeline/lib/python3.11/site-packages/airflow/example_dags/plugins/event_listener.py for tasks to queue
[2026-06-06T20:39:33.478-0400] {logging_mixin.py:188} INFO - [2026-06-06T20:39:33.478-0400] {dagbag.py:538} INFO - Filling up the DagBag from /Users/nitishbhattad/anaconda3/envs/flight-pipeline/lib/python3.11/site-packages/airflow/example_dags/plugins/event_listener.py
[2026-06-06T20:39:33.478-0400] {processor.py:842} WARNING - No viable dags retrieved from /Users/nitishbhattad/anaconda3/envs/flight-pipeline/lib/python3.11/site-packages/airflow/example_dags/plugins/event_listener.py
[2026-06-06T20:39:33.550-0400] {processor.py:183} INFO - Processing /Users/nitishbhattad/anaconda3/envs/flight-pipeline/lib/python3.11/site-packages/airflow/example_dags/plugins/event_listener.py took 0.075 seconds
[2026-06-06T20:40:38.657-0400] {processor.py:161} INFO - Started process (PID=65651) to work on /Users/nitishbhattad/anaconda3/envs/flight-pipeline/lib/python3.11/site-packages/airflow/example_dags/plugins/event_listener.py
[2026-06-06T20:40:38.658-0400] {processor.py:830} INFO - Processing file /Users/nitishbhattad/anaconda3/envs/flight-pipeline/lib/python3.11/site-packages/airflow/example_dags/plugins/event_listener.py for tasks to queue
[2026-06-06T20:40:38.658-0400] {logging_mixin.py:188} INFO - [2026-06-06T20:40:38.658-0400] {dagbag.py:538} INFO - Filling up the DagBag from /Users/nitishbhattad/anaconda3/envs/flight-pipeline/lib/python3.11/site-packages/airflow/example_dags/plugins/event_listener.py
[2026-06-06T20:40:38.659-0400] {processor.py:842} WARNING - No viable dags retrieved from /Users/nitishbhattad/anaconda3/envs/flight-pipeline/lib/python3.11/site-packages/airflow/example_dags/plugins/event_listener.py
[2026-06-06T20:40:38.713-0400] {processor.py:183} INFO - Processing /Users/nitishbhattad/anaconda3/envs/flight-pipeline/lib/python3.11/site-packages/airflow/example_dags/plugins/event_listener.py took 0.057 seconds
[2026-06-06T20:41:45.707-0400] {processor.py:161} INFO - Started process (PID=65750) to work on /Users/nitishbhattad/anaconda3/envs/flight-pipeline/lib/python3.11/site-packages/airflow/example_dags/plugins/event_listener.py
[2026-06-06T20:41:45.708-0400] {processor.py:830} INFO - Processing file /Users/nitishbhattad/anaconda3/envs/flight-pipeline/lib/python3.11/site-packages/airflow/example_dags/plugins/event_listener.py for tasks to queue
[2026-06-06T20:41:45.708-0400] {logging_mixin.py:188} INFO - [2026-06-06T20:41:45.708-0400] {dagbag.py:538} INFO - Filling up the DagBag from /Users/nitishbhattad/anaconda3/envs/flight-pipeline/lib/python3.11/site-packages/airflow/example_dags/plugins/event_listener.py
[2026-06-06T20:41:45.709-0400] {processor.py:842} WARNING - No viable dags retrieved from /Users/nitishbhattad/anaconda3/envs/flight-pipeline/lib/python3.11/site-packages/airflow/example_dags/plugins/event_listener.py
[2026-06-06T20:41:45.764-0400] {processor.py:183} INFO - Processing /Users/nitishbhattad/anaconda3/envs/flight-pipeline/lib/python3.11/site-packages/airflow/example_dags/plugins/event_listener.py took 0.058 seconds
[2026-06-06T20:42:43.651-0400] {processor.py:161} INFO - Started process (PID=65834) to work on /Users/nitishbhattad/anaconda3/envs/flight-pipeline/lib/python3.11/site-packages/airflow/example_dags/plugins/event_listener.py
[2026-06-06T20:42:43.653-0400] {processor.py:830} INFO - Processing file /Users/nitishbhattad/anaconda3/envs/flight-pipeline/lib/python3.11/site-packages/airflow/example_dags/plugins/event_listener.py for tasks to queue
[2026-06-06T20:42:43.653-0400] {logging_mixin.py:188} INFO - [2026-06-06T20:42:43.653-0400] {dagbag.py:538} INFO - Filling up the DagBag from /Users/nitishbhattad/anaconda3/envs/flight-pipeline/lib/python3.11/site-packages/airflow/example_dags/plugins/event_listener.py
[2026-06-06T20:42:43.654-0400] {processor.py:842} WARNING - No viable dags retrieved from /Users/nitishbhattad/anaconda3/envs/flight-pipeline/lib/python3.11/site-packages/airflow/example_dags/plugins/event_listener.py
[2026-06-06T20:42:43.729-0400] {processor.py:183} INFO - Processing /Users/nitishbhattad/anaconda3/envs/flight-pipeline/lib/python3.11/site-packages/airflow/example_dags/plugins/event_listener.py took 0.078 seconds
[2026-06-06T20:43:43.594-0400] {processor.py:161} INFO - Started process (PID=65922) to work on /Users/nitishbhattad/anaconda3/envs/flight-pipeline/lib/python3.11/site-packages/airflow/example_dags/plugins/event_listener.py
[2026-06-06T20:43:43.599-0400] {processor.py:830} INFO - Processing file /Users/nitishbhattad/anaconda3/envs/flight-pipeline/lib/python3.11/site-packages/airflow/example_dags/plugins/event_listener.py for tasks to queue
[2026-06-06T20:43:43.600-0400] {logging_mixin.py:188} INFO - [2026-06-06T20:43:43.600-0400] {dagbag.py:538} INFO - Filling up the DagBag from /Users/nitishbhattad/anaconda3/envs/flight-pipeline/lib/python3.11/site-packages/airflow/example_dags/plugins/event_listener.py
[2026-06-06T20:43:43.600-0400] {processor.py:842} WARNING - No viable dags retrieved from /Users/nitishbhattad/anaconda3/envs/flight-pipeline/lib/python3.11/site-packages/airflow/example_dags/plugins/event_listener.py
[2026-06-06T20:43:43.655-0400] {processor.py:183} INFO - Processing /Users/nitishbhattad/anaconda3/envs/flight-pipeline/lib/python3.11/site-packages/airflow/example_dags/plugins/event_listener.py took 0.062 seconds
[2026-06-06T20:44:48.586-0400] {processor.py:161} INFO - Started process (PID=66028) to work on /Users/nitishbhattad/anaconda3/envs/flight-pipeline/lib/python3.11/site-packages/airflow/example_dags/plugins/event_listener.py
[2026-06-06T20:44:48.587-0400] {processor.py:830} INFO - Processing file /Users/nitishbhattad/anaconda3/envs/flight-pipeline/lib/python3.11/site-packages/airflow/example_dags/plugins/event_listener.py for tasks to queue
[2026-06-06T20:44:48.587-0400] {logging_mixin.py:188} INFO - [2026-06-06T20:44:48.587-0400] {dagbag.py:538} INFO - Filling up the DagBag from /Users/nitishbhattad/anaconda3/envs/flight-pipeline/lib/python3.11/site-packages/airflow/example_dags/plugins/event_listener.py
[2026-06-06T20:44:48.588-0400] {processor.py:842} WARNING - No viable dags retrieved from /Users/nitishbhattad/anaconda3/envs/flight-pipeline/lib/python3.11/site-packages/airflow/example_dags/plugins/event_listener.py
[2026-06-06T20:44:48.646-0400] {processor.py:183} INFO - Processing /Users/nitishbhattad/anaconda3/envs/flight-pipeline/lib/python3.11/site-packages/airflow/example_dags/plugins/event_listener.py took 0.061 seconds
[2026-06-06T20:45:50.546-0400] {processor.py:161} INFO - Started process (PID=66118) to work on /Users/nitishbhattad/anaconda3/envs/flight-pipeline/lib/python3.11/site-packages/airflow/example_dags/plugins/event_listener.py
[2026-06-06T20:45:50.551-0400] {processor.py:830} INFO - Processing file /Users/nitishbhattad/anaconda3/envs/flight-pipeline/lib/python3.11/site-packages/airflow/example_dags/plugins/event_listener.py for tasks to queue
[2026-06-06T20:45:50.552-0400] {logging_mixin.py:188} INFO - [2026-06-06T20:45:50.552-0400] {dagbag.py:538} INFO - Filling up the DagBag from /Users/nitishbhattad/anaconda3/envs/flight-pipeline/lib/python3.11/site-packages/airflow/example_dags/plugins/event_listener.py
[2026-06-06T20:45:50.552-0400] {processor.py:842} WARNING - No viable dags retrieved from /Users/nitishbhattad/anaconda3/envs/flight-pipeline/lib/python3.11/site-packages/airflow/example_dags/plugins/event_listener.py
[2026-06-06T20:45:50.613-0400] {processor.py:183} INFO - Processing /Users/nitishbhattad/anaconda3/envs/flight-pipeline/lib/python3.11/site-packages/airflow/example_dags/plugins/event_listener.py took 0.068 seconds
[2026-06-06T20:46:53.461-0400] {processor.py:161} INFO - Started process (PID=66217) to work on /Users/nitishbhattad/anaconda3/envs/flight-pipeline/lib/python3.11/site-packages/airflow/example_dags/plugins/event_listener.py
[2026-06-06T20:46:53.463-0400] {processor.py:830} INFO - Processing file /Users/nitishbhattad/anaconda3/envs/flight-pipeline/lib/python3.11/site-packages/airflow/example_dags/plugins/event_listener.py for tasks to queue
[2026-06-06T20:46:53.463-0400] {logging_mixin.py:188} INFO - [2026-06-06T20:46:53.463-0400] {dagbag.py:538} INFO - Filling up the DagBag from /Users/nitishbhattad/anaconda3/envs/flight-pipeline/lib/python3.11/site-packages/airflow/example_dags/plugins/event_listener.py
[2026-06-06T20:46:53.464-0400] {processor.py:842} WARNING - No viable dags retrieved from /Users/nitishbhattad/anaconda3/envs/flight-pipeline/lib/python3.11/site-packages/airflow/example_dags/plugins/event_listener.py
[2026-06-06T20:46:53.523-0400] {processor.py:183} INFO - Processing /Users/nitishbhattad/anaconda3/envs/flight-pipeline/lib/python3.11/site-packages/airflow/example_dags/plugins/event_listener.py took 0.064 seconds
[2026-06-06T20:47:54.831-0400] {processor.py:161} INFO - Started process (PID=66311) to work on /Users/nitishbhattad/anaconda3/envs/flight-pipeline/lib/python3.11/site-packages/airflow/example_dags/plugins/event_listener.py
[2026-06-06T20:47:54.833-0400] {processor.py:830} INFO - Processing file /Users/nitishbhattad/anaconda3/envs/flight-pipeline/lib/python3.11/site-packages/airflow/example_dags/plugins/event_listener.py for tasks to queue
[2026-06-06T20:47:54.834-0400] {logging_mixin.py:188} INFO - [2026-06-06T20:47:54.833-0400] {dagbag.py:538} INFO - Filling up the DagBag from /Users/nitishbhattad/anaconda3/envs/flight-pipeline/lib/python3.11/site-packages/airflow/example_dags/plugins/event_listener.py
[2026-06-06T20:47:54.834-0400] {processor.py:842} WARNING - No viable dags retrieved from /Users/nitishbhattad/anaconda3/envs/flight-pipeline/lib/python3.11/site-packages/airflow/example_dags/plugins/event_listener.py
[2026-06-06T20:47:54.896-0400] {processor.py:183} INFO - Processing /Users/nitishbhattad/anaconda3/envs/flight-pipeline/lib/python3.11/site-packages/airflow/example_dags/plugins/event_listener.py took 0.065 seconds
[2026-06-06T20:48:53.538-0400] {processor.py:161} INFO - Started process (PID=66416) to work on /Users/nitishbhattad/anaconda3/envs/flight-pipeline/lib/python3.11/site-packages/airflow/example_dags/plugins/event_listener.py
[2026-06-06T20:48:53.539-0400] {processor.py:830} INFO - Processing file /Users/nitishbhattad/anaconda3/envs/flight-pipeline/lib/python3.11/site-packages/airflow/example_dags/plugins/event_listener.py for tasks to queue
[2026-06-06T20:48:53.540-0400] {logging_mixin.py:188} INFO - [2026-06-06T20:48:53.539-0400] {dagbag.py:538} INFO - Filling up the DagBag from /Users/nitishbhattad/anaconda3/envs/flight-pipeline/lib/python3.11/site-packages/airflow/example_dags/plugins/event_listener.py
[2026-06-06T20:48:53.540-0400] {processor.py:842} WARNING - No viable dags retrieved from /Users/nitishbhattad/anaconda3/envs/flight-pipeline/lib/python3.11/site-packages/airflow/example_dags/plugins/event_listener.py
[2026-06-06T20:48:53.592-0400] {processor.py:183} INFO - Processing /Users/nitishbhattad/anaconda3/envs/flight-pipeline/lib/python3.11/site-packages/airflow/example_dags/plugins/event_listener.py took 0.055 seconds
[2026-06-06T20:49:52.501-0400] {processor.py:161} INFO - Started process (PID=66521) to work on /Users/nitishbhattad/anaconda3/envs/flight-pipeline/lib/python3.11/site-packages/airflow/example_dags/plugins/event_listener.py
[2026-06-06T20:49:52.503-0400] {processor.py:830} INFO - Processing file /Users/nitishbhattad/anaconda3/envs/flight-pipeline/lib/python3.11/site-packages/airflow/example_dags/plugins/event_listener.py for tasks to queue
[2026-06-06T20:49:52.503-0400] {logging_mixin.py:188} INFO - [2026-06-06T20:49:52.503-0400] {dagbag.py:538} INFO - Filling up the DagBag from /Users/nitishbhattad/anaconda3/envs/flight-pipeline/lib/python3.11/site-packages/airflow/example_dags/plugins/event_listener.py
[2026-06-06T20:49:52.504-0400] {processor.py:842} WARNING - No viable dags retrieved from /Users/nitishbhattad/anaconda3/envs/flight-pipeline/lib/python3.11/site-packages/airflow/example_dags/plugins/event_listener.py
[2026-06-06T20:49:52.557-0400] {processor.py:183} INFO - Processing /Users/nitishbhattad/anaconda3/envs/flight-pipeline/lib/python3.11/site-packages/airflow/example_dags/plugins/event_listener.py took 0.057 seconds
