[2026-06-06T20:18:26.645-0400] {processor.py:161} INFO - Started process (PID=63510) to work on /Users/nitishbhattad/anaconda3/envs/flight-pipeline/lib/python3.11/site-packages/airflow/example_dags/plugins/listener_plugin.py
[2026-06-06T20:18:26.645-0400] {processor.py:830} INFO - Processing file /Users/nitishbhattad/anaconda3/envs/flight-pipeline/lib/python3.11/site-packages/airflow/example_dags/plugins/listener_plugin.py for tasks to queue
[2026-06-06T20:18:26.646-0400] {logging_mixin.py:188} INFO - [2026-06-06T20:18:26.646-0400] {dagbag.py:538} INFO - Filling up the DagBag from /Users/nitishbhattad/anaconda3/envs/flight-pipeline/lib/python3.11/site-packages/airflow/example_dags/plugins/listener_plugin.py
[2026-06-06T20:18:26.647-0400] {processor.py:842} WARNING - No viable dags retrieved from /Users/nitishbhattad/anaconda3/envs/flight-pipeline/lib/python3.11/site-packages/airflow/example_dags/plugins/listener_plugin.py
[2026-06-06T20:18:26.727-0400] {processor.py:183} INFO - Processing /Users/nitishbhattad/anaconda3/envs/flight-pipeline/lib/python3.11/site-packages/airflow/example_dags/plugins/listener_plugin.py took 0.084 seconds
[2026-06-06T20:20:00.185-0400] {processor.py:161} INFO - Started process (PID=63659) to work on /Users/nitishbhattad/anaconda3/envs/flight-pipeline/lib/python3.11/site-packages/airflow/example_dags/plugins/listener_plugin.py
[2026-06-06T20:20:00.186-0400] {processor.py:830} INFO - Processing file /Users/nitishbhattad/anaconda3/envs/flight-pipeline/lib/python3.11/site-packages/airflow/example_dags/plugins/listener_plugin.py for tasks to queue
[2026-06-06T20:20:00.186-0400] {logging_mixin.py:188} INFO - [2026-06-06T20:20:00.186-0400] {dagbag.py:538} INFO - Filling up the DagBag from /Users/nitishbhattad/anaconda3/envs/flight-pipeline/lib/python3.11/site-packages/airflow/example_dags/plugins/listener_plugin.py
[2026-06-06T20:20:00.188-0400] {processor.py:842} WARNING - No viable dags retrieved from /Users/nitishbhattad/anaconda3/envs/flight-pipeline/lib/python3.11/site-packages/airflow/example_dags/plugins/listener_plugin.py
[2026-06-06T20:20:00.248-0400] {processor.py:183} INFO - Processing /Users/nitishbhattad/anaconda3/envs/flight-pipeline/lib/python3.11/site-packages/airflow/example_dags/plugins/listener_plugin.py took 0.063 seconds
[2026-06-06T20:21:03.164-0400] {processor.py:161} INFO - Started process (PID=63761) to work on /Users/nitishbhattad/anaconda3/envs/flight-pipeline/lib/python3.11/site-packages/airflow/example_dags/plugins/listener_plugin.py
[2026-06-06T20:21:03.165-0400] {processor.py:830} INFO - Processing file /Users/nitishbhattad/anaconda3/envs/flight-pipeline/lib/python3.11/site-packages/airflow/example_dags/plugins/listener_plugin.py for tasks to queue
[2026-06-06T20:21:03.165-0400] {logging_mixin.py:188} INFO - [2026-06-06T20:21:03.165-0400] {dagbag.py:538} INFO - Filling up the DagBag from /Users/nitishbhattad/anaconda3/envs/flight-pipeline/lib/python3.11/site-packages/airflow/example_dags/plugins/listener_plugin.py
[2026-06-06T20:21:03.167-0400] {processor.py:842} WARNING - No viable dags retrieved from /Users/nitishbhattad/anaconda3/envs/flight-pipeline/lib/python3.11/site-packages/airflow/example_dags/plugins/listener_plugin.py
[2026-06-06T20:21:03.227-0400] {processor.py:183} INFO - Processing /Users/nitishbhattad/anaconda3/envs/flight-pipeline/lib/python3.11/site-packages/airflow/example_dags/plugins/listener_plugin.py took 0.064 seconds
[2026-06-06T20:23:10.183-0400] {processor.py:161} INFO - Started process (PID=63963) to work on /Users/nitishbhattad/anaconda3/envs/flight-pipeline/lib/python3.11/site-packages/airflow/example_dags/plugins/listener_plugin.py
[2026-06-06T20:23:10.184-0400] {processor.py:830} INFO - Processing file /Users/nitishbhattad/anaconda3/envs/flight-pipeline/lib/python3.11/site-packages/airflow/example_dags/plugins/listener_plugin.py for tasks to queue
[2026-06-06T20:23:10.184-0400] {logging_mixin.py:188} INFO - [2026-06-06T20:23:10.184-0400] {dagbag.py:538} INFO - Filling up the DagBag from /Users/nitishbhattad/anaconda3/envs/flight-pipeline/lib/python3.11/site-packages/airflow/example_dags/plugins/listener_plugin.py
[2026-06-06T20:23:10.185-0400] {processor.py:842} WARNING - No viable dags retrieved from /Users/nitishbhattad/anaconda3/envs/flight-pipeline/lib/python3.11/site-packages/airflow/example_dags/plugins/listener_plugin.py
[2026-06-06T20:23:10.246-0400] {processor.py:183} INFO - Processing /Users/nitishbhattad/anaconda3/envs/flight-pipeline/lib/python3.11/site-packages/airflow/example_dags/plugins/listener_plugin.py took 0.064 seconds
[2026-06-06T20:24:27.977-0400] {processor.py:161} INFO - Started process (PID=64098) to work on /Users/nitishbhattad/anaconda3/envs/flight-pipeline/lib/python3.11/site-packages/airflow/example_dags/plugins/listener_plugin.py
[2026-06-06T20:24:27.977-0400] {processor.py:830} INFO - Processing file /Users/nitishbhattad/anaconda3/envs/flight-pipeline/lib/python3.11/site-packages/airflow/example_dags/plugins/listener_plugin.py for tasks to queue
[2026-06-06T20:24:27.978-0400] {logging_mixin.py:188} INFO - [2026-06-06T20:24:27.978-0400] {dagbag.py:538} INFO - Filling up the DagBag from /Users/nitishbhattad/anaconda3/envs/flight-pipeline/lib/python3.11/site-packages/airflow/example_dags/plugins/listener_plugin.py
[2026-06-06T20:24:27.979-0400] {processor.py:842} WARNING - No viable dags retrieved from /Users/nitishbhattad/anaconda3/envs/flight-pipeline/lib/python3.11/site-packages/airflow/example_dags/plugins/listener_plugin.py
[2026-06-06T20:24:28.036-0400] {processor.py:183} INFO - Processing /Users/nitishbhattad/anaconda3/envs/flight-pipeline/lib/python3.11/site-packages/airflow/example_dags/plugins/listener_plugin.py took 0.060 seconds
[2026-06-06T20:25:32.071-0400] {processor.py:161} INFO - Started process (PID=64209) to work on /Users/nitishbhattad/anaconda3/envs/flight-pipeline/lib/python3.11/site-packages/airflow/example_dags/plugins/listener_plugin.py
[2026-06-06T20:25:32.073-0400] {processor.py:830} INFO - Processing file /Users/nitishbhattad/anaconda3/envs/flight-pipeline/lib/python3.11/site-packages/airflow/example_dags/plugins/listener_plugin.py for tasks to queue
[2026-06-06T20:25:32.073-0400] {logging_mixin.py:188} INFO - [2026-06-06T20:25:32.073-0400] {dagbag.py:538} INFO - Filling up the DagBag from /Users/nitishbhattad/anaconda3/envs/flight-pipeline/lib/python3.11/site-packages/airflow/example_dags/plugins/listener_plugin.py
[2026-06-06T20:25:32.075-0400] {processor.py:842} WARNING - No viable dags retrieved from /Users/nitishbhattad/anaconda3/envs/flight-pipeline/lib/python3.11/site-packages/airflow/example_dags/plugins/listener_plugin.py
[2026-06-06T20:25:32.131-0400] {processor.py:183} INFO - Processing /Users/nitishbhattad/anaconda3/envs/flight-pipeline/lib/python3.11/site-packages/airflow/example_dags/plugins/listener_plugin.py took 0.060 seconds
[2026-06-06T20:26:42.534-0400] {processor.py:161} INFO - Started process (PID=64321) to work on /Users/nitishbhattad/anaconda3/envs/flight-pipeline/lib/python3.11/site-packages/airflow/example_dags/plugins/listener_plugin.py
[2026-06-06T20:26:42.535-0400] {processor.py:830} INFO - Processing file /Users/nitishbhattad/anaconda3/envs/flight-pipeline/lib/python3.11/site-packages/airflow/example_dags/plugins/listener_plugin.py for tasks to queue
[2026-06-06T20:26:42.535-0400] {logging_mixin.py:188} INFO - [2026-06-06T20:26:42.535-0400] {dagbag.py:538} INFO - Filling up the DagBag from /Users/nitishbhattad/anaconda3/envs/flight-pipeline/lib/python3.11/site-packages/airflow/example_dags/plugins/listener_plugin.py
[2026-06-06T20:26:42.537-0400] {processor.py:842} WARNING - No viable dags retrieved from /Users/nitishbhattad/anaconda3/envs/flight-pipeline/lib/python3.11/site-packages/airflow/example_dags/plugins/listener_plugin.py
[2026-06-06T20:26:42.596-0400] {processor.py:183} INFO - Processing /Users/nitishbhattad/anaconda3/envs/flight-pipeline/lib/python3.11/site-packages/airflow/example_dags/plugins/listener_plugin.py took 0.063 seconds
[2026-06-06T20:27:49.554-0400] {processor.py:161} INFO - Started process (PID=64442) to work on /Users/nitishbhattad/anaconda3/envs/flight-pipeline/lib/python3.11/site-packages/airflow/example_dags/plugins/listener_plugin.py
[2026-06-06T20:27:49.556-0400] {processor.py:830} INFO - Processing file /Users/nitishbhattad/anaconda3/envs/flight-pipeline/lib/python3.11/site-packages/airflow/example_dags/plugins/listener_plugin.py for tasks to queue
[2026-06-06T20:27:49.556-0400] {logging_mixin.py:188} INFO - [2026-06-06T20:27:49.556-0400] {dagbag.py:538} INFO - Filling up the DagBag from /Users/nitishbhattad/anaconda3/envs/flight-pipeline/lib/python3.11/site-packages/airflow/example_dags/plugins/listener_plugin.py
[2026-06-06T20:27:49.558-0400] {processor.py:842} WARNING - No viable dags retrieved from /Users/nitishbhattad/anaconda3/envs/flight-pipeline/lib/python3.11/site-packages/airflow/example_dags/plugins/listener_plugin.py
[2026-06-06T20:27:49.634-0400] {processor.py:183} INFO - Processing /Users/nitishbhattad/anaconda3/envs/flight-pipeline/lib/python3.11/site-packages/airflow/example_dags/plugins/listener_plugin.py took 0.081 seconds
[2026-06-06T20:28:49.401-0400] {processor.py:161} INFO - Started process (PID=64529) to work on /Users/nitishbhattad/anaconda3/envs/flight-pipeline/lib/python3.11/site-packages/airflow/example_dags/plugins/listener_plugin.py
[2026-06-06T20:28:49.402-0400] {processor.py:830} INFO - Processing file /Users/nitishbhattad/anaconda3/envs/flight-pipeline/lib/python3.11/site-packages/airflow/example_dags/plugins/listener_plugin.py for tasks to queue
[2026-06-06T20:28:49.402-0400] {logging_mixin.py:188} INFO - [2026-06-06T20:28:49.402-0400] {dagbag.py:538} INFO - Filling up the DagBag from /Users/nitishbhattad/anaconda3/envs/flight-pipeline/lib/python3.11/site-packages/airflow/example_dags/plugins/listener_plugin.py
[2026-06-06T20:28:49.404-0400] {processor.py:842} WARNING - No viable dags retrieved from /Users/nitishbhattad/anaconda3/envs/flight-pipeline/lib/python3.11/site-packages/airflow/example_dags/plugins/listener_plugin.py
[2026-06-06T20:28:49.464-0400] {processor.py:183} INFO - Processing /Users/nitishbhattad/anaconda3/envs/flight-pipeline/lib/python3.11/site-packages/airflow/example_dags/plugins/listener_plugin.py took 0.064 seconds
[2026-06-06T20:29:45.924-0400] {processor.py:161} INFO - Started process (PID=64607) to work on /Users/nitishbhattad/anaconda3/envs/flight-pipeline/lib/python3.11/site-packages/airflow/example_dags/plugins/listener_plugin.py
[2026-06-06T20:29:45.925-0400] {processor.py:830} INFO - Processing file /Users/nitishbhattad/anaconda3/envs/flight-pipeline/lib/python3.11/site-packages/airflow/example_dags/plugins/listener_plugin.py for tasks to queue
[2026-06-06T20:29:45.926-0400] {logging_mixin.py:188} INFO - [2026-06-06T20:29:45.926-0400] {dagbag.py:538} INFO - Filling up the DagBag from /Users/nitishbhattad/anaconda3/envs/flight-pipeline/lib/python3.11/site-packages/airflow/example_dags/plugins/listener_plugin.py
[2026-06-06T20:29:45.928-0400] {processor.py:842} WARNING - No viable dags retrieved from /Users/nitishbhattad/anaconda3/envs/flight-pipeline/lib/python3.11/site-packages/airflow/example_dags/plugins/listener_plugin.py
[2026-06-06T20:29:45.986-0400] {processor.py:183} INFO - Processing /Users/nitishbhattad/anaconda3/envs/flight-pipeline/lib/python3.11/site-packages/airflow/example_dags/plugins/listener_plugin.py took 0.063 seconds
[2026-06-06T20:30:57.851-0400] {processor.py:161} INFO - Started process (PID=64721) to work on /Users/nitishbhattad/anaconda3/envs/flight-pipeline/lib/python3.11/site-packages/airflow/example_dags/plugins/listener_plugin.py
[2026-06-06T20:30:57.852-0400] {processor.py:830} INFO - Processing file /Users/nitishbhattad/anaconda3/envs/flight-pipeline/lib/python3.11/site-packages/airflow/example_dags/plugins/listener_plugin.py for tasks to queue
[2026-06-06T20:30:57.853-0400] {logging_mixin.py:188} INFO - [2026-06-06T20:30:57.852-0400] {dagbag.py:538} INFO - Filling up the DagBag from /Users/nitishbhattad/anaconda3/envs/flight-pipeline/lib/python3.11/site-packages/airflow/example_dags/plugins/listener_plugin.py
[2026-06-06T20:30:57.857-0400] {processor.py:842} WARNING - No viable dags retrieved from /Users/nitishbhattad/anaconda3/envs/flight-pipeline/lib/python3.11/site-packages/airflow/example_dags/plugins/listener_plugin.py
[2026-06-06T20:30:57.946-0400] {processor.py:183} INFO - Processing /Users/nitishbhattad/anaconda3/envs/flight-pipeline/lib/python3.11/site-packages/airflow/example_dags/plugins/listener_plugin.py took 0.096 seconds
[2026-06-06T20:32:15.724-0400] {processor.py:161} INFO - Started process (PID=64832) to work on /Users/nitishbhattad/anaconda3/envs/flight-pipeline/lib/python3.11/site-packages/airflow/example_dags/plugins/listener_plugin.py
[2026-06-06T20:32:15.727-0400] {processor.py:830} INFO - Processing file /Users/nitishbhattad/anaconda3/envs/flight-pipeline/lib/python3.11/site-packages/airflow/example_dags/plugins/listener_plugin.py for tasks to queue
[2026-06-06T20:32:15.727-0400] {logging_mixin.py:188} INFO - [2026-06-06T20:32:15.727-0400] {dagbag.py:538} INFO - Filling up the DagBag from /Users/nitishbhattad/anaconda3/envs/flight-pipeline/lib/python3.11/site-packages/airflow/example_dags/plugins/listener_plugin.py
[2026-06-06T20:32:15.741-0400] {processor.py:842} WARNING - No viable dags retrieved from /Users/nitishbhattad/anaconda3/envs/flight-pipeline/lib/python3.11/site-packages/airflow/example_dags/plugins/listener_plugin.py
[2026-06-06T20:32:15.822-0400] {processor.py:183} INFO - Processing /Users/nitishbhattad/anaconda3/envs/flight-pipeline/lib/python3.11/site-packages/airflow/example_dags/plugins/listener_plugin.py took 0.099 seconds
[2026-06-06T20:33:18.375-0400] {processor.py:161} INFO - Started process (PID=64926) to work on /Users/nitishbhattad/anaconda3/envs/flight-pipeline/lib/python3.11/site-packages/airflow/example_dags/plugins/listener_plugin.py
[2026-06-06T20:33:18.376-0400] {processor.py:830} INFO - Processing file /Users/nitishbhattad/anaconda3/envs/flight-pipeline/lib/python3.11/site-packages/airflow/example_dags/plugins/listener_plugin.py for tasks to queue
[2026-06-06T20:33:18.376-0400] {logging_mixin.py:188} INFO - [2026-06-06T20:33:18.376-0400] {dagbag.py:538} INFO - Filling up the DagBag from /Users/nitishbhattad/anaconda3/envs/flight-pipeline/lib/python3.11/site-packages/airflow/example_dags/plugins/listener_plugin.py
[2026-06-06T20:33:18.378-0400] {processor.py:842} WARNING - No viable dags retrieved from /Users/nitishbhattad/anaconda3/envs/flight-pipeline/lib/python3.11/site-packages/airflow/example_dags/plugins/listener_plugin.py
[2026-06-06T20:33:18.432-0400] {processor.py:183} INFO - Processing /Users/nitishbhattad/anaconda3/envs/flight-pipeline/lib/python3.11/site-packages/airflow/example_dags/plugins/listener_plugin.py took 0.057 seconds
[2026-06-06T20:34:20.754-0400] {processor.py:161} INFO - Started process (PID=65019) to work on /Users/nitishbhattad/anaconda3/envs/flight-pipeline/lib/python3.11/site-packages/airflow/example_dags/plugins/listener_plugin.py
[2026-06-06T20:34:20.755-0400] {processor.py:830} INFO - Processing file /Users/nitishbhattad/anaconda3/envs/flight-pipeline/lib/python3.11/site-packages/airflow/example_dags/plugins/listener_plugin.py for tasks to queue
[2026-06-06T20:34:20.755-0400] {logging_mixin.py:188} INFO - [2026-06-06T20:34:20.755-0400] {dagbag.py:538} INFO - Filling up the DagBag from /Users/nitishbhattad/anaconda3/envs/flight-pipeline/lib/python3.11/site-packages/airflow/example_dags/plugins/listener_plugin.py
[2026-06-06T20:34:20.757-0400] {processor.py:842} WARNING - No viable dags retrieved from /Users/nitishbhattad/anaconda3/envs/flight-pipeline/lib/python3.11/site-packages/airflow/example_dags/plugins/listener_plugin.py
[2026-06-06T20:34:20.830-0400] {processor.py:183} INFO - Processing /Users/nitishbhattad/anaconda3/envs/flight-pipeline/lib/python3.11/site-packages/airflow/example_dags/plugins/listener_plugin.py took 0.077 seconds
[2026-06-06T20:35:18.597-0400] {processor.py:161} INFO - Started process (PID=65111) to work on /Users/nitishbhattad/anaconda3/envs/flight-pipeline/lib/python3.11/site-packages/airflow/example_dags/plugins/listener_plugin.py
[2026-06-06T20:35:18.600-0400] {processor.py:830} INFO - Processing file /Users/nitishbhattad/anaconda3/envs/flight-pipeline/lib/python3.11/site-packages/airflow/example_dags/plugins/listener_plugin.py for tasks to queue
[2026-06-06T20:35:18.601-0400] {logging_mixin.py:188} INFO - [2026-06-06T20:35:18.601-0400] {dagbag.py:538} INFO - Filling up the DagBag from /Users/nitishbhattad/anaconda3/envs/flight-pipeline/lib/python3.11/site-packages/airflow/example_dags/plugins/listener_plugin.py
[2026-06-06T20:35:18.603-0400] {processor.py:842} WARNING - No viable dags retrieved from /Users/nitishbhattad/anaconda3/envs/flight-pipeline/lib/python3.11/site-packages/airflow/example_dags/plugins/listener_plugin.py
[2026-06-06T20:35:18.686-0400] {processor.py:183} INFO - Processing /Users/nitishbhattad/anaconda3/envs/flight-pipeline/lib/python3.11/site-packages/airflow/example_dags/plugins/listener_plugin.py took 0.089 seconds
[2026-06-06T20:36:19.672-0400] {processor.py:161} INFO - Started process (PID=65199) to work on /Users/nitishbhattad/anaconda3/envs/flight-pipeline/lib/python3.11/site-packages/airflow/example_dags/plugins/listener_plugin.py
[2026-06-06T20:36:19.673-0400] {processor.py:830} INFO - Processing file /Users/nitishbhattad/anaconda3/envs/flight-pipeline/lib/python3.11/site-packages/airflow/example_dags/plugins/listener_plugin.py for tasks to queue
[2026-06-06T20:36:19.673-0400] {logging_mixin.py:188} INFO - [2026-06-06T20:36:19.673-0400] {dagbag.py:538} INFO - Filling up the DagBag from /Users/nitishbhattad/anaconda3/envs/flight-pipeline/lib/python3.11/site-packages/airflow/example_dags/plugins/listener_plugin.py
[2026-06-06T20:36:19.675-0400] {processor.py:842} WARNING - No viable dags retrieved from /Users/nitishbhattad/anaconda3/envs/flight-pipeline/lib/python3.11/site-packages/airflow/example_dags/plugins/listener_plugin.py
[2026-06-06T20:36:19.750-0400] {processor.py:183} INFO - Processing /Users/nitishbhattad/anaconda3/envs/flight-pipeline/lib/python3.11/site-packages/airflow/example_dags/plugins/listener_plugin.py took 0.079 seconds
[2026-06-06T20:37:26.781-0400] {processor.py:161} INFO - Started process (PID=65301) to work on /Users/nitishbhattad/anaconda3/envs/flight-pipeline/lib/python3.11/site-packages/airflow/example_dags/plugins/listener_plugin.py
[2026-06-06T20:37:26.785-0400] {processor.py:830} INFO - Processing file /Users/nitishbhattad/anaconda3/envs/flight-pipeline/lib/python3.11/site-packages/airflow/example_dags/plugins/listener_plugin.py for tasks to queue
[2026-06-06T20:37:26.786-0400] {logging_mixin.py:188} INFO - [2026-06-06T20:37:26.786-0400] {dagbag.py:538} INFO - Filling up the DagBag from /Users/nitishbhattad/anaconda3/envs/flight-pipeline/lib/python3.11/site-packages/airflow/example_dags/plugins/listener_plugin.py
[2026-06-06T20:37:26.788-0400] {processor.py:842} WARNING - No viable dags retrieved from /Users/nitishbhattad/anaconda3/envs/flight-pipeline/lib/python3.11/site-packages/airflow/example_dags/plugins/listener_plugin.py
[2026-06-06T20:37:26.872-0400] {processor.py:183} INFO - Processing /Users/nitishbhattad/anaconda3/envs/flight-pipeline/lib/python3.11/site-packages/airflow/example_dags/plugins/listener_plugin.py took 0.092 seconds
[2026-06-06T20:38:30.816-0400] {processor.py:161} INFO - Started process (PID=65392) to work on /Users/nitishbhattad/anaconda3/envs/flight-pipeline/lib/python3.11/site-packages/airflow/example_dags/plugins/listener_plugin.py
[2026-06-06T20:38:30.817-0400] {processor.py:830} INFO - Processing file /Users/nitishbhattad/anaconda3/envs/flight-pipeline/lib/python3.11/site-packages/airflow/example_dags/plugins/listener_plugin.py for tasks to queue
[2026-06-06T20:38:30.817-0400] {logging_mixin.py:188} INFO - [2026-06-06T20:38:30.817-0400] {dagbag.py:538} INFO - Filling up the DagBag from /Users/nitishbhattad/anaconda3/envs/flight-pipeline/lib/python3.11/site-packages/airflow/example_dags/plugins/listener_plugin.py
[2026-06-06T20:38:30.818-0400] {processor.py:842} WARNING - No viable dags retrieved from /Users/nitishbhattad/anaconda3/envs/flight-pipeline/lib/python3.11/site-packages/airflow/example_dags/plugins/listener_plugin.py
[2026-06-06T20:38:30.875-0400] {processor.py:183} INFO - Processing /Users/nitishbhattad/anaconda3/envs/flight-pipeline/lib/python3.11/site-packages/airflow/example_dags/plugins/listener_plugin.py took 0.060 seconds
[2026-06-06T20:39:31.511-0400] {processor.py:161} INFO - Started process (PID=65482) to work on /Users/nitishbhattad/anaconda3/envs/flight-pipeline/lib/python3.11/site-packages/airflow/example_dags/plugins/listener_plugin.py
[2026-06-06T20:39:31.511-0400] {processor.py:830} INFO - Processing file /Users/nitishbhattad/anaconda3/envs/flight-pipeline/lib/python3.11/site-packages/airflow/example_dags/plugins/listener_plugin.py for tasks to queue
[2026-06-06T20:39:31.511-0400] {logging_mixin.py:188} INFO - [2026-06-06T20:39:31.511-0400] {dagbag.py:538} INFO - Filling up the DagBag from /Users/nitishbhattad/anaconda3/envs/flight-pipeline/lib/python3.11/site-packages/airflow/example_dags/plugins/listener_plugin.py
[2026-06-06T20:39:31.513-0400] {processor.py:842} WARNING - No viable dags retrieved from /Users/nitishbhattad/anaconda3/envs/flight-pipeline/lib/python3.11/site-packages/airflow/example_dags/plugins/listener_plugin.py
[2026-06-06T20:39:31.569-0400] {processor.py:183} INFO - Processing /Users/nitishbhattad/anaconda3/envs/flight-pipeline/lib/python3.11/site-packages/airflow/example_dags/plugins/listener_plugin.py took 0.059 seconds
[2026-06-06T20:40:36.873-0400] {processor.py:161} INFO - Started process (PID=65650) to work on /Users/nitishbhattad/anaconda3/envs/flight-pipeline/lib/python3.11/site-packages/airflow/example_dags/plugins/listener_plugin.py
[2026-06-06T20:40:36.874-0400] {processor.py:830} INFO - Processing file /Users/nitishbhattad/anaconda3/envs/flight-pipeline/lib/python3.11/site-packages/airflow/example_dags/plugins/listener_plugin.py for tasks to queue
[2026-06-06T20:40:36.875-0400] {logging_mixin.py:188} INFO - [2026-06-06T20:40:36.875-0400] {dagbag.py:538} INFO - Filling up the DagBag from /Users/nitishbhattad/anaconda3/envs/flight-pipeline/lib/python3.11/site-packages/airflow/example_dags/plugins/listener_plugin.py
[2026-06-06T20:40:36.891-0400] {processor.py:842} WARNING - No viable dags retrieved from /Users/nitishbhattad/anaconda3/envs/flight-pipeline/lib/python3.11/site-packages/airflow/example_dags/plugins/listener_plugin.py
[2026-06-06T20:40:37.031-0400] {processor.py:183} INFO - Processing /Users/nitishbhattad/anaconda3/envs/flight-pipeline/lib/python3.11/site-packages/airflow/example_dags/plugins/listener_plugin.py took 0.161 seconds
[2026-06-06T20:41:44.101-0400] {processor.py:161} INFO - Started process (PID=65746) to work on /Users/nitishbhattad/anaconda3/envs/flight-pipeline/lib/python3.11/site-packages/airflow/example_dags/plugins/listener_plugin.py
[2026-06-06T20:41:44.102-0400] {processor.py:830} INFO - Processing file /Users/nitishbhattad/anaconda3/envs/flight-pipeline/lib/python3.11/site-packages/airflow/example_dags/plugins/listener_plugin.py for tasks to queue
[2026-06-06T20:41:44.103-0400] {logging_mixin.py:188} INFO - [2026-06-06T20:41:44.102-0400] {dagbag.py:538} INFO - Filling up the DagBag from /Users/nitishbhattad/anaconda3/envs/flight-pipeline/lib/python3.11/site-packages/airflow/example_dags/plugins/listener_plugin.py
[2026-06-06T20:41:44.107-0400] {processor.py:842} WARNING - No viable dags retrieved from /Users/nitishbhattad/anaconda3/envs/flight-pipeline/lib/python3.11/site-packages/airflow/example_dags/plugins/listener_plugin.py
[2026-06-06T20:41:44.163-0400] {processor.py:183} INFO - Processing /Users/nitishbhattad/anaconda3/envs/flight-pipeline/lib/python3.11/site-packages/airflow/example_dags/plugins/listener_plugin.py took 0.062 seconds
[2026-06-06T20:42:41.412-0400] {processor.py:161} INFO - Started process (PID=65833) to work on /Users/nitishbhattad/anaconda3/envs/flight-pipeline/lib/python3.11/site-packages/airflow/example_dags/plugins/listener_plugin.py
[2026-06-06T20:42:41.413-0400] {processor.py:830} INFO - Processing file /Users/nitishbhattad/anaconda3/envs/flight-pipeline/lib/python3.11/site-packages/airflow/example_dags/plugins/listener_plugin.py for tasks to queue
[2026-06-06T20:42:41.414-0400] {logging_mixin.py:188} INFO - [2026-06-06T20:42:41.414-0400] {dagbag.py:538} INFO - Filling up the DagBag from /Users/nitishbhattad/anaconda3/envs/flight-pipeline/lib/python3.11/site-packages/airflow/example_dags/plugins/listener_plugin.py
[2026-06-06T20:42:41.416-0400] {processor.py:842} WARNING - No viable dags retrieved from /Users/nitishbhattad/anaconda3/envs/flight-pipeline/lib/python3.11/site-packages/airflow/example_dags/plugins/listener_plugin.py
[2026-06-06T20:42:41.468-0400] {processor.py:183} INFO - Processing /Users/nitishbhattad/anaconda3/envs/flight-pipeline/lib/python3.11/site-packages/airflow/example_dags/plugins/listener_plugin.py took 0.057 seconds
[2026-06-06T20:43:41.946-0400] {processor.py:161} INFO - Started process (PID=65921) to work on /Users/nitishbhattad/anaconda3/envs/flight-pipeline/lib/python3.11/site-packages/airflow/example_dags/plugins/listener_plugin.py
[2026-06-06T20:43:41.947-0400] {processor.py:830} INFO - Processing file /Users/nitishbhattad/anaconda3/envs/flight-pipeline/lib/python3.11/site-packages/airflow/example_dags/plugins/listener_plugin.py for tasks to queue
[2026-06-06T20:43:41.948-0400] {logging_mixin.py:188} INFO - [2026-06-06T20:43:41.948-0400] {dagbag.py:538} INFO - Filling up the DagBag from /Users/nitishbhattad/anaconda3/envs/flight-pipeline/lib/python3.11/site-packages/airflow/example_dags/plugins/listener_plugin.py
[2026-06-06T20:43:41.950-0400] {processor.py:842} WARNING - No viable dags retrieved from /Users/nitishbhattad/anaconda3/envs/flight-pipeline/lib/python3.11/site-packages/airflow/example_dags/plugins/listener_plugin.py
[2026-06-06T20:43:42.007-0400] {processor.py:183} INFO - Processing /Users/nitishbhattad/anaconda3/envs/flight-pipeline/lib/python3.11/site-packages/airflow/example_dags/plugins/listener_plugin.py took 0.063 seconds
[2026-06-06T20:44:46.975-0400] {processor.py:161} INFO - Started process (PID=66027) to work on /Users/nitishbhattad/anaconda3/envs/flight-pipeline/lib/python3.11/site-packages/airflow/example_dags/plugins/listener_plugin.py
[2026-06-06T20:44:46.976-0400] {processor.py:830} INFO - Processing file /Users/nitishbhattad/anaconda3/envs/flight-pipeline/lib/python3.11/site-packages/airflow/example_dags/plugins/listener_plugin.py for tasks to queue
[2026-06-06T20:44:46.976-0400] {logging_mixin.py:188} INFO - [2026-06-06T20:44:46.976-0400] {dagbag.py:538} INFO - Filling up the DagBag from /Users/nitishbhattad/anaconda3/envs/flight-pipeline/lib/python3.11/site-packages/airflow/example_dags/plugins/listener_plugin.py
[2026-06-06T20:44:46.979-0400] {processor.py:842} WARNING - No viable dags retrieved from /Users/nitishbhattad/anaconda3/envs/flight-pipeline/lib/python3.11/site-packages/airflow/example_dags/plugins/listener_plugin.py
[2026-06-06T20:44:47.039-0400] {processor.py:183} INFO - Processing /Users/nitishbhattad/anaconda3/envs/flight-pipeline/lib/python3.11/site-packages/airflow/example_dags/plugins/listener_plugin.py took 0.066 seconds
[2026-06-06T20:45:48.424-0400] {processor.py:161} INFO - Started process (PID=66116) to work on /Users/nitishbhattad/anaconda3/envs/flight-pipeline/lib/python3.11/site-packages/airflow/example_dags/plugins/listener_plugin.py
[2026-06-06T20:45:48.427-0400] {processor.py:830} INFO - Processing file /Users/nitishbhattad/anaconda3/envs/flight-pipeline/lib/python3.11/site-packages/airflow/example_dags/plugins/listener_plugin.py for tasks to queue
[2026-06-06T20:45:48.427-0400] {logging_mixin.py:188} INFO - [2026-06-06T20:45:48.427-0400] {dagbag.py:538} INFO - Filling up the DagBag from /Users/nitishbhattad/anaconda3/envs/flight-pipeline/lib/python3.11/site-packages/airflow/example_dags/plugins/listener_plugin.py
[2026-06-06T20:45:48.429-0400] {processor.py:842} WARNING - No viable dags retrieved from /Users/nitishbhattad/anaconda3/envs/flight-pipeline/lib/python3.11/site-packages/airflow/example_dags/plugins/listener_plugin.py
[2026-06-06T20:45:48.496-0400] {processor.py:183} INFO - Processing /Users/nitishbhattad/anaconda3/envs/flight-pipeline/lib/python3.11/site-packages/airflow/example_dags/plugins/listener_plugin.py took 0.075 seconds
[2026-06-06T20:46:51.542-0400] {processor.py:161} INFO - Started process (PID=66213) to work on /Users/nitishbhattad/anaconda3/envs/flight-pipeline/lib/python3.11/site-packages/airflow/example_dags/plugins/listener_plugin.py
[2026-06-06T20:46:51.543-0400] {processor.py:830} INFO - Processing file /Users/nitishbhattad/anaconda3/envs/flight-pipeline/lib/python3.11/site-packages/airflow/example_dags/plugins/listener_plugin.py for tasks to queue
[2026-06-06T20:46:51.543-0400] {logging_mixin.py:188} INFO - [2026-06-06T20:46:51.543-0400] {dagbag.py:538} INFO - Filling up the DagBag from /Users/nitishbhattad/anaconda3/envs/flight-pipeline/lib/python3.11/site-packages/airflow/example_dags/plugins/listener_plugin.py
[2026-06-06T20:46:51.545-0400] {processor.py:842} WARNING - No viable dags retrieved from /Users/nitishbhattad/anaconda3/envs/flight-pipeline/lib/python3.11/site-packages/airflow/example_dags/plugins/listener_plugin.py
[2026-06-06T20:46:51.600-0400] {processor.py:183} INFO - Processing /Users/nitishbhattad/anaconda3/envs/flight-pipeline/lib/python3.11/site-packages/airflow/example_dags/plugins/listener_plugin.py took 0.060 seconds
[2026-06-06T20:47:52.903-0400] {processor.py:161} INFO - Started process (PID=66310) to work on /Users/nitishbhattad/anaconda3/envs/flight-pipeline/lib/python3.11/site-packages/airflow/example_dags/plugins/listener_plugin.py
[2026-06-06T20:47:52.904-0400] {processor.py:830} INFO - Processing file /Users/nitishbhattad/anaconda3/envs/flight-pipeline/lib/python3.11/site-packages/airflow/example_dags/plugins/listener_plugin.py for tasks to queue
[2026-06-06T20:47:52.905-0400] {logging_mixin.py:188} INFO - [2026-06-06T20:47:52.904-0400] {dagbag.py:538} INFO - Filling up the DagBag from /Users/nitishbhattad/anaconda3/envs/flight-pipeline/lib/python3.11/site-packages/airflow/example_dags/plugins/listener_plugin.py
[2026-06-06T20:47:52.906-0400] {processor.py:842} WARNING - No viable dags retrieved from /Users/nitishbhattad/anaconda3/envs/flight-pipeline/lib/python3.11/site-packages/airflow/example_dags/plugins/listener_plugin.py
[2026-06-06T20:47:52.963-0400] {processor.py:183} INFO - Processing /Users/nitishbhattad/anaconda3/envs/flight-pipeline/lib/python3.11/site-packages/airflow/example_dags/plugins/listener_plugin.py took 0.061 seconds
[2026-06-06T20:48:51.713-0400] {processor.py:161} INFO - Started process (PID=66415) to work on /Users/nitishbhattad/anaconda3/envs/flight-pipeline/lib/python3.11/site-packages/airflow/example_dags/plugins/listener_plugin.py
[2026-06-06T20:48:51.714-0400] {processor.py:830} INFO - Processing file /Users/nitishbhattad/anaconda3/envs/flight-pipeline/lib/python3.11/site-packages/airflow/example_dags/plugins/listener_plugin.py for tasks to queue
[2026-06-06T20:48:51.715-0400] {logging_mixin.py:188} INFO - [2026-06-06T20:48:51.715-0400] {dagbag.py:538} INFO - Filling up the DagBag from /Users/nitishbhattad/anaconda3/envs/flight-pipeline/lib/python3.11/site-packages/airflow/example_dags/plugins/listener_plugin.py
[2026-06-06T20:48:51.717-0400] {processor.py:842} WARNING - No viable dags retrieved from /Users/nitishbhattad/anaconda3/envs/flight-pipeline/lib/python3.11/site-packages/airflow/example_dags/plugins/listener_plugin.py
[2026-06-06T20:48:51.772-0400] {processor.py:183} INFO - Processing /Users/nitishbhattad/anaconda3/envs/flight-pipeline/lib/python3.11/site-packages/airflow/example_dags/plugins/listener_plugin.py took 0.059 seconds
[2026-06-06T20:49:50.630-0400] {processor.py:161} INFO - Started process (PID=66520) to work on /Users/nitishbhattad/anaconda3/envs/flight-pipeline/lib/python3.11/site-packages/airflow/example_dags/plugins/listener_plugin.py
[2026-06-06T20:49:50.631-0400] {processor.py:830} INFO - Processing file /Users/nitishbhattad/anaconda3/envs/flight-pipeline/lib/python3.11/site-packages/airflow/example_dags/plugins/listener_plugin.py for tasks to queue
[2026-06-06T20:49:50.632-0400] {logging_mixin.py:188} INFO - [2026-06-06T20:49:50.632-0400] {dagbag.py:538} INFO - Filling up the DagBag from /Users/nitishbhattad/anaconda3/envs/flight-pipeline/lib/python3.11/site-packages/airflow/example_dags/plugins/listener_plugin.py
[2026-06-06T20:49:50.633-0400] {processor.py:842} WARNING - No viable dags retrieved from /Users/nitishbhattad/anaconda3/envs/flight-pipeline/lib/python3.11/site-packages/airflow/example_dags/plugins/listener_plugin.py
[2026-06-06T20:49:50.689-0400] {processor.py:183} INFO - Processing /Users/nitishbhattad/anaconda3/envs/flight-pipeline/lib/python3.11/site-packages/airflow/example_dags/plugins/listener_plugin.py took 0.061 seconds
[2026-06-06T20:50:52.631-0400] {processor.py:161} INFO - Started process (PID=66608) to work on /Users/nitishbhattad/anaconda3/envs/flight-pipeline/lib/python3.11/site-packages/airflow/example_dags/plugins/listener_plugin.py
[2026-06-06T20:50:52.632-0400] {processor.py:830} INFO - Processing file /Users/nitishbhattad/anaconda3/envs/flight-pipeline/lib/python3.11/site-packages/airflow/example_dags/plugins/listener_plugin.py for tasks to queue
[2026-06-06T20:50:52.632-0400] {logging_mixin.py:188} INFO - [2026-06-06T20:50:52.632-0400] {dagbag.py:538} INFO - Filling up the DagBag from /Users/nitishbhattad/anaconda3/envs/flight-pipeline/lib/python3.11/site-packages/airflow/example_dags/plugins/listener_plugin.py
[2026-06-06T20:50:52.634-0400] {processor.py:842} WARNING - No viable dags retrieved from /Users/nitishbhattad/anaconda3/envs/flight-pipeline/lib/python3.11/site-packages/airflow/example_dags/plugins/listener_plugin.py
[2026-06-06T20:50:52.687-0400] {processor.py:183} INFO - Processing /Users/nitishbhattad/anaconda3/envs/flight-pipeline/lib/python3.11/site-packages/airflow/example_dags/plugins/listener_plugin.py took 0.057 seconds
