[2026-06-06T20:18:24.360-0400] {processor.py:161} INFO - Started process (PID=63506) to work on /Users/nitishbhattad/anaconda3/envs/flight-pipeline/lib/python3.11/site-packages/airflow/example_dags/plugins/workday.py
[2026-06-06T20:18:24.360-0400] {processor.py:830} INFO - Processing file /Users/nitishbhattad/anaconda3/envs/flight-pipeline/lib/python3.11/site-packages/airflow/example_dags/plugins/workday.py for tasks to queue
[2026-06-06T20:18:24.361-0400] {logging_mixin.py:188} INFO - [2026-06-06T20:18:24.361-0400] {dagbag.py:538} INFO - Filling up the DagBag from /Users/nitishbhattad/anaconda3/envs/flight-pipeline/lib/python3.11/site-packages/airflow/example_dags/plugins/workday.py
[2026-06-06T20:18:24.544-0400] {processor.py:842} WARNING - No viable dags retrieved from /Users/nitishbhattad/anaconda3/envs/flight-pipeline/lib/python3.11/site-packages/airflow/example_dags/plugins/workday.py
[2026-06-06T20:18:24.571-0400] {processor.py:183} INFO - Processing /Users/nitishbhattad/anaconda3/envs/flight-pipeline/lib/python3.11/site-packages/airflow/example_dags/plugins/workday.py took 0.213 seconds
[2026-06-06T20:19:58.156-0400] {processor.py:161} INFO - Started process (PID=63658) to work on /Users/nitishbhattad/anaconda3/envs/flight-pipeline/lib/python3.11/site-packages/airflow/example_dags/plugins/workday.py
[2026-06-06T20:19:58.156-0400] {processor.py:830} INFO - Processing file /Users/nitishbhattad/anaconda3/envs/flight-pipeline/lib/python3.11/site-packages/airflow/example_dags/plugins/workday.py for tasks to queue
[2026-06-06T20:19:58.157-0400] {logging_mixin.py:188} INFO - [2026-06-06T20:19:58.157-0400] {dagbag.py:538} INFO - Filling up the DagBag from /Users/nitishbhattad/anaconda3/envs/flight-pipeline/lib/python3.11/site-packages/airflow/example_dags/plugins/workday.py
[2026-06-06T20:19:58.326-0400] {processor.py:842} WARNING - No viable dags retrieved from /Users/nitishbhattad/anaconda3/envs/flight-pipeline/lib/python3.11/site-packages/airflow/example_dags/plugins/workday.py
[2026-06-06T20:19:58.353-0400] {processor.py:183} INFO - Processing /Users/nitishbhattad/anaconda3/envs/flight-pipeline/lib/python3.11/site-packages/airflow/example_dags/plugins/workday.py took 0.198 seconds
[2026-06-06T20:21:00.803-0400] {processor.py:161} INFO - Started process (PID=63751) to work on /Users/nitishbhattad/anaconda3/envs/flight-pipeline/lib/python3.11/site-packages/airflow/example_dags/plugins/workday.py
[2026-06-06T20:21:00.803-0400] {processor.py:830} INFO - Processing file /Users/nitishbhattad/anaconda3/envs/flight-pipeline/lib/python3.11/site-packages/airflow/example_dags/plugins/workday.py for tasks to queue
[2026-06-06T20:21:00.804-0400] {logging_mixin.py:188} INFO - [2026-06-06T20:21:00.804-0400] {dagbag.py:538} INFO - Filling up the DagBag from /Users/nitishbhattad/anaconda3/envs/flight-pipeline/lib/python3.11/site-packages/airflow/example_dags/plugins/workday.py
[2026-06-06T20:21:01.126-0400] {processor.py:842} WARNING - No viable dags retrieved from /Users/nitishbhattad/anaconda3/envs/flight-pipeline/lib/python3.11/site-packages/airflow/example_dags/plugins/workday.py
[2026-06-06T20:21:01.158-0400] {processor.py:183} INFO - Processing /Users/nitishbhattad/anaconda3/envs/flight-pipeline/lib/python3.11/site-packages/airflow/example_dags/plugins/workday.py took 0.356 seconds
[2026-06-06T20:22:56.868-0400] {processor.py:161} INFO - Started process (PID=63937) to work on /Users/nitishbhattad/anaconda3/envs/flight-pipeline/lib/python3.11/site-packages/airflow/example_dags/plugins/workday.py
[2026-06-06T20:22:56.869-0400] {processor.py:830} INFO - Processing file /Users/nitishbhattad/anaconda3/envs/flight-pipeline/lib/python3.11/site-packages/airflow/example_dags/plugins/workday.py for tasks to queue
[2026-06-06T20:22:56.869-0400] {logging_mixin.py:188} INFO - [2026-06-06T20:22:56.869-0400] {dagbag.py:538} INFO - Filling up the DagBag from /Users/nitishbhattad/anaconda3/envs/flight-pipeline/lib/python3.11/site-packages/airflow/example_dags/plugins/workday.py
[2026-06-06T20:22:57.097-0400] {processor.py:842} WARNING - No viable dags retrieved from /Users/nitishbhattad/anaconda3/envs/flight-pipeline/lib/python3.11/site-packages/airflow/example_dags/plugins/workday.py
[2026-06-06T20:22:57.125-0400] {processor.py:183} INFO - Processing /Users/nitishbhattad/anaconda3/envs/flight-pipeline/lib/python3.11/site-packages/airflow/example_dags/plugins/workday.py took 0.258 seconds
[2026-06-06T20:24:25.998-0400] {processor.py:161} INFO - Started process (PID=64097) to work on /Users/nitishbhattad/anaconda3/envs/flight-pipeline/lib/python3.11/site-packages/airflow/example_dags/plugins/workday.py
[2026-06-06T20:24:25.999-0400] {processor.py:830} INFO - Processing file /Users/nitishbhattad/anaconda3/envs/flight-pipeline/lib/python3.11/site-packages/airflow/example_dags/plugins/workday.py for tasks to queue
[2026-06-06T20:24:25.999-0400] {logging_mixin.py:188} INFO - [2026-06-06T20:24:25.999-0400] {dagbag.py:538} INFO - Filling up the DagBag from /Users/nitishbhattad/anaconda3/envs/flight-pipeline/lib/python3.11/site-packages/airflow/example_dags/plugins/workday.py
[2026-06-06T20:24:26.158-0400] {processor.py:842} WARNING - No viable dags retrieved from /Users/nitishbhattad/anaconda3/envs/flight-pipeline/lib/python3.11/site-packages/airflow/example_dags/plugins/workday.py
[2026-06-06T20:24:26.184-0400] {processor.py:183} INFO - Processing /Users/nitishbhattad/anaconda3/envs/flight-pipeline/lib/python3.11/site-packages/airflow/example_dags/plugins/workday.py took 0.186 seconds
[2026-06-06T20:25:29.910-0400] {processor.py:161} INFO - Started process (PID=64200) to work on /Users/nitishbhattad/anaconda3/envs/flight-pipeline/lib/python3.11/site-packages/airflow/example_dags/plugins/workday.py
[2026-06-06T20:25:29.911-0400] {processor.py:830} INFO - Processing file /Users/nitishbhattad/anaconda3/envs/flight-pipeline/lib/python3.11/site-packages/airflow/example_dags/plugins/workday.py for tasks to queue
[2026-06-06T20:25:29.911-0400] {logging_mixin.py:188} INFO - [2026-06-06T20:25:29.911-0400] {dagbag.py:538} INFO - Filling up the DagBag from /Users/nitishbhattad/anaconda3/envs/flight-pipeline/lib/python3.11/site-packages/airflow/example_dags/plugins/workday.py
[2026-06-06T20:25:30.085-0400] {processor.py:842} WARNING - No viable dags retrieved from /Users/nitishbhattad/anaconda3/envs/flight-pipeline/lib/python3.11/site-packages/airflow/example_dags/plugins/workday.py
[2026-06-06T20:25:30.116-0400] {processor.py:183} INFO - Processing /Users/nitishbhattad/anaconda3/envs/flight-pipeline/lib/python3.11/site-packages/airflow/example_dags/plugins/workday.py took 0.207 seconds
[2026-06-06T20:26:40.320-0400] {processor.py:161} INFO - Started process (PID=64320) to work on /Users/nitishbhattad/anaconda3/envs/flight-pipeline/lib/python3.11/site-packages/airflow/example_dags/plugins/workday.py
[2026-06-06T20:26:40.321-0400] {processor.py:830} INFO - Processing file /Users/nitishbhattad/anaconda3/envs/flight-pipeline/lib/python3.11/site-packages/airflow/example_dags/plugins/workday.py for tasks to queue
[2026-06-06T20:26:40.321-0400] {logging_mixin.py:188} INFO - [2026-06-06T20:26:40.321-0400] {dagbag.py:538} INFO - Filling up the DagBag from /Users/nitishbhattad/anaconda3/envs/flight-pipeline/lib/python3.11/site-packages/airflow/example_dags/plugins/workday.py
[2026-06-06T20:26:40.537-0400] {processor.py:842} WARNING - No viable dags retrieved from /Users/nitishbhattad/anaconda3/envs/flight-pipeline/lib/python3.11/site-packages/airflow/example_dags/plugins/workday.py
[2026-06-06T20:26:40.581-0400] {processor.py:183} INFO - Processing /Users/nitishbhattad/anaconda3/envs/flight-pipeline/lib/python3.11/site-packages/airflow/example_dags/plugins/workday.py took 0.262 seconds
[2026-06-06T20:27:46.408-0400] {processor.py:161} INFO - Started process (PID=64432) to work on /Users/nitishbhattad/anaconda3/envs/flight-pipeline/lib/python3.11/site-packages/airflow/example_dags/plugins/workday.py
[2026-06-06T20:27:46.411-0400] {processor.py:830} INFO - Processing file /Users/nitishbhattad/anaconda3/envs/flight-pipeline/lib/python3.11/site-packages/airflow/example_dags/plugins/workday.py for tasks to queue
[2026-06-06T20:27:46.411-0400] {logging_mixin.py:188} INFO - [2026-06-06T20:27:46.411-0400] {dagbag.py:538} INFO - Filling up the DagBag from /Users/nitishbhattad/anaconda3/envs/flight-pipeline/lib/python3.11/site-packages/airflow/example_dags/plugins/workday.py
[2026-06-06T20:27:46.829-0400] {processor.py:842} WARNING - No viable dags retrieved from /Users/nitishbhattad/anaconda3/envs/flight-pipeline/lib/python3.11/site-packages/airflow/example_dags/plugins/workday.py
[2026-06-06T20:27:46.874-0400] {processor.py:183} INFO - Processing /Users/nitishbhattad/anaconda3/envs/flight-pipeline/lib/python3.11/site-packages/airflow/example_dags/plugins/workday.py took 0.467 seconds
[2026-06-06T20:28:47.233-0400] {processor.py:161} INFO - Started process (PID=64528) to work on /Users/nitishbhattad/anaconda3/envs/flight-pipeline/lib/python3.11/site-packages/airflow/example_dags/plugins/workday.py
[2026-06-06T20:28:47.239-0400] {processor.py:830} INFO - Processing file /Users/nitishbhattad/anaconda3/envs/flight-pipeline/lib/python3.11/site-packages/airflow/example_dags/plugins/workday.py for tasks to queue
[2026-06-06T20:28:47.240-0400] {logging_mixin.py:188} INFO - [2026-06-06T20:28:47.239-0400] {dagbag.py:538} INFO - Filling up the DagBag from /Users/nitishbhattad/anaconda3/envs/flight-pipeline/lib/python3.11/site-packages/airflow/example_dags/plugins/workday.py
[2026-06-06T20:28:47.423-0400] {processor.py:842} WARNING - No viable dags retrieved from /Users/nitishbhattad/anaconda3/envs/flight-pipeline/lib/python3.11/site-packages/airflow/example_dags/plugins/workday.py
[2026-06-06T20:28:47.450-0400] {processor.py:183} INFO - Processing /Users/nitishbhattad/anaconda3/envs/flight-pipeline/lib/python3.11/site-packages/airflow/example_dags/plugins/workday.py took 0.218 seconds
[2026-06-06T20:29:43.781-0400] {processor.py:161} INFO - Started process (PID=64602) to work on /Users/nitishbhattad/anaconda3/envs/flight-pipeline/lib/python3.11/site-packages/airflow/example_dags/plugins/workday.py
[2026-06-06T20:29:43.782-0400] {processor.py:830} INFO - Processing file /Users/nitishbhattad/anaconda3/envs/flight-pipeline/lib/python3.11/site-packages/airflow/example_dags/plugins/workday.py for tasks to queue
[2026-06-06T20:29:43.782-0400] {logging_mixin.py:188} INFO - [2026-06-06T20:29:43.782-0400] {dagbag.py:538} INFO - Filling up the DagBag from /Users/nitishbhattad/anaconda3/envs/flight-pipeline/lib/python3.11/site-packages/airflow/example_dags/plugins/workday.py
[2026-06-06T20:29:43.949-0400] {processor.py:842} WARNING - No viable dags retrieved from /Users/nitishbhattad/anaconda3/envs/flight-pipeline/lib/python3.11/site-packages/airflow/example_dags/plugins/workday.py
[2026-06-06T20:29:43.976-0400] {processor.py:183} INFO - Processing /Users/nitishbhattad/anaconda3/envs/flight-pipeline/lib/python3.11/site-packages/airflow/example_dags/plugins/workday.py took 0.195 seconds
[2026-06-06T20:30:55.490-0400] {processor.py:161} INFO - Started process (PID=64720) to work on /Users/nitishbhattad/anaconda3/envs/flight-pipeline/lib/python3.11/site-packages/airflow/example_dags/plugins/workday.py
[2026-06-06T20:30:55.491-0400] {processor.py:830} INFO - Processing file /Users/nitishbhattad/anaconda3/envs/flight-pipeline/lib/python3.11/site-packages/airflow/example_dags/plugins/workday.py for tasks to queue
[2026-06-06T20:30:55.492-0400] {logging_mixin.py:188} INFO - [2026-06-06T20:30:55.491-0400] {dagbag.py:538} INFO - Filling up the DagBag from /Users/nitishbhattad/anaconda3/envs/flight-pipeline/lib/python3.11/site-packages/airflow/example_dags/plugins/workday.py
[2026-06-06T20:30:55.722-0400] {processor.py:842} WARNING - No viable dags retrieved from /Users/nitishbhattad/anaconda3/envs/flight-pipeline/lib/python3.11/site-packages/airflow/example_dags/plugins/workday.py
[2026-06-06T20:30:55.756-0400] {processor.py:183} INFO - Processing /Users/nitishbhattad/anaconda3/envs/flight-pipeline/lib/python3.11/site-packages/airflow/example_dags/plugins/workday.py took 0.267 seconds
[2026-06-06T20:32:13.362-0400] {processor.py:161} INFO - Started process (PID=64828) to work on /Users/nitishbhattad/anaconda3/envs/flight-pipeline/lib/python3.11/site-packages/airflow/example_dags/plugins/workday.py
[2026-06-06T20:32:13.364-0400] {processor.py:830} INFO - Processing file /Users/nitishbhattad/anaconda3/envs/flight-pipeline/lib/python3.11/site-packages/airflow/example_dags/plugins/workday.py for tasks to queue
[2026-06-06T20:32:13.364-0400] {logging_mixin.py:188} INFO - [2026-06-06T20:32:13.364-0400] {dagbag.py:538} INFO - Filling up the DagBag from /Users/nitishbhattad/anaconda3/envs/flight-pipeline/lib/python3.11/site-packages/airflow/example_dags/plugins/workday.py
[2026-06-06T20:32:13.603-0400] {processor.py:842} WARNING - No viable dags retrieved from /Users/nitishbhattad/anaconda3/envs/flight-pipeline/lib/python3.11/site-packages/airflow/example_dags/plugins/workday.py
[2026-06-06T20:32:13.634-0400] {processor.py:183} INFO - Processing /Users/nitishbhattad/anaconda3/envs/flight-pipeline/lib/python3.11/site-packages/airflow/example_dags/plugins/workday.py took 0.272 seconds
[2026-06-06T20:33:17.093-0400] {processor.py:161} INFO - Started process (PID=64925) to work on /Users/nitishbhattad/anaconda3/envs/flight-pipeline/lib/python3.11/site-packages/airflow/example_dags/plugins/workday.py
[2026-06-06T20:33:17.095-0400] {processor.py:830} INFO - Processing file /Users/nitishbhattad/anaconda3/envs/flight-pipeline/lib/python3.11/site-packages/airflow/example_dags/plugins/workday.py for tasks to queue
[2026-06-06T20:33:17.096-0400] {logging_mixin.py:188} INFO - [2026-06-06T20:33:17.096-0400] {dagbag.py:538} INFO - Filling up the DagBag from /Users/nitishbhattad/anaconda3/envs/flight-pipeline/lib/python3.11/site-packages/airflow/example_dags/plugins/workday.py
[2026-06-06T20:33:17.253-0400] {processor.py:842} WARNING - No viable dags retrieved from /Users/nitishbhattad/anaconda3/envs/flight-pipeline/lib/python3.11/site-packages/airflow/example_dags/plugins/workday.py
[2026-06-06T20:33:17.279-0400] {processor.py:183} INFO - Processing /Users/nitishbhattad/anaconda3/envs/flight-pipeline/lib/python3.11/site-packages/airflow/example_dags/plugins/workday.py took 0.187 seconds
[2026-06-06T20:34:18.604-0400] {processor.py:161} INFO - Started process (PID=65018) to work on /Users/nitishbhattad/anaconda3/envs/flight-pipeline/lib/python3.11/site-packages/airflow/example_dags/plugins/workday.py
[2026-06-06T20:34:18.605-0400] {processor.py:830} INFO - Processing file /Users/nitishbhattad/anaconda3/envs/flight-pipeline/lib/python3.11/site-packages/airflow/example_dags/plugins/workday.py for tasks to queue
[2026-06-06T20:34:18.606-0400] {logging_mixin.py:188} INFO - [2026-06-06T20:34:18.605-0400] {dagbag.py:538} INFO - Filling up the DagBag from /Users/nitishbhattad/anaconda3/envs/flight-pipeline/lib/python3.11/site-packages/airflow/example_dags/plugins/workday.py
[2026-06-06T20:34:18.802-0400] {processor.py:842} WARNING - No viable dags retrieved from /Users/nitishbhattad/anaconda3/envs/flight-pipeline/lib/python3.11/site-packages/airflow/example_dags/plugins/workday.py
[2026-06-06T20:34:18.830-0400] {processor.py:183} INFO - Processing /Users/nitishbhattad/anaconda3/envs/flight-pipeline/lib/python3.11/site-packages/airflow/example_dags/plugins/workday.py took 0.226 seconds
[2026-06-06T20:35:16.271-0400] {processor.py:161} INFO - Started process (PID=65102) to work on /Users/nitishbhattad/anaconda3/envs/flight-pipeline/lib/python3.11/site-packages/airflow/example_dags/plugins/workday.py
[2026-06-06T20:35:16.272-0400] {processor.py:830} INFO - Processing file /Users/nitishbhattad/anaconda3/envs/flight-pipeline/lib/python3.11/site-packages/airflow/example_dags/plugins/workday.py for tasks to queue
[2026-06-06T20:35:16.272-0400] {logging_mixin.py:188} INFO - [2026-06-06T20:35:16.272-0400] {dagbag.py:538} INFO - Filling up the DagBag from /Users/nitishbhattad/anaconda3/envs/flight-pipeline/lib/python3.11/site-packages/airflow/example_dags/plugins/workday.py
[2026-06-06T20:35:16.446-0400] {processor.py:842} WARNING - No viable dags retrieved from /Users/nitishbhattad/anaconda3/envs/flight-pipeline/lib/python3.11/site-packages/airflow/example_dags/plugins/workday.py
[2026-06-06T20:35:16.472-0400] {processor.py:183} INFO - Processing /Users/nitishbhattad/anaconda3/envs/flight-pipeline/lib/python3.11/site-packages/airflow/example_dags/plugins/workday.py took 0.201 seconds
[2026-06-06T20:36:17.324-0400] {processor.py:161} INFO - Started process (PID=65198) to work on /Users/nitishbhattad/anaconda3/envs/flight-pipeline/lib/python3.11/site-packages/airflow/example_dags/plugins/workday.py
[2026-06-06T20:36:17.325-0400] {processor.py:830} INFO - Processing file /Users/nitishbhattad/anaconda3/envs/flight-pipeline/lib/python3.11/site-packages/airflow/example_dags/plugins/workday.py for tasks to queue
[2026-06-06T20:36:17.325-0400] {logging_mixin.py:188} INFO - [2026-06-06T20:36:17.325-0400] {dagbag.py:538} INFO - Filling up the DagBag from /Users/nitishbhattad/anaconda3/envs/flight-pipeline/lib/python3.11/site-packages/airflow/example_dags/plugins/workday.py
[2026-06-06T20:36:17.508-0400] {processor.py:842} WARNING - No viable dags retrieved from /Users/nitishbhattad/anaconda3/envs/flight-pipeline/lib/python3.11/site-packages/airflow/example_dags/plugins/workday.py
[2026-06-06T20:36:17.535-0400] {processor.py:183} INFO - Processing /Users/nitishbhattad/anaconda3/envs/flight-pipeline/lib/python3.11/site-packages/airflow/example_dags/plugins/workday.py took 0.212 seconds
[2026-06-06T20:37:24.471-0400] {processor.py:161} INFO - Started process (PID=65297) to work on /Users/nitishbhattad/anaconda3/envs/flight-pipeline/lib/python3.11/site-packages/airflow/example_dags/plugins/workday.py
[2026-06-06T20:37:24.473-0400] {processor.py:830} INFO - Processing file /Users/nitishbhattad/anaconda3/envs/flight-pipeline/lib/python3.11/site-packages/airflow/example_dags/plugins/workday.py for tasks to queue
[2026-06-06T20:37:24.474-0400] {logging_mixin.py:188} INFO - [2026-06-06T20:37:24.473-0400] {dagbag.py:538} INFO - Filling up the DagBag from /Users/nitishbhattad/anaconda3/envs/flight-pipeline/lib/python3.11/site-packages/airflow/example_dags/plugins/workday.py
[2026-06-06T20:37:24.683-0400] {processor.py:842} WARNING - No viable dags retrieved from /Users/nitishbhattad/anaconda3/envs/flight-pipeline/lib/python3.11/site-packages/airflow/example_dags/plugins/workday.py
[2026-06-06T20:37:24.712-0400] {processor.py:183} INFO - Processing /Users/nitishbhattad/anaconda3/envs/flight-pipeline/lib/python3.11/site-packages/airflow/example_dags/plugins/workday.py took 0.242 seconds
[2026-06-06T20:38:29.275-0400] {processor.py:161} INFO - Started process (PID=65391) to work on /Users/nitishbhattad/anaconda3/envs/flight-pipeline/lib/python3.11/site-packages/airflow/example_dags/plugins/workday.py
[2026-06-06T20:38:29.276-0400] {processor.py:830} INFO - Processing file /Users/nitishbhattad/anaconda3/envs/flight-pipeline/lib/python3.11/site-packages/airflow/example_dags/plugins/workday.py for tasks to queue
[2026-06-06T20:38:29.276-0400] {logging_mixin.py:188} INFO - [2026-06-06T20:38:29.276-0400] {dagbag.py:538} INFO - Filling up the DagBag from /Users/nitishbhattad/anaconda3/envs/flight-pipeline/lib/python3.11/site-packages/airflow/example_dags/plugins/workday.py
[2026-06-06T20:38:29.432-0400] {processor.py:842} WARNING - No viable dags retrieved from /Users/nitishbhattad/anaconda3/envs/flight-pipeline/lib/python3.11/site-packages/airflow/example_dags/plugins/workday.py
[2026-06-06T20:38:29.456-0400] {processor.py:183} INFO - Processing /Users/nitishbhattad/anaconda3/envs/flight-pipeline/lib/python3.11/site-packages/airflow/example_dags/plugins/workday.py took 0.182 seconds
[2026-06-06T20:39:29.379-0400] {processor.py:161} INFO - Started process (PID=65479) to work on /Users/nitishbhattad/anaconda3/envs/flight-pipeline/lib/python3.11/site-packages/airflow/example_dags/plugins/workday.py
[2026-06-06T20:39:29.380-0400] {processor.py:830} INFO - Processing file /Users/nitishbhattad/anaconda3/envs/flight-pipeline/lib/python3.11/site-packages/airflow/example_dags/plugins/workday.py for tasks to queue
[2026-06-06T20:39:29.380-0400] {logging_mixin.py:188} INFO - [2026-06-06T20:39:29.380-0400] {dagbag.py:538} INFO - Filling up the DagBag from /Users/nitishbhattad/anaconda3/envs/flight-pipeline/lib/python3.11/site-packages/airflow/example_dags/plugins/workday.py
[2026-06-06T20:39:29.540-0400] {processor.py:842} WARNING - No viable dags retrieved from /Users/nitishbhattad/anaconda3/envs/flight-pipeline/lib/python3.11/site-packages/airflow/example_dags/plugins/workday.py
[2026-06-06T20:39:29.566-0400] {processor.py:183} INFO - Processing /Users/nitishbhattad/anaconda3/envs/flight-pipeline/lib/python3.11/site-packages/airflow/example_dags/plugins/workday.py took 0.187 seconds
[2026-06-06T20:40:34.677-0400] {processor.py:161} INFO - Started process (PID=65646) to work on /Users/nitishbhattad/anaconda3/envs/flight-pipeline/lib/python3.11/site-packages/airflow/example_dags/plugins/workday.py
[2026-06-06T20:40:34.678-0400] {processor.py:830} INFO - Processing file /Users/nitishbhattad/anaconda3/envs/flight-pipeline/lib/python3.11/site-packages/airflow/example_dags/plugins/workday.py for tasks to queue
[2026-06-06T20:40:34.678-0400] {logging_mixin.py:188} INFO - [2026-06-06T20:40:34.678-0400] {dagbag.py:538} INFO - Filling up the DagBag from /Users/nitishbhattad/anaconda3/envs/flight-pipeline/lib/python3.11/site-packages/airflow/example_dags/plugins/workday.py
[2026-06-06T20:40:34.908-0400] {processor.py:842} WARNING - No viable dags retrieved from /Users/nitishbhattad/anaconda3/envs/flight-pipeline/lib/python3.11/site-packages/airflow/example_dags/plugins/workday.py
[2026-06-06T20:40:34.934-0400] {processor.py:183} INFO - Processing /Users/nitishbhattad/anaconda3/envs/flight-pipeline/lib/python3.11/site-packages/airflow/example_dags/plugins/workday.py took 0.258 seconds
[2026-06-06T20:41:41.705-0400] {processor.py:161} INFO - Started process (PID=65744) to work on /Users/nitishbhattad/anaconda3/envs/flight-pipeline/lib/python3.11/site-packages/airflow/example_dags/plugins/workday.py
[2026-06-06T20:41:41.706-0400] {processor.py:830} INFO - Processing file /Users/nitishbhattad/anaconda3/envs/flight-pipeline/lib/python3.11/site-packages/airflow/example_dags/plugins/workday.py for tasks to queue
[2026-06-06T20:41:41.707-0400] {logging_mixin.py:188} INFO - [2026-06-06T20:41:41.706-0400] {dagbag.py:538} INFO - Filling up the DagBag from /Users/nitishbhattad/anaconda3/envs/flight-pipeline/lib/python3.11/site-packages/airflow/example_dags/plugins/workday.py
[2026-06-06T20:41:42.003-0400] {processor.py:842} WARNING - No viable dags retrieved from /Users/nitishbhattad/anaconda3/envs/flight-pipeline/lib/python3.11/site-packages/airflow/example_dags/plugins/workday.py
[2026-06-06T20:41:42.047-0400] {processor.py:183} INFO - Processing /Users/nitishbhattad/anaconda3/envs/flight-pipeline/lib/python3.11/site-packages/airflow/example_dags/plugins/workday.py took 0.343 seconds
[2026-06-06T20:42:39.381-0400] {processor.py:161} INFO - Started process (PID=65832) to work on /Users/nitishbhattad/anaconda3/envs/flight-pipeline/lib/python3.11/site-packages/airflow/example_dags/plugins/workday.py
[2026-06-06T20:42:39.382-0400] {processor.py:830} INFO - Processing file /Users/nitishbhattad/anaconda3/envs/flight-pipeline/lib/python3.11/site-packages/airflow/example_dags/plugins/workday.py for tasks to queue
[2026-06-06T20:42:39.382-0400] {logging_mixin.py:188} INFO - [2026-06-06T20:42:39.382-0400] {dagbag.py:538} INFO - Filling up the DagBag from /Users/nitishbhattad/anaconda3/envs/flight-pipeline/lib/python3.11/site-packages/airflow/example_dags/plugins/workday.py
[2026-06-06T20:42:39.571-0400] {processor.py:842} WARNING - No viable dags retrieved from /Users/nitishbhattad/anaconda3/envs/flight-pipeline/lib/python3.11/site-packages/airflow/example_dags/plugins/workday.py
[2026-06-06T20:42:39.597-0400] {processor.py:183} INFO - Processing /Users/nitishbhattad/anaconda3/envs/flight-pipeline/lib/python3.11/site-packages/airflow/example_dags/plugins/workday.py took 0.217 seconds
[2026-06-06T20:43:39.812-0400] {processor.py:161} INFO - Started process (PID=65920) to work on /Users/nitishbhattad/anaconda3/envs/flight-pipeline/lib/python3.11/site-packages/airflow/example_dags/plugins/workday.py
[2026-06-06T20:43:39.814-0400] {processor.py:830} INFO - Processing file /Users/nitishbhattad/anaconda3/envs/flight-pipeline/lib/python3.11/site-packages/airflow/example_dags/plugins/workday.py for tasks to queue
[2026-06-06T20:43:39.814-0400] {logging_mixin.py:188} INFO - [2026-06-06T20:43:39.814-0400] {dagbag.py:538} INFO - Filling up the DagBag from /Users/nitishbhattad/anaconda3/envs/flight-pipeline/lib/python3.11/site-packages/airflow/example_dags/plugins/workday.py
[2026-06-06T20:43:40.006-0400] {processor.py:842} WARNING - No viable dags retrieved from /Users/nitishbhattad/anaconda3/envs/flight-pipeline/lib/python3.11/site-packages/airflow/example_dags/plugins/workday.py
[2026-06-06T20:43:40.039-0400] {processor.py:183} INFO - Processing /Users/nitishbhattad/anaconda3/envs/flight-pipeline/lib/python3.11/site-packages/airflow/example_dags/plugins/workday.py took 0.227 seconds
[2026-06-06T20:44:44.646-0400] {processor.py:161} INFO - Started process (PID=66015) to work on /Users/nitishbhattad/anaconda3/envs/flight-pipeline/lib/python3.11/site-packages/airflow/example_dags/plugins/workday.py
[2026-06-06T20:44:44.647-0400] {processor.py:830} INFO - Processing file /Users/nitishbhattad/anaconda3/envs/flight-pipeline/lib/python3.11/site-packages/airflow/example_dags/plugins/workday.py for tasks to queue
[2026-06-06T20:44:44.647-0400] {logging_mixin.py:188} INFO - [2026-06-06T20:44:44.647-0400] {dagbag.py:538} INFO - Filling up the DagBag from /Users/nitishbhattad/anaconda3/envs/flight-pipeline/lib/python3.11/site-packages/airflow/example_dags/plugins/workday.py
[2026-06-06T20:44:44.869-0400] {processor.py:842} WARNING - No viable dags retrieved from /Users/nitishbhattad/anaconda3/envs/flight-pipeline/lib/python3.11/site-packages/airflow/example_dags/plugins/workday.py
[2026-06-06T20:44:44.896-0400] {processor.py:183} INFO - Processing /Users/nitishbhattad/anaconda3/envs/flight-pipeline/lib/python3.11/site-packages/airflow/example_dags/plugins/workday.py took 0.251 seconds
[2026-06-06T20:45:46.381-0400] {processor.py:161} INFO - Started process (PID=66106) to work on /Users/nitishbhattad/anaconda3/envs/flight-pipeline/lib/python3.11/site-packages/airflow/example_dags/plugins/workday.py
[2026-06-06T20:45:46.383-0400] {processor.py:830} INFO - Processing file /Users/nitishbhattad/anaconda3/envs/flight-pipeline/lib/python3.11/site-packages/airflow/example_dags/plugins/workday.py for tasks to queue
[2026-06-06T20:45:46.383-0400] {logging_mixin.py:188} INFO - [2026-06-06T20:45:46.383-0400] {dagbag.py:538} INFO - Filling up the DagBag from /Users/nitishbhattad/anaconda3/envs/flight-pipeline/lib/python3.11/site-packages/airflow/example_dags/plugins/workday.py
[2026-06-06T20:45:46.683-0400] {processor.py:842} WARNING - No viable dags retrieved from /Users/nitishbhattad/anaconda3/envs/flight-pipeline/lib/python3.11/site-packages/airflow/example_dags/plugins/workday.py
[2026-06-06T20:45:46.737-0400] {processor.py:183} INFO - Processing /Users/nitishbhattad/anaconda3/envs/flight-pipeline/lib/python3.11/site-packages/airflow/example_dags/plugins/workday.py took 0.358 seconds
[2026-06-06T20:46:49.964-0400] {processor.py:161} INFO - Started process (PID=66212) to work on /Users/nitishbhattad/anaconda3/envs/flight-pipeline/lib/python3.11/site-packages/airflow/example_dags/plugins/workday.py
[2026-06-06T20:46:49.966-0400] {processor.py:830} INFO - Processing file /Users/nitishbhattad/anaconda3/envs/flight-pipeline/lib/python3.11/site-packages/airflow/example_dags/plugins/workday.py for tasks to queue
[2026-06-06T20:46:49.966-0400] {logging_mixin.py:188} INFO - [2026-06-06T20:46:49.966-0400] {dagbag.py:538} INFO - Filling up the DagBag from /Users/nitishbhattad/anaconda3/envs/flight-pipeline/lib/python3.11/site-packages/airflow/example_dags/plugins/workday.py
[2026-06-06T20:46:50.247-0400] {processor.py:842} WARNING - No viable dags retrieved from /Users/nitishbhattad/anaconda3/envs/flight-pipeline/lib/python3.11/site-packages/airflow/example_dags/plugins/workday.py
[2026-06-06T20:46:50.280-0400] {processor.py:183} INFO - Processing /Users/nitishbhattad/anaconda3/envs/flight-pipeline/lib/python3.11/site-packages/airflow/example_dags/plugins/workday.py took 0.318 seconds
[2026-06-06T20:47:50.844-0400] {processor.py:161} INFO - Started process (PID=66309) to work on /Users/nitishbhattad/anaconda3/envs/flight-pipeline/lib/python3.11/site-packages/airflow/example_dags/plugins/workday.py
[2026-06-06T20:47:50.846-0400] {processor.py:830} INFO - Processing file /Users/nitishbhattad/anaconda3/envs/flight-pipeline/lib/python3.11/site-packages/airflow/example_dags/plugins/workday.py for tasks to queue
[2026-06-06T20:47:50.846-0400] {logging_mixin.py:188} INFO - [2026-06-06T20:47:50.846-0400] {dagbag.py:538} INFO - Filling up the DagBag from /Users/nitishbhattad/anaconda3/envs/flight-pipeline/lib/python3.11/site-packages/airflow/example_dags/plugins/workday.py
[2026-06-06T20:47:51.011-0400] {processor.py:842} WARNING - No viable dags retrieved from /Users/nitishbhattad/anaconda3/envs/flight-pipeline/lib/python3.11/site-packages/airflow/example_dags/plugins/workday.py
[2026-06-06T20:47:51.039-0400] {processor.py:183} INFO - Processing /Users/nitishbhattad/anaconda3/envs/flight-pipeline/lib/python3.11/site-packages/airflow/example_dags/plugins/workday.py took 0.195 seconds
[2026-06-06T20:48:49.677-0400] {processor.py:161} INFO - Started process (PID=66414) to work on /Users/nitishbhattad/anaconda3/envs/flight-pipeline/lib/python3.11/site-packages/airflow/example_dags/plugins/workday.py
[2026-06-06T20:48:49.679-0400] {processor.py:830} INFO - Processing file /Users/nitishbhattad/anaconda3/envs/flight-pipeline/lib/python3.11/site-packages/airflow/example_dags/plugins/workday.py for tasks to queue
[2026-06-06T20:48:49.679-0400] {logging_mixin.py:188} INFO - [2026-06-06T20:48:49.679-0400] {dagbag.py:538} INFO - Filling up the DagBag from /Users/nitishbhattad/anaconda3/envs/flight-pipeline/lib/python3.11/site-packages/airflow/example_dags/plugins/workday.py
[2026-06-06T20:48:49.844-0400] {processor.py:842} WARNING - No viable dags retrieved from /Users/nitishbhattad/anaconda3/envs/flight-pipeline/lib/python3.11/site-packages/airflow/example_dags/plugins/workday.py
[2026-06-06T20:48:49.870-0400] {processor.py:183} INFO - Processing /Users/nitishbhattad/anaconda3/envs/flight-pipeline/lib/python3.11/site-packages/airflow/example_dags/plugins/workday.py took 0.193 seconds
[2026-06-06T20:49:48.524-0400] {processor.py:161} INFO - Started process (PID=66519) to work on /Users/nitishbhattad/anaconda3/envs/flight-pipeline/lib/python3.11/site-packages/airflow/example_dags/plugins/workday.py
[2026-06-06T20:49:48.526-0400] {processor.py:830} INFO - Processing file /Users/nitishbhattad/anaconda3/envs/flight-pipeline/lib/python3.11/site-packages/airflow/example_dags/plugins/workday.py for tasks to queue
[2026-06-06T20:49:48.526-0400] {logging_mixin.py:188} INFO - [2026-06-06T20:49:48.526-0400] {dagbag.py:538} INFO - Filling up the DagBag from /Users/nitishbhattad/anaconda3/envs/flight-pipeline/lib/python3.11/site-packages/airflow/example_dags/plugins/workday.py
[2026-06-06T20:49:48.723-0400] {processor.py:842} WARNING - No viable dags retrieved from /Users/nitishbhattad/anaconda3/envs/flight-pipeline/lib/python3.11/site-packages/airflow/example_dags/plugins/workday.py
[2026-06-06T20:49:48.749-0400] {processor.py:183} INFO - Processing /Users/nitishbhattad/anaconda3/envs/flight-pipeline/lib/python3.11/site-packages/airflow/example_dags/plugins/workday.py took 0.225 seconds
[2026-06-06T20:50:50.600-0400] {processor.py:161} INFO - Started process (PID=66607) to work on /Users/nitishbhattad/anaconda3/envs/flight-pipeline/lib/python3.11/site-packages/airflow/example_dags/plugins/workday.py
[2026-06-06T20:50:50.601-0400] {processor.py:830} INFO - Processing file /Users/nitishbhattad/anaconda3/envs/flight-pipeline/lib/python3.11/site-packages/airflow/example_dags/plugins/workday.py for tasks to queue
[2026-06-06T20:50:50.602-0400] {logging_mixin.py:188} INFO - [2026-06-06T20:50:50.601-0400] {dagbag.py:538} INFO - Filling up the DagBag from /Users/nitishbhattad/anaconda3/envs/flight-pipeline/lib/python3.11/site-packages/airflow/example_dags/plugins/workday.py
[2026-06-06T20:50:50.757-0400] {processor.py:842} WARNING - No viable dags retrieved from /Users/nitishbhattad/anaconda3/envs/flight-pipeline/lib/python3.11/site-packages/airflow/example_dags/plugins/workday.py
[2026-06-06T20:50:50.783-0400] {processor.py:183} INFO - Processing /Users/nitishbhattad/anaconda3/envs/flight-pipeline/lib/python3.11/site-packages/airflow/example_dags/plugins/workday.py took 0.183 seconds
