[2026-06-06T20:22:13.354-0400] {taskinstance.py:1956} INFO - Dependencies all met for dep_context=non-requeueable deps ti=<TaskInstance: flight_data_pipeline.dbt_seed manual__2026-06-07T00:21:53.591277+00:00 [queued]>
[2026-06-06T20:22:13.356-0400] {taskinstance.py:1956} INFO - Dependencies all met for dep_context=requeueable deps ti=<TaskInstance: flight_data_pipeline.dbt_seed manual__2026-06-07T00:21:53.591277+00:00 [queued]>
[2026-06-06T20:22:13.356-0400] {taskinstance.py:2170} INFO - Starting attempt 1 of 2
[2026-06-06T20:22:13.360-0400] {taskinstance.py:2191} INFO - Executing <Task(BashOperator): dbt_seed> on 2026-06-07 00:21:53.591277+00:00
[2026-06-06T20:22:13.364-0400] {standard_task_runner.py:60} INFO - Started process 63867 to run task
[2026-06-06T20:22:13.367-0400] {standard_task_runner.py:87} INFO - Running: ['airflow', 'tasks', 'run', 'flight_data_pipeline', 'dbt_seed', 'manual__2026-06-07T00:21:53.591277+00:00', '--job-id', '7', '--raw', '--subdir', 'DAGS_FOLDER/flight_pipeline.py', '--cfg-path', '/var/folders/gg/xgb_ryd93xb1k5gd7g84zns00000gn/T/tmp0ti9u52l']
[2026-06-06T20:22:13.368-0400] {standard_task_runner.py:88} INFO - Job 7: Subtask dbt_seed
[2026-06-06T20:22:13.394-0400] {task_command.py:423} INFO - Running <TaskInstance: flight_data_pipeline.dbt_seed manual__2026-06-07T00:21:53.591277+00:00 [running]> on host nitishs-macbook-air-5.local
[2026-06-06T20:22:13.414-0400] {taskinstance.py:2480} INFO - Exporting env vars: AIRFLOW_CTX_DAG_OWNER='nitish' AIRFLOW_CTX_DAG_ID='flight_data_pipeline' AIRFLOW_CTX_TASK_ID='dbt_seed' AIRFLOW_CTX_EXECUTION_DATE='2026-06-07T00:21:53.591277+00:00' AIRFLOW_CTX_TRY_NUMBER='1' AIRFLOW_CTX_DAG_RUN_ID='manual__2026-06-07T00:21:53.591277+00:00'
[2026-06-06T20:22:13.415-0400] {subprocess.py:63} INFO - Tmp dir root location: /var/folders/gg/xgb_ryd93xb1k5gd7g84zns00000gn/T
[2026-06-06T20:22:13.415-0400] {subprocess.py:75} INFO - Running command: ['/bin/bash', '-c', 'cd /Users/nitishbhattad/Desktop/flight-pipeline/dbt_project && dbt seed']
[2026-06-06T20:22:13.419-0400] {subprocess.py:86} INFO - Output:
[2026-06-06T20:22:14.246-0400] {subprocess.py:93} INFO - [0m00:22:14  Running with dbt=1.8.0
[2026-06-06T20:22:14.340-0400] {subprocess.py:93} INFO - [0m00:22:14  Registered adapter: postgres=1.8.0
[2026-06-06T20:22:14.533-0400] {subprocess.py:93} INFO - [0m00:22:14  Found 5 models, 4 data tests, 1 seed, 1 source, 428 macros
[2026-06-06T20:22:14.535-0400] {subprocess.py:93} INFO - [0m00:22:14
[2026-06-06T20:22:14.692-0400] {subprocess.py:93} INFO - [0m00:22:14  Concurrency: 4 threads (target='dev')
[2026-06-06T20:22:14.693-0400] {subprocess.py:93} INFO - [0m00:22:14
[2026-06-06T20:22:14.694-0400] {subprocess.py:93} INFO - [0m00:22:14  1 of 1 START seed file analytics.airline_names ................................. [RUN]
[2026-06-06T20:22:14.754-0400] {subprocess.py:93} INFO - [0m00:22:14  1 of 1 OK loaded seed file analytics.airline_names ............................. [[32mINSERT 15[0m in 0.06s]
[2026-06-06T20:22:14.766-0400] {subprocess.py:93} INFO - [0m00:22:14
[2026-06-06T20:22:14.767-0400] {subprocess.py:93} INFO - [0m00:22:14  Finished running 1 seed in 0 hours 0 minutes and 0.23 seconds (0.23s).
[2026-06-06T20:22:14.784-0400] {subprocess.py:93} INFO - [0m00:22:14
[2026-06-06T20:22:14.785-0400] {subprocess.py:93} INFO - [0m00:22:14  [32mCompleted successfully[0m
[2026-06-06T20:22:14.785-0400] {subprocess.py:93} INFO - [0m00:22:14
[2026-06-06T20:22:14.785-0400] {subprocess.py:93} INFO - [0m00:22:14  Done. PASS=1 WARN=0 ERROR=0 SKIP=0 TOTAL=1
[2026-06-06T20:22:15.100-0400] {subprocess.py:97} INFO - Command exited with return code 0
[2026-06-06T20:22:15.109-0400] {taskinstance.py:1138} INFO - Marking task as SUCCESS. dag_id=flight_data_pipeline, task_id=dbt_seed, execution_date=20260607T002153, start_date=20260607T002213, end_date=20260607T002215
[2026-06-06T20:22:15.149-0400] {local_task_job_runner.py:234} INFO - Task exited with return code 0
[2026-06-06T20:22:15.161-0400] {taskinstance.py:3280} INFO - 1 downstream tasks scheduled from follow-on schedule check
