[2026-06-06T20:23:14.474-0400] {taskinstance.py:1956} INFO - Dependencies all met for dep_context=non-requeueable deps ti=<TaskInstance: flight_data_pipeline.dbt_generate_docs manual__2026-06-07T00:21:53.591277+00:00 [queued]>
[2026-06-06T20:23:14.476-0400] {taskinstance.py:1956} INFO - Dependencies all met for dep_context=requeueable deps ti=<TaskInstance: flight_data_pipeline.dbt_generate_docs manual__2026-06-07T00:21:53.591277+00:00 [queued]>
[2026-06-06T20:23:14.476-0400] {taskinstance.py:2170} INFO - Starting attempt 1 of 2
[2026-06-06T20:23:14.480-0400] {taskinstance.py:2191} INFO - Executing <Task(BashOperator): dbt_generate_docs> on 2026-06-07 00:21:53.591277+00:00
[2026-06-06T20:23:14.485-0400] {standard_task_runner.py:60} INFO - Started process 63977 to run task
[2026-06-06T20:23:14.489-0400] {standard_task_runner.py:87} INFO - Running: ['airflow', 'tasks', 'run', 'flight_data_pipeline', 'dbt_generate_docs', 'manual__2026-06-07T00:21:53.591277+00:00', '--job-id', '13', '--raw', '--subdir', 'DAGS_FOLDER/flight_pipeline.py', '--cfg-path', '/var/folders/gg/xgb_ryd93xb1k5gd7g84zns00000gn/T/tmppx80tjp5']
[2026-06-06T20:23:14.490-0400] {standard_task_runner.py:88} INFO - Job 13: Subtask dbt_generate_docs
[2026-06-06T20:23:14.509-0400] {task_command.py:423} INFO - Running <TaskInstance: flight_data_pipeline.dbt_generate_docs manual__2026-06-07T00:21:53.591277+00:00 [running]> on host nitishs-macbook-air-5.local
[2026-06-06T20:23:14.533-0400] {taskinstance.py:2480} INFO - Exporting env vars: AIRFLOW_CTX_DAG_OWNER='nitish' AIRFLOW_CTX_DAG_ID='flight_data_pipeline' AIRFLOW_CTX_TASK_ID='dbt_generate_docs' AIRFLOW_CTX_EXECUTION_DATE='2026-06-07T00:21:53.591277+00:00' AIRFLOW_CTX_TRY_NUMBER='1' AIRFLOW_CTX_DAG_RUN_ID='manual__2026-06-07T00:21:53.591277+00:00'
[2026-06-06T20:23:14.533-0400] {subprocess.py:63} INFO - Tmp dir root location: /var/folders/gg/xgb_ryd93xb1k5gd7g84zns00000gn/T
[2026-06-06T20:23:14.534-0400] {subprocess.py:75} INFO - Running command: ['/bin/bash', '-c', 'cd /Users/nitishbhattad/Desktop/flight-pipeline/dbt_project && dbt docs generate']
[2026-06-06T20:23:14.538-0400] {subprocess.py:86} INFO - Output:
[2026-06-06T20:23:15.419-0400] {subprocess.py:93} INFO - [0m00:23:15  Running with dbt=1.8.0
[2026-06-06T20:23:15.531-0400] {subprocess.py:93} INFO - [0m00:23:15  Registered adapter: postgres=1.8.0
[2026-06-06T20:23:15.705-0400] {subprocess.py:93} INFO - [0m00:23:15  Found 5 models, 4 data tests, 1 seed, 1 source, 428 macros
[2026-06-06T20:23:15.706-0400] {subprocess.py:93} INFO - [0m00:23:15
[2026-06-06T20:23:15.852-0400] {subprocess.py:93} INFO - [0m00:23:15  Concurrency: 4 threads (target='dev')
[2026-06-06T20:23:15.852-0400] {subprocess.py:93} INFO - [0m00:23:15
[2026-06-06T20:23:15.935-0400] {subprocess.py:93} INFO - [0m00:23:15  Building catalog
[2026-06-06T20:23:15.975-0400] {subprocess.py:93} INFO - [0m00:23:15  Catalog written to /Users/nitishbhattad/Desktop/flight-pipeline/dbt_project/target/catalog.json
[2026-06-06T20:23:16.270-0400] {subprocess.py:97} INFO - Command exited with return code 0
[2026-06-06T20:23:16.278-0400] {taskinstance.py:1138} INFO - Marking task as SUCCESS. dag_id=flight_data_pipeline, task_id=dbt_generate_docs, execution_date=20260607T002153, start_date=20260607T002314, end_date=20260607T002316
[2026-06-06T20:23:16.288-0400] {local_task_job_runner.py:234} INFO - Task exited with return code 0
[2026-06-06T20:23:16.296-0400] {taskinstance.py:3280} INFO - 0 downstream tasks scheduled from follow-on schedule check
